[2024-05-08T13:12:30.117+0000] {processor.py:161} INFO - Started process (PID=1904) to work on /home/denys/airflow_venv/lib/python3.12/site-packages/airflow/example_dags/subdags/subdag.py
[2024-05-08T13:12:30.118+0000] {processor.py:830} INFO - Processing file /home/denys/airflow_venv/lib/python3.12/site-packages/airflow/example_dags/subdags/subdag.py for tasks to queue
[2024-05-08T13:12:30.119+0000] {logging_mixin.py:188} INFO - [2024-05-08T13:12:30.118+0000] {dagbag.py:545} INFO - Filling up the DagBag from /home/denys/airflow_venv/lib/python3.12/site-packages/airflow/example_dags/subdags/subdag.py
[2024-05-08T13:12:30.120+0000] {processor.py:842} WARNING - No viable dags retrieved from /home/denys/airflow_venv/lib/python3.12/site-packages/airflow/example_dags/subdags/subdag.py
[2024-05-08T13:12:30.126+0000] {processor.py:183} INFO - Processing /home/denys/airflow_venv/lib/python3.12/site-packages/airflow/example_dags/subdags/subdag.py took 0.012 seconds
[2024-05-08T13:13:34.649+0000] {processor.py:161} INFO - Started process (PID=1975) to work on /home/denys/airflow_venv/lib/python3.12/site-packages/airflow/example_dags/subdags/subdag.py
[2024-05-08T13:13:34.650+0000] {processor.py:830} INFO - Processing file /home/denys/airflow_venv/lib/python3.12/site-packages/airflow/example_dags/subdags/subdag.py for tasks to queue
[2024-05-08T13:13:34.651+0000] {logging_mixin.py:188} INFO - [2024-05-08T13:13:34.651+0000] {dagbag.py:545} INFO - Filling up the DagBag from /home/denys/airflow_venv/lib/python3.12/site-packages/airflow/example_dags/subdags/subdag.py
[2024-05-08T13:13:34.652+0000] {processor.py:842} WARNING - No viable dags retrieved from /home/denys/airflow_venv/lib/python3.12/site-packages/airflow/example_dags/subdags/subdag.py
[2024-05-08T13:13:34.659+0000] {processor.py:183} INFO - Processing /home/denys/airflow_venv/lib/python3.12/site-packages/airflow/example_dags/subdags/subdag.py took 0.014 seconds
[2024-05-08T13:14:39.182+0000] {processor.py:161} INFO - Started process (PID=2041) to work on /home/denys/airflow_venv/lib/python3.12/site-packages/airflow/example_dags/subdags/subdag.py
[2024-05-08T13:14:39.183+0000] {processor.py:830} INFO - Processing file /home/denys/airflow_venv/lib/python3.12/site-packages/airflow/example_dags/subdags/subdag.py for tasks to queue
[2024-05-08T13:14:39.184+0000] {logging_mixin.py:188} INFO - [2024-05-08T13:14:39.183+0000] {dagbag.py:545} INFO - Filling up the DagBag from /home/denys/airflow_venv/lib/python3.12/site-packages/airflow/example_dags/subdags/subdag.py
[2024-05-08T13:14:39.185+0000] {processor.py:842} WARNING - No viable dags retrieved from /home/denys/airflow_venv/lib/python3.12/site-packages/airflow/example_dags/subdags/subdag.py
[2024-05-08T13:14:39.191+0000] {processor.py:183} INFO - Processing /home/denys/airflow_venv/lib/python3.12/site-packages/airflow/example_dags/subdags/subdag.py took 0.012 seconds
[2024-05-08T13:15:42.693+0000] {processor.py:161} INFO - Started process (PID=2109) to work on /home/denys/airflow_venv/lib/python3.12/site-packages/airflow/example_dags/subdags/subdag.py
[2024-05-08T13:15:42.695+0000] {processor.py:830} INFO - Processing file /home/denys/airflow_venv/lib/python3.12/site-packages/airflow/example_dags/subdags/subdag.py for tasks to queue
[2024-05-08T13:15:42.696+0000] {logging_mixin.py:188} INFO - [2024-05-08T13:15:42.695+0000] {dagbag.py:545} INFO - Filling up the DagBag from /home/denys/airflow_venv/lib/python3.12/site-packages/airflow/example_dags/subdags/subdag.py
[2024-05-08T13:15:42.697+0000] {processor.py:842} WARNING - No viable dags retrieved from /home/denys/airflow_venv/lib/python3.12/site-packages/airflow/example_dags/subdags/subdag.py
[2024-05-08T13:15:42.703+0000] {processor.py:183} INFO - Processing /home/denys/airflow_venv/lib/python3.12/site-packages/airflow/example_dags/subdags/subdag.py took 0.013 seconds
[2024-05-08T13:16:44.752+0000] {processor.py:161} INFO - Started process (PID=2173) to work on /home/denys/airflow_venv/lib/python3.12/site-packages/airflow/example_dags/subdags/subdag.py
[2024-05-08T13:16:44.753+0000] {processor.py:830} INFO - Processing file /home/denys/airflow_venv/lib/python3.12/site-packages/airflow/example_dags/subdags/subdag.py for tasks to queue
[2024-05-08T13:16:44.754+0000] {logging_mixin.py:188} INFO - [2024-05-08T13:16:44.754+0000] {dagbag.py:545} INFO - Filling up the DagBag from /home/denys/airflow_venv/lib/python3.12/site-packages/airflow/example_dags/subdags/subdag.py
[2024-05-08T13:16:44.755+0000] {processor.py:842} WARNING - No viable dags retrieved from /home/denys/airflow_venv/lib/python3.12/site-packages/airflow/example_dags/subdags/subdag.py
[2024-05-08T13:16:44.761+0000] {processor.py:183} INFO - Processing /home/denys/airflow_venv/lib/python3.12/site-packages/airflow/example_dags/subdags/subdag.py took 0.012 seconds
[2024-05-08T13:17:49.606+0000] {processor.py:161} INFO - Started process (PID=2244) to work on /home/denys/airflow_venv/lib/python3.12/site-packages/airflow/example_dags/subdags/subdag.py
[2024-05-08T13:17:49.607+0000] {processor.py:830} INFO - Processing file /home/denys/airflow_venv/lib/python3.12/site-packages/airflow/example_dags/subdags/subdag.py for tasks to queue
[2024-05-08T13:17:49.608+0000] {logging_mixin.py:188} INFO - [2024-05-08T13:17:49.608+0000] {dagbag.py:545} INFO - Filling up the DagBag from /home/denys/airflow_venv/lib/python3.12/site-packages/airflow/example_dags/subdags/subdag.py
[2024-05-08T13:17:49.609+0000] {processor.py:842} WARNING - No viable dags retrieved from /home/denys/airflow_venv/lib/python3.12/site-packages/airflow/example_dags/subdags/subdag.py
[2024-05-08T13:17:49.615+0000] {processor.py:183} INFO - Processing /home/denys/airflow_venv/lib/python3.12/site-packages/airflow/example_dags/subdags/subdag.py took 0.013 seconds
[2024-05-08T13:19:56.581+0000] {processor.py:161} INFO - Started process (PID=2360) to work on /home/denys/airflow_venv/lib/python3.12/site-packages/airflow/example_dags/subdags/subdag.py
[2024-05-08T13:19:56.583+0000] {processor.py:830} INFO - Processing file /home/denys/airflow_venv/lib/python3.12/site-packages/airflow/example_dags/subdags/subdag.py for tasks to queue
[2024-05-08T13:19:56.584+0000] {logging_mixin.py:188} INFO - [2024-05-08T13:19:56.583+0000] {dagbag.py:545} INFO - Filling up the DagBag from /home/denys/airflow_venv/lib/python3.12/site-packages/airflow/example_dags/subdags/subdag.py
[2024-05-08T13:19:56.585+0000] {processor.py:842} WARNING - No viable dags retrieved from /home/denys/airflow_venv/lib/python3.12/site-packages/airflow/example_dags/subdags/subdag.py
[2024-05-08T13:19:56.591+0000] {processor.py:183} INFO - Processing /home/denys/airflow_venv/lib/python3.12/site-packages/airflow/example_dags/subdags/subdag.py took 0.013 seconds
[2024-05-08T13:20:57.682+0000] {processor.py:161} INFO - Started process (PID=2428) to work on /home/denys/airflow_venv/lib/python3.12/site-packages/airflow/example_dags/subdags/subdag.py
[2024-05-08T13:20:57.683+0000] {processor.py:830} INFO - Processing file /home/denys/airflow_venv/lib/python3.12/site-packages/airflow/example_dags/subdags/subdag.py for tasks to queue
[2024-05-08T13:20:57.684+0000] {logging_mixin.py:188} INFO - [2024-05-08T13:20:57.684+0000] {dagbag.py:545} INFO - Filling up the DagBag from /home/denys/airflow_venv/lib/python3.12/site-packages/airflow/example_dags/subdags/subdag.py
[2024-05-08T13:20:57.685+0000] {processor.py:842} WARNING - No viable dags retrieved from /home/denys/airflow_venv/lib/python3.12/site-packages/airflow/example_dags/subdags/subdag.py
[2024-05-08T13:20:57.692+0000] {processor.py:183} INFO - Processing /home/denys/airflow_venv/lib/python3.12/site-packages/airflow/example_dags/subdags/subdag.py took 0.014 seconds
[2024-05-08T13:22:03.961+0000] {processor.py:161} INFO - Started process (PID=2494) to work on /home/denys/airflow_venv/lib/python3.12/site-packages/airflow/example_dags/subdags/subdag.py
[2024-05-08T13:22:03.964+0000] {processor.py:830} INFO - Processing file /home/denys/airflow_venv/lib/python3.12/site-packages/airflow/example_dags/subdags/subdag.py for tasks to queue
[2024-05-08T13:22:03.965+0000] {logging_mixin.py:188} INFO - [2024-05-08T13:22:03.965+0000] {dagbag.py:545} INFO - Filling up the DagBag from /home/denys/airflow_venv/lib/python3.12/site-packages/airflow/example_dags/subdags/subdag.py
[2024-05-08T13:22:03.967+0000] {processor.py:842} WARNING - No viable dags retrieved from /home/denys/airflow_venv/lib/python3.12/site-packages/airflow/example_dags/subdags/subdag.py
[2024-05-08T13:22:04.020+0000] {processor.py:183} INFO - Processing /home/denys/airflow_venv/lib/python3.12/site-packages/airflow/example_dags/subdags/subdag.py took 0.062 seconds
[2024-05-08T13:23:07.518+0000] {processor.py:161} INFO - Started process (PID=2561) to work on /home/denys/airflow_venv/lib/python3.12/site-packages/airflow/example_dags/subdags/subdag.py
[2024-05-08T13:23:07.519+0000] {processor.py:830} INFO - Processing file /home/denys/airflow_venv/lib/python3.12/site-packages/airflow/example_dags/subdags/subdag.py for tasks to queue
[2024-05-08T13:23:07.520+0000] {logging_mixin.py:188} INFO - [2024-05-08T13:23:07.520+0000] {dagbag.py:545} INFO - Filling up the DagBag from /home/denys/airflow_venv/lib/python3.12/site-packages/airflow/example_dags/subdags/subdag.py
[2024-05-08T13:23:07.521+0000] {processor.py:842} WARNING - No viable dags retrieved from /home/denys/airflow_venv/lib/python3.12/site-packages/airflow/example_dags/subdags/subdag.py
[2024-05-08T13:23:07.528+0000] {processor.py:183} INFO - Processing /home/denys/airflow_venv/lib/python3.12/site-packages/airflow/example_dags/subdags/subdag.py took 0.014 seconds
[2024-05-08T13:24:07.642+0000] {processor.py:161} INFO - Started process (PID=2695) to work on /home/denys/airflow_venv/lib/python3.12/site-packages/airflow/example_dags/subdags/subdag.py
[2024-05-08T13:24:07.643+0000] {processor.py:830} INFO - Processing file /home/denys/airflow_venv/lib/python3.12/site-packages/airflow/example_dags/subdags/subdag.py for tasks to queue
[2024-05-08T13:24:07.644+0000] {logging_mixin.py:188} INFO - [2024-05-08T13:24:07.644+0000] {dagbag.py:545} INFO - Filling up the DagBag from /home/denys/airflow_venv/lib/python3.12/site-packages/airflow/example_dags/subdags/subdag.py
[2024-05-08T13:24:07.646+0000] {processor.py:842} WARNING - No viable dags retrieved from /home/denys/airflow_venv/lib/python3.12/site-packages/airflow/example_dags/subdags/subdag.py
[2024-05-08T13:24:07.652+0000] {processor.py:183} INFO - Processing /home/denys/airflow_venv/lib/python3.12/site-packages/airflow/example_dags/subdags/subdag.py took 0.013 seconds
[2024-05-08T13:25:06.363+0000] {processor.py:161} INFO - Started process (PID=2762) to work on /home/denys/airflow_venv/lib/python3.12/site-packages/airflow/example_dags/subdags/subdag.py
[2024-05-08T13:25:06.365+0000] {processor.py:830} INFO - Processing file /home/denys/airflow_venv/lib/python3.12/site-packages/airflow/example_dags/subdags/subdag.py for tasks to queue
[2024-05-08T13:25:06.366+0000] {logging_mixin.py:188} INFO - [2024-05-08T13:25:06.365+0000] {dagbag.py:545} INFO - Filling up the DagBag from /home/denys/airflow_venv/lib/python3.12/site-packages/airflow/example_dags/subdags/subdag.py
[2024-05-08T13:25:06.367+0000] {processor.py:842} WARNING - No viable dags retrieved from /home/denys/airflow_venv/lib/python3.12/site-packages/airflow/example_dags/subdags/subdag.py
[2024-05-08T13:25:06.374+0000] {processor.py:183} INFO - Processing /home/denys/airflow_venv/lib/python3.12/site-packages/airflow/example_dags/subdags/subdag.py took 0.014 seconds
[2024-05-08T13:26:06.781+0000] {processor.py:161} INFO - Started process (PID=2827) to work on /home/denys/airflow_venv/lib/python3.12/site-packages/airflow/example_dags/subdags/subdag.py
[2024-05-08T13:26:06.782+0000] {processor.py:830} INFO - Processing file /home/denys/airflow_venv/lib/python3.12/site-packages/airflow/example_dags/subdags/subdag.py for tasks to queue
[2024-05-08T13:26:06.783+0000] {logging_mixin.py:188} INFO - [2024-05-08T13:26:06.783+0000] {dagbag.py:545} INFO - Filling up the DagBag from /home/denys/airflow_venv/lib/python3.12/site-packages/airflow/example_dags/subdags/subdag.py
[2024-05-08T13:26:06.784+0000] {processor.py:842} WARNING - No viable dags retrieved from /home/denys/airflow_venv/lib/python3.12/site-packages/airflow/example_dags/subdags/subdag.py
[2024-05-08T13:26:06.791+0000] {processor.py:183} INFO - Processing /home/denys/airflow_venv/lib/python3.12/site-packages/airflow/example_dags/subdags/subdag.py took 0.014 seconds
[2024-05-08T13:27:11.983+0000] {processor.py:161} INFO - Started process (PID=2893) to work on /home/denys/airflow_venv/lib/python3.12/site-packages/airflow/example_dags/subdags/subdag.py
[2024-05-08T13:27:11.983+0000] {processor.py:830} INFO - Processing file /home/denys/airflow_venv/lib/python3.12/site-packages/airflow/example_dags/subdags/subdag.py for tasks to queue
[2024-05-08T13:27:11.984+0000] {logging_mixin.py:188} INFO - [2024-05-08T13:27:11.984+0000] {dagbag.py:545} INFO - Filling up the DagBag from /home/denys/airflow_venv/lib/python3.12/site-packages/airflow/example_dags/subdags/subdag.py
[2024-05-08T13:27:11.986+0000] {processor.py:842} WARNING - No viable dags retrieved from /home/denys/airflow_venv/lib/python3.12/site-packages/airflow/example_dags/subdags/subdag.py
[2024-05-08T13:27:11.992+0000] {processor.py:183} INFO - Processing /home/denys/airflow_venv/lib/python3.12/site-packages/airflow/example_dags/subdags/subdag.py took 0.014 seconds
[2024-05-08T13:28:18.144+0000] {processor.py:161} INFO - Started process (PID=2961) to work on /home/denys/airflow_venv/lib/python3.12/site-packages/airflow/example_dags/subdags/subdag.py
[2024-05-08T13:28:18.145+0000] {processor.py:830} INFO - Processing file /home/denys/airflow_venv/lib/python3.12/site-packages/airflow/example_dags/subdags/subdag.py for tasks to queue
[2024-05-08T13:28:18.146+0000] {logging_mixin.py:188} INFO - [2024-05-08T13:28:18.146+0000] {dagbag.py:545} INFO - Filling up the DagBag from /home/denys/airflow_venv/lib/python3.12/site-packages/airflow/example_dags/subdags/subdag.py
[2024-05-08T13:28:18.147+0000] {processor.py:842} WARNING - No viable dags retrieved from /home/denys/airflow_venv/lib/python3.12/site-packages/airflow/example_dags/subdags/subdag.py
[2024-05-08T13:28:18.155+0000] {processor.py:183} INFO - Processing /home/denys/airflow_venv/lib/python3.12/site-packages/airflow/example_dags/subdags/subdag.py took 0.015 seconds
[2024-05-08T13:29:18.684+0000] {processor.py:161} INFO - Started process (PID=3080) to work on /home/denys/airflow_venv/lib/python3.12/site-packages/airflow/example_dags/subdags/subdag.py
[2024-05-08T13:29:18.686+0000] {processor.py:830} INFO - Processing file /home/denys/airflow_venv/lib/python3.12/site-packages/airflow/example_dags/subdags/subdag.py for tasks to queue
[2024-05-08T13:29:18.687+0000] {logging_mixin.py:188} INFO - [2024-05-08T13:29:18.687+0000] {dagbag.py:545} INFO - Filling up the DagBag from /home/denys/airflow_venv/lib/python3.12/site-packages/airflow/example_dags/subdags/subdag.py
[2024-05-08T13:29:18.688+0000] {processor.py:842} WARNING - No viable dags retrieved from /home/denys/airflow_venv/lib/python3.12/site-packages/airflow/example_dags/subdags/subdag.py
[2024-05-08T13:29:18.695+0000] {processor.py:183} INFO - Processing /home/denys/airflow_venv/lib/python3.12/site-packages/airflow/example_dags/subdags/subdag.py took 0.014 seconds
[2024-05-08T13:30:17.075+0000] {processor.py:161} INFO - Started process (PID=3146) to work on /home/denys/airflow_venv/lib/python3.12/site-packages/airflow/example_dags/subdags/subdag.py
[2024-05-08T13:30:17.076+0000] {processor.py:830} INFO - Processing file /home/denys/airflow_venv/lib/python3.12/site-packages/airflow/example_dags/subdags/subdag.py for tasks to queue
[2024-05-08T13:30:17.077+0000] {logging_mixin.py:188} INFO - [2024-05-08T13:30:17.077+0000] {dagbag.py:545} INFO - Filling up the DagBag from /home/denys/airflow_venv/lib/python3.12/site-packages/airflow/example_dags/subdags/subdag.py
[2024-05-08T13:30:17.079+0000] {processor.py:842} WARNING - No viable dags retrieved from /home/denys/airflow_venv/lib/python3.12/site-packages/airflow/example_dags/subdags/subdag.py
[2024-05-08T13:30:17.086+0000] {processor.py:183} INFO - Processing /home/denys/airflow_venv/lib/python3.12/site-packages/airflow/example_dags/subdags/subdag.py took 0.014 seconds
[2024-05-08T13:31:19.237+0000] {processor.py:161} INFO - Started process (PID=3210) to work on /home/denys/airflow_venv/lib/python3.12/site-packages/airflow/example_dags/subdags/subdag.py
[2024-05-08T13:31:19.238+0000] {processor.py:830} INFO - Processing file /home/denys/airflow_venv/lib/python3.12/site-packages/airflow/example_dags/subdags/subdag.py for tasks to queue
[2024-05-08T13:31:19.239+0000] {logging_mixin.py:188} INFO - [2024-05-08T13:31:19.239+0000] {dagbag.py:545} INFO - Filling up the DagBag from /home/denys/airflow_venv/lib/python3.12/site-packages/airflow/example_dags/subdags/subdag.py
[2024-05-08T13:31:19.240+0000] {processor.py:842} WARNING - No viable dags retrieved from /home/denys/airflow_venv/lib/python3.12/site-packages/airflow/example_dags/subdags/subdag.py
[2024-05-08T13:31:19.246+0000] {processor.py:183} INFO - Processing /home/denys/airflow_venv/lib/python3.12/site-packages/airflow/example_dags/subdags/subdag.py took 0.013 seconds
[2024-05-08T13:32:22.561+0000] {processor.py:161} INFO - Started process (PID=3274) to work on /home/denys/airflow_venv/lib/python3.12/site-packages/airflow/example_dags/subdags/subdag.py
[2024-05-08T13:32:22.562+0000] {processor.py:830} INFO - Processing file /home/denys/airflow_venv/lib/python3.12/site-packages/airflow/example_dags/subdags/subdag.py for tasks to queue
[2024-05-08T13:32:22.563+0000] {logging_mixin.py:188} INFO - [2024-05-08T13:32:22.562+0000] {dagbag.py:545} INFO - Filling up the DagBag from /home/denys/airflow_venv/lib/python3.12/site-packages/airflow/example_dags/subdags/subdag.py
[2024-05-08T13:32:22.564+0000] {processor.py:842} WARNING - No viable dags retrieved from /home/denys/airflow_venv/lib/python3.12/site-packages/airflow/example_dags/subdags/subdag.py
[2024-05-08T13:32:22.571+0000] {processor.py:183} INFO - Processing /home/denys/airflow_venv/lib/python3.12/site-packages/airflow/example_dags/subdags/subdag.py took 0.014 seconds
[2024-05-08T13:33:28.290+0000] {processor.py:161} INFO - Started process (PID=3341) to work on /home/denys/airflow_venv/lib/python3.12/site-packages/airflow/example_dags/subdags/subdag.py
[2024-05-08T13:33:28.292+0000] {processor.py:830} INFO - Processing file /home/denys/airflow_venv/lib/python3.12/site-packages/airflow/example_dags/subdags/subdag.py for tasks to queue
[2024-05-08T13:33:28.293+0000] {logging_mixin.py:188} INFO - [2024-05-08T13:33:28.293+0000] {dagbag.py:545} INFO - Filling up the DagBag from /home/denys/airflow_venv/lib/python3.12/site-packages/airflow/example_dags/subdags/subdag.py
[2024-05-08T13:33:28.294+0000] {processor.py:842} WARNING - No viable dags retrieved from /home/denys/airflow_venv/lib/python3.12/site-packages/airflow/example_dags/subdags/subdag.py
[2024-05-08T13:33:28.300+0000] {processor.py:183} INFO - Processing /home/denys/airflow_venv/lib/python3.12/site-packages/airflow/example_dags/subdags/subdag.py took 0.013 seconds
[2024-05-08T13:34:30.479+0000] {processor.py:161} INFO - Started process (PID=3409) to work on /home/denys/airflow_venv/lib/python3.12/site-packages/airflow/example_dags/subdags/subdag.py
[2024-05-08T13:34:30.481+0000] {processor.py:830} INFO - Processing file /home/denys/airflow_venv/lib/python3.12/site-packages/airflow/example_dags/subdags/subdag.py for tasks to queue
[2024-05-08T13:34:30.482+0000] {logging_mixin.py:188} INFO - [2024-05-08T13:34:30.482+0000] {dagbag.py:545} INFO - Filling up the DagBag from /home/denys/airflow_venv/lib/python3.12/site-packages/airflow/example_dags/subdags/subdag.py
[2024-05-08T13:34:30.485+0000] {processor.py:842} WARNING - No viable dags retrieved from /home/denys/airflow_venv/lib/python3.12/site-packages/airflow/example_dags/subdags/subdag.py
[2024-05-08T13:34:30.494+0000] {processor.py:183} INFO - Processing /home/denys/airflow_venv/lib/python3.12/site-packages/airflow/example_dags/subdags/subdag.py took 0.018 seconds
[2024-05-08T13:35:30.804+0000] {processor.py:161} INFO - Started process (PID=3475) to work on /home/denys/airflow_venv/lib/python3.12/site-packages/airflow/example_dags/subdags/subdag.py
[2024-05-08T13:35:30.805+0000] {processor.py:830} INFO - Processing file /home/denys/airflow_venv/lib/python3.12/site-packages/airflow/example_dags/subdags/subdag.py for tasks to queue
[2024-05-08T13:35:30.806+0000] {logging_mixin.py:188} INFO - [2024-05-08T13:35:30.806+0000] {dagbag.py:545} INFO - Filling up the DagBag from /home/denys/airflow_venv/lib/python3.12/site-packages/airflow/example_dags/subdags/subdag.py
[2024-05-08T13:35:30.807+0000] {processor.py:842} WARNING - No viable dags retrieved from /home/denys/airflow_venv/lib/python3.12/site-packages/airflow/example_dags/subdags/subdag.py
[2024-05-08T13:35:30.813+0000] {processor.py:183} INFO - Processing /home/denys/airflow_venv/lib/python3.12/site-packages/airflow/example_dags/subdags/subdag.py took 0.012 seconds
[2024-05-08T13:36:31.463+0000] {processor.py:161} INFO - Started process (PID=3538) to work on /home/denys/airflow_venv/lib/python3.12/site-packages/airflow/example_dags/subdags/subdag.py
[2024-05-08T13:36:31.465+0000] {processor.py:830} INFO - Processing file /home/denys/airflow_venv/lib/python3.12/site-packages/airflow/example_dags/subdags/subdag.py for tasks to queue
[2024-05-08T13:36:31.466+0000] {logging_mixin.py:188} INFO - [2024-05-08T13:36:31.465+0000] {dagbag.py:545} INFO - Filling up the DagBag from /home/denys/airflow_venv/lib/python3.12/site-packages/airflow/example_dags/subdags/subdag.py
[2024-05-08T13:36:31.467+0000] {processor.py:842} WARNING - No viable dags retrieved from /home/denys/airflow_venv/lib/python3.12/site-packages/airflow/example_dags/subdags/subdag.py
[2024-05-08T13:36:31.473+0000] {processor.py:183} INFO - Processing /home/denys/airflow_venv/lib/python3.12/site-packages/airflow/example_dags/subdags/subdag.py took 0.013 seconds
[2024-05-08T13:37:37.754+0000] {processor.py:161} INFO - Started process (PID=3605) to work on /home/denys/airflow_venv/lib/python3.12/site-packages/airflow/example_dags/subdags/subdag.py
[2024-05-08T13:37:37.760+0000] {processor.py:830} INFO - Processing file /home/denys/airflow_venv/lib/python3.12/site-packages/airflow/example_dags/subdags/subdag.py for tasks to queue
[2024-05-08T13:37:37.761+0000] {logging_mixin.py:188} INFO - [2024-05-08T13:37:37.760+0000] {dagbag.py:545} INFO - Filling up the DagBag from /home/denys/airflow_venv/lib/python3.12/site-packages/airflow/example_dags/subdags/subdag.py
[2024-05-08T13:37:37.762+0000] {processor.py:842} WARNING - No viable dags retrieved from /home/denys/airflow_venv/lib/python3.12/site-packages/airflow/example_dags/subdags/subdag.py
[2024-05-08T13:37:37.768+0000] {processor.py:183} INFO - Processing /home/denys/airflow_venv/lib/python3.12/site-packages/airflow/example_dags/subdags/subdag.py took 0.017 seconds
[2024-05-08T13:38:47.146+0000] {processor.py:161} INFO - Started process (PID=3676) to work on /home/denys/airflow_venv/lib/python3.12/site-packages/airflow/example_dags/subdags/subdag.py
[2024-05-08T13:38:47.148+0000] {processor.py:830} INFO - Processing file /home/denys/airflow_venv/lib/python3.12/site-packages/airflow/example_dags/subdags/subdag.py for tasks to queue
[2024-05-08T13:38:47.149+0000] {logging_mixin.py:188} INFO - [2024-05-08T13:38:47.148+0000] {dagbag.py:545} INFO - Filling up the DagBag from /home/denys/airflow_venv/lib/python3.12/site-packages/airflow/example_dags/subdags/subdag.py
[2024-05-08T13:38:47.150+0000] {processor.py:842} WARNING - No viable dags retrieved from /home/denys/airflow_venv/lib/python3.12/site-packages/airflow/example_dags/subdags/subdag.py
[2024-05-08T13:38:47.157+0000] {processor.py:183} INFO - Processing /home/denys/airflow_venv/lib/python3.12/site-packages/airflow/example_dags/subdags/subdag.py took 0.014 seconds
[2024-05-08T13:39:51.324+0000] {processor.py:161} INFO - Started process (PID=3741) to work on /home/denys/airflow_venv/lib/python3.12/site-packages/airflow/example_dags/subdags/subdag.py
[2024-05-08T13:39:51.325+0000] {processor.py:830} INFO - Processing file /home/denys/airflow_venv/lib/python3.12/site-packages/airflow/example_dags/subdags/subdag.py for tasks to queue
[2024-05-08T13:39:51.327+0000] {logging_mixin.py:188} INFO - [2024-05-08T13:39:51.326+0000] {dagbag.py:545} INFO - Filling up the DagBag from /home/denys/airflow_venv/lib/python3.12/site-packages/airflow/example_dags/subdags/subdag.py
[2024-05-08T13:39:51.328+0000] {processor.py:842} WARNING - No viable dags retrieved from /home/denys/airflow_venv/lib/python3.12/site-packages/airflow/example_dags/subdags/subdag.py
[2024-05-08T13:39:51.335+0000] {processor.py:183} INFO - Processing /home/denys/airflow_venv/lib/python3.12/site-packages/airflow/example_dags/subdags/subdag.py took 0.016 seconds
[2024-05-08T13:41:06.032+0000] {processor.py:161} INFO - Started process (PID=3814) to work on /home/denys/airflow_venv/lib/python3.12/site-packages/airflow/example_dags/subdags/subdag.py
[2024-05-08T13:41:06.034+0000] {processor.py:830} INFO - Processing file /home/denys/airflow_venv/lib/python3.12/site-packages/airflow/example_dags/subdags/subdag.py for tasks to queue
[2024-05-08T13:41:06.035+0000] {logging_mixin.py:188} INFO - [2024-05-08T13:41:06.035+0000] {dagbag.py:545} INFO - Filling up the DagBag from /home/denys/airflow_venv/lib/python3.12/site-packages/airflow/example_dags/subdags/subdag.py
[2024-05-08T13:41:06.036+0000] {processor.py:842} WARNING - No viable dags retrieved from /home/denys/airflow_venv/lib/python3.12/site-packages/airflow/example_dags/subdags/subdag.py
[2024-05-08T13:41:06.042+0000] {processor.py:183} INFO - Processing /home/denys/airflow_venv/lib/python3.12/site-packages/airflow/example_dags/subdags/subdag.py took 0.013 seconds
[2024-05-08T13:42:12.149+0000] {processor.py:161} INFO - Started process (PID=3881) to work on /home/denys/airflow_venv/lib/python3.12/site-packages/airflow/example_dags/subdags/subdag.py
[2024-05-08T13:42:12.151+0000] {processor.py:830} INFO - Processing file /home/denys/airflow_venv/lib/python3.12/site-packages/airflow/example_dags/subdags/subdag.py for tasks to queue
[2024-05-08T13:42:12.152+0000] {logging_mixin.py:188} INFO - [2024-05-08T13:42:12.152+0000] {dagbag.py:545} INFO - Filling up the DagBag from /home/denys/airflow_venv/lib/python3.12/site-packages/airflow/example_dags/subdags/subdag.py
[2024-05-08T13:42:12.154+0000] {processor.py:842} WARNING - No viable dags retrieved from /home/denys/airflow_venv/lib/python3.12/site-packages/airflow/example_dags/subdags/subdag.py
[2024-05-08T13:42:12.161+0000] {processor.py:183} INFO - Processing /home/denys/airflow_venv/lib/python3.12/site-packages/airflow/example_dags/subdags/subdag.py took 0.015 seconds
[2024-05-08T13:43:20.140+0000] {processor.py:161} INFO - Started process (PID=3952) to work on /home/denys/airflow_venv/lib/python3.12/site-packages/airflow/example_dags/subdags/subdag.py
[2024-05-08T13:43:20.142+0000] {processor.py:830} INFO - Processing file /home/denys/airflow_venv/lib/python3.12/site-packages/airflow/example_dags/subdags/subdag.py for tasks to queue
[2024-05-08T13:43:20.143+0000] {logging_mixin.py:188} INFO - [2024-05-08T13:43:20.142+0000] {dagbag.py:545} INFO - Filling up the DagBag from /home/denys/airflow_venv/lib/python3.12/site-packages/airflow/example_dags/subdags/subdag.py
[2024-05-08T13:43:20.144+0000] {processor.py:842} WARNING - No viable dags retrieved from /home/denys/airflow_venv/lib/python3.12/site-packages/airflow/example_dags/subdags/subdag.py
[2024-05-08T13:43:20.150+0000] {processor.py:183} INFO - Processing /home/denys/airflow_venv/lib/python3.12/site-packages/airflow/example_dags/subdags/subdag.py took 0.014 seconds
