[2024-05-23T11:03:37.745+0000] {local_task_job_runner.py:120} INFO - ::group::Pre task execution logs
[2024-05-23T11:03:37.877+0000] {taskinstance.py:2076} INFO - Dependencies all met for dep_context=non-requeueable deps ti=<TaskInstance: weather_dag_parallel.group_a.extract_weather_data manual__2024-05-23T11:02:24.641410+00:00 [queued]>
[2024-05-23T11:03:37.914+0000] {taskinstance.py:2076} INFO - Dependencies all met for dep_context=requeueable deps ti=<TaskInstance: weather_dag_parallel.group_a.extract_weather_data manual__2024-05-23T11:02:24.641410+00:00 [queued]>
[2024-05-23T11:03:37.919+0000] {taskinstance.py:2306} INFO - Starting attempt 1 of 3
[2024-05-23T11:03:38.011+0000] {taskinstance.py:2330} INFO - Executing <Task(SimpleHttpOperator): group_a.extract_weather_data> on 2024-05-23 11:02:24.641410+00:00
[2024-05-23T11:03:38.033+0000] {standard_task_runner.py:63} INFO - Started process 84396 to run task
[2024-05-23T11:03:38.041+0000] {standard_task_runner.py:90} INFO - Running: ['airflow', 'tasks', 'run', 'weather_dag_parallel', 'group_a.extract_weather_data', 'manual__2024-05-23T11:02:24.641410+00:00', '--job-id', '190', '--raw', '--subdir', 'DAGS_FOLDER/weatherapi_dag.py', '--cfg-path', '/tmp/tmp3de9ivlo']
[2024-05-23T11:03:38.048+0000] {standard_task_runner.py:91} INFO - Job 190: Subtask group_a.extract_weather_data
[2024-05-23T11:03:38.230+0000] {task_command.py:426} INFO - Running <TaskInstance: weather_dag_parallel.group_a.extract_weather_data manual__2024-05-23T11:02:24.641410+00:00 [running]> on host ubuntu2204
[2024-05-23T11:03:38.927+0000] {taskinstance.py:2648} INFO - Exporting env vars: AIRFLOW_CTX_DAG_EMAIL='test@gmail.com' AIRFLOW_CTX_DAG_OWNER='airflow' AIRFLOW_CTX_DAG_ID='weather_dag_parallel' AIRFLOW_CTX_TASK_ID='group_a.extract_weather_data' AIRFLOW_CTX_EXECUTION_DATE='2024-05-23T11:02:24.641410+00:00' AIRFLOW_CTX_TRY_NUMBER='1' AIRFLOW_CTX_DAG_RUN_ID='manual__2024-05-23T11:02:24.641410+00:00'
[2024-05-23T11:03:38.942+0000] {taskinstance.py:430} INFO - ::endgroup::
[2024-05-23T11:03:39.007+0000] {http.py:169} INFO - Calling HTTP method
[2024-05-23T11:03:39.038+0000] {base.py:84} INFO - Using connection ID 'weathermap_api' for task execution.
[2024-05-23T11:03:39.234+0000] {base.py:84} INFO - Using connection ID 'weathermap_api' for task execution.
[2024-05-23T11:03:39.581+0000] {http.py:208} INFO - {"coord":{"lon":30.5167,"lat":50.4333},"weather":[{"id":801,"main":"Clouds","description":"few clouds","icon":"02d"}],"base":"stations","main":{"temp":298.69,"feels_like":298.4,"temp_min":298.69,"temp_max":298.69,"pressure":1019,"humidity":42,"sea_level":1019,"grnd_level":1003},"visibility":10000,"wind":{"speed":5.2,"deg":93,"gust":6.3},"clouds":{"all":24},"dt":1716461654,"sys":{"country":"UA","sunrise":1716429602,"sunset":1716486581},"timezone":10800,"id":703448,"name":"Kyiv","cod":200}
[2024-05-23T11:03:39.591+0000] {taskinstance.py:441} INFO - ::group::Post task execution logs
[2024-05-23T11:03:39.710+0000] {taskinstance.py:1206} INFO - Marking task as SUCCESS. dag_id=weather_dag_parallel, task_id=group_a.extract_weather_data, run_id=manual__2024-05-23T11:02:24.641410+00:00, execution_date=20240523T110224, start_date=20240523T110337, end_date=20240523T110339
[2024-05-23T11:03:39.838+0000] {local_task_job_runner.py:240} INFO - Task exited with return code 0
[2024-05-23T11:03:39.896+0000] {logging_mixin.py:188} WARNING - /home/denys/airflow_venv/lib/python3.12/site-packages/airflow/models/baseoperator.py:1296 AirflowProviderDeprecationWarning: Call to deprecated class PostgresOperator. (Please use `airflow.providers.common.sql.operators.sql.SQLExecuteQueryOperator`.Also, you can provide `hook_params={'schema': <database>}`.)
[2024-05-23T11:03:39.901+0000] {logging_mixin.py:188} WARNING - /home/denys/airflow_venv/lib/python3.12/site-packages/airflow/models/baseoperator.py:1296 AirflowProviderDeprecationWarning: Call to deprecated class SimpleHttpOperator. (Class `SimpleHttpOperator` is deprecated and will be removed in a future release. Please use `HttpOperator` instead.)
[2024-05-23T11:03:39.981+0000] {taskinstance.py:3498} INFO - 1 downstream tasks scheduled from follow-on schedule check
[2024-05-23T11:03:40.048+0000] {local_task_job_runner.py:222} INFO - ::endgroup::
