[2024-05-08T13:11:51.952+0000] {processor.py:161} INFO - Started process (PID=1868) to work on /home/denys/airflow_venv/lib/python3.12/site-packages/airflow/example_dags/example_sla_dag.py
[2024-05-08T13:11:51.952+0000] {processor.py:830} INFO - Processing file /home/denys/airflow_venv/lib/python3.12/site-packages/airflow/example_dags/example_sla_dag.py for tasks to queue
[2024-05-08T13:11:51.953+0000] {logging_mixin.py:188} INFO - [2024-05-08T13:11:51.953+0000] {dagbag.py:545} INFO - Filling up the DagBag from /home/denys/airflow_venv/lib/python3.12/site-packages/airflow/example_dags/example_sla_dag.py
[2024-05-08T13:11:51.958+0000] {processor.py:840} INFO - DAG(s) 'example_sla_dag' retrieved from /home/denys/airflow_venv/lib/python3.12/site-packages/airflow/example_dags/example_sla_dag.py
[2024-05-08T13:11:52.031+0000] {logging_mixin.py:188} INFO - [2024-05-08T13:11:52.031+0000] {override.py:1829} INFO - Created Permission View: can delete on DAG:example_sla_dag
[2024-05-08T13:11:52.041+0000] {logging_mixin.py:188} INFO - [2024-05-08T13:11:52.041+0000] {override.py:1829} INFO - Created Permission View: can edit on DAG:example_sla_dag
[2024-05-08T13:11:52.049+0000] {logging_mixin.py:188} INFO - [2024-05-08T13:11:52.049+0000] {override.py:1829} INFO - Created Permission View: can read on DAG:example_sla_dag
[2024-05-08T13:11:52.049+0000] {logging_mixin.py:188} INFO - [2024-05-08T13:11:52.049+0000] {dag.py:3096} INFO - Sync 1 DAGs
[2024-05-08T13:11:52.054+0000] {logging_mixin.py:188} INFO - [2024-05-08T13:11:52.054+0000] {dag.py:3118} INFO - Creating ORM DAG for example_sla_dag
[2024-05-08T13:11:52.060+0000] {logging_mixin.py:188} INFO - [2024-05-08T13:11:52.060+0000] {dag.py:3954} INFO - Setting next_dagrun for example_sla_dag to 2024-05-08 13:08:00+00:00, run_after=2024-05-08 13:10:00+00:00
[2024-05-08T13:11:52.074+0000] {processor.py:183} INFO - Processing /home/denys/airflow_venv/lib/python3.12/site-packages/airflow/example_dags/example_sla_dag.py took 0.125 seconds
[2024-05-08T13:12:45.598+0000] {processor.py:161} INFO - Started process (PID=1922) to work on /home/denys/airflow_venv/lib/python3.12/site-packages/airflow/example_dags/example_sla_dag.py
[2024-05-08T13:12:45.599+0000] {processor.py:830} INFO - Processing file /home/denys/airflow_venv/lib/python3.12/site-packages/airflow/example_dags/example_sla_dag.py for tasks to queue
[2024-05-08T13:12:45.600+0000] {logging_mixin.py:188} INFO - [2024-05-08T13:12:45.600+0000] {dagbag.py:545} INFO - Filling up the DagBag from /home/denys/airflow_venv/lib/python3.12/site-packages/airflow/example_dags/example_sla_dag.py
[2024-05-08T13:12:45.606+0000] {processor.py:840} INFO - DAG(s) 'example_sla_dag' retrieved from /home/denys/airflow_venv/lib/python3.12/site-packages/airflow/example_dags/example_sla_dag.py
[2024-05-08T13:12:45.619+0000] {logging_mixin.py:188} INFO - [2024-05-08T13:12:45.619+0000] {dag.py:3096} INFO - Sync 1 DAGs
[2024-05-08T13:12:45.631+0000] {logging_mixin.py:188} INFO - [2024-05-08T13:12:45.631+0000] {dag.py:3954} INFO - Setting next_dagrun for example_sla_dag to 2024-05-08 13:10:00+00:00, run_after=2024-05-08 13:12:00+00:00
[2024-05-08T13:12:45.652+0000] {processor.py:183} INFO - Processing /home/denys/airflow_venv/lib/python3.12/site-packages/airflow/example_dags/example_sla_dag.py took 0.058 seconds
[2024-05-08T13:13:37.075+0000] {processor.py:161} INFO - Started process (PID=1977) to work on /home/denys/airflow_venv/lib/python3.12/site-packages/airflow/example_dags/example_sla_dag.py
[2024-05-08T13:13:37.076+0000] {processor.py:830} INFO - Processing file /home/denys/airflow_venv/lib/python3.12/site-packages/airflow/example_dags/example_sla_dag.py for tasks to queue
[2024-05-08T13:13:37.077+0000] {logging_mixin.py:188} INFO - [2024-05-08T13:13:37.077+0000] {dagbag.py:545} INFO - Filling up the DagBag from /home/denys/airflow_venv/lib/python3.12/site-packages/airflow/example_dags/example_sla_dag.py
[2024-05-08T13:13:37.082+0000] {processor.py:840} INFO - DAG(s) 'example_sla_dag' retrieved from /home/denys/airflow_venv/lib/python3.12/site-packages/airflow/example_dags/example_sla_dag.py
[2024-05-08T13:13:37.092+0000] {logging_mixin.py:188} INFO - [2024-05-08T13:13:37.092+0000] {dag.py:3096} INFO - Sync 1 DAGs
[2024-05-08T13:13:37.104+0000] {logging_mixin.py:188} INFO - [2024-05-08T13:13:37.104+0000] {dag.py:3954} INFO - Setting next_dagrun for example_sla_dag to 2024-05-08 13:10:00+00:00, run_after=2024-05-08 13:12:00+00:00
[2024-05-08T13:13:37.124+0000] {processor.py:183} INFO - Processing /home/denys/airflow_venv/lib/python3.12/site-packages/airflow/example_dags/example_sla_dag.py took 0.052 seconds
[2024-05-08T13:14:21.536+0000] {processor.py:161} INFO - Started process (PID=2023) to work on /home/denys/airflow_venv/lib/python3.12/site-packages/airflow/example_dags/example_sla_dag.py
[2024-05-08T13:14:21.537+0000] {processor.py:830} INFO - Processing file /home/denys/airflow_venv/lib/python3.12/site-packages/airflow/example_dags/example_sla_dag.py for tasks to queue
[2024-05-08T13:14:21.538+0000] {logging_mixin.py:188} INFO - [2024-05-08T13:14:21.538+0000] {dagbag.py:545} INFO - Filling up the DagBag from /home/denys/airflow_venv/lib/python3.12/site-packages/airflow/example_dags/example_sla_dag.py
[2024-05-08T13:14:21.543+0000] {processor.py:840} INFO - DAG(s) 'example_sla_dag' retrieved from /home/denys/airflow_venv/lib/python3.12/site-packages/airflow/example_dags/example_sla_dag.py
[2024-05-08T13:14:21.552+0000] {logging_mixin.py:188} INFO - [2024-05-08T13:14:21.552+0000] {dag.py:3096} INFO - Sync 1 DAGs
[2024-05-08T13:14:21.564+0000] {logging_mixin.py:188} INFO - [2024-05-08T13:14:21.564+0000] {dag.py:3954} INFO - Setting next_dagrun for example_sla_dag to 2024-05-08 13:12:00+00:00, run_after=2024-05-08 13:14:00+00:00
[2024-05-08T13:14:21.581+0000] {processor.py:183} INFO - Processing /home/denys/airflow_venv/lib/python3.12/site-packages/airflow/example_dags/example_sla_dag.py took 0.049 seconds
[2024-05-08T13:15:04.621+0000] {processor.py:161} INFO - Started process (PID=2070) to work on /home/denys/airflow_venv/lib/python3.12/site-packages/airflow/example_dags/example_sla_dag.py
[2024-05-08T13:15:04.622+0000] {processor.py:830} INFO - Processing file /home/denys/airflow_venv/lib/python3.12/site-packages/airflow/example_dags/example_sla_dag.py for tasks to queue
[2024-05-08T13:15:04.623+0000] {logging_mixin.py:188} INFO - [2024-05-08T13:15:04.622+0000] {dagbag.py:545} INFO - Filling up the DagBag from /home/denys/airflow_venv/lib/python3.12/site-packages/airflow/example_dags/example_sla_dag.py
[2024-05-08T13:15:04.628+0000] {processor.py:840} INFO - DAG(s) 'example_sla_dag' retrieved from /home/denys/airflow_venv/lib/python3.12/site-packages/airflow/example_dags/example_sla_dag.py
[2024-05-08T13:15:04.637+0000] {logging_mixin.py:188} INFO - [2024-05-08T13:15:04.637+0000] {dag.py:3096} INFO - Sync 1 DAGs
[2024-05-08T13:15:04.648+0000] {logging_mixin.py:188} INFO - [2024-05-08T13:15:04.648+0000] {dag.py:3954} INFO - Setting next_dagrun for example_sla_dag to 2024-05-08 13:12:00+00:00, run_after=2024-05-08 13:14:00+00:00
[2024-05-08T13:15:04.665+0000] {processor.py:183} INFO - Processing /home/denys/airflow_venv/lib/python3.12/site-packages/airflow/example_dags/example_sla_dag.py took 0.047 seconds
[2024-05-08T13:15:46.690+0000] {processor.py:161} INFO - Started process (PID=2113) to work on /home/denys/airflow_venv/lib/python3.12/site-packages/airflow/example_dags/example_sla_dag.py
[2024-05-08T13:15:46.692+0000] {processor.py:830} INFO - Processing file /home/denys/airflow_venv/lib/python3.12/site-packages/airflow/example_dags/example_sla_dag.py for tasks to queue
[2024-05-08T13:15:46.693+0000] {logging_mixin.py:188} INFO - [2024-05-08T13:15:46.693+0000] {dagbag.py:545} INFO - Filling up the DagBag from /home/denys/airflow_venv/lib/python3.12/site-packages/airflow/example_dags/example_sla_dag.py
[2024-05-08T13:15:46.698+0000] {processor.py:840} INFO - DAG(s) 'example_sla_dag' retrieved from /home/denys/airflow_venv/lib/python3.12/site-packages/airflow/example_dags/example_sla_dag.py
[2024-05-08T13:15:46.707+0000] {logging_mixin.py:188} INFO - [2024-05-08T13:15:46.707+0000] {dag.py:3096} INFO - Sync 1 DAGs
[2024-05-08T13:15:46.720+0000] {logging_mixin.py:188} INFO - [2024-05-08T13:15:46.720+0000] {dag.py:3954} INFO - Setting next_dagrun for example_sla_dag to 2024-05-08 13:12:00+00:00, run_after=2024-05-08 13:14:00+00:00
[2024-05-08T13:15:46.736+0000] {processor.py:183} INFO - Processing /home/denys/airflow_venv/lib/python3.12/site-packages/airflow/example_dags/example_sla_dag.py took 0.049 seconds
[2024-05-08T13:16:29.339+0000] {processor.py:161} INFO - Started process (PID=2157) to work on /home/denys/airflow_venv/lib/python3.12/site-packages/airflow/example_dags/example_sla_dag.py
[2024-05-08T13:16:29.341+0000] {processor.py:830} INFO - Processing file /home/denys/airflow_venv/lib/python3.12/site-packages/airflow/example_dags/example_sla_dag.py for tasks to queue
[2024-05-08T13:16:29.342+0000] {logging_mixin.py:188} INFO - [2024-05-08T13:16:29.341+0000] {dagbag.py:545} INFO - Filling up the DagBag from /home/denys/airflow_venv/lib/python3.12/site-packages/airflow/example_dags/example_sla_dag.py
[2024-05-08T13:16:29.348+0000] {processor.py:840} INFO - DAG(s) 'example_sla_dag' retrieved from /home/denys/airflow_venv/lib/python3.12/site-packages/airflow/example_dags/example_sla_dag.py
[2024-05-08T13:16:29.358+0000] {logging_mixin.py:188} INFO - [2024-05-08T13:16:29.358+0000] {dag.py:3096} INFO - Sync 1 DAGs
[2024-05-08T13:16:29.371+0000] {logging_mixin.py:188} INFO - [2024-05-08T13:16:29.371+0000] {dag.py:3954} INFO - Setting next_dagrun for example_sla_dag to 2024-05-08 13:14:00+00:00, run_after=2024-05-08 13:16:00+00:00
[2024-05-08T13:16:29.394+0000] {processor.py:183} INFO - Processing /home/denys/airflow_venv/lib/python3.12/site-packages/airflow/example_dags/example_sla_dag.py took 0.059 seconds
[2024-05-08T13:17:11.593+0000] {processor.py:161} INFO - Started process (PID=2203) to work on /home/denys/airflow_venv/lib/python3.12/site-packages/airflow/example_dags/example_sla_dag.py
[2024-05-08T13:17:11.594+0000] {processor.py:830} INFO - Processing file /home/denys/airflow_venv/lib/python3.12/site-packages/airflow/example_dags/example_sla_dag.py for tasks to queue
[2024-05-08T13:17:11.596+0000] {logging_mixin.py:188} INFO - [2024-05-08T13:17:11.595+0000] {dagbag.py:545} INFO - Filling up the DagBag from /home/denys/airflow_venv/lib/python3.12/site-packages/airflow/example_dags/example_sla_dag.py
[2024-05-08T13:17:11.601+0000] {processor.py:840} INFO - DAG(s) 'example_sla_dag' retrieved from /home/denys/airflow_venv/lib/python3.12/site-packages/airflow/example_dags/example_sla_dag.py
[2024-05-08T13:17:11.610+0000] {logging_mixin.py:188} INFO - [2024-05-08T13:17:11.609+0000] {dag.py:3096} INFO - Sync 1 DAGs
[2024-05-08T13:17:11.621+0000] {logging_mixin.py:188} INFO - [2024-05-08T13:17:11.621+0000] {dag.py:3954} INFO - Setting next_dagrun for example_sla_dag to 2024-05-08 13:14:00+00:00, run_after=2024-05-08 13:16:00+00:00
[2024-05-08T13:17:11.643+0000] {processor.py:183} INFO - Processing /home/denys/airflow_venv/lib/python3.12/site-packages/airflow/example_dags/example_sla_dag.py took 0.053 seconds
[2024-05-08T13:17:54.616+0000] {processor.py:161} INFO - Started process (PID=2250) to work on /home/denys/airflow_venv/lib/python3.12/site-packages/airflow/example_dags/example_sla_dag.py
[2024-05-08T13:17:54.618+0000] {processor.py:830} INFO - Processing file /home/denys/airflow_venv/lib/python3.12/site-packages/airflow/example_dags/example_sla_dag.py for tasks to queue
[2024-05-08T13:17:54.619+0000] {logging_mixin.py:188} INFO - [2024-05-08T13:17:54.618+0000] {dagbag.py:545} INFO - Filling up the DagBag from /home/denys/airflow_venv/lib/python3.12/site-packages/airflow/example_dags/example_sla_dag.py
[2024-05-08T13:17:54.624+0000] {processor.py:840} INFO - DAG(s) 'example_sla_dag' retrieved from /home/denys/airflow_venv/lib/python3.12/site-packages/airflow/example_dags/example_sla_dag.py
[2024-05-08T13:17:54.633+0000] {logging_mixin.py:188} INFO - [2024-05-08T13:17:54.633+0000] {dag.py:3096} INFO - Sync 1 DAGs
[2024-05-08T13:17:54.644+0000] {logging_mixin.py:188} INFO - [2024-05-08T13:17:54.644+0000] {dag.py:3954} INFO - Setting next_dagrun for example_sla_dag to 2024-05-08 13:14:00+00:00, run_after=2024-05-08 13:16:00+00:00
[2024-05-08T13:17:54.665+0000] {processor.py:183} INFO - Processing /home/denys/airflow_venv/lib/python3.12/site-packages/airflow/example_dags/example_sla_dag.py took 0.052 seconds
[2024-05-08T13:19:21.234+0000] {processor.py:161} INFO - Started process (PID=2324) to work on /home/denys/airflow_venv/lib/python3.12/site-packages/airflow/example_dags/example_sla_dag.py
[2024-05-08T13:19:21.236+0000] {processor.py:830} INFO - Processing file /home/denys/airflow_venv/lib/python3.12/site-packages/airflow/example_dags/example_sla_dag.py for tasks to queue
[2024-05-08T13:19:21.237+0000] {logging_mixin.py:188} INFO - [2024-05-08T13:19:21.237+0000] {dagbag.py:545} INFO - Filling up the DagBag from /home/denys/airflow_venv/lib/python3.12/site-packages/airflow/example_dags/example_sla_dag.py
[2024-05-08T13:19:21.242+0000] {processor.py:840} INFO - DAG(s) 'example_sla_dag' retrieved from /home/denys/airflow_venv/lib/python3.12/site-packages/airflow/example_dags/example_sla_dag.py
[2024-05-08T13:19:21.246+0000] {logging_mixin.py:188} INFO - [2024-05-08T13:19:21.246+0000] {dag.py:3096} INFO - Sync 1 DAGs
[2024-05-08T13:19:21.258+0000] {logging_mixin.py:188} INFO - [2024-05-08T13:19:21.258+0000] {dag.py:3954} INFO - Setting next_dagrun for example_sla_dag to 2024-05-08 13:16:00+00:00, run_after=2024-05-08 13:18:00+00:00
[2024-05-08T13:19:21.288+0000] {processor.py:183} INFO - Processing /home/denys/airflow_venv/lib/python3.12/site-packages/airflow/example_dags/example_sla_dag.py took 0.058 seconds
[2024-05-08T13:20:12.982+0000] {processor.py:161} INFO - Started process (PID=2381) to work on /home/denys/airflow_venv/lib/python3.12/site-packages/airflow/example_dags/example_sla_dag.py
[2024-05-08T13:20:12.984+0000] {processor.py:830} INFO - Processing file /home/denys/airflow_venv/lib/python3.12/site-packages/airflow/example_dags/example_sla_dag.py for tasks to queue
[2024-05-08T13:20:12.985+0000] {logging_mixin.py:188} INFO - [2024-05-08T13:20:12.985+0000] {dagbag.py:545} INFO - Filling up the DagBag from /home/denys/airflow_venv/lib/python3.12/site-packages/airflow/example_dags/example_sla_dag.py
[2024-05-08T13:20:12.990+0000] {processor.py:840} INFO - DAG(s) 'example_sla_dag' retrieved from /home/denys/airflow_venv/lib/python3.12/site-packages/airflow/example_dags/example_sla_dag.py
[2024-05-08T13:20:13.047+0000] {logging_mixin.py:188} INFO - [2024-05-08T13:20:13.047+0000] {dag.py:3096} INFO - Sync 1 DAGs
[2024-05-08T13:20:13.058+0000] {logging_mixin.py:188} INFO - [2024-05-08T13:20:13.058+0000] {dag.py:3954} INFO - Setting next_dagrun for example_sla_dag to 2024-05-08 13:18:00+00:00, run_after=2024-05-08 13:20:00+00:00
[2024-05-08T13:20:13.083+0000] {processor.py:183} INFO - Processing /home/denys/airflow_venv/lib/python3.12/site-packages/airflow/example_dags/example_sla_dag.py took 0.105 seconds
[2024-05-08T13:21:03.326+0000] {processor.py:161} INFO - Started process (PID=2433) to work on /home/denys/airflow_venv/lib/python3.12/site-packages/airflow/example_dags/example_sla_dag.py
[2024-05-08T13:21:03.328+0000] {processor.py:830} INFO - Processing file /home/denys/airflow_venv/lib/python3.12/site-packages/airflow/example_dags/example_sla_dag.py for tasks to queue
[2024-05-08T13:21:03.329+0000] {logging_mixin.py:188} INFO - [2024-05-08T13:21:03.329+0000] {dagbag.py:545} INFO - Filling up the DagBag from /home/denys/airflow_venv/lib/python3.12/site-packages/airflow/example_dags/example_sla_dag.py
[2024-05-08T13:21:03.335+0000] {processor.py:840} INFO - DAG(s) 'example_sla_dag' retrieved from /home/denys/airflow_venv/lib/python3.12/site-packages/airflow/example_dags/example_sla_dag.py
[2024-05-08T13:21:03.345+0000] {logging_mixin.py:188} INFO - [2024-05-08T13:21:03.345+0000] {dag.py:3096} INFO - Sync 1 DAGs
[2024-05-08T13:21:03.357+0000] {logging_mixin.py:188} INFO - [2024-05-08T13:21:03.357+0000] {dag.py:3954} INFO - Setting next_dagrun for example_sla_dag to 2024-05-08 13:18:00+00:00, run_after=2024-05-08 13:20:00+00:00
[2024-05-08T13:21:03.376+0000] {processor.py:183} INFO - Processing /home/denys/airflow_venv/lib/python3.12/site-packages/airflow/example_dags/example_sla_dag.py took 0.053 seconds
[2024-05-08T13:21:47.138+0000] {processor.py:161} INFO - Started process (PID=2475) to work on /home/denys/airflow_venv/lib/python3.12/site-packages/airflow/example_dags/example_sla_dag.py
[2024-05-08T13:21:47.139+0000] {processor.py:830} INFO - Processing file /home/denys/airflow_venv/lib/python3.12/site-packages/airflow/example_dags/example_sla_dag.py for tasks to queue
[2024-05-08T13:21:47.140+0000] {logging_mixin.py:188} INFO - [2024-05-08T13:21:47.139+0000] {dagbag.py:545} INFO - Filling up the DagBag from /home/denys/airflow_venv/lib/python3.12/site-packages/airflow/example_dags/example_sla_dag.py
[2024-05-08T13:21:47.145+0000] {processor.py:840} INFO - DAG(s) 'example_sla_dag' retrieved from /home/denys/airflow_venv/lib/python3.12/site-packages/airflow/example_dags/example_sla_dag.py
[2024-05-08T13:21:47.155+0000] {logging_mixin.py:188} INFO - [2024-05-08T13:21:47.154+0000] {dag.py:3096} INFO - Sync 1 DAGs
[2024-05-08T13:21:47.167+0000] {logging_mixin.py:188} INFO - [2024-05-08T13:21:47.167+0000] {dag.py:3954} INFO - Setting next_dagrun for example_sla_dag to 2024-05-08 13:18:00+00:00, run_after=2024-05-08 13:20:00+00:00
[2024-05-08T13:21:47.187+0000] {processor.py:183} INFO - Processing /home/denys/airflow_venv/lib/python3.12/site-packages/airflow/example_dags/example_sla_dag.py took 0.053 seconds
[2024-05-08T13:22:30.352+0000] {processor.py:161} INFO - Started process (PID=2521) to work on /home/denys/airflow_venv/lib/python3.12/site-packages/airflow/example_dags/example_sla_dag.py
[2024-05-08T13:22:30.354+0000] {processor.py:830} INFO - Processing file /home/denys/airflow_venv/lib/python3.12/site-packages/airflow/example_dags/example_sla_dag.py for tasks to queue
[2024-05-08T13:22:30.355+0000] {logging_mixin.py:188} INFO - [2024-05-08T13:22:30.355+0000] {dagbag.py:545} INFO - Filling up the DagBag from /home/denys/airflow_venv/lib/python3.12/site-packages/airflow/example_dags/example_sla_dag.py
[2024-05-08T13:22:30.360+0000] {processor.py:840} INFO - DAG(s) 'example_sla_dag' retrieved from /home/denys/airflow_venv/lib/python3.12/site-packages/airflow/example_dags/example_sla_dag.py
[2024-05-08T13:22:30.369+0000] {logging_mixin.py:188} INFO - [2024-05-08T13:22:30.369+0000] {dag.py:3096} INFO - Sync 1 DAGs
[2024-05-08T13:22:30.380+0000] {logging_mixin.py:188} INFO - [2024-05-08T13:22:30.380+0000] {dag.py:3954} INFO - Setting next_dagrun for example_sla_dag to 2024-05-08 13:20:00+00:00, run_after=2024-05-08 13:22:00+00:00
[2024-05-08T13:22:30.402+0000] {processor.py:183} INFO - Processing /home/denys/airflow_venv/lib/python3.12/site-packages/airflow/example_dags/example_sla_dag.py took 0.053 seconds
[2024-05-08T13:23:12.057+0000] {processor.py:161} INFO - Started process (PID=2566) to work on /home/denys/airflow_venv/lib/python3.12/site-packages/airflow/example_dags/example_sla_dag.py
[2024-05-08T13:23:12.059+0000] {processor.py:830} INFO - Processing file /home/denys/airflow_venv/lib/python3.12/site-packages/airflow/example_dags/example_sla_dag.py for tasks to queue
[2024-05-08T13:23:12.059+0000] {logging_mixin.py:188} INFO - [2024-05-08T13:23:12.059+0000] {dagbag.py:545} INFO - Filling up the DagBag from /home/denys/airflow_venv/lib/python3.12/site-packages/airflow/example_dags/example_sla_dag.py
[2024-05-08T13:23:12.064+0000] {processor.py:840} INFO - DAG(s) 'example_sla_dag' retrieved from /home/denys/airflow_venv/lib/python3.12/site-packages/airflow/example_dags/example_sla_dag.py
[2024-05-08T13:23:12.073+0000] {logging_mixin.py:188} INFO - [2024-05-08T13:23:12.072+0000] {dag.py:3096} INFO - Sync 1 DAGs
[2024-05-08T13:23:12.083+0000] {logging_mixin.py:188} INFO - [2024-05-08T13:23:12.083+0000] {dag.py:3954} INFO - Setting next_dagrun for example_sla_dag to 2024-05-08 13:20:00+00:00, run_after=2024-05-08 13:22:00+00:00
[2024-05-08T13:23:12.107+0000] {processor.py:183} INFO - Processing /home/denys/airflow_venv/lib/python3.12/site-packages/airflow/example_dags/example_sla_dag.py took 0.053 seconds
[2024-05-08T13:23:53.734+0000] {processor.py:161} INFO - Started process (PID=2677) to work on /home/denys/airflow_venv/lib/python3.12/site-packages/airflow/example_dags/example_sla_dag.py
[2024-05-08T13:23:53.735+0000] {processor.py:830} INFO - Processing file /home/denys/airflow_venv/lib/python3.12/site-packages/airflow/example_dags/example_sla_dag.py for tasks to queue
[2024-05-08T13:23:53.736+0000] {logging_mixin.py:188} INFO - [2024-05-08T13:23:53.736+0000] {dagbag.py:545} INFO - Filling up the DagBag from /home/denys/airflow_venv/lib/python3.12/site-packages/airflow/example_dags/example_sla_dag.py
[2024-05-08T13:23:53.742+0000] {processor.py:840} INFO - DAG(s) 'example_sla_dag' retrieved from /home/denys/airflow_venv/lib/python3.12/site-packages/airflow/example_dags/example_sla_dag.py
[2024-05-08T13:23:53.750+0000] {logging_mixin.py:188} INFO - [2024-05-08T13:23:53.750+0000] {dag.py:3096} INFO - Sync 1 DAGs
[2024-05-08T13:23:53.760+0000] {logging_mixin.py:188} INFO - [2024-05-08T13:23:53.760+0000] {dag.py:3954} INFO - Setting next_dagrun for example_sla_dag to 2024-05-08 13:20:00+00:00, run_after=2024-05-08 13:22:00+00:00
[2024-05-08T13:23:53.777+0000] {processor.py:183} INFO - Processing /home/denys/airflow_venv/lib/python3.12/site-packages/airflow/example_dags/example_sla_dag.py took 0.046 seconds
[2024-05-08T13:24:33.298+0000] {processor.py:161} INFO - Started process (PID=2723) to work on /home/denys/airflow_venv/lib/python3.12/site-packages/airflow/example_dags/example_sla_dag.py
[2024-05-08T13:24:33.300+0000] {processor.py:830} INFO - Processing file /home/denys/airflow_venv/lib/python3.12/site-packages/airflow/example_dags/example_sla_dag.py for tasks to queue
[2024-05-08T13:24:33.301+0000] {logging_mixin.py:188} INFO - [2024-05-08T13:24:33.301+0000] {dagbag.py:545} INFO - Filling up the DagBag from /home/denys/airflow_venv/lib/python3.12/site-packages/airflow/example_dags/example_sla_dag.py
[2024-05-08T13:24:33.306+0000] {processor.py:840} INFO - DAG(s) 'example_sla_dag' retrieved from /home/denys/airflow_venv/lib/python3.12/site-packages/airflow/example_dags/example_sla_dag.py
[2024-05-08T13:24:33.315+0000] {logging_mixin.py:188} INFO - [2024-05-08T13:24:33.315+0000] {dag.py:3096} INFO - Sync 1 DAGs
[2024-05-08T13:24:33.325+0000] {logging_mixin.py:188} INFO - [2024-05-08T13:24:33.325+0000] {dag.py:3954} INFO - Setting next_dagrun for example_sla_dag to 2024-05-08 13:22:00+00:00, run_after=2024-05-08 13:24:00+00:00
[2024-05-08T13:24:33.342+0000] {processor.py:183} INFO - Processing /home/denys/airflow_venv/lib/python3.12/site-packages/airflow/example_dags/example_sla_dag.py took 0.047 seconds
[2024-05-08T13:25:13.700+0000] {processor.py:161} INFO - Started process (PID=2772) to work on /home/denys/airflow_venv/lib/python3.12/site-packages/airflow/example_dags/example_sla_dag.py
[2024-05-08T13:25:13.702+0000] {processor.py:830} INFO - Processing file /home/denys/airflow_venv/lib/python3.12/site-packages/airflow/example_dags/example_sla_dag.py for tasks to queue
[2024-05-08T13:25:13.703+0000] {logging_mixin.py:188} INFO - [2024-05-08T13:25:13.702+0000] {dagbag.py:545} INFO - Filling up the DagBag from /home/denys/airflow_venv/lib/python3.12/site-packages/airflow/example_dags/example_sla_dag.py
[2024-05-08T13:25:13.708+0000] {processor.py:840} INFO - DAG(s) 'example_sla_dag' retrieved from /home/denys/airflow_venv/lib/python3.12/site-packages/airflow/example_dags/example_sla_dag.py
[2024-05-08T13:25:13.717+0000] {logging_mixin.py:188} INFO - [2024-05-08T13:25:13.717+0000] {dag.py:3096} INFO - Sync 1 DAGs
[2024-05-08T13:25:13.728+0000] {logging_mixin.py:188} INFO - [2024-05-08T13:25:13.728+0000] {dag.py:3954} INFO - Setting next_dagrun for example_sla_dag to 2024-05-08 13:22:00+00:00, run_after=2024-05-08 13:24:00+00:00
[2024-05-08T13:25:13.744+0000] {processor.py:183} INFO - Processing /home/denys/airflow_venv/lib/python3.12/site-packages/airflow/example_dags/example_sla_dag.py took 0.047 seconds
[2024-05-08T13:25:54.134+0000] {processor.py:161} INFO - Started process (PID=2814) to work on /home/denys/airflow_venv/lib/python3.12/site-packages/airflow/example_dags/example_sla_dag.py
[2024-05-08T13:25:54.135+0000] {processor.py:830} INFO - Processing file /home/denys/airflow_venv/lib/python3.12/site-packages/airflow/example_dags/example_sla_dag.py for tasks to queue
[2024-05-08T13:25:54.136+0000] {logging_mixin.py:188} INFO - [2024-05-08T13:25:54.136+0000] {dagbag.py:545} INFO - Filling up the DagBag from /home/denys/airflow_venv/lib/python3.12/site-packages/airflow/example_dags/example_sla_dag.py
[2024-05-08T13:25:54.141+0000] {processor.py:840} INFO - DAG(s) 'example_sla_dag' retrieved from /home/denys/airflow_venv/lib/python3.12/site-packages/airflow/example_dags/example_sla_dag.py
[2024-05-08T13:25:54.149+0000] {logging_mixin.py:188} INFO - [2024-05-08T13:25:54.149+0000] {dag.py:3096} INFO - Sync 1 DAGs
[2024-05-08T13:25:54.160+0000] {logging_mixin.py:188} INFO - [2024-05-08T13:25:54.160+0000] {dag.py:3954} INFO - Setting next_dagrun for example_sla_dag to 2024-05-08 13:22:00+00:00, run_after=2024-05-08 13:24:00+00:00
[2024-05-08T13:25:54.176+0000] {processor.py:183} INFO - Processing /home/denys/airflow_venv/lib/python3.12/site-packages/airflow/example_dags/example_sla_dag.py took 0.046 seconds
[2024-05-08T13:26:35.955+0000] {processor.py:161} INFO - Started process (PID=2856) to work on /home/denys/airflow_venv/lib/python3.12/site-packages/airflow/example_dags/example_sla_dag.py
[2024-05-08T13:26:35.957+0000] {processor.py:830} INFO - Processing file /home/denys/airflow_venv/lib/python3.12/site-packages/airflow/example_dags/example_sla_dag.py for tasks to queue
[2024-05-08T13:26:35.958+0000] {logging_mixin.py:188} INFO - [2024-05-08T13:26:35.957+0000] {dagbag.py:545} INFO - Filling up the DagBag from /home/denys/airflow_venv/lib/python3.12/site-packages/airflow/example_dags/example_sla_dag.py
[2024-05-08T13:26:35.963+0000] {processor.py:840} INFO - DAG(s) 'example_sla_dag' retrieved from /home/denys/airflow_venv/lib/python3.12/site-packages/airflow/example_dags/example_sla_dag.py
[2024-05-08T13:26:35.972+0000] {logging_mixin.py:188} INFO - [2024-05-08T13:26:35.972+0000] {dag.py:3096} INFO - Sync 1 DAGs
[2024-05-08T13:26:35.983+0000] {logging_mixin.py:188} INFO - [2024-05-08T13:26:35.983+0000] {dag.py:3954} INFO - Setting next_dagrun for example_sla_dag to 2024-05-08 13:24:00+00:00, run_after=2024-05-08 13:26:00+00:00
[2024-05-08T13:26:36.002+0000] {processor.py:183} INFO - Processing /home/denys/airflow_venv/lib/python3.12/site-packages/airflow/example_dags/example_sla_dag.py took 0.051 seconds
[2024-05-08T13:27:19.579+0000] {processor.py:161} INFO - Started process (PID=2901) to work on /home/denys/airflow_venv/lib/python3.12/site-packages/airflow/example_dags/example_sla_dag.py
[2024-05-08T13:27:19.586+0000] {processor.py:830} INFO - Processing file /home/denys/airflow_venv/lib/python3.12/site-packages/airflow/example_dags/example_sla_dag.py for tasks to queue
[2024-05-08T13:27:19.587+0000] {logging_mixin.py:188} INFO - [2024-05-08T13:27:19.587+0000] {dagbag.py:545} INFO - Filling up the DagBag from /home/denys/airflow_venv/lib/python3.12/site-packages/airflow/example_dags/example_sla_dag.py
[2024-05-08T13:27:19.592+0000] {processor.py:840} INFO - DAG(s) 'example_sla_dag' retrieved from /home/denys/airflow_venv/lib/python3.12/site-packages/airflow/example_dags/example_sla_dag.py
[2024-05-08T13:27:19.603+0000] {logging_mixin.py:188} INFO - [2024-05-08T13:27:19.603+0000] {dag.py:3096} INFO - Sync 1 DAGs
[2024-05-08T13:27:19.615+0000] {logging_mixin.py:188} INFO - [2024-05-08T13:27:19.615+0000] {dag.py:3954} INFO - Setting next_dagrun for example_sla_dag to 2024-05-08 13:24:00+00:00, run_after=2024-05-08 13:26:00+00:00
[2024-05-08T13:27:19.630+0000] {processor.py:183} INFO - Processing /home/denys/airflow_venv/lib/python3.12/site-packages/airflow/example_dags/example_sla_dag.py took 0.054 seconds
[2024-05-08T13:28:03.803+0000] {processor.py:161} INFO - Started process (PID=2946) to work on /home/denys/airflow_venv/lib/python3.12/site-packages/airflow/example_dags/example_sla_dag.py
[2024-05-08T13:28:03.804+0000] {processor.py:830} INFO - Processing file /home/denys/airflow_venv/lib/python3.12/site-packages/airflow/example_dags/example_sla_dag.py for tasks to queue
[2024-05-08T13:28:03.805+0000] {logging_mixin.py:188} INFO - [2024-05-08T13:28:03.805+0000] {dagbag.py:545} INFO - Filling up the DagBag from /home/denys/airflow_venv/lib/python3.12/site-packages/airflow/example_dags/example_sla_dag.py
[2024-05-08T13:28:03.810+0000] {processor.py:840} INFO - DAG(s) 'example_sla_dag' retrieved from /home/denys/airflow_venv/lib/python3.12/site-packages/airflow/example_dags/example_sla_dag.py
[2024-05-08T13:28:03.821+0000] {logging_mixin.py:188} INFO - [2024-05-08T13:28:03.820+0000] {dag.py:3096} INFO - Sync 1 DAGs
[2024-05-08T13:28:03.831+0000] {logging_mixin.py:188} INFO - [2024-05-08T13:28:03.831+0000] {dag.py:3954} INFO - Setting next_dagrun for example_sla_dag to 2024-05-08 13:26:00+00:00, run_after=2024-05-08 13:28:00+00:00
[2024-05-08T13:28:03.855+0000] {processor.py:183} INFO - Processing /home/denys/airflow_venv/lib/python3.12/site-packages/airflow/example_dags/example_sla_dag.py took 0.057 seconds
[2024-05-08T13:28:46.300+0000] {processor.py:161} INFO - Started process (PID=2991) to work on /home/denys/airflow_venv/lib/python3.12/site-packages/airflow/example_dags/example_sla_dag.py
[2024-05-08T13:28:46.301+0000] {processor.py:830} INFO - Processing file /home/denys/airflow_venv/lib/python3.12/site-packages/airflow/example_dags/example_sla_dag.py for tasks to queue
[2024-05-08T13:28:46.303+0000] {logging_mixin.py:188} INFO - [2024-05-08T13:28:46.303+0000] {dagbag.py:545} INFO - Filling up the DagBag from /home/denys/airflow_venv/lib/python3.12/site-packages/airflow/example_dags/example_sla_dag.py
[2024-05-08T13:28:46.308+0000] {processor.py:840} INFO - DAG(s) 'example_sla_dag' retrieved from /home/denys/airflow_venv/lib/python3.12/site-packages/airflow/example_dags/example_sla_dag.py
[2024-05-08T13:28:46.317+0000] {logging_mixin.py:188} INFO - [2024-05-08T13:28:46.317+0000] {dag.py:3096} INFO - Sync 1 DAGs
[2024-05-08T13:28:46.328+0000] {logging_mixin.py:188} INFO - [2024-05-08T13:28:46.328+0000] {dag.py:3954} INFO - Setting next_dagrun for example_sla_dag to 2024-05-08 13:26:00+00:00, run_after=2024-05-08 13:28:00+00:00
[2024-05-08T13:28:46.351+0000] {processor.py:183} INFO - Processing /home/denys/airflow_venv/lib/python3.12/site-packages/airflow/example_dags/example_sla_dag.py took 0.054 seconds
[2024-05-08T13:29:26.385+0000] {processor.py:161} INFO - Started process (PID=3089) to work on /home/denys/airflow_venv/lib/python3.12/site-packages/airflow/example_dags/example_sla_dag.py
[2024-05-08T13:29:26.386+0000] {processor.py:830} INFO - Processing file /home/denys/airflow_venv/lib/python3.12/site-packages/airflow/example_dags/example_sla_dag.py for tasks to queue
[2024-05-08T13:29:26.387+0000] {logging_mixin.py:188} INFO - [2024-05-08T13:29:26.387+0000] {dagbag.py:545} INFO - Filling up the DagBag from /home/denys/airflow_venv/lib/python3.12/site-packages/airflow/example_dags/example_sla_dag.py
[2024-05-08T13:29:26.392+0000] {processor.py:840} INFO - DAG(s) 'example_sla_dag' retrieved from /home/denys/airflow_venv/lib/python3.12/site-packages/airflow/example_dags/example_sla_dag.py
[2024-05-08T13:29:26.401+0000] {logging_mixin.py:188} INFO - [2024-05-08T13:29:26.401+0000] {dag.py:3096} INFO - Sync 1 DAGs
[2024-05-08T13:29:26.412+0000] {logging_mixin.py:188} INFO - [2024-05-08T13:29:26.412+0000] {dag.py:3954} INFO - Setting next_dagrun for example_sla_dag to 2024-05-08 13:26:00+00:00, run_after=2024-05-08 13:28:00+00:00
[2024-05-08T13:29:26.432+0000] {processor.py:183} INFO - Processing /home/denys/airflow_venv/lib/python3.12/site-packages/airflow/example_dags/example_sla_dag.py took 0.051 seconds
[2024-05-08T13:30:05.212+0000] {processor.py:161} INFO - Started process (PID=3129) to work on /home/denys/airflow_venv/lib/python3.12/site-packages/airflow/example_dags/example_sla_dag.py
[2024-05-08T13:30:05.213+0000] {processor.py:830} INFO - Processing file /home/denys/airflow_venv/lib/python3.12/site-packages/airflow/example_dags/example_sla_dag.py for tasks to queue
[2024-05-08T13:30:05.214+0000] {logging_mixin.py:188} INFO - [2024-05-08T13:30:05.214+0000] {dagbag.py:545} INFO - Filling up the DagBag from /home/denys/airflow_venv/lib/python3.12/site-packages/airflow/example_dags/example_sla_dag.py
[2024-05-08T13:30:05.219+0000] {processor.py:840} INFO - DAG(s) 'example_sla_dag' retrieved from /home/denys/airflow_venv/lib/python3.12/site-packages/airflow/example_dags/example_sla_dag.py
[2024-05-08T13:30:05.228+0000] {logging_mixin.py:188} INFO - [2024-05-08T13:30:05.228+0000] {dag.py:3096} INFO - Sync 1 DAGs
[2024-05-08T13:30:05.239+0000] {logging_mixin.py:188} INFO - [2024-05-08T13:30:05.239+0000] {dag.py:3954} INFO - Setting next_dagrun for example_sla_dag to 2024-05-08 13:28:00+00:00, run_after=2024-05-08 13:30:00+00:00
[2024-05-08T13:30:05.261+0000] {processor.py:183} INFO - Processing /home/denys/airflow_venv/lib/python3.12/site-packages/airflow/example_dags/example_sla_dag.py took 0.052 seconds
[2024-05-08T13:30:45.292+0000] {processor.py:161} INFO - Started process (PID=3174) to work on /home/denys/airflow_venv/lib/python3.12/site-packages/airflow/example_dags/example_sla_dag.py
[2024-05-08T13:30:45.293+0000] {processor.py:830} INFO - Processing file /home/denys/airflow_venv/lib/python3.12/site-packages/airflow/example_dags/example_sla_dag.py for tasks to queue
[2024-05-08T13:30:45.294+0000] {logging_mixin.py:188} INFO - [2024-05-08T13:30:45.294+0000] {dagbag.py:545} INFO - Filling up the DagBag from /home/denys/airflow_venv/lib/python3.12/site-packages/airflow/example_dags/example_sla_dag.py
[2024-05-08T13:30:45.300+0000] {processor.py:840} INFO - DAG(s) 'example_sla_dag' retrieved from /home/denys/airflow_venv/lib/python3.12/site-packages/airflow/example_dags/example_sla_dag.py
[2024-05-08T13:30:45.309+0000] {logging_mixin.py:188} INFO - [2024-05-08T13:30:45.309+0000] {dag.py:3096} INFO - Sync 1 DAGs
[2024-05-08T13:30:45.320+0000] {logging_mixin.py:188} INFO - [2024-05-08T13:30:45.320+0000] {dag.py:3954} INFO - Setting next_dagrun for example_sla_dag to 2024-05-08 13:28:00+00:00, run_after=2024-05-08 13:30:00+00:00
[2024-05-08T13:30:45.342+0000] {processor.py:183} INFO - Processing /home/denys/airflow_venv/lib/python3.12/site-packages/airflow/example_dags/example_sla_dag.py took 0.054 seconds
[2024-05-08T13:31:27.113+0000] {processor.py:161} INFO - Started process (PID=3218) to work on /home/denys/airflow_venv/lib/python3.12/site-packages/airflow/example_dags/example_sla_dag.py
[2024-05-08T13:31:27.115+0000] {processor.py:830} INFO - Processing file /home/denys/airflow_venv/lib/python3.12/site-packages/airflow/example_dags/example_sla_dag.py for tasks to queue
[2024-05-08T13:31:27.116+0000] {logging_mixin.py:188} INFO - [2024-05-08T13:31:27.116+0000] {dagbag.py:545} INFO - Filling up the DagBag from /home/denys/airflow_venv/lib/python3.12/site-packages/airflow/example_dags/example_sla_dag.py
[2024-05-08T13:31:27.121+0000] {processor.py:840} INFO - DAG(s) 'example_sla_dag' retrieved from /home/denys/airflow_venv/lib/python3.12/site-packages/airflow/example_dags/example_sla_dag.py
[2024-05-08T13:31:27.129+0000] {logging_mixin.py:188} INFO - [2024-05-08T13:31:27.129+0000] {dag.py:3096} INFO - Sync 1 DAGs
[2024-05-08T13:31:27.143+0000] {logging_mixin.py:188} INFO - [2024-05-08T13:31:27.143+0000] {dag.py:3954} INFO - Setting next_dagrun for example_sla_dag to 2024-05-08 13:28:00+00:00, run_after=2024-05-08 13:30:00+00:00
[2024-05-08T13:31:27.164+0000] {processor.py:183} INFO - Processing /home/denys/airflow_venv/lib/python3.12/site-packages/airflow/example_dags/example_sla_dag.py took 0.054 seconds
[2024-05-08T13:32:07.724+0000] {processor.py:161} INFO - Started process (PID=3259) to work on /home/denys/airflow_venv/lib/python3.12/site-packages/airflow/example_dags/example_sla_dag.py
[2024-05-08T13:32:07.726+0000] {processor.py:830} INFO - Processing file /home/denys/airflow_venv/lib/python3.12/site-packages/airflow/example_dags/example_sla_dag.py for tasks to queue
[2024-05-08T13:32:07.727+0000] {logging_mixin.py:188} INFO - [2024-05-08T13:32:07.727+0000] {dagbag.py:545} INFO - Filling up the DagBag from /home/denys/airflow_venv/lib/python3.12/site-packages/airflow/example_dags/example_sla_dag.py
[2024-05-08T13:32:07.732+0000] {processor.py:840} INFO - DAG(s) 'example_sla_dag' retrieved from /home/denys/airflow_venv/lib/python3.12/site-packages/airflow/example_dags/example_sla_dag.py
[2024-05-08T13:32:07.741+0000] {logging_mixin.py:188} INFO - [2024-05-08T13:32:07.741+0000] {dag.py:3096} INFO - Sync 1 DAGs
[2024-05-08T13:32:07.754+0000] {logging_mixin.py:188} INFO - [2024-05-08T13:32:07.754+0000] {dag.py:3954} INFO - Setting next_dagrun for example_sla_dag to 2024-05-08 13:30:00+00:00, run_after=2024-05-08 13:32:00+00:00
[2024-05-08T13:32:07.770+0000] {processor.py:183} INFO - Processing /home/denys/airflow_venv/lib/python3.12/site-packages/airflow/example_dags/example_sla_dag.py took 0.049 seconds
[2024-05-08T13:32:53.105+0000] {processor.py:161} INFO - Started process (PID=3304) to work on /home/denys/airflow_venv/lib/python3.12/site-packages/airflow/example_dags/example_sla_dag.py
[2024-05-08T13:32:53.107+0000] {processor.py:830} INFO - Processing file /home/denys/airflow_venv/lib/python3.12/site-packages/airflow/example_dags/example_sla_dag.py for tasks to queue
[2024-05-08T13:32:53.108+0000] {logging_mixin.py:188} INFO - [2024-05-08T13:32:53.107+0000] {dagbag.py:545} INFO - Filling up the DagBag from /home/denys/airflow_venv/lib/python3.12/site-packages/airflow/example_dags/example_sla_dag.py
[2024-05-08T13:32:53.113+0000] {processor.py:840} INFO - DAG(s) 'example_sla_dag' retrieved from /home/denys/airflow_venv/lib/python3.12/site-packages/airflow/example_dags/example_sla_dag.py
[2024-05-08T13:32:53.123+0000] {logging_mixin.py:188} INFO - [2024-05-08T13:32:53.122+0000] {dag.py:3096} INFO - Sync 1 DAGs
[2024-05-08T13:32:53.135+0000] {logging_mixin.py:188} INFO - [2024-05-08T13:32:53.134+0000] {dag.py:3954} INFO - Setting next_dagrun for example_sla_dag to 2024-05-08 13:30:00+00:00, run_after=2024-05-08 13:32:00+00:00
[2024-05-08T13:32:53.156+0000] {processor.py:183} INFO - Processing /home/denys/airflow_venv/lib/python3.12/site-packages/airflow/example_dags/example_sla_dag.py took 0.054 seconds
[2024-05-08T13:33:36.033+0000] {processor.py:161} INFO - Started process (PID=3349) to work on /home/denys/airflow_venv/lib/python3.12/site-packages/airflow/example_dags/example_sla_dag.py
[2024-05-08T13:33:36.034+0000] {processor.py:830} INFO - Processing file /home/denys/airflow_venv/lib/python3.12/site-packages/airflow/example_dags/example_sla_dag.py for tasks to queue
[2024-05-08T13:33:36.036+0000] {logging_mixin.py:188} INFO - [2024-05-08T13:33:36.035+0000] {dagbag.py:545} INFO - Filling up the DagBag from /home/denys/airflow_venv/lib/python3.12/site-packages/airflow/example_dags/example_sla_dag.py
[2024-05-08T13:33:36.041+0000] {processor.py:840} INFO - DAG(s) 'example_sla_dag' retrieved from /home/denys/airflow_venv/lib/python3.12/site-packages/airflow/example_dags/example_sla_dag.py
[2024-05-08T13:33:36.050+0000] {logging_mixin.py:188} INFO - [2024-05-08T13:33:36.050+0000] {dag.py:3096} INFO - Sync 1 DAGs
[2024-05-08T13:33:36.061+0000] {logging_mixin.py:188} INFO - [2024-05-08T13:33:36.061+0000] {dag.py:3954} INFO - Setting next_dagrun for example_sla_dag to 2024-05-08 13:30:00+00:00, run_after=2024-05-08 13:32:00+00:00
[2024-05-08T13:33:36.084+0000] {processor.py:183} INFO - Processing /home/denys/airflow_venv/lib/python3.12/site-packages/airflow/example_dags/example_sla_dag.py took 0.055 seconds
[2024-05-08T13:34:18.384+0000] {processor.py:161} INFO - Started process (PID=3396) to work on /home/denys/airflow_venv/lib/python3.12/site-packages/airflow/example_dags/example_sla_dag.py
[2024-05-08T13:34:18.386+0000] {processor.py:830} INFO - Processing file /home/denys/airflow_venv/lib/python3.12/site-packages/airflow/example_dags/example_sla_dag.py for tasks to queue
[2024-05-08T13:34:18.387+0000] {logging_mixin.py:188} INFO - [2024-05-08T13:34:18.387+0000] {dagbag.py:545} INFO - Filling up the DagBag from /home/denys/airflow_venv/lib/python3.12/site-packages/airflow/example_dags/example_sla_dag.py
[2024-05-08T13:34:18.393+0000] {processor.py:840} INFO - DAG(s) 'example_sla_dag' retrieved from /home/denys/airflow_venv/lib/python3.12/site-packages/airflow/example_dags/example_sla_dag.py
[2024-05-08T13:34:18.404+0000] {logging_mixin.py:188} INFO - [2024-05-08T13:34:18.404+0000] {dag.py:3096} INFO - Sync 1 DAGs
[2024-05-08T13:34:18.417+0000] {logging_mixin.py:188} INFO - [2024-05-08T13:34:18.417+0000] {dag.py:3954} INFO - Setting next_dagrun for example_sla_dag to 2024-05-08 13:32:00+00:00, run_after=2024-05-08 13:34:00+00:00
[2024-05-08T13:34:18.437+0000] {processor.py:183} INFO - Processing /home/denys/airflow_venv/lib/python3.12/site-packages/airflow/example_dags/example_sla_dag.py took 0.057 seconds
[2024-05-08T13:34:59.807+0000] {processor.py:161} INFO - Started process (PID=3438) to work on /home/denys/airflow_venv/lib/python3.12/site-packages/airflow/example_dags/example_sla_dag.py
[2024-05-08T13:34:59.808+0000] {processor.py:830} INFO - Processing file /home/denys/airflow_venv/lib/python3.12/site-packages/airflow/example_dags/example_sla_dag.py for tasks to queue
[2024-05-08T13:34:59.809+0000] {logging_mixin.py:188} INFO - [2024-05-08T13:34:59.809+0000] {dagbag.py:545} INFO - Filling up the DagBag from /home/denys/airflow_venv/lib/python3.12/site-packages/airflow/example_dags/example_sla_dag.py
[2024-05-08T13:34:59.815+0000] {processor.py:840} INFO - DAG(s) 'example_sla_dag' retrieved from /home/denys/airflow_venv/lib/python3.12/site-packages/airflow/example_dags/example_sla_dag.py
[2024-05-08T13:34:59.824+0000] {logging_mixin.py:188} INFO - [2024-05-08T13:34:59.823+0000] {dag.py:3096} INFO - Sync 1 DAGs
[2024-05-08T13:34:59.835+0000] {logging_mixin.py:188} INFO - [2024-05-08T13:34:59.835+0000] {dag.py:3954} INFO - Setting next_dagrun for example_sla_dag to 2024-05-08 13:32:00+00:00, run_after=2024-05-08 13:34:00+00:00
[2024-05-08T13:34:59.858+0000] {processor.py:183} INFO - Processing /home/denys/airflow_venv/lib/python3.12/site-packages/airflow/example_dags/example_sla_dag.py took 0.054 seconds
[2024-05-08T13:35:38.796+0000] {processor.py:161} INFO - Started process (PID=3483) to work on /home/denys/airflow_venv/lib/python3.12/site-packages/airflow/example_dags/example_sla_dag.py
[2024-05-08T13:35:38.797+0000] {processor.py:830} INFO - Processing file /home/denys/airflow_venv/lib/python3.12/site-packages/airflow/example_dags/example_sla_dag.py for tasks to queue
[2024-05-08T13:35:38.798+0000] {logging_mixin.py:188} INFO - [2024-05-08T13:35:38.798+0000] {dagbag.py:545} INFO - Filling up the DagBag from /home/denys/airflow_venv/lib/python3.12/site-packages/airflow/example_dags/example_sla_dag.py
[2024-05-08T13:35:38.804+0000] {processor.py:840} INFO - DAG(s) 'example_sla_dag' retrieved from /home/denys/airflow_venv/lib/python3.12/site-packages/airflow/example_dags/example_sla_dag.py
[2024-05-08T13:35:38.812+0000] {logging_mixin.py:188} INFO - [2024-05-08T13:35:38.812+0000] {dag.py:3096} INFO - Sync 1 DAGs
[2024-05-08T13:35:38.823+0000] {logging_mixin.py:188} INFO - [2024-05-08T13:35:38.822+0000] {dag.py:3954} INFO - Setting next_dagrun for example_sla_dag to 2024-05-08 13:32:00+00:00, run_after=2024-05-08 13:34:00+00:00
[2024-05-08T13:35:38.839+0000] {processor.py:183} INFO - Processing /home/denys/airflow_venv/lib/python3.12/site-packages/airflow/example_dags/example_sla_dag.py took 0.047 seconds
[2024-05-08T13:36:19.793+0000] {processor.py:161} INFO - Started process (PID=3524) to work on /home/denys/airflow_venv/lib/python3.12/site-packages/airflow/example_dags/example_sla_dag.py
[2024-05-08T13:36:19.794+0000] {processor.py:830} INFO - Processing file /home/denys/airflow_venv/lib/python3.12/site-packages/airflow/example_dags/example_sla_dag.py for tasks to queue
[2024-05-08T13:36:19.795+0000] {logging_mixin.py:188} INFO - [2024-05-08T13:36:19.795+0000] {dagbag.py:545} INFO - Filling up the DagBag from /home/denys/airflow_venv/lib/python3.12/site-packages/airflow/example_dags/example_sla_dag.py
[2024-05-08T13:36:19.800+0000] {processor.py:840} INFO - DAG(s) 'example_sla_dag' retrieved from /home/denys/airflow_venv/lib/python3.12/site-packages/airflow/example_dags/example_sla_dag.py
[2024-05-08T13:36:19.808+0000] {logging_mixin.py:188} INFO - [2024-05-08T13:36:19.808+0000] {dag.py:3096} INFO - Sync 1 DAGs
[2024-05-08T13:36:19.819+0000] {logging_mixin.py:188} INFO - [2024-05-08T13:36:19.819+0000] {dag.py:3954} INFO - Setting next_dagrun for example_sla_dag to 2024-05-08 13:34:00+00:00, run_after=2024-05-08 13:36:00+00:00
[2024-05-08T13:36:19.836+0000] {processor.py:183} INFO - Processing /home/denys/airflow_venv/lib/python3.12/site-packages/airflow/example_dags/example_sla_dag.py took 0.047 seconds
[2024-05-08T13:37:01.728+0000] {processor.py:161} INFO - Started process (PID=3568) to work on /home/denys/airflow_venv/lib/python3.12/site-packages/airflow/example_dags/example_sla_dag.py
[2024-05-08T13:37:01.730+0000] {processor.py:830} INFO - Processing file /home/denys/airflow_venv/lib/python3.12/site-packages/airflow/example_dags/example_sla_dag.py for tasks to queue
[2024-05-08T13:37:01.732+0000] {logging_mixin.py:188} INFO - [2024-05-08T13:37:01.732+0000] {dagbag.py:545} INFO - Filling up the DagBag from /home/denys/airflow_venv/lib/python3.12/site-packages/airflow/example_dags/example_sla_dag.py
[2024-05-08T13:37:01.739+0000] {processor.py:840} INFO - DAG(s) 'example_sla_dag' retrieved from /home/denys/airflow_venv/lib/python3.12/site-packages/airflow/example_dags/example_sla_dag.py
[2024-05-08T13:37:01.748+0000] {logging_mixin.py:188} INFO - [2024-05-08T13:37:01.748+0000] {dag.py:3096} INFO - Sync 1 DAGs
[2024-05-08T13:37:01.759+0000] {logging_mixin.py:188} INFO - [2024-05-08T13:37:01.759+0000] {dag.py:3954} INFO - Setting next_dagrun for example_sla_dag to 2024-05-08 13:34:00+00:00, run_after=2024-05-08 13:36:00+00:00
[2024-05-08T13:37:01.777+0000] {processor.py:183} INFO - Processing /home/denys/airflow_venv/lib/python3.12/site-packages/airflow/example_dags/example_sla_dag.py took 0.054 seconds
[2024-05-08T13:37:46.611+0000] {processor.py:161} INFO - Started process (PID=3613) to work on /home/denys/airflow_venv/lib/python3.12/site-packages/airflow/example_dags/example_sla_dag.py
[2024-05-08T13:37:46.612+0000] {processor.py:830} INFO - Processing file /home/denys/airflow_venv/lib/python3.12/site-packages/airflow/example_dags/example_sla_dag.py for tasks to queue
[2024-05-08T13:37:46.613+0000] {logging_mixin.py:188} INFO - [2024-05-08T13:37:46.613+0000] {dagbag.py:545} INFO - Filling up the DagBag from /home/denys/airflow_venv/lib/python3.12/site-packages/airflow/example_dags/example_sla_dag.py
[2024-05-08T13:37:46.619+0000] {processor.py:840} INFO - DAG(s) 'example_sla_dag' retrieved from /home/denys/airflow_venv/lib/python3.12/site-packages/airflow/example_dags/example_sla_dag.py
[2024-05-08T13:37:46.628+0000] {logging_mixin.py:188} INFO - [2024-05-08T13:37:46.627+0000] {dag.py:3096} INFO - Sync 1 DAGs
[2024-05-08T13:37:46.638+0000] {logging_mixin.py:188} INFO - [2024-05-08T13:37:46.638+0000] {dag.py:3954} INFO - Setting next_dagrun for example_sla_dag to 2024-05-08 13:34:00+00:00, run_after=2024-05-08 13:36:00+00:00
[2024-05-08T13:37:46.657+0000] {processor.py:183} INFO - Processing /home/denys/airflow_venv/lib/python3.12/site-packages/airflow/example_dags/example_sla_dag.py took 0.049 seconds
[2024-05-08T13:38:33.595+0000] {processor.py:161} INFO - Started process (PID=3662) to work on /home/denys/airflow_venv/lib/python3.12/site-packages/airflow/example_dags/example_sla_dag.py
[2024-05-08T13:38:33.596+0000] {processor.py:830} INFO - Processing file /home/denys/airflow_venv/lib/python3.12/site-packages/airflow/example_dags/example_sla_dag.py for tasks to queue
[2024-05-08T13:38:33.598+0000] {logging_mixin.py:188} INFO - [2024-05-08T13:38:33.597+0000] {dagbag.py:545} INFO - Filling up the DagBag from /home/denys/airflow_venv/lib/python3.12/site-packages/airflow/example_dags/example_sla_dag.py
[2024-05-08T13:38:33.603+0000] {processor.py:840} INFO - DAG(s) 'example_sla_dag' retrieved from /home/denys/airflow_venv/lib/python3.12/site-packages/airflow/example_dags/example_sla_dag.py
[2024-05-08T13:38:33.612+0000] {logging_mixin.py:188} INFO - [2024-05-08T13:38:33.612+0000] {dag.py:3096} INFO - Sync 1 DAGs
[2024-05-08T13:38:33.623+0000] {logging_mixin.py:188} INFO - [2024-05-08T13:38:33.623+0000] {dag.py:3954} INFO - Setting next_dagrun for example_sla_dag to 2024-05-08 13:36:00+00:00, run_after=2024-05-08 13:38:00+00:00
[2024-05-08T13:38:33.645+0000] {processor.py:183} INFO - Processing /home/denys/airflow_venv/lib/python3.12/site-packages/airflow/example_dags/example_sla_dag.py took 0.054 seconds
[2024-05-08T13:39:14.518+0000] {processor.py:161} INFO - Started process (PID=3706) to work on /home/denys/airflow_venv/lib/python3.12/site-packages/airflow/example_dags/example_sla_dag.py
[2024-05-08T13:39:14.520+0000] {processor.py:830} INFO - Processing file /home/denys/airflow_venv/lib/python3.12/site-packages/airflow/example_dags/example_sla_dag.py for tasks to queue
[2024-05-08T13:39:14.521+0000] {logging_mixin.py:188} INFO - [2024-05-08T13:39:14.520+0000] {dagbag.py:545} INFO - Filling up the DagBag from /home/denys/airflow_venv/lib/python3.12/site-packages/airflow/example_dags/example_sla_dag.py
[2024-05-08T13:39:14.526+0000] {processor.py:840} INFO - DAG(s) 'example_sla_dag' retrieved from /home/denys/airflow_venv/lib/python3.12/site-packages/airflow/example_dags/example_sla_dag.py
[2024-05-08T13:39:14.535+0000] {logging_mixin.py:188} INFO - [2024-05-08T13:39:14.535+0000] {dag.py:3096} INFO - Sync 1 DAGs
[2024-05-08T13:39:14.545+0000] {logging_mixin.py:188} INFO - [2024-05-08T13:39:14.545+0000] {dag.py:3954} INFO - Setting next_dagrun for example_sla_dag to 2024-05-08 13:36:00+00:00, run_after=2024-05-08 13:38:00+00:00
[2024-05-08T13:39:14.567+0000] {processor.py:183} INFO - Processing /home/denys/airflow_venv/lib/python3.12/site-packages/airflow/example_dags/example_sla_dag.py took 0.052 seconds
[2024-05-08T13:40:00.379+0000] {processor.py:161} INFO - Started process (PID=3749) to work on /home/denys/airflow_venv/lib/python3.12/site-packages/airflow/example_dags/example_sla_dag.py
[2024-05-08T13:40:00.381+0000] {processor.py:830} INFO - Processing file /home/denys/airflow_venv/lib/python3.12/site-packages/airflow/example_dags/example_sla_dag.py for tasks to queue
[2024-05-08T13:40:00.383+0000] {logging_mixin.py:188} INFO - [2024-05-08T13:40:00.382+0000] {dagbag.py:545} INFO - Filling up the DagBag from /home/denys/airflow_venv/lib/python3.12/site-packages/airflow/example_dags/example_sla_dag.py
[2024-05-08T13:40:00.388+0000] {processor.py:840} INFO - DAG(s) 'example_sla_dag' retrieved from /home/denys/airflow_venv/lib/python3.12/site-packages/airflow/example_dags/example_sla_dag.py
[2024-05-08T13:40:00.399+0000] {logging_mixin.py:188} INFO - [2024-05-08T13:40:00.398+0000] {dag.py:3096} INFO - Sync 1 DAGs
[2024-05-08T13:40:00.485+0000] {logging_mixin.py:188} INFO - [2024-05-08T13:40:00.485+0000] {dag.py:3954} INFO - Setting next_dagrun for example_sla_dag to 2024-05-08 13:38:00+00:00, run_after=2024-05-08 13:40:00+00:00
[2024-05-08T13:40:00.504+0000] {processor.py:183} INFO - Processing /home/denys/airflow_venv/lib/python3.12/site-packages/airflow/example_dags/example_sla_dag.py took 0.128 seconds
[2024-05-08T13:40:48.636+0000] {processor.py:161} INFO - Started process (PID=3798) to work on /home/denys/airflow_venv/lib/python3.12/site-packages/airflow/example_dags/example_sla_dag.py
[2024-05-08T13:40:48.637+0000] {processor.py:830} INFO - Processing file /home/denys/airflow_venv/lib/python3.12/site-packages/airflow/example_dags/example_sla_dag.py for tasks to queue
[2024-05-08T13:40:48.638+0000] {logging_mixin.py:188} INFO - [2024-05-08T13:40:48.638+0000] {dagbag.py:545} INFO - Filling up the DagBag from /home/denys/airflow_venv/lib/python3.12/site-packages/airflow/example_dags/example_sla_dag.py
[2024-05-08T13:40:48.644+0000] {processor.py:840} INFO - DAG(s) 'example_sla_dag' retrieved from /home/denys/airflow_venv/lib/python3.12/site-packages/airflow/example_dags/example_sla_dag.py
[2024-05-08T13:40:48.653+0000] {logging_mixin.py:188} INFO - [2024-05-08T13:40:48.652+0000] {dag.py:3096} INFO - Sync 1 DAGs
[2024-05-08T13:40:48.663+0000] {logging_mixin.py:188} INFO - [2024-05-08T13:40:48.663+0000] {dag.py:3954} INFO - Setting next_dagrun for example_sla_dag to 2024-05-08 13:38:00+00:00, run_after=2024-05-08 13:40:00+00:00
[2024-05-08T13:40:48.686+0000] {processor.py:183} INFO - Processing /home/denys/airflow_venv/lib/python3.12/site-packages/airflow/example_dags/example_sla_dag.py took 0.057 seconds
[2024-05-08T13:41:36.966+0000] {processor.py:161} INFO - Started process (PID=3846) to work on /home/denys/airflow_venv/lib/python3.12/site-packages/airflow/example_dags/example_sla_dag.py
[2024-05-08T13:41:36.970+0000] {processor.py:830} INFO - Processing file /home/denys/airflow_venv/lib/python3.12/site-packages/airflow/example_dags/example_sla_dag.py for tasks to queue
[2024-05-08T13:41:36.971+0000] {logging_mixin.py:188} INFO - [2024-05-08T13:41:36.971+0000] {dagbag.py:545} INFO - Filling up the DagBag from /home/denys/airflow_venv/lib/python3.12/site-packages/airflow/example_dags/example_sla_dag.py
[2024-05-08T13:41:36.977+0000] {processor.py:840} INFO - DAG(s) 'example_sla_dag' retrieved from /home/denys/airflow_venv/lib/python3.12/site-packages/airflow/example_dags/example_sla_dag.py
[2024-05-08T13:41:36.986+0000] {logging_mixin.py:188} INFO - [2024-05-08T13:41:36.986+0000] {dag.py:3096} INFO - Sync 1 DAGs
[2024-05-08T13:41:36.997+0000] {logging_mixin.py:188} INFO - [2024-05-08T13:41:36.997+0000] {dag.py:3954} INFO - Setting next_dagrun for example_sla_dag to 2024-05-08 13:38:00+00:00, run_after=2024-05-08 13:40:00+00:00
[2024-05-08T13:41:37.021+0000] {processor.py:183} INFO - Processing /home/denys/airflow_venv/lib/python3.12/site-packages/airflow/example_dags/example_sla_dag.py took 0.058 seconds
[2024-05-08T13:42:20.653+0000] {processor.py:161} INFO - Started process (PID=3889) to work on /home/denys/airflow_venv/lib/python3.12/site-packages/airflow/example_dags/example_sla_dag.py
[2024-05-08T13:42:20.655+0000] {processor.py:830} INFO - Processing file /home/denys/airflow_venv/lib/python3.12/site-packages/airflow/example_dags/example_sla_dag.py for tasks to queue
[2024-05-08T13:42:20.656+0000] {logging_mixin.py:188} INFO - [2024-05-08T13:42:20.655+0000] {dagbag.py:545} INFO - Filling up the DagBag from /home/denys/airflow_venv/lib/python3.12/site-packages/airflow/example_dags/example_sla_dag.py
[2024-05-08T13:42:20.662+0000] {processor.py:840} INFO - DAG(s) 'example_sla_dag' retrieved from /home/denys/airflow_venv/lib/python3.12/site-packages/airflow/example_dags/example_sla_dag.py
[2024-05-08T13:42:20.670+0000] {logging_mixin.py:188} INFO - [2024-05-08T13:42:20.670+0000] {dag.py:3096} INFO - Sync 1 DAGs
[2024-05-08T13:42:20.750+0000] {logging_mixin.py:188} INFO - [2024-05-08T13:42:20.750+0000] {dag.py:3954} INFO - Setting next_dagrun for example_sla_dag to 2024-05-08 13:40:00+00:00, run_after=2024-05-08 13:42:00+00:00
[2024-05-08T13:42:20.771+0000] {processor.py:183} INFO - Processing /home/denys/airflow_venv/lib/python3.12/site-packages/airflow/example_dags/example_sla_dag.py took 0.121 seconds
[2024-05-08T13:43:06.151+0000] {processor.py:161} INFO - Started process (PID=3935) to work on /home/denys/airflow_venv/lib/python3.12/site-packages/airflow/example_dags/example_sla_dag.py
[2024-05-08T13:43:06.154+0000] {processor.py:830} INFO - Processing file /home/denys/airflow_venv/lib/python3.12/site-packages/airflow/example_dags/example_sla_dag.py for tasks to queue
[2024-05-08T13:43:06.156+0000] {logging_mixin.py:188} INFO - [2024-05-08T13:43:06.155+0000] {dagbag.py:545} INFO - Filling up the DagBag from /home/denys/airflow_venv/lib/python3.12/site-packages/airflow/example_dags/example_sla_dag.py
[2024-05-08T13:43:06.161+0000] {processor.py:840} INFO - DAG(s) 'example_sla_dag' retrieved from /home/denys/airflow_venv/lib/python3.12/site-packages/airflow/example_dags/example_sla_dag.py
[2024-05-08T13:43:06.170+0000] {logging_mixin.py:188} INFO - [2024-05-08T13:43:06.170+0000] {dag.py:3096} INFO - Sync 1 DAGs
[2024-05-08T13:43:06.181+0000] {logging_mixin.py:188} INFO - [2024-05-08T13:43:06.181+0000] {dag.py:3954} INFO - Setting next_dagrun for example_sla_dag to 2024-05-08 13:40:00+00:00, run_after=2024-05-08 13:42:00+00:00
[2024-05-08T13:43:06.199+0000] {processor.py:183} INFO - Processing /home/denys/airflow_venv/lib/python3.12/site-packages/airflow/example_dags/example_sla_dag.py took 0.052 seconds
