[2024-05-08T13:12:24.814+0000] {processor.py:161} INFO - Started process (PID=1898) to work on /home/denys/airflow_venv/lib/python3.12/site-packages/airflow/example_dags/example_time_delta_sensor_async.py
[2024-05-08T13:12:24.815+0000] {processor.py:830} INFO - Processing file /home/denys/airflow_venv/lib/python3.12/site-packages/airflow/example_dags/example_time_delta_sensor_async.py for tasks to queue
[2024-05-08T13:12:24.816+0000] {logging_mixin.py:188} INFO - [2024-05-08T13:12:24.816+0000] {dagbag.py:545} INFO - Filling up the DagBag from /home/denys/airflow_venv/lib/python3.12/site-packages/airflow/example_dags/example_time_delta_sensor_async.py
[2024-05-08T13:12:24.819+0000] {processor.py:840} INFO - DAG(s) 'example_time_delta_sensor_async' retrieved from /home/denys/airflow_venv/lib/python3.12/site-packages/airflow/example_dags/example_time_delta_sensor_async.py
[2024-05-08T13:12:24.903+0000] {logging_mixin.py:188} INFO - [2024-05-08T13:12:24.902+0000] {override.py:1829} INFO - Created Permission View: can delete on DAG:example_time_delta_sensor_async
[2024-05-08T13:12:24.914+0000] {logging_mixin.py:188} INFO - [2024-05-08T13:12:24.914+0000] {override.py:1829} INFO - Created Permission View: can edit on DAG:example_time_delta_sensor_async
[2024-05-08T13:12:24.922+0000] {logging_mixin.py:188} INFO - [2024-05-08T13:12:24.922+0000] {override.py:1829} INFO - Created Permission View: can read on DAG:example_time_delta_sensor_async
[2024-05-08T13:12:24.923+0000] {logging_mixin.py:188} INFO - [2024-05-08T13:12:24.922+0000] {dag.py:3096} INFO - Sync 1 DAGs
[2024-05-08T13:12:24.932+0000] {logging_mixin.py:188} INFO - [2024-05-08T13:12:24.931+0000] {dag.py:3118} INFO - Creating ORM DAG for example_time_delta_sensor_async
[2024-05-08T13:12:24.932+0000] {logging_mixin.py:188} INFO - [2024-05-08T13:12:24.932+0000] {dag.py:3954} INFO - Setting next_dagrun for example_time_delta_sensor_async to None, run_after=None
[2024-05-08T13:12:24.980+0000] {processor.py:183} INFO - Processing /home/denys/airflow_venv/lib/python3.12/site-packages/airflow/example_dags/example_time_delta_sensor_async.py took 0.170 seconds
[2024-05-08T13:13:30.210+0000] {processor.py:161} INFO - Started process (PID=1969) to work on /home/denys/airflow_venv/lib/python3.12/site-packages/airflow/example_dags/example_time_delta_sensor_async.py
[2024-05-08T13:13:30.211+0000] {processor.py:830} INFO - Processing file /home/denys/airflow_venv/lib/python3.12/site-packages/airflow/example_dags/example_time_delta_sensor_async.py for tasks to queue
[2024-05-08T13:13:30.213+0000] {logging_mixin.py:188} INFO - [2024-05-08T13:13:30.213+0000] {dagbag.py:545} INFO - Filling up the DagBag from /home/denys/airflow_venv/lib/python3.12/site-packages/airflow/example_dags/example_time_delta_sensor_async.py
[2024-05-08T13:13:30.216+0000] {processor.py:840} INFO - DAG(s) 'example_time_delta_sensor_async' retrieved from /home/denys/airflow_venv/lib/python3.12/site-packages/airflow/example_dags/example_time_delta_sensor_async.py
[2024-05-08T13:13:30.226+0000] {logging_mixin.py:188} INFO - [2024-05-08T13:13:30.226+0000] {dag.py:3096} INFO - Sync 1 DAGs
[2024-05-08T13:13:30.233+0000] {logging_mixin.py:188} INFO - [2024-05-08T13:13:30.233+0000] {dag.py:3954} INFO - Setting next_dagrun for example_time_delta_sensor_async to None, run_after=None
[2024-05-08T13:13:30.257+0000] {processor.py:183} INFO - Processing /home/denys/airflow_venv/lib/python3.12/site-packages/airflow/example_dags/example_time_delta_sensor_async.py took 0.050 seconds
[2024-05-08T13:14:33.998+0000] {processor.py:161} INFO - Started process (PID=2035) to work on /home/denys/airflow_venv/lib/python3.12/site-packages/airflow/example_dags/example_time_delta_sensor_async.py
[2024-05-08T13:14:33.999+0000] {processor.py:830} INFO - Processing file /home/denys/airflow_venv/lib/python3.12/site-packages/airflow/example_dags/example_time_delta_sensor_async.py for tasks to queue
[2024-05-08T13:14:34.000+0000] {logging_mixin.py:188} INFO - [2024-05-08T13:14:34.000+0000] {dagbag.py:545} INFO - Filling up the DagBag from /home/denys/airflow_venv/lib/python3.12/site-packages/airflow/example_dags/example_time_delta_sensor_async.py
[2024-05-08T13:14:34.003+0000] {processor.py:840} INFO - DAG(s) 'example_time_delta_sensor_async' retrieved from /home/denys/airflow_venv/lib/python3.12/site-packages/airflow/example_dags/example_time_delta_sensor_async.py
[2024-05-08T13:14:34.013+0000] {logging_mixin.py:188} INFO - [2024-05-08T13:14:34.013+0000] {dag.py:3096} INFO - Sync 1 DAGs
[2024-05-08T13:14:34.019+0000] {logging_mixin.py:188} INFO - [2024-05-08T13:14:34.019+0000] {dag.py:3954} INFO - Setting next_dagrun for example_time_delta_sensor_async to None, run_after=None
[2024-05-08T13:14:34.044+0000] {processor.py:183} INFO - Processing /home/denys/airflow_venv/lib/python3.12/site-packages/airflow/example_dags/example_time_delta_sensor_async.py took 0.049 seconds
[2024-05-08T13:15:36.545+0000] {processor.py:161} INFO - Started process (PID=2103) to work on /home/denys/airflow_venv/lib/python3.12/site-packages/airflow/example_dags/example_time_delta_sensor_async.py
[2024-05-08T13:15:36.547+0000] {processor.py:830} INFO - Processing file /home/denys/airflow_venv/lib/python3.12/site-packages/airflow/example_dags/example_time_delta_sensor_async.py for tasks to queue
[2024-05-08T13:15:36.547+0000] {logging_mixin.py:188} INFO - [2024-05-08T13:15:36.547+0000] {dagbag.py:545} INFO - Filling up the DagBag from /home/denys/airflow_venv/lib/python3.12/site-packages/airflow/example_dags/example_time_delta_sensor_async.py
[2024-05-08T13:15:36.551+0000] {processor.py:840} INFO - DAG(s) 'example_time_delta_sensor_async' retrieved from /home/denys/airflow_venv/lib/python3.12/site-packages/airflow/example_dags/example_time_delta_sensor_async.py
[2024-05-08T13:15:36.560+0000] {logging_mixin.py:188} INFO - [2024-05-08T13:15:36.560+0000] {dag.py:3096} INFO - Sync 1 DAGs
[2024-05-08T13:15:36.566+0000] {logging_mixin.py:188} INFO - [2024-05-08T13:15:36.566+0000] {dag.py:3954} INFO - Setting next_dagrun for example_time_delta_sensor_async to None, run_after=None
[2024-05-08T13:15:36.588+0000] {processor.py:183} INFO - Processing /home/denys/airflow_venv/lib/python3.12/site-packages/airflow/example_dags/example_time_delta_sensor_async.py took 0.046 seconds
[2024-05-08T13:16:39.615+0000] {processor.py:161} INFO - Started process (PID=2167) to work on /home/denys/airflow_venv/lib/python3.12/site-packages/airflow/example_dags/example_time_delta_sensor_async.py
[2024-05-08T13:16:39.617+0000] {processor.py:830} INFO - Processing file /home/denys/airflow_venv/lib/python3.12/site-packages/airflow/example_dags/example_time_delta_sensor_async.py for tasks to queue
[2024-05-08T13:16:39.618+0000] {logging_mixin.py:188} INFO - [2024-05-08T13:16:39.617+0000] {dagbag.py:545} INFO - Filling up the DagBag from /home/denys/airflow_venv/lib/python3.12/site-packages/airflow/example_dags/example_time_delta_sensor_async.py
[2024-05-08T13:16:39.621+0000] {processor.py:840} INFO - DAG(s) 'example_time_delta_sensor_async' retrieved from /home/denys/airflow_venv/lib/python3.12/site-packages/airflow/example_dags/example_time_delta_sensor_async.py
[2024-05-08T13:16:39.630+0000] {logging_mixin.py:188} INFO - [2024-05-08T13:16:39.630+0000] {dag.py:3096} INFO - Sync 1 DAGs
[2024-05-08T13:16:39.636+0000] {logging_mixin.py:188} INFO - [2024-05-08T13:16:39.636+0000] {dag.py:3954} INFO - Setting next_dagrun for example_time_delta_sensor_async to None, run_after=None
[2024-05-08T13:16:39.659+0000] {processor.py:183} INFO - Processing /home/denys/airflow_venv/lib/python3.12/site-packages/airflow/example_dags/example_time_delta_sensor_async.py took 0.047 seconds
[2024-05-08T13:17:44.887+0000] {processor.py:161} INFO - Started process (PID=2238) to work on /home/denys/airflow_venv/lib/python3.12/site-packages/airflow/example_dags/example_time_delta_sensor_async.py
[2024-05-08T13:17:44.888+0000] {processor.py:830} INFO - Processing file /home/denys/airflow_venv/lib/python3.12/site-packages/airflow/example_dags/example_time_delta_sensor_async.py for tasks to queue
[2024-05-08T13:17:44.889+0000] {logging_mixin.py:188} INFO - [2024-05-08T13:17:44.889+0000] {dagbag.py:545} INFO - Filling up the DagBag from /home/denys/airflow_venv/lib/python3.12/site-packages/airflow/example_dags/example_time_delta_sensor_async.py
[2024-05-08T13:17:44.892+0000] {processor.py:840} INFO - DAG(s) 'example_time_delta_sensor_async' retrieved from /home/denys/airflow_venv/lib/python3.12/site-packages/airflow/example_dags/example_time_delta_sensor_async.py
[2024-05-08T13:17:44.903+0000] {logging_mixin.py:188} INFO - [2024-05-08T13:17:44.903+0000] {dag.py:3096} INFO - Sync 1 DAGs
[2024-05-08T13:17:44.909+0000] {logging_mixin.py:188} INFO - [2024-05-08T13:17:44.909+0000] {dag.py:3954} INFO - Setting next_dagrun for example_time_delta_sensor_async to None, run_after=None
[2024-05-08T13:17:44.931+0000] {processor.py:183} INFO - Processing /home/denys/airflow_venv/lib/python3.12/site-packages/airflow/example_dags/example_time_delta_sensor_async.py took 0.047 seconds
[2024-05-08T13:19:51.421+0000] {processor.py:161} INFO - Started process (PID=2354) to work on /home/denys/airflow_venv/lib/python3.12/site-packages/airflow/example_dags/example_time_delta_sensor_async.py
[2024-05-08T13:19:51.428+0000] {processor.py:830} INFO - Processing file /home/denys/airflow_venv/lib/python3.12/site-packages/airflow/example_dags/example_time_delta_sensor_async.py for tasks to queue
[2024-05-08T13:19:51.429+0000] {logging_mixin.py:188} INFO - [2024-05-08T13:19:51.428+0000] {dagbag.py:545} INFO - Filling up the DagBag from /home/denys/airflow_venv/lib/python3.12/site-packages/airflow/example_dags/example_time_delta_sensor_async.py
[2024-05-08T13:19:51.431+0000] {processor.py:840} INFO - DAG(s) 'example_time_delta_sensor_async' retrieved from /home/denys/airflow_venv/lib/python3.12/site-packages/airflow/example_dags/example_time_delta_sensor_async.py
[2024-05-08T13:19:51.481+0000] {logging_mixin.py:188} INFO - [2024-05-08T13:19:51.481+0000] {dag.py:3096} INFO - Sync 1 DAGs
[2024-05-08T13:19:51.486+0000] {logging_mixin.py:188} INFO - [2024-05-08T13:19:51.486+0000] {dag.py:3954} INFO - Setting next_dagrun for example_time_delta_sensor_async to None, run_after=None
[2024-05-08T13:19:51.503+0000] {processor.py:183} INFO - Processing /home/denys/airflow_venv/lib/python3.12/site-packages/airflow/example_dags/example_time_delta_sensor_async.py took 0.085 seconds
[2024-05-08T13:20:53.194+0000] {processor.py:161} INFO - Started process (PID=2422) to work on /home/denys/airflow_venv/lib/python3.12/site-packages/airflow/example_dags/example_time_delta_sensor_async.py
[2024-05-08T13:20:53.201+0000] {processor.py:830} INFO - Processing file /home/denys/airflow_venv/lib/python3.12/site-packages/airflow/example_dags/example_time_delta_sensor_async.py for tasks to queue
[2024-05-08T13:20:53.202+0000] {logging_mixin.py:188} INFO - [2024-05-08T13:20:53.201+0000] {dagbag.py:545} INFO - Filling up the DagBag from /home/denys/airflow_venv/lib/python3.12/site-packages/airflow/example_dags/example_time_delta_sensor_async.py
[2024-05-08T13:20:53.205+0000] {processor.py:840} INFO - DAG(s) 'example_time_delta_sensor_async' retrieved from /home/denys/airflow_venv/lib/python3.12/site-packages/airflow/example_dags/example_time_delta_sensor_async.py
[2024-05-08T13:20:53.214+0000] {logging_mixin.py:188} INFO - [2024-05-08T13:20:53.214+0000] {dag.py:3096} INFO - Sync 1 DAGs
[2024-05-08T13:20:53.220+0000] {logging_mixin.py:188} INFO - [2024-05-08T13:20:53.219+0000] {dag.py:3954} INFO - Setting next_dagrun for example_time_delta_sensor_async to None, run_after=None
[2024-05-08T13:20:53.235+0000] {processor.py:183} INFO - Processing /home/denys/airflow_venv/lib/python3.12/site-packages/airflow/example_dags/example_time_delta_sensor_async.py took 0.044 seconds
[2024-05-08T13:21:58.799+0000] {processor.py:161} INFO - Started process (PID=2488) to work on /home/denys/airflow_venv/lib/python3.12/site-packages/airflow/example_dags/example_time_delta_sensor_async.py
[2024-05-08T13:21:58.802+0000] {processor.py:830} INFO - Processing file /home/denys/airflow_venv/lib/python3.12/site-packages/airflow/example_dags/example_time_delta_sensor_async.py for tasks to queue
[2024-05-08T13:21:58.803+0000] {logging_mixin.py:188} INFO - [2024-05-08T13:21:58.802+0000] {dagbag.py:545} INFO - Filling up the DagBag from /home/denys/airflow_venv/lib/python3.12/site-packages/airflow/example_dags/example_time_delta_sensor_async.py
[2024-05-08T13:21:58.805+0000] {processor.py:840} INFO - DAG(s) 'example_time_delta_sensor_async' retrieved from /home/denys/airflow_venv/lib/python3.12/site-packages/airflow/example_dags/example_time_delta_sensor_async.py
[2024-05-08T13:21:58.814+0000] {logging_mixin.py:188} INFO - [2024-05-08T13:21:58.814+0000] {dag.py:3096} INFO - Sync 1 DAGs
[2024-05-08T13:21:58.820+0000] {logging_mixin.py:188} INFO - [2024-05-08T13:21:58.820+0000] {dag.py:3954} INFO - Setting next_dagrun for example_time_delta_sensor_async to None, run_after=None
[2024-05-08T13:21:58.838+0000] {processor.py:183} INFO - Processing /home/denys/airflow_venv/lib/python3.12/site-packages/airflow/example_dags/example_time_delta_sensor_async.py took 0.042 seconds
[2024-05-08T13:23:02.994+0000] {processor.py:161} INFO - Started process (PID=2555) to work on /home/denys/airflow_venv/lib/python3.12/site-packages/airflow/example_dags/example_time_delta_sensor_async.py
[2024-05-08T13:23:03.001+0000] {processor.py:830} INFO - Processing file /home/denys/airflow_venv/lib/python3.12/site-packages/airflow/example_dags/example_time_delta_sensor_async.py for tasks to queue
[2024-05-08T13:23:03.002+0000] {logging_mixin.py:188} INFO - [2024-05-08T13:23:03.002+0000] {dagbag.py:545} INFO - Filling up the DagBag from /home/denys/airflow_venv/lib/python3.12/site-packages/airflow/example_dags/example_time_delta_sensor_async.py
[2024-05-08T13:23:03.005+0000] {processor.py:840} INFO - DAG(s) 'example_time_delta_sensor_async' retrieved from /home/denys/airflow_venv/lib/python3.12/site-packages/airflow/example_dags/example_time_delta_sensor_async.py
[2024-05-08T13:23:03.014+0000] {logging_mixin.py:188} INFO - [2024-05-08T13:23:03.014+0000] {dag.py:3096} INFO - Sync 1 DAGs
[2024-05-08T13:23:03.020+0000] {logging_mixin.py:188} INFO - [2024-05-08T13:23:03.020+0000] {dag.py:3954} INFO - Setting next_dagrun for example_time_delta_sensor_async to None, run_after=None
[2024-05-08T13:23:03.035+0000] {processor.py:183} INFO - Processing /home/denys/airflow_venv/lib/python3.12/site-packages/airflow/example_dags/example_time_delta_sensor_async.py took 0.044 seconds
[2024-05-08T13:24:03.964+0000] {processor.py:161} INFO - Started process (PID=2689) to work on /home/denys/airflow_venv/lib/python3.12/site-packages/airflow/example_dags/example_time_delta_sensor_async.py
[2024-05-08T13:24:03.965+0000] {processor.py:830} INFO - Processing file /home/denys/airflow_venv/lib/python3.12/site-packages/airflow/example_dags/example_time_delta_sensor_async.py for tasks to queue
[2024-05-08T13:24:03.966+0000] {logging_mixin.py:188} INFO - [2024-05-08T13:24:03.965+0000] {dagbag.py:545} INFO - Filling up the DagBag from /home/denys/airflow_venv/lib/python3.12/site-packages/airflow/example_dags/example_time_delta_sensor_async.py
[2024-05-08T13:24:03.968+0000] {processor.py:840} INFO - DAG(s) 'example_time_delta_sensor_async' retrieved from /home/denys/airflow_venv/lib/python3.12/site-packages/airflow/example_dags/example_time_delta_sensor_async.py
[2024-05-08T13:24:03.977+0000] {logging_mixin.py:188} INFO - [2024-05-08T13:24:03.977+0000] {dag.py:3096} INFO - Sync 1 DAGs
[2024-05-08T13:24:03.983+0000] {logging_mixin.py:188} INFO - [2024-05-08T13:24:03.983+0000] {dag.py:3954} INFO - Setting next_dagrun for example_time_delta_sensor_async to None, run_after=None
[2024-05-08T13:24:04.000+0000] {processor.py:183} INFO - Processing /home/denys/airflow_venv/lib/python3.12/site-packages/airflow/example_dags/example_time_delta_sensor_async.py took 0.040 seconds
[2024-05-08T13:25:01.407+0000] {processor.py:161} INFO - Started process (PID=2756) to work on /home/denys/airflow_venv/lib/python3.12/site-packages/airflow/example_dags/example_time_delta_sensor_async.py
[2024-05-08T13:25:01.409+0000] {processor.py:830} INFO - Processing file /home/denys/airflow_venv/lib/python3.12/site-packages/airflow/example_dags/example_time_delta_sensor_async.py for tasks to queue
[2024-05-08T13:25:01.409+0000] {logging_mixin.py:188} INFO - [2024-05-08T13:25:01.409+0000] {dagbag.py:545} INFO - Filling up the DagBag from /home/denys/airflow_venv/lib/python3.12/site-packages/airflow/example_dags/example_time_delta_sensor_async.py
[2024-05-08T13:25:01.412+0000] {processor.py:840} INFO - DAG(s) 'example_time_delta_sensor_async' retrieved from /home/denys/airflow_venv/lib/python3.12/site-packages/airflow/example_dags/example_time_delta_sensor_async.py
[2024-05-08T13:25:01.422+0000] {logging_mixin.py:188} INFO - [2024-05-08T13:25:01.422+0000] {dag.py:3096} INFO - Sync 1 DAGs
[2024-05-08T13:25:01.428+0000] {logging_mixin.py:188} INFO - [2024-05-08T13:25:01.428+0000] {dag.py:3954} INFO - Setting next_dagrun for example_time_delta_sensor_async to None, run_after=None
[2024-05-08T13:25:01.449+0000] {processor.py:183} INFO - Processing /home/denys/airflow_venv/lib/python3.12/site-packages/airflow/example_dags/example_time_delta_sensor_async.py took 0.045 seconds
[2024-05-08T13:26:01.787+0000] {processor.py:161} INFO - Started process (PID=2821) to work on /home/denys/airflow_venv/lib/python3.12/site-packages/airflow/example_dags/example_time_delta_sensor_async.py
[2024-05-08T13:26:01.788+0000] {processor.py:830} INFO - Processing file /home/denys/airflow_venv/lib/python3.12/site-packages/airflow/example_dags/example_time_delta_sensor_async.py for tasks to queue
[2024-05-08T13:26:01.789+0000] {logging_mixin.py:188} INFO - [2024-05-08T13:26:01.789+0000] {dagbag.py:545} INFO - Filling up the DagBag from /home/denys/airflow_venv/lib/python3.12/site-packages/airflow/example_dags/example_time_delta_sensor_async.py
[2024-05-08T13:26:01.792+0000] {processor.py:840} INFO - DAG(s) 'example_time_delta_sensor_async' retrieved from /home/denys/airflow_venv/lib/python3.12/site-packages/airflow/example_dags/example_time_delta_sensor_async.py
[2024-05-08T13:26:01.802+0000] {logging_mixin.py:188} INFO - [2024-05-08T13:26:01.801+0000] {dag.py:3096} INFO - Sync 1 DAGs
[2024-05-08T13:26:01.808+0000] {logging_mixin.py:188} INFO - [2024-05-08T13:26:01.807+0000] {dag.py:3954} INFO - Setting next_dagrun for example_time_delta_sensor_async to None, run_after=None
[2024-05-08T13:26:01.829+0000] {processor.py:183} INFO - Processing /home/denys/airflow_venv/lib/python3.12/site-packages/airflow/example_dags/example_time_delta_sensor_async.py took 0.046 seconds
[2024-05-08T13:27:06.517+0000] {processor.py:161} INFO - Started process (PID=2887) to work on /home/denys/airflow_venv/lib/python3.12/site-packages/airflow/example_dags/example_time_delta_sensor_async.py
[2024-05-08T13:27:06.518+0000] {processor.py:830} INFO - Processing file /home/denys/airflow_venv/lib/python3.12/site-packages/airflow/example_dags/example_time_delta_sensor_async.py for tasks to queue
[2024-05-08T13:27:06.519+0000] {logging_mixin.py:188} INFO - [2024-05-08T13:27:06.518+0000] {dagbag.py:545} INFO - Filling up the DagBag from /home/denys/airflow_venv/lib/python3.12/site-packages/airflow/example_dags/example_time_delta_sensor_async.py
[2024-05-08T13:27:06.521+0000] {processor.py:840} INFO - DAG(s) 'example_time_delta_sensor_async' retrieved from /home/denys/airflow_venv/lib/python3.12/site-packages/airflow/example_dags/example_time_delta_sensor_async.py
[2024-05-08T13:27:06.531+0000] {logging_mixin.py:188} INFO - [2024-05-08T13:27:06.531+0000] {dag.py:3096} INFO - Sync 1 DAGs
[2024-05-08T13:27:06.538+0000] {logging_mixin.py:188} INFO - [2024-05-08T13:27:06.538+0000] {dag.py:3954} INFO - Setting next_dagrun for example_time_delta_sensor_async to None, run_after=None
[2024-05-08T13:27:06.560+0000] {processor.py:183} INFO - Processing /home/denys/airflow_venv/lib/python3.12/site-packages/airflow/example_dags/example_time_delta_sensor_async.py took 0.046 seconds
[2024-05-08T13:28:12.409+0000] {processor.py:161} INFO - Started process (PID=2955) to work on /home/denys/airflow_venv/lib/python3.12/site-packages/airflow/example_dags/example_time_delta_sensor_async.py
[2024-05-08T13:28:12.410+0000] {processor.py:830} INFO - Processing file /home/denys/airflow_venv/lib/python3.12/site-packages/airflow/example_dags/example_time_delta_sensor_async.py for tasks to queue
[2024-05-08T13:28:12.411+0000] {logging_mixin.py:188} INFO - [2024-05-08T13:28:12.411+0000] {dagbag.py:545} INFO - Filling up the DagBag from /home/denys/airflow_venv/lib/python3.12/site-packages/airflow/example_dags/example_time_delta_sensor_async.py
[2024-05-08T13:28:12.414+0000] {processor.py:840} INFO - DAG(s) 'example_time_delta_sensor_async' retrieved from /home/denys/airflow_venv/lib/python3.12/site-packages/airflow/example_dags/example_time_delta_sensor_async.py
[2024-05-08T13:28:12.425+0000] {logging_mixin.py:188} INFO - [2024-05-08T13:28:12.425+0000] {dag.py:3096} INFO - Sync 1 DAGs
[2024-05-08T13:28:12.431+0000] {logging_mixin.py:188} INFO - [2024-05-08T13:28:12.431+0000] {dag.py:3954} INFO - Setting next_dagrun for example_time_delta_sensor_async to None, run_after=None
[2024-05-08T13:28:12.453+0000] {processor.py:183} INFO - Processing /home/denys/airflow_venv/lib/python3.12/site-packages/airflow/example_dags/example_time_delta_sensor_async.py took 0.047 seconds
[2024-05-08T13:29:13.150+0000] {processor.py:161} INFO - Started process (PID=3074) to work on /home/denys/airflow_venv/lib/python3.12/site-packages/airflow/example_dags/example_time_delta_sensor_async.py
[2024-05-08T13:29:13.152+0000] {processor.py:830} INFO - Processing file /home/denys/airflow_venv/lib/python3.12/site-packages/airflow/example_dags/example_time_delta_sensor_async.py for tasks to queue
[2024-05-08T13:29:13.153+0000] {logging_mixin.py:188} INFO - [2024-05-08T13:29:13.153+0000] {dagbag.py:545} INFO - Filling up the DagBag from /home/denys/airflow_venv/lib/python3.12/site-packages/airflow/example_dags/example_time_delta_sensor_async.py
[2024-05-08T13:29:13.155+0000] {processor.py:840} INFO - DAG(s) 'example_time_delta_sensor_async' retrieved from /home/denys/airflow_venv/lib/python3.12/site-packages/airflow/example_dags/example_time_delta_sensor_async.py
[2024-05-08T13:29:13.166+0000] {logging_mixin.py:188} INFO - [2024-05-08T13:29:13.166+0000] {dag.py:3096} INFO - Sync 1 DAGs
[2024-05-08T13:29:13.173+0000] {logging_mixin.py:188} INFO - [2024-05-08T13:29:13.173+0000] {dag.py:3954} INFO - Setting next_dagrun for example_time_delta_sensor_async to None, run_after=None
[2024-05-08T13:29:13.190+0000] {processor.py:183} INFO - Processing /home/denys/airflow_venv/lib/python3.12/site-packages/airflow/example_dags/example_time_delta_sensor_async.py took 0.043 seconds
[2024-05-08T13:30:12.616+0000] {processor.py:161} INFO - Started process (PID=3140) to work on /home/denys/airflow_venv/lib/python3.12/site-packages/airflow/example_dags/example_time_delta_sensor_async.py
[2024-05-08T13:30:12.617+0000] {processor.py:830} INFO - Processing file /home/denys/airflow_venv/lib/python3.12/site-packages/airflow/example_dags/example_time_delta_sensor_async.py for tasks to queue
[2024-05-08T13:30:12.618+0000] {logging_mixin.py:188} INFO - [2024-05-08T13:30:12.618+0000] {dagbag.py:545} INFO - Filling up the DagBag from /home/denys/airflow_venv/lib/python3.12/site-packages/airflow/example_dags/example_time_delta_sensor_async.py
[2024-05-08T13:30:12.621+0000] {processor.py:840} INFO - DAG(s) 'example_time_delta_sensor_async' retrieved from /home/denys/airflow_venv/lib/python3.12/site-packages/airflow/example_dags/example_time_delta_sensor_async.py
[2024-05-08T13:30:12.630+0000] {logging_mixin.py:188} INFO - [2024-05-08T13:30:12.630+0000] {dag.py:3096} INFO - Sync 1 DAGs
[2024-05-08T13:30:12.637+0000] {logging_mixin.py:188} INFO - [2024-05-08T13:30:12.637+0000] {dag.py:3954} INFO - Setting next_dagrun for example_time_delta_sensor_async to None, run_after=None
[2024-05-08T13:30:12.655+0000] {processor.py:183} INFO - Processing /home/denys/airflow_venv/lib/python3.12/site-packages/airflow/example_dags/example_time_delta_sensor_async.py took 0.044 seconds
[2024-05-08T13:31:14.555+0000] {processor.py:161} INFO - Started process (PID=3204) to work on /home/denys/airflow_venv/lib/python3.12/site-packages/airflow/example_dags/example_time_delta_sensor_async.py
[2024-05-08T13:31:14.556+0000] {processor.py:830} INFO - Processing file /home/denys/airflow_venv/lib/python3.12/site-packages/airflow/example_dags/example_time_delta_sensor_async.py for tasks to queue
[2024-05-08T13:31:14.558+0000] {logging_mixin.py:188} INFO - [2024-05-08T13:31:14.558+0000] {dagbag.py:545} INFO - Filling up the DagBag from /home/denys/airflow_venv/lib/python3.12/site-packages/airflow/example_dags/example_time_delta_sensor_async.py
[2024-05-08T13:31:14.561+0000] {processor.py:840} INFO - DAG(s) 'example_time_delta_sensor_async' retrieved from /home/denys/airflow_venv/lib/python3.12/site-packages/airflow/example_dags/example_time_delta_sensor_async.py
[2024-05-08T13:31:14.570+0000] {logging_mixin.py:188} INFO - [2024-05-08T13:31:14.570+0000] {dag.py:3096} INFO - Sync 1 DAGs
[2024-05-08T13:31:14.576+0000] {logging_mixin.py:188} INFO - [2024-05-08T13:31:14.576+0000] {dag.py:3954} INFO - Setting next_dagrun for example_time_delta_sensor_async to None, run_after=None
[2024-05-08T13:31:14.592+0000] {processor.py:183} INFO - Processing /home/denys/airflow_venv/lib/python3.12/site-packages/airflow/example_dags/example_time_delta_sensor_async.py took 0.041 seconds
[2024-05-08T13:32:17.397+0000] {processor.py:161} INFO - Started process (PID=3268) to work on /home/denys/airflow_venv/lib/python3.12/site-packages/airflow/example_dags/example_time_delta_sensor_async.py
[2024-05-08T13:32:17.403+0000] {processor.py:830} INFO - Processing file /home/denys/airflow_venv/lib/python3.12/site-packages/airflow/example_dags/example_time_delta_sensor_async.py for tasks to queue
[2024-05-08T13:32:17.404+0000] {logging_mixin.py:188} INFO - [2024-05-08T13:32:17.404+0000] {dagbag.py:545} INFO - Filling up the DagBag from /home/denys/airflow_venv/lib/python3.12/site-packages/airflow/example_dags/example_time_delta_sensor_async.py
[2024-05-08T13:32:17.408+0000] {processor.py:840} INFO - DAG(s) 'example_time_delta_sensor_async' retrieved from /home/denys/airflow_venv/lib/python3.12/site-packages/airflow/example_dags/example_time_delta_sensor_async.py
[2024-05-08T13:32:17.420+0000] {logging_mixin.py:188} INFO - [2024-05-08T13:32:17.420+0000] {dag.py:3096} INFO - Sync 1 DAGs
[2024-05-08T13:32:17.427+0000] {logging_mixin.py:188} INFO - [2024-05-08T13:32:17.427+0000] {dag.py:3954} INFO - Setting next_dagrun for example_time_delta_sensor_async to None, run_after=None
[2024-05-08T13:32:17.449+0000] {processor.py:183} INFO - Processing /home/denys/airflow_venv/lib/python3.12/site-packages/airflow/example_dags/example_time_delta_sensor_async.py took 0.055 seconds
[2024-05-08T13:33:22.809+0000] {processor.py:161} INFO - Started process (PID=3335) to work on /home/denys/airflow_venv/lib/python3.12/site-packages/airflow/example_dags/example_time_delta_sensor_async.py
[2024-05-08T13:33:22.816+0000] {processor.py:830} INFO - Processing file /home/denys/airflow_venv/lib/python3.12/site-packages/airflow/example_dags/example_time_delta_sensor_async.py for tasks to queue
[2024-05-08T13:33:22.817+0000] {logging_mixin.py:188} INFO - [2024-05-08T13:33:22.816+0000] {dagbag.py:545} INFO - Filling up the DagBag from /home/denys/airflow_venv/lib/python3.12/site-packages/airflow/example_dags/example_time_delta_sensor_async.py
[2024-05-08T13:33:22.819+0000] {processor.py:840} INFO - DAG(s) 'example_time_delta_sensor_async' retrieved from /home/denys/airflow_venv/lib/python3.12/site-packages/airflow/example_dags/example_time_delta_sensor_async.py
[2024-05-08T13:33:22.828+0000] {logging_mixin.py:188} INFO - [2024-05-08T13:33:22.828+0000] {dag.py:3096} INFO - Sync 1 DAGs
[2024-05-08T13:33:22.835+0000] {logging_mixin.py:188} INFO - [2024-05-08T13:33:22.834+0000] {dag.py:3954} INFO - Setting next_dagrun for example_time_delta_sensor_async to None, run_after=None
[2024-05-08T13:33:22.851+0000] {processor.py:183} INFO - Processing /home/denys/airflow_venv/lib/python3.12/site-packages/airflow/example_dags/example_time_delta_sensor_async.py took 0.046 seconds
[2024-05-08T13:34:26.377+0000] {processor.py:161} INFO - Started process (PID=3403) to work on /home/denys/airflow_venv/lib/python3.12/site-packages/airflow/example_dags/example_time_delta_sensor_async.py
[2024-05-08T13:34:26.379+0000] {processor.py:830} INFO - Processing file /home/denys/airflow_venv/lib/python3.12/site-packages/airflow/example_dags/example_time_delta_sensor_async.py for tasks to queue
[2024-05-08T13:34:26.380+0000] {logging_mixin.py:188} INFO - [2024-05-08T13:34:26.380+0000] {dagbag.py:545} INFO - Filling up the DagBag from /home/denys/airflow_venv/lib/python3.12/site-packages/airflow/example_dags/example_time_delta_sensor_async.py
[2024-05-08T13:34:26.383+0000] {processor.py:840} INFO - DAG(s) 'example_time_delta_sensor_async' retrieved from /home/denys/airflow_venv/lib/python3.12/site-packages/airflow/example_dags/example_time_delta_sensor_async.py
[2024-05-08T13:34:26.393+0000] {logging_mixin.py:188} INFO - [2024-05-08T13:34:26.393+0000] {dag.py:3096} INFO - Sync 1 DAGs
[2024-05-08T13:34:26.402+0000] {logging_mixin.py:188} INFO - [2024-05-08T13:34:26.401+0000] {dag.py:3954} INFO - Setting next_dagrun for example_time_delta_sensor_async to None, run_after=None
[2024-05-08T13:34:26.425+0000] {processor.py:183} INFO - Processing /home/denys/airflow_venv/lib/python3.12/site-packages/airflow/example_dags/example_time_delta_sensor_async.py took 0.051 seconds
[2024-05-08T13:35:25.640+0000] {processor.py:161} INFO - Started process (PID=3469) to work on /home/denys/airflow_venv/lib/python3.12/site-packages/airflow/example_dags/example_time_delta_sensor_async.py
[2024-05-08T13:35:25.641+0000] {processor.py:830} INFO - Processing file /home/denys/airflow_venv/lib/python3.12/site-packages/airflow/example_dags/example_time_delta_sensor_async.py for tasks to queue
[2024-05-08T13:35:25.642+0000] {logging_mixin.py:188} INFO - [2024-05-08T13:35:25.642+0000] {dagbag.py:545} INFO - Filling up the DagBag from /home/denys/airflow_venv/lib/python3.12/site-packages/airflow/example_dags/example_time_delta_sensor_async.py
[2024-05-08T13:35:25.645+0000] {processor.py:840} INFO - DAG(s) 'example_time_delta_sensor_async' retrieved from /home/denys/airflow_venv/lib/python3.12/site-packages/airflow/example_dags/example_time_delta_sensor_async.py
[2024-05-08T13:35:25.655+0000] {logging_mixin.py:188} INFO - [2024-05-08T13:35:25.655+0000] {dag.py:3096} INFO - Sync 1 DAGs
[2024-05-08T13:35:25.663+0000] {logging_mixin.py:188} INFO - [2024-05-08T13:35:25.663+0000] {dag.py:3954} INFO - Setting next_dagrun for example_time_delta_sensor_async to None, run_after=None
[2024-05-08T13:35:25.681+0000] {processor.py:183} INFO - Processing /home/denys/airflow_venv/lib/python3.12/site-packages/airflow/example_dags/example_time_delta_sensor_async.py took 0.044 seconds
[2024-05-08T13:36:26.986+0000] {processor.py:161} INFO - Started process (PID=3532) to work on /home/denys/airflow_venv/lib/python3.12/site-packages/airflow/example_dags/example_time_delta_sensor_async.py
[2024-05-08T13:36:26.988+0000] {processor.py:830} INFO - Processing file /home/denys/airflow_venv/lib/python3.12/site-packages/airflow/example_dags/example_time_delta_sensor_async.py for tasks to queue
[2024-05-08T13:36:26.989+0000] {logging_mixin.py:188} INFO - [2024-05-08T13:36:26.989+0000] {dagbag.py:545} INFO - Filling up the DagBag from /home/denys/airflow_venv/lib/python3.12/site-packages/airflow/example_dags/example_time_delta_sensor_async.py
[2024-05-08T13:36:26.992+0000] {processor.py:840} INFO - DAG(s) 'example_time_delta_sensor_async' retrieved from /home/denys/airflow_venv/lib/python3.12/site-packages/airflow/example_dags/example_time_delta_sensor_async.py
[2024-05-08T13:36:27.001+0000] {logging_mixin.py:188} INFO - [2024-05-08T13:36:27.001+0000] {dag.py:3096} INFO - Sync 1 DAGs
[2024-05-08T13:36:27.008+0000] {logging_mixin.py:188} INFO - [2024-05-08T13:36:27.007+0000] {dag.py:3954} INFO - Setting next_dagrun for example_time_delta_sensor_async to None, run_after=None
[2024-05-08T13:36:27.030+0000] {processor.py:183} INFO - Processing /home/denys/airflow_venv/lib/python3.12/site-packages/airflow/example_dags/example_time_delta_sensor_async.py took 0.048 seconds
[2024-05-08T13:37:33.075+0000] {processor.py:161} INFO - Started process (PID=3599) to work on /home/denys/airflow_venv/lib/python3.12/site-packages/airflow/example_dags/example_time_delta_sensor_async.py
[2024-05-08T13:37:33.078+0000] {processor.py:830} INFO - Processing file /home/denys/airflow_venv/lib/python3.12/site-packages/airflow/example_dags/example_time_delta_sensor_async.py for tasks to queue
[2024-05-08T13:37:33.079+0000] {logging_mixin.py:188} INFO - [2024-05-08T13:37:33.079+0000] {dagbag.py:545} INFO - Filling up the DagBag from /home/denys/airflow_venv/lib/python3.12/site-packages/airflow/example_dags/example_time_delta_sensor_async.py
[2024-05-08T13:37:33.084+0000] {processor.py:840} INFO - DAG(s) 'example_time_delta_sensor_async' retrieved from /home/denys/airflow_venv/lib/python3.12/site-packages/airflow/example_dags/example_time_delta_sensor_async.py
[2024-05-08T13:37:33.099+0000] {logging_mixin.py:188} INFO - [2024-05-08T13:37:33.099+0000] {dag.py:3096} INFO - Sync 1 DAGs
[2024-05-08T13:37:33.108+0000] {logging_mixin.py:188} INFO - [2024-05-08T13:37:33.107+0000] {dag.py:3954} INFO - Setting next_dagrun for example_time_delta_sensor_async to None, run_after=None
[2024-05-08T13:37:33.128+0000] {processor.py:183} INFO - Processing /home/denys/airflow_venv/lib/python3.12/site-packages/airflow/example_dags/example_time_delta_sensor_async.py took 0.057 seconds
[2024-05-08T13:38:25.447+0000] {processor.py:161} INFO - Started process (PID=3653) to work on /home/denys/airflow_venv/lib/python3.12/site-packages/airflow/example_dags/example_time_delta_sensor_async.py
[2024-05-08T13:38:25.448+0000] {processor.py:830} INFO - Processing file /home/denys/airflow_venv/lib/python3.12/site-packages/airflow/example_dags/example_time_delta_sensor_async.py for tasks to queue
[2024-05-08T13:38:25.450+0000] {logging_mixin.py:188} INFO - [2024-05-08T13:38:25.449+0000] {dagbag.py:545} INFO - Filling up the DagBag from /home/denys/airflow_venv/lib/python3.12/site-packages/airflow/example_dags/example_time_delta_sensor_async.py
[2024-05-08T13:38:25.453+0000] {processor.py:840} INFO - DAG(s) 'example_time_delta_sensor_async' retrieved from /home/denys/airflow_venv/lib/python3.12/site-packages/airflow/example_dags/example_time_delta_sensor_async.py
[2024-05-08T13:38:25.462+0000] {logging_mixin.py:188} INFO - [2024-05-08T13:38:25.461+0000] {dag.py:3096} INFO - Sync 1 DAGs
[2024-05-08T13:38:25.469+0000] {logging_mixin.py:188} INFO - [2024-05-08T13:38:25.469+0000] {dag.py:3954} INFO - Setting next_dagrun for example_time_delta_sensor_async to None, run_after=None
[2024-05-08T13:38:25.490+0000] {processor.py:183} INFO - Processing /home/denys/airflow_venv/lib/python3.12/site-packages/airflow/example_dags/example_time_delta_sensor_async.py took 0.047 seconds
[2024-05-08T13:39:27.776+0000] {processor.py:161} INFO - Started process (PID=3718) to work on /home/denys/airflow_venv/lib/python3.12/site-packages/airflow/example_dags/example_time_delta_sensor_async.py
[2024-05-08T13:39:27.778+0000] {processor.py:830} INFO - Processing file /home/denys/airflow_venv/lib/python3.12/site-packages/airflow/example_dags/example_time_delta_sensor_async.py for tasks to queue
[2024-05-08T13:39:27.779+0000] {logging_mixin.py:188} INFO - [2024-05-08T13:39:27.779+0000] {dagbag.py:545} INFO - Filling up the DagBag from /home/denys/airflow_venv/lib/python3.12/site-packages/airflow/example_dags/example_time_delta_sensor_async.py
[2024-05-08T13:39:27.782+0000] {processor.py:840} INFO - DAG(s) 'example_time_delta_sensor_async' retrieved from /home/denys/airflow_venv/lib/python3.12/site-packages/airflow/example_dags/example_time_delta_sensor_async.py
[2024-05-08T13:39:27.792+0000] {logging_mixin.py:188} INFO - [2024-05-08T13:39:27.792+0000] {dag.py:3096} INFO - Sync 1 DAGs
[2024-05-08T13:39:27.798+0000] {logging_mixin.py:188} INFO - [2024-05-08T13:39:27.798+0000] {dag.py:3954} INFO - Setting next_dagrun for example_time_delta_sensor_async to None, run_after=None
[2024-05-08T13:39:27.820+0000] {processor.py:183} INFO - Processing /home/denys/airflow_venv/lib/python3.12/site-packages/airflow/example_dags/example_time_delta_sensor_async.py took 0.047 seconds
[2024-05-08T13:40:39.641+0000] {processor.py:161} INFO - Started process (PID=3789) to work on /home/denys/airflow_venv/lib/python3.12/site-packages/airflow/example_dags/example_time_delta_sensor_async.py
[2024-05-08T13:40:39.642+0000] {processor.py:830} INFO - Processing file /home/denys/airflow_venv/lib/python3.12/site-packages/airflow/example_dags/example_time_delta_sensor_async.py for tasks to queue
[2024-05-08T13:40:39.643+0000] {logging_mixin.py:188} INFO - [2024-05-08T13:40:39.643+0000] {dagbag.py:545} INFO - Filling up the DagBag from /home/denys/airflow_venv/lib/python3.12/site-packages/airflow/example_dags/example_time_delta_sensor_async.py
[2024-05-08T13:40:39.646+0000] {processor.py:840} INFO - DAG(s) 'example_time_delta_sensor_async' retrieved from /home/denys/airflow_venv/lib/python3.12/site-packages/airflow/example_dags/example_time_delta_sensor_async.py
[2024-05-08T13:40:39.655+0000] {logging_mixin.py:188} INFO - [2024-05-08T13:40:39.655+0000] {dag.py:3096} INFO - Sync 1 DAGs
[2024-05-08T13:40:39.661+0000] {logging_mixin.py:188} INFO - [2024-05-08T13:40:39.661+0000] {dag.py:3954} INFO - Setting next_dagrun for example_time_delta_sensor_async to None, run_after=None
[2024-05-08T13:40:39.685+0000] {processor.py:183} INFO - Processing /home/denys/airflow_venv/lib/python3.12/site-packages/airflow/example_dags/example_time_delta_sensor_async.py took 0.048 seconds
[2024-05-08T13:41:49.135+0000] {processor.py:161} INFO - Started process (PID=3858) to work on /home/denys/airflow_venv/lib/python3.12/site-packages/airflow/example_dags/example_time_delta_sensor_async.py
[2024-05-08T13:41:49.137+0000] {processor.py:830} INFO - Processing file /home/denys/airflow_venv/lib/python3.12/site-packages/airflow/example_dags/example_time_delta_sensor_async.py for tasks to queue
[2024-05-08T13:41:49.138+0000] {logging_mixin.py:188} INFO - [2024-05-08T13:41:49.137+0000] {dagbag.py:545} INFO - Filling up the DagBag from /home/denys/airflow_venv/lib/python3.12/site-packages/airflow/example_dags/example_time_delta_sensor_async.py
[2024-05-08T13:41:49.140+0000] {processor.py:840} INFO - DAG(s) 'example_time_delta_sensor_async' retrieved from /home/denys/airflow_venv/lib/python3.12/site-packages/airflow/example_dags/example_time_delta_sensor_async.py
[2024-05-08T13:41:49.150+0000] {logging_mixin.py:188} INFO - [2024-05-08T13:41:49.150+0000] {dag.py:3096} INFO - Sync 1 DAGs
[2024-05-08T13:41:49.158+0000] {logging_mixin.py:188} INFO - [2024-05-08T13:41:49.158+0000] {dag.py:3954} INFO - Setting next_dagrun for example_time_delta_sensor_async to None, run_after=None
[2024-05-08T13:41:49.179+0000] {processor.py:183} INFO - Processing /home/denys/airflow_venv/lib/python3.12/site-packages/airflow/example_dags/example_time_delta_sensor_async.py took 0.047 seconds
[2024-05-08T13:42:57.746+0000] {processor.py:161} INFO - Started process (PID=3926) to work on /home/denys/airflow_venv/lib/python3.12/site-packages/airflow/example_dags/example_time_delta_sensor_async.py
[2024-05-08T13:42:57.748+0000] {processor.py:830} INFO - Processing file /home/denys/airflow_venv/lib/python3.12/site-packages/airflow/example_dags/example_time_delta_sensor_async.py for tasks to queue
[2024-05-08T13:42:57.749+0000] {logging_mixin.py:188} INFO - [2024-05-08T13:42:57.748+0000] {dagbag.py:545} INFO - Filling up the DagBag from /home/denys/airflow_venv/lib/python3.12/site-packages/airflow/example_dags/example_time_delta_sensor_async.py
[2024-05-08T13:42:57.752+0000] {processor.py:840} INFO - DAG(s) 'example_time_delta_sensor_async' retrieved from /home/denys/airflow_venv/lib/python3.12/site-packages/airflow/example_dags/example_time_delta_sensor_async.py
[2024-05-08T13:42:57.762+0000] {logging_mixin.py:188} INFO - [2024-05-08T13:42:57.762+0000] {dag.py:3096} INFO - Sync 1 DAGs
[2024-05-08T13:42:57.769+0000] {logging_mixin.py:188} INFO - [2024-05-08T13:42:57.769+0000] {dag.py:3954} INFO - Setting next_dagrun for example_time_delta_sensor_async to None, run_after=None
[2024-05-08T13:42:57.792+0000] {processor.py:183} INFO - Processing /home/denys/airflow_venv/lib/python3.12/site-packages/airflow/example_dags/example_time_delta_sensor_async.py took 0.050 seconds
