[2024-05-08T13:11:46.756+0000] {processor.py:161} INFO - Started process (PID=1863) to work on /home/denys/airflow_venv/lib/python3.12/site-packages/airflow/example_dags/example_xcom.py
[2024-05-08T13:11:46.756+0000] {processor.py:830} INFO - Processing file /home/denys/airflow_venv/lib/python3.12/site-packages/airflow/example_dags/example_xcom.py for tasks to queue
[2024-05-08T13:11:46.757+0000] {logging_mixin.py:188} INFO - [2024-05-08T13:11:46.757+0000] {dagbag.py:545} INFO - Filling up the DagBag from /home/denys/airflow_venv/lib/python3.12/site-packages/airflow/example_dags/example_xcom.py
[2024-05-08T13:11:46.761+0000] {processor.py:840} INFO - DAG(s) 'example_xcom' retrieved from /home/denys/airflow_venv/lib/python3.12/site-packages/airflow/example_dags/example_xcom.py
[2024-05-08T13:11:46.835+0000] {logging_mixin.py:188} INFO - [2024-05-08T13:11:46.835+0000] {override.py:1829} INFO - Created Permission View: can delete on DAG:example_xcom
[2024-05-08T13:11:46.844+0000] {logging_mixin.py:188} INFO - [2024-05-08T13:11:46.844+0000] {override.py:1829} INFO - Created Permission View: can edit on DAG:example_xcom
[2024-05-08T13:11:46.852+0000] {logging_mixin.py:188} INFO - [2024-05-08T13:11:46.851+0000] {override.py:1829} INFO - Created Permission View: can read on DAG:example_xcom
[2024-05-08T13:11:46.852+0000] {logging_mixin.py:188} INFO - [2024-05-08T13:11:46.852+0000] {dag.py:3096} INFO - Sync 1 DAGs
[2024-05-08T13:11:46.857+0000] {logging_mixin.py:188} INFO - [2024-05-08T13:11:46.857+0000] {dag.py:3118} INFO - Creating ORM DAG for example_xcom
[2024-05-08T13:11:46.862+0000] {logging_mixin.py:188} INFO - [2024-05-08T13:11:46.862+0000] {dag.py:3954} INFO - Setting next_dagrun for example_xcom to 2021-01-01 00:00:00+00:00, run_after=2021-01-01 00:00:00+00:00
[2024-05-08T13:11:46.878+0000] {processor.py:183} INFO - Processing /home/denys/airflow_venv/lib/python3.12/site-packages/airflow/example_dags/example_xcom.py took 0.126 seconds
[2024-05-08T13:12:40.411+0000] {processor.py:161} INFO - Started process (PID=1916) to work on /home/denys/airflow_venv/lib/python3.12/site-packages/airflow/example_dags/example_xcom.py
[2024-05-08T13:12:40.412+0000] {processor.py:830} INFO - Processing file /home/denys/airflow_venv/lib/python3.12/site-packages/airflow/example_dags/example_xcom.py for tasks to queue
[2024-05-08T13:12:40.413+0000] {logging_mixin.py:188} INFO - [2024-05-08T13:12:40.413+0000] {dagbag.py:545} INFO - Filling up the DagBag from /home/denys/airflow_venv/lib/python3.12/site-packages/airflow/example_dags/example_xcom.py
[2024-05-08T13:12:40.418+0000] {processor.py:840} INFO - DAG(s) 'example_xcom' retrieved from /home/denys/airflow_venv/lib/python3.12/site-packages/airflow/example_dags/example_xcom.py
[2024-05-08T13:12:40.428+0000] {logging_mixin.py:188} INFO - [2024-05-08T13:12:40.428+0000] {dag.py:3096} INFO - Sync 1 DAGs
[2024-05-08T13:12:40.437+0000] {logging_mixin.py:188} INFO - [2024-05-08T13:12:40.437+0000] {dag.py:3954} INFO - Setting next_dagrun for example_xcom to 2021-01-01 00:00:00+00:00, run_after=2021-01-01 00:00:00+00:00
[2024-05-08T13:12:40.461+0000] {processor.py:183} INFO - Processing /home/denys/airflow_venv/lib/python3.12/site-packages/airflow/example_dags/example_xcom.py took 0.053 seconds
[2024-05-08T13:13:25.650+0000] {processor.py:161} INFO - Started process (PID=1965) to work on /home/denys/airflow_venv/lib/python3.12/site-packages/airflow/example_dags/example_xcom.py
[2024-05-08T13:13:25.651+0000] {processor.py:830} INFO - Processing file /home/denys/airflow_venv/lib/python3.12/site-packages/airflow/example_dags/example_xcom.py for tasks to queue
[2024-05-08T13:13:25.652+0000] {logging_mixin.py:188} INFO - [2024-05-08T13:13:25.652+0000] {dagbag.py:545} INFO - Filling up the DagBag from /home/denys/airflow_venv/lib/python3.12/site-packages/airflow/example_dags/example_xcom.py
[2024-05-08T13:13:25.657+0000] {processor.py:840} INFO - DAG(s) 'example_xcom' retrieved from /home/denys/airflow_venv/lib/python3.12/site-packages/airflow/example_dags/example_xcom.py
[2024-05-08T13:13:25.668+0000] {logging_mixin.py:188} INFO - [2024-05-08T13:13:25.668+0000] {dag.py:3096} INFO - Sync 1 DAGs
[2024-05-08T13:13:25.681+0000] {logging_mixin.py:188} INFO - [2024-05-08T13:13:25.679+0000] {dag.py:3954} INFO - Setting next_dagrun for example_xcom to 2021-01-01 00:00:00+00:00, run_after=2021-01-01 00:00:00+00:00
[2024-05-08T13:13:25.703+0000] {processor.py:183} INFO - Processing /home/denys/airflow_venv/lib/python3.12/site-packages/airflow/example_dags/example_xcom.py took 0.057 seconds
[2024-05-08T13:14:08.152+0000] {processor.py:161} INFO - Started process (PID=2010) to work on /home/denys/airflow_venv/lib/python3.12/site-packages/airflow/example_dags/example_xcom.py
[2024-05-08T13:14:08.153+0000] {processor.py:830} INFO - Processing file /home/denys/airflow_venv/lib/python3.12/site-packages/airflow/example_dags/example_xcom.py for tasks to queue
[2024-05-08T13:14:08.154+0000] {logging_mixin.py:188} INFO - [2024-05-08T13:14:08.154+0000] {dagbag.py:545} INFO - Filling up the DagBag from /home/denys/airflow_venv/lib/python3.12/site-packages/airflow/example_dags/example_xcom.py
[2024-05-08T13:14:08.159+0000] {processor.py:840} INFO - DAG(s) 'example_xcom' retrieved from /home/denys/airflow_venv/lib/python3.12/site-packages/airflow/example_dags/example_xcom.py
[2024-05-08T13:14:08.167+0000] {logging_mixin.py:188} INFO - [2024-05-08T13:14:08.167+0000] {dag.py:3096} INFO - Sync 1 DAGs
[2024-05-08T13:14:08.177+0000] {logging_mixin.py:188} INFO - [2024-05-08T13:14:08.176+0000] {dag.py:3954} INFO - Setting next_dagrun for example_xcom to 2021-01-01 00:00:00+00:00, run_after=2021-01-01 00:00:00+00:00
[2024-05-08T13:14:08.201+0000] {processor.py:183} INFO - Processing /home/denys/airflow_venv/lib/python3.12/site-packages/airflow/example_dags/example_xcom.py took 0.052 seconds
[2024-05-08T13:14:50.622+0000] {processor.py:161} INFO - Started process (PID=2053) to work on /home/denys/airflow_venv/lib/python3.12/site-packages/airflow/example_dags/example_xcom.py
[2024-05-08T13:14:50.623+0000] {processor.py:830} INFO - Processing file /home/denys/airflow_venv/lib/python3.12/site-packages/airflow/example_dags/example_xcom.py for tasks to queue
[2024-05-08T13:14:50.624+0000] {logging_mixin.py:188} INFO - [2024-05-08T13:14:50.624+0000] {dagbag.py:545} INFO - Filling up the DagBag from /home/denys/airflow_venv/lib/python3.12/site-packages/airflow/example_dags/example_xcom.py
[2024-05-08T13:14:50.629+0000] {processor.py:840} INFO - DAG(s) 'example_xcom' retrieved from /home/denys/airflow_venv/lib/python3.12/site-packages/airflow/example_dags/example_xcom.py
[2024-05-08T13:14:50.638+0000] {logging_mixin.py:188} INFO - [2024-05-08T13:14:50.638+0000] {dag.py:3096} INFO - Sync 1 DAGs
[2024-05-08T13:14:50.648+0000] {logging_mixin.py:188} INFO - [2024-05-08T13:14:50.648+0000] {dag.py:3954} INFO - Setting next_dagrun for example_xcom to 2021-01-01 00:00:00+00:00, run_after=2021-01-01 00:00:00+00:00
[2024-05-08T13:14:50.672+0000] {processor.py:183} INFO - Processing /home/denys/airflow_venv/lib/python3.12/site-packages/airflow/example_dags/example_xcom.py took 0.053 seconds
[2024-05-08T13:15:34.205+0000] {processor.py:161} INFO - Started process (PID=2099) to work on /home/denys/airflow_venv/lib/python3.12/site-packages/airflow/example_dags/example_xcom.py
[2024-05-08T13:15:34.206+0000] {processor.py:830} INFO - Processing file /home/denys/airflow_venv/lib/python3.12/site-packages/airflow/example_dags/example_xcom.py for tasks to queue
[2024-05-08T13:15:34.207+0000] {logging_mixin.py:188} INFO - [2024-05-08T13:15:34.207+0000] {dagbag.py:545} INFO - Filling up the DagBag from /home/denys/airflow_venv/lib/python3.12/site-packages/airflow/example_dags/example_xcom.py
[2024-05-08T13:15:34.211+0000] {processor.py:840} INFO - DAG(s) 'example_xcom' retrieved from /home/denys/airflow_venv/lib/python3.12/site-packages/airflow/example_dags/example_xcom.py
[2024-05-08T13:15:34.221+0000] {logging_mixin.py:188} INFO - [2024-05-08T13:15:34.220+0000] {dag.py:3096} INFO - Sync 1 DAGs
[2024-05-08T13:15:34.231+0000] {logging_mixin.py:188} INFO - [2024-05-08T13:15:34.231+0000] {dag.py:3954} INFO - Setting next_dagrun for example_xcom to 2021-01-01 00:00:00+00:00, run_after=2021-01-01 00:00:00+00:00
[2024-05-08T13:15:34.247+0000] {processor.py:183} INFO - Processing /home/denys/airflow_venv/lib/python3.12/site-packages/airflow/example_dags/example_xcom.py took 0.046 seconds
[2024-05-08T13:16:15.120+0000] {processor.py:161} INFO - Started process (PID=2143) to work on /home/denys/airflow_venv/lib/python3.12/site-packages/airflow/example_dags/example_xcom.py
[2024-05-08T13:16:15.122+0000] {processor.py:830} INFO - Processing file /home/denys/airflow_venv/lib/python3.12/site-packages/airflow/example_dags/example_xcom.py for tasks to queue
[2024-05-08T13:16:15.123+0000] {logging_mixin.py:188} INFO - [2024-05-08T13:16:15.123+0000] {dagbag.py:545} INFO - Filling up the DagBag from /home/denys/airflow_venv/lib/python3.12/site-packages/airflow/example_dags/example_xcom.py
[2024-05-08T13:16:15.128+0000] {processor.py:840} INFO - DAG(s) 'example_xcom' retrieved from /home/denys/airflow_venv/lib/python3.12/site-packages/airflow/example_dags/example_xcom.py
[2024-05-08T13:16:15.138+0000] {logging_mixin.py:188} INFO - [2024-05-08T13:16:15.138+0000] {dag.py:3096} INFO - Sync 1 DAGs
[2024-05-08T13:16:15.149+0000] {logging_mixin.py:188} INFO - [2024-05-08T13:16:15.149+0000] {dag.py:3954} INFO - Setting next_dagrun for example_xcom to 2021-01-01 00:00:00+00:00, run_after=2021-01-01 00:00:00+00:00
[2024-05-08T13:16:15.166+0000] {processor.py:183} INFO - Processing /home/denys/airflow_venv/lib/python3.12/site-packages/airflow/example_dags/example_xcom.py took 0.049 seconds
[2024-05-08T13:16:57.443+0000] {processor.py:161} INFO - Started process (PID=2185) to work on /home/denys/airflow_venv/lib/python3.12/site-packages/airflow/example_dags/example_xcom.py
[2024-05-08T13:16:57.444+0000] {processor.py:830} INFO - Processing file /home/denys/airflow_venv/lib/python3.12/site-packages/airflow/example_dags/example_xcom.py for tasks to queue
[2024-05-08T13:16:57.446+0000] {logging_mixin.py:188} INFO - [2024-05-08T13:16:57.445+0000] {dagbag.py:545} INFO - Filling up the DagBag from /home/denys/airflow_venv/lib/python3.12/site-packages/airflow/example_dags/example_xcom.py
[2024-05-08T13:16:57.450+0000] {processor.py:840} INFO - DAG(s) 'example_xcom' retrieved from /home/denys/airflow_venv/lib/python3.12/site-packages/airflow/example_dags/example_xcom.py
[2024-05-08T13:16:57.459+0000] {logging_mixin.py:188} INFO - [2024-05-08T13:16:57.459+0000] {dag.py:3096} INFO - Sync 1 DAGs
[2024-05-08T13:16:57.469+0000] {logging_mixin.py:188} INFO - [2024-05-08T13:16:57.469+0000] {dag.py:3954} INFO - Setting next_dagrun for example_xcom to 2021-01-01 00:00:00+00:00, run_after=2021-01-01 00:00:00+00:00
[2024-05-08T13:16:57.491+0000] {processor.py:183} INFO - Processing /home/denys/airflow_venv/lib/python3.12/site-packages/airflow/example_dags/example_xcom.py took 0.052 seconds
[2024-05-08T13:17:40.272+0000] {processor.py:161} INFO - Started process (PID=2234) to work on /home/denys/airflow_venv/lib/python3.12/site-packages/airflow/example_dags/example_xcom.py
[2024-05-08T13:17:40.273+0000] {processor.py:830} INFO - Processing file /home/denys/airflow_venv/lib/python3.12/site-packages/airflow/example_dags/example_xcom.py for tasks to queue
[2024-05-08T13:17:40.274+0000] {logging_mixin.py:188} INFO - [2024-05-08T13:17:40.274+0000] {dagbag.py:545} INFO - Filling up the DagBag from /home/denys/airflow_venv/lib/python3.12/site-packages/airflow/example_dags/example_xcom.py
[2024-05-08T13:17:40.279+0000] {processor.py:840} INFO - DAG(s) 'example_xcom' retrieved from /home/denys/airflow_venv/lib/python3.12/site-packages/airflow/example_dags/example_xcom.py
[2024-05-08T13:17:40.288+0000] {logging_mixin.py:188} INFO - [2024-05-08T13:17:40.288+0000] {dag.py:3096} INFO - Sync 1 DAGs
[2024-05-08T13:17:40.298+0000] {logging_mixin.py:188} INFO - [2024-05-08T13:17:40.298+0000] {dag.py:3954} INFO - Setting next_dagrun for example_xcom to 2021-01-01 00:00:00+00:00, run_after=2021-01-01 00:00:00+00:00
[2024-05-08T13:17:40.318+0000] {processor.py:183} INFO - Processing /home/denys/airflow_venv/lib/python3.12/site-packages/airflow/example_dags/example_xcom.py took 0.049 seconds
[2024-05-08T13:18:24.037+0000] {processor.py:161} INFO - Started process (PID=2279) to work on /home/denys/airflow_venv/lib/python3.12/site-packages/airflow/example_dags/example_xcom.py
[2024-05-08T13:18:24.038+0000] {processor.py:830} INFO - Processing file /home/denys/airflow_venv/lib/python3.12/site-packages/airflow/example_dags/example_xcom.py for tasks to queue
[2024-05-08T13:18:24.039+0000] {logging_mixin.py:188} INFO - [2024-05-08T13:18:24.039+0000] {dagbag.py:545} INFO - Filling up the DagBag from /home/denys/airflow_venv/lib/python3.12/site-packages/airflow/example_dags/example_xcom.py
[2024-05-08T13:18:24.043+0000] {processor.py:840} INFO - DAG(s) 'example_xcom' retrieved from /home/denys/airflow_venv/lib/python3.12/site-packages/airflow/example_dags/example_xcom.py
[2024-05-08T13:18:24.052+0000] {logging_mixin.py:188} INFO - [2024-05-08T13:18:24.052+0000] {dag.py:3096} INFO - Sync 1 DAGs
[2024-05-08T13:18:24.061+0000] {logging_mixin.py:188} INFO - [2024-05-08T13:18:24.061+0000] {dag.py:3954} INFO - Setting next_dagrun for example_xcom to 2021-01-01 00:00:00+00:00, run_after=2021-01-01 00:00:00+00:00
[2024-05-08T13:18:24.083+0000] {processor.py:183} INFO - Processing /home/denys/airflow_venv/lib/python3.12/site-packages/airflow/example_dags/example_xcom.py took 0.050 seconds
[2024-05-08T13:19:17.234+0000] {processor.py:161} INFO - Started process (PID=2319) to work on /home/denys/airflow_venv/lib/python3.12/site-packages/airflow/example_dags/example_xcom.py
[2024-05-08T13:19:17.236+0000] {processor.py:830} INFO - Processing file /home/denys/airflow_venv/lib/python3.12/site-packages/airflow/example_dags/example_xcom.py for tasks to queue
[2024-05-08T13:19:17.237+0000] {logging_mixin.py:188} INFO - [2024-05-08T13:19:17.236+0000] {dagbag.py:545} INFO - Filling up the DagBag from /home/denys/airflow_venv/lib/python3.12/site-packages/airflow/example_dags/example_xcom.py
[2024-05-08T13:19:17.242+0000] {processor.py:840} INFO - DAG(s) 'example_xcom' retrieved from /home/denys/airflow_venv/lib/python3.12/site-packages/airflow/example_dags/example_xcom.py
[2024-05-08T13:19:17.247+0000] {logging_mixin.py:188} INFO - [2024-05-08T13:19:17.247+0000] {dag.py:3096} INFO - Sync 1 DAGs
[2024-05-08T13:19:17.258+0000] {logging_mixin.py:188} INFO - [2024-05-08T13:19:17.258+0000] {dag.py:3954} INFO - Setting next_dagrun for example_xcom to 2021-01-01 00:00:00+00:00, run_after=2021-01-01 00:00:00+00:00
[2024-05-08T13:19:17.281+0000] {processor.py:183} INFO - Processing /home/denys/airflow_venv/lib/python3.12/site-packages/airflow/example_dags/example_xcom.py took 0.050 seconds
[2024-05-08T13:20:07.784+0000] {processor.py:161} INFO - Started process (PID=2373) to work on /home/denys/airflow_venv/lib/python3.12/site-packages/airflow/example_dags/example_xcom.py
[2024-05-08T13:20:07.785+0000] {processor.py:830} INFO - Processing file /home/denys/airflow_venv/lib/python3.12/site-packages/airflow/example_dags/example_xcom.py for tasks to queue
[2024-05-08T13:20:07.786+0000] {logging_mixin.py:188} INFO - [2024-05-08T13:20:07.786+0000] {dagbag.py:545} INFO - Filling up the DagBag from /home/denys/airflow_venv/lib/python3.12/site-packages/airflow/example_dags/example_xcom.py
[2024-05-08T13:20:07.790+0000] {processor.py:840} INFO - DAG(s) 'example_xcom' retrieved from /home/denys/airflow_venv/lib/python3.12/site-packages/airflow/example_dags/example_xcom.py
[2024-05-08T13:20:07.838+0000] {logging_mixin.py:188} INFO - [2024-05-08T13:20:07.837+0000] {dag.py:3096} INFO - Sync 1 DAGs
[2024-05-08T13:20:07.846+0000] {logging_mixin.py:188} INFO - [2024-05-08T13:20:07.845+0000] {dag.py:3954} INFO - Setting next_dagrun for example_xcom to 2021-01-01 00:00:00+00:00, run_after=2021-01-01 00:00:00+00:00
[2024-05-08T13:20:07.863+0000] {processor.py:183} INFO - Processing /home/denys/airflow_venv/lib/python3.12/site-packages/airflow/example_dags/example_xcom.py took 0.082 seconds
[2024-05-08T13:20:49.406+0000] {processor.py:161} INFO - Started process (PID=2418) to work on /home/denys/airflow_venv/lib/python3.12/site-packages/airflow/example_dags/example_xcom.py
[2024-05-08T13:20:49.413+0000] {processor.py:830} INFO - Processing file /home/denys/airflow_venv/lib/python3.12/site-packages/airflow/example_dags/example_xcom.py for tasks to queue
[2024-05-08T13:20:49.414+0000] {logging_mixin.py:188} INFO - [2024-05-08T13:20:49.413+0000] {dagbag.py:545} INFO - Filling up the DagBag from /home/denys/airflow_venv/lib/python3.12/site-packages/airflow/example_dags/example_xcom.py
[2024-05-08T13:20:49.419+0000] {processor.py:840} INFO - DAG(s) 'example_xcom' retrieved from /home/denys/airflow_venv/lib/python3.12/site-packages/airflow/example_dags/example_xcom.py
[2024-05-08T13:20:49.428+0000] {logging_mixin.py:188} INFO - [2024-05-08T13:20:49.428+0000] {dag.py:3096} INFO - Sync 1 DAGs
[2024-05-08T13:20:49.438+0000] {logging_mixin.py:188} INFO - [2024-05-08T13:20:49.438+0000] {dag.py:3954} INFO - Setting next_dagrun for example_xcom to 2021-01-01 00:00:00+00:00, run_after=2021-01-01 00:00:00+00:00
[2024-05-08T13:20:49.456+0000] {processor.py:183} INFO - Processing /home/denys/airflow_venv/lib/python3.12/site-packages/airflow/example_dags/example_xcom.py took 0.055 seconds
[2024-05-08T13:21:31.972+0000] {processor.py:161} INFO - Started process (PID=2461) to work on /home/denys/airflow_venv/lib/python3.12/site-packages/airflow/example_dags/example_xcom.py
[2024-05-08T13:21:31.978+0000] {processor.py:830} INFO - Processing file /home/denys/airflow_venv/lib/python3.12/site-packages/airflow/example_dags/example_xcom.py for tasks to queue
[2024-05-08T13:21:31.979+0000] {logging_mixin.py:188} INFO - [2024-05-08T13:21:31.979+0000] {dagbag.py:545} INFO - Filling up the DagBag from /home/denys/airflow_venv/lib/python3.12/site-packages/airflow/example_dags/example_xcom.py
[2024-05-08T13:21:31.985+0000] {processor.py:840} INFO - DAG(s) 'example_xcom' retrieved from /home/denys/airflow_venv/lib/python3.12/site-packages/airflow/example_dags/example_xcom.py
[2024-05-08T13:21:32.127+0000] {logging_mixin.py:188} INFO - [2024-05-08T13:21:32.127+0000] {dag.py:3096} INFO - Sync 1 DAGs
[2024-05-08T13:21:32.138+0000] {logging_mixin.py:188} INFO - [2024-05-08T13:21:32.138+0000] {dag.py:3954} INFO - Setting next_dagrun for example_xcom to 2021-01-01 00:00:00+00:00, run_after=2021-01-01 00:00:00+00:00
[2024-05-08T13:21:32.156+0000] {processor.py:183} INFO - Processing /home/denys/airflow_venv/lib/python3.12/site-packages/airflow/example_dags/example_xcom.py took 0.189 seconds
[2024-05-08T13:22:16.532+0000] {processor.py:161} INFO - Started process (PID=2506) to work on /home/denys/airflow_venv/lib/python3.12/site-packages/airflow/example_dags/example_xcom.py
[2024-05-08T13:22:16.534+0000] {processor.py:830} INFO - Processing file /home/denys/airflow_venv/lib/python3.12/site-packages/airflow/example_dags/example_xcom.py for tasks to queue
[2024-05-08T13:22:16.535+0000] {logging_mixin.py:188} INFO - [2024-05-08T13:22:16.534+0000] {dagbag.py:545} INFO - Filling up the DagBag from /home/denys/airflow_venv/lib/python3.12/site-packages/airflow/example_dags/example_xcom.py
[2024-05-08T13:22:16.539+0000] {processor.py:840} INFO - DAG(s) 'example_xcom' retrieved from /home/denys/airflow_venv/lib/python3.12/site-packages/airflow/example_dags/example_xcom.py
[2024-05-08T13:22:16.548+0000] {logging_mixin.py:188} INFO - [2024-05-08T13:22:16.548+0000] {dag.py:3096} INFO - Sync 1 DAGs
[2024-05-08T13:22:16.558+0000] {logging_mixin.py:188} INFO - [2024-05-08T13:22:16.558+0000] {dag.py:3954} INFO - Setting next_dagrun for example_xcom to 2021-01-01 00:00:00+00:00, run_after=2021-01-01 00:00:00+00:00
[2024-05-08T13:22:16.583+0000] {processor.py:183} INFO - Processing /home/denys/airflow_venv/lib/python3.12/site-packages/airflow/example_dags/example_xcom.py took 0.054 seconds
[2024-05-08T13:22:58.447+0000] {processor.py:161} INFO - Started process (PID=2550) to work on /home/denys/airflow_venv/lib/python3.12/site-packages/airflow/example_dags/example_xcom.py
[2024-05-08T13:22:58.449+0000] {processor.py:830} INFO - Processing file /home/denys/airflow_venv/lib/python3.12/site-packages/airflow/example_dags/example_xcom.py for tasks to queue
[2024-05-08T13:22:58.450+0000] {logging_mixin.py:188} INFO - [2024-05-08T13:22:58.449+0000] {dagbag.py:545} INFO - Filling up the DagBag from /home/denys/airflow_venv/lib/python3.12/site-packages/airflow/example_dags/example_xcom.py
[2024-05-08T13:22:58.454+0000] {processor.py:840} INFO - DAG(s) 'example_xcom' retrieved from /home/denys/airflow_venv/lib/python3.12/site-packages/airflow/example_dags/example_xcom.py
[2024-05-08T13:22:58.465+0000] {logging_mixin.py:188} INFO - [2024-05-08T13:22:58.465+0000] {dag.py:3096} INFO - Sync 1 DAGs
[2024-05-08T13:22:58.476+0000] {logging_mixin.py:188} INFO - [2024-05-08T13:22:58.476+0000] {dag.py:3954} INFO - Setting next_dagrun for example_xcom to 2021-01-01 00:00:00+00:00, run_after=2021-01-01 00:00:00+00:00
[2024-05-08T13:22:58.498+0000] {processor.py:183} INFO - Processing /home/denys/airflow_venv/lib/python3.12/site-packages/airflow/example_dags/example_xcom.py took 0.055 seconds
[2024-05-08T13:23:39.636+0000] {processor.py:161} INFO - Started process (PID=2662) to work on /home/denys/airflow_venv/lib/python3.12/site-packages/airflow/example_dags/example_xcom.py
[2024-05-08T13:23:39.637+0000] {processor.py:830} INFO - Processing file /home/denys/airflow_venv/lib/python3.12/site-packages/airflow/example_dags/example_xcom.py for tasks to queue
[2024-05-08T13:23:39.638+0000] {logging_mixin.py:188} INFO - [2024-05-08T13:23:39.638+0000] {dagbag.py:545} INFO - Filling up the DagBag from /home/denys/airflow_venv/lib/python3.12/site-packages/airflow/example_dags/example_xcom.py
[2024-05-08T13:23:39.642+0000] {processor.py:840} INFO - DAG(s) 'example_xcom' retrieved from /home/denys/airflow_venv/lib/python3.12/site-packages/airflow/example_dags/example_xcom.py
[2024-05-08T13:23:39.652+0000] {logging_mixin.py:188} INFO - [2024-05-08T13:23:39.652+0000] {dag.py:3096} INFO - Sync 1 DAGs
[2024-05-08T13:23:39.661+0000] {logging_mixin.py:188} INFO - [2024-05-08T13:23:39.661+0000] {dag.py:3954} INFO - Setting next_dagrun for example_xcom to 2021-01-01 00:00:00+00:00, run_after=2021-01-01 00:00:00+00:00
[2024-05-08T13:23:39.684+0000] {processor.py:183} INFO - Processing /home/denys/airflow_venv/lib/python3.12/site-packages/airflow/example_dags/example_xcom.py took 0.052 seconds
[2024-05-08T13:24:28.194+0000] {processor.py:161} INFO - Started process (PID=2718) to work on /home/denys/airflow_venv/lib/python3.12/site-packages/airflow/example_dags/example_xcom.py
[2024-05-08T13:24:28.195+0000] {processor.py:830} INFO - Processing file /home/denys/airflow_venv/lib/python3.12/site-packages/airflow/example_dags/example_xcom.py for tasks to queue
[2024-05-08T13:24:28.196+0000] {logging_mixin.py:188} INFO - [2024-05-08T13:24:28.196+0000] {dagbag.py:545} INFO - Filling up the DagBag from /home/denys/airflow_venv/lib/python3.12/site-packages/airflow/example_dags/example_xcom.py
[2024-05-08T13:24:28.201+0000] {processor.py:840} INFO - DAG(s) 'example_xcom' retrieved from /home/denys/airflow_venv/lib/python3.12/site-packages/airflow/example_dags/example_xcom.py
[2024-05-08T13:24:28.210+0000] {logging_mixin.py:188} INFO - [2024-05-08T13:24:28.210+0000] {dag.py:3096} INFO - Sync 1 DAGs
[2024-05-08T13:24:28.220+0000] {logging_mixin.py:188} INFO - [2024-05-08T13:24:28.220+0000] {dag.py:3954} INFO - Setting next_dagrun for example_xcom to 2021-01-01 00:00:00+00:00, run_after=2021-01-01 00:00:00+00:00
[2024-05-08T13:24:28.243+0000] {processor.py:183} INFO - Processing /home/denys/airflow_venv/lib/python3.12/site-packages/airflow/example_dags/example_xcom.py took 0.052 seconds
[2024-05-08T13:25:08.547+0000] {processor.py:161} INFO - Started process (PID=2765) to work on /home/denys/airflow_venv/lib/python3.12/site-packages/airflow/example_dags/example_xcom.py
[2024-05-08T13:25:08.549+0000] {processor.py:830} INFO - Processing file /home/denys/airflow_venv/lib/python3.12/site-packages/airflow/example_dags/example_xcom.py for tasks to queue
[2024-05-08T13:25:08.550+0000] {logging_mixin.py:188} INFO - [2024-05-08T13:25:08.549+0000] {dagbag.py:545} INFO - Filling up the DagBag from /home/denys/airflow_venv/lib/python3.12/site-packages/airflow/example_dags/example_xcom.py
[2024-05-08T13:25:08.554+0000] {processor.py:840} INFO - DAG(s) 'example_xcom' retrieved from /home/denys/airflow_venv/lib/python3.12/site-packages/airflow/example_dags/example_xcom.py
[2024-05-08T13:25:08.563+0000] {logging_mixin.py:188} INFO - [2024-05-08T13:25:08.563+0000] {dag.py:3096} INFO - Sync 1 DAGs
[2024-05-08T13:25:08.572+0000] {logging_mixin.py:188} INFO - [2024-05-08T13:25:08.572+0000] {dag.py:3954} INFO - Setting next_dagrun for example_xcom to 2021-01-01 00:00:00+00:00, run_after=2021-01-01 00:00:00+00:00
[2024-05-08T13:25:08.596+0000] {processor.py:183} INFO - Processing /home/denys/airflow_venv/lib/python3.12/site-packages/airflow/example_dags/example_xcom.py took 0.052 seconds
[2024-05-08T13:25:48.872+0000] {processor.py:161} INFO - Started process (PID=2809) to work on /home/denys/airflow_venv/lib/python3.12/site-packages/airflow/example_dags/example_xcom.py
[2024-05-08T13:25:48.873+0000] {processor.py:830} INFO - Processing file /home/denys/airflow_venv/lib/python3.12/site-packages/airflow/example_dags/example_xcom.py for tasks to queue
[2024-05-08T13:25:48.874+0000] {logging_mixin.py:188} INFO - [2024-05-08T13:25:48.873+0000] {dagbag.py:545} INFO - Filling up the DagBag from /home/denys/airflow_venv/lib/python3.12/site-packages/airflow/example_dags/example_xcom.py
[2024-05-08T13:25:48.878+0000] {processor.py:840} INFO - DAG(s) 'example_xcom' retrieved from /home/denys/airflow_venv/lib/python3.12/site-packages/airflow/example_dags/example_xcom.py
[2024-05-08T13:25:48.888+0000] {logging_mixin.py:188} INFO - [2024-05-08T13:25:48.888+0000] {dag.py:3096} INFO - Sync 1 DAGs
[2024-05-08T13:25:48.897+0000] {logging_mixin.py:188} INFO - [2024-05-08T13:25:48.897+0000] {dag.py:3954} INFO - Setting next_dagrun for example_xcom to 2021-01-01 00:00:00+00:00, run_after=2021-01-01 00:00:00+00:00
[2024-05-08T13:25:48.921+0000] {processor.py:183} INFO - Processing /home/denys/airflow_venv/lib/python3.12/site-packages/airflow/example_dags/example_xcom.py took 0.053 seconds
[2024-05-08T13:26:30.655+0000] {processor.py:161} INFO - Started process (PID=2851) to work on /home/denys/airflow_venv/lib/python3.12/site-packages/airflow/example_dags/example_xcom.py
[2024-05-08T13:26:30.656+0000] {processor.py:830} INFO - Processing file /home/denys/airflow_venv/lib/python3.12/site-packages/airflow/example_dags/example_xcom.py for tasks to queue
[2024-05-08T13:26:30.657+0000] {logging_mixin.py:188} INFO - [2024-05-08T13:26:30.657+0000] {dagbag.py:545} INFO - Filling up the DagBag from /home/denys/airflow_venv/lib/python3.12/site-packages/airflow/example_dags/example_xcom.py
[2024-05-08T13:26:30.662+0000] {processor.py:840} INFO - DAG(s) 'example_xcom' retrieved from /home/denys/airflow_venv/lib/python3.12/site-packages/airflow/example_dags/example_xcom.py
[2024-05-08T13:26:30.671+0000] {logging_mixin.py:188} INFO - [2024-05-08T13:26:30.671+0000] {dag.py:3096} INFO - Sync 1 DAGs
[2024-05-08T13:26:30.681+0000] {logging_mixin.py:188} INFO - [2024-05-08T13:26:30.681+0000] {dag.py:3954} INFO - Setting next_dagrun for example_xcom to 2021-01-01 00:00:00+00:00, run_after=2021-01-01 00:00:00+00:00
[2024-05-08T13:26:30.698+0000] {processor.py:183} INFO - Processing /home/denys/airflow_venv/lib/python3.12/site-packages/airflow/example_dags/example_xcom.py took 0.046 seconds
[2024-05-08T13:27:14.604+0000] {processor.py:161} INFO - Started process (PID=2896) to work on /home/denys/airflow_venv/lib/python3.12/site-packages/airflow/example_dags/example_xcom.py
[2024-05-08T13:27:14.605+0000] {processor.py:830} INFO - Processing file /home/denys/airflow_venv/lib/python3.12/site-packages/airflow/example_dags/example_xcom.py for tasks to queue
[2024-05-08T13:27:14.606+0000] {logging_mixin.py:188} INFO - [2024-05-08T13:27:14.605+0000] {dagbag.py:545} INFO - Filling up the DagBag from /home/denys/airflow_venv/lib/python3.12/site-packages/airflow/example_dags/example_xcom.py
[2024-05-08T13:27:14.610+0000] {processor.py:840} INFO - DAG(s) 'example_xcom' retrieved from /home/denys/airflow_venv/lib/python3.12/site-packages/airflow/example_dags/example_xcom.py
[2024-05-08T13:27:14.620+0000] {logging_mixin.py:188} INFO - [2024-05-08T13:27:14.620+0000] {dag.py:3096} INFO - Sync 1 DAGs
[2024-05-08T13:27:14.631+0000] {logging_mixin.py:188} INFO - [2024-05-08T13:27:14.631+0000] {dag.py:3954} INFO - Setting next_dagrun for example_xcom to 2021-01-01 00:00:00+00:00, run_after=2021-01-01 00:00:00+00:00
[2024-05-08T13:27:14.653+0000] {processor.py:183} INFO - Processing /home/denys/airflow_venv/lib/python3.12/site-packages/airflow/example_dags/example_xcom.py took 0.053 seconds
[2024-05-08T13:27:58.654+0000] {processor.py:161} INFO - Started process (PID=2941) to work on /home/denys/airflow_venv/lib/python3.12/site-packages/airflow/example_dags/example_xcom.py
[2024-05-08T13:27:58.656+0000] {processor.py:830} INFO - Processing file /home/denys/airflow_venv/lib/python3.12/site-packages/airflow/example_dags/example_xcom.py for tasks to queue
[2024-05-08T13:27:58.657+0000] {logging_mixin.py:188} INFO - [2024-05-08T13:27:58.656+0000] {dagbag.py:545} INFO - Filling up the DagBag from /home/denys/airflow_venv/lib/python3.12/site-packages/airflow/example_dags/example_xcom.py
[2024-05-08T13:27:58.661+0000] {processor.py:840} INFO - DAG(s) 'example_xcom' retrieved from /home/denys/airflow_venv/lib/python3.12/site-packages/airflow/example_dags/example_xcom.py
[2024-05-08T13:27:58.672+0000] {logging_mixin.py:188} INFO - [2024-05-08T13:27:58.672+0000] {dag.py:3096} INFO - Sync 1 DAGs
[2024-05-08T13:27:58.681+0000] {logging_mixin.py:188} INFO - [2024-05-08T13:27:58.681+0000] {dag.py:3954} INFO - Setting next_dagrun for example_xcom to 2021-01-01 00:00:00+00:00, run_after=2021-01-01 00:00:00+00:00
[2024-05-08T13:27:58.700+0000] {processor.py:183} INFO - Processing /home/denys/airflow_venv/lib/python3.12/site-packages/airflow/example_dags/example_xcom.py took 0.049 seconds
[2024-05-08T13:28:41.562+0000] {processor.py:161} INFO - Started process (PID=2986) to work on /home/denys/airflow_venv/lib/python3.12/site-packages/airflow/example_dags/example_xcom.py
[2024-05-08T13:28:41.563+0000] {processor.py:830} INFO - Processing file /home/denys/airflow_venv/lib/python3.12/site-packages/airflow/example_dags/example_xcom.py for tasks to queue
[2024-05-08T13:28:41.564+0000] {logging_mixin.py:188} INFO - [2024-05-08T13:28:41.564+0000] {dagbag.py:545} INFO - Filling up the DagBag from /home/denys/airflow_venv/lib/python3.12/site-packages/airflow/example_dags/example_xcom.py
[2024-05-08T13:28:41.569+0000] {processor.py:840} INFO - DAG(s) 'example_xcom' retrieved from /home/denys/airflow_venv/lib/python3.12/site-packages/airflow/example_dags/example_xcom.py
[2024-05-08T13:28:41.578+0000] {logging_mixin.py:188} INFO - [2024-05-08T13:28:41.577+0000] {dag.py:3096} INFO - Sync 1 DAGs
[2024-05-08T13:28:41.587+0000] {logging_mixin.py:188} INFO - [2024-05-08T13:28:41.587+0000] {dag.py:3954} INFO - Setting next_dagrun for example_xcom to 2021-01-01 00:00:00+00:00, run_after=2021-01-01 00:00:00+00:00
[2024-05-08T13:28:41.604+0000] {processor.py:183} INFO - Processing /home/denys/airflow_venv/lib/python3.12/site-packages/airflow/example_dags/example_xcom.py took 0.045 seconds
[2024-05-08T13:29:21.499+0000] {processor.py:161} INFO - Started process (PID=3084) to work on /home/denys/airflow_venv/lib/python3.12/site-packages/airflow/example_dags/example_xcom.py
[2024-05-08T13:29:21.500+0000] {processor.py:830} INFO - Processing file /home/denys/airflow_venv/lib/python3.12/site-packages/airflow/example_dags/example_xcom.py for tasks to queue
[2024-05-08T13:29:21.501+0000] {logging_mixin.py:188} INFO - [2024-05-08T13:29:21.501+0000] {dagbag.py:545} INFO - Filling up the DagBag from /home/denys/airflow_venv/lib/python3.12/site-packages/airflow/example_dags/example_xcom.py
[2024-05-08T13:29:21.505+0000] {processor.py:840} INFO - DAG(s) 'example_xcom' retrieved from /home/denys/airflow_venv/lib/python3.12/site-packages/airflow/example_dags/example_xcom.py
[2024-05-08T13:29:21.516+0000] {logging_mixin.py:188} INFO - [2024-05-08T13:29:21.516+0000] {dag.py:3096} INFO - Sync 1 DAGs
[2024-05-08T13:29:21.527+0000] {logging_mixin.py:188} INFO - [2024-05-08T13:29:21.527+0000] {dag.py:3954} INFO - Setting next_dagrun for example_xcom to 2021-01-01 00:00:00+00:00, run_after=2021-01-01 00:00:00+00:00
[2024-05-08T13:29:21.550+0000] {processor.py:183} INFO - Processing /home/denys/airflow_venv/lib/python3.12/site-packages/airflow/example_dags/example_xcom.py took 0.055 seconds
[2024-05-08T13:30:00.071+0000] {processor.py:161} INFO - Started process (PID=3124) to work on /home/denys/airflow_venv/lib/python3.12/site-packages/airflow/example_dags/example_xcom.py
[2024-05-08T13:30:00.073+0000] {processor.py:830} INFO - Processing file /home/denys/airflow_venv/lib/python3.12/site-packages/airflow/example_dags/example_xcom.py for tasks to queue
[2024-05-08T13:30:00.074+0000] {logging_mixin.py:188} INFO - [2024-05-08T13:30:00.073+0000] {dagbag.py:545} INFO - Filling up the DagBag from /home/denys/airflow_venv/lib/python3.12/site-packages/airflow/example_dags/example_xcom.py
[2024-05-08T13:30:00.079+0000] {processor.py:840} INFO - DAG(s) 'example_xcom' retrieved from /home/denys/airflow_venv/lib/python3.12/site-packages/airflow/example_dags/example_xcom.py
[2024-05-08T13:30:00.088+0000] {logging_mixin.py:188} INFO - [2024-05-08T13:30:00.088+0000] {dag.py:3096} INFO - Sync 1 DAGs
[2024-05-08T13:30:00.099+0000] {logging_mixin.py:188} INFO - [2024-05-08T13:30:00.098+0000] {dag.py:3954} INFO - Setting next_dagrun for example_xcom to 2021-01-01 00:00:00+00:00, run_after=2021-01-01 00:00:00+00:00
[2024-05-08T13:30:00.121+0000] {processor.py:183} INFO - Processing /home/denys/airflow_venv/lib/python3.12/site-packages/airflow/example_dags/example_xcom.py took 0.053 seconds
[2024-05-08T13:30:40.134+0000] {processor.py:161} INFO - Started process (PID=3169) to work on /home/denys/airflow_venv/lib/python3.12/site-packages/airflow/example_dags/example_xcom.py
[2024-05-08T13:30:40.135+0000] {processor.py:830} INFO - Processing file /home/denys/airflow_venv/lib/python3.12/site-packages/airflow/example_dags/example_xcom.py for tasks to queue
[2024-05-08T13:30:40.136+0000] {logging_mixin.py:188} INFO - [2024-05-08T13:30:40.136+0000] {dagbag.py:545} INFO - Filling up the DagBag from /home/denys/airflow_venv/lib/python3.12/site-packages/airflow/example_dags/example_xcom.py
[2024-05-08T13:30:40.141+0000] {processor.py:840} INFO - DAG(s) 'example_xcom' retrieved from /home/denys/airflow_venv/lib/python3.12/site-packages/airflow/example_dags/example_xcom.py
[2024-05-08T13:30:40.150+0000] {logging_mixin.py:188} INFO - [2024-05-08T13:30:40.150+0000] {dag.py:3096} INFO - Sync 1 DAGs
[2024-05-08T13:30:40.160+0000] {logging_mixin.py:188} INFO - [2024-05-08T13:30:40.160+0000] {dag.py:3954} INFO - Setting next_dagrun for example_xcom to 2021-01-01 00:00:00+00:00, run_after=2021-01-01 00:00:00+00:00
[2024-05-08T13:30:40.180+0000] {processor.py:183} INFO - Processing /home/denys/airflow_venv/lib/python3.12/site-packages/airflow/example_dags/example_xcom.py took 0.049 seconds
[2024-05-08T13:31:22.851+0000] {processor.py:161} INFO - Started process (PID=3213) to work on /home/denys/airflow_venv/lib/python3.12/site-packages/airflow/example_dags/example_xcom.py
[2024-05-08T13:31:22.854+0000] {processor.py:830} INFO - Processing file /home/denys/airflow_venv/lib/python3.12/site-packages/airflow/example_dags/example_xcom.py for tasks to queue
[2024-05-08T13:31:22.855+0000] {logging_mixin.py:188} INFO - [2024-05-08T13:31:22.855+0000] {dagbag.py:545} INFO - Filling up the DagBag from /home/denys/airflow_venv/lib/python3.12/site-packages/airflow/example_dags/example_xcom.py
[2024-05-08T13:31:22.860+0000] {processor.py:840} INFO - DAG(s) 'example_xcom' retrieved from /home/denys/airflow_venv/lib/python3.12/site-packages/airflow/example_dags/example_xcom.py
[2024-05-08T13:31:22.870+0000] {logging_mixin.py:188} INFO - [2024-05-08T13:31:22.870+0000] {dag.py:3096} INFO - Sync 1 DAGs
[2024-05-08T13:31:22.880+0000] {logging_mixin.py:188} INFO - [2024-05-08T13:31:22.880+0000] {dag.py:3954} INFO - Setting next_dagrun for example_xcom to 2021-01-01 00:00:00+00:00, run_after=2021-01-01 00:00:00+00:00
[2024-05-08T13:31:22.902+0000] {processor.py:183} INFO - Processing /home/denys/airflow_venv/lib/python3.12/site-packages/airflow/example_dags/example_xcom.py took 0.054 seconds
[2024-05-08T13:32:03.102+0000] {processor.py:161} INFO - Started process (PID=3254) to work on /home/denys/airflow_venv/lib/python3.12/site-packages/airflow/example_dags/example_xcom.py
[2024-05-08T13:32:03.103+0000] {processor.py:830} INFO - Processing file /home/denys/airflow_venv/lib/python3.12/site-packages/airflow/example_dags/example_xcom.py for tasks to queue
[2024-05-08T13:32:03.104+0000] {logging_mixin.py:188} INFO - [2024-05-08T13:32:03.103+0000] {dagbag.py:545} INFO - Filling up the DagBag from /home/denys/airflow_venv/lib/python3.12/site-packages/airflow/example_dags/example_xcom.py
[2024-05-08T13:32:03.108+0000] {processor.py:840} INFO - DAG(s) 'example_xcom' retrieved from /home/denys/airflow_venv/lib/python3.12/site-packages/airflow/example_dags/example_xcom.py
[2024-05-08T13:32:03.118+0000] {logging_mixin.py:188} INFO - [2024-05-08T13:32:03.118+0000] {dag.py:3096} INFO - Sync 1 DAGs
[2024-05-08T13:32:03.128+0000] {logging_mixin.py:188} INFO - [2024-05-08T13:32:03.128+0000] {dag.py:3954} INFO - Setting next_dagrun for example_xcom to 2021-01-01 00:00:00+00:00, run_after=2021-01-01 00:00:00+00:00
[2024-05-08T13:32:03.149+0000] {processor.py:183} INFO - Processing /home/denys/airflow_venv/lib/python3.12/site-packages/airflow/example_dags/example_xcom.py took 0.052 seconds
[2024-05-08T13:32:47.722+0000] {processor.py:161} INFO - Started process (PID=3299) to work on /home/denys/airflow_venv/lib/python3.12/site-packages/airflow/example_dags/example_xcom.py
[2024-05-08T13:32:47.723+0000] {processor.py:830} INFO - Processing file /home/denys/airflow_venv/lib/python3.12/site-packages/airflow/example_dags/example_xcom.py for tasks to queue
[2024-05-08T13:32:47.724+0000] {logging_mixin.py:188} INFO - [2024-05-08T13:32:47.724+0000] {dagbag.py:545} INFO - Filling up the DagBag from /home/denys/airflow_venv/lib/python3.12/site-packages/airflow/example_dags/example_xcom.py
[2024-05-08T13:32:47.729+0000] {processor.py:840} INFO - DAG(s) 'example_xcom' retrieved from /home/denys/airflow_venv/lib/python3.12/site-packages/airflow/example_dags/example_xcom.py
[2024-05-08T13:32:47.738+0000] {logging_mixin.py:188} INFO - [2024-05-08T13:32:47.737+0000] {dag.py:3096} INFO - Sync 1 DAGs
[2024-05-08T13:32:47.747+0000] {logging_mixin.py:188} INFO - [2024-05-08T13:32:47.747+0000] {dag.py:3954} INFO - Setting next_dagrun for example_xcom to 2021-01-01 00:00:00+00:00, run_after=2021-01-01 00:00:00+00:00
[2024-05-08T13:32:47.768+0000] {processor.py:183} INFO - Processing /home/denys/airflow_venv/lib/python3.12/site-packages/airflow/example_dags/example_xcom.py took 0.049 seconds
[2024-05-08T13:33:30.882+0000] {processor.py:161} INFO - Started process (PID=3344) to work on /home/denys/airflow_venv/lib/python3.12/site-packages/airflow/example_dags/example_xcom.py
[2024-05-08T13:33:30.883+0000] {processor.py:830} INFO - Processing file /home/denys/airflow_venv/lib/python3.12/site-packages/airflow/example_dags/example_xcom.py for tasks to queue
[2024-05-08T13:33:30.885+0000] {logging_mixin.py:188} INFO - [2024-05-08T13:33:30.884+0000] {dagbag.py:545} INFO - Filling up the DagBag from /home/denys/airflow_venv/lib/python3.12/site-packages/airflow/example_dags/example_xcom.py
[2024-05-08T13:33:30.889+0000] {processor.py:840} INFO - DAG(s) 'example_xcom' retrieved from /home/denys/airflow_venv/lib/python3.12/site-packages/airflow/example_dags/example_xcom.py
[2024-05-08T13:33:30.899+0000] {logging_mixin.py:188} INFO - [2024-05-08T13:33:30.899+0000] {dag.py:3096} INFO - Sync 1 DAGs
[2024-05-08T13:33:30.910+0000] {logging_mixin.py:188} INFO - [2024-05-08T13:33:30.909+0000] {dag.py:3954} INFO - Setting next_dagrun for example_xcom to 2021-01-01 00:00:00+00:00, run_after=2021-01-01 00:00:00+00:00
[2024-05-08T13:33:30.934+0000] {processor.py:183} INFO - Processing /home/denys/airflow_venv/lib/python3.12/site-packages/airflow/example_dags/example_xcom.py took 0.055 seconds
[2024-05-08T13:34:13.345+0000] {processor.py:161} INFO - Started process (PID=3391) to work on /home/denys/airflow_venv/lib/python3.12/site-packages/airflow/example_dags/example_xcom.py
[2024-05-08T13:34:13.347+0000] {processor.py:830} INFO - Processing file /home/denys/airflow_venv/lib/python3.12/site-packages/airflow/example_dags/example_xcom.py for tasks to queue
[2024-05-08T13:34:13.348+0000] {logging_mixin.py:188} INFO - [2024-05-08T13:34:13.348+0000] {dagbag.py:545} INFO - Filling up the DagBag from /home/denys/airflow_venv/lib/python3.12/site-packages/airflow/example_dags/example_xcom.py
[2024-05-08T13:34:13.355+0000] {processor.py:840} INFO - DAG(s) 'example_xcom' retrieved from /home/denys/airflow_venv/lib/python3.12/site-packages/airflow/example_dags/example_xcom.py
[2024-05-08T13:34:13.368+0000] {logging_mixin.py:188} INFO - [2024-05-08T13:34:13.367+0000] {dag.py:3096} INFO - Sync 1 DAGs
[2024-05-08T13:34:13.380+0000] {logging_mixin.py:188} INFO - [2024-05-08T13:34:13.380+0000] {dag.py:3954} INFO - Setting next_dagrun for example_xcom to 2021-01-01 00:00:00+00:00, run_after=2021-01-01 00:00:00+00:00
[2024-05-08T13:34:13.406+0000] {processor.py:183} INFO - Processing /home/denys/airflow_venv/lib/python3.12/site-packages/airflow/example_dags/example_xcom.py took 0.065 seconds
[2024-05-08T13:34:54.561+0000] {processor.py:161} INFO - Started process (PID=3433) to work on /home/denys/airflow_venv/lib/python3.12/site-packages/airflow/example_dags/example_xcom.py
[2024-05-08T13:34:54.562+0000] {processor.py:830} INFO - Processing file /home/denys/airflow_venv/lib/python3.12/site-packages/airflow/example_dags/example_xcom.py for tasks to queue
[2024-05-08T13:34:54.563+0000] {logging_mixin.py:188} INFO - [2024-05-08T13:34:54.563+0000] {dagbag.py:545} INFO - Filling up the DagBag from /home/denys/airflow_venv/lib/python3.12/site-packages/airflow/example_dags/example_xcom.py
[2024-05-08T13:34:54.568+0000] {processor.py:840} INFO - DAG(s) 'example_xcom' retrieved from /home/denys/airflow_venv/lib/python3.12/site-packages/airflow/example_dags/example_xcom.py
[2024-05-08T13:34:54.577+0000] {logging_mixin.py:188} INFO - [2024-05-08T13:34:54.576+0000] {dag.py:3096} INFO - Sync 1 DAGs
[2024-05-08T13:34:54.586+0000] {logging_mixin.py:188} INFO - [2024-05-08T13:34:54.586+0000] {dag.py:3954} INFO - Setting next_dagrun for example_xcom to 2021-01-01 00:00:00+00:00, run_after=2021-01-01 00:00:00+00:00
[2024-05-08T13:34:54.609+0000] {processor.py:183} INFO - Processing /home/denys/airflow_venv/lib/python3.12/site-packages/airflow/example_dags/example_xcom.py took 0.052 seconds
[2024-05-08T13:35:33.678+0000] {processor.py:161} INFO - Started process (PID=3478) to work on /home/denys/airflow_venv/lib/python3.12/site-packages/airflow/example_dags/example_xcom.py
[2024-05-08T13:35:33.680+0000] {processor.py:830} INFO - Processing file /home/denys/airflow_venv/lib/python3.12/site-packages/airflow/example_dags/example_xcom.py for tasks to queue
[2024-05-08T13:35:33.681+0000] {logging_mixin.py:188} INFO - [2024-05-08T13:35:33.681+0000] {dagbag.py:545} INFO - Filling up the DagBag from /home/denys/airflow_venv/lib/python3.12/site-packages/airflow/example_dags/example_xcom.py
[2024-05-08T13:35:33.687+0000] {processor.py:840} INFO - DAG(s) 'example_xcom' retrieved from /home/denys/airflow_venv/lib/python3.12/site-packages/airflow/example_dags/example_xcom.py
[2024-05-08T13:35:33.696+0000] {logging_mixin.py:188} INFO - [2024-05-08T13:35:33.696+0000] {dag.py:3096} INFO - Sync 1 DAGs
[2024-05-08T13:35:33.706+0000] {logging_mixin.py:188} INFO - [2024-05-08T13:35:33.706+0000] {dag.py:3954} INFO - Setting next_dagrun for example_xcom to 2021-01-01 00:00:00+00:00, run_after=2021-01-01 00:00:00+00:00
[2024-05-08T13:35:33.728+0000] {processor.py:183} INFO - Processing /home/denys/airflow_venv/lib/python3.12/site-packages/airflow/example_dags/example_xcom.py took 0.053 seconds
[2024-05-08T13:36:14.333+0000] {processor.py:161} INFO - Started process (PID=3519) to work on /home/denys/airflow_venv/lib/python3.12/site-packages/airflow/example_dags/example_xcom.py
[2024-05-08T13:36:14.335+0000] {processor.py:830} INFO - Processing file /home/denys/airflow_venv/lib/python3.12/site-packages/airflow/example_dags/example_xcom.py for tasks to queue
[2024-05-08T13:36:14.336+0000] {logging_mixin.py:188} INFO - [2024-05-08T13:36:14.336+0000] {dagbag.py:545} INFO - Filling up the DagBag from /home/denys/airflow_venv/lib/python3.12/site-packages/airflow/example_dags/example_xcom.py
[2024-05-08T13:36:14.341+0000] {processor.py:840} INFO - DAG(s) 'example_xcom' retrieved from /home/denys/airflow_venv/lib/python3.12/site-packages/airflow/example_dags/example_xcom.py
[2024-05-08T13:36:14.350+0000] {logging_mixin.py:188} INFO - [2024-05-08T13:36:14.350+0000] {dag.py:3096} INFO - Sync 1 DAGs
[2024-05-08T13:36:14.360+0000] {logging_mixin.py:188} INFO - [2024-05-08T13:36:14.359+0000] {dag.py:3954} INFO - Setting next_dagrun for example_xcom to 2021-01-01 00:00:00+00:00, run_after=2021-01-01 00:00:00+00:00
[2024-05-08T13:36:14.376+0000] {processor.py:183} INFO - Processing /home/denys/airflow_venv/lib/python3.12/site-packages/airflow/example_dags/example_xcom.py took 0.046 seconds
[2024-05-08T13:36:56.255+0000] {processor.py:161} INFO - Started process (PID=3563) to work on /home/denys/airflow_venv/lib/python3.12/site-packages/airflow/example_dags/example_xcom.py
[2024-05-08T13:36:56.256+0000] {processor.py:830} INFO - Processing file /home/denys/airflow_venv/lib/python3.12/site-packages/airflow/example_dags/example_xcom.py for tasks to queue
[2024-05-08T13:36:56.258+0000] {logging_mixin.py:188} INFO - [2024-05-08T13:36:56.257+0000] {dagbag.py:545} INFO - Filling up the DagBag from /home/denys/airflow_venv/lib/python3.12/site-packages/airflow/example_dags/example_xcom.py
[2024-05-08T13:36:56.263+0000] {processor.py:840} INFO - DAG(s) 'example_xcom' retrieved from /home/denys/airflow_venv/lib/python3.12/site-packages/airflow/example_dags/example_xcom.py
[2024-05-08T13:36:56.272+0000] {logging_mixin.py:188} INFO - [2024-05-08T13:36:56.272+0000] {dag.py:3096} INFO - Sync 1 DAGs
[2024-05-08T13:36:56.282+0000] {logging_mixin.py:188} INFO - [2024-05-08T13:36:56.282+0000] {dag.py:3954} INFO - Setting next_dagrun for example_xcom to 2021-01-01 00:00:00+00:00, run_after=2021-01-01 00:00:00+00:00
[2024-05-08T13:36:56.300+0000] {processor.py:183} INFO - Processing /home/denys/airflow_venv/lib/python3.12/site-packages/airflow/example_dags/example_xcom.py took 0.048 seconds
[2024-05-08T13:37:41.470+0000] {processor.py:161} INFO - Started process (PID=3608) to work on /home/denys/airflow_venv/lib/python3.12/site-packages/airflow/example_dags/example_xcom.py
[2024-05-08T13:37:41.471+0000] {processor.py:830} INFO - Processing file /home/denys/airflow_venv/lib/python3.12/site-packages/airflow/example_dags/example_xcom.py for tasks to queue
[2024-05-08T13:37:41.473+0000] {logging_mixin.py:188} INFO - [2024-05-08T13:37:41.472+0000] {dagbag.py:545} INFO - Filling up the DagBag from /home/denys/airflow_venv/lib/python3.12/site-packages/airflow/example_dags/example_xcom.py
[2024-05-08T13:37:41.477+0000] {processor.py:840} INFO - DAG(s) 'example_xcom' retrieved from /home/denys/airflow_venv/lib/python3.12/site-packages/airflow/example_dags/example_xcom.py
[2024-05-08T13:37:41.487+0000] {logging_mixin.py:188} INFO - [2024-05-08T13:37:41.486+0000] {dag.py:3096} INFO - Sync 1 DAGs
[2024-05-08T13:37:41.496+0000] {logging_mixin.py:188} INFO - [2024-05-08T13:37:41.496+0000] {dag.py:3954} INFO - Setting next_dagrun for example_xcom to 2021-01-01 00:00:00+00:00, run_after=2021-01-01 00:00:00+00:00
[2024-05-08T13:37:41.516+0000] {processor.py:183} INFO - Processing /home/denys/airflow_venv/lib/python3.12/site-packages/airflow/example_dags/example_xcom.py took 0.050 seconds
[2024-05-08T13:38:29.234+0000] {processor.py:161} INFO - Started process (PID=3657) to work on /home/denys/airflow_venv/lib/python3.12/site-packages/airflow/example_dags/example_xcom.py
[2024-05-08T13:38:29.236+0000] {processor.py:830} INFO - Processing file /home/denys/airflow_venv/lib/python3.12/site-packages/airflow/example_dags/example_xcom.py for tasks to queue
[2024-05-08T13:38:29.237+0000] {logging_mixin.py:188} INFO - [2024-05-08T13:38:29.237+0000] {dagbag.py:545} INFO - Filling up the DagBag from /home/denys/airflow_venv/lib/python3.12/site-packages/airflow/example_dags/example_xcom.py
[2024-05-08T13:38:29.242+0000] {processor.py:840} INFO - DAG(s) 'example_xcom' retrieved from /home/denys/airflow_venv/lib/python3.12/site-packages/airflow/example_dags/example_xcom.py
[2024-05-08T13:38:29.253+0000] {logging_mixin.py:188} INFO - [2024-05-08T13:38:29.253+0000] {dag.py:3096} INFO - Sync 1 DAGs
[2024-05-08T13:38:29.265+0000] {logging_mixin.py:188} INFO - [2024-05-08T13:38:29.265+0000] {dag.py:3954} INFO - Setting next_dagrun for example_xcom to 2021-01-01 00:00:00+00:00, run_after=2021-01-01 00:00:00+00:00
[2024-05-08T13:38:29.283+0000] {processor.py:183} INFO - Processing /home/denys/airflow_venv/lib/python3.12/site-packages/airflow/example_dags/example_xcom.py took 0.053 seconds
[2024-05-08T13:39:08.802+0000] {processor.py:161} INFO - Started process (PID=3701) to work on /home/denys/airflow_venv/lib/python3.12/site-packages/airflow/example_dags/example_xcom.py
[2024-05-08T13:39:08.803+0000] {processor.py:830} INFO - Processing file /home/denys/airflow_venv/lib/python3.12/site-packages/airflow/example_dags/example_xcom.py for tasks to queue
[2024-05-08T13:39:08.804+0000] {logging_mixin.py:188} INFO - [2024-05-08T13:39:08.804+0000] {dagbag.py:545} INFO - Filling up the DagBag from /home/denys/airflow_venv/lib/python3.12/site-packages/airflow/example_dags/example_xcom.py
[2024-05-08T13:39:08.809+0000] {processor.py:840} INFO - DAG(s) 'example_xcom' retrieved from /home/denys/airflow_venv/lib/python3.12/site-packages/airflow/example_dags/example_xcom.py
[2024-05-08T13:39:08.818+0000] {logging_mixin.py:188} INFO - [2024-05-08T13:39:08.818+0000] {dag.py:3096} INFO - Sync 1 DAGs
[2024-05-08T13:39:08.828+0000] {logging_mixin.py:188} INFO - [2024-05-08T13:39:08.828+0000] {dag.py:3954} INFO - Setting next_dagrun for example_xcom to 2021-01-01 00:00:00+00:00, run_after=2021-01-01 00:00:00+00:00
[2024-05-08T13:39:08.849+0000] {processor.py:183} INFO - Processing /home/denys/airflow_venv/lib/python3.12/site-packages/airflow/example_dags/example_xcom.py took 0.051 seconds
[2024-05-08T13:39:55.018+0000] {processor.py:161} INFO - Started process (PID=3744) to work on /home/denys/airflow_venv/lib/python3.12/site-packages/airflow/example_dags/example_xcom.py
[2024-05-08T13:39:55.019+0000] {processor.py:830} INFO - Processing file /home/denys/airflow_venv/lib/python3.12/site-packages/airflow/example_dags/example_xcom.py for tasks to queue
[2024-05-08T13:39:55.020+0000] {logging_mixin.py:188} INFO - [2024-05-08T13:39:55.020+0000] {dagbag.py:545} INFO - Filling up the DagBag from /home/denys/airflow_venv/lib/python3.12/site-packages/airflow/example_dags/example_xcom.py
[2024-05-08T13:39:55.025+0000] {processor.py:840} INFO - DAG(s) 'example_xcom' retrieved from /home/denys/airflow_venv/lib/python3.12/site-packages/airflow/example_dags/example_xcom.py
[2024-05-08T13:39:55.035+0000] {logging_mixin.py:188} INFO - [2024-05-08T13:39:55.035+0000] {dag.py:3096} INFO - Sync 1 DAGs
[2024-05-08T13:39:55.107+0000] {logging_mixin.py:188} INFO - [2024-05-08T13:39:55.107+0000] {dag.py:3954} INFO - Setting next_dagrun for example_xcom to 2021-01-01 00:00:00+00:00, run_after=2021-01-01 00:00:00+00:00
[2024-05-08T13:39:55.133+0000] {processor.py:183} INFO - Processing /home/denys/airflow_venv/lib/python3.12/site-packages/airflow/example_dags/example_xcom.py took 0.119 seconds
[2024-05-08T13:40:43.637+0000] {processor.py:161} INFO - Started process (PID=3793) to work on /home/denys/airflow_venv/lib/python3.12/site-packages/airflow/example_dags/example_xcom.py
[2024-05-08T13:40:43.638+0000] {processor.py:830} INFO - Processing file /home/denys/airflow_venv/lib/python3.12/site-packages/airflow/example_dags/example_xcom.py for tasks to queue
[2024-05-08T13:40:43.639+0000] {logging_mixin.py:188} INFO - [2024-05-08T13:40:43.639+0000] {dagbag.py:545} INFO - Filling up the DagBag from /home/denys/airflow_venv/lib/python3.12/site-packages/airflow/example_dags/example_xcom.py
[2024-05-08T13:40:43.644+0000] {processor.py:840} INFO - DAG(s) 'example_xcom' retrieved from /home/denys/airflow_venv/lib/python3.12/site-packages/airflow/example_dags/example_xcom.py
[2024-05-08T13:40:43.654+0000] {logging_mixin.py:188} INFO - [2024-05-08T13:40:43.654+0000] {dag.py:3096} INFO - Sync 1 DAGs
[2024-05-08T13:40:43.664+0000] {logging_mixin.py:188} INFO - [2024-05-08T13:40:43.664+0000] {dag.py:3954} INFO - Setting next_dagrun for example_xcom to 2021-01-01 00:00:00+00:00, run_after=2021-01-01 00:00:00+00:00
[2024-05-08T13:40:43.685+0000] {processor.py:183} INFO - Processing /home/denys/airflow_venv/lib/python3.12/site-packages/airflow/example_dags/example_xcom.py took 0.052 seconds
[2024-05-08T13:41:31.855+0000] {processor.py:161} INFO - Started process (PID=3841) to work on /home/denys/airflow_venv/lib/python3.12/site-packages/airflow/example_dags/example_xcom.py
[2024-05-08T13:41:31.856+0000] {processor.py:830} INFO - Processing file /home/denys/airflow_venv/lib/python3.12/site-packages/airflow/example_dags/example_xcom.py for tasks to queue
[2024-05-08T13:41:31.857+0000] {logging_mixin.py:188} INFO - [2024-05-08T13:41:31.857+0000] {dagbag.py:545} INFO - Filling up the DagBag from /home/denys/airflow_venv/lib/python3.12/site-packages/airflow/example_dags/example_xcom.py
[2024-05-08T13:41:31.862+0000] {processor.py:840} INFO - DAG(s) 'example_xcom' retrieved from /home/denys/airflow_venv/lib/python3.12/site-packages/airflow/example_dags/example_xcom.py
[2024-05-08T13:41:31.871+0000] {logging_mixin.py:188} INFO - [2024-05-08T13:41:31.871+0000] {dag.py:3096} INFO - Sync 1 DAGs
[2024-05-08T13:41:31.882+0000] {logging_mixin.py:188} INFO - [2024-05-08T13:41:31.882+0000] {dag.py:3954} INFO - Setting next_dagrun for example_xcom to 2021-01-01 00:00:00+00:00, run_after=2021-01-01 00:00:00+00:00
[2024-05-08T13:41:31.904+0000] {processor.py:183} INFO - Processing /home/denys/airflow_venv/lib/python3.12/site-packages/airflow/example_dags/example_xcom.py took 0.054 seconds
[2024-05-08T13:42:15.865+0000] {processor.py:161} INFO - Started process (PID=3884) to work on /home/denys/airflow_venv/lib/python3.12/site-packages/airflow/example_dags/example_xcom.py
[2024-05-08T13:42:15.866+0000] {processor.py:830} INFO - Processing file /home/denys/airflow_venv/lib/python3.12/site-packages/airflow/example_dags/example_xcom.py for tasks to queue
[2024-05-08T13:42:15.867+0000] {logging_mixin.py:188} INFO - [2024-05-08T13:42:15.867+0000] {dagbag.py:545} INFO - Filling up the DagBag from /home/denys/airflow_venv/lib/python3.12/site-packages/airflow/example_dags/example_xcom.py
[2024-05-08T13:42:15.872+0000] {processor.py:840} INFO - DAG(s) 'example_xcom' retrieved from /home/denys/airflow_venv/lib/python3.12/site-packages/airflow/example_dags/example_xcom.py
[2024-05-08T13:42:15.881+0000] {logging_mixin.py:188} INFO - [2024-05-08T13:42:15.881+0000] {dag.py:3096} INFO - Sync 1 DAGs
[2024-05-08T13:42:15.955+0000] {logging_mixin.py:188} INFO - [2024-05-08T13:42:15.955+0000] {dag.py:3954} INFO - Setting next_dagrun for example_xcom to 2021-01-01 00:00:00+00:00, run_after=2021-01-01 00:00:00+00:00
[2024-05-08T13:42:15.988+0000] {processor.py:183} INFO - Processing /home/denys/airflow_venv/lib/python3.12/site-packages/airflow/example_dags/example_xcom.py took 0.126 seconds
[2024-05-08T13:43:01.730+0000] {processor.py:161} INFO - Started process (PID=3930) to work on /home/denys/airflow_venv/lib/python3.12/site-packages/airflow/example_dags/example_xcom.py
[2024-05-08T13:43:01.731+0000] {processor.py:830} INFO - Processing file /home/denys/airflow_venv/lib/python3.12/site-packages/airflow/example_dags/example_xcom.py for tasks to queue
[2024-05-08T13:43:01.732+0000] {logging_mixin.py:188} INFO - [2024-05-08T13:43:01.732+0000] {dagbag.py:545} INFO - Filling up the DagBag from /home/denys/airflow_venv/lib/python3.12/site-packages/airflow/example_dags/example_xcom.py
[2024-05-08T13:43:01.738+0000] {processor.py:840} INFO - DAG(s) 'example_xcom' retrieved from /home/denys/airflow_venv/lib/python3.12/site-packages/airflow/example_dags/example_xcom.py
[2024-05-08T13:43:01.747+0000] {logging_mixin.py:188} INFO - [2024-05-08T13:43:01.747+0000] {dag.py:3096} INFO - Sync 1 DAGs
[2024-05-08T13:43:01.758+0000] {logging_mixin.py:188} INFO - [2024-05-08T13:43:01.758+0000] {dag.py:3954} INFO - Setting next_dagrun for example_xcom to 2021-01-01 00:00:00+00:00, run_after=2021-01-01 00:00:00+00:00
[2024-05-08T13:43:01.781+0000] {processor.py:183} INFO - Processing /home/denys/airflow_venv/lib/python3.12/site-packages/airflow/example_dags/example_xcom.py took 0.054 seconds
