[2024-05-08T13:12:22.082+0000] {processor.py:161} INFO - Started process (PID=1896) to work on /home/denys/airflow_venv/lib/python3.12/site-packages/airflow/example_dags/example_params_trigger_ui.py
[2024-05-08T13:12:22.082+0000] {processor.py:830} INFO - Processing file /home/denys/airflow_venv/lib/python3.12/site-packages/airflow/example_dags/example_params_trigger_ui.py for tasks to queue
[2024-05-08T13:12:22.083+0000] {logging_mixin.py:188} INFO - [2024-05-08T13:12:22.083+0000] {dagbag.py:545} INFO - Filling up the DagBag from /home/denys/airflow_venv/lib/python3.12/site-packages/airflow/example_dags/example_params_trigger_ui.py
[2024-05-08T13:12:22.091+0000] {processor.py:840} INFO - DAG(s) 'example_params_trigger_ui' retrieved from /home/denys/airflow_venv/lib/python3.12/site-packages/airflow/example_dags/example_params_trigger_ui.py
[2024-05-08T13:12:22.169+0000] {logging_mixin.py:188} INFO - [2024-05-08T13:12:22.168+0000] {override.py:1829} INFO - Created Permission View: can delete on DAG:example_params_trigger_ui
[2024-05-08T13:12:22.178+0000] {logging_mixin.py:188} INFO - [2024-05-08T13:12:22.178+0000] {override.py:1829} INFO - Created Permission View: can edit on DAG:example_params_trigger_ui
[2024-05-08T13:12:22.186+0000] {logging_mixin.py:188} INFO - [2024-05-08T13:12:22.186+0000] {override.py:1829} INFO - Created Permission View: can read on DAG:example_params_trigger_ui
[2024-05-08T13:12:22.186+0000] {logging_mixin.py:188} INFO - [2024-05-08T13:12:22.186+0000] {dag.py:3096} INFO - Sync 1 DAGs
[2024-05-08T13:12:22.192+0000] {logging_mixin.py:188} INFO - [2024-05-08T13:12:22.192+0000] {dag.py:3118} INFO - Creating ORM DAG for example_params_trigger_ui
[2024-05-08T13:12:22.192+0000] {logging_mixin.py:188} INFO - [2024-05-08T13:12:22.192+0000] {dag.py:3954} INFO - Setting next_dagrun for example_params_trigger_ui to None, run_after=None
[2024-05-08T13:12:22.208+0000] {processor.py:183} INFO - Processing /home/denys/airflow_venv/lib/python3.12/site-packages/airflow/example_dags/example_params_trigger_ui.py took 0.129 seconds
[2024-05-08T13:13:12.491+0000] {processor.py:161} INFO - Started process (PID=1952) to work on /home/denys/airflow_venv/lib/python3.12/site-packages/airflow/example_dags/example_params_trigger_ui.py
[2024-05-08T13:13:12.493+0000] {processor.py:830} INFO - Processing file /home/denys/airflow_venv/lib/python3.12/site-packages/airflow/example_dags/example_params_trigger_ui.py for tasks to queue
[2024-05-08T13:13:12.494+0000] {logging_mixin.py:188} INFO - [2024-05-08T13:13:12.493+0000] {dagbag.py:545} INFO - Filling up the DagBag from /home/denys/airflow_venv/lib/python3.12/site-packages/airflow/example_dags/example_params_trigger_ui.py
[2024-05-08T13:13:12.504+0000] {processor.py:840} INFO - DAG(s) 'example_params_trigger_ui' retrieved from /home/denys/airflow_venv/lib/python3.12/site-packages/airflow/example_dags/example_params_trigger_ui.py
[2024-05-08T13:13:12.528+0000] {logging_mixin.py:188} INFO - [2024-05-08T13:13:12.527+0000] {dag.py:3096} INFO - Sync 1 DAGs
[2024-05-08T13:13:12.536+0000] {logging_mixin.py:188} INFO - [2024-05-08T13:13:12.536+0000] {dag.py:3954} INFO - Setting next_dagrun for example_params_trigger_ui to None, run_after=None
[2024-05-08T13:13:12.557+0000] {processor.py:183} INFO - Processing /home/denys/airflow_venv/lib/python3.12/site-packages/airflow/example_dags/example_params_trigger_ui.py took 0.069 seconds
[2024-05-08T13:14:16.408+0000] {processor.py:161} INFO - Started process (PID=2018) to work on /home/denys/airflow_venv/lib/python3.12/site-packages/airflow/example_dags/example_params_trigger_ui.py
[2024-05-08T13:14:16.409+0000] {processor.py:830} INFO - Processing file /home/denys/airflow_venv/lib/python3.12/site-packages/airflow/example_dags/example_params_trigger_ui.py for tasks to queue
[2024-05-08T13:14:16.410+0000] {logging_mixin.py:188} INFO - [2024-05-08T13:14:16.409+0000] {dagbag.py:545} INFO - Filling up the DagBag from /home/denys/airflow_venv/lib/python3.12/site-packages/airflow/example_dags/example_params_trigger_ui.py
[2024-05-08T13:14:16.418+0000] {processor.py:840} INFO - DAG(s) 'example_params_trigger_ui' retrieved from /home/denys/airflow_venv/lib/python3.12/site-packages/airflow/example_dags/example_params_trigger_ui.py
[2024-05-08T13:14:16.439+0000] {logging_mixin.py:188} INFO - [2024-05-08T13:14:16.439+0000] {dag.py:3096} INFO - Sync 1 DAGs
[2024-05-08T13:14:16.445+0000] {logging_mixin.py:188} INFO - [2024-05-08T13:14:16.445+0000] {dag.py:3954} INFO - Setting next_dagrun for example_params_trigger_ui to None, run_after=None
[2024-05-08T13:14:16.462+0000] {processor.py:183} INFO - Processing /home/denys/airflow_venv/lib/python3.12/site-packages/airflow/example_dags/example_params_trigger_ui.py took 0.057 seconds
[2024-05-08T13:15:20.633+0000] {processor.py:161} INFO - Started process (PID=2086) to work on /home/denys/airflow_venv/lib/python3.12/site-packages/airflow/example_dags/example_params_trigger_ui.py
[2024-05-08T13:15:20.634+0000] {processor.py:830} INFO - Processing file /home/denys/airflow_venv/lib/python3.12/site-packages/airflow/example_dags/example_params_trigger_ui.py for tasks to queue
[2024-05-08T13:15:20.635+0000] {logging_mixin.py:188} INFO - [2024-05-08T13:15:20.635+0000] {dagbag.py:545} INFO - Filling up the DagBag from /home/denys/airflow_venv/lib/python3.12/site-packages/airflow/example_dags/example_params_trigger_ui.py
[2024-05-08T13:15:20.643+0000] {processor.py:840} INFO - DAG(s) 'example_params_trigger_ui' retrieved from /home/denys/airflow_venv/lib/python3.12/site-packages/airflow/example_dags/example_params_trigger_ui.py
[2024-05-08T13:15:20.661+0000] {logging_mixin.py:188} INFO - [2024-05-08T13:15:20.661+0000] {dag.py:3096} INFO - Sync 1 DAGs
[2024-05-08T13:15:20.667+0000] {logging_mixin.py:188} INFO - [2024-05-08T13:15:20.667+0000] {dag.py:3954} INFO - Setting next_dagrun for example_params_trigger_ui to None, run_after=None
[2024-05-08T13:15:20.683+0000] {processor.py:183} INFO - Processing /home/denys/airflow_venv/lib/python3.12/site-packages/airflow/example_dags/example_params_trigger_ui.py took 0.053 seconds
[2024-05-08T13:16:23.052+0000] {processor.py:161} INFO - Started process (PID=2151) to work on /home/denys/airflow_venv/lib/python3.12/site-packages/airflow/example_dags/example_params_trigger_ui.py
[2024-05-08T13:16:23.053+0000] {processor.py:830} INFO - Processing file /home/denys/airflow_venv/lib/python3.12/site-packages/airflow/example_dags/example_params_trigger_ui.py for tasks to queue
[2024-05-08T13:16:23.054+0000] {logging_mixin.py:188} INFO - [2024-05-08T13:16:23.054+0000] {dagbag.py:545} INFO - Filling up the DagBag from /home/denys/airflow_venv/lib/python3.12/site-packages/airflow/example_dags/example_params_trigger_ui.py
[2024-05-08T13:16:23.062+0000] {processor.py:840} INFO - DAG(s) 'example_params_trigger_ui' retrieved from /home/denys/airflow_venv/lib/python3.12/site-packages/airflow/example_dags/example_params_trigger_ui.py
[2024-05-08T13:16:23.083+0000] {logging_mixin.py:188} INFO - [2024-05-08T13:16:23.082+0000] {dag.py:3096} INFO - Sync 1 DAGs
[2024-05-08T13:16:23.089+0000] {logging_mixin.py:188} INFO - [2024-05-08T13:16:23.089+0000] {dag.py:3954} INFO - Setting next_dagrun for example_params_trigger_ui to None, run_after=None
[2024-05-08T13:16:23.109+0000] {processor.py:183} INFO - Processing /home/denys/airflow_venv/lib/python3.12/site-packages/airflow/example_dags/example_params_trigger_ui.py took 0.061 seconds
[2024-05-08T13:17:27.115+0000] {processor.py:161} INFO - Started process (PID=2221) to work on /home/denys/airflow_venv/lib/python3.12/site-packages/airflow/example_dags/example_params_trigger_ui.py
[2024-05-08T13:17:27.117+0000] {processor.py:830} INFO - Processing file /home/denys/airflow_venv/lib/python3.12/site-packages/airflow/example_dags/example_params_trigger_ui.py for tasks to queue
[2024-05-08T13:17:27.118+0000] {logging_mixin.py:188} INFO - [2024-05-08T13:17:27.118+0000] {dagbag.py:545} INFO - Filling up the DagBag from /home/denys/airflow_venv/lib/python3.12/site-packages/airflow/example_dags/example_params_trigger_ui.py
[2024-05-08T13:17:27.127+0000] {processor.py:840} INFO - DAG(s) 'example_params_trigger_ui' retrieved from /home/denys/airflow_venv/lib/python3.12/site-packages/airflow/example_dags/example_params_trigger_ui.py
[2024-05-08T13:17:27.146+0000] {logging_mixin.py:188} INFO - [2024-05-08T13:17:27.146+0000] {dag.py:3096} INFO - Sync 1 DAGs
[2024-05-08T13:17:27.153+0000] {logging_mixin.py:188} INFO - [2024-05-08T13:17:27.152+0000] {dag.py:3954} INFO - Setting next_dagrun for example_params_trigger_ui to None, run_after=None
[2024-05-08T13:17:27.178+0000] {processor.py:183} INFO - Processing /home/denys/airflow_venv/lib/python3.12/site-packages/airflow/example_dags/example_params_trigger_ui.py took 0.067 seconds
[2024-05-08T13:19:49.360+0000] {processor.py:161} INFO - Started process (PID=2352) to work on /home/denys/airflow_venv/lib/python3.12/site-packages/airflow/example_dags/example_params_trigger_ui.py
[2024-05-08T13:19:49.367+0000] {processor.py:830} INFO - Processing file /home/denys/airflow_venv/lib/python3.12/site-packages/airflow/example_dags/example_params_trigger_ui.py for tasks to queue
[2024-05-08T13:19:49.368+0000] {logging_mixin.py:188} INFO - [2024-05-08T13:19:49.368+0000] {dagbag.py:545} INFO - Filling up the DagBag from /home/denys/airflow_venv/lib/python3.12/site-packages/airflow/example_dags/example_params_trigger_ui.py
[2024-05-08T13:19:49.376+0000] {processor.py:840} INFO - DAG(s) 'example_params_trigger_ui' retrieved from /home/denys/airflow_venv/lib/python3.12/site-packages/airflow/example_dags/example_params_trigger_ui.py
[2024-05-08T13:19:49.431+0000] {logging_mixin.py:188} INFO - [2024-05-08T13:19:49.431+0000] {dag.py:3096} INFO - Sync 1 DAGs
[2024-05-08T13:19:49.435+0000] {logging_mixin.py:188} INFO - [2024-05-08T13:19:49.435+0000] {dag.py:3954} INFO - Setting next_dagrun for example_params_trigger_ui to None, run_after=None
[2024-05-08T13:19:49.453+0000] {processor.py:183} INFO - Processing /home/denys/airflow_venv/lib/python3.12/site-packages/airflow/example_dags/example_params_trigger_ui.py took 0.096 seconds
[2024-05-08T13:20:51.722+0000] {processor.py:161} INFO - Started process (PID=2420) to work on /home/denys/airflow_venv/lib/python3.12/site-packages/airflow/example_dags/example_params_trigger_ui.py
[2024-05-08T13:20:51.728+0000] {processor.py:830} INFO - Processing file /home/denys/airflow_venv/lib/python3.12/site-packages/airflow/example_dags/example_params_trigger_ui.py for tasks to queue
[2024-05-08T13:20:51.729+0000] {logging_mixin.py:188} INFO - [2024-05-08T13:20:51.729+0000] {dagbag.py:545} INFO - Filling up the DagBag from /home/denys/airflow_venv/lib/python3.12/site-packages/airflow/example_dags/example_params_trigger_ui.py
[2024-05-08T13:20:51.737+0000] {processor.py:840} INFO - DAG(s) 'example_params_trigger_ui' retrieved from /home/denys/airflow_venv/lib/python3.12/site-packages/airflow/example_dags/example_params_trigger_ui.py
[2024-05-08T13:20:51.759+0000] {logging_mixin.py:188} INFO - [2024-05-08T13:20:51.759+0000] {dag.py:3096} INFO - Sync 1 DAGs
[2024-05-08T13:20:51.767+0000] {logging_mixin.py:188} INFO - [2024-05-08T13:20:51.767+0000] {dag.py:3954} INFO - Setting next_dagrun for example_params_trigger_ui to None, run_after=None
[2024-05-08T13:20:51.785+0000] {processor.py:183} INFO - Processing /home/denys/airflow_venv/lib/python3.12/site-packages/airflow/example_dags/example_params_trigger_ui.py took 0.067 seconds
[2024-05-08T13:21:57.454+0000] {processor.py:161} INFO - Started process (PID=2486) to work on /home/denys/airflow_venv/lib/python3.12/site-packages/airflow/example_dags/example_params_trigger_ui.py
[2024-05-08T13:21:57.461+0000] {processor.py:830} INFO - Processing file /home/denys/airflow_venv/lib/python3.12/site-packages/airflow/example_dags/example_params_trigger_ui.py for tasks to queue
[2024-05-08T13:21:57.462+0000] {logging_mixin.py:188} INFO - [2024-05-08T13:21:57.461+0000] {dagbag.py:545} INFO - Filling up the DagBag from /home/denys/airflow_venv/lib/python3.12/site-packages/airflow/example_dags/example_params_trigger_ui.py
[2024-05-08T13:21:57.471+0000] {processor.py:840} INFO - DAG(s) 'example_params_trigger_ui' retrieved from /home/denys/airflow_venv/lib/python3.12/site-packages/airflow/example_dags/example_params_trigger_ui.py
[2024-05-08T13:21:57.493+0000] {logging_mixin.py:188} INFO - [2024-05-08T13:21:57.493+0000] {dag.py:3096} INFO - Sync 1 DAGs
[2024-05-08T13:21:57.499+0000] {logging_mixin.py:188} INFO - [2024-05-08T13:21:57.499+0000] {dag.py:3954} INFO - Setting next_dagrun for example_params_trigger_ui to None, run_after=None
[2024-05-08T13:21:57.516+0000] {processor.py:183} INFO - Processing /home/denys/airflow_venv/lib/python3.12/site-packages/airflow/example_dags/example_params_trigger_ui.py took 0.065 seconds
[2024-05-08T13:23:00.736+0000] {processor.py:161} INFO - Started process (PID=2552) to work on /home/denys/airflow_venv/lib/python3.12/site-packages/airflow/example_dags/example_params_trigger_ui.py
[2024-05-08T13:23:00.741+0000] {processor.py:830} INFO - Processing file /home/denys/airflow_venv/lib/python3.12/site-packages/airflow/example_dags/example_params_trigger_ui.py for tasks to queue
[2024-05-08T13:23:00.743+0000] {logging_mixin.py:188} INFO - [2024-05-08T13:23:00.742+0000] {dagbag.py:545} INFO - Filling up the DagBag from /home/denys/airflow_venv/lib/python3.12/site-packages/airflow/example_dags/example_params_trigger_ui.py
[2024-05-08T13:23:00.751+0000] {processor.py:840} INFO - DAG(s) 'example_params_trigger_ui' retrieved from /home/denys/airflow_venv/lib/python3.12/site-packages/airflow/example_dags/example_params_trigger_ui.py
[2024-05-08T13:23:00.794+0000] {logging_mixin.py:188} INFO - [2024-05-08T13:23:00.793+0000] {dag.py:3096} INFO - Sync 1 DAGs
[2024-05-08T13:23:00.801+0000] {logging_mixin.py:188} INFO - [2024-05-08T13:23:00.801+0000] {dag.py:3954} INFO - Setting next_dagrun for example_params_trigger_ui to None, run_after=None
[2024-05-08T13:23:00.819+0000] {processor.py:183} INFO - Processing /home/denys/airflow_venv/lib/python3.12/site-packages/airflow/example_dags/example_params_trigger_ui.py took 0.088 seconds
[2024-05-08T13:24:01.610+0000] {processor.py:161} INFO - Started process (PID=2687) to work on /home/denys/airflow_venv/lib/python3.12/site-packages/airflow/example_dags/example_params_trigger_ui.py
[2024-05-08T13:24:01.611+0000] {processor.py:830} INFO - Processing file /home/denys/airflow_venv/lib/python3.12/site-packages/airflow/example_dags/example_params_trigger_ui.py for tasks to queue
[2024-05-08T13:24:01.612+0000] {logging_mixin.py:188} INFO - [2024-05-08T13:24:01.612+0000] {dagbag.py:545} INFO - Filling up the DagBag from /home/denys/airflow_venv/lib/python3.12/site-packages/airflow/example_dags/example_params_trigger_ui.py
[2024-05-08T13:24:01.620+0000] {processor.py:840} INFO - DAG(s) 'example_params_trigger_ui' retrieved from /home/denys/airflow_venv/lib/python3.12/site-packages/airflow/example_dags/example_params_trigger_ui.py
[2024-05-08T13:24:01.639+0000] {logging_mixin.py:188} INFO - [2024-05-08T13:24:01.639+0000] {dag.py:3096} INFO - Sync 1 DAGs
[2024-05-08T13:24:01.645+0000] {logging_mixin.py:188} INFO - [2024-05-08T13:24:01.645+0000] {dag.py:3954} INFO - Setting next_dagrun for example_params_trigger_ui to None, run_after=None
[2024-05-08T13:24:01.663+0000] {processor.py:183} INFO - Processing /home/denys/airflow_venv/lib/python3.12/site-packages/airflow/example_dags/example_params_trigger_ui.py took 0.057 seconds
[2024-05-08T13:24:59.341+0000] {processor.py:161} INFO - Started process (PID=2751) to work on /home/denys/airflow_venv/lib/python3.12/site-packages/airflow/example_dags/example_params_trigger_ui.py
[2024-05-08T13:24:59.342+0000] {processor.py:830} INFO - Processing file /home/denys/airflow_venv/lib/python3.12/site-packages/airflow/example_dags/example_params_trigger_ui.py for tasks to queue
[2024-05-08T13:24:59.343+0000] {logging_mixin.py:188} INFO - [2024-05-08T13:24:59.342+0000] {dagbag.py:545} INFO - Filling up the DagBag from /home/denys/airflow_venv/lib/python3.12/site-packages/airflow/example_dags/example_params_trigger_ui.py
[2024-05-08T13:24:59.351+0000] {processor.py:840} INFO - DAG(s) 'example_params_trigger_ui' retrieved from /home/denys/airflow_venv/lib/python3.12/site-packages/airflow/example_dags/example_params_trigger_ui.py
[2024-05-08T13:24:59.371+0000] {logging_mixin.py:188} INFO - [2024-05-08T13:24:59.371+0000] {dag.py:3096} INFO - Sync 1 DAGs
[2024-05-08T13:24:59.378+0000] {logging_mixin.py:188} INFO - [2024-05-08T13:24:59.377+0000] {dag.py:3954} INFO - Setting next_dagrun for example_params_trigger_ui to None, run_after=None
[2024-05-08T13:24:59.402+0000] {processor.py:183} INFO - Processing /home/denys/airflow_venv/lib/python3.12/site-packages/airflow/example_dags/example_params_trigger_ui.py took 0.064 seconds
[2024-05-08T13:25:59.421+0000] {processor.py:161} INFO - Started process (PID=2819) to work on /home/denys/airflow_venv/lib/python3.12/site-packages/airflow/example_dags/example_params_trigger_ui.py
[2024-05-08T13:25:59.422+0000] {processor.py:830} INFO - Processing file /home/denys/airflow_venv/lib/python3.12/site-packages/airflow/example_dags/example_params_trigger_ui.py for tasks to queue
[2024-05-08T13:25:59.423+0000] {logging_mixin.py:188} INFO - [2024-05-08T13:25:59.423+0000] {dagbag.py:545} INFO - Filling up the DagBag from /home/denys/airflow_venv/lib/python3.12/site-packages/airflow/example_dags/example_params_trigger_ui.py
[2024-05-08T13:25:59.431+0000] {processor.py:840} INFO - DAG(s) 'example_params_trigger_ui' retrieved from /home/denys/airflow_venv/lib/python3.12/site-packages/airflow/example_dags/example_params_trigger_ui.py
[2024-05-08T13:25:59.453+0000] {logging_mixin.py:188} INFO - [2024-05-08T13:25:59.453+0000] {dag.py:3096} INFO - Sync 1 DAGs
[2024-05-08T13:25:59.461+0000] {logging_mixin.py:188} INFO - [2024-05-08T13:25:59.461+0000] {dag.py:3954} INFO - Setting next_dagrun for example_params_trigger_ui to None, run_after=None
[2024-05-08T13:25:59.482+0000] {processor.py:183} INFO - Processing /home/denys/airflow_venv/lib/python3.12/site-packages/airflow/example_dags/example_params_trigger_ui.py took 0.064 seconds
[2024-05-08T13:27:04.394+0000] {processor.py:161} INFO - Started process (PID=2885) to work on /home/denys/airflow_venv/lib/python3.12/site-packages/airflow/example_dags/example_params_trigger_ui.py
[2024-05-08T13:27:04.396+0000] {processor.py:830} INFO - Processing file /home/denys/airflow_venv/lib/python3.12/site-packages/airflow/example_dags/example_params_trigger_ui.py for tasks to queue
[2024-05-08T13:27:04.397+0000] {logging_mixin.py:188} INFO - [2024-05-08T13:27:04.396+0000] {dagbag.py:545} INFO - Filling up the DagBag from /home/denys/airflow_venv/lib/python3.12/site-packages/airflow/example_dags/example_params_trigger_ui.py
[2024-05-08T13:27:04.405+0000] {processor.py:840} INFO - DAG(s) 'example_params_trigger_ui' retrieved from /home/denys/airflow_venv/lib/python3.12/site-packages/airflow/example_dags/example_params_trigger_ui.py
[2024-05-08T13:27:04.425+0000] {logging_mixin.py:188} INFO - [2024-05-08T13:27:04.425+0000] {dag.py:3096} INFO - Sync 1 DAGs
[2024-05-08T13:27:04.432+0000] {logging_mixin.py:188} INFO - [2024-05-08T13:27:04.432+0000] {dag.py:3954} INFO - Setting next_dagrun for example_params_trigger_ui to None, run_after=None
[2024-05-08T13:27:04.450+0000] {processor.py:183} INFO - Processing /home/denys/airflow_venv/lib/python3.12/site-packages/airflow/example_dags/example_params_trigger_ui.py took 0.060 seconds
[2024-05-08T13:27:56.112+0000] {processor.py:161} INFO - Started process (PID=2938) to work on /home/denys/airflow_venv/lib/python3.12/site-packages/airflow/example_dags/example_params_trigger_ui.py
[2024-05-08T13:27:56.114+0000] {processor.py:830} INFO - Processing file /home/denys/airflow_venv/lib/python3.12/site-packages/airflow/example_dags/example_params_trigger_ui.py for tasks to queue
[2024-05-08T13:27:56.115+0000] {logging_mixin.py:188} INFO - [2024-05-08T13:27:56.115+0000] {dagbag.py:545} INFO - Filling up the DagBag from /home/denys/airflow_venv/lib/python3.12/site-packages/airflow/example_dags/example_params_trigger_ui.py
[2024-05-08T13:27:56.125+0000] {processor.py:840} INFO - DAG(s) 'example_params_trigger_ui' retrieved from /home/denys/airflow_venv/lib/python3.12/site-packages/airflow/example_dags/example_params_trigger_ui.py
[2024-05-08T13:27:56.149+0000] {logging_mixin.py:188} INFO - [2024-05-08T13:27:56.149+0000] {dag.py:3096} INFO - Sync 1 DAGs
[2024-05-08T13:27:56.158+0000] {logging_mixin.py:188} INFO - [2024-05-08T13:27:56.158+0000] {dag.py:3954} INFO - Setting next_dagrun for example_params_trigger_ui to None, run_after=None
[2024-05-08T13:27:56.177+0000] {processor.py:183} INFO - Processing /home/denys/airflow_venv/lib/python3.12/site-packages/airflow/example_dags/example_params_trigger_ui.py took 0.069 seconds
[2024-05-08T13:29:00.294+0000] {processor.py:161} INFO - Started process (PID=3059) to work on /home/denys/airflow_venv/lib/python3.12/site-packages/airflow/example_dags/example_params_trigger_ui.py
[2024-05-08T13:29:00.301+0000] {processor.py:830} INFO - Processing file /home/denys/airflow_venv/lib/python3.12/site-packages/airflow/example_dags/example_params_trigger_ui.py for tasks to queue
[2024-05-08T13:29:00.302+0000] {logging_mixin.py:188} INFO - [2024-05-08T13:29:00.302+0000] {dagbag.py:545} INFO - Filling up the DagBag from /home/denys/airflow_venv/lib/python3.12/site-packages/airflow/example_dags/example_params_trigger_ui.py
[2024-05-08T13:29:00.310+0000] {processor.py:840} INFO - DAG(s) 'example_params_trigger_ui' retrieved from /home/denys/airflow_venv/lib/python3.12/site-packages/airflow/example_dags/example_params_trigger_ui.py
[2024-05-08T13:29:00.330+0000] {logging_mixin.py:188} INFO - [2024-05-08T13:29:00.330+0000] {dag.py:3096} INFO - Sync 1 DAGs
[2024-05-08T13:29:00.337+0000] {logging_mixin.py:188} INFO - [2024-05-08T13:29:00.337+0000] {dag.py:3954} INFO - Setting next_dagrun for example_params_trigger_ui to None, run_after=None
[2024-05-08T13:29:00.354+0000] {processor.py:183} INFO - Processing /home/denys/airflow_venv/lib/python3.12/site-packages/airflow/example_dags/example_params_trigger_ui.py took 0.063 seconds
[2024-05-08T13:29:57.491+0000] {processor.py:161} INFO - Started process (PID=3121) to work on /home/denys/airflow_venv/lib/python3.12/site-packages/airflow/example_dags/example_params_trigger_ui.py
[2024-05-08T13:29:57.493+0000] {processor.py:830} INFO - Processing file /home/denys/airflow_venv/lib/python3.12/site-packages/airflow/example_dags/example_params_trigger_ui.py for tasks to queue
[2024-05-08T13:29:57.494+0000] {logging_mixin.py:188} INFO - [2024-05-08T13:29:57.493+0000] {dagbag.py:545} INFO - Filling up the DagBag from /home/denys/airflow_venv/lib/python3.12/site-packages/airflow/example_dags/example_params_trigger_ui.py
[2024-05-08T13:29:57.502+0000] {processor.py:840} INFO - DAG(s) 'example_params_trigger_ui' retrieved from /home/denys/airflow_venv/lib/python3.12/site-packages/airflow/example_dags/example_params_trigger_ui.py
[2024-05-08T13:29:57.522+0000] {logging_mixin.py:188} INFO - [2024-05-08T13:29:57.522+0000] {dag.py:3096} INFO - Sync 1 DAGs
[2024-05-08T13:29:57.528+0000] {logging_mixin.py:188} INFO - [2024-05-08T13:29:57.528+0000] {dag.py:3954} INFO - Setting next_dagrun for example_params_trigger_ui to None, run_after=None
[2024-05-08T13:29:57.550+0000] {processor.py:183} INFO - Processing /home/denys/airflow_venv/lib/python3.12/site-packages/airflow/example_dags/example_params_trigger_ui.py took 0.062 seconds
[2024-05-08T13:30:59.380+0000] {processor.py:161} INFO - Started process (PID=3188) to work on /home/denys/airflow_venv/lib/python3.12/site-packages/airflow/example_dags/example_params_trigger_ui.py
[2024-05-08T13:30:59.387+0000] {processor.py:830} INFO - Processing file /home/denys/airflow_venv/lib/python3.12/site-packages/airflow/example_dags/example_params_trigger_ui.py for tasks to queue
[2024-05-08T13:30:59.388+0000] {logging_mixin.py:188} INFO - [2024-05-08T13:30:59.388+0000] {dagbag.py:545} INFO - Filling up the DagBag from /home/denys/airflow_venv/lib/python3.12/site-packages/airflow/example_dags/example_params_trigger_ui.py
[2024-05-08T13:30:59.396+0000] {processor.py:840} INFO - DAG(s) 'example_params_trigger_ui' retrieved from /home/denys/airflow_venv/lib/python3.12/site-packages/airflow/example_dags/example_params_trigger_ui.py
[2024-05-08T13:30:59.418+0000] {logging_mixin.py:188} INFO - [2024-05-08T13:30:59.418+0000] {dag.py:3096} INFO - Sync 1 DAGs
[2024-05-08T13:30:59.425+0000] {logging_mixin.py:188} INFO - [2024-05-08T13:30:59.425+0000] {dag.py:3954} INFO - Setting next_dagrun for example_params_trigger_ui to None, run_after=None
[2024-05-08T13:30:59.442+0000] {processor.py:183} INFO - Processing /home/denys/airflow_venv/lib/python3.12/site-packages/airflow/example_dags/example_params_trigger_ui.py took 0.065 seconds
[2024-05-08T13:31:59.887+0000] {processor.py:161} INFO - Started process (PID=3251) to work on /home/denys/airflow_venv/lib/python3.12/site-packages/airflow/example_dags/example_params_trigger_ui.py
[2024-05-08T13:31:59.888+0000] {processor.py:830} INFO - Processing file /home/denys/airflow_venv/lib/python3.12/site-packages/airflow/example_dags/example_params_trigger_ui.py for tasks to queue
[2024-05-08T13:31:59.889+0000] {logging_mixin.py:188} INFO - [2024-05-08T13:31:59.889+0000] {dagbag.py:545} INFO - Filling up the DagBag from /home/denys/airflow_venv/lib/python3.12/site-packages/airflow/example_dags/example_params_trigger_ui.py
[2024-05-08T13:31:59.897+0000] {processor.py:840} INFO - DAG(s) 'example_params_trigger_ui' retrieved from /home/denys/airflow_venv/lib/python3.12/site-packages/airflow/example_dags/example_params_trigger_ui.py
[2024-05-08T13:31:59.916+0000] {logging_mixin.py:188} INFO - [2024-05-08T13:31:59.916+0000] {dag.py:3096} INFO - Sync 1 DAGs
[2024-05-08T13:31:59.922+0000] {logging_mixin.py:188} INFO - [2024-05-08T13:31:59.922+0000] {dag.py:3954} INFO - Setting next_dagrun for example_params_trigger_ui to None, run_after=None
[2024-05-08T13:31:59.939+0000] {processor.py:183} INFO - Processing /home/denys/airflow_venv/lib/python3.12/site-packages/airflow/example_dags/example_params_trigger_ui.py took 0.056 seconds
[2024-05-08T13:33:06.948+0000] {processor.py:161} INFO - Started process (PID=3318) to work on /home/denys/airflow_venv/lib/python3.12/site-packages/airflow/example_dags/example_params_trigger_ui.py
[2024-05-08T13:33:06.955+0000] {processor.py:830} INFO - Processing file /home/denys/airflow_venv/lib/python3.12/site-packages/airflow/example_dags/example_params_trigger_ui.py for tasks to queue
[2024-05-08T13:33:06.956+0000] {logging_mixin.py:188} INFO - [2024-05-08T13:33:06.956+0000] {dagbag.py:545} INFO - Filling up the DagBag from /home/denys/airflow_venv/lib/python3.12/site-packages/airflow/example_dags/example_params_trigger_ui.py
[2024-05-08T13:33:06.964+0000] {processor.py:840} INFO - DAG(s) 'example_params_trigger_ui' retrieved from /home/denys/airflow_venv/lib/python3.12/site-packages/airflow/example_dags/example_params_trigger_ui.py
[2024-05-08T13:33:06.986+0000] {logging_mixin.py:188} INFO - [2024-05-08T13:33:06.986+0000] {dag.py:3096} INFO - Sync 1 DAGs
[2024-05-08T13:33:06.992+0000] {logging_mixin.py:188} INFO - [2024-05-08T13:33:06.992+0000] {dag.py:3954} INFO - Setting next_dagrun for example_params_trigger_ui to None, run_after=None
[2024-05-08T13:33:07.010+0000] {processor.py:183} INFO - Processing /home/denys/airflow_venv/lib/python3.12/site-packages/airflow/example_dags/example_params_trigger_ui.py took 0.065 seconds
[2024-05-08T13:34:10.176+0000] {processor.py:161} INFO - Started process (PID=3388) to work on /home/denys/airflow_venv/lib/python3.12/site-packages/airflow/example_dags/example_params_trigger_ui.py
[2024-05-08T13:34:10.178+0000] {processor.py:830} INFO - Processing file /home/denys/airflow_venv/lib/python3.12/site-packages/airflow/example_dags/example_params_trigger_ui.py for tasks to queue
[2024-05-08T13:34:10.180+0000] {logging_mixin.py:188} INFO - [2024-05-08T13:34:10.179+0000] {dagbag.py:545} INFO - Filling up the DagBag from /home/denys/airflow_venv/lib/python3.12/site-packages/airflow/example_dags/example_params_trigger_ui.py
[2024-05-08T13:34:10.189+0000] {processor.py:840} INFO - DAG(s) 'example_params_trigger_ui' retrieved from /home/denys/airflow_venv/lib/python3.12/site-packages/airflow/example_dags/example_params_trigger_ui.py
[2024-05-08T13:34:10.210+0000] {logging_mixin.py:188} INFO - [2024-05-08T13:34:10.210+0000] {dag.py:3096} INFO - Sync 1 DAGs
[2024-05-08T13:34:10.217+0000] {logging_mixin.py:188} INFO - [2024-05-08T13:34:10.217+0000] {dag.py:3954} INFO - Setting next_dagrun for example_params_trigger_ui to None, run_after=None
[2024-05-08T13:34:10.236+0000] {processor.py:183} INFO - Processing /home/denys/airflow_venv/lib/python3.12/site-packages/airflow/example_dags/example_params_trigger_ui.py took 0.063 seconds
[2024-05-08T13:35:11.151+0000] {processor.py:161} INFO - Started process (PID=3454) to work on /home/denys/airflow_venv/lib/python3.12/site-packages/airflow/example_dags/example_params_trigger_ui.py
[2024-05-08T13:35:11.152+0000] {processor.py:830} INFO - Processing file /home/denys/airflow_venv/lib/python3.12/site-packages/airflow/example_dags/example_params_trigger_ui.py for tasks to queue
[2024-05-08T13:35:11.154+0000] {logging_mixin.py:188} INFO - [2024-05-08T13:35:11.153+0000] {dagbag.py:545} INFO - Filling up the DagBag from /home/denys/airflow_venv/lib/python3.12/site-packages/airflow/example_dags/example_params_trigger_ui.py
[2024-05-08T13:35:11.161+0000] {processor.py:840} INFO - DAG(s) 'example_params_trigger_ui' retrieved from /home/denys/airflow_venv/lib/python3.12/site-packages/airflow/example_dags/example_params_trigger_ui.py
[2024-05-08T13:35:11.180+0000] {logging_mixin.py:188} INFO - [2024-05-08T13:35:11.180+0000] {dag.py:3096} INFO - Sync 1 DAGs
[2024-05-08T13:35:11.186+0000] {logging_mixin.py:188} INFO - [2024-05-08T13:35:11.186+0000] {dag.py:3954} INFO - Setting next_dagrun for example_params_trigger_ui to None, run_after=None
[2024-05-08T13:35:11.207+0000] {processor.py:183} INFO - Processing /home/denys/airflow_venv/lib/python3.12/site-packages/airflow/example_dags/example_params_trigger_ui.py took 0.060 seconds
[2024-05-08T13:36:11.622+0000] {processor.py:161} INFO - Started process (PID=3516) to work on /home/denys/airflow_venv/lib/python3.12/site-packages/airflow/example_dags/example_params_trigger_ui.py
[2024-05-08T13:36:11.624+0000] {processor.py:830} INFO - Processing file /home/denys/airflow_venv/lib/python3.12/site-packages/airflow/example_dags/example_params_trigger_ui.py for tasks to queue
[2024-05-08T13:36:11.625+0000] {logging_mixin.py:188} INFO - [2024-05-08T13:36:11.625+0000] {dagbag.py:545} INFO - Filling up the DagBag from /home/denys/airflow_venv/lib/python3.12/site-packages/airflow/example_dags/example_params_trigger_ui.py
[2024-05-08T13:36:11.634+0000] {processor.py:840} INFO - DAG(s) 'example_params_trigger_ui' retrieved from /home/denys/airflow_venv/lib/python3.12/site-packages/airflow/example_dags/example_params_trigger_ui.py
[2024-05-08T13:36:11.658+0000] {logging_mixin.py:188} INFO - [2024-05-08T13:36:11.657+0000] {dag.py:3096} INFO - Sync 1 DAGs
[2024-05-08T13:36:11.665+0000] {logging_mixin.py:188} INFO - [2024-05-08T13:36:11.665+0000] {dag.py:3954} INFO - Setting next_dagrun for example_params_trigger_ui to None, run_after=None
[2024-05-08T13:36:11.685+0000] {processor.py:183} INFO - Processing /home/denys/airflow_venv/lib/python3.12/site-packages/airflow/example_dags/example_params_trigger_ui.py took 0.069 seconds
[2024-05-08T13:37:14.151+0000] {processor.py:161} INFO - Started process (PID=3582) to work on /home/denys/airflow_venv/lib/python3.12/site-packages/airflow/example_dags/example_params_trigger_ui.py
[2024-05-08T13:37:14.153+0000] {processor.py:830} INFO - Processing file /home/denys/airflow_venv/lib/python3.12/site-packages/airflow/example_dags/example_params_trigger_ui.py for tasks to queue
[2024-05-08T13:37:14.154+0000] {logging_mixin.py:188} INFO - [2024-05-08T13:37:14.153+0000] {dagbag.py:545} INFO - Filling up the DagBag from /home/denys/airflow_venv/lib/python3.12/site-packages/airflow/example_dags/example_params_trigger_ui.py
[2024-05-08T13:37:14.162+0000] {processor.py:840} INFO - DAG(s) 'example_params_trigger_ui' retrieved from /home/denys/airflow_venv/lib/python3.12/site-packages/airflow/example_dags/example_params_trigger_ui.py
[2024-05-08T13:37:14.181+0000] {logging_mixin.py:188} INFO - [2024-05-08T13:37:14.180+0000] {dag.py:3096} INFO - Sync 1 DAGs
[2024-05-08T13:37:14.187+0000] {logging_mixin.py:188} INFO - [2024-05-08T13:37:14.187+0000] {dag.py:3954} INFO - Setting next_dagrun for example_params_trigger_ui to None, run_after=None
[2024-05-08T13:37:14.209+0000] {processor.py:183} INFO - Processing /home/denys/airflow_venv/lib/python3.12/site-packages/airflow/example_dags/example_params_trigger_ui.py took 0.061 seconds
[2024-05-08T13:38:24.005+0000] {processor.py:161} INFO - Started process (PID=3651) to work on /home/denys/airflow_venv/lib/python3.12/site-packages/airflow/example_dags/example_params_trigger_ui.py
[2024-05-08T13:38:24.007+0000] {processor.py:830} INFO - Processing file /home/denys/airflow_venv/lib/python3.12/site-packages/airflow/example_dags/example_params_trigger_ui.py for tasks to queue
[2024-05-08T13:38:24.008+0000] {logging_mixin.py:188} INFO - [2024-05-08T13:38:24.008+0000] {dagbag.py:545} INFO - Filling up the DagBag from /home/denys/airflow_venv/lib/python3.12/site-packages/airflow/example_dags/example_params_trigger_ui.py
[2024-05-08T13:38:24.017+0000] {processor.py:840} INFO - DAG(s) 'example_params_trigger_ui' retrieved from /home/denys/airflow_venv/lib/python3.12/site-packages/airflow/example_dags/example_params_trigger_ui.py
[2024-05-08T13:38:24.038+0000] {logging_mixin.py:188} INFO - [2024-05-08T13:38:24.038+0000] {dag.py:3096} INFO - Sync 1 DAGs
[2024-05-08T13:38:24.044+0000] {logging_mixin.py:188} INFO - [2024-05-08T13:38:24.044+0000] {dag.py:3954} INFO - Setting next_dagrun for example_params_trigger_ui to None, run_after=None
[2024-05-08T13:38:24.067+0000] {processor.py:183} INFO - Processing /home/denys/airflow_venv/lib/python3.12/site-packages/airflow/example_dags/example_params_trigger_ui.py took 0.067 seconds
[2024-05-08T13:39:25.414+0000] {processor.py:161} INFO - Started process (PID=3716) to work on /home/denys/airflow_venv/lib/python3.12/site-packages/airflow/example_dags/example_params_trigger_ui.py
[2024-05-08T13:39:25.415+0000] {processor.py:830} INFO - Processing file /home/denys/airflow_venv/lib/python3.12/site-packages/airflow/example_dags/example_params_trigger_ui.py for tasks to queue
[2024-05-08T13:39:25.416+0000] {logging_mixin.py:188} INFO - [2024-05-08T13:39:25.416+0000] {dagbag.py:545} INFO - Filling up the DagBag from /home/denys/airflow_venv/lib/python3.12/site-packages/airflow/example_dags/example_params_trigger_ui.py
[2024-05-08T13:39:25.424+0000] {processor.py:840} INFO - DAG(s) 'example_params_trigger_ui' retrieved from /home/denys/airflow_venv/lib/python3.12/site-packages/airflow/example_dags/example_params_trigger_ui.py
[2024-05-08T13:39:25.444+0000] {logging_mixin.py:188} INFO - [2024-05-08T13:39:25.444+0000] {dag.py:3096} INFO - Sync 1 DAGs
[2024-05-08T13:39:25.450+0000] {logging_mixin.py:188} INFO - [2024-05-08T13:39:25.450+0000] {dag.py:3954} INFO - Setting next_dagrun for example_params_trigger_ui to None, run_after=None
[2024-05-08T13:39:25.468+0000] {processor.py:183} INFO - Processing /home/denys/airflow_venv/lib/python3.12/site-packages/airflow/example_dags/example_params_trigger_ui.py took 0.057 seconds
[2024-05-08T13:40:37.309+0000] {processor.py:161} INFO - Started process (PID=3787) to work on /home/denys/airflow_venv/lib/python3.12/site-packages/airflow/example_dags/example_params_trigger_ui.py
[2024-05-08T13:40:37.310+0000] {processor.py:830} INFO - Processing file /home/denys/airflow_venv/lib/python3.12/site-packages/airflow/example_dags/example_params_trigger_ui.py for tasks to queue
[2024-05-08T13:40:37.311+0000] {logging_mixin.py:188} INFO - [2024-05-08T13:40:37.311+0000] {dagbag.py:545} INFO - Filling up the DagBag from /home/denys/airflow_venv/lib/python3.12/site-packages/airflow/example_dags/example_params_trigger_ui.py
[2024-05-08T13:40:37.319+0000] {processor.py:840} INFO - DAG(s) 'example_params_trigger_ui' retrieved from /home/denys/airflow_venv/lib/python3.12/site-packages/airflow/example_dags/example_params_trigger_ui.py
[2024-05-08T13:40:37.339+0000] {logging_mixin.py:188} INFO - [2024-05-08T13:40:37.339+0000] {dag.py:3096} INFO - Sync 1 DAGs
[2024-05-08T13:40:37.346+0000] {logging_mixin.py:188} INFO - [2024-05-08T13:40:37.345+0000] {dag.py:3954} INFO - Setting next_dagrun for example_params_trigger_ui to None, run_after=None
[2024-05-08T13:40:37.373+0000] {processor.py:183} INFO - Processing /home/denys/airflow_venv/lib/python3.12/site-packages/airflow/example_dags/example_params_trigger_ui.py took 0.068 seconds
[2024-05-08T13:41:47.285+0000] {processor.py:161} INFO - Started process (PID=3856) to work on /home/denys/airflow_venv/lib/python3.12/site-packages/airflow/example_dags/example_params_trigger_ui.py
[2024-05-08T13:41:47.286+0000] {processor.py:830} INFO - Processing file /home/denys/airflow_venv/lib/python3.12/site-packages/airflow/example_dags/example_params_trigger_ui.py for tasks to queue
[2024-05-08T13:41:47.287+0000] {logging_mixin.py:188} INFO - [2024-05-08T13:41:47.287+0000] {dagbag.py:545} INFO - Filling up the DagBag from /home/denys/airflow_venv/lib/python3.12/site-packages/airflow/example_dags/example_params_trigger_ui.py
[2024-05-08T13:41:47.295+0000] {processor.py:840} INFO - DAG(s) 'example_params_trigger_ui' retrieved from /home/denys/airflow_venv/lib/python3.12/site-packages/airflow/example_dags/example_params_trigger_ui.py
[2024-05-08T13:41:47.317+0000] {logging_mixin.py:188} INFO - [2024-05-08T13:41:47.317+0000] {dag.py:3096} INFO - Sync 1 DAGs
[2024-05-08T13:41:47.324+0000] {logging_mixin.py:188} INFO - [2024-05-08T13:41:47.324+0000] {dag.py:3954} INFO - Setting next_dagrun for example_params_trigger_ui to None, run_after=None
[2024-05-08T13:41:47.341+0000] {processor.py:183} INFO - Processing /home/denys/airflow_venv/lib/python3.12/site-packages/airflow/example_dags/example_params_trigger_ui.py took 0.060 seconds
[2024-05-08T13:42:55.469+0000] {processor.py:161} INFO - Started process (PID=3924) to work on /home/denys/airflow_venv/lib/python3.12/site-packages/airflow/example_dags/example_params_trigger_ui.py
[2024-05-08T13:42:55.471+0000] {processor.py:830} INFO - Processing file /home/denys/airflow_venv/lib/python3.12/site-packages/airflow/example_dags/example_params_trigger_ui.py for tasks to queue
[2024-05-08T13:42:55.472+0000] {logging_mixin.py:188} INFO - [2024-05-08T13:42:55.471+0000] {dagbag.py:545} INFO - Filling up the DagBag from /home/denys/airflow_venv/lib/python3.12/site-packages/airflow/example_dags/example_params_trigger_ui.py
[2024-05-08T13:42:55.480+0000] {processor.py:840} INFO - DAG(s) 'example_params_trigger_ui' retrieved from /home/denys/airflow_venv/lib/python3.12/site-packages/airflow/example_dags/example_params_trigger_ui.py
[2024-05-08T13:42:55.503+0000] {logging_mixin.py:188} INFO - [2024-05-08T13:42:55.502+0000] {dag.py:3096} INFO - Sync 1 DAGs
[2024-05-08T13:42:55.509+0000] {logging_mixin.py:188} INFO - [2024-05-08T13:42:55.509+0000] {dag.py:3954} INFO - Setting next_dagrun for example_params_trigger_ui to None, run_after=None
[2024-05-08T13:42:55.530+0000] {processor.py:183} INFO - Processing /home/denys/airflow_venv/lib/python3.12/site-packages/airflow/example_dags/example_params_trigger_ui.py took 0.065 seconds
