[2024-05-08T13:11:38.926+0000] {processor.py:161} INFO - Started process (PID=1856) to work on /home/denys/airflow_venv/lib/python3.12/site-packages/airflow/example_dags/example_short_circuit_decorator.py
[2024-05-08T13:11:38.926+0000] {processor.py:830} INFO - Processing file /home/denys/airflow_venv/lib/python3.12/site-packages/airflow/example_dags/example_short_circuit_decorator.py for tasks to queue
[2024-05-08T13:11:38.927+0000] {logging_mixin.py:188} INFO - [2024-05-08T13:11:38.927+0000] {dagbag.py:545} INFO - Filling up the DagBag from /home/denys/airflow_venv/lib/python3.12/site-packages/airflow/example_dags/example_short_circuit_decorator.py
[2024-05-08T13:11:38.933+0000] {processor.py:840} INFO - DAG(s) 'example_short_circuit_decorator' retrieved from /home/denys/airflow_venv/lib/python3.12/site-packages/airflow/example_dags/example_short_circuit_decorator.py
[2024-05-08T13:11:39.012+0000] {logging_mixin.py:188} INFO - [2024-05-08T13:11:39.011+0000] {override.py:1829} INFO - Created Permission View: can delete on DAG:example_short_circuit_decorator
[2024-05-08T13:11:39.022+0000] {logging_mixin.py:188} INFO - [2024-05-08T13:11:39.022+0000] {override.py:1829} INFO - Created Permission View: can edit on DAG:example_short_circuit_decorator
[2024-05-08T13:11:39.030+0000] {logging_mixin.py:188} INFO - [2024-05-08T13:11:39.030+0000] {override.py:1829} INFO - Created Permission View: can read on DAG:example_short_circuit_decorator
[2024-05-08T13:11:39.031+0000] {logging_mixin.py:188} INFO - [2024-05-08T13:11:39.031+0000] {dag.py:3096} INFO - Sync 1 DAGs
[2024-05-08T13:11:39.036+0000] {logging_mixin.py:188} INFO - [2024-05-08T13:11:39.036+0000] {dag.py:3118} INFO - Creating ORM DAG for example_short_circuit_decorator
[2024-05-08T13:11:39.042+0000] {logging_mixin.py:188} INFO - [2024-05-08T13:11:39.042+0000] {dag.py:3954} INFO - Setting next_dagrun for example_short_circuit_decorator to 2024-05-07 00:00:00+00:00, run_after=2024-05-08 00:00:00+00:00
[2024-05-08T13:11:39.062+0000] {processor.py:183} INFO - Processing /home/denys/airflow_venv/lib/python3.12/site-packages/airflow/example_dags/example_short_circuit_decorator.py took 0.140 seconds
[2024-05-08T13:12:33.577+0000] {processor.py:161} INFO - Started process (PID=1909) to work on /home/denys/airflow_venv/lib/python3.12/site-packages/airflow/example_dags/example_short_circuit_decorator.py
[2024-05-08T13:12:33.584+0000] {processor.py:830} INFO - Processing file /home/denys/airflow_venv/lib/python3.12/site-packages/airflow/example_dags/example_short_circuit_decorator.py for tasks to queue
[2024-05-08T13:12:33.585+0000] {logging_mixin.py:188} INFO - [2024-05-08T13:12:33.585+0000] {dagbag.py:545} INFO - Filling up the DagBag from /home/denys/airflow_venv/lib/python3.12/site-packages/airflow/example_dags/example_short_circuit_decorator.py
[2024-05-08T13:12:33.590+0000] {processor.py:840} INFO - DAG(s) 'example_short_circuit_decorator' retrieved from /home/denys/airflow_venv/lib/python3.12/site-packages/airflow/example_dags/example_short_circuit_decorator.py
[2024-05-08T13:12:33.600+0000] {logging_mixin.py:188} INFO - [2024-05-08T13:12:33.599+0000] {dag.py:3096} INFO - Sync 1 DAGs
[2024-05-08T13:12:33.610+0000] {logging_mixin.py:188} INFO - [2024-05-08T13:12:33.610+0000] {dag.py:3954} INFO - Setting next_dagrun for example_short_circuit_decorator to 2024-05-07 00:00:00+00:00, run_after=2024-05-08 00:00:00+00:00
[2024-05-08T13:12:33.626+0000] {processor.py:183} INFO - Processing /home/denys/airflow_venv/lib/python3.12/site-packages/airflow/example_dags/example_short_circuit_decorator.py took 0.052 seconds
[2024-05-08T13:13:18.473+0000] {processor.py:161} INFO - Started process (PID=1958) to work on /home/denys/airflow_venv/lib/python3.12/site-packages/airflow/example_dags/example_short_circuit_decorator.py
[2024-05-08T13:13:18.474+0000] {processor.py:830} INFO - Processing file /home/denys/airflow_venv/lib/python3.12/site-packages/airflow/example_dags/example_short_circuit_decorator.py for tasks to queue
[2024-05-08T13:13:18.475+0000] {logging_mixin.py:188} INFO - [2024-05-08T13:13:18.474+0000] {dagbag.py:545} INFO - Filling up the DagBag from /home/denys/airflow_venv/lib/python3.12/site-packages/airflow/example_dags/example_short_circuit_decorator.py
[2024-05-08T13:13:18.480+0000] {processor.py:840} INFO - DAG(s) 'example_short_circuit_decorator' retrieved from /home/denys/airflow_venv/lib/python3.12/site-packages/airflow/example_dags/example_short_circuit_decorator.py
[2024-05-08T13:13:18.493+0000] {logging_mixin.py:188} INFO - [2024-05-08T13:13:18.493+0000] {dag.py:3096} INFO - Sync 1 DAGs
[2024-05-08T13:13:18.506+0000] {logging_mixin.py:188} INFO - [2024-05-08T13:13:18.506+0000] {dag.py:3954} INFO - Setting next_dagrun for example_short_circuit_decorator to 2024-05-07 00:00:00+00:00, run_after=2024-05-08 00:00:00+00:00
[2024-05-08T13:13:18.530+0000] {processor.py:183} INFO - Processing /home/denys/airflow_venv/lib/python3.12/site-packages/airflow/example_dags/example_short_circuit_decorator.py took 0.061 seconds
[2024-05-08T13:14:01.293+0000] {processor.py:161} INFO - Started process (PID=2002) to work on /home/denys/airflow_venv/lib/python3.12/site-packages/airflow/example_dags/example_short_circuit_decorator.py
[2024-05-08T13:14:01.294+0000] {processor.py:830} INFO - Processing file /home/denys/airflow_venv/lib/python3.12/site-packages/airflow/example_dags/example_short_circuit_decorator.py for tasks to queue
[2024-05-08T13:14:01.295+0000] {logging_mixin.py:188} INFO - [2024-05-08T13:14:01.295+0000] {dagbag.py:545} INFO - Filling up the DagBag from /home/denys/airflow_venv/lib/python3.12/site-packages/airflow/example_dags/example_short_circuit_decorator.py
[2024-05-08T13:14:01.300+0000] {processor.py:840} INFO - DAG(s) 'example_short_circuit_decorator' retrieved from /home/denys/airflow_venv/lib/python3.12/site-packages/airflow/example_dags/example_short_circuit_decorator.py
[2024-05-08T13:14:01.311+0000] {logging_mixin.py:188} INFO - [2024-05-08T13:14:01.310+0000] {dag.py:3096} INFO - Sync 1 DAGs
[2024-05-08T13:14:01.324+0000] {logging_mixin.py:188} INFO - [2024-05-08T13:14:01.324+0000] {dag.py:3954} INFO - Setting next_dagrun for example_short_circuit_decorator to 2024-05-07 00:00:00+00:00, run_after=2024-05-08 00:00:00+00:00
[2024-05-08T13:14:01.345+0000] {processor.py:183} INFO - Processing /home/denys/airflow_venv/lib/python3.12/site-packages/airflow/example_dags/example_short_circuit_decorator.py took 0.056 seconds
[2024-05-08T13:14:44.343+0000] {processor.py:161} INFO - Started process (PID=2046) to work on /home/denys/airflow_venv/lib/python3.12/site-packages/airflow/example_dags/example_short_circuit_decorator.py
[2024-05-08T13:14:44.344+0000] {processor.py:830} INFO - Processing file /home/denys/airflow_venv/lib/python3.12/site-packages/airflow/example_dags/example_short_circuit_decorator.py for tasks to queue
[2024-05-08T13:14:44.345+0000] {logging_mixin.py:188} INFO - [2024-05-08T13:14:44.345+0000] {dagbag.py:545} INFO - Filling up the DagBag from /home/denys/airflow_venv/lib/python3.12/site-packages/airflow/example_dags/example_short_circuit_decorator.py
[2024-05-08T13:14:44.350+0000] {processor.py:840} INFO - DAG(s) 'example_short_circuit_decorator' retrieved from /home/denys/airflow_venv/lib/python3.12/site-packages/airflow/example_dags/example_short_circuit_decorator.py
[2024-05-08T13:14:44.361+0000] {logging_mixin.py:188} INFO - [2024-05-08T13:14:44.360+0000] {dag.py:3096} INFO - Sync 1 DAGs
[2024-05-08T13:14:44.373+0000] {logging_mixin.py:188} INFO - [2024-05-08T13:14:44.373+0000] {dag.py:3954} INFO - Setting next_dagrun for example_short_circuit_decorator to 2024-05-07 00:00:00+00:00, run_after=2024-05-08 00:00:00+00:00
[2024-05-08T13:14:44.392+0000] {processor.py:183} INFO - Processing /home/denys/airflow_venv/lib/python3.12/site-packages/airflow/example_dags/example_short_circuit_decorator.py took 0.053 seconds
[2024-05-08T13:15:26.353+0000] {processor.py:161} INFO - Started process (PID=2092) to work on /home/denys/airflow_venv/lib/python3.12/site-packages/airflow/example_dags/example_short_circuit_decorator.py
[2024-05-08T13:15:26.354+0000] {processor.py:830} INFO - Processing file /home/denys/airflow_venv/lib/python3.12/site-packages/airflow/example_dags/example_short_circuit_decorator.py for tasks to queue
[2024-05-08T13:15:26.356+0000] {logging_mixin.py:188} INFO - [2024-05-08T13:15:26.355+0000] {dagbag.py:545} INFO - Filling up the DagBag from /home/denys/airflow_venv/lib/python3.12/site-packages/airflow/example_dags/example_short_circuit_decorator.py
[2024-05-08T13:15:26.361+0000] {processor.py:840} INFO - DAG(s) 'example_short_circuit_decorator' retrieved from /home/denys/airflow_venv/lib/python3.12/site-packages/airflow/example_dags/example_short_circuit_decorator.py
[2024-05-08T13:15:26.370+0000] {logging_mixin.py:188} INFO - [2024-05-08T13:15:26.370+0000] {dag.py:3096} INFO - Sync 1 DAGs
[2024-05-08T13:15:26.380+0000] {logging_mixin.py:188} INFO - [2024-05-08T13:15:26.380+0000] {dag.py:3954} INFO - Setting next_dagrun for example_short_circuit_decorator to 2024-05-07 00:00:00+00:00, run_after=2024-05-08 00:00:00+00:00
[2024-05-08T13:15:26.395+0000] {processor.py:183} INFO - Processing /home/denys/airflow_venv/lib/python3.12/site-packages/airflow/example_dags/example_short_circuit_decorator.py took 0.046 seconds
[2024-05-08T13:16:07.512+0000] {processor.py:161} INFO - Started process (PID=2136) to work on /home/denys/airflow_venv/lib/python3.12/site-packages/airflow/example_dags/example_short_circuit_decorator.py
[2024-05-08T13:16:07.514+0000] {processor.py:830} INFO - Processing file /home/denys/airflow_venv/lib/python3.12/site-packages/airflow/example_dags/example_short_circuit_decorator.py for tasks to queue
[2024-05-08T13:16:07.516+0000] {logging_mixin.py:188} INFO - [2024-05-08T13:16:07.515+0000] {dagbag.py:545} INFO - Filling up the DagBag from /home/denys/airflow_venv/lib/python3.12/site-packages/airflow/example_dags/example_short_circuit_decorator.py
[2024-05-08T13:16:07.520+0000] {processor.py:840} INFO - DAG(s) 'example_short_circuit_decorator' retrieved from /home/denys/airflow_venv/lib/python3.12/site-packages/airflow/example_dags/example_short_circuit_decorator.py
[2024-05-08T13:16:07.531+0000] {logging_mixin.py:188} INFO - [2024-05-08T13:16:07.531+0000] {dag.py:3096} INFO - Sync 1 DAGs
[2024-05-08T13:16:07.542+0000] {logging_mixin.py:188} INFO - [2024-05-08T13:16:07.542+0000] {dag.py:3954} INFO - Setting next_dagrun for example_short_circuit_decorator to 2024-05-07 00:00:00+00:00, run_after=2024-05-08 00:00:00+00:00
[2024-05-08T13:16:07.565+0000] {processor.py:183} INFO - Processing /home/denys/airflow_venv/lib/python3.12/site-packages/airflow/example_dags/example_short_circuit_decorator.py took 0.056 seconds
[2024-05-08T13:16:49.914+0000] {processor.py:161} INFO - Started process (PID=2178) to work on /home/denys/airflow_venv/lib/python3.12/site-packages/airflow/example_dags/example_short_circuit_decorator.py
[2024-05-08T13:16:49.916+0000] {processor.py:830} INFO - Processing file /home/denys/airflow_venv/lib/python3.12/site-packages/airflow/example_dags/example_short_circuit_decorator.py for tasks to queue
[2024-05-08T13:16:49.917+0000] {logging_mixin.py:188} INFO - [2024-05-08T13:16:49.917+0000] {dagbag.py:545} INFO - Filling up the DagBag from /home/denys/airflow_venv/lib/python3.12/site-packages/airflow/example_dags/example_short_circuit_decorator.py
[2024-05-08T13:16:49.923+0000] {processor.py:840} INFO - DAG(s) 'example_short_circuit_decorator' retrieved from /home/denys/airflow_venv/lib/python3.12/site-packages/airflow/example_dags/example_short_circuit_decorator.py
[2024-05-08T13:16:49.935+0000] {logging_mixin.py:188} INFO - [2024-05-08T13:16:49.934+0000] {dag.py:3096} INFO - Sync 1 DAGs
[2024-05-08T13:16:49.945+0000] {logging_mixin.py:188} INFO - [2024-05-08T13:16:49.945+0000] {dag.py:3954} INFO - Setting next_dagrun for example_short_circuit_decorator to 2024-05-07 00:00:00+00:00, run_after=2024-05-08 00:00:00+00:00
[2024-05-08T13:16:49.967+0000] {processor.py:183} INFO - Processing /home/denys/airflow_venv/lib/python3.12/site-packages/airflow/example_dags/example_short_circuit_decorator.py took 0.057 seconds
[2024-05-08T13:17:33.184+0000] {processor.py:161} INFO - Started process (PID=2227) to work on /home/denys/airflow_venv/lib/python3.12/site-packages/airflow/example_dags/example_short_circuit_decorator.py
[2024-05-08T13:17:33.185+0000] {processor.py:830} INFO - Processing file /home/denys/airflow_venv/lib/python3.12/site-packages/airflow/example_dags/example_short_circuit_decorator.py for tasks to queue
[2024-05-08T13:17:33.186+0000] {logging_mixin.py:188} INFO - [2024-05-08T13:17:33.186+0000] {dagbag.py:545} INFO - Filling up the DagBag from /home/denys/airflow_venv/lib/python3.12/site-packages/airflow/example_dags/example_short_circuit_decorator.py
[2024-05-08T13:17:33.191+0000] {processor.py:840} INFO - DAG(s) 'example_short_circuit_decorator' retrieved from /home/denys/airflow_venv/lib/python3.12/site-packages/airflow/example_dags/example_short_circuit_decorator.py
[2024-05-08T13:17:33.201+0000] {logging_mixin.py:188} INFO - [2024-05-08T13:17:33.201+0000] {dag.py:3096} INFO - Sync 1 DAGs
[2024-05-08T13:17:33.210+0000] {logging_mixin.py:188} INFO - [2024-05-08T13:17:33.210+0000] {dag.py:3954} INFO - Setting next_dagrun for example_short_circuit_decorator to 2024-05-07 00:00:00+00:00, run_after=2024-05-08 00:00:00+00:00
[2024-05-08T13:17:33.227+0000] {processor.py:183} INFO - Processing /home/denys/airflow_venv/lib/python3.12/site-packages/airflow/example_dags/example_short_circuit_decorator.py took 0.046 seconds
[2024-05-08T13:18:17.718+0000] {processor.py:161} INFO - Started process (PID=2272) to work on /home/denys/airflow_venv/lib/python3.12/site-packages/airflow/example_dags/example_short_circuit_decorator.py
[2024-05-08T13:18:17.720+0000] {processor.py:830} INFO - Processing file /home/denys/airflow_venv/lib/python3.12/site-packages/airflow/example_dags/example_short_circuit_decorator.py for tasks to queue
[2024-05-08T13:18:17.721+0000] {logging_mixin.py:188} INFO - [2024-05-08T13:18:17.721+0000] {dagbag.py:545} INFO - Filling up the DagBag from /home/denys/airflow_venv/lib/python3.12/site-packages/airflow/example_dags/example_short_circuit_decorator.py
[2024-05-08T13:18:17.726+0000] {processor.py:840} INFO - DAG(s) 'example_short_circuit_decorator' retrieved from /home/denys/airflow_venv/lib/python3.12/site-packages/airflow/example_dags/example_short_circuit_decorator.py
[2024-05-08T13:18:17.735+0000] {logging_mixin.py:188} INFO - [2024-05-08T13:18:17.735+0000] {dag.py:3096} INFO - Sync 1 DAGs
[2024-05-08T13:18:17.745+0000] {logging_mixin.py:188} INFO - [2024-05-08T13:18:17.745+0000] {dag.py:3954} INFO - Setting next_dagrun for example_short_circuit_decorator to 2024-05-07 00:00:00+00:00, run_after=2024-05-08 00:00:00+00:00
[2024-05-08T13:18:17.765+0000] {processor.py:183} INFO - Processing /home/denys/airflow_venv/lib/python3.12/site-packages/airflow/example_dags/example_short_circuit_decorator.py took 0.050 seconds
[2024-05-08T13:19:10.657+0000] {processor.py:161} INFO - Started process (PID=2312) to work on /home/denys/airflow_venv/lib/python3.12/site-packages/airflow/example_dags/example_short_circuit_decorator.py
[2024-05-08T13:19:10.659+0000] {processor.py:830} INFO - Processing file /home/denys/airflow_venv/lib/python3.12/site-packages/airflow/example_dags/example_short_circuit_decorator.py for tasks to queue
[2024-05-08T13:19:10.660+0000] {logging_mixin.py:188} INFO - [2024-05-08T13:19:10.659+0000] {dagbag.py:545} INFO - Filling up the DagBag from /home/denys/airflow_venv/lib/python3.12/site-packages/airflow/example_dags/example_short_circuit_decorator.py
[2024-05-08T13:19:10.667+0000] {processor.py:840} INFO - DAG(s) 'example_short_circuit_decorator' retrieved from /home/denys/airflow_venv/lib/python3.12/site-packages/airflow/example_dags/example_short_circuit_decorator.py
[2024-05-08T13:19:10.671+0000] {logging_mixin.py:188} INFO - [2024-05-08T13:19:10.671+0000] {dag.py:3096} INFO - Sync 1 DAGs
[2024-05-08T13:19:10.682+0000] {logging_mixin.py:188} INFO - [2024-05-08T13:19:10.682+0000] {dag.py:3954} INFO - Setting next_dagrun for example_short_circuit_decorator to 2024-05-07 00:00:00+00:00, run_after=2024-05-08 00:00:00+00:00
[2024-05-08T13:19:10.703+0000] {processor.py:183} INFO - Processing /home/denys/airflow_venv/lib/python3.12/site-packages/airflow/example_dags/example_short_circuit_decorator.py took 0.049 seconds
[2024-05-08T13:20:01.936+0000] {processor.py:161} INFO - Started process (PID=2366) to work on /home/denys/airflow_venv/lib/python3.12/site-packages/airflow/example_dags/example_short_circuit_decorator.py
[2024-05-08T13:20:01.937+0000] {processor.py:830} INFO - Processing file /home/denys/airflow_venv/lib/python3.12/site-packages/airflow/example_dags/example_short_circuit_decorator.py for tasks to queue
[2024-05-08T13:20:01.938+0000] {logging_mixin.py:188} INFO - [2024-05-08T13:20:01.938+0000] {dagbag.py:545} INFO - Filling up the DagBag from /home/denys/airflow_venv/lib/python3.12/site-packages/airflow/example_dags/example_short_circuit_decorator.py
[2024-05-08T13:20:01.944+0000] {processor.py:840} INFO - DAG(s) 'example_short_circuit_decorator' retrieved from /home/denys/airflow_venv/lib/python3.12/site-packages/airflow/example_dags/example_short_circuit_decorator.py
[2024-05-08T13:20:01.991+0000] {logging_mixin.py:188} INFO - [2024-05-08T13:20:01.991+0000] {dag.py:3096} INFO - Sync 1 DAGs
[2024-05-08T13:20:01.999+0000] {logging_mixin.py:188} INFO - [2024-05-08T13:20:01.998+0000] {dag.py:3954} INFO - Setting next_dagrun for example_short_circuit_decorator to 2024-05-07 00:00:00+00:00, run_after=2024-05-08 00:00:00+00:00
[2024-05-08T13:20:02.022+0000] {processor.py:183} INFO - Processing /home/denys/airflow_venv/lib/python3.12/site-packages/airflow/example_dags/example_short_circuit_decorator.py took 0.090 seconds
[2024-05-08T13:20:42.543+0000] {processor.py:161} INFO - Started process (PID=2411) to work on /home/denys/airflow_venv/lib/python3.12/site-packages/airflow/example_dags/example_short_circuit_decorator.py
[2024-05-08T13:20:42.544+0000] {processor.py:830} INFO - Processing file /home/denys/airflow_venv/lib/python3.12/site-packages/airflow/example_dags/example_short_circuit_decorator.py for tasks to queue
[2024-05-08T13:20:42.545+0000] {logging_mixin.py:188} INFO - [2024-05-08T13:20:42.545+0000] {dagbag.py:545} INFO - Filling up the DagBag from /home/denys/airflow_venv/lib/python3.12/site-packages/airflow/example_dags/example_short_circuit_decorator.py
[2024-05-08T13:20:42.550+0000] {processor.py:840} INFO - DAG(s) 'example_short_circuit_decorator' retrieved from /home/denys/airflow_venv/lib/python3.12/site-packages/airflow/example_dags/example_short_circuit_decorator.py
[2024-05-08T13:20:42.559+0000] {logging_mixin.py:188} INFO - [2024-05-08T13:20:42.559+0000] {dag.py:3096} INFO - Sync 1 DAGs
[2024-05-08T13:20:42.569+0000] {logging_mixin.py:188} INFO - [2024-05-08T13:20:42.569+0000] {dag.py:3954} INFO - Setting next_dagrun for example_short_circuit_decorator to 2024-05-07 00:00:00+00:00, run_after=2024-05-08 00:00:00+00:00
[2024-05-08T13:20:42.592+0000] {processor.py:183} INFO - Processing /home/denys/airflow_venv/lib/python3.12/site-packages/airflow/example_dags/example_short_circuit_decorator.py took 0.053 seconds
[2024-05-08T13:21:24.601+0000] {processor.py:161} INFO - Started process (PID=2454) to work on /home/denys/airflow_venv/lib/python3.12/site-packages/airflow/example_dags/example_short_circuit_decorator.py
[2024-05-08T13:21:24.602+0000] {processor.py:830} INFO - Processing file /home/denys/airflow_venv/lib/python3.12/site-packages/airflow/example_dags/example_short_circuit_decorator.py for tasks to queue
[2024-05-08T13:21:24.603+0000] {logging_mixin.py:188} INFO - [2024-05-08T13:21:24.603+0000] {dagbag.py:545} INFO - Filling up the DagBag from /home/denys/airflow_venv/lib/python3.12/site-packages/airflow/example_dags/example_short_circuit_decorator.py
[2024-05-08T13:21:24.608+0000] {processor.py:840} INFO - DAG(s) 'example_short_circuit_decorator' retrieved from /home/denys/airflow_venv/lib/python3.12/site-packages/airflow/example_dags/example_short_circuit_decorator.py
[2024-05-08T13:21:24.618+0000] {logging_mixin.py:188} INFO - [2024-05-08T13:21:24.618+0000] {dag.py:3096} INFO - Sync 1 DAGs
[2024-05-08T13:21:24.628+0000] {logging_mixin.py:188} INFO - [2024-05-08T13:21:24.628+0000] {dag.py:3954} INFO - Setting next_dagrun for example_short_circuit_decorator to 2024-05-07 00:00:00+00:00, run_after=2024-05-08 00:00:00+00:00
[2024-05-08T13:21:24.648+0000] {processor.py:183} INFO - Processing /home/denys/airflow_venv/lib/python3.12/site-packages/airflow/example_dags/example_short_circuit_decorator.py took 0.051 seconds
[2024-05-08T13:22:08.931+0000] {processor.py:161} INFO - Started process (PID=2499) to work on /home/denys/airflow_venv/lib/python3.12/site-packages/airflow/example_dags/example_short_circuit_decorator.py
[2024-05-08T13:22:08.932+0000] {processor.py:830} INFO - Processing file /home/denys/airflow_venv/lib/python3.12/site-packages/airflow/example_dags/example_short_circuit_decorator.py for tasks to queue
[2024-05-08T13:22:08.933+0000] {logging_mixin.py:188} INFO - [2024-05-08T13:22:08.933+0000] {dagbag.py:545} INFO - Filling up the DagBag from /home/denys/airflow_venv/lib/python3.12/site-packages/airflow/example_dags/example_short_circuit_decorator.py
[2024-05-08T13:22:08.938+0000] {processor.py:840} INFO - DAG(s) 'example_short_circuit_decorator' retrieved from /home/denys/airflow_venv/lib/python3.12/site-packages/airflow/example_dags/example_short_circuit_decorator.py
[2024-05-08T13:22:08.949+0000] {logging_mixin.py:188} INFO - [2024-05-08T13:22:08.949+0000] {dag.py:3096} INFO - Sync 1 DAGs
[2024-05-08T13:22:08.960+0000] {logging_mixin.py:188} INFO - [2024-05-08T13:22:08.960+0000] {dag.py:3954} INFO - Setting next_dagrun for example_short_circuit_decorator to 2024-05-07 00:00:00+00:00, run_after=2024-05-08 00:00:00+00:00
[2024-05-08T13:22:08.977+0000] {processor.py:183} INFO - Processing /home/denys/airflow_venv/lib/python3.12/site-packages/airflow/example_dags/example_short_circuit_decorator.py took 0.050 seconds
[2024-05-08T13:22:51.954+0000] {processor.py:161} INFO - Started process (PID=2543) to work on /home/denys/airflow_venv/lib/python3.12/site-packages/airflow/example_dags/example_short_circuit_decorator.py
[2024-05-08T13:22:51.956+0000] {processor.py:830} INFO - Processing file /home/denys/airflow_venv/lib/python3.12/site-packages/airflow/example_dags/example_short_circuit_decorator.py for tasks to queue
[2024-05-08T13:22:51.957+0000] {logging_mixin.py:188} INFO - [2024-05-08T13:22:51.956+0000] {dagbag.py:545} INFO - Filling up the DagBag from /home/denys/airflow_venv/lib/python3.12/site-packages/airflow/example_dags/example_short_circuit_decorator.py
[2024-05-08T13:22:51.962+0000] {processor.py:840} INFO - DAG(s) 'example_short_circuit_decorator' retrieved from /home/denys/airflow_venv/lib/python3.12/site-packages/airflow/example_dags/example_short_circuit_decorator.py
[2024-05-08T13:22:51.973+0000] {logging_mixin.py:188} INFO - [2024-05-08T13:22:51.973+0000] {dag.py:3096} INFO - Sync 1 DAGs
[2024-05-08T13:22:51.984+0000] {logging_mixin.py:188} INFO - [2024-05-08T13:22:51.984+0000] {dag.py:3954} INFO - Setting next_dagrun for example_short_circuit_decorator to 2024-05-07 00:00:00+00:00, run_after=2024-05-08 00:00:00+00:00
[2024-05-08T13:22:52.007+0000] {processor.py:183} INFO - Processing /home/denys/airflow_venv/lib/python3.12/site-packages/airflow/example_dags/example_short_circuit_decorator.py took 0.057 seconds
[2024-05-08T13:23:32.295+0000] {processor.py:161} INFO - Started process (PID=2592) to work on /home/denys/airflow_venv/lib/python3.12/site-packages/airflow/example_dags/example_short_circuit_decorator.py
[2024-05-08T13:23:32.296+0000] {processor.py:830} INFO - Processing file /home/denys/airflow_venv/lib/python3.12/site-packages/airflow/example_dags/example_short_circuit_decorator.py for tasks to queue
[2024-05-08T13:23:32.297+0000] {logging_mixin.py:188} INFO - [2024-05-08T13:23:32.296+0000] {dagbag.py:545} INFO - Filling up the DagBag from /home/denys/airflow_venv/lib/python3.12/site-packages/airflow/example_dags/example_short_circuit_decorator.py
[2024-05-08T13:23:32.302+0000] {processor.py:840} INFO - DAG(s) 'example_short_circuit_decorator' retrieved from /home/denys/airflow_venv/lib/python3.12/site-packages/airflow/example_dags/example_short_circuit_decorator.py
[2024-05-08T13:23:32.311+0000] {logging_mixin.py:188} INFO - [2024-05-08T13:23:32.311+0000] {dag.py:3096} INFO - Sync 1 DAGs
[2024-05-08T13:23:32.321+0000] {logging_mixin.py:188} INFO - [2024-05-08T13:23:32.321+0000] {dag.py:3954} INFO - Setting next_dagrun for example_short_circuit_decorator to 2024-05-07 00:00:00+00:00, run_after=2024-05-08 00:00:00+00:00
[2024-05-08T13:23:32.342+0000] {processor.py:183} INFO - Processing /home/denys/airflow_venv/lib/python3.12/site-packages/airflow/example_dags/example_short_circuit_decorator.py took 0.051 seconds
[2024-05-08T13:24:11.666+0000] {processor.py:161} INFO - Started process (PID=2701) to work on /home/denys/airflow_venv/lib/python3.12/site-packages/airflow/example_dags/example_short_circuit_decorator.py
[2024-05-08T13:24:11.667+0000] {processor.py:830} INFO - Processing file /home/denys/airflow_venv/lib/python3.12/site-packages/airflow/example_dags/example_short_circuit_decorator.py for tasks to queue
[2024-05-08T13:24:11.668+0000] {logging_mixin.py:188} INFO - [2024-05-08T13:24:11.668+0000] {dagbag.py:545} INFO - Filling up the DagBag from /home/denys/airflow_venv/lib/python3.12/site-packages/airflow/example_dags/example_short_circuit_decorator.py
[2024-05-08T13:24:11.673+0000] {processor.py:840} INFO - DAG(s) 'example_short_circuit_decorator' retrieved from /home/denys/airflow_venv/lib/python3.12/site-packages/airflow/example_dags/example_short_circuit_decorator.py
[2024-05-08T13:24:11.683+0000] {logging_mixin.py:188} INFO - [2024-05-08T13:24:11.683+0000] {dag.py:3096} INFO - Sync 1 DAGs
[2024-05-08T13:24:11.693+0000] {logging_mixin.py:188} INFO - [2024-05-08T13:24:11.692+0000] {dag.py:3954} INFO - Setting next_dagrun for example_short_circuit_decorator to 2024-05-07 00:00:00+00:00, run_after=2024-05-08 00:00:00+00:00
[2024-05-08T13:24:11.714+0000] {processor.py:183} INFO - Processing /home/denys/airflow_venv/lib/python3.12/site-packages/airflow/example_dags/example_short_circuit_decorator.py took 0.052 seconds
[2024-05-08T13:24:50.241+0000] {processor.py:161} INFO - Started process (PID=2741) to work on /home/denys/airflow_venv/lib/python3.12/site-packages/airflow/example_dags/example_short_circuit_decorator.py
[2024-05-08T13:24:50.242+0000] {processor.py:830} INFO - Processing file /home/denys/airflow_venv/lib/python3.12/site-packages/airflow/example_dags/example_short_circuit_decorator.py for tasks to queue
[2024-05-08T13:24:50.244+0000] {logging_mixin.py:188} INFO - [2024-05-08T13:24:50.243+0000] {dagbag.py:545} INFO - Filling up the DagBag from /home/denys/airflow_venv/lib/python3.12/site-packages/airflow/example_dags/example_short_circuit_decorator.py
[2024-05-08T13:24:50.249+0000] {processor.py:840} INFO - DAG(s) 'example_short_circuit_decorator' retrieved from /home/denys/airflow_venv/lib/python3.12/site-packages/airflow/example_dags/example_short_circuit_decorator.py
[2024-05-08T13:24:50.261+0000] {logging_mixin.py:188} INFO - [2024-05-08T13:24:50.261+0000] {dag.py:3096} INFO - Sync 1 DAGs
[2024-05-08T13:24:50.273+0000] {logging_mixin.py:188} INFO - [2024-05-08T13:24:50.273+0000] {dag.py:3954} INFO - Setting next_dagrun for example_short_circuit_decorator to 2024-05-07 00:00:00+00:00, run_after=2024-05-08 00:00:00+00:00
[2024-05-08T13:24:50.290+0000] {processor.py:183} INFO - Processing /home/denys/airflow_venv/lib/python3.12/site-packages/airflow/example_dags/example_short_circuit_decorator.py took 0.053 seconds
[2024-05-08T13:25:31.621+0000] {processor.py:161} INFO - Started process (PID=2789) to work on /home/denys/airflow_venv/lib/python3.12/site-packages/airflow/example_dags/example_short_circuit_decorator.py
[2024-05-08T13:25:31.622+0000] {processor.py:830} INFO - Processing file /home/denys/airflow_venv/lib/python3.12/site-packages/airflow/example_dags/example_short_circuit_decorator.py for tasks to queue
[2024-05-08T13:25:31.623+0000] {logging_mixin.py:188} INFO - [2024-05-08T13:25:31.623+0000] {dagbag.py:545} INFO - Filling up the DagBag from /home/denys/airflow_venv/lib/python3.12/site-packages/airflow/example_dags/example_short_circuit_decorator.py
[2024-05-08T13:25:31.628+0000] {processor.py:840} INFO - DAG(s) 'example_short_circuit_decorator' retrieved from /home/denys/airflow_venv/lib/python3.12/site-packages/airflow/example_dags/example_short_circuit_decorator.py
[2024-05-08T13:25:31.638+0000] {logging_mixin.py:188} INFO - [2024-05-08T13:25:31.638+0000] {dag.py:3096} INFO - Sync 1 DAGs
[2024-05-08T13:25:31.648+0000] {logging_mixin.py:188} INFO - [2024-05-08T13:25:31.648+0000] {dag.py:3954} INFO - Setting next_dagrun for example_short_circuit_decorator to 2024-05-07 00:00:00+00:00, run_after=2024-05-08 00:00:00+00:00
[2024-05-08T13:25:31.670+0000] {processor.py:183} INFO - Processing /home/denys/airflow_venv/lib/python3.12/site-packages/airflow/example_dags/example_short_circuit_decorator.py took 0.052 seconds
[2024-05-08T13:26:11.443+0000] {processor.py:161} INFO - Started process (PID=2832) to work on /home/denys/airflow_venv/lib/python3.12/site-packages/airflow/example_dags/example_short_circuit_decorator.py
[2024-05-08T13:26:11.444+0000] {processor.py:830} INFO - Processing file /home/denys/airflow_venv/lib/python3.12/site-packages/airflow/example_dags/example_short_circuit_decorator.py for tasks to queue
[2024-05-08T13:26:11.445+0000] {logging_mixin.py:188} INFO - [2024-05-08T13:26:11.445+0000] {dagbag.py:545} INFO - Filling up the DagBag from /home/denys/airflow_venv/lib/python3.12/site-packages/airflow/example_dags/example_short_circuit_decorator.py
[2024-05-08T13:26:11.452+0000] {processor.py:840} INFO - DAG(s) 'example_short_circuit_decorator' retrieved from /home/denys/airflow_venv/lib/python3.12/site-packages/airflow/example_dags/example_short_circuit_decorator.py
[2024-05-08T13:26:11.463+0000] {logging_mixin.py:188} INFO - [2024-05-08T13:26:11.463+0000] {dag.py:3096} INFO - Sync 1 DAGs
[2024-05-08T13:26:11.473+0000] {logging_mixin.py:188} INFO - [2024-05-08T13:26:11.473+0000] {dag.py:3954} INFO - Setting next_dagrun for example_short_circuit_decorator to 2024-05-07 00:00:00+00:00, run_after=2024-05-08 00:00:00+00:00
[2024-05-08T13:26:11.490+0000] {processor.py:183} INFO - Processing /home/denys/airflow_venv/lib/python3.12/site-packages/airflow/example_dags/example_short_circuit_decorator.py took 0.051 seconds
[2024-05-08T13:26:55.394+0000] {processor.py:161} INFO - Started process (PID=2875) to work on /home/denys/airflow_venv/lib/python3.12/site-packages/airflow/example_dags/example_short_circuit_decorator.py
[2024-05-08T13:26:55.402+0000] {processor.py:830} INFO - Processing file /home/denys/airflow_venv/lib/python3.12/site-packages/airflow/example_dags/example_short_circuit_decorator.py for tasks to queue
[2024-05-08T13:26:55.403+0000] {logging_mixin.py:188} INFO - [2024-05-08T13:26:55.403+0000] {dagbag.py:545} INFO - Filling up the DagBag from /home/denys/airflow_venv/lib/python3.12/site-packages/airflow/example_dags/example_short_circuit_decorator.py
[2024-05-08T13:26:55.408+0000] {processor.py:840} INFO - DAG(s) 'example_short_circuit_decorator' retrieved from /home/denys/airflow_venv/lib/python3.12/site-packages/airflow/example_dags/example_short_circuit_decorator.py
[2024-05-08T13:26:55.420+0000] {logging_mixin.py:188} INFO - [2024-05-08T13:26:55.420+0000] {dag.py:3096} INFO - Sync 1 DAGs
[2024-05-08T13:26:55.430+0000] {logging_mixin.py:188} INFO - [2024-05-08T13:26:55.430+0000] {dag.py:3954} INFO - Setting next_dagrun for example_short_circuit_decorator to 2024-05-07 00:00:00+00:00, run_after=2024-05-08 00:00:00+00:00
[2024-05-08T13:26:55.446+0000] {processor.py:183} INFO - Processing /home/denys/airflow_venv/lib/python3.12/site-packages/airflow/example_dags/example_short_circuit_decorator.py took 0.055 seconds
[2024-05-08T13:27:39.173+0000] {processor.py:161} INFO - Started process (PID=2920) to work on /home/denys/airflow_venv/lib/python3.12/site-packages/airflow/example_dags/example_short_circuit_decorator.py
[2024-05-08T13:27:39.174+0000] {processor.py:830} INFO - Processing file /home/denys/airflow_venv/lib/python3.12/site-packages/airflow/example_dags/example_short_circuit_decorator.py for tasks to queue
[2024-05-08T13:27:39.175+0000] {logging_mixin.py:188} INFO - [2024-05-08T13:27:39.174+0000] {dagbag.py:545} INFO - Filling up the DagBag from /home/denys/airflow_venv/lib/python3.12/site-packages/airflow/example_dags/example_short_circuit_decorator.py
[2024-05-08T13:27:39.180+0000] {processor.py:840} INFO - DAG(s) 'example_short_circuit_decorator' retrieved from /home/denys/airflow_venv/lib/python3.12/site-packages/airflow/example_dags/example_short_circuit_decorator.py
[2024-05-08T13:27:39.191+0000] {logging_mixin.py:188} INFO - [2024-05-08T13:27:39.191+0000] {dag.py:3096} INFO - Sync 1 DAGs
[2024-05-08T13:27:39.204+0000] {logging_mixin.py:188} INFO - [2024-05-08T13:27:39.204+0000] {dag.py:3954} INFO - Setting next_dagrun for example_short_circuit_decorator to 2024-05-07 00:00:00+00:00, run_after=2024-05-08 00:00:00+00:00
[2024-05-08T13:27:39.226+0000] {processor.py:183} INFO - Processing /home/denys/airflow_venv/lib/python3.12/site-packages/airflow/example_dags/example_short_circuit_decorator.py took 0.057 seconds
[2024-05-08T13:28:23.895+0000] {processor.py:161} INFO - Started process (PID=2966) to work on /home/denys/airflow_venv/lib/python3.12/site-packages/airflow/example_dags/example_short_circuit_decorator.py
[2024-05-08T13:28:23.897+0000] {processor.py:830} INFO - Processing file /home/denys/airflow_venv/lib/python3.12/site-packages/airflow/example_dags/example_short_circuit_decorator.py for tasks to queue
[2024-05-08T13:28:23.899+0000] {logging_mixin.py:188} INFO - [2024-05-08T13:28:23.899+0000] {dagbag.py:545} INFO - Filling up the DagBag from /home/denys/airflow_venv/lib/python3.12/site-packages/airflow/example_dags/example_short_circuit_decorator.py
[2024-05-08T13:28:23.905+0000] {processor.py:840} INFO - DAG(s) 'example_short_circuit_decorator' retrieved from /home/denys/airflow_venv/lib/python3.12/site-packages/airflow/example_dags/example_short_circuit_decorator.py
[2024-05-08T13:28:23.916+0000] {logging_mixin.py:188} INFO - [2024-05-08T13:28:23.915+0000] {dag.py:3096} INFO - Sync 1 DAGs
[2024-05-08T13:28:23.927+0000] {logging_mixin.py:188} INFO - [2024-05-08T13:28:23.927+0000] {dag.py:3954} INFO - Setting next_dagrun for example_short_circuit_decorator to 2024-05-07 00:00:00+00:00, run_after=2024-05-08 00:00:00+00:00
[2024-05-08T13:28:23.945+0000] {processor.py:183} INFO - Processing /home/denys/airflow_venv/lib/python3.12/site-packages/airflow/example_dags/example_short_circuit_decorator.py took 0.053 seconds
[2024-05-08T13:29:04.978+0000] {processor.py:161} INFO - Started process (PID=3064) to work on /home/denys/airflow_venv/lib/python3.12/site-packages/airflow/example_dags/example_short_circuit_decorator.py
[2024-05-08T13:29:04.980+0000] {processor.py:830} INFO - Processing file /home/denys/airflow_venv/lib/python3.12/site-packages/airflow/example_dags/example_short_circuit_decorator.py for tasks to queue
[2024-05-08T13:29:04.981+0000] {logging_mixin.py:188} INFO - [2024-05-08T13:29:04.980+0000] {dagbag.py:545} INFO - Filling up the DagBag from /home/denys/airflow_venv/lib/python3.12/site-packages/airflow/example_dags/example_short_circuit_decorator.py
[2024-05-08T13:29:04.986+0000] {processor.py:840} INFO - DAG(s) 'example_short_circuit_decorator' retrieved from /home/denys/airflow_venv/lib/python3.12/site-packages/airflow/example_dags/example_short_circuit_decorator.py
[2024-05-08T13:29:04.995+0000] {logging_mixin.py:188} INFO - [2024-05-08T13:29:04.995+0000] {dag.py:3096} INFO - Sync 1 DAGs
[2024-05-08T13:29:05.005+0000] {logging_mixin.py:188} INFO - [2024-05-08T13:29:05.005+0000] {dag.py:3954} INFO - Setting next_dagrun for example_short_circuit_decorator to 2024-05-07 00:00:00+00:00, run_after=2024-05-08 00:00:00+00:00
[2024-05-08T13:29:05.027+0000] {processor.py:183} INFO - Processing /home/denys/airflow_venv/lib/python3.12/site-packages/airflow/example_dags/example_short_circuit_decorator.py took 0.052 seconds
[2024-05-08T13:29:42.259+0000] {processor.py:161} INFO - Started process (PID=3106) to work on /home/denys/airflow_venv/lib/python3.12/site-packages/airflow/example_dags/example_short_circuit_decorator.py
[2024-05-08T13:29:42.260+0000] {processor.py:830} INFO - Processing file /home/denys/airflow_venv/lib/python3.12/site-packages/airflow/example_dags/example_short_circuit_decorator.py for tasks to queue
[2024-05-08T13:29:42.261+0000] {logging_mixin.py:188} INFO - [2024-05-08T13:29:42.261+0000] {dagbag.py:545} INFO - Filling up the DagBag from /home/denys/airflow_venv/lib/python3.12/site-packages/airflow/example_dags/example_short_circuit_decorator.py
[2024-05-08T13:29:42.268+0000] {processor.py:840} INFO - DAG(s) 'example_short_circuit_decorator' retrieved from /home/denys/airflow_venv/lib/python3.12/site-packages/airflow/example_dags/example_short_circuit_decorator.py
[2024-05-08T13:29:42.280+0000] {logging_mixin.py:188} INFO - [2024-05-08T13:29:42.280+0000] {dag.py:3096} INFO - Sync 1 DAGs
[2024-05-08T13:29:42.292+0000] {logging_mixin.py:188} INFO - [2024-05-08T13:29:42.292+0000] {dag.py:3954} INFO - Setting next_dagrun for example_short_circuit_decorator to 2024-05-07 00:00:00+00:00, run_after=2024-05-08 00:00:00+00:00
[2024-05-08T13:29:42.309+0000] {processor.py:183} INFO - Processing /home/denys/airflow_venv/lib/python3.12/site-packages/airflow/example_dags/example_short_circuit_decorator.py took 0.054 seconds
[2024-05-08T13:30:22.999+0000] {processor.py:161} INFO - Started process (PID=3151) to work on /home/denys/airflow_venv/lib/python3.12/site-packages/airflow/example_dags/example_short_circuit_decorator.py
[2024-05-08T13:30:23.001+0000] {processor.py:830} INFO - Processing file /home/denys/airflow_venv/lib/python3.12/site-packages/airflow/example_dags/example_short_circuit_decorator.py for tasks to queue
[2024-05-08T13:30:23.002+0000] {logging_mixin.py:188} INFO - [2024-05-08T13:30:23.002+0000] {dagbag.py:545} INFO - Filling up the DagBag from /home/denys/airflow_venv/lib/python3.12/site-packages/airflow/example_dags/example_short_circuit_decorator.py
[2024-05-08T13:30:23.007+0000] {processor.py:840} INFO - DAG(s) 'example_short_circuit_decorator' retrieved from /home/denys/airflow_venv/lib/python3.12/site-packages/airflow/example_dags/example_short_circuit_decorator.py
[2024-05-08T13:30:23.017+0000] {logging_mixin.py:188} INFO - [2024-05-08T13:30:23.017+0000] {dag.py:3096} INFO - Sync 1 DAGs
[2024-05-08T13:30:23.027+0000] {logging_mixin.py:188} INFO - [2024-05-08T13:30:23.027+0000] {dag.py:3954} INFO - Setting next_dagrun for example_short_circuit_decorator to 2024-05-07 00:00:00+00:00, run_after=2024-05-08 00:00:00+00:00
[2024-05-08T13:30:23.053+0000] {processor.py:183} INFO - Processing /home/denys/airflow_venv/lib/python3.12/site-packages/airflow/example_dags/example_short_circuit_decorator.py took 0.058 seconds
[2024-05-08T13:31:04.252+0000] {processor.py:161} INFO - Started process (PID=3193) to work on /home/denys/airflow_venv/lib/python3.12/site-packages/airflow/example_dags/example_short_circuit_decorator.py
[2024-05-08T13:31:04.254+0000] {processor.py:830} INFO - Processing file /home/denys/airflow_venv/lib/python3.12/site-packages/airflow/example_dags/example_short_circuit_decorator.py for tasks to queue
[2024-05-08T13:31:04.255+0000] {logging_mixin.py:188} INFO - [2024-05-08T13:31:04.255+0000] {dagbag.py:545} INFO - Filling up the DagBag from /home/denys/airflow_venv/lib/python3.12/site-packages/airflow/example_dags/example_short_circuit_decorator.py
[2024-05-08T13:31:04.261+0000] {processor.py:840} INFO - DAG(s) 'example_short_circuit_decorator' retrieved from /home/denys/airflow_venv/lib/python3.12/site-packages/airflow/example_dags/example_short_circuit_decorator.py
[2024-05-08T13:31:04.271+0000] {logging_mixin.py:188} INFO - [2024-05-08T13:31:04.271+0000] {dag.py:3096} INFO - Sync 1 DAGs
[2024-05-08T13:31:04.281+0000] {logging_mixin.py:188} INFO - [2024-05-08T13:31:04.281+0000] {dag.py:3954} INFO - Setting next_dagrun for example_short_circuit_decorator to 2024-05-07 00:00:00+00:00, run_after=2024-05-08 00:00:00+00:00
[2024-05-08T13:31:04.302+0000] {processor.py:183} INFO - Processing /home/denys/airflow_venv/lib/python3.12/site-packages/airflow/example_dags/example_short_circuit_decorator.py took 0.053 seconds
[2024-05-08T13:31:43.571+0000] {processor.py:161} INFO - Started process (PID=3235) to work on /home/denys/airflow_venv/lib/python3.12/site-packages/airflow/example_dags/example_short_circuit_decorator.py
[2024-05-08T13:31:43.572+0000] {processor.py:830} INFO - Processing file /home/denys/airflow_venv/lib/python3.12/site-packages/airflow/example_dags/example_short_circuit_decorator.py for tasks to queue
[2024-05-08T13:31:43.573+0000] {logging_mixin.py:188} INFO - [2024-05-08T13:31:43.573+0000] {dagbag.py:545} INFO - Filling up the DagBag from /home/denys/airflow_venv/lib/python3.12/site-packages/airflow/example_dags/example_short_circuit_decorator.py
[2024-05-08T13:31:43.579+0000] {processor.py:840} INFO - DAG(s) 'example_short_circuit_decorator' retrieved from /home/denys/airflow_venv/lib/python3.12/site-packages/airflow/example_dags/example_short_circuit_decorator.py
[2024-05-08T13:31:43.589+0000] {logging_mixin.py:188} INFO - [2024-05-08T13:31:43.589+0000] {dag.py:3096} INFO - Sync 1 DAGs
[2024-05-08T13:31:43.601+0000] {logging_mixin.py:188} INFO - [2024-05-08T13:31:43.601+0000] {dag.py:3954} INFO - Setting next_dagrun for example_short_circuit_decorator to 2024-05-07 00:00:00+00:00, run_after=2024-05-08 00:00:00+00:00
[2024-05-08T13:31:43.618+0000] {processor.py:183} INFO - Processing /home/denys/airflow_venv/lib/python3.12/site-packages/airflow/example_dags/example_short_circuit_decorator.py took 0.051 seconds
[2024-05-08T13:32:27.707+0000] {processor.py:161} INFO - Started process (PID=3279) to work on /home/denys/airflow_venv/lib/python3.12/site-packages/airflow/example_dags/example_short_circuit_decorator.py
[2024-05-08T13:32:27.708+0000] {processor.py:830} INFO - Processing file /home/denys/airflow_venv/lib/python3.12/site-packages/airflow/example_dags/example_short_circuit_decorator.py for tasks to queue
[2024-05-08T13:32:27.709+0000] {logging_mixin.py:188} INFO - [2024-05-08T13:32:27.709+0000] {dagbag.py:545} INFO - Filling up the DagBag from /home/denys/airflow_venv/lib/python3.12/site-packages/airflow/example_dags/example_short_circuit_decorator.py
[2024-05-08T13:32:27.714+0000] {processor.py:840} INFO - DAG(s) 'example_short_circuit_decorator' retrieved from /home/denys/airflow_venv/lib/python3.12/site-packages/airflow/example_dags/example_short_circuit_decorator.py
[2024-05-08T13:32:27.724+0000] {logging_mixin.py:188} INFO - [2024-05-08T13:32:27.724+0000] {dag.py:3096} INFO - Sync 1 DAGs
[2024-05-08T13:32:27.734+0000] {logging_mixin.py:188} INFO - [2024-05-08T13:32:27.733+0000] {dag.py:3954} INFO - Setting next_dagrun for example_short_circuit_decorator to 2024-05-07 00:00:00+00:00, run_after=2024-05-08 00:00:00+00:00
[2024-05-08T13:32:27.751+0000] {processor.py:183} INFO - Processing /home/denys/airflow_venv/lib/python3.12/site-packages/airflow/example_dags/example_short_circuit_decorator.py took 0.048 seconds
[2024-05-08T13:33:11.426+0000] {processor.py:161} INFO - Started process (PID=3323) to work on /home/denys/airflow_venv/lib/python3.12/site-packages/airflow/example_dags/example_short_circuit_decorator.py
[2024-05-08T13:33:11.427+0000] {processor.py:830} INFO - Processing file /home/denys/airflow_venv/lib/python3.12/site-packages/airflow/example_dags/example_short_circuit_decorator.py for tasks to queue
[2024-05-08T13:33:11.428+0000] {logging_mixin.py:188} INFO - [2024-05-08T13:33:11.427+0000] {dagbag.py:545} INFO - Filling up the DagBag from /home/denys/airflow_venv/lib/python3.12/site-packages/airflow/example_dags/example_short_circuit_decorator.py
[2024-05-08T13:33:11.433+0000] {processor.py:840} INFO - DAG(s) 'example_short_circuit_decorator' retrieved from /home/denys/airflow_venv/lib/python3.12/site-packages/airflow/example_dags/example_short_circuit_decorator.py
[2024-05-08T13:33:11.445+0000] {logging_mixin.py:188} INFO - [2024-05-08T13:33:11.445+0000] {dag.py:3096} INFO - Sync 1 DAGs
[2024-05-08T13:33:11.459+0000] {logging_mixin.py:188} INFO - [2024-05-08T13:33:11.459+0000] {dag.py:3954} INFO - Setting next_dagrun for example_short_circuit_decorator to 2024-05-07 00:00:00+00:00, run_after=2024-05-08 00:00:00+00:00
[2024-05-08T13:33:11.485+0000] {processor.py:183} INFO - Processing /home/denys/airflow_venv/lib/python3.12/site-packages/airflow/example_dags/example_short_circuit_decorator.py took 0.063 seconds
[2024-05-08T13:33:55.007+0000] {processor.py:161} INFO - Started process (PID=3371) to work on /home/denys/airflow_venv/lib/python3.12/site-packages/airflow/example_dags/example_short_circuit_decorator.py
[2024-05-08T13:33:55.008+0000] {processor.py:830} INFO - Processing file /home/denys/airflow_venv/lib/python3.12/site-packages/airflow/example_dags/example_short_circuit_decorator.py for tasks to queue
[2024-05-08T13:33:55.009+0000] {logging_mixin.py:188} INFO - [2024-05-08T13:33:55.009+0000] {dagbag.py:545} INFO - Filling up the DagBag from /home/denys/airflow_venv/lib/python3.12/site-packages/airflow/example_dags/example_short_circuit_decorator.py
[2024-05-08T13:33:55.015+0000] {processor.py:840} INFO - DAG(s) 'example_short_circuit_decorator' retrieved from /home/denys/airflow_venv/lib/python3.12/site-packages/airflow/example_dags/example_short_circuit_decorator.py
[2024-05-08T13:33:55.025+0000] {logging_mixin.py:188} INFO - [2024-05-08T13:33:55.025+0000] {dag.py:3096} INFO - Sync 1 DAGs
[2024-05-08T13:33:55.035+0000] {logging_mixin.py:188} INFO - [2024-05-08T13:33:55.035+0000] {dag.py:3954} INFO - Setting next_dagrun for example_short_circuit_decorator to 2024-05-07 00:00:00+00:00, run_after=2024-05-08 00:00:00+00:00
[2024-05-08T13:33:55.056+0000] {processor.py:183} INFO - Processing /home/denys/airflow_venv/lib/python3.12/site-packages/airflow/example_dags/example_short_circuit_decorator.py took 0.053 seconds
[2024-05-08T13:34:36.050+0000] {processor.py:161} INFO - Started process (PID=3414) to work on /home/denys/airflow_venv/lib/python3.12/site-packages/airflow/example_dags/example_short_circuit_decorator.py
[2024-05-08T13:34:36.051+0000] {processor.py:830} INFO - Processing file /home/denys/airflow_venv/lib/python3.12/site-packages/airflow/example_dags/example_short_circuit_decorator.py for tasks to queue
[2024-05-08T13:34:36.052+0000] {logging_mixin.py:188} INFO - [2024-05-08T13:34:36.052+0000] {dagbag.py:545} INFO - Filling up the DagBag from /home/denys/airflow_venv/lib/python3.12/site-packages/airflow/example_dags/example_short_circuit_decorator.py
[2024-05-08T13:34:36.057+0000] {processor.py:840} INFO - DAG(s) 'example_short_circuit_decorator' retrieved from /home/denys/airflow_venv/lib/python3.12/site-packages/airflow/example_dags/example_short_circuit_decorator.py
[2024-05-08T13:34:36.067+0000] {logging_mixin.py:188} INFO - [2024-05-08T13:34:36.067+0000] {dag.py:3096} INFO - Sync 1 DAGs
[2024-05-08T13:34:36.077+0000] {logging_mixin.py:188} INFO - [2024-05-08T13:34:36.077+0000] {dag.py:3954} INFO - Setting next_dagrun for example_short_circuit_decorator to 2024-05-07 00:00:00+00:00, run_after=2024-05-08 00:00:00+00:00
[2024-05-08T13:34:36.094+0000] {processor.py:183} INFO - Processing /home/denys/airflow_venv/lib/python3.12/site-packages/airflow/example_dags/example_short_circuit_decorator.py took 0.048 seconds
[2024-05-08T13:35:15.670+0000] {processor.py:161} INFO - Started process (PID=3459) to work on /home/denys/airflow_venv/lib/python3.12/site-packages/airflow/example_dags/example_short_circuit_decorator.py
[2024-05-08T13:35:15.671+0000] {processor.py:830} INFO - Processing file /home/denys/airflow_venv/lib/python3.12/site-packages/airflow/example_dags/example_short_circuit_decorator.py for tasks to queue
[2024-05-08T13:35:15.672+0000] {logging_mixin.py:188} INFO - [2024-05-08T13:35:15.672+0000] {dagbag.py:545} INFO - Filling up the DagBag from /home/denys/airflow_venv/lib/python3.12/site-packages/airflow/example_dags/example_short_circuit_decorator.py
[2024-05-08T13:35:15.678+0000] {processor.py:840} INFO - DAG(s) 'example_short_circuit_decorator' retrieved from /home/denys/airflow_venv/lib/python3.12/site-packages/airflow/example_dags/example_short_circuit_decorator.py
[2024-05-08T13:35:15.690+0000] {logging_mixin.py:188} INFO - [2024-05-08T13:35:15.690+0000] {dag.py:3096} INFO - Sync 1 DAGs
[2024-05-08T13:35:15.701+0000] {logging_mixin.py:188} INFO - [2024-05-08T13:35:15.701+0000] {dag.py:3954} INFO - Setting next_dagrun for example_short_circuit_decorator to 2024-05-07 00:00:00+00:00, run_after=2024-05-08 00:00:00+00:00
[2024-05-08T13:35:15.719+0000] {processor.py:183} INFO - Processing /home/denys/airflow_venv/lib/python3.12/site-packages/airflow/example_dags/example_short_circuit_decorator.py took 0.054 seconds
[2024-05-08T13:35:55.089+0000] {processor.py:161} INFO - Started process (PID=3500) to work on /home/denys/airflow_venv/lib/python3.12/site-packages/airflow/example_dags/example_short_circuit_decorator.py
[2024-05-08T13:35:55.091+0000] {processor.py:830} INFO - Processing file /home/denys/airflow_venv/lib/python3.12/site-packages/airflow/example_dags/example_short_circuit_decorator.py for tasks to queue
[2024-05-08T13:35:55.092+0000] {logging_mixin.py:188} INFO - [2024-05-08T13:35:55.092+0000] {dagbag.py:545} INFO - Filling up the DagBag from /home/denys/airflow_venv/lib/python3.12/site-packages/airflow/example_dags/example_short_circuit_decorator.py
[2024-05-08T13:35:55.098+0000] {processor.py:840} INFO - DAG(s) 'example_short_circuit_decorator' retrieved from /home/denys/airflow_venv/lib/python3.12/site-packages/airflow/example_dags/example_short_circuit_decorator.py
[2024-05-08T13:35:55.108+0000] {logging_mixin.py:188} INFO - [2024-05-08T13:35:55.108+0000] {dag.py:3096} INFO - Sync 1 DAGs
[2024-05-08T13:35:55.118+0000] {logging_mixin.py:188} INFO - [2024-05-08T13:35:55.118+0000] {dag.py:3954} INFO - Setting next_dagrun for example_short_circuit_decorator to 2024-05-07 00:00:00+00:00, run_after=2024-05-08 00:00:00+00:00
[2024-05-08T13:35:55.139+0000] {processor.py:183} INFO - Processing /home/denys/airflow_venv/lib/python3.12/site-packages/airflow/example_dags/example_short_circuit_decorator.py took 0.053 seconds
[2024-05-08T13:36:36.144+0000] {processor.py:161} INFO - Started process (PID=3543) to work on /home/denys/airflow_venv/lib/python3.12/site-packages/airflow/example_dags/example_short_circuit_decorator.py
[2024-05-08T13:36:36.146+0000] {processor.py:830} INFO - Processing file /home/denys/airflow_venv/lib/python3.12/site-packages/airflow/example_dags/example_short_circuit_decorator.py for tasks to queue
[2024-05-08T13:36:36.147+0000] {logging_mixin.py:188} INFO - [2024-05-08T13:36:36.146+0000] {dagbag.py:545} INFO - Filling up the DagBag from /home/denys/airflow_venv/lib/python3.12/site-packages/airflow/example_dags/example_short_circuit_decorator.py
[2024-05-08T13:36:36.152+0000] {processor.py:840} INFO - DAG(s) 'example_short_circuit_decorator' retrieved from /home/denys/airflow_venv/lib/python3.12/site-packages/airflow/example_dags/example_short_circuit_decorator.py
[2024-05-08T13:36:36.162+0000] {logging_mixin.py:188} INFO - [2024-05-08T13:36:36.162+0000] {dag.py:3096} INFO - Sync 1 DAGs
[2024-05-08T13:36:36.172+0000] {logging_mixin.py:188} INFO - [2024-05-08T13:36:36.171+0000] {dag.py:3954} INFO - Setting next_dagrun for example_short_circuit_decorator to 2024-05-07 00:00:00+00:00, run_after=2024-05-08 00:00:00+00:00
[2024-05-08T13:36:36.190+0000] {processor.py:183} INFO - Processing /home/denys/airflow_venv/lib/python3.12/site-packages/airflow/example_dags/example_short_circuit_decorator.py took 0.049 seconds
[2024-05-08T13:37:18.948+0000] {processor.py:161} INFO - Started process (PID=3587) to work on /home/denys/airflow_venv/lib/python3.12/site-packages/airflow/example_dags/example_short_circuit_decorator.py
[2024-05-08T13:37:18.950+0000] {processor.py:830} INFO - Processing file /home/denys/airflow_venv/lib/python3.12/site-packages/airflow/example_dags/example_short_circuit_decorator.py for tasks to queue
[2024-05-08T13:37:18.951+0000] {logging_mixin.py:188} INFO - [2024-05-08T13:37:18.950+0000] {dagbag.py:545} INFO - Filling up the DagBag from /home/denys/airflow_venv/lib/python3.12/site-packages/airflow/example_dags/example_short_circuit_decorator.py
[2024-05-08T13:37:18.956+0000] {processor.py:840} INFO - DAG(s) 'example_short_circuit_decorator' retrieved from /home/denys/airflow_venv/lib/python3.12/site-packages/airflow/example_dags/example_short_circuit_decorator.py
[2024-05-08T13:37:18.965+0000] {logging_mixin.py:188} INFO - [2024-05-08T13:37:18.965+0000] {dag.py:3096} INFO - Sync 1 DAGs
[2024-05-08T13:37:18.976+0000] {logging_mixin.py:188} INFO - [2024-05-08T13:37:18.976+0000] {dag.py:3954} INFO - Setting next_dagrun for example_short_circuit_decorator to 2024-05-07 00:00:00+00:00, run_after=2024-05-08 00:00:00+00:00
[2024-05-08T13:37:18.998+0000] {processor.py:183} INFO - Processing /home/denys/airflow_venv/lib/python3.12/site-packages/airflow/example_dags/example_short_circuit_decorator.py took 0.053 seconds
[2024-05-08T13:38:08.468+0000] {processor.py:161} INFO - Started process (PID=3635) to work on /home/denys/airflow_venv/lib/python3.12/site-packages/airflow/example_dags/example_short_circuit_decorator.py
[2024-05-08T13:38:08.469+0000] {processor.py:830} INFO - Processing file /home/denys/airflow_venv/lib/python3.12/site-packages/airflow/example_dags/example_short_circuit_decorator.py for tasks to queue
[2024-05-08T13:38:08.470+0000] {logging_mixin.py:188} INFO - [2024-05-08T13:38:08.470+0000] {dagbag.py:545} INFO - Filling up the DagBag from /home/denys/airflow_venv/lib/python3.12/site-packages/airflow/example_dags/example_short_circuit_decorator.py
[2024-05-08T13:38:08.476+0000] {processor.py:840} INFO - DAG(s) 'example_short_circuit_decorator' retrieved from /home/denys/airflow_venv/lib/python3.12/site-packages/airflow/example_dags/example_short_circuit_decorator.py
[2024-05-08T13:38:08.487+0000] {logging_mixin.py:188} INFO - [2024-05-08T13:38:08.487+0000] {dag.py:3096} INFO - Sync 1 DAGs
[2024-05-08T13:38:08.496+0000] {logging_mixin.py:188} INFO - [2024-05-08T13:38:08.496+0000] {dag.py:3954} INFO - Setting next_dagrun for example_short_circuit_decorator to 2024-05-07 00:00:00+00:00, run_after=2024-05-08 00:00:00+00:00
[2024-05-08T13:38:08.519+0000] {processor.py:183} INFO - Processing /home/denys/airflow_venv/lib/python3.12/site-packages/airflow/example_dags/example_short_circuit_decorator.py took 0.055 seconds
[2024-05-08T13:38:52.129+0000] {processor.py:161} INFO - Started process (PID=3681) to work on /home/denys/airflow_venv/lib/python3.12/site-packages/airflow/example_dags/example_short_circuit_decorator.py
[2024-05-08T13:38:52.131+0000] {processor.py:830} INFO - Processing file /home/denys/airflow_venv/lib/python3.12/site-packages/airflow/example_dags/example_short_circuit_decorator.py for tasks to queue
[2024-05-08T13:38:52.132+0000] {logging_mixin.py:188} INFO - [2024-05-08T13:38:52.132+0000] {dagbag.py:545} INFO - Filling up the DagBag from /home/denys/airflow_venv/lib/python3.12/site-packages/airflow/example_dags/example_short_circuit_decorator.py
[2024-05-08T13:38:52.138+0000] {processor.py:840} INFO - DAG(s) 'example_short_circuit_decorator' retrieved from /home/denys/airflow_venv/lib/python3.12/site-packages/airflow/example_dags/example_short_circuit_decorator.py
[2024-05-08T13:38:52.150+0000] {logging_mixin.py:188} INFO - [2024-05-08T13:38:52.149+0000] {dag.py:3096} INFO - Sync 1 DAGs
[2024-05-08T13:38:52.161+0000] {logging_mixin.py:188} INFO - [2024-05-08T13:38:52.161+0000] {dag.py:3954} INFO - Setting next_dagrun for example_short_circuit_decorator to 2024-05-07 00:00:00+00:00, run_after=2024-05-08 00:00:00+00:00
[2024-05-08T13:38:52.183+0000] {processor.py:183} INFO - Processing /home/denys/airflow_venv/lib/python3.12/site-packages/airflow/example_dags/example_short_circuit_decorator.py took 0.057 seconds
[2024-05-08T13:39:34.124+0000] {processor.py:161} INFO - Started process (PID=3724) to work on /home/denys/airflow_venv/lib/python3.12/site-packages/airflow/example_dags/example_short_circuit_decorator.py
[2024-05-08T13:39:34.125+0000] {processor.py:830} INFO - Processing file /home/denys/airflow_venv/lib/python3.12/site-packages/airflow/example_dags/example_short_circuit_decorator.py for tasks to queue
[2024-05-08T13:39:34.126+0000] {logging_mixin.py:188} INFO - [2024-05-08T13:39:34.126+0000] {dagbag.py:545} INFO - Filling up the DagBag from /home/denys/airflow_venv/lib/python3.12/site-packages/airflow/example_dags/example_short_circuit_decorator.py
[2024-05-08T13:39:34.131+0000] {processor.py:840} INFO - DAG(s) 'example_short_circuit_decorator' retrieved from /home/denys/airflow_venv/lib/python3.12/site-packages/airflow/example_dags/example_short_circuit_decorator.py
[2024-05-08T13:39:34.141+0000] {logging_mixin.py:188} INFO - [2024-05-08T13:39:34.141+0000] {dag.py:3096} INFO - Sync 1 DAGs
[2024-05-08T13:39:34.151+0000] {logging_mixin.py:188} INFO - [2024-05-08T13:39:34.151+0000] {dag.py:3954} INFO - Setting next_dagrun for example_short_circuit_decorator to 2024-05-07 00:00:00+00:00, run_after=2024-05-08 00:00:00+00:00
[2024-05-08T13:39:34.232+0000] {processor.py:183} INFO - Processing /home/denys/airflow_venv/lib/python3.12/site-packages/airflow/example_dags/example_short_circuit_decorator.py took 0.112 seconds
[2024-05-08T13:40:21.893+0000] {processor.py:161} INFO - Started process (PID=3772) to work on /home/denys/airflow_venv/lib/python3.12/site-packages/airflow/example_dags/example_short_circuit_decorator.py
[2024-05-08T13:40:21.894+0000] {processor.py:830} INFO - Processing file /home/denys/airflow_venv/lib/python3.12/site-packages/airflow/example_dags/example_short_circuit_decorator.py for tasks to queue
[2024-05-08T13:40:21.896+0000] {logging_mixin.py:188} INFO - [2024-05-08T13:40:21.895+0000] {dagbag.py:545} INFO - Filling up the DagBag from /home/denys/airflow_venv/lib/python3.12/site-packages/airflow/example_dags/example_short_circuit_decorator.py
[2024-05-08T13:40:21.901+0000] {processor.py:840} INFO - DAG(s) 'example_short_circuit_decorator' retrieved from /home/denys/airflow_venv/lib/python3.12/site-packages/airflow/example_dags/example_short_circuit_decorator.py
[2024-05-08T13:40:21.910+0000] {logging_mixin.py:188} INFO - [2024-05-08T13:40:21.910+0000] {dag.py:3096} INFO - Sync 1 DAGs
[2024-05-08T13:40:21.922+0000] {logging_mixin.py:188} INFO - [2024-05-08T13:40:21.922+0000] {dag.py:3954} INFO - Setting next_dagrun for example_short_circuit_decorator to 2024-05-07 00:00:00+00:00, run_after=2024-05-08 00:00:00+00:00
[2024-05-08T13:40:21.942+0000] {processor.py:183} INFO - Processing /home/denys/airflow_venv/lib/python3.12/site-packages/airflow/example_dags/example_short_circuit_decorator.py took 0.052 seconds
[2024-05-08T13:41:10.484+0000] {processor.py:161} INFO - Started process (PID=3819) to work on /home/denys/airflow_venv/lib/python3.12/site-packages/airflow/example_dags/example_short_circuit_decorator.py
[2024-05-08T13:41:10.486+0000] {processor.py:830} INFO - Processing file /home/denys/airflow_venv/lib/python3.12/site-packages/airflow/example_dags/example_short_circuit_decorator.py for tasks to queue
[2024-05-08T13:41:10.487+0000] {logging_mixin.py:188} INFO - [2024-05-08T13:41:10.486+0000] {dagbag.py:545} INFO - Filling up the DagBag from /home/denys/airflow_venv/lib/python3.12/site-packages/airflow/example_dags/example_short_circuit_decorator.py
[2024-05-08T13:41:10.492+0000] {processor.py:840} INFO - DAG(s) 'example_short_circuit_decorator' retrieved from /home/denys/airflow_venv/lib/python3.12/site-packages/airflow/example_dags/example_short_circuit_decorator.py
[2024-05-08T13:41:10.502+0000] {logging_mixin.py:188} INFO - [2024-05-08T13:41:10.502+0000] {dag.py:3096} INFO - Sync 1 DAGs
[2024-05-08T13:41:10.572+0000] {logging_mixin.py:188} INFO - [2024-05-08T13:41:10.572+0000] {dag.py:3954} INFO - Setting next_dagrun for example_short_circuit_decorator to 2024-05-07 00:00:00+00:00, run_after=2024-05-08 00:00:00+00:00
[2024-05-08T13:41:10.596+0000] {processor.py:183} INFO - Processing /home/denys/airflow_venv/lib/python3.12/site-packages/airflow/example_dags/example_short_circuit_decorator.py took 0.116 seconds
[2024-05-08T13:41:55.304+0000] {processor.py:161} INFO - Started process (PID=3864) to work on /home/denys/airflow_venv/lib/python3.12/site-packages/airflow/example_dags/example_short_circuit_decorator.py
[2024-05-08T13:41:55.305+0000] {processor.py:830} INFO - Processing file /home/denys/airflow_venv/lib/python3.12/site-packages/airflow/example_dags/example_short_circuit_decorator.py for tasks to queue
[2024-05-08T13:41:55.307+0000] {logging_mixin.py:188} INFO - [2024-05-08T13:41:55.306+0000] {dagbag.py:545} INFO - Filling up the DagBag from /home/denys/airflow_venv/lib/python3.12/site-packages/airflow/example_dags/example_short_circuit_decorator.py
[2024-05-08T13:41:55.312+0000] {processor.py:840} INFO - DAG(s) 'example_short_circuit_decorator' retrieved from /home/denys/airflow_venv/lib/python3.12/site-packages/airflow/example_dags/example_short_circuit_decorator.py
[2024-05-08T13:41:55.324+0000] {logging_mixin.py:188} INFO - [2024-05-08T13:41:55.324+0000] {dag.py:3096} INFO - Sync 1 DAGs
[2024-05-08T13:41:55.336+0000] {logging_mixin.py:188} INFO - [2024-05-08T13:41:55.336+0000] {dag.py:3954} INFO - Setting next_dagrun for example_short_circuit_decorator to 2024-05-07 00:00:00+00:00, run_after=2024-05-08 00:00:00+00:00
[2024-05-08T13:41:55.354+0000] {processor.py:183} INFO - Processing /home/denys/airflow_venv/lib/python3.12/site-packages/airflow/example_dags/example_short_circuit_decorator.py took 0.054 seconds
[2024-05-08T13:42:39.157+0000] {processor.py:161} INFO - Started process (PID=3909) to work on /home/denys/airflow_venv/lib/python3.12/site-packages/airflow/example_dags/example_short_circuit_decorator.py
[2024-05-08T13:42:39.158+0000] {processor.py:830} INFO - Processing file /home/denys/airflow_venv/lib/python3.12/site-packages/airflow/example_dags/example_short_circuit_decorator.py for tasks to queue
[2024-05-08T13:42:39.159+0000] {logging_mixin.py:188} INFO - [2024-05-08T13:42:39.159+0000] {dagbag.py:545} INFO - Filling up the DagBag from /home/denys/airflow_venv/lib/python3.12/site-packages/airflow/example_dags/example_short_circuit_decorator.py
[2024-05-08T13:42:39.229+0000] {processor.py:840} INFO - DAG(s) 'example_short_circuit_decorator' retrieved from /home/denys/airflow_venv/lib/python3.12/site-packages/airflow/example_dags/example_short_circuit_decorator.py
[2024-05-08T13:42:39.236+0000] {logging_mixin.py:188} INFO - [2024-05-08T13:42:39.236+0000] {dag.py:3096} INFO - Sync 1 DAGs
[2024-05-08T13:42:39.244+0000] {logging_mixin.py:188} INFO - [2024-05-08T13:42:39.244+0000] {dag.py:3954} INFO - Setting next_dagrun for example_short_circuit_decorator to 2024-05-07 00:00:00+00:00, run_after=2024-05-08 00:00:00+00:00
[2024-05-08T13:42:39.261+0000] {processor.py:183} INFO - Processing /home/denys/airflow_venv/lib/python3.12/site-packages/airflow/example_dags/example_short_circuit_decorator.py took 0.108 seconds
