[2024-05-08T13:11:53.450+0000] {processor.py:161} INFO - Started process (PID=1870) to work on /home/denys/airflow_venv/lib/python3.12/site-packages/airflow/example_dags/example_python_operator.py
[2024-05-08T13:11:53.451+0000] {processor.py:830} INFO - Processing file /home/denys/airflow_venv/lib/python3.12/site-packages/airflow/example_dags/example_python_operator.py for tasks to queue
[2024-05-08T13:11:53.452+0000] {logging_mixin.py:188} INFO - [2024-05-08T13:11:53.451+0000] {dagbag.py:545} INFO - Filling up the DagBag from /home/denys/airflow_venv/lib/python3.12/site-packages/airflow/example_dags/example_python_operator.py
[2024-05-08T13:11:53.455+0000] {logging_mixin.py:188} INFO - [2024-05-08T13:11:53.455+0000] {example_python_operator.py:93} WARNING - The virtalenv_python example task requires virtualenv, please install it.
[2024-05-08T13:11:53.455+0000] {processor.py:840} INFO - DAG(s) 'example_python_operator' retrieved from /home/denys/airflow_venv/lib/python3.12/site-packages/airflow/example_dags/example_python_operator.py
[2024-05-08T13:11:53.524+0000] {logging_mixin.py:188} INFO - [2024-05-08T13:11:53.523+0000] {override.py:1829} INFO - Created Permission View: can delete on DAG:example_python_operator
[2024-05-08T13:11:53.533+0000] {logging_mixin.py:188} INFO - [2024-05-08T13:11:53.533+0000] {override.py:1829} INFO - Created Permission View: can edit on DAG:example_python_operator
[2024-05-08T13:11:53.540+0000] {logging_mixin.py:188} INFO - [2024-05-08T13:11:53.540+0000] {override.py:1829} INFO - Created Permission View: can read on DAG:example_python_operator
[2024-05-08T13:11:53.540+0000] {logging_mixin.py:188} INFO - [2024-05-08T13:11:53.540+0000] {dag.py:3096} INFO - Sync 1 DAGs
[2024-05-08T13:11:53.546+0000] {logging_mixin.py:188} INFO - [2024-05-08T13:11:53.545+0000] {dag.py:3118} INFO - Creating ORM DAG for example_python_operator
[2024-05-08T13:11:53.546+0000] {logging_mixin.py:188} INFO - [2024-05-08T13:11:53.546+0000] {dag.py:3954} INFO - Setting next_dagrun for example_python_operator to None, run_after=None
[2024-05-08T13:11:53.563+0000] {processor.py:183} INFO - Processing /home/denys/airflow_venv/lib/python3.12/site-packages/airflow/example_dags/example_python_operator.py took 0.117 seconds
[2024-05-08T13:12:47.869+0000] {processor.py:161} INFO - Started process (PID=1924) to work on /home/denys/airflow_venv/lib/python3.12/site-packages/airflow/example_dags/example_python_operator.py
[2024-05-08T13:12:47.871+0000] {processor.py:830} INFO - Processing file /home/denys/airflow_venv/lib/python3.12/site-packages/airflow/example_dags/example_python_operator.py for tasks to queue
[2024-05-08T13:12:47.872+0000] {logging_mixin.py:188} INFO - [2024-05-08T13:12:47.871+0000] {dagbag.py:545} INFO - Filling up the DagBag from /home/denys/airflow_venv/lib/python3.12/site-packages/airflow/example_dags/example_python_operator.py
[2024-05-08T13:12:47.875+0000] {logging_mixin.py:188} INFO - [2024-05-08T13:12:47.875+0000] {example_python_operator.py:93} WARNING - The virtalenv_python example task requires virtualenv, please install it.
[2024-05-08T13:12:47.876+0000] {processor.py:840} INFO - DAG(s) 'example_python_operator' retrieved from /home/denys/airflow_venv/lib/python3.12/site-packages/airflow/example_dags/example_python_operator.py
[2024-05-08T13:12:47.886+0000] {logging_mixin.py:188} INFO - [2024-05-08T13:12:47.885+0000] {dag.py:3096} INFO - Sync 1 DAGs
[2024-05-08T13:12:47.891+0000] {logging_mixin.py:188} INFO - [2024-05-08T13:12:47.891+0000] {dag.py:3954} INFO - Setting next_dagrun for example_python_operator to None, run_after=None
[2024-05-08T13:12:47.914+0000] {processor.py:183} INFO - Processing /home/denys/airflow_venv/lib/python3.12/site-packages/airflow/example_dags/example_python_operator.py took 0.048 seconds
[2024-05-08T13:13:39.444+0000] {processor.py:161} INFO - Started process (PID=1979) to work on /home/denys/airflow_venv/lib/python3.12/site-packages/airflow/example_dags/example_python_operator.py
[2024-05-08T13:13:39.446+0000] {processor.py:830} INFO - Processing file /home/denys/airflow_venv/lib/python3.12/site-packages/airflow/example_dags/example_python_operator.py for tasks to queue
[2024-05-08T13:13:39.447+0000] {logging_mixin.py:188} INFO - [2024-05-08T13:13:39.447+0000] {dagbag.py:545} INFO - Filling up the DagBag from /home/denys/airflow_venv/lib/python3.12/site-packages/airflow/example_dags/example_python_operator.py
[2024-05-08T13:13:39.451+0000] {logging_mixin.py:188} INFO - [2024-05-08T13:13:39.451+0000] {example_python_operator.py:93} WARNING - The virtalenv_python example task requires virtualenv, please install it.
[2024-05-08T13:13:39.451+0000] {processor.py:840} INFO - DAG(s) 'example_python_operator' retrieved from /home/denys/airflow_venv/lib/python3.12/site-packages/airflow/example_dags/example_python_operator.py
[2024-05-08T13:13:39.460+0000] {logging_mixin.py:188} INFO - [2024-05-08T13:13:39.460+0000] {dag.py:3096} INFO - Sync 1 DAGs
[2024-05-08T13:13:39.467+0000] {logging_mixin.py:188} INFO - [2024-05-08T13:13:39.467+0000] {dag.py:3954} INFO - Setting next_dagrun for example_python_operator to None, run_after=None
[2024-05-08T13:13:39.491+0000] {processor.py:183} INFO - Processing /home/denys/airflow_venv/lib/python3.12/site-packages/airflow/example_dags/example_python_operator.py took 0.050 seconds
[2024-05-08T13:14:23.692+0000] {processor.py:161} INFO - Started process (PID=2025) to work on /home/denys/airflow_venv/lib/python3.12/site-packages/airflow/example_dags/example_python_operator.py
[2024-05-08T13:14:23.695+0000] {processor.py:830} INFO - Processing file /home/denys/airflow_venv/lib/python3.12/site-packages/airflow/example_dags/example_python_operator.py for tasks to queue
[2024-05-08T13:14:23.696+0000] {logging_mixin.py:188} INFO - [2024-05-08T13:14:23.696+0000] {dagbag.py:545} INFO - Filling up the DagBag from /home/denys/airflow_venv/lib/python3.12/site-packages/airflow/example_dags/example_python_operator.py
[2024-05-08T13:14:23.701+0000] {logging_mixin.py:188} INFO - [2024-05-08T13:14:23.700+0000] {example_python_operator.py:93} WARNING - The virtalenv_python example task requires virtualenv, please install it.
[2024-05-08T13:14:23.701+0000] {processor.py:840} INFO - DAG(s) 'example_python_operator' retrieved from /home/denys/airflow_venv/lib/python3.12/site-packages/airflow/example_dags/example_python_operator.py
[2024-05-08T13:14:23.711+0000] {logging_mixin.py:188} INFO - [2024-05-08T13:14:23.711+0000] {dag.py:3096} INFO - Sync 1 DAGs
[2024-05-08T13:14:23.718+0000] {logging_mixin.py:188} INFO - [2024-05-08T13:14:23.718+0000] {dag.py:3954} INFO - Setting next_dagrun for example_python_operator to None, run_after=None
[2024-05-08T13:14:23.733+0000] {processor.py:183} INFO - Processing /home/denys/airflow_venv/lib/python3.12/site-packages/airflow/example_dags/example_python_operator.py took 0.044 seconds
[2024-05-08T13:15:06.051+0000] {processor.py:161} INFO - Started process (PID=2072) to work on /home/denys/airflow_venv/lib/python3.12/site-packages/airflow/example_dags/example_python_operator.py
[2024-05-08T13:15:06.052+0000] {processor.py:830} INFO - Processing file /home/denys/airflow_venv/lib/python3.12/site-packages/airflow/example_dags/example_python_operator.py for tasks to queue
[2024-05-08T13:15:06.053+0000] {logging_mixin.py:188} INFO - [2024-05-08T13:15:06.053+0000] {dagbag.py:545} INFO - Filling up the DagBag from /home/denys/airflow_venv/lib/python3.12/site-packages/airflow/example_dags/example_python_operator.py
[2024-05-08T13:15:06.057+0000] {logging_mixin.py:188} INFO - [2024-05-08T13:15:06.057+0000] {example_python_operator.py:93} WARNING - The virtalenv_python example task requires virtualenv, please install it.
[2024-05-08T13:15:06.058+0000] {processor.py:840} INFO - DAG(s) 'example_python_operator' retrieved from /home/denys/airflow_venv/lib/python3.12/site-packages/airflow/example_dags/example_python_operator.py
[2024-05-08T13:15:06.067+0000] {logging_mixin.py:188} INFO - [2024-05-08T13:15:06.067+0000] {dag.py:3096} INFO - Sync 1 DAGs
[2024-05-08T13:15:06.073+0000] {logging_mixin.py:188} INFO - [2024-05-08T13:15:06.073+0000] {dag.py:3954} INFO - Setting next_dagrun for example_python_operator to None, run_after=None
[2024-05-08T13:15:06.097+0000] {processor.py:183} INFO - Processing /home/denys/airflow_venv/lib/python3.12/site-packages/airflow/example_dags/example_python_operator.py took 0.049 seconds
[2024-05-08T13:15:49.359+0000] {processor.py:161} INFO - Started process (PID=2115) to work on /home/denys/airflow_venv/lib/python3.12/site-packages/airflow/example_dags/example_python_operator.py
[2024-05-08T13:15:49.360+0000] {processor.py:830} INFO - Processing file /home/denys/airflow_venv/lib/python3.12/site-packages/airflow/example_dags/example_python_operator.py for tasks to queue
[2024-05-08T13:15:49.361+0000] {logging_mixin.py:188} INFO - [2024-05-08T13:15:49.361+0000] {dagbag.py:545} INFO - Filling up the DagBag from /home/denys/airflow_venv/lib/python3.12/site-packages/airflow/example_dags/example_python_operator.py
[2024-05-08T13:15:49.365+0000] {logging_mixin.py:188} INFO - [2024-05-08T13:15:49.365+0000] {example_python_operator.py:93} WARNING - The virtalenv_python example task requires virtualenv, please install it.
[2024-05-08T13:15:49.366+0000] {processor.py:840} INFO - DAG(s) 'example_python_operator' retrieved from /home/denys/airflow_venv/lib/python3.12/site-packages/airflow/example_dags/example_python_operator.py
[2024-05-08T13:15:49.376+0000] {logging_mixin.py:188} INFO - [2024-05-08T13:15:49.376+0000] {dag.py:3096} INFO - Sync 1 DAGs
[2024-05-08T13:15:49.382+0000] {logging_mixin.py:188} INFO - [2024-05-08T13:15:49.382+0000] {dag.py:3954} INFO - Setting next_dagrun for example_python_operator to None, run_after=None
[2024-05-08T13:15:49.401+0000] {processor.py:183} INFO - Processing /home/denys/airflow_venv/lib/python3.12/site-packages/airflow/example_dags/example_python_operator.py took 0.045 seconds
[2024-05-08T13:16:31.608+0000] {processor.py:161} INFO - Started process (PID=2159) to work on /home/denys/airflow_venv/lib/python3.12/site-packages/airflow/example_dags/example_python_operator.py
[2024-05-08T13:16:31.609+0000] {processor.py:830} INFO - Processing file /home/denys/airflow_venv/lib/python3.12/site-packages/airflow/example_dags/example_python_operator.py for tasks to queue
[2024-05-08T13:16:31.611+0000] {logging_mixin.py:188} INFO - [2024-05-08T13:16:31.610+0000] {dagbag.py:545} INFO - Filling up the DagBag from /home/denys/airflow_venv/lib/python3.12/site-packages/airflow/example_dags/example_python_operator.py
[2024-05-08T13:16:31.616+0000] {logging_mixin.py:188} INFO - [2024-05-08T13:16:31.616+0000] {example_python_operator.py:93} WARNING - The virtalenv_python example task requires virtualenv, please install it.
[2024-05-08T13:16:31.617+0000] {processor.py:840} INFO - DAG(s) 'example_python_operator' retrieved from /home/denys/airflow_venv/lib/python3.12/site-packages/airflow/example_dags/example_python_operator.py
[2024-05-08T13:16:31.628+0000] {logging_mixin.py:188} INFO - [2024-05-08T13:16:31.628+0000] {dag.py:3096} INFO - Sync 1 DAGs
[2024-05-08T13:16:31.635+0000] {logging_mixin.py:188} INFO - [2024-05-08T13:16:31.635+0000] {dag.py:3954} INFO - Setting next_dagrun for example_python_operator to None, run_after=None
[2024-05-08T13:16:31.660+0000] {processor.py:183} INFO - Processing /home/denys/airflow_venv/lib/python3.12/site-packages/airflow/example_dags/example_python_operator.py took 0.056 seconds
[2024-05-08T13:17:13.864+0000] {processor.py:161} INFO - Started process (PID=2205) to work on /home/denys/airflow_venv/lib/python3.12/site-packages/airflow/example_dags/example_python_operator.py
[2024-05-08T13:17:13.865+0000] {processor.py:830} INFO - Processing file /home/denys/airflow_venv/lib/python3.12/site-packages/airflow/example_dags/example_python_operator.py for tasks to queue
[2024-05-08T13:17:13.867+0000] {logging_mixin.py:188} INFO - [2024-05-08T13:17:13.866+0000] {dagbag.py:545} INFO - Filling up the DagBag from /home/denys/airflow_venv/lib/python3.12/site-packages/airflow/example_dags/example_python_operator.py
[2024-05-08T13:17:13.871+0000] {logging_mixin.py:188} INFO - [2024-05-08T13:17:13.871+0000] {example_python_operator.py:93} WARNING - The virtalenv_python example task requires virtualenv, please install it.
[2024-05-08T13:17:13.871+0000] {processor.py:840} INFO - DAG(s) 'example_python_operator' retrieved from /home/denys/airflow_venv/lib/python3.12/site-packages/airflow/example_dags/example_python_operator.py
[2024-05-08T13:17:13.881+0000] {logging_mixin.py:188} INFO - [2024-05-08T13:17:13.880+0000] {dag.py:3096} INFO - Sync 1 DAGs
[2024-05-08T13:17:13.887+0000] {logging_mixin.py:188} INFO - [2024-05-08T13:17:13.887+0000] {dag.py:3954} INFO - Setting next_dagrun for example_python_operator to None, run_after=None
[2024-05-08T13:17:13.909+0000] {processor.py:183} INFO - Processing /home/denys/airflow_venv/lib/python3.12/site-packages/airflow/example_dags/example_python_operator.py took 0.049 seconds
[2024-05-08T13:17:56.904+0000] {processor.py:161} INFO - Started process (PID=2252) to work on /home/denys/airflow_venv/lib/python3.12/site-packages/airflow/example_dags/example_python_operator.py
[2024-05-08T13:17:56.905+0000] {processor.py:830} INFO - Processing file /home/denys/airflow_venv/lib/python3.12/site-packages/airflow/example_dags/example_python_operator.py for tasks to queue
[2024-05-08T13:17:56.907+0000] {logging_mixin.py:188} INFO - [2024-05-08T13:17:56.907+0000] {dagbag.py:545} INFO - Filling up the DagBag from /home/denys/airflow_venv/lib/python3.12/site-packages/airflow/example_dags/example_python_operator.py
[2024-05-08T13:17:56.911+0000] {logging_mixin.py:188} INFO - [2024-05-08T13:17:56.911+0000] {example_python_operator.py:93} WARNING - The virtalenv_python example task requires virtualenv, please install it.
[2024-05-08T13:17:56.911+0000] {processor.py:840} INFO - DAG(s) 'example_python_operator' retrieved from /home/denys/airflow_venv/lib/python3.12/site-packages/airflow/example_dags/example_python_operator.py
[2024-05-08T13:17:56.921+0000] {logging_mixin.py:188} INFO - [2024-05-08T13:17:56.921+0000] {dag.py:3096} INFO - Sync 1 DAGs
[2024-05-08T13:17:56.927+0000] {logging_mixin.py:188} INFO - [2024-05-08T13:17:56.927+0000] {dag.py:3954} INFO - Setting next_dagrun for example_python_operator to None, run_after=None
[2024-05-08T13:17:56.950+0000] {processor.py:183} INFO - Processing /home/denys/airflow_venv/lib/python3.12/site-packages/airflow/example_dags/example_python_operator.py took 0.049 seconds
[2024-05-08T13:19:23.565+0000] {processor.py:161} INFO - Started process (PID=2326) to work on /home/denys/airflow_venv/lib/python3.12/site-packages/airflow/example_dags/example_python_operator.py
[2024-05-08T13:19:23.568+0000] {processor.py:830} INFO - Processing file /home/denys/airflow_venv/lib/python3.12/site-packages/airflow/example_dags/example_python_operator.py for tasks to queue
[2024-05-08T13:19:23.569+0000] {logging_mixin.py:188} INFO - [2024-05-08T13:19:23.569+0000] {dagbag.py:545} INFO - Filling up the DagBag from /home/denys/airflow_venv/lib/python3.12/site-packages/airflow/example_dags/example_python_operator.py
[2024-05-08T13:19:23.573+0000] {logging_mixin.py:188} INFO - [2024-05-08T13:19:23.573+0000] {example_python_operator.py:93} WARNING - The virtalenv_python example task requires virtualenv, please install it.
[2024-05-08T13:19:23.573+0000] {processor.py:840} INFO - DAG(s) 'example_python_operator' retrieved from /home/denys/airflow_venv/lib/python3.12/site-packages/airflow/example_dags/example_python_operator.py
[2024-05-08T13:19:23.579+0000] {logging_mixin.py:188} INFO - [2024-05-08T13:19:23.578+0000] {dag.py:3096} INFO - Sync 1 DAGs
[2024-05-08T13:19:23.588+0000] {logging_mixin.py:188} INFO - [2024-05-08T13:19:23.588+0000] {dag.py:3954} INFO - Setting next_dagrun for example_python_operator to None, run_after=None
[2024-05-08T13:19:23.606+0000] {processor.py:183} INFO - Processing /home/denys/airflow_venv/lib/python3.12/site-packages/airflow/example_dags/example_python_operator.py took 0.045 seconds
[2024-05-08T13:20:15.365+0000] {processor.py:161} INFO - Started process (PID=2383) to work on /home/denys/airflow_venv/lib/python3.12/site-packages/airflow/example_dags/example_python_operator.py
[2024-05-08T13:20:15.366+0000] {processor.py:830} INFO - Processing file /home/denys/airflow_venv/lib/python3.12/site-packages/airflow/example_dags/example_python_operator.py for tasks to queue
[2024-05-08T13:20:15.368+0000] {logging_mixin.py:188} INFO - [2024-05-08T13:20:15.367+0000] {dagbag.py:545} INFO - Filling up the DagBag from /home/denys/airflow_venv/lib/python3.12/site-packages/airflow/example_dags/example_python_operator.py
[2024-05-08T13:20:15.372+0000] {logging_mixin.py:188} INFO - [2024-05-08T13:20:15.371+0000] {example_python_operator.py:93} WARNING - The virtalenv_python example task requires virtualenv, please install it.
[2024-05-08T13:20:15.372+0000] {processor.py:840} INFO - DAG(s) 'example_python_operator' retrieved from /home/denys/airflow_venv/lib/python3.12/site-packages/airflow/example_dags/example_python_operator.py
[2024-05-08T13:20:15.422+0000] {logging_mixin.py:188} INFO - [2024-05-08T13:20:15.422+0000] {dag.py:3096} INFO - Sync 1 DAGs
[2024-05-08T13:20:15.427+0000] {logging_mixin.py:188} INFO - [2024-05-08T13:20:15.426+0000] {dag.py:3954} INFO - Setting next_dagrun for example_python_operator to None, run_after=None
[2024-05-08T13:20:15.450+0000] {processor.py:183} INFO - Processing /home/denys/airflow_venv/lib/python3.12/site-packages/airflow/example_dags/example_python_operator.py took 0.088 seconds
[2024-05-08T13:21:04.874+0000] {processor.py:161} INFO - Started process (PID=2435) to work on /home/denys/airflow_venv/lib/python3.12/site-packages/airflow/example_dags/example_python_operator.py
[2024-05-08T13:21:04.875+0000] {processor.py:830} INFO - Processing file /home/denys/airflow_venv/lib/python3.12/site-packages/airflow/example_dags/example_python_operator.py for tasks to queue
[2024-05-08T13:21:04.876+0000] {logging_mixin.py:188} INFO - [2024-05-08T13:21:04.876+0000] {dagbag.py:545} INFO - Filling up the DagBag from /home/denys/airflow_venv/lib/python3.12/site-packages/airflow/example_dags/example_python_operator.py
[2024-05-08T13:21:04.881+0000] {logging_mixin.py:188} INFO - [2024-05-08T13:21:04.881+0000] {example_python_operator.py:93} WARNING - The virtalenv_python example task requires virtualenv, please install it.
[2024-05-08T13:21:04.881+0000] {processor.py:840} INFO - DAG(s) 'example_python_operator' retrieved from /home/denys/airflow_venv/lib/python3.12/site-packages/airflow/example_dags/example_python_operator.py
[2024-05-08T13:21:04.891+0000] {logging_mixin.py:188} INFO - [2024-05-08T13:21:04.891+0000] {dag.py:3096} INFO - Sync 1 DAGs
[2024-05-08T13:21:04.898+0000] {logging_mixin.py:188} INFO - [2024-05-08T13:21:04.898+0000] {dag.py:3954} INFO - Setting next_dagrun for example_python_operator to None, run_after=None
[2024-05-08T13:21:04.920+0000] {processor.py:183} INFO - Processing /home/denys/airflow_venv/lib/python3.12/site-packages/airflow/example_dags/example_python_operator.py took 0.050 seconds
[2024-05-08T13:21:48.649+0000] {processor.py:161} INFO - Started process (PID=2477) to work on /home/denys/airflow_venv/lib/python3.12/site-packages/airflow/example_dags/example_python_operator.py
[2024-05-08T13:21:48.651+0000] {processor.py:830} INFO - Processing file /home/denys/airflow_venv/lib/python3.12/site-packages/airflow/example_dags/example_python_operator.py for tasks to queue
[2024-05-08T13:21:48.652+0000] {logging_mixin.py:188} INFO - [2024-05-08T13:21:48.652+0000] {dagbag.py:545} INFO - Filling up the DagBag from /home/denys/airflow_venv/lib/python3.12/site-packages/airflow/example_dags/example_python_operator.py
[2024-05-08T13:21:48.655+0000] {logging_mixin.py:188} INFO - [2024-05-08T13:21:48.655+0000] {example_python_operator.py:93} WARNING - The virtalenv_python example task requires virtualenv, please install it.
[2024-05-08T13:21:48.656+0000] {processor.py:840} INFO - DAG(s) 'example_python_operator' retrieved from /home/denys/airflow_venv/lib/python3.12/site-packages/airflow/example_dags/example_python_operator.py
[2024-05-08T13:21:48.667+0000] {logging_mixin.py:188} INFO - [2024-05-08T13:21:48.666+0000] {dag.py:3096} INFO - Sync 1 DAGs
[2024-05-08T13:21:48.672+0000] {logging_mixin.py:188} INFO - [2024-05-08T13:21:48.672+0000] {dag.py:3954} INFO - Setting next_dagrun for example_python_operator to None, run_after=None
[2024-05-08T13:21:48.695+0000] {processor.py:183} INFO - Processing /home/denys/airflow_venv/lib/python3.12/site-packages/airflow/example_dags/example_python_operator.py took 0.049 seconds
[2024-05-08T13:22:32.636+0000] {processor.py:161} INFO - Started process (PID=2523) to work on /home/denys/airflow_venv/lib/python3.12/site-packages/airflow/example_dags/example_python_operator.py
[2024-05-08T13:22:32.637+0000] {processor.py:830} INFO - Processing file /home/denys/airflow_venv/lib/python3.12/site-packages/airflow/example_dags/example_python_operator.py for tasks to queue
[2024-05-08T13:22:32.638+0000] {logging_mixin.py:188} INFO - [2024-05-08T13:22:32.637+0000] {dagbag.py:545} INFO - Filling up the DagBag from /home/denys/airflow_venv/lib/python3.12/site-packages/airflow/example_dags/example_python_operator.py
[2024-05-08T13:22:32.642+0000] {logging_mixin.py:188} INFO - [2024-05-08T13:22:32.642+0000] {example_python_operator.py:93} WARNING - The virtalenv_python example task requires virtualenv, please install it.
[2024-05-08T13:22:32.642+0000] {processor.py:840} INFO - DAG(s) 'example_python_operator' retrieved from /home/denys/airflow_venv/lib/python3.12/site-packages/airflow/example_dags/example_python_operator.py
[2024-05-08T13:22:32.653+0000] {logging_mixin.py:188} INFO - [2024-05-08T13:22:32.653+0000] {dag.py:3096} INFO - Sync 1 DAGs
[2024-05-08T13:22:32.660+0000] {logging_mixin.py:188} INFO - [2024-05-08T13:22:32.660+0000] {dag.py:3954} INFO - Setting next_dagrun for example_python_operator to None, run_after=None
[2024-05-08T13:22:32.683+0000] {processor.py:183} INFO - Processing /home/denys/airflow_venv/lib/python3.12/site-packages/airflow/example_dags/example_python_operator.py took 0.051 seconds
[2024-05-08T13:23:13.918+0000] {processor.py:161} INFO - Started process (PID=2568) to work on /home/denys/airflow_venv/lib/python3.12/site-packages/airflow/example_dags/example_python_operator.py
[2024-05-08T13:23:13.920+0000] {processor.py:830} INFO - Processing file /home/denys/airflow_venv/lib/python3.12/site-packages/airflow/example_dags/example_python_operator.py for tasks to queue
[2024-05-08T13:23:13.921+0000] {logging_mixin.py:188} INFO - [2024-05-08T13:23:13.920+0000] {dagbag.py:545} INFO - Filling up the DagBag from /home/denys/airflow_venv/lib/python3.12/site-packages/airflow/example_dags/example_python_operator.py
[2024-05-08T13:23:13.925+0000] {logging_mixin.py:188} INFO - [2024-05-08T13:23:13.925+0000] {example_python_operator.py:93} WARNING - The virtalenv_python example task requires virtualenv, please install it.
[2024-05-08T13:23:13.925+0000] {processor.py:840} INFO - DAG(s) 'example_python_operator' retrieved from /home/denys/airflow_venv/lib/python3.12/site-packages/airflow/example_dags/example_python_operator.py
[2024-05-08T13:23:13.936+0000] {logging_mixin.py:188} INFO - [2024-05-08T13:23:13.936+0000] {dag.py:3096} INFO - Sync 1 DAGs
[2024-05-08T13:23:13.943+0000] {logging_mixin.py:188} INFO - [2024-05-08T13:23:13.943+0000] {dag.py:3954} INFO - Setting next_dagrun for example_python_operator to None, run_after=None
[2024-05-08T13:23:13.967+0000] {processor.py:183} INFO - Processing /home/denys/airflow_venv/lib/python3.12/site-packages/airflow/example_dags/example_python_operator.py took 0.052 seconds
[2024-05-08T13:23:55.074+0000] {processor.py:161} INFO - Started process (PID=2679) to work on /home/denys/airflow_venv/lib/python3.12/site-packages/airflow/example_dags/example_python_operator.py
[2024-05-08T13:23:55.075+0000] {processor.py:830} INFO - Processing file /home/denys/airflow_venv/lib/python3.12/site-packages/airflow/example_dags/example_python_operator.py for tasks to queue
[2024-05-08T13:23:55.076+0000] {logging_mixin.py:188} INFO - [2024-05-08T13:23:55.076+0000] {dagbag.py:545} INFO - Filling up the DagBag from /home/denys/airflow_venv/lib/python3.12/site-packages/airflow/example_dags/example_python_operator.py
[2024-05-08T13:23:55.080+0000] {logging_mixin.py:188} INFO - [2024-05-08T13:23:55.080+0000] {example_python_operator.py:93} WARNING - The virtalenv_python example task requires virtualenv, please install it.
[2024-05-08T13:23:55.080+0000] {processor.py:840} INFO - DAG(s) 'example_python_operator' retrieved from /home/denys/airflow_venv/lib/python3.12/site-packages/airflow/example_dags/example_python_operator.py
[2024-05-08T13:23:55.091+0000] {logging_mixin.py:188} INFO - [2024-05-08T13:23:55.091+0000] {dag.py:3096} INFO - Sync 1 DAGs
[2024-05-08T13:23:55.099+0000] {logging_mixin.py:188} INFO - [2024-05-08T13:23:55.099+0000] {dag.py:3954} INFO - Setting next_dagrun for example_python_operator to None, run_after=None
[2024-05-08T13:23:55.114+0000] {processor.py:183} INFO - Processing /home/denys/airflow_venv/lib/python3.12/site-packages/airflow/example_dags/example_python_operator.py took 0.044 seconds
[2024-05-08T13:24:35.615+0000] {processor.py:161} INFO - Started process (PID=2726) to work on /home/denys/airflow_venv/lib/python3.12/site-packages/airflow/example_dags/example_python_operator.py
[2024-05-08T13:24:35.617+0000] {processor.py:830} INFO - Processing file /home/denys/airflow_venv/lib/python3.12/site-packages/airflow/example_dags/example_python_operator.py for tasks to queue
[2024-05-08T13:24:35.618+0000] {logging_mixin.py:188} INFO - [2024-05-08T13:24:35.617+0000] {dagbag.py:545} INFO - Filling up the DagBag from /home/denys/airflow_venv/lib/python3.12/site-packages/airflow/example_dags/example_python_operator.py
[2024-05-08T13:24:35.621+0000] {logging_mixin.py:188} INFO - [2024-05-08T13:24:35.621+0000] {example_python_operator.py:93} WARNING - The virtalenv_python example task requires virtualenv, please install it.
[2024-05-08T13:24:35.622+0000] {processor.py:840} INFO - DAG(s) 'example_python_operator' retrieved from /home/denys/airflow_venv/lib/python3.12/site-packages/airflow/example_dags/example_python_operator.py
[2024-05-08T13:24:35.631+0000] {logging_mixin.py:188} INFO - [2024-05-08T13:24:35.631+0000] {dag.py:3096} INFO - Sync 1 DAGs
[2024-05-08T13:24:35.638+0000] {logging_mixin.py:188} INFO - [2024-05-08T13:24:35.638+0000] {dag.py:3954} INFO - Setting next_dagrun for example_python_operator to None, run_after=None
[2024-05-08T13:24:35.661+0000] {processor.py:183} INFO - Processing /home/denys/airflow_venv/lib/python3.12/site-packages/airflow/example_dags/example_python_operator.py took 0.049 seconds
[2024-05-08T13:25:15.967+0000] {processor.py:161} INFO - Started process (PID=2774) to work on /home/denys/airflow_venv/lib/python3.12/site-packages/airflow/example_dags/example_python_operator.py
[2024-05-08T13:25:15.975+0000] {processor.py:830} INFO - Processing file /home/denys/airflow_venv/lib/python3.12/site-packages/airflow/example_dags/example_python_operator.py for tasks to queue
[2024-05-08T13:25:15.976+0000] {logging_mixin.py:188} INFO - [2024-05-08T13:25:15.975+0000] {dagbag.py:545} INFO - Filling up the DagBag from /home/denys/airflow_venv/lib/python3.12/site-packages/airflow/example_dags/example_python_operator.py
[2024-05-08T13:25:15.979+0000] {logging_mixin.py:188} INFO - [2024-05-08T13:25:15.979+0000] {example_python_operator.py:93} WARNING - The virtalenv_python example task requires virtualenv, please install it.
[2024-05-08T13:25:15.979+0000] {processor.py:840} INFO - DAG(s) 'example_python_operator' retrieved from /home/denys/airflow_venv/lib/python3.12/site-packages/airflow/example_dags/example_python_operator.py
[2024-05-08T13:25:15.989+0000] {logging_mixin.py:188} INFO - [2024-05-08T13:25:15.989+0000] {dag.py:3096} INFO - Sync 1 DAGs
[2024-05-08T13:25:15.995+0000] {logging_mixin.py:188} INFO - [2024-05-08T13:25:15.995+0000] {dag.py:3954} INFO - Setting next_dagrun for example_python_operator to None, run_after=None
[2024-05-08T13:25:16.012+0000] {processor.py:183} INFO - Processing /home/denys/airflow_venv/lib/python3.12/site-packages/airflow/example_dags/example_python_operator.py took 0.048 seconds
[2024-05-08T13:25:56.300+0000] {processor.py:161} INFO - Started process (PID=2816) to work on /home/denys/airflow_venv/lib/python3.12/site-packages/airflow/example_dags/example_python_operator.py
[2024-05-08T13:25:56.303+0000] {processor.py:830} INFO - Processing file /home/denys/airflow_venv/lib/python3.12/site-packages/airflow/example_dags/example_python_operator.py for tasks to queue
[2024-05-08T13:25:56.304+0000] {logging_mixin.py:188} INFO - [2024-05-08T13:25:56.304+0000] {dagbag.py:545} INFO - Filling up the DagBag from /home/denys/airflow_venv/lib/python3.12/site-packages/airflow/example_dags/example_python_operator.py
[2024-05-08T13:25:56.309+0000] {logging_mixin.py:188} INFO - [2024-05-08T13:25:56.309+0000] {example_python_operator.py:93} WARNING - The virtalenv_python example task requires virtualenv, please install it.
[2024-05-08T13:25:56.309+0000] {processor.py:840} INFO - DAG(s) 'example_python_operator' retrieved from /home/denys/airflow_venv/lib/python3.12/site-packages/airflow/example_dags/example_python_operator.py
[2024-05-08T13:25:56.320+0000] {logging_mixin.py:188} INFO - [2024-05-08T13:25:56.320+0000] {dag.py:3096} INFO - Sync 1 DAGs
[2024-05-08T13:25:56.327+0000] {logging_mixin.py:188} INFO - [2024-05-08T13:25:56.326+0000] {dag.py:3954} INFO - Setting next_dagrun for example_python_operator to None, run_after=None
[2024-05-08T13:25:56.347+0000] {processor.py:183} INFO - Processing /home/denys/airflow_venv/lib/python3.12/site-packages/airflow/example_dags/example_python_operator.py took 0.051 seconds
[2024-05-08T13:26:38.338+0000] {processor.py:161} INFO - Started process (PID=2858) to work on /home/denys/airflow_venv/lib/python3.12/site-packages/airflow/example_dags/example_python_operator.py
[2024-05-08T13:26:38.340+0000] {processor.py:830} INFO - Processing file /home/denys/airflow_venv/lib/python3.12/site-packages/airflow/example_dags/example_python_operator.py for tasks to queue
[2024-05-08T13:26:38.341+0000] {logging_mixin.py:188} INFO - [2024-05-08T13:26:38.341+0000] {dagbag.py:545} INFO - Filling up the DagBag from /home/denys/airflow_venv/lib/python3.12/site-packages/airflow/example_dags/example_python_operator.py
[2024-05-08T13:26:38.344+0000] {logging_mixin.py:188} INFO - [2024-05-08T13:26:38.344+0000] {example_python_operator.py:93} WARNING - The virtalenv_python example task requires virtualenv, please install it.
[2024-05-08T13:26:38.345+0000] {processor.py:840} INFO - DAG(s) 'example_python_operator' retrieved from /home/denys/airflow_venv/lib/python3.12/site-packages/airflow/example_dags/example_python_operator.py
[2024-05-08T13:26:38.354+0000] {logging_mixin.py:188} INFO - [2024-05-08T13:26:38.354+0000] {dag.py:3096} INFO - Sync 1 DAGs
[2024-05-08T13:26:38.361+0000] {logging_mixin.py:188} INFO - [2024-05-08T13:26:38.361+0000] {dag.py:3954} INFO - Setting next_dagrun for example_python_operator to None, run_after=None
[2024-05-08T13:26:38.379+0000] {processor.py:183} INFO - Processing /home/denys/airflow_venv/lib/python3.12/site-packages/airflow/example_dags/example_python_operator.py took 0.044 seconds
[2024-05-08T13:27:21.894+0000] {processor.py:161} INFO - Started process (PID=2903) to work on /home/denys/airflow_venv/lib/python3.12/site-packages/airflow/example_dags/example_python_operator.py
[2024-05-08T13:27:21.901+0000] {processor.py:830} INFO - Processing file /home/denys/airflow_venv/lib/python3.12/site-packages/airflow/example_dags/example_python_operator.py for tasks to queue
[2024-05-08T13:27:21.902+0000] {logging_mixin.py:188} INFO - [2024-05-08T13:27:21.902+0000] {dagbag.py:545} INFO - Filling up the DagBag from /home/denys/airflow_venv/lib/python3.12/site-packages/airflow/example_dags/example_python_operator.py
[2024-05-08T13:27:21.906+0000] {logging_mixin.py:188} INFO - [2024-05-08T13:27:21.905+0000] {example_python_operator.py:93} WARNING - The virtalenv_python example task requires virtualenv, please install it.
[2024-05-08T13:27:21.906+0000] {processor.py:840} INFO - DAG(s) 'example_python_operator' retrieved from /home/denys/airflow_venv/lib/python3.12/site-packages/airflow/example_dags/example_python_operator.py
[2024-05-08T13:27:21.916+0000] {logging_mixin.py:188} INFO - [2024-05-08T13:27:21.916+0000] {dag.py:3096} INFO - Sync 1 DAGs
[2024-05-08T13:27:21.922+0000] {logging_mixin.py:188} INFO - [2024-05-08T13:27:21.922+0000] {dag.py:3954} INFO - Setting next_dagrun for example_python_operator to None, run_after=None
[2024-05-08T13:27:21.937+0000] {processor.py:183} INFO - Processing /home/denys/airflow_venv/lib/python3.12/site-packages/airflow/example_dags/example_python_operator.py took 0.047 seconds
[2024-05-08T13:28:05.309+0000] {processor.py:161} INFO - Started process (PID=2948) to work on /home/denys/airflow_venv/lib/python3.12/site-packages/airflow/example_dags/example_python_operator.py
[2024-05-08T13:28:05.310+0000] {processor.py:830} INFO - Processing file /home/denys/airflow_venv/lib/python3.12/site-packages/airflow/example_dags/example_python_operator.py for tasks to queue
[2024-05-08T13:28:05.311+0000] {logging_mixin.py:188} INFO - [2024-05-08T13:28:05.311+0000] {dagbag.py:545} INFO - Filling up the DagBag from /home/denys/airflow_venv/lib/python3.12/site-packages/airflow/example_dags/example_python_operator.py
[2024-05-08T13:28:05.315+0000] {logging_mixin.py:188} INFO - [2024-05-08T13:28:05.315+0000] {example_python_operator.py:93} WARNING - The virtalenv_python example task requires virtualenv, please install it.
[2024-05-08T13:28:05.316+0000] {processor.py:840} INFO - DAG(s) 'example_python_operator' retrieved from /home/denys/airflow_venv/lib/python3.12/site-packages/airflow/example_dags/example_python_operator.py
[2024-05-08T13:28:05.325+0000] {logging_mixin.py:188} INFO - [2024-05-08T13:28:05.325+0000] {dag.py:3096} INFO - Sync 1 DAGs
[2024-05-08T13:28:05.331+0000] {logging_mixin.py:188} INFO - [2024-05-08T13:28:05.331+0000] {dag.py:3954} INFO - Setting next_dagrun for example_python_operator to None, run_after=None
[2024-05-08T13:28:05.351+0000] {processor.py:183} INFO - Processing /home/denys/airflow_venv/lib/python3.12/site-packages/airflow/example_dags/example_python_operator.py took 0.046 seconds
[2024-05-08T13:28:48.562+0000] {processor.py:161} INFO - Started process (PID=2993) to work on /home/denys/airflow_venv/lib/python3.12/site-packages/airflow/example_dags/example_python_operator.py
[2024-05-08T13:28:48.565+0000] {processor.py:830} INFO - Processing file /home/denys/airflow_venv/lib/python3.12/site-packages/airflow/example_dags/example_python_operator.py for tasks to queue
[2024-05-08T13:28:48.566+0000] {logging_mixin.py:188} INFO - [2024-05-08T13:28:48.566+0000] {dagbag.py:545} INFO - Filling up the DagBag from /home/denys/airflow_venv/lib/python3.12/site-packages/airflow/example_dags/example_python_operator.py
[2024-05-08T13:28:48.570+0000] {logging_mixin.py:188} INFO - [2024-05-08T13:28:48.570+0000] {example_python_operator.py:93} WARNING - The virtalenv_python example task requires virtualenv, please install it.
[2024-05-08T13:28:48.570+0000] {processor.py:840} INFO - DAG(s) 'example_python_operator' retrieved from /home/denys/airflow_venv/lib/python3.12/site-packages/airflow/example_dags/example_python_operator.py
[2024-05-08T13:28:48.579+0000] {logging_mixin.py:188} INFO - [2024-05-08T13:28:48.579+0000] {dag.py:3096} INFO - Sync 1 DAGs
[2024-05-08T13:28:48.586+0000] {logging_mixin.py:188} INFO - [2024-05-08T13:28:48.585+0000] {dag.py:3954} INFO - Setting next_dagrun for example_python_operator to None, run_after=None
[2024-05-08T13:28:48.605+0000] {processor.py:183} INFO - Processing /home/denys/airflow_venv/lib/python3.12/site-packages/airflow/example_dags/example_python_operator.py took 0.046 seconds
[2024-05-08T13:29:27.119+0000] {processor.py:161} INFO - Started process (PID=3091) to work on /home/denys/airflow_venv/lib/python3.12/site-packages/airflow/example_dags/example_python_operator.py
[2024-05-08T13:29:27.121+0000] {processor.py:830} INFO - Processing file /home/denys/airflow_venv/lib/python3.12/site-packages/airflow/example_dags/example_python_operator.py for tasks to queue
[2024-05-08T13:29:27.122+0000] {logging_mixin.py:188} INFO - [2024-05-08T13:29:27.121+0000] {dagbag.py:545} INFO - Filling up the DagBag from /home/denys/airflow_venv/lib/python3.12/site-packages/airflow/example_dags/example_python_operator.py
[2024-05-08T13:29:27.126+0000] {logging_mixin.py:188} INFO - [2024-05-08T13:29:27.126+0000] {example_python_operator.py:93} WARNING - The virtalenv_python example task requires virtualenv, please install it.
[2024-05-08T13:29:27.126+0000] {processor.py:840} INFO - DAG(s) 'example_python_operator' retrieved from /home/denys/airflow_venv/lib/python3.12/site-packages/airflow/example_dags/example_python_operator.py
[2024-05-08T13:29:27.136+0000] {logging_mixin.py:188} INFO - [2024-05-08T13:29:27.136+0000] {dag.py:3096} INFO - Sync 1 DAGs
[2024-05-08T13:29:27.142+0000] {logging_mixin.py:188} INFO - [2024-05-08T13:29:27.142+0000] {dag.py:3954} INFO - Setting next_dagrun for example_python_operator to None, run_after=None
[2024-05-08T13:29:27.163+0000] {processor.py:183} INFO - Processing /home/denys/airflow_venv/lib/python3.12/site-packages/airflow/example_dags/example_python_operator.py took 0.047 seconds
[2024-05-08T13:30:06.930+0000] {processor.py:161} INFO - Started process (PID=3131) to work on /home/denys/airflow_venv/lib/python3.12/site-packages/airflow/example_dags/example_python_operator.py
[2024-05-08T13:30:06.931+0000] {processor.py:830} INFO - Processing file /home/denys/airflow_venv/lib/python3.12/site-packages/airflow/example_dags/example_python_operator.py for tasks to queue
[2024-05-08T13:30:06.932+0000] {logging_mixin.py:188} INFO - [2024-05-08T13:30:06.932+0000] {dagbag.py:545} INFO - Filling up the DagBag from /home/denys/airflow_venv/lib/python3.12/site-packages/airflow/example_dags/example_python_operator.py
[2024-05-08T13:30:06.936+0000] {logging_mixin.py:188} INFO - [2024-05-08T13:30:06.936+0000] {example_python_operator.py:93} WARNING - The virtalenv_python example task requires virtualenv, please install it.
[2024-05-08T13:30:06.936+0000] {processor.py:840} INFO - DAG(s) 'example_python_operator' retrieved from /home/denys/airflow_venv/lib/python3.12/site-packages/airflow/example_dags/example_python_operator.py
[2024-05-08T13:30:06.946+0000] {logging_mixin.py:188} INFO - [2024-05-08T13:30:06.946+0000] {dag.py:3096} INFO - Sync 1 DAGs
[2024-05-08T13:30:06.952+0000] {logging_mixin.py:188} INFO - [2024-05-08T13:30:06.952+0000] {dag.py:3954} INFO - Setting next_dagrun for example_python_operator to None, run_after=None
[2024-05-08T13:30:06.976+0000] {processor.py:183} INFO - Processing /home/denys/airflow_venv/lib/python3.12/site-packages/airflow/example_dags/example_python_operator.py took 0.050 seconds
[2024-05-08T13:30:47.411+0000] {processor.py:161} INFO - Started process (PID=3176) to work on /home/denys/airflow_venv/lib/python3.12/site-packages/airflow/example_dags/example_python_operator.py
[2024-05-08T13:30:47.412+0000] {processor.py:830} INFO - Processing file /home/denys/airflow_venv/lib/python3.12/site-packages/airflow/example_dags/example_python_operator.py for tasks to queue
[2024-05-08T13:30:47.414+0000] {logging_mixin.py:188} INFO - [2024-05-08T13:30:47.413+0000] {dagbag.py:545} INFO - Filling up the DagBag from /home/denys/airflow_venv/lib/python3.12/site-packages/airflow/example_dags/example_python_operator.py
[2024-05-08T13:30:47.418+0000] {logging_mixin.py:188} INFO - [2024-05-08T13:30:47.418+0000] {example_python_operator.py:93} WARNING - The virtalenv_python example task requires virtualenv, please install it.
[2024-05-08T13:30:47.419+0000] {processor.py:840} INFO - DAG(s) 'example_python_operator' retrieved from /home/denys/airflow_venv/lib/python3.12/site-packages/airflow/example_dags/example_python_operator.py
[2024-05-08T13:30:47.428+0000] {logging_mixin.py:188} INFO - [2024-05-08T13:30:47.428+0000] {dag.py:3096} INFO - Sync 1 DAGs
[2024-05-08T13:30:47.435+0000] {logging_mixin.py:188} INFO - [2024-05-08T13:30:47.434+0000] {dag.py:3954} INFO - Setting next_dagrun for example_python_operator to None, run_after=None
[2024-05-08T13:30:47.451+0000] {processor.py:183} INFO - Processing /home/denys/airflow_venv/lib/python3.12/site-packages/airflow/example_dags/example_python_operator.py took 0.043 seconds
[2024-05-08T13:31:28.555+0000] {processor.py:161} INFO - Started process (PID=3220) to work on /home/denys/airflow_venv/lib/python3.12/site-packages/airflow/example_dags/example_python_operator.py
[2024-05-08T13:31:28.557+0000] {processor.py:830} INFO - Processing file /home/denys/airflow_venv/lib/python3.12/site-packages/airflow/example_dags/example_python_operator.py for tasks to queue
[2024-05-08T13:31:28.558+0000] {logging_mixin.py:188} INFO - [2024-05-08T13:31:28.557+0000] {dagbag.py:545} INFO - Filling up the DagBag from /home/denys/airflow_venv/lib/python3.12/site-packages/airflow/example_dags/example_python_operator.py
[2024-05-08T13:31:28.561+0000] {logging_mixin.py:188} INFO - [2024-05-08T13:31:28.561+0000] {example_python_operator.py:93} WARNING - The virtalenv_python example task requires virtualenv, please install it.
[2024-05-08T13:31:28.561+0000] {processor.py:840} INFO - DAG(s) 'example_python_operator' retrieved from /home/denys/airflow_venv/lib/python3.12/site-packages/airflow/example_dags/example_python_operator.py
[2024-05-08T13:31:28.572+0000] {logging_mixin.py:188} INFO - [2024-05-08T13:31:28.572+0000] {dag.py:3096} INFO - Sync 1 DAGs
[2024-05-08T13:31:28.579+0000] {logging_mixin.py:188} INFO - [2024-05-08T13:31:28.579+0000] {dag.py:3954} INFO - Setting next_dagrun for example_python_operator to None, run_after=None
[2024-05-08T13:31:28.600+0000] {processor.py:183} INFO - Processing /home/denys/airflow_venv/lib/python3.12/site-packages/airflow/example_dags/example_python_operator.py took 0.049 seconds
[2024-05-08T13:32:10.033+0000] {processor.py:161} INFO - Started process (PID=3261) to work on /home/denys/airflow_venv/lib/python3.12/site-packages/airflow/example_dags/example_python_operator.py
[2024-05-08T13:32:10.035+0000] {processor.py:830} INFO - Processing file /home/denys/airflow_venv/lib/python3.12/site-packages/airflow/example_dags/example_python_operator.py for tasks to queue
[2024-05-08T13:32:10.036+0000] {logging_mixin.py:188} INFO - [2024-05-08T13:32:10.036+0000] {dagbag.py:545} INFO - Filling up the DagBag from /home/denys/airflow_venv/lib/python3.12/site-packages/airflow/example_dags/example_python_operator.py
[2024-05-08T13:32:10.041+0000] {logging_mixin.py:188} INFO - [2024-05-08T13:32:10.040+0000] {example_python_operator.py:93} WARNING - The virtalenv_python example task requires virtualenv, please install it.
[2024-05-08T13:32:10.041+0000] {processor.py:840} INFO - DAG(s) 'example_python_operator' retrieved from /home/denys/airflow_venv/lib/python3.12/site-packages/airflow/example_dags/example_python_operator.py
[2024-05-08T13:32:10.052+0000] {logging_mixin.py:188} INFO - [2024-05-08T13:32:10.052+0000] {dag.py:3096} INFO - Sync 1 DAGs
[2024-05-08T13:32:10.059+0000] {logging_mixin.py:188} INFO - [2024-05-08T13:32:10.059+0000] {dag.py:3954} INFO - Setting next_dagrun for example_python_operator to None, run_after=None
[2024-05-08T13:32:10.077+0000] {processor.py:183} INFO - Processing /home/denys/airflow_venv/lib/python3.12/site-packages/airflow/example_dags/example_python_operator.py took 0.048 seconds
[2024-05-08T13:32:54.882+0000] {processor.py:161} INFO - Started process (PID=3306) to work on /home/denys/airflow_venv/lib/python3.12/site-packages/airflow/example_dags/example_python_operator.py
[2024-05-08T13:32:54.885+0000] {processor.py:830} INFO - Processing file /home/denys/airflow_venv/lib/python3.12/site-packages/airflow/example_dags/example_python_operator.py for tasks to queue
[2024-05-08T13:32:54.887+0000] {logging_mixin.py:188} INFO - [2024-05-08T13:32:54.886+0000] {dagbag.py:545} INFO - Filling up the DagBag from /home/denys/airflow_venv/lib/python3.12/site-packages/airflow/example_dags/example_python_operator.py
[2024-05-08T13:32:54.891+0000] {logging_mixin.py:188} INFO - [2024-05-08T13:32:54.891+0000] {example_python_operator.py:93} WARNING - The virtalenv_python example task requires virtualenv, please install it.
[2024-05-08T13:32:54.892+0000] {processor.py:840} INFO - DAG(s) 'example_python_operator' retrieved from /home/denys/airflow_venv/lib/python3.12/site-packages/airflow/example_dags/example_python_operator.py
[2024-05-08T13:32:54.902+0000] {logging_mixin.py:188} INFO - [2024-05-08T13:32:54.902+0000] {dag.py:3096} INFO - Sync 1 DAGs
[2024-05-08T13:32:54.909+0000] {logging_mixin.py:188} INFO - [2024-05-08T13:32:54.909+0000] {dag.py:3954} INFO - Setting next_dagrun for example_python_operator to None, run_after=None
[2024-05-08T13:32:54.930+0000] {processor.py:183} INFO - Processing /home/denys/airflow_venv/lib/python3.12/site-packages/airflow/example_dags/example_python_operator.py took 0.052 seconds
[2024-05-08T13:33:38.498+0000] {processor.py:161} INFO - Started process (PID=3351) to work on /home/denys/airflow_venv/lib/python3.12/site-packages/airflow/example_dags/example_python_operator.py
[2024-05-08T13:33:38.500+0000] {processor.py:830} INFO - Processing file /home/denys/airflow_venv/lib/python3.12/site-packages/airflow/example_dags/example_python_operator.py for tasks to queue
[2024-05-08T13:33:38.501+0000] {logging_mixin.py:188} INFO - [2024-05-08T13:33:38.501+0000] {dagbag.py:545} INFO - Filling up the DagBag from /home/denys/airflow_venv/lib/python3.12/site-packages/airflow/example_dags/example_python_operator.py
[2024-05-08T13:33:38.505+0000] {logging_mixin.py:188} INFO - [2024-05-08T13:33:38.505+0000] {example_python_operator.py:93} WARNING - The virtalenv_python example task requires virtualenv, please install it.
[2024-05-08T13:33:38.506+0000] {processor.py:840} INFO - DAG(s) 'example_python_operator' retrieved from /home/denys/airflow_venv/lib/python3.12/site-packages/airflow/example_dags/example_python_operator.py
[2024-05-08T13:33:38.516+0000] {logging_mixin.py:188} INFO - [2024-05-08T13:33:38.516+0000] {dag.py:3096} INFO - Sync 1 DAGs
[2024-05-08T13:33:38.524+0000] {logging_mixin.py:188} INFO - [2024-05-08T13:33:38.524+0000] {dag.py:3954} INFO - Setting next_dagrun for example_python_operator to None, run_after=None
[2024-05-08T13:33:38.541+0000] {processor.py:183} INFO - Processing /home/denys/airflow_venv/lib/python3.12/site-packages/airflow/example_dags/example_python_operator.py took 0.046 seconds
[2024-05-08T13:34:20.340+0000] {processor.py:161} INFO - Started process (PID=3398) to work on /home/denys/airflow_venv/lib/python3.12/site-packages/airflow/example_dags/example_python_operator.py
[2024-05-08T13:34:20.341+0000] {processor.py:830} INFO - Processing file /home/denys/airflow_venv/lib/python3.12/site-packages/airflow/example_dags/example_python_operator.py for tasks to queue
[2024-05-08T13:34:20.342+0000] {logging_mixin.py:188} INFO - [2024-05-08T13:34:20.342+0000] {dagbag.py:545} INFO - Filling up the DagBag from /home/denys/airflow_venv/lib/python3.12/site-packages/airflow/example_dags/example_python_operator.py
[2024-05-08T13:34:20.347+0000] {logging_mixin.py:188} INFO - [2024-05-08T13:34:20.346+0000] {example_python_operator.py:93} WARNING - The virtalenv_python example task requires virtualenv, please install it.
[2024-05-08T13:34:20.347+0000] {processor.py:840} INFO - DAG(s) 'example_python_operator' retrieved from /home/denys/airflow_venv/lib/python3.12/site-packages/airflow/example_dags/example_python_operator.py
[2024-05-08T13:34:20.358+0000] {logging_mixin.py:188} INFO - [2024-05-08T13:34:20.358+0000] {dag.py:3096} INFO - Sync 1 DAGs
[2024-05-08T13:34:20.366+0000] {logging_mixin.py:188} INFO - [2024-05-08T13:34:20.365+0000] {dag.py:3954} INFO - Setting next_dagrun for example_python_operator to None, run_after=None
[2024-05-08T13:34:20.384+0000] {processor.py:183} INFO - Processing /home/denys/airflow_venv/lib/python3.12/site-packages/airflow/example_dags/example_python_operator.py took 0.048 seconds
[2024-05-08T13:35:00.912+0000] {processor.py:161} INFO - Started process (PID=3440) to work on /home/denys/airflow_venv/lib/python3.12/site-packages/airflow/example_dags/example_python_operator.py
[2024-05-08T13:35:00.914+0000] {processor.py:830} INFO - Processing file /home/denys/airflow_venv/lib/python3.12/site-packages/airflow/example_dags/example_python_operator.py for tasks to queue
[2024-05-08T13:35:00.915+0000] {logging_mixin.py:188} INFO - [2024-05-08T13:35:00.915+0000] {dagbag.py:545} INFO - Filling up the DagBag from /home/denys/airflow_venv/lib/python3.12/site-packages/airflow/example_dags/example_python_operator.py
[2024-05-08T13:35:00.919+0000] {logging_mixin.py:188} INFO - [2024-05-08T13:35:00.919+0000] {example_python_operator.py:93} WARNING - The virtalenv_python example task requires virtualenv, please install it.
[2024-05-08T13:35:00.919+0000] {processor.py:840} INFO - DAG(s) 'example_python_operator' retrieved from /home/denys/airflow_venv/lib/python3.12/site-packages/airflow/example_dags/example_python_operator.py
[2024-05-08T13:35:00.929+0000] {logging_mixin.py:188} INFO - [2024-05-08T13:35:00.928+0000] {dag.py:3096} INFO - Sync 1 DAGs
[2024-05-08T13:35:00.935+0000] {logging_mixin.py:188} INFO - [2024-05-08T13:35:00.935+0000] {dag.py:3954} INFO - Setting next_dagrun for example_python_operator to None, run_after=None
[2024-05-08T13:35:00.958+0000] {processor.py:183} INFO - Processing /home/denys/airflow_venv/lib/python3.12/site-packages/airflow/example_dags/example_python_operator.py took 0.048 seconds
[2024-05-08T13:35:40.499+0000] {processor.py:161} INFO - Started process (PID=3485) to work on /home/denys/airflow_venv/lib/python3.12/site-packages/airflow/example_dags/example_python_operator.py
[2024-05-08T13:35:40.500+0000] {processor.py:830} INFO - Processing file /home/denys/airflow_venv/lib/python3.12/site-packages/airflow/example_dags/example_python_operator.py for tasks to queue
[2024-05-08T13:35:40.502+0000] {logging_mixin.py:188} INFO - [2024-05-08T13:35:40.502+0000] {dagbag.py:545} INFO - Filling up the DagBag from /home/denys/airflow_venv/lib/python3.12/site-packages/airflow/example_dags/example_python_operator.py
[2024-05-08T13:35:40.506+0000] {logging_mixin.py:188} INFO - [2024-05-08T13:35:40.506+0000] {example_python_operator.py:93} WARNING - The virtalenv_python example task requires virtualenv, please install it.
[2024-05-08T13:35:40.506+0000] {processor.py:840} INFO - DAG(s) 'example_python_operator' retrieved from /home/denys/airflow_venv/lib/python3.12/site-packages/airflow/example_dags/example_python_operator.py
[2024-05-08T13:35:40.515+0000] {logging_mixin.py:188} INFO - [2024-05-08T13:35:40.515+0000] {dag.py:3096} INFO - Sync 1 DAGs
[2024-05-08T13:35:40.522+0000] {logging_mixin.py:188} INFO - [2024-05-08T13:35:40.521+0000] {dag.py:3954} INFO - Setting next_dagrun for example_python_operator to None, run_after=None
[2024-05-08T13:35:40.539+0000] {processor.py:183} INFO - Processing /home/denys/airflow_venv/lib/python3.12/site-packages/airflow/example_dags/example_python_operator.py took 0.044 seconds
[2024-05-08T13:36:21.894+0000] {processor.py:161} INFO - Started process (PID=3526) to work on /home/denys/airflow_venv/lib/python3.12/site-packages/airflow/example_dags/example_python_operator.py
[2024-05-08T13:36:21.895+0000] {processor.py:830} INFO - Processing file /home/denys/airflow_venv/lib/python3.12/site-packages/airflow/example_dags/example_python_operator.py for tasks to queue
[2024-05-08T13:36:21.896+0000] {logging_mixin.py:188} INFO - [2024-05-08T13:36:21.896+0000] {dagbag.py:545} INFO - Filling up the DagBag from /home/denys/airflow_venv/lib/python3.12/site-packages/airflow/example_dags/example_python_operator.py
[2024-05-08T13:36:21.900+0000] {logging_mixin.py:188} INFO - [2024-05-08T13:36:21.900+0000] {example_python_operator.py:93} WARNING - The virtalenv_python example task requires virtualenv, please install it.
[2024-05-08T13:36:21.900+0000] {processor.py:840} INFO - DAG(s) 'example_python_operator' retrieved from /home/denys/airflow_venv/lib/python3.12/site-packages/airflow/example_dags/example_python_operator.py
[2024-05-08T13:36:21.911+0000] {logging_mixin.py:188} INFO - [2024-05-08T13:36:21.911+0000] {dag.py:3096} INFO - Sync 1 DAGs
[2024-05-08T13:36:21.917+0000] {logging_mixin.py:188} INFO - [2024-05-08T13:36:21.917+0000] {dag.py:3954} INFO - Setting next_dagrun for example_python_operator to None, run_after=None
[2024-05-08T13:36:21.940+0000] {processor.py:183} INFO - Processing /home/denys/airflow_venv/lib/python3.12/site-packages/airflow/example_dags/example_python_operator.py took 0.049 seconds
[2024-05-08T13:37:02.854+0000] {processor.py:161} INFO - Started process (PID=3570) to work on /home/denys/airflow_venv/lib/python3.12/site-packages/airflow/example_dags/example_python_operator.py
[2024-05-08T13:37:02.855+0000] {processor.py:830} INFO - Processing file /home/denys/airflow_venv/lib/python3.12/site-packages/airflow/example_dags/example_python_operator.py for tasks to queue
[2024-05-08T13:37:02.857+0000] {logging_mixin.py:188} INFO - [2024-05-08T13:37:02.856+0000] {dagbag.py:545} INFO - Filling up the DagBag from /home/denys/airflow_venv/lib/python3.12/site-packages/airflow/example_dags/example_python_operator.py
[2024-05-08T13:37:02.861+0000] {logging_mixin.py:188} INFO - [2024-05-08T13:37:02.861+0000] {example_python_operator.py:93} WARNING - The virtalenv_python example task requires virtualenv, please install it.
[2024-05-08T13:37:02.861+0000] {processor.py:840} INFO - DAG(s) 'example_python_operator' retrieved from /home/denys/airflow_venv/lib/python3.12/site-packages/airflow/example_dags/example_python_operator.py
[2024-05-08T13:37:02.870+0000] {logging_mixin.py:188} INFO - [2024-05-08T13:37:02.870+0000] {dag.py:3096} INFO - Sync 1 DAGs
[2024-05-08T13:37:02.876+0000] {logging_mixin.py:188} INFO - [2024-05-08T13:37:02.876+0000] {dag.py:3954} INFO - Setting next_dagrun for example_python_operator to None, run_after=None
[2024-05-08T13:37:02.898+0000] {processor.py:183} INFO - Processing /home/denys/airflow_venv/lib/python3.12/site-packages/airflow/example_dags/example_python_operator.py took 0.047 seconds
[2024-05-08T13:37:48.239+0000] {processor.py:161} INFO - Started process (PID=3615) to work on /home/denys/airflow_venv/lib/python3.12/site-packages/airflow/example_dags/example_python_operator.py
[2024-05-08T13:37:48.241+0000] {processor.py:830} INFO - Processing file /home/denys/airflow_venv/lib/python3.12/site-packages/airflow/example_dags/example_python_operator.py for tasks to queue
[2024-05-08T13:37:48.242+0000] {logging_mixin.py:188} INFO - [2024-05-08T13:37:48.242+0000] {dagbag.py:545} INFO - Filling up the DagBag from /home/denys/airflow_venv/lib/python3.12/site-packages/airflow/example_dags/example_python_operator.py
[2024-05-08T13:37:48.246+0000] {logging_mixin.py:188} INFO - [2024-05-08T13:37:48.246+0000] {example_python_operator.py:93} WARNING - The virtalenv_python example task requires virtualenv, please install it.
[2024-05-08T13:37:48.246+0000] {processor.py:840} INFO - DAG(s) 'example_python_operator' retrieved from /home/denys/airflow_venv/lib/python3.12/site-packages/airflow/example_dags/example_python_operator.py
[2024-05-08T13:37:48.257+0000] {logging_mixin.py:188} INFO - [2024-05-08T13:37:48.257+0000] {dag.py:3096} INFO - Sync 1 DAGs
[2024-05-08T13:37:48.263+0000] {logging_mixin.py:188} INFO - [2024-05-08T13:37:48.263+0000] {dag.py:3954} INFO - Setting next_dagrun for example_python_operator to None, run_after=None
[2024-05-08T13:37:48.285+0000] {processor.py:183} INFO - Processing /home/denys/airflow_venv/lib/python3.12/site-packages/airflow/example_dags/example_python_operator.py took 0.049 seconds
[2024-05-08T13:38:35.632+0000] {processor.py:161} INFO - Started process (PID=3664) to work on /home/denys/airflow_venv/lib/python3.12/site-packages/airflow/example_dags/example_python_operator.py
[2024-05-08T13:38:35.633+0000] {processor.py:830} INFO - Processing file /home/denys/airflow_venv/lib/python3.12/site-packages/airflow/example_dags/example_python_operator.py for tasks to queue
[2024-05-08T13:38:35.634+0000] {logging_mixin.py:188} INFO - [2024-05-08T13:38:35.633+0000] {dagbag.py:545} INFO - Filling up the DagBag from /home/denys/airflow_venv/lib/python3.12/site-packages/airflow/example_dags/example_python_operator.py
[2024-05-08T13:38:35.637+0000] {logging_mixin.py:188} INFO - [2024-05-08T13:38:35.637+0000] {example_python_operator.py:93} WARNING - The virtalenv_python example task requires virtualenv, please install it.
[2024-05-08T13:38:35.638+0000] {processor.py:840} INFO - DAG(s) 'example_python_operator' retrieved from /home/denys/airflow_venv/lib/python3.12/site-packages/airflow/example_dags/example_python_operator.py
[2024-05-08T13:38:35.648+0000] {logging_mixin.py:188} INFO - [2024-05-08T13:38:35.647+0000] {dag.py:3096} INFO - Sync 1 DAGs
[2024-05-08T13:38:35.654+0000] {logging_mixin.py:188} INFO - [2024-05-08T13:38:35.654+0000] {dag.py:3954} INFO - Setting next_dagrun for example_python_operator to None, run_after=None
[2024-05-08T13:38:35.676+0000] {processor.py:183} INFO - Processing /home/denys/airflow_venv/lib/python3.12/site-packages/airflow/example_dags/example_python_operator.py took 0.047 seconds
[2024-05-08T13:39:16.421+0000] {processor.py:161} INFO - Started process (PID=3708) to work on /home/denys/airflow_venv/lib/python3.12/site-packages/airflow/example_dags/example_python_operator.py
[2024-05-08T13:39:16.423+0000] {processor.py:830} INFO - Processing file /home/denys/airflow_venv/lib/python3.12/site-packages/airflow/example_dags/example_python_operator.py for tasks to queue
[2024-05-08T13:39:16.424+0000] {logging_mixin.py:188} INFO - [2024-05-08T13:39:16.423+0000] {dagbag.py:545} INFO - Filling up the DagBag from /home/denys/airflow_venv/lib/python3.12/site-packages/airflow/example_dags/example_python_operator.py
[2024-05-08T13:39:16.427+0000] {logging_mixin.py:188} INFO - [2024-05-08T13:39:16.427+0000] {example_python_operator.py:93} WARNING - The virtalenv_python example task requires virtualenv, please install it.
[2024-05-08T13:39:16.428+0000] {processor.py:840} INFO - DAG(s) 'example_python_operator' retrieved from /home/denys/airflow_venv/lib/python3.12/site-packages/airflow/example_dags/example_python_operator.py
[2024-05-08T13:39:16.439+0000] {logging_mixin.py:188} INFO - [2024-05-08T13:39:16.439+0000] {dag.py:3096} INFO - Sync 1 DAGs
[2024-05-08T13:39:16.445+0000] {logging_mixin.py:188} INFO - [2024-05-08T13:39:16.445+0000] {dag.py:3954} INFO - Setting next_dagrun for example_python_operator to None, run_after=None
[2024-05-08T13:39:16.463+0000] {processor.py:183} INFO - Processing /home/denys/airflow_venv/lib/python3.12/site-packages/airflow/example_dags/example_python_operator.py took 0.046 seconds
[2024-05-08T13:40:02.925+0000] {processor.py:161} INFO - Started process (PID=3751) to work on /home/denys/airflow_venv/lib/python3.12/site-packages/airflow/example_dags/example_python_operator.py
[2024-05-08T13:40:02.927+0000] {processor.py:830} INFO - Processing file /home/denys/airflow_venv/lib/python3.12/site-packages/airflow/example_dags/example_python_operator.py for tasks to queue
[2024-05-08T13:40:02.928+0000] {logging_mixin.py:188} INFO - [2024-05-08T13:40:02.928+0000] {dagbag.py:545} INFO - Filling up the DagBag from /home/denys/airflow_venv/lib/python3.12/site-packages/airflow/example_dags/example_python_operator.py
[2024-05-08T13:40:02.933+0000] {logging_mixin.py:188} INFO - [2024-05-08T13:40:02.932+0000] {example_python_operator.py:93} WARNING - The virtalenv_python example task requires virtualenv, please install it.
[2024-05-08T13:40:02.933+0000] {processor.py:840} INFO - DAG(s) 'example_python_operator' retrieved from /home/denys/airflow_venv/lib/python3.12/site-packages/airflow/example_dags/example_python_operator.py
[2024-05-08T13:40:02.947+0000] {logging_mixin.py:188} INFO - [2024-05-08T13:40:02.947+0000] {dag.py:3096} INFO - Sync 1 DAGs
[2024-05-08T13:40:02.957+0000] {logging_mixin.py:188} INFO - [2024-05-08T13:40:02.956+0000] {dag.py:3954} INFO - Setting next_dagrun for example_python_operator to None, run_after=None
[2024-05-08T13:40:02.980+0000] {processor.py:183} INFO - Processing /home/denys/airflow_venv/lib/python3.12/site-packages/airflow/example_dags/example_python_operator.py took 0.068 seconds
[2024-05-08T13:40:51.079+0000] {processor.py:161} INFO - Started process (PID=3800) to work on /home/denys/airflow_venv/lib/python3.12/site-packages/airflow/example_dags/example_python_operator.py
[2024-05-08T13:40:51.080+0000] {processor.py:830} INFO - Processing file /home/denys/airflow_venv/lib/python3.12/site-packages/airflow/example_dags/example_python_operator.py for tasks to queue
[2024-05-08T13:40:51.081+0000] {logging_mixin.py:188} INFO - [2024-05-08T13:40:51.081+0000] {dagbag.py:545} INFO - Filling up the DagBag from /home/denys/airflow_venv/lib/python3.12/site-packages/airflow/example_dags/example_python_operator.py
[2024-05-08T13:40:51.085+0000] {logging_mixin.py:188} INFO - [2024-05-08T13:40:51.085+0000] {example_python_operator.py:93} WARNING - The virtalenv_python example task requires virtualenv, please install it.
[2024-05-08T13:40:51.085+0000] {processor.py:840} INFO - DAG(s) 'example_python_operator' retrieved from /home/denys/airflow_venv/lib/python3.12/site-packages/airflow/example_dags/example_python_operator.py
[2024-05-08T13:40:51.095+0000] {logging_mixin.py:188} INFO - [2024-05-08T13:40:51.094+0000] {dag.py:3096} INFO - Sync 1 DAGs
[2024-05-08T13:40:51.100+0000] {logging_mixin.py:188} INFO - [2024-05-08T13:40:51.100+0000] {dag.py:3954} INFO - Setting next_dagrun for example_python_operator to None, run_after=None
[2024-05-08T13:40:51.123+0000] {processor.py:183} INFO - Processing /home/denys/airflow_venv/lib/python3.12/site-packages/airflow/example_dags/example_python_operator.py took 0.047 seconds
[2024-05-08T13:41:39.298+0000] {processor.py:161} INFO - Started process (PID=3848) to work on /home/denys/airflow_venv/lib/python3.12/site-packages/airflow/example_dags/example_python_operator.py
[2024-05-08T13:41:39.302+0000] {processor.py:830} INFO - Processing file /home/denys/airflow_venv/lib/python3.12/site-packages/airflow/example_dags/example_python_operator.py for tasks to queue
[2024-05-08T13:41:39.304+0000] {logging_mixin.py:188} INFO - [2024-05-08T13:41:39.303+0000] {dagbag.py:545} INFO - Filling up the DagBag from /home/denys/airflow_venv/lib/python3.12/site-packages/airflow/example_dags/example_python_operator.py
[2024-05-08T13:41:39.308+0000] {logging_mixin.py:188} INFO - [2024-05-08T13:41:39.308+0000] {example_python_operator.py:93} WARNING - The virtalenv_python example task requires virtualenv, please install it.
[2024-05-08T13:41:39.309+0000] {processor.py:840} INFO - DAG(s) 'example_python_operator' retrieved from /home/denys/airflow_venv/lib/python3.12/site-packages/airflow/example_dags/example_python_operator.py
[2024-05-08T13:41:39.318+0000] {logging_mixin.py:188} INFO - [2024-05-08T13:41:39.318+0000] {dag.py:3096} INFO - Sync 1 DAGs
[2024-05-08T13:41:39.324+0000] {logging_mixin.py:188} INFO - [2024-05-08T13:41:39.324+0000] {dag.py:3954} INFO - Setting next_dagrun for example_python_operator to None, run_after=None
[2024-05-08T13:41:39.345+0000] {processor.py:183} INFO - Processing /home/denys/airflow_venv/lib/python3.12/site-packages/airflow/example_dags/example_python_operator.py took 0.051 seconds
[2024-05-08T13:42:22.596+0000] {processor.py:161} INFO - Started process (PID=3892) to work on /home/denys/airflow_venv/lib/python3.12/site-packages/airflow/example_dags/example_python_operator.py
[2024-05-08T13:42:22.598+0000] {processor.py:830} INFO - Processing file /home/denys/airflow_venv/lib/python3.12/site-packages/airflow/example_dags/example_python_operator.py for tasks to queue
[2024-05-08T13:42:22.599+0000] {logging_mixin.py:188} INFO - [2024-05-08T13:42:22.599+0000] {dagbag.py:545} INFO - Filling up the DagBag from /home/denys/airflow_venv/lib/python3.12/site-packages/airflow/example_dags/example_python_operator.py
[2024-05-08T13:42:22.604+0000] {logging_mixin.py:188} INFO - [2024-05-08T13:42:22.603+0000] {example_python_operator.py:93} WARNING - The virtalenv_python example task requires virtualenv, please install it.
[2024-05-08T13:42:22.604+0000] {processor.py:840} INFO - DAG(s) 'example_python_operator' retrieved from /home/denys/airflow_venv/lib/python3.12/site-packages/airflow/example_dags/example_python_operator.py
[2024-05-08T13:42:22.615+0000] {logging_mixin.py:188} INFO - [2024-05-08T13:42:22.615+0000] {dag.py:3096} INFO - Sync 1 DAGs
[2024-05-08T13:42:22.622+0000] {logging_mixin.py:188} INFO - [2024-05-08T13:42:22.622+0000] {dag.py:3954} INFO - Setting next_dagrun for example_python_operator to None, run_after=None
[2024-05-08T13:42:22.702+0000] {processor.py:183} INFO - Processing /home/denys/airflow_venv/lib/python3.12/site-packages/airflow/example_dags/example_python_operator.py took 0.109 seconds
[2024-05-08T13:43:07.777+0000] {processor.py:161} INFO - Started process (PID=3937) to work on /home/denys/airflow_venv/lib/python3.12/site-packages/airflow/example_dags/example_python_operator.py
[2024-05-08T13:43:07.779+0000] {processor.py:830} INFO - Processing file /home/denys/airflow_venv/lib/python3.12/site-packages/airflow/example_dags/example_python_operator.py for tasks to queue
[2024-05-08T13:43:07.780+0000] {logging_mixin.py:188} INFO - [2024-05-08T13:43:07.780+0000] {dagbag.py:545} INFO - Filling up the DagBag from /home/denys/airflow_venv/lib/python3.12/site-packages/airflow/example_dags/example_python_operator.py
[2024-05-08T13:43:07.784+0000] {logging_mixin.py:188} INFO - [2024-05-08T13:43:07.784+0000] {example_python_operator.py:93} WARNING - The virtalenv_python example task requires virtualenv, please install it.
[2024-05-08T13:43:07.784+0000] {processor.py:840} INFO - DAG(s) 'example_python_operator' retrieved from /home/denys/airflow_venv/lib/python3.12/site-packages/airflow/example_dags/example_python_operator.py
[2024-05-08T13:43:07.793+0000] {logging_mixin.py:188} INFO - [2024-05-08T13:43:07.793+0000] {dag.py:3096} INFO - Sync 1 DAGs
[2024-05-08T13:43:07.799+0000] {logging_mixin.py:188} INFO - [2024-05-08T13:43:07.799+0000] {dag.py:3954} INFO - Setting next_dagrun for example_python_operator to None, run_after=None
[2024-05-08T13:43:07.821+0000] {processor.py:183} INFO - Processing /home/denys/airflow_venv/lib/python3.12/site-packages/airflow/example_dags/example_python_operator.py took 0.047 seconds
