[2024-05-08T13:11:50.702+0000] {processor.py:161} INFO - Started process (PID=1867) to work on /home/denys/airflow_venv/lib/python3.12/site-packages/airflow/example_dags/example_trigger_controller_dag.py
[2024-05-08T13:11:50.703+0000] {processor.py:830} INFO - Processing file /home/denys/airflow_venv/lib/python3.12/site-packages/airflow/example_dags/example_trigger_controller_dag.py for tasks to queue
[2024-05-08T13:11:50.703+0000] {logging_mixin.py:188} INFO - [2024-05-08T13:11:50.703+0000] {dagbag.py:545} INFO - Filling up the DagBag from /home/denys/airflow_venv/lib/python3.12/site-packages/airflow/example_dags/example_trigger_controller_dag.py
[2024-05-08T13:11:50.707+0000] {processor.py:840} INFO - DAG(s) 'example_trigger_controller_dag' retrieved from /home/denys/airflow_venv/lib/python3.12/site-packages/airflow/example_dags/example_trigger_controller_dag.py
[2024-05-08T13:11:50.776+0000] {logging_mixin.py:188} INFO - [2024-05-08T13:11:50.776+0000] {override.py:1829} INFO - Created Permission View: can delete on DAG:example_trigger_controller_dag
[2024-05-08T13:11:50.786+0000] {logging_mixin.py:188} INFO - [2024-05-08T13:11:50.786+0000] {override.py:1829} INFO - Created Permission View: can edit on DAG:example_trigger_controller_dag
[2024-05-08T13:11:50.794+0000] {logging_mixin.py:188} INFO - [2024-05-08T13:11:50.794+0000] {override.py:1829} INFO - Created Permission View: can read on DAG:example_trigger_controller_dag
[2024-05-08T13:11:50.794+0000] {logging_mixin.py:188} INFO - [2024-05-08T13:11:50.794+0000] {dag.py:3096} INFO - Sync 1 DAGs
[2024-05-08T13:11:50.799+0000] {logging_mixin.py:188} INFO - [2024-05-08T13:11:50.799+0000] {dag.py:3118} INFO - Creating ORM DAG for example_trigger_controller_dag
[2024-05-08T13:11:50.804+0000] {logging_mixin.py:188} INFO - [2024-05-08T13:11:50.804+0000] {dag.py:3954} INFO - Setting next_dagrun for example_trigger_controller_dag to 2021-01-01 00:00:00+00:00, run_after=2021-01-01 00:00:00+00:00
[2024-05-08T13:11:50.820+0000] {processor.py:183} INFO - Processing /home/denys/airflow_venv/lib/python3.12/site-packages/airflow/example_dags/example_trigger_controller_dag.py took 0.121 seconds
[2024-05-08T13:12:44.989+0000] {processor.py:161} INFO - Started process (PID=1921) to work on /home/denys/airflow_venv/lib/python3.12/site-packages/airflow/example_dags/example_trigger_controller_dag.py
[2024-05-08T13:12:44.991+0000] {processor.py:830} INFO - Processing file /home/denys/airflow_venv/lib/python3.12/site-packages/airflow/example_dags/example_trigger_controller_dag.py for tasks to queue
[2024-05-08T13:12:44.993+0000] {logging_mixin.py:188} INFO - [2024-05-08T13:12:44.993+0000] {dagbag.py:545} INFO - Filling up the DagBag from /home/denys/airflow_venv/lib/python3.12/site-packages/airflow/example_dags/example_trigger_controller_dag.py
[2024-05-08T13:12:44.997+0000] {processor.py:840} INFO - DAG(s) 'example_trigger_controller_dag' retrieved from /home/denys/airflow_venv/lib/python3.12/site-packages/airflow/example_dags/example_trigger_controller_dag.py
[2024-05-08T13:12:45.021+0000] {logging_mixin.py:188} INFO - [2024-05-08T13:12:45.021+0000] {dag.py:3096} INFO - Sync 1 DAGs
[2024-05-08T13:12:45.031+0000] {logging_mixin.py:188} INFO - [2024-05-08T13:12:45.031+0000] {dag.py:3954} INFO - Setting next_dagrun for example_trigger_controller_dag to 2021-01-01 00:00:00+00:00, run_after=2021-01-01 00:00:00+00:00
[2024-05-08T13:12:45.048+0000] {processor.py:183} INFO - Processing /home/denys/airflow_venv/lib/python3.12/site-packages/airflow/example_dags/example_trigger_controller_dag.py took 0.062 seconds
[2024-05-08T13:13:35.950+0000] {processor.py:161} INFO - Started process (PID=1976) to work on /home/denys/airflow_venv/lib/python3.12/site-packages/airflow/example_dags/example_trigger_controller_dag.py
[2024-05-08T13:13:35.952+0000] {processor.py:830} INFO - Processing file /home/denys/airflow_venv/lib/python3.12/site-packages/airflow/example_dags/example_trigger_controller_dag.py for tasks to queue
[2024-05-08T13:13:35.953+0000] {logging_mixin.py:188} INFO - [2024-05-08T13:13:35.952+0000] {dagbag.py:545} INFO - Filling up the DagBag from /home/denys/airflow_venv/lib/python3.12/site-packages/airflow/example_dags/example_trigger_controller_dag.py
[2024-05-08T13:13:35.956+0000] {processor.py:840} INFO - DAG(s) 'example_trigger_controller_dag' retrieved from /home/denys/airflow_venv/lib/python3.12/site-packages/airflow/example_dags/example_trigger_controller_dag.py
[2024-05-08T13:13:35.966+0000] {logging_mixin.py:188} INFO - [2024-05-08T13:13:35.966+0000] {dag.py:3096} INFO - Sync 1 DAGs
[2024-05-08T13:13:35.976+0000] {logging_mixin.py:188} INFO - [2024-05-08T13:13:35.976+0000] {dag.py:3954} INFO - Setting next_dagrun for example_trigger_controller_dag to 2021-01-01 00:00:00+00:00, run_after=2021-01-01 00:00:00+00:00
[2024-05-08T13:13:35.997+0000] {processor.py:183} INFO - Processing /home/denys/airflow_venv/lib/python3.12/site-packages/airflow/example_dags/example_trigger_controller_dag.py took 0.050 seconds
[2024-05-08T13:14:20.401+0000] {processor.py:161} INFO - Started process (PID=2022) to work on /home/denys/airflow_venv/lib/python3.12/site-packages/airflow/example_dags/example_trigger_controller_dag.py
[2024-05-08T13:14:20.403+0000] {processor.py:830} INFO - Processing file /home/denys/airflow_venv/lib/python3.12/site-packages/airflow/example_dags/example_trigger_controller_dag.py for tasks to queue
[2024-05-08T13:14:20.404+0000] {logging_mixin.py:188} INFO - [2024-05-08T13:14:20.403+0000] {dagbag.py:545} INFO - Filling up the DagBag from /home/denys/airflow_venv/lib/python3.12/site-packages/airflow/example_dags/example_trigger_controller_dag.py
[2024-05-08T13:14:20.407+0000] {processor.py:840} INFO - DAG(s) 'example_trigger_controller_dag' retrieved from /home/denys/airflow_venv/lib/python3.12/site-packages/airflow/example_dags/example_trigger_controller_dag.py
[2024-05-08T13:14:20.416+0000] {logging_mixin.py:188} INFO - [2024-05-08T13:14:20.415+0000] {dag.py:3096} INFO - Sync 1 DAGs
[2024-05-08T13:14:20.425+0000] {logging_mixin.py:188} INFO - [2024-05-08T13:14:20.425+0000] {dag.py:3954} INFO - Setting next_dagrun for example_trigger_controller_dag to 2021-01-01 00:00:00+00:00, run_after=2021-01-01 00:00:00+00:00
[2024-05-08T13:14:20.446+0000] {processor.py:183} INFO - Processing /home/denys/airflow_venv/lib/python3.12/site-packages/airflow/example_dags/example_trigger_controller_dag.py took 0.049 seconds
[2024-05-08T13:15:04.431+0000] {processor.py:161} INFO - Started process (PID=2069) to work on /home/denys/airflow_venv/lib/python3.12/site-packages/airflow/example_dags/example_trigger_controller_dag.py
[2024-05-08T13:15:04.432+0000] {processor.py:830} INFO - Processing file /home/denys/airflow_venv/lib/python3.12/site-packages/airflow/example_dags/example_trigger_controller_dag.py for tasks to queue
[2024-05-08T13:15:04.433+0000] {logging_mixin.py:188} INFO - [2024-05-08T13:15:04.433+0000] {dagbag.py:545} INFO - Filling up the DagBag from /home/denys/airflow_venv/lib/python3.12/site-packages/airflow/example_dags/example_trigger_controller_dag.py
[2024-05-08T13:15:04.436+0000] {processor.py:840} INFO - DAG(s) 'example_trigger_controller_dag' retrieved from /home/denys/airflow_venv/lib/python3.12/site-packages/airflow/example_dags/example_trigger_controller_dag.py
[2024-05-08T13:15:04.445+0000] {logging_mixin.py:188} INFO - [2024-05-08T13:15:04.445+0000] {dag.py:3096} INFO - Sync 1 DAGs
[2024-05-08T13:15:04.455+0000] {logging_mixin.py:188} INFO - [2024-05-08T13:15:04.455+0000] {dag.py:3954} INFO - Setting next_dagrun for example_trigger_controller_dag to 2021-01-01 00:00:00+00:00, run_after=2021-01-01 00:00:00+00:00
[2024-05-08T13:15:04.480+0000] {processor.py:183} INFO - Processing /home/denys/airflow_venv/lib/python3.12/site-packages/airflow/example_dags/example_trigger_controller_dag.py took 0.053 seconds
[2024-05-08T13:15:46.279+0000] {processor.py:161} INFO - Started process (PID=2112) to work on /home/denys/airflow_venv/lib/python3.12/site-packages/airflow/example_dags/example_trigger_controller_dag.py
[2024-05-08T13:15:46.281+0000] {processor.py:830} INFO - Processing file /home/denys/airflow_venv/lib/python3.12/site-packages/airflow/example_dags/example_trigger_controller_dag.py for tasks to queue
[2024-05-08T13:15:46.282+0000] {logging_mixin.py:188} INFO - [2024-05-08T13:15:46.281+0000] {dagbag.py:545} INFO - Filling up the DagBag from /home/denys/airflow_venv/lib/python3.12/site-packages/airflow/example_dags/example_trigger_controller_dag.py
[2024-05-08T13:15:46.285+0000] {processor.py:840} INFO - DAG(s) 'example_trigger_controller_dag' retrieved from /home/denys/airflow_venv/lib/python3.12/site-packages/airflow/example_dags/example_trigger_controller_dag.py
[2024-05-08T13:15:46.293+0000] {logging_mixin.py:188} INFO - [2024-05-08T13:15:46.293+0000] {dag.py:3096} INFO - Sync 1 DAGs
[2024-05-08T13:15:46.304+0000] {logging_mixin.py:188} INFO - [2024-05-08T13:15:46.304+0000] {dag.py:3954} INFO - Setting next_dagrun for example_trigger_controller_dag to 2021-01-01 00:00:00+00:00, run_after=2021-01-01 00:00:00+00:00
[2024-05-08T13:15:46.326+0000] {processor.py:183} INFO - Processing /home/denys/airflow_venv/lib/python3.12/site-packages/airflow/example_dags/example_trigger_controller_dag.py took 0.051 seconds
[2024-05-08T13:16:28.191+0000] {processor.py:161} INFO - Started process (PID=2156) to work on /home/denys/airflow_venv/lib/python3.12/site-packages/airflow/example_dags/example_trigger_controller_dag.py
[2024-05-08T13:16:28.192+0000] {processor.py:830} INFO - Processing file /home/denys/airflow_venv/lib/python3.12/site-packages/airflow/example_dags/example_trigger_controller_dag.py for tasks to queue
[2024-05-08T13:16:28.193+0000] {logging_mixin.py:188} INFO - [2024-05-08T13:16:28.193+0000] {dagbag.py:545} INFO - Filling up the DagBag from /home/denys/airflow_venv/lib/python3.12/site-packages/airflow/example_dags/example_trigger_controller_dag.py
[2024-05-08T13:16:28.197+0000] {processor.py:840} INFO - DAG(s) 'example_trigger_controller_dag' retrieved from /home/denys/airflow_venv/lib/python3.12/site-packages/airflow/example_dags/example_trigger_controller_dag.py
[2024-05-08T13:16:28.206+0000] {logging_mixin.py:188} INFO - [2024-05-08T13:16:28.206+0000] {dag.py:3096} INFO - Sync 1 DAGs
[2024-05-08T13:16:28.216+0000] {logging_mixin.py:188} INFO - [2024-05-08T13:16:28.216+0000] {dag.py:3954} INFO - Setting next_dagrun for example_trigger_controller_dag to 2021-01-01 00:00:00+00:00, run_after=2021-01-01 00:00:00+00:00
[2024-05-08T13:16:28.238+0000] {processor.py:183} INFO - Processing /home/denys/airflow_venv/lib/python3.12/site-packages/airflow/example_dags/example_trigger_controller_dag.py took 0.050 seconds
[2024-05-08T13:17:10.465+0000] {processor.py:161} INFO - Started process (PID=2202) to work on /home/denys/airflow_venv/lib/python3.12/site-packages/airflow/example_dags/example_trigger_controller_dag.py
[2024-05-08T13:17:10.466+0000] {processor.py:830} INFO - Processing file /home/denys/airflow_venv/lib/python3.12/site-packages/airflow/example_dags/example_trigger_controller_dag.py for tasks to queue
[2024-05-08T13:17:10.467+0000] {logging_mixin.py:188} INFO - [2024-05-08T13:17:10.467+0000] {dagbag.py:545} INFO - Filling up the DagBag from /home/denys/airflow_venv/lib/python3.12/site-packages/airflow/example_dags/example_trigger_controller_dag.py
[2024-05-08T13:17:10.470+0000] {processor.py:840} INFO - DAG(s) 'example_trigger_controller_dag' retrieved from /home/denys/airflow_venv/lib/python3.12/site-packages/airflow/example_dags/example_trigger_controller_dag.py
[2024-05-08T13:17:10.480+0000] {logging_mixin.py:188} INFO - [2024-05-08T13:17:10.480+0000] {dag.py:3096} INFO - Sync 1 DAGs
[2024-05-08T13:17:10.489+0000] {logging_mixin.py:188} INFO - [2024-05-08T13:17:10.489+0000] {dag.py:3954} INFO - Setting next_dagrun for example_trigger_controller_dag to 2021-01-01 00:00:00+00:00, run_after=2021-01-01 00:00:00+00:00
[2024-05-08T13:17:10.512+0000] {processor.py:183} INFO - Processing /home/denys/airflow_venv/lib/python3.12/site-packages/airflow/example_dags/example_trigger_controller_dag.py took 0.051 seconds
[2024-05-08T13:17:53.468+0000] {processor.py:161} INFO - Started process (PID=2249) to work on /home/denys/airflow_venv/lib/python3.12/site-packages/airflow/example_dags/example_trigger_controller_dag.py
[2024-05-08T13:17:53.469+0000] {processor.py:830} INFO - Processing file /home/denys/airflow_venv/lib/python3.12/site-packages/airflow/example_dags/example_trigger_controller_dag.py for tasks to queue
[2024-05-08T13:17:53.470+0000] {logging_mixin.py:188} INFO - [2024-05-08T13:17:53.469+0000] {dagbag.py:545} INFO - Filling up the DagBag from /home/denys/airflow_venv/lib/python3.12/site-packages/airflow/example_dags/example_trigger_controller_dag.py
[2024-05-08T13:17:53.473+0000] {processor.py:840} INFO - DAG(s) 'example_trigger_controller_dag' retrieved from /home/denys/airflow_venv/lib/python3.12/site-packages/airflow/example_dags/example_trigger_controller_dag.py
[2024-05-08T13:17:53.482+0000] {logging_mixin.py:188} INFO - [2024-05-08T13:17:53.482+0000] {dag.py:3096} INFO - Sync 1 DAGs
[2024-05-08T13:17:53.491+0000] {logging_mixin.py:188} INFO - [2024-05-08T13:17:53.491+0000] {dag.py:3954} INFO - Setting next_dagrun for example_trigger_controller_dag to 2021-01-01 00:00:00+00:00, run_after=2021-01-01 00:00:00+00:00
[2024-05-08T13:17:53.512+0000] {processor.py:183} INFO - Processing /home/denys/airflow_venv/lib/python3.12/site-packages/airflow/example_dags/example_trigger_controller_dag.py took 0.048 seconds
[2024-05-08T13:19:21.047+0000] {processor.py:161} INFO - Started process (PID=2323) to work on /home/denys/airflow_venv/lib/python3.12/site-packages/airflow/example_dags/example_trigger_controller_dag.py
[2024-05-08T13:19:21.049+0000] {processor.py:830} INFO - Processing file /home/denys/airflow_venv/lib/python3.12/site-packages/airflow/example_dags/example_trigger_controller_dag.py for tasks to queue
[2024-05-08T13:19:21.049+0000] {logging_mixin.py:188} INFO - [2024-05-08T13:19:21.049+0000] {dagbag.py:545} INFO - Filling up the DagBag from /home/denys/airflow_venv/lib/python3.12/site-packages/airflow/example_dags/example_trigger_controller_dag.py
[2024-05-08T13:19:21.052+0000] {processor.py:840} INFO - DAG(s) 'example_trigger_controller_dag' retrieved from /home/denys/airflow_venv/lib/python3.12/site-packages/airflow/example_dags/example_trigger_controller_dag.py
[2024-05-08T13:19:21.057+0000] {logging_mixin.py:188} INFO - [2024-05-08T13:19:21.057+0000] {dag.py:3096} INFO - Sync 1 DAGs
[2024-05-08T13:19:21.069+0000] {logging_mixin.py:188} INFO - [2024-05-08T13:19:21.069+0000] {dag.py:3954} INFO - Setting next_dagrun for example_trigger_controller_dag to 2021-01-01 00:00:00+00:00, run_after=2021-01-01 00:00:00+00:00
[2024-05-08T13:19:21.087+0000] {processor.py:183} INFO - Processing /home/denys/airflow_venv/lib/python3.12/site-packages/airflow/example_dags/example_trigger_controller_dag.py took 0.043 seconds
[2024-05-08T13:20:12.506+0000] {processor.py:161} INFO - Started process (PID=2380) to work on /home/denys/airflow_venv/lib/python3.12/site-packages/airflow/example_dags/example_trigger_controller_dag.py
[2024-05-08T13:20:12.507+0000] {processor.py:830} INFO - Processing file /home/denys/airflow_venv/lib/python3.12/site-packages/airflow/example_dags/example_trigger_controller_dag.py for tasks to queue
[2024-05-08T13:20:12.508+0000] {logging_mixin.py:188} INFO - [2024-05-08T13:20:12.508+0000] {dagbag.py:545} INFO - Filling up the DagBag from /home/denys/airflow_venv/lib/python3.12/site-packages/airflow/example_dags/example_trigger_controller_dag.py
[2024-05-08T13:20:12.515+0000] {processor.py:840} INFO - DAG(s) 'example_trigger_controller_dag' retrieved from /home/denys/airflow_venv/lib/python3.12/site-packages/airflow/example_dags/example_trigger_controller_dag.py
[2024-05-08T13:20:12.563+0000] {logging_mixin.py:188} INFO - [2024-05-08T13:20:12.562+0000] {dag.py:3096} INFO - Sync 1 DAGs
[2024-05-08T13:20:12.570+0000] {logging_mixin.py:188} INFO - [2024-05-08T13:20:12.570+0000] {dag.py:3954} INFO - Setting next_dagrun for example_trigger_controller_dag to 2021-01-01 00:00:00+00:00, run_after=2021-01-01 00:00:00+00:00
[2024-05-08T13:20:12.645+0000] {processor.py:183} INFO - Processing /home/denys/airflow_venv/lib/python3.12/site-packages/airflow/example_dags/example_trigger_controller_dag.py took 0.142 seconds
[2024-05-08T13:21:02.178+0000] {processor.py:161} INFO - Started process (PID=2432) to work on /home/denys/airflow_venv/lib/python3.12/site-packages/airflow/example_dags/example_trigger_controller_dag.py
[2024-05-08T13:21:02.179+0000] {processor.py:830} INFO - Processing file /home/denys/airflow_venv/lib/python3.12/site-packages/airflow/example_dags/example_trigger_controller_dag.py for tasks to queue
[2024-05-08T13:21:02.180+0000] {logging_mixin.py:188} INFO - [2024-05-08T13:21:02.180+0000] {dagbag.py:545} INFO - Filling up the DagBag from /home/denys/airflow_venv/lib/python3.12/site-packages/airflow/example_dags/example_trigger_controller_dag.py
[2024-05-08T13:21:02.183+0000] {processor.py:840} INFO - DAG(s) 'example_trigger_controller_dag' retrieved from /home/denys/airflow_venv/lib/python3.12/site-packages/airflow/example_dags/example_trigger_controller_dag.py
[2024-05-08T13:21:02.193+0000] {logging_mixin.py:188} INFO - [2024-05-08T13:21:02.192+0000] {dag.py:3096} INFO - Sync 1 DAGs
[2024-05-08T13:21:02.203+0000] {logging_mixin.py:188} INFO - [2024-05-08T13:21:02.203+0000] {dag.py:3954} INFO - Setting next_dagrun for example_trigger_controller_dag to 2021-01-01 00:00:00+00:00, run_after=2021-01-01 00:00:00+00:00
[2024-05-08T13:21:02.224+0000] {processor.py:183} INFO - Processing /home/denys/airflow_venv/lib/python3.12/site-packages/airflow/example_dags/example_trigger_controller_dag.py took 0.050 seconds
[2024-05-08T13:21:45.999+0000] {processor.py:161} INFO - Started process (PID=2474) to work on /home/denys/airflow_venv/lib/python3.12/site-packages/airflow/example_dags/example_trigger_controller_dag.py
[2024-05-08T13:21:46.001+0000] {processor.py:830} INFO - Processing file /home/denys/airflow_venv/lib/python3.12/site-packages/airflow/example_dags/example_trigger_controller_dag.py for tasks to queue
[2024-05-08T13:21:46.002+0000] {logging_mixin.py:188} INFO - [2024-05-08T13:21:46.002+0000] {dagbag.py:545} INFO - Filling up the DagBag from /home/denys/airflow_venv/lib/python3.12/site-packages/airflow/example_dags/example_trigger_controller_dag.py
[2024-05-08T13:21:46.005+0000] {processor.py:840} INFO - DAG(s) 'example_trigger_controller_dag' retrieved from /home/denys/airflow_venv/lib/python3.12/site-packages/airflow/example_dags/example_trigger_controller_dag.py
[2024-05-08T13:21:46.015+0000] {logging_mixin.py:188} INFO - [2024-05-08T13:21:46.014+0000] {dag.py:3096} INFO - Sync 1 DAGs
[2024-05-08T13:21:46.024+0000] {logging_mixin.py:188} INFO - [2024-05-08T13:21:46.024+0000] {dag.py:3954} INFO - Setting next_dagrun for example_trigger_controller_dag to 2021-01-01 00:00:00+00:00, run_after=2021-01-01 00:00:00+00:00
[2024-05-08T13:21:46.044+0000] {processor.py:183} INFO - Processing /home/denys/airflow_venv/lib/python3.12/site-packages/airflow/example_dags/example_trigger_controller_dag.py took 0.049 seconds
[2024-05-08T13:22:29.198+0000] {processor.py:161} INFO - Started process (PID=2520) to work on /home/denys/airflow_venv/lib/python3.12/site-packages/airflow/example_dags/example_trigger_controller_dag.py
[2024-05-08T13:22:29.201+0000] {processor.py:830} INFO - Processing file /home/denys/airflow_venv/lib/python3.12/site-packages/airflow/example_dags/example_trigger_controller_dag.py for tasks to queue
[2024-05-08T13:22:29.202+0000] {logging_mixin.py:188} INFO - [2024-05-08T13:22:29.201+0000] {dagbag.py:545} INFO - Filling up the DagBag from /home/denys/airflow_venv/lib/python3.12/site-packages/airflow/example_dags/example_trigger_controller_dag.py
[2024-05-08T13:22:29.205+0000] {processor.py:840} INFO - DAG(s) 'example_trigger_controller_dag' retrieved from /home/denys/airflow_venv/lib/python3.12/site-packages/airflow/example_dags/example_trigger_controller_dag.py
[2024-05-08T13:22:29.215+0000] {logging_mixin.py:188} INFO - [2024-05-08T13:22:29.215+0000] {dag.py:3096} INFO - Sync 1 DAGs
[2024-05-08T13:22:29.226+0000] {logging_mixin.py:188} INFO - [2024-05-08T13:22:29.226+0000] {dag.py:3954} INFO - Setting next_dagrun for example_trigger_controller_dag to 2021-01-01 00:00:00+00:00, run_after=2021-01-01 00:00:00+00:00
[2024-05-08T13:22:29.244+0000] {processor.py:183} INFO - Processing /home/denys/airflow_venv/lib/python3.12/site-packages/airflow/example_dags/example_trigger_controller_dag.py took 0.049 seconds
[2024-05-08T13:23:10.858+0000] {processor.py:161} INFO - Started process (PID=2565) to work on /home/denys/airflow_venv/lib/python3.12/site-packages/airflow/example_dags/example_trigger_controller_dag.py
[2024-05-08T13:23:10.859+0000] {processor.py:830} INFO - Processing file /home/denys/airflow_venv/lib/python3.12/site-packages/airflow/example_dags/example_trigger_controller_dag.py for tasks to queue
[2024-05-08T13:23:10.860+0000] {logging_mixin.py:188} INFO - [2024-05-08T13:23:10.859+0000] {dagbag.py:545} INFO - Filling up the DagBag from /home/denys/airflow_venv/lib/python3.12/site-packages/airflow/example_dags/example_trigger_controller_dag.py
[2024-05-08T13:23:10.863+0000] {processor.py:840} INFO - DAG(s) 'example_trigger_controller_dag' retrieved from /home/denys/airflow_venv/lib/python3.12/site-packages/airflow/example_dags/example_trigger_controller_dag.py
[2024-05-08T13:23:10.871+0000] {logging_mixin.py:188} INFO - [2024-05-08T13:23:10.871+0000] {dag.py:3096} INFO - Sync 1 DAGs
[2024-05-08T13:23:10.880+0000] {logging_mixin.py:188} INFO - [2024-05-08T13:23:10.880+0000] {dag.py:3954} INFO - Setting next_dagrun for example_trigger_controller_dag to 2021-01-01 00:00:00+00:00, run_after=2021-01-01 00:00:00+00:00
[2024-05-08T13:23:10.897+0000] {processor.py:183} INFO - Processing /home/denys/airflow_venv/lib/python3.12/site-packages/airflow/example_dags/example_trigger_controller_dag.py took 0.043 seconds
[2024-05-08T13:23:52.606+0000] {processor.py:161} INFO - Started process (PID=2676) to work on /home/denys/airflow_venv/lib/python3.12/site-packages/airflow/example_dags/example_trigger_controller_dag.py
[2024-05-08T13:23:52.608+0000] {processor.py:830} INFO - Processing file /home/denys/airflow_venv/lib/python3.12/site-packages/airflow/example_dags/example_trigger_controller_dag.py for tasks to queue
[2024-05-08T13:23:52.609+0000] {logging_mixin.py:188} INFO - [2024-05-08T13:23:52.609+0000] {dagbag.py:545} INFO - Filling up the DagBag from /home/denys/airflow_venv/lib/python3.12/site-packages/airflow/example_dags/example_trigger_controller_dag.py
[2024-05-08T13:23:52.612+0000] {processor.py:840} INFO - DAG(s) 'example_trigger_controller_dag' retrieved from /home/denys/airflow_venv/lib/python3.12/site-packages/airflow/example_dags/example_trigger_controller_dag.py
[2024-05-08T13:23:52.621+0000] {logging_mixin.py:188} INFO - [2024-05-08T13:23:52.621+0000] {dag.py:3096} INFO - Sync 1 DAGs
[2024-05-08T13:23:52.630+0000] {logging_mixin.py:188} INFO - [2024-05-08T13:23:52.630+0000] {dag.py:3954} INFO - Setting next_dagrun for example_trigger_controller_dag to 2021-01-01 00:00:00+00:00, run_after=2021-01-01 00:00:00+00:00
[2024-05-08T13:23:52.652+0000] {processor.py:183} INFO - Processing /home/denys/airflow_venv/lib/python3.12/site-packages/airflow/example_dags/example_trigger_controller_dag.py took 0.049 seconds
[2024-05-08T13:24:32.160+0000] {processor.py:161} INFO - Started process (PID=2722) to work on /home/denys/airflow_venv/lib/python3.12/site-packages/airflow/example_dags/example_trigger_controller_dag.py
[2024-05-08T13:24:32.162+0000] {processor.py:830} INFO - Processing file /home/denys/airflow_venv/lib/python3.12/site-packages/airflow/example_dags/example_trigger_controller_dag.py for tasks to queue
[2024-05-08T13:24:32.163+0000] {logging_mixin.py:188} INFO - [2024-05-08T13:24:32.162+0000] {dagbag.py:545} INFO - Filling up the DagBag from /home/denys/airflow_venv/lib/python3.12/site-packages/airflow/example_dags/example_trigger_controller_dag.py
[2024-05-08T13:24:32.166+0000] {processor.py:840} INFO - DAG(s) 'example_trigger_controller_dag' retrieved from /home/denys/airflow_venv/lib/python3.12/site-packages/airflow/example_dags/example_trigger_controller_dag.py
[2024-05-08T13:24:32.176+0000] {logging_mixin.py:188} INFO - [2024-05-08T13:24:32.175+0000] {dag.py:3096} INFO - Sync 1 DAGs
[2024-05-08T13:24:32.186+0000] {logging_mixin.py:188} INFO - [2024-05-08T13:24:32.186+0000] {dag.py:3954} INFO - Setting next_dagrun for example_trigger_controller_dag to 2021-01-01 00:00:00+00:00, run_after=2021-01-01 00:00:00+00:00
[2024-05-08T13:24:32.207+0000] {processor.py:183} INFO - Processing /home/denys/airflow_venv/lib/python3.12/site-packages/airflow/example_dags/example_trigger_controller_dag.py took 0.050 seconds
[2024-05-08T13:25:12.544+0000] {processor.py:161} INFO - Started process (PID=2771) to work on /home/denys/airflow_venv/lib/python3.12/site-packages/airflow/example_dags/example_trigger_controller_dag.py
[2024-05-08T13:25:12.545+0000] {processor.py:830} INFO - Processing file /home/denys/airflow_venv/lib/python3.12/site-packages/airflow/example_dags/example_trigger_controller_dag.py for tasks to queue
[2024-05-08T13:25:12.547+0000] {logging_mixin.py:188} INFO - [2024-05-08T13:25:12.546+0000] {dagbag.py:545} INFO - Filling up the DagBag from /home/denys/airflow_venv/lib/python3.12/site-packages/airflow/example_dags/example_trigger_controller_dag.py
[2024-05-08T13:25:12.550+0000] {processor.py:840} INFO - DAG(s) 'example_trigger_controller_dag' retrieved from /home/denys/airflow_venv/lib/python3.12/site-packages/airflow/example_dags/example_trigger_controller_dag.py
[2024-05-08T13:25:12.559+0000] {logging_mixin.py:188} INFO - [2024-05-08T13:25:12.559+0000] {dag.py:3096} INFO - Sync 1 DAGs
[2024-05-08T13:25:12.570+0000] {logging_mixin.py:188} INFO - [2024-05-08T13:25:12.570+0000] {dag.py:3954} INFO - Setting next_dagrun for example_trigger_controller_dag to 2021-01-01 00:00:00+00:00, run_after=2021-01-01 00:00:00+00:00
[2024-05-08T13:25:12.590+0000] {processor.py:183} INFO - Processing /home/denys/airflow_venv/lib/python3.12/site-packages/airflow/example_dags/example_trigger_controller_dag.py took 0.049 seconds
[2024-05-08T13:25:53.282+0000] {processor.py:161} INFO - Started process (PID=2813) to work on /home/denys/airflow_venv/lib/python3.12/site-packages/airflow/example_dags/example_trigger_controller_dag.py
[2024-05-08T13:25:53.289+0000] {processor.py:830} INFO - Processing file /home/denys/airflow_venv/lib/python3.12/site-packages/airflow/example_dags/example_trigger_controller_dag.py for tasks to queue
[2024-05-08T13:25:53.290+0000] {logging_mixin.py:188} INFO - [2024-05-08T13:25:53.289+0000] {dagbag.py:545} INFO - Filling up the DagBag from /home/denys/airflow_venv/lib/python3.12/site-packages/airflow/example_dags/example_trigger_controller_dag.py
[2024-05-08T13:25:53.293+0000] {processor.py:840} INFO - DAG(s) 'example_trigger_controller_dag' retrieved from /home/denys/airflow_venv/lib/python3.12/site-packages/airflow/example_dags/example_trigger_controller_dag.py
[2024-05-08T13:25:53.301+0000] {logging_mixin.py:188} INFO - [2024-05-08T13:25:53.301+0000] {dag.py:3096} INFO - Sync 1 DAGs
[2024-05-08T13:25:53.310+0000] {logging_mixin.py:188} INFO - [2024-05-08T13:25:53.310+0000] {dag.py:3954} INFO - Setting next_dagrun for example_trigger_controller_dag to 2021-01-01 00:00:00+00:00, run_after=2021-01-01 00:00:00+00:00
[2024-05-08T13:25:53.329+0000] {processor.py:183} INFO - Processing /home/denys/airflow_venv/lib/python3.12/site-packages/airflow/example_dags/example_trigger_controller_dag.py took 0.051 seconds
[2024-05-08T13:26:35.111+0000] {processor.py:161} INFO - Started process (PID=2855) to work on /home/denys/airflow_venv/lib/python3.12/site-packages/airflow/example_dags/example_trigger_controller_dag.py
[2024-05-08T13:26:35.112+0000] {processor.py:830} INFO - Processing file /home/denys/airflow_venv/lib/python3.12/site-packages/airflow/example_dags/example_trigger_controller_dag.py for tasks to queue
[2024-05-08T13:26:35.114+0000] {logging_mixin.py:188} INFO - [2024-05-08T13:26:35.113+0000] {dagbag.py:545} INFO - Filling up the DagBag from /home/denys/airflow_venv/lib/python3.12/site-packages/airflow/example_dags/example_trigger_controller_dag.py
[2024-05-08T13:26:35.117+0000] {processor.py:840} INFO - DAG(s) 'example_trigger_controller_dag' retrieved from /home/denys/airflow_venv/lib/python3.12/site-packages/airflow/example_dags/example_trigger_controller_dag.py
[2024-05-08T13:26:35.126+0000] {logging_mixin.py:188} INFO - [2024-05-08T13:26:35.126+0000] {dag.py:3096} INFO - Sync 1 DAGs
[2024-05-08T13:26:35.137+0000] {logging_mixin.py:188} INFO - [2024-05-08T13:26:35.137+0000] {dag.py:3954} INFO - Setting next_dagrun for example_trigger_controller_dag to 2021-01-01 00:00:00+00:00, run_after=2021-01-01 00:00:00+00:00
[2024-05-08T13:26:35.158+0000] {processor.py:183} INFO - Processing /home/denys/airflow_venv/lib/python3.12/site-packages/airflow/example_dags/example_trigger_controller_dag.py took 0.051 seconds
[2024-05-08T13:27:18.416+0000] {processor.py:161} INFO - Started process (PID=2900) to work on /home/denys/airflow_venv/lib/python3.12/site-packages/airflow/example_dags/example_trigger_controller_dag.py
[2024-05-08T13:27:18.418+0000] {processor.py:830} INFO - Processing file /home/denys/airflow_venv/lib/python3.12/site-packages/airflow/example_dags/example_trigger_controller_dag.py for tasks to queue
[2024-05-08T13:27:18.419+0000] {logging_mixin.py:188} INFO - [2024-05-08T13:27:18.419+0000] {dagbag.py:545} INFO - Filling up the DagBag from /home/denys/airflow_venv/lib/python3.12/site-packages/airflow/example_dags/example_trigger_controller_dag.py
[2024-05-08T13:27:18.422+0000] {processor.py:840} INFO - DAG(s) 'example_trigger_controller_dag' retrieved from /home/denys/airflow_venv/lib/python3.12/site-packages/airflow/example_dags/example_trigger_controller_dag.py
[2024-05-08T13:27:18.432+0000] {logging_mixin.py:188} INFO - [2024-05-08T13:27:18.432+0000] {dag.py:3096} INFO - Sync 1 DAGs
[2024-05-08T13:27:18.442+0000] {logging_mixin.py:188} INFO - [2024-05-08T13:27:18.442+0000] {dag.py:3954} INFO - Setting next_dagrun for example_trigger_controller_dag to 2021-01-01 00:00:00+00:00, run_after=2021-01-01 00:00:00+00:00
[2024-05-08T13:27:18.457+0000] {processor.py:183} INFO - Processing /home/denys/airflow_venv/lib/python3.12/site-packages/airflow/example_dags/example_trigger_controller_dag.py took 0.044 seconds
[2024-05-08T13:28:03.257+0000] {processor.py:161} INFO - Started process (PID=2945) to work on /home/denys/airflow_venv/lib/python3.12/site-packages/airflow/example_dags/example_trigger_controller_dag.py
[2024-05-08T13:28:03.258+0000] {processor.py:830} INFO - Processing file /home/denys/airflow_venv/lib/python3.12/site-packages/airflow/example_dags/example_trigger_controller_dag.py for tasks to queue
[2024-05-08T13:28:03.260+0000] {logging_mixin.py:188} INFO - [2024-05-08T13:28:03.259+0000] {dagbag.py:545} INFO - Filling up the DagBag from /home/denys/airflow_venv/lib/python3.12/site-packages/airflow/example_dags/example_trigger_controller_dag.py
[2024-05-08T13:28:03.264+0000] {processor.py:840} INFO - DAG(s) 'example_trigger_controller_dag' retrieved from /home/denys/airflow_venv/lib/python3.12/site-packages/airflow/example_dags/example_trigger_controller_dag.py
[2024-05-08T13:28:03.274+0000] {logging_mixin.py:188} INFO - [2024-05-08T13:28:03.274+0000] {dag.py:3096} INFO - Sync 1 DAGs
[2024-05-08T13:28:03.285+0000] {logging_mixin.py:188} INFO - [2024-05-08T13:28:03.285+0000] {dag.py:3954} INFO - Setting next_dagrun for example_trigger_controller_dag to 2021-01-01 00:00:00+00:00, run_after=2021-01-01 00:00:00+00:00
[2024-05-08T13:28:03.309+0000] {processor.py:183} INFO - Processing /home/denys/airflow_venv/lib/python3.12/site-packages/airflow/example_dags/example_trigger_controller_dag.py took 0.056 seconds
[2024-05-08T13:28:45.153+0000] {processor.py:161} INFO - Started process (PID=2990) to work on /home/denys/airflow_venv/lib/python3.12/site-packages/airflow/example_dags/example_trigger_controller_dag.py
[2024-05-08T13:28:45.154+0000] {processor.py:830} INFO - Processing file /home/denys/airflow_venv/lib/python3.12/site-packages/airflow/example_dags/example_trigger_controller_dag.py for tasks to queue
[2024-05-08T13:28:45.155+0000] {logging_mixin.py:188} INFO - [2024-05-08T13:28:45.155+0000] {dagbag.py:545} INFO - Filling up the DagBag from /home/denys/airflow_venv/lib/python3.12/site-packages/airflow/example_dags/example_trigger_controller_dag.py
[2024-05-08T13:28:45.159+0000] {processor.py:840} INFO - DAG(s) 'example_trigger_controller_dag' retrieved from /home/denys/airflow_venv/lib/python3.12/site-packages/airflow/example_dags/example_trigger_controller_dag.py
[2024-05-08T13:28:45.168+0000] {logging_mixin.py:188} INFO - [2024-05-08T13:28:45.168+0000] {dag.py:3096} INFO - Sync 1 DAGs
[2024-05-08T13:28:45.178+0000] {logging_mixin.py:188} INFO - [2024-05-08T13:28:45.178+0000] {dag.py:3954} INFO - Setting next_dagrun for example_trigger_controller_dag to 2021-01-01 00:00:00+00:00, run_after=2021-01-01 00:00:00+00:00
[2024-05-08T13:28:45.201+0000] {processor.py:183} INFO - Processing /home/denys/airflow_venv/lib/python3.12/site-packages/airflow/example_dags/example_trigger_controller_dag.py took 0.052 seconds
[2024-05-08T13:29:25.256+0000] {processor.py:161} INFO - Started process (PID=3088) to work on /home/denys/airflow_venv/lib/python3.12/site-packages/airflow/example_dags/example_trigger_controller_dag.py
[2024-05-08T13:29:25.257+0000] {processor.py:830} INFO - Processing file /home/denys/airflow_venv/lib/python3.12/site-packages/airflow/example_dags/example_trigger_controller_dag.py for tasks to queue
[2024-05-08T13:29:25.258+0000] {logging_mixin.py:188} INFO - [2024-05-08T13:29:25.258+0000] {dagbag.py:545} INFO - Filling up the DagBag from /home/denys/airflow_venv/lib/python3.12/site-packages/airflow/example_dags/example_trigger_controller_dag.py
[2024-05-08T13:29:25.261+0000] {processor.py:840} INFO - DAG(s) 'example_trigger_controller_dag' retrieved from /home/denys/airflow_venv/lib/python3.12/site-packages/airflow/example_dags/example_trigger_controller_dag.py
[2024-05-08T13:29:25.271+0000] {logging_mixin.py:188} INFO - [2024-05-08T13:29:25.271+0000] {dag.py:3096} INFO - Sync 1 DAGs
[2024-05-08T13:29:25.282+0000] {logging_mixin.py:188} INFO - [2024-05-08T13:29:25.282+0000] {dag.py:3954} INFO - Setting next_dagrun for example_trigger_controller_dag to 2021-01-01 00:00:00+00:00, run_after=2021-01-01 00:00:00+00:00
[2024-05-08T13:29:25.299+0000] {processor.py:183} INFO - Processing /home/denys/airflow_venv/lib/python3.12/site-packages/airflow/example_dags/example_trigger_controller_dag.py took 0.046 seconds
[2024-05-08T13:30:04.076+0000] {processor.py:161} INFO - Started process (PID=3128) to work on /home/denys/airflow_venv/lib/python3.12/site-packages/airflow/example_dags/example_trigger_controller_dag.py
[2024-05-08T13:30:04.078+0000] {processor.py:830} INFO - Processing file /home/denys/airflow_venv/lib/python3.12/site-packages/airflow/example_dags/example_trigger_controller_dag.py for tasks to queue
[2024-05-08T13:30:04.079+0000] {logging_mixin.py:188} INFO - [2024-05-08T13:30:04.078+0000] {dagbag.py:545} INFO - Filling up the DagBag from /home/denys/airflow_venv/lib/python3.12/site-packages/airflow/example_dags/example_trigger_controller_dag.py
[2024-05-08T13:30:04.082+0000] {processor.py:840} INFO - DAG(s) 'example_trigger_controller_dag' retrieved from /home/denys/airflow_venv/lib/python3.12/site-packages/airflow/example_dags/example_trigger_controller_dag.py
[2024-05-08T13:30:04.093+0000] {logging_mixin.py:188} INFO - [2024-05-08T13:30:04.093+0000] {dag.py:3096} INFO - Sync 1 DAGs
[2024-05-08T13:30:04.104+0000] {logging_mixin.py:188} INFO - [2024-05-08T13:30:04.104+0000] {dag.py:3954} INFO - Setting next_dagrun for example_trigger_controller_dag to 2021-01-01 00:00:00+00:00, run_after=2021-01-01 00:00:00+00:00
[2024-05-08T13:30:04.123+0000] {processor.py:183} INFO - Processing /home/denys/airflow_venv/lib/python3.12/site-packages/airflow/example_dags/example_trigger_controller_dag.py took 0.050 seconds
[2024-05-08T13:30:44.136+0000] {processor.py:161} INFO - Started process (PID=3173) to work on /home/denys/airflow_venv/lib/python3.12/site-packages/airflow/example_dags/example_trigger_controller_dag.py
[2024-05-08T13:30:44.137+0000] {processor.py:830} INFO - Processing file /home/denys/airflow_venv/lib/python3.12/site-packages/airflow/example_dags/example_trigger_controller_dag.py for tasks to queue
[2024-05-08T13:30:44.138+0000] {logging_mixin.py:188} INFO - [2024-05-08T13:30:44.138+0000] {dagbag.py:545} INFO - Filling up the DagBag from /home/denys/airflow_venv/lib/python3.12/site-packages/airflow/example_dags/example_trigger_controller_dag.py
[2024-05-08T13:30:44.141+0000] {processor.py:840} INFO - DAG(s) 'example_trigger_controller_dag' retrieved from /home/denys/airflow_venv/lib/python3.12/site-packages/airflow/example_dags/example_trigger_controller_dag.py
[2024-05-08T13:30:44.152+0000] {logging_mixin.py:188} INFO - [2024-05-08T13:30:44.151+0000] {dag.py:3096} INFO - Sync 1 DAGs
[2024-05-08T13:30:44.164+0000] {logging_mixin.py:188} INFO - [2024-05-08T13:30:44.163+0000] {dag.py:3954} INFO - Setting next_dagrun for example_trigger_controller_dag to 2021-01-01 00:00:00+00:00, run_after=2021-01-01 00:00:00+00:00
[2024-05-08T13:30:44.189+0000] {processor.py:183} INFO - Processing /home/denys/airflow_venv/lib/python3.12/site-packages/airflow/example_dags/example_trigger_controller_dag.py took 0.057 seconds
[2024-05-08T13:31:26.852+0000] {processor.py:161} INFO - Started process (PID=3217) to work on /home/denys/airflow_venv/lib/python3.12/site-packages/airflow/example_dags/example_trigger_controller_dag.py
[2024-05-08T13:31:26.854+0000] {processor.py:830} INFO - Processing file /home/denys/airflow_venv/lib/python3.12/site-packages/airflow/example_dags/example_trigger_controller_dag.py for tasks to queue
[2024-05-08T13:31:26.855+0000] {logging_mixin.py:188} INFO - [2024-05-08T13:31:26.855+0000] {dagbag.py:545} INFO - Filling up the DagBag from /home/denys/airflow_venv/lib/python3.12/site-packages/airflow/example_dags/example_trigger_controller_dag.py
[2024-05-08T13:31:26.859+0000] {processor.py:840} INFO - DAG(s) 'example_trigger_controller_dag' retrieved from /home/denys/airflow_venv/lib/python3.12/site-packages/airflow/example_dags/example_trigger_controller_dag.py
[2024-05-08T13:31:26.869+0000] {logging_mixin.py:188} INFO - [2024-05-08T13:31:26.869+0000] {dag.py:3096} INFO - Sync 1 DAGs
[2024-05-08T13:31:26.880+0000] {logging_mixin.py:188} INFO - [2024-05-08T13:31:26.880+0000] {dag.py:3954} INFO - Setting next_dagrun for example_trigger_controller_dag to 2021-01-01 00:00:00+00:00, run_after=2021-01-01 00:00:00+00:00
[2024-05-08T13:31:26.896+0000] {processor.py:183} INFO - Processing /home/denys/airflow_venv/lib/python3.12/site-packages/airflow/example_dags/example_trigger_controller_dag.py took 0.048 seconds
[2024-05-08T13:32:07.140+0000] {processor.py:161} INFO - Started process (PID=3258) to work on /home/denys/airflow_venv/lib/python3.12/site-packages/airflow/example_dags/example_trigger_controller_dag.py
[2024-05-08T13:32:07.141+0000] {processor.py:830} INFO - Processing file /home/denys/airflow_venv/lib/python3.12/site-packages/airflow/example_dags/example_trigger_controller_dag.py for tasks to queue
[2024-05-08T13:32:07.142+0000] {logging_mixin.py:188} INFO - [2024-05-08T13:32:07.142+0000] {dagbag.py:545} INFO - Filling up the DagBag from /home/denys/airflow_venv/lib/python3.12/site-packages/airflow/example_dags/example_trigger_controller_dag.py
[2024-05-08T13:32:07.145+0000] {processor.py:840} INFO - DAG(s) 'example_trigger_controller_dag' retrieved from /home/denys/airflow_venv/lib/python3.12/site-packages/airflow/example_dags/example_trigger_controller_dag.py
[2024-05-08T13:32:07.154+0000] {logging_mixin.py:188} INFO - [2024-05-08T13:32:07.154+0000] {dag.py:3096} INFO - Sync 1 DAGs
[2024-05-08T13:32:07.163+0000] {logging_mixin.py:188} INFO - [2024-05-08T13:32:07.163+0000] {dag.py:3954} INFO - Setting next_dagrun for example_trigger_controller_dag to 2021-01-01 00:00:00+00:00, run_after=2021-01-01 00:00:00+00:00
[2024-05-08T13:32:07.185+0000] {processor.py:183} INFO - Processing /home/denys/airflow_venv/lib/python3.12/site-packages/airflow/example_dags/example_trigger_controller_dag.py took 0.048 seconds
[2024-05-08T13:32:51.962+0000] {processor.py:161} INFO - Started process (PID=3303) to work on /home/denys/airflow_venv/lib/python3.12/site-packages/airflow/example_dags/example_trigger_controller_dag.py
[2024-05-08T13:32:51.964+0000] {processor.py:830} INFO - Processing file /home/denys/airflow_venv/lib/python3.12/site-packages/airflow/example_dags/example_trigger_controller_dag.py for tasks to queue
[2024-05-08T13:32:51.965+0000] {logging_mixin.py:188} INFO - [2024-05-08T13:32:51.965+0000] {dagbag.py:545} INFO - Filling up the DagBag from /home/denys/airflow_venv/lib/python3.12/site-packages/airflow/example_dags/example_trigger_controller_dag.py
[2024-05-08T13:32:51.970+0000] {processor.py:840} INFO - DAG(s) 'example_trigger_controller_dag' retrieved from /home/denys/airflow_venv/lib/python3.12/site-packages/airflow/example_dags/example_trigger_controller_dag.py
[2024-05-08T13:32:51.979+0000] {logging_mixin.py:188} INFO - [2024-05-08T13:32:51.979+0000] {dag.py:3096} INFO - Sync 1 DAGs
[2024-05-08T13:32:51.991+0000] {logging_mixin.py:188} INFO - [2024-05-08T13:32:51.991+0000] {dag.py:3954} INFO - Setting next_dagrun for example_trigger_controller_dag to 2021-01-01 00:00:00+00:00, run_after=2021-01-01 00:00:00+00:00
[2024-05-08T13:32:52.010+0000] {processor.py:183} INFO - Processing /home/denys/airflow_venv/lib/python3.12/site-packages/airflow/example_dags/example_trigger_controller_dag.py took 0.051 seconds
[2024-05-08T13:33:34.839+0000] {processor.py:161} INFO - Started process (PID=3348) to work on /home/denys/airflow_venv/lib/python3.12/site-packages/airflow/example_dags/example_trigger_controller_dag.py
[2024-05-08T13:33:34.840+0000] {processor.py:830} INFO - Processing file /home/denys/airflow_venv/lib/python3.12/site-packages/airflow/example_dags/example_trigger_controller_dag.py for tasks to queue
[2024-05-08T13:33:34.841+0000] {logging_mixin.py:188} INFO - [2024-05-08T13:33:34.841+0000] {dagbag.py:545} INFO - Filling up the DagBag from /home/denys/airflow_venv/lib/python3.12/site-packages/airflow/example_dags/example_trigger_controller_dag.py
[2024-05-08T13:33:34.844+0000] {processor.py:840} INFO - DAG(s) 'example_trigger_controller_dag' retrieved from /home/denys/airflow_venv/lib/python3.12/site-packages/airflow/example_dags/example_trigger_controller_dag.py
[2024-05-08T13:33:34.853+0000] {logging_mixin.py:188} INFO - [2024-05-08T13:33:34.853+0000] {dag.py:3096} INFO - Sync 1 DAGs
[2024-05-08T13:33:34.862+0000] {logging_mixin.py:188} INFO - [2024-05-08T13:33:34.862+0000] {dag.py:3954} INFO - Setting next_dagrun for example_trigger_controller_dag to 2021-01-01 00:00:00+00:00, run_after=2021-01-01 00:00:00+00:00
[2024-05-08T13:33:34.880+0000] {processor.py:183} INFO - Processing /home/denys/airflow_venv/lib/python3.12/site-packages/airflow/example_dags/example_trigger_controller_dag.py took 0.045 seconds
[2024-05-08T13:34:17.250+0000] {processor.py:161} INFO - Started process (PID=3395) to work on /home/denys/airflow_venv/lib/python3.12/site-packages/airflow/example_dags/example_trigger_controller_dag.py
[2024-05-08T13:34:17.251+0000] {processor.py:830} INFO - Processing file /home/denys/airflow_venv/lib/python3.12/site-packages/airflow/example_dags/example_trigger_controller_dag.py for tasks to queue
[2024-05-08T13:34:17.252+0000] {logging_mixin.py:188} INFO - [2024-05-08T13:34:17.252+0000] {dagbag.py:545} INFO - Filling up the DagBag from /home/denys/airflow_venv/lib/python3.12/site-packages/airflow/example_dags/example_trigger_controller_dag.py
[2024-05-08T13:34:17.256+0000] {processor.py:840} INFO - DAG(s) 'example_trigger_controller_dag' retrieved from /home/denys/airflow_venv/lib/python3.12/site-packages/airflow/example_dags/example_trigger_controller_dag.py
[2024-05-08T13:34:17.265+0000] {logging_mixin.py:188} INFO - [2024-05-08T13:34:17.265+0000] {dag.py:3096} INFO - Sync 1 DAGs
[2024-05-08T13:34:17.274+0000] {logging_mixin.py:188} INFO - [2024-05-08T13:34:17.274+0000] {dag.py:3954} INFO - Setting next_dagrun for example_trigger_controller_dag to 2021-01-01 00:00:00+00:00, run_after=2021-01-01 00:00:00+00:00
[2024-05-08T13:34:17.298+0000] {processor.py:183} INFO - Processing /home/denys/airflow_venv/lib/python3.12/site-packages/airflow/example_dags/example_trigger_controller_dag.py took 0.052 seconds
[2024-05-08T13:34:58.674+0000] {processor.py:161} INFO - Started process (PID=3437) to work on /home/denys/airflow_venv/lib/python3.12/site-packages/airflow/example_dags/example_trigger_controller_dag.py
[2024-05-08T13:34:58.675+0000] {processor.py:830} INFO - Processing file /home/denys/airflow_venv/lib/python3.12/site-packages/airflow/example_dags/example_trigger_controller_dag.py for tasks to queue
[2024-05-08T13:34:58.676+0000] {logging_mixin.py:188} INFO - [2024-05-08T13:34:58.676+0000] {dagbag.py:545} INFO - Filling up the DagBag from /home/denys/airflow_venv/lib/python3.12/site-packages/airflow/example_dags/example_trigger_controller_dag.py
[2024-05-08T13:34:58.680+0000] {processor.py:840} INFO - DAG(s) 'example_trigger_controller_dag' retrieved from /home/denys/airflow_venv/lib/python3.12/site-packages/airflow/example_dags/example_trigger_controller_dag.py
[2024-05-08T13:34:58.689+0000] {logging_mixin.py:188} INFO - [2024-05-08T13:34:58.688+0000] {dag.py:3096} INFO - Sync 1 DAGs
[2024-05-08T13:34:58.698+0000] {logging_mixin.py:188} INFO - [2024-05-08T13:34:58.698+0000] {dag.py:3954} INFO - Setting next_dagrun for example_trigger_controller_dag to 2021-01-01 00:00:00+00:00, run_after=2021-01-01 00:00:00+00:00
[2024-05-08T13:34:58.716+0000] {processor.py:183} INFO - Processing /home/denys/airflow_venv/lib/python3.12/site-packages/airflow/example_dags/example_trigger_controller_dag.py took 0.045 seconds
[2024-05-08T13:35:37.610+0000] {processor.py:161} INFO - Started process (PID=3482) to work on /home/denys/airflow_venv/lib/python3.12/site-packages/airflow/example_dags/example_trigger_controller_dag.py
[2024-05-08T13:35:37.612+0000] {processor.py:830} INFO - Processing file /home/denys/airflow_venv/lib/python3.12/site-packages/airflow/example_dags/example_trigger_controller_dag.py for tasks to queue
[2024-05-08T13:35:37.613+0000] {logging_mixin.py:188} INFO - [2024-05-08T13:35:37.612+0000] {dagbag.py:545} INFO - Filling up the DagBag from /home/denys/airflow_venv/lib/python3.12/site-packages/airflow/example_dags/example_trigger_controller_dag.py
[2024-05-08T13:35:37.617+0000] {processor.py:840} INFO - DAG(s) 'example_trigger_controller_dag' retrieved from /home/denys/airflow_venv/lib/python3.12/site-packages/airflow/example_dags/example_trigger_controller_dag.py
[2024-05-08T13:35:37.626+0000] {logging_mixin.py:188} INFO - [2024-05-08T13:35:37.626+0000] {dag.py:3096} INFO - Sync 1 DAGs
[2024-05-08T13:35:37.638+0000] {logging_mixin.py:188} INFO - [2024-05-08T13:35:37.638+0000] {dag.py:3954} INFO - Setting next_dagrun for example_trigger_controller_dag to 2021-01-01 00:00:00+00:00, run_after=2021-01-01 00:00:00+00:00
[2024-05-08T13:35:37.660+0000] {processor.py:183} INFO - Processing /home/denys/airflow_venv/lib/python3.12/site-packages/airflow/example_dags/example_trigger_controller_dag.py took 0.054 seconds
[2024-05-08T13:36:18.622+0000] {processor.py:161} INFO - Started process (PID=3523) to work on /home/denys/airflow_venv/lib/python3.12/site-packages/airflow/example_dags/example_trigger_controller_dag.py
[2024-05-08T13:36:18.624+0000] {processor.py:830} INFO - Processing file /home/denys/airflow_venv/lib/python3.12/site-packages/airflow/example_dags/example_trigger_controller_dag.py for tasks to queue
[2024-05-08T13:36:18.625+0000] {logging_mixin.py:188} INFO - [2024-05-08T13:36:18.625+0000] {dagbag.py:545} INFO - Filling up the DagBag from /home/denys/airflow_venv/lib/python3.12/site-packages/airflow/example_dags/example_trigger_controller_dag.py
[2024-05-08T13:36:18.629+0000] {processor.py:840} INFO - DAG(s) 'example_trigger_controller_dag' retrieved from /home/denys/airflow_venv/lib/python3.12/site-packages/airflow/example_dags/example_trigger_controller_dag.py
[2024-05-08T13:36:18.637+0000] {logging_mixin.py:188} INFO - [2024-05-08T13:36:18.637+0000] {dag.py:3096} INFO - Sync 1 DAGs
[2024-05-08T13:36:18.646+0000] {logging_mixin.py:188} INFO - [2024-05-08T13:36:18.646+0000] {dag.py:3954} INFO - Setting next_dagrun for example_trigger_controller_dag to 2021-01-01 00:00:00+00:00, run_after=2021-01-01 00:00:00+00:00
[2024-05-08T13:36:18.669+0000] {processor.py:183} INFO - Processing /home/denys/airflow_venv/lib/python3.12/site-packages/airflow/example_dags/example_trigger_controller_dag.py took 0.050 seconds
[2024-05-08T13:37:00.595+0000] {processor.py:161} INFO - Started process (PID=3567) to work on /home/denys/airflow_venv/lib/python3.12/site-packages/airflow/example_dags/example_trigger_controller_dag.py
[2024-05-08T13:37:00.597+0000] {processor.py:830} INFO - Processing file /home/denys/airflow_venv/lib/python3.12/site-packages/airflow/example_dags/example_trigger_controller_dag.py for tasks to queue
[2024-05-08T13:37:00.598+0000] {logging_mixin.py:188} INFO - [2024-05-08T13:37:00.598+0000] {dagbag.py:545} INFO - Filling up the DagBag from /home/denys/airflow_venv/lib/python3.12/site-packages/airflow/example_dags/example_trigger_controller_dag.py
[2024-05-08T13:37:00.602+0000] {processor.py:840} INFO - DAG(s) 'example_trigger_controller_dag' retrieved from /home/denys/airflow_venv/lib/python3.12/site-packages/airflow/example_dags/example_trigger_controller_dag.py
[2024-05-08T13:37:00.612+0000] {logging_mixin.py:188} INFO - [2024-05-08T13:37:00.612+0000] {dag.py:3096} INFO - Sync 1 DAGs
[2024-05-08T13:37:00.622+0000] {logging_mixin.py:188} INFO - [2024-05-08T13:37:00.622+0000] {dag.py:3954} INFO - Setting next_dagrun for example_trigger_controller_dag to 2021-01-01 00:00:00+00:00, run_after=2021-01-01 00:00:00+00:00
[2024-05-08T13:37:00.639+0000] {processor.py:183} INFO - Processing /home/denys/airflow_venv/lib/python3.12/site-packages/airflow/example_dags/example_trigger_controller_dag.py took 0.047 seconds
[2024-05-08T13:37:45.466+0000] {processor.py:161} INFO - Started process (PID=3612) to work on /home/denys/airflow_venv/lib/python3.12/site-packages/airflow/example_dags/example_trigger_controller_dag.py
[2024-05-08T13:37:45.467+0000] {processor.py:830} INFO - Processing file /home/denys/airflow_venv/lib/python3.12/site-packages/airflow/example_dags/example_trigger_controller_dag.py for tasks to queue
[2024-05-08T13:37:45.468+0000] {logging_mixin.py:188} INFO - [2024-05-08T13:37:45.468+0000] {dagbag.py:545} INFO - Filling up the DagBag from /home/denys/airflow_venv/lib/python3.12/site-packages/airflow/example_dags/example_trigger_controller_dag.py
[2024-05-08T13:37:45.471+0000] {processor.py:840} INFO - DAG(s) 'example_trigger_controller_dag' retrieved from /home/denys/airflow_venv/lib/python3.12/site-packages/airflow/example_dags/example_trigger_controller_dag.py
[2024-05-08T13:37:45.480+0000] {logging_mixin.py:188} INFO - [2024-05-08T13:37:45.480+0000] {dag.py:3096} INFO - Sync 1 DAGs
[2024-05-08T13:37:45.489+0000] {logging_mixin.py:188} INFO - [2024-05-08T13:37:45.489+0000] {dag.py:3954} INFO - Setting next_dagrun for example_trigger_controller_dag to 2021-01-01 00:00:00+00:00, run_after=2021-01-01 00:00:00+00:00
[2024-05-08T13:37:45.507+0000] {processor.py:183} INFO - Processing /home/denys/airflow_venv/lib/python3.12/site-packages/airflow/example_dags/example_trigger_controller_dag.py took 0.044 seconds
[2024-05-08T13:38:32.459+0000] {processor.py:161} INFO - Started process (PID=3661) to work on /home/denys/airflow_venv/lib/python3.12/site-packages/airflow/example_dags/example_trigger_controller_dag.py
[2024-05-08T13:38:32.460+0000] {processor.py:830} INFO - Processing file /home/denys/airflow_venv/lib/python3.12/site-packages/airflow/example_dags/example_trigger_controller_dag.py for tasks to queue
[2024-05-08T13:38:32.461+0000] {logging_mixin.py:188} INFO - [2024-05-08T13:38:32.461+0000] {dagbag.py:545} INFO - Filling up the DagBag from /home/denys/airflow_venv/lib/python3.12/site-packages/airflow/example_dags/example_trigger_controller_dag.py
[2024-05-08T13:38:32.464+0000] {processor.py:840} INFO - DAG(s) 'example_trigger_controller_dag' retrieved from /home/denys/airflow_venv/lib/python3.12/site-packages/airflow/example_dags/example_trigger_controller_dag.py
[2024-05-08T13:38:32.473+0000] {logging_mixin.py:188} INFO - [2024-05-08T13:38:32.473+0000] {dag.py:3096} INFO - Sync 1 DAGs
[2024-05-08T13:38:32.482+0000] {logging_mixin.py:188} INFO - [2024-05-08T13:38:32.482+0000] {dag.py:3954} INFO - Setting next_dagrun for example_trigger_controller_dag to 2021-01-01 00:00:00+00:00, run_after=2021-01-01 00:00:00+00:00
[2024-05-08T13:38:32.499+0000] {processor.py:183} INFO - Processing /home/denys/airflow_venv/lib/python3.12/site-packages/airflow/example_dags/example_trigger_controller_dag.py took 0.043 seconds
[2024-05-08T13:39:13.326+0000] {processor.py:161} INFO - Started process (PID=3705) to work on /home/denys/airflow_venv/lib/python3.12/site-packages/airflow/example_dags/example_trigger_controller_dag.py
[2024-05-08T13:39:13.328+0000] {processor.py:830} INFO - Processing file /home/denys/airflow_venv/lib/python3.12/site-packages/airflow/example_dags/example_trigger_controller_dag.py for tasks to queue
[2024-05-08T13:39:13.329+0000] {logging_mixin.py:188} INFO - [2024-05-08T13:39:13.328+0000] {dagbag.py:545} INFO - Filling up the DagBag from /home/denys/airflow_venv/lib/python3.12/site-packages/airflow/example_dags/example_trigger_controller_dag.py
[2024-05-08T13:39:13.332+0000] {processor.py:840} INFO - DAG(s) 'example_trigger_controller_dag' retrieved from /home/denys/airflow_venv/lib/python3.12/site-packages/airflow/example_dags/example_trigger_controller_dag.py
[2024-05-08T13:39:13.342+0000] {logging_mixin.py:188} INFO - [2024-05-08T13:39:13.341+0000] {dag.py:3096} INFO - Sync 1 DAGs
[2024-05-08T13:39:13.352+0000] {logging_mixin.py:188} INFO - [2024-05-08T13:39:13.352+0000] {dag.py:3954} INFO - Setting next_dagrun for example_trigger_controller_dag to 2021-01-01 00:00:00+00:00, run_after=2021-01-01 00:00:00+00:00
[2024-05-08T13:39:13.373+0000] {processor.py:183} INFO - Processing /home/denys/airflow_venv/lib/python3.12/site-packages/airflow/example_dags/example_trigger_controller_dag.py took 0.050 seconds
[2024-05-08T13:39:59.826+0000] {processor.py:161} INFO - Started process (PID=3748) to work on /home/denys/airflow_venv/lib/python3.12/site-packages/airflow/example_dags/example_trigger_controller_dag.py
[2024-05-08T13:39:59.828+0000] {processor.py:830} INFO - Processing file /home/denys/airflow_venv/lib/python3.12/site-packages/airflow/example_dags/example_trigger_controller_dag.py for tasks to queue
[2024-05-08T13:39:59.829+0000] {logging_mixin.py:188} INFO - [2024-05-08T13:39:59.829+0000] {dagbag.py:545} INFO - Filling up the DagBag from /home/denys/airflow_venv/lib/python3.12/site-packages/airflow/example_dags/example_trigger_controller_dag.py
[2024-05-08T13:39:59.834+0000] {processor.py:840} INFO - DAG(s) 'example_trigger_controller_dag' retrieved from /home/denys/airflow_venv/lib/python3.12/site-packages/airflow/example_dags/example_trigger_controller_dag.py
[2024-05-08T13:39:59.849+0000] {logging_mixin.py:188} INFO - [2024-05-08T13:39:59.849+0000] {dag.py:3096} INFO - Sync 1 DAGs
[2024-05-08T13:39:59.941+0000] {logging_mixin.py:188} INFO - [2024-05-08T13:39:59.941+0000] {dag.py:3954} INFO - Setting next_dagrun for example_trigger_controller_dag to 2021-01-01 00:00:00+00:00, run_after=2021-01-01 00:00:00+00:00
[2024-05-08T13:39:59.959+0000] {processor.py:183} INFO - Processing /home/denys/airflow_venv/lib/python3.12/site-packages/airflow/example_dags/example_trigger_controller_dag.py took 0.136 seconds
[2024-05-08T13:40:47.635+0000] {processor.py:161} INFO - Started process (PID=3797) to work on /home/denys/airflow_venv/lib/python3.12/site-packages/airflow/example_dags/example_trigger_controller_dag.py
[2024-05-08T13:40:47.636+0000] {processor.py:830} INFO - Processing file /home/denys/airflow_venv/lib/python3.12/site-packages/airflow/example_dags/example_trigger_controller_dag.py for tasks to queue
[2024-05-08T13:40:47.637+0000] {logging_mixin.py:188} INFO - [2024-05-08T13:40:47.637+0000] {dagbag.py:545} INFO - Filling up the DagBag from /home/denys/airflow_venv/lib/python3.12/site-packages/airflow/example_dags/example_trigger_controller_dag.py
[2024-05-08T13:40:47.640+0000] {processor.py:840} INFO - DAG(s) 'example_trigger_controller_dag' retrieved from /home/denys/airflow_venv/lib/python3.12/site-packages/airflow/example_dags/example_trigger_controller_dag.py
[2024-05-08T13:40:47.649+0000] {logging_mixin.py:188} INFO - [2024-05-08T13:40:47.649+0000] {dag.py:3096} INFO - Sync 1 DAGs
[2024-05-08T13:40:47.659+0000] {logging_mixin.py:188} INFO - [2024-05-08T13:40:47.659+0000] {dag.py:3954} INFO - Setting next_dagrun for example_trigger_controller_dag to 2021-01-01 00:00:00+00:00, run_after=2021-01-01 00:00:00+00:00
[2024-05-08T13:40:47.680+0000] {processor.py:183} INFO - Processing /home/denys/airflow_venv/lib/python3.12/site-packages/airflow/example_dags/example_trigger_controller_dag.py took 0.049 seconds
[2024-05-08T13:41:35.795+0000] {processor.py:161} INFO - Started process (PID=3845) to work on /home/denys/airflow_venv/lib/python3.12/site-packages/airflow/example_dags/example_trigger_controller_dag.py
[2024-05-08T13:41:35.797+0000] {processor.py:830} INFO - Processing file /home/denys/airflow_venv/lib/python3.12/site-packages/airflow/example_dags/example_trigger_controller_dag.py for tasks to queue
[2024-05-08T13:41:35.798+0000] {logging_mixin.py:188} INFO - [2024-05-08T13:41:35.798+0000] {dagbag.py:545} INFO - Filling up the DagBag from /home/denys/airflow_venv/lib/python3.12/site-packages/airflow/example_dags/example_trigger_controller_dag.py
[2024-05-08T13:41:35.802+0000] {processor.py:840} INFO - DAG(s) 'example_trigger_controller_dag' retrieved from /home/denys/airflow_venv/lib/python3.12/site-packages/airflow/example_dags/example_trigger_controller_dag.py
[2024-05-08T13:41:35.811+0000] {logging_mixin.py:188} INFO - [2024-05-08T13:41:35.811+0000] {dag.py:3096} INFO - Sync 1 DAGs
[2024-05-08T13:41:35.820+0000] {logging_mixin.py:188} INFO - [2024-05-08T13:41:35.820+0000] {dag.py:3954} INFO - Setting next_dagrun for example_trigger_controller_dag to 2021-01-01 00:00:00+00:00, run_after=2021-01-01 00:00:00+00:00
[2024-05-08T13:41:35.842+0000] {processor.py:183} INFO - Processing /home/denys/airflow_venv/lib/python3.12/site-packages/airflow/example_dags/example_trigger_controller_dag.py took 0.050 seconds
[2024-05-08T13:42:19.407+0000] {processor.py:161} INFO - Started process (PID=3888) to work on /home/denys/airflow_venv/lib/python3.12/site-packages/airflow/example_dags/example_trigger_controller_dag.py
[2024-05-08T13:42:19.409+0000] {processor.py:830} INFO - Processing file /home/denys/airflow_venv/lib/python3.12/site-packages/airflow/example_dags/example_trigger_controller_dag.py for tasks to queue
[2024-05-08T13:42:19.410+0000] {logging_mixin.py:188} INFO - [2024-05-08T13:42:19.409+0000] {dagbag.py:545} INFO - Filling up the DagBag from /home/denys/airflow_venv/lib/python3.12/site-packages/airflow/example_dags/example_trigger_controller_dag.py
[2024-05-08T13:42:19.413+0000] {processor.py:840} INFO - DAG(s) 'example_trigger_controller_dag' retrieved from /home/denys/airflow_venv/lib/python3.12/site-packages/airflow/example_dags/example_trigger_controller_dag.py
[2024-05-08T13:42:19.424+0000] {logging_mixin.py:188} INFO - [2024-05-08T13:42:19.424+0000] {dag.py:3096} INFO - Sync 1 DAGs
[2024-05-08T13:42:19.434+0000] {logging_mixin.py:188} INFO - [2024-05-08T13:42:19.434+0000] {dag.py:3954} INFO - Setting next_dagrun for example_trigger_controller_dag to 2021-01-01 00:00:00+00:00, run_after=2021-01-01 00:00:00+00:00
[2024-05-08T13:42:19.517+0000] {processor.py:183} INFO - Processing /home/denys/airflow_venv/lib/python3.12/site-packages/airflow/example_dags/example_trigger_controller_dag.py took 0.114 seconds
[2024-05-08T13:43:04.973+0000] {processor.py:161} INFO - Started process (PID=3934) to work on /home/denys/airflow_venv/lib/python3.12/site-packages/airflow/example_dags/example_trigger_controller_dag.py
[2024-05-08T13:43:04.974+0000] {processor.py:830} INFO - Processing file /home/denys/airflow_venv/lib/python3.12/site-packages/airflow/example_dags/example_trigger_controller_dag.py for tasks to queue
[2024-05-08T13:43:04.976+0000] {logging_mixin.py:188} INFO - [2024-05-08T13:43:04.976+0000] {dagbag.py:545} INFO - Filling up the DagBag from /home/denys/airflow_venv/lib/python3.12/site-packages/airflow/example_dags/example_trigger_controller_dag.py
[2024-05-08T13:43:04.979+0000] {processor.py:840} INFO - DAG(s) 'example_trigger_controller_dag' retrieved from /home/denys/airflow_venv/lib/python3.12/site-packages/airflow/example_dags/example_trigger_controller_dag.py
[2024-05-08T13:43:04.989+0000] {logging_mixin.py:188} INFO - [2024-05-08T13:43:04.988+0000] {dag.py:3096} INFO - Sync 1 DAGs
[2024-05-08T13:43:04.999+0000] {logging_mixin.py:188} INFO - [2024-05-08T13:43:04.999+0000] {dag.py:3954} INFO - Setting next_dagrun for example_trigger_controller_dag to 2021-01-01 00:00:00+00:00, run_after=2021-01-01 00:00:00+00:00
[2024-05-08T13:43:05.016+0000] {processor.py:183} INFO - Processing /home/denys/airflow_venv/lib/python3.12/site-packages/airflow/example_dags/example_trigger_controller_dag.py took 0.047 seconds
