[2024-05-08T13:12:05.303+0000] {processor.py:161} INFO - Started process (PID=1882) to work on /home/denys/airflow_venv/lib/python3.12/site-packages/airflow/example_dags/example_setup_teardown_taskflow.py
[2024-05-08T13:12:05.304+0000] {processor.py:830} INFO - Processing file /home/denys/airflow_venv/lib/python3.12/site-packages/airflow/example_dags/example_setup_teardown_taskflow.py for tasks to queue
[2024-05-08T13:12:05.304+0000] {logging_mixin.py:188} INFO - [2024-05-08T13:12:05.304+0000] {dagbag.py:545} INFO - Filling up the DagBag from /home/denys/airflow_venv/lib/python3.12/site-packages/airflow/example_dags/example_setup_teardown_taskflow.py
[2024-05-08T13:12:05.309+0000] {processor.py:840} INFO - DAG(s) 'example_setup_teardown_taskflow' retrieved from /home/denys/airflow_venv/lib/python3.12/site-packages/airflow/example_dags/example_setup_teardown_taskflow.py
[2024-05-08T13:12:05.380+0000] {logging_mixin.py:188} INFO - [2024-05-08T13:12:05.380+0000] {override.py:1829} INFO - Created Permission View: can delete on DAG:example_setup_teardown_taskflow
[2024-05-08T13:12:05.390+0000] {logging_mixin.py:188} INFO - [2024-05-08T13:12:05.390+0000] {override.py:1829} INFO - Created Permission View: can edit on DAG:example_setup_teardown_taskflow
[2024-05-08T13:12:05.398+0000] {logging_mixin.py:188} INFO - [2024-05-08T13:12:05.397+0000] {override.py:1829} INFO - Created Permission View: can read on DAG:example_setup_teardown_taskflow
[2024-05-08T13:12:05.398+0000] {logging_mixin.py:188} INFO - [2024-05-08T13:12:05.398+0000] {dag.py:3096} INFO - Sync 1 DAGs
[2024-05-08T13:12:05.404+0000] {logging_mixin.py:188} INFO - [2024-05-08T13:12:05.404+0000] {dag.py:3118} INFO - Creating ORM DAG for example_setup_teardown_taskflow
[2024-05-08T13:12:05.408+0000] {logging_mixin.py:188} INFO - [2024-05-08T13:12:05.408+0000] {dag.py:3954} INFO - Setting next_dagrun for example_setup_teardown_taskflow to 2024-05-07 00:00:00+00:00, run_after=2024-05-08 00:00:00+00:00
[2024-05-08T13:12:05.423+0000] {processor.py:183} INFO - Processing /home/denys/airflow_venv/lib/python3.12/site-packages/airflow/example_dags/example_setup_teardown_taskflow.py took 0.123 seconds
[2024-05-08T13:12:58.179+0000] {processor.py:161} INFO - Started process (PID=1938) to work on /home/denys/airflow_venv/lib/python3.12/site-packages/airflow/example_dags/example_setup_teardown_taskflow.py
[2024-05-08T13:12:58.181+0000] {processor.py:830} INFO - Processing file /home/denys/airflow_venv/lib/python3.12/site-packages/airflow/example_dags/example_setup_teardown_taskflow.py for tasks to queue
[2024-05-08T13:12:58.182+0000] {logging_mixin.py:188} INFO - [2024-05-08T13:12:58.182+0000] {dagbag.py:545} INFO - Filling up the DagBag from /home/denys/airflow_venv/lib/python3.12/site-packages/airflow/example_dags/example_setup_teardown_taskflow.py
[2024-05-08T13:12:58.188+0000] {processor.py:840} INFO - DAG(s) 'example_setup_teardown_taskflow' retrieved from /home/denys/airflow_venv/lib/python3.12/site-packages/airflow/example_dags/example_setup_teardown_taskflow.py
[2024-05-08T13:12:58.198+0000] {logging_mixin.py:188} INFO - [2024-05-08T13:12:58.198+0000] {dag.py:3096} INFO - Sync 1 DAGs
[2024-05-08T13:12:58.208+0000] {logging_mixin.py:188} INFO - [2024-05-08T13:12:58.208+0000] {dag.py:3954} INFO - Setting next_dagrun for example_setup_teardown_taskflow to 2024-05-07 00:00:00+00:00, run_after=2024-05-08 00:00:00+00:00
[2024-05-08T13:12:58.233+0000] {processor.py:183} INFO - Processing /home/denys/airflow_venv/lib/python3.12/site-packages/airflow/example_dags/example_setup_teardown_taskflow.py took 0.057 seconds
[2024-05-08T13:13:48.856+0000] {processor.py:161} INFO - Started process (PID=1990) to work on /home/denys/airflow_venv/lib/python3.12/site-packages/airflow/example_dags/example_setup_teardown_taskflow.py
[2024-05-08T13:13:48.857+0000] {processor.py:830} INFO - Processing file /home/denys/airflow_venv/lib/python3.12/site-packages/airflow/example_dags/example_setup_teardown_taskflow.py for tasks to queue
[2024-05-08T13:13:48.858+0000] {logging_mixin.py:188} INFO - [2024-05-08T13:13:48.858+0000] {dagbag.py:545} INFO - Filling up the DagBag from /home/denys/airflow_venv/lib/python3.12/site-packages/airflow/example_dags/example_setup_teardown_taskflow.py
[2024-05-08T13:13:48.864+0000] {processor.py:840} INFO - DAG(s) 'example_setup_teardown_taskflow' retrieved from /home/denys/airflow_venv/lib/python3.12/site-packages/airflow/example_dags/example_setup_teardown_taskflow.py
[2024-05-08T13:13:48.873+0000] {logging_mixin.py:188} INFO - [2024-05-08T13:13:48.873+0000] {dag.py:3096} INFO - Sync 1 DAGs
[2024-05-08T13:13:48.884+0000] {logging_mixin.py:188} INFO - [2024-05-08T13:13:48.883+0000] {dag.py:3954} INFO - Setting next_dagrun for example_setup_teardown_taskflow to 2024-05-07 00:00:00+00:00, run_after=2024-05-08 00:00:00+00:00
[2024-05-08T13:13:48.906+0000] {processor.py:183} INFO - Processing /home/denys/airflow_venv/lib/python3.12/site-packages/airflow/example_dags/example_setup_teardown_taskflow.py took 0.053 seconds
[2024-05-08T13:14:54.102+0000] {processor.py:161} INFO - Started process (PID=2056) to work on /home/denys/airflow_venv/lib/python3.12/site-packages/airflow/example_dags/example_setup_teardown_taskflow.py
[2024-05-08T13:14:54.103+0000] {processor.py:830} INFO - Processing file /home/denys/airflow_venv/lib/python3.12/site-packages/airflow/example_dags/example_setup_teardown_taskflow.py for tasks to queue
[2024-05-08T13:14:54.104+0000] {logging_mixin.py:188} INFO - [2024-05-08T13:14:54.103+0000] {dagbag.py:545} INFO - Filling up the DagBag from /home/denys/airflow_venv/lib/python3.12/site-packages/airflow/example_dags/example_setup_teardown_taskflow.py
[2024-05-08T13:14:54.109+0000] {processor.py:840} INFO - DAG(s) 'example_setup_teardown_taskflow' retrieved from /home/denys/airflow_venv/lib/python3.12/site-packages/airflow/example_dags/example_setup_teardown_taskflow.py
[2024-05-08T13:14:54.119+0000] {logging_mixin.py:188} INFO - [2024-05-08T13:14:54.119+0000] {dag.py:3096} INFO - Sync 1 DAGs
[2024-05-08T13:14:54.130+0000] {logging_mixin.py:188} INFO - [2024-05-08T13:14:54.130+0000] {dag.py:3954} INFO - Setting next_dagrun for example_setup_teardown_taskflow to 2024-05-07 00:00:00+00:00, run_after=2024-05-08 00:00:00+00:00
[2024-05-08T13:14:54.153+0000] {processor.py:183} INFO - Processing /home/denys/airflow_venv/lib/python3.12/site-packages/airflow/example_dags/example_setup_teardown_taskflow.py took 0.055 seconds
[2024-05-08T13:15:56.882+0000] {processor.py:161} INFO - Started process (PID=2123) to work on /home/denys/airflow_venv/lib/python3.12/site-packages/airflow/example_dags/example_setup_teardown_taskflow.py
[2024-05-08T13:15:56.883+0000] {processor.py:830} INFO - Processing file /home/denys/airflow_venv/lib/python3.12/site-packages/airflow/example_dags/example_setup_teardown_taskflow.py for tasks to queue
[2024-05-08T13:15:56.884+0000] {logging_mixin.py:188} INFO - [2024-05-08T13:15:56.884+0000] {dagbag.py:545} INFO - Filling up the DagBag from /home/denys/airflow_venv/lib/python3.12/site-packages/airflow/example_dags/example_setup_teardown_taskflow.py
[2024-05-08T13:15:56.891+0000] {processor.py:840} INFO - DAG(s) 'example_setup_teardown_taskflow' retrieved from /home/denys/airflow_venv/lib/python3.12/site-packages/airflow/example_dags/example_setup_teardown_taskflow.py
[2024-05-08T13:15:56.900+0000] {logging_mixin.py:188} INFO - [2024-05-08T13:15:56.900+0000] {dag.py:3096} INFO - Sync 1 DAGs
[2024-05-08T13:15:56.910+0000] {logging_mixin.py:188} INFO - [2024-05-08T13:15:56.910+0000] {dag.py:3954} INFO - Setting next_dagrun for example_setup_teardown_taskflow to 2024-05-07 00:00:00+00:00, run_after=2024-05-08 00:00:00+00:00
[2024-05-08T13:15:56.930+0000] {processor.py:183} INFO - Processing /home/denys/airflow_venv/lib/python3.12/site-packages/airflow/example_dags/example_setup_teardown_taskflow.py took 0.052 seconds
[2024-05-08T13:17:00.195+0000] {processor.py:161} INFO - Started process (PID=2188) to work on /home/denys/airflow_venv/lib/python3.12/site-packages/airflow/example_dags/example_setup_teardown_taskflow.py
[2024-05-08T13:17:00.196+0000] {processor.py:830} INFO - Processing file /home/denys/airflow_venv/lib/python3.12/site-packages/airflow/example_dags/example_setup_teardown_taskflow.py for tasks to queue
[2024-05-08T13:17:00.197+0000] {logging_mixin.py:188} INFO - [2024-05-08T13:17:00.197+0000] {dagbag.py:545} INFO - Filling up the DagBag from /home/denys/airflow_venv/lib/python3.12/site-packages/airflow/example_dags/example_setup_teardown_taskflow.py
[2024-05-08T13:17:00.202+0000] {processor.py:840} INFO - DAG(s) 'example_setup_teardown_taskflow' retrieved from /home/denys/airflow_venv/lib/python3.12/site-packages/airflow/example_dags/example_setup_teardown_taskflow.py
[2024-05-08T13:17:00.212+0000] {logging_mixin.py:188} INFO - [2024-05-08T13:17:00.212+0000] {dag.py:3096} INFO - Sync 1 DAGs
[2024-05-08T13:17:00.223+0000] {logging_mixin.py:188} INFO - [2024-05-08T13:17:00.223+0000] {dag.py:3954} INFO - Setting next_dagrun for example_setup_teardown_taskflow to 2024-05-07 00:00:00+00:00, run_after=2024-05-08 00:00:00+00:00
[2024-05-08T13:17:00.244+0000] {processor.py:183} INFO - Processing /home/denys/airflow_venv/lib/python3.12/site-packages/airflow/example_dags/example_setup_teardown_taskflow.py took 0.053 seconds
[2024-05-08T13:18:05.670+0000] {processor.py:161} INFO - Started process (PID=2260) to work on /home/denys/airflow_venv/lib/python3.12/site-packages/airflow/example_dags/example_setup_teardown_taskflow.py
[2024-05-08T13:18:05.671+0000] {processor.py:830} INFO - Processing file /home/denys/airflow_venv/lib/python3.12/site-packages/airflow/example_dags/example_setup_teardown_taskflow.py for tasks to queue
[2024-05-08T13:18:05.672+0000] {logging_mixin.py:188} INFO - [2024-05-08T13:18:05.672+0000] {dagbag.py:545} INFO - Filling up the DagBag from /home/denys/airflow_venv/lib/python3.12/site-packages/airflow/example_dags/example_setup_teardown_taskflow.py
[2024-05-08T13:18:05.677+0000] {processor.py:840} INFO - DAG(s) 'example_setup_teardown_taskflow' retrieved from /home/denys/airflow_venv/lib/python3.12/site-packages/airflow/example_dags/example_setup_teardown_taskflow.py
[2024-05-08T13:18:05.687+0000] {logging_mixin.py:188} INFO - [2024-05-08T13:18:05.687+0000] {dag.py:3096} INFO - Sync 1 DAGs
[2024-05-08T13:18:05.697+0000] {logging_mixin.py:188} INFO - [2024-05-08T13:18:05.696+0000] {dag.py:3954} INFO - Setting next_dagrun for example_setup_teardown_taskflow to 2024-05-07 00:00:00+00:00, run_after=2024-05-08 00:00:00+00:00
[2024-05-08T13:18:05.713+0000] {processor.py:183} INFO - Processing /home/denys/airflow_venv/lib/python3.12/site-packages/airflow/example_dags/example_setup_teardown_taskflow.py took 0.046 seconds
[2024-05-08T13:19:34.971+0000] {processor.py:161} INFO - Started process (PID=2337) to work on /home/denys/airflow_venv/lib/python3.12/site-packages/airflow/example_dags/example_setup_teardown_taskflow.py
[2024-05-08T13:19:34.973+0000] {processor.py:830} INFO - Processing file /home/denys/airflow_venv/lib/python3.12/site-packages/airflow/example_dags/example_setup_teardown_taskflow.py for tasks to queue
[2024-05-08T13:19:34.974+0000] {logging_mixin.py:188} INFO - [2024-05-08T13:19:34.974+0000] {dagbag.py:545} INFO - Filling up the DagBag from /home/denys/airflow_venv/lib/python3.12/site-packages/airflow/example_dags/example_setup_teardown_taskflow.py
[2024-05-08T13:19:34.979+0000] {processor.py:840} INFO - DAG(s) 'example_setup_teardown_taskflow' retrieved from /home/denys/airflow_venv/lib/python3.12/site-packages/airflow/example_dags/example_setup_teardown_taskflow.py
[2024-05-08T13:19:35.031+0000] {logging_mixin.py:188} INFO - [2024-05-08T13:19:35.031+0000] {dag.py:3096} INFO - Sync 1 DAGs
[2024-05-08T13:19:35.039+0000] {logging_mixin.py:188} INFO - [2024-05-08T13:19:35.039+0000] {dag.py:3954} INFO - Setting next_dagrun for example_setup_teardown_taskflow to 2024-05-07 00:00:00+00:00, run_after=2024-05-08 00:00:00+00:00
[2024-05-08T13:19:35.062+0000] {processor.py:183} INFO - Processing /home/denys/airflow_venv/lib/python3.12/site-packages/airflow/example_dags/example_setup_teardown_taskflow.py took 0.094 seconds
[2024-05-08T13:20:25.818+0000] {processor.py:161} INFO - Started process (PID=2394) to work on /home/denys/airflow_venv/lib/python3.12/site-packages/airflow/example_dags/example_setup_teardown_taskflow.py
[2024-05-08T13:20:25.820+0000] {processor.py:830} INFO - Processing file /home/denys/airflow_venv/lib/python3.12/site-packages/airflow/example_dags/example_setup_teardown_taskflow.py for tasks to queue
[2024-05-08T13:20:25.821+0000] {logging_mixin.py:188} INFO - [2024-05-08T13:20:25.820+0000] {dagbag.py:545} INFO - Filling up the DagBag from /home/denys/airflow_venv/lib/python3.12/site-packages/airflow/example_dags/example_setup_teardown_taskflow.py
[2024-05-08T13:20:25.827+0000] {processor.py:840} INFO - DAG(s) 'example_setup_teardown_taskflow' retrieved from /home/denys/airflow_venv/lib/python3.12/site-packages/airflow/example_dags/example_setup_teardown_taskflow.py
[2024-05-08T13:20:25.836+0000] {logging_mixin.py:188} INFO - [2024-05-08T13:20:25.836+0000] {dag.py:3096} INFO - Sync 1 DAGs
[2024-05-08T13:20:25.846+0000] {logging_mixin.py:188} INFO - [2024-05-08T13:20:25.845+0000] {dag.py:3954} INFO - Setting next_dagrun for example_setup_teardown_taskflow to 2024-05-07 00:00:00+00:00, run_after=2024-05-08 00:00:00+00:00
[2024-05-08T13:20:25.861+0000] {processor.py:183} INFO - Processing /home/denys/airflow_venv/lib/python3.12/site-packages/airflow/example_dags/example_setup_teardown_taskflow.py took 0.046 seconds
[2024-05-08T13:21:16.312+0000] {processor.py:161} INFO - Started process (PID=2446) to work on /home/denys/airflow_venv/lib/python3.12/site-packages/airflow/example_dags/example_setup_teardown_taskflow.py
[2024-05-08T13:21:16.313+0000] {processor.py:830} INFO - Processing file /home/denys/airflow_venv/lib/python3.12/site-packages/airflow/example_dags/example_setup_teardown_taskflow.py for tasks to queue
[2024-05-08T13:21:16.314+0000] {logging_mixin.py:188} INFO - [2024-05-08T13:21:16.314+0000] {dagbag.py:545} INFO - Filling up the DagBag from /home/denys/airflow_venv/lib/python3.12/site-packages/airflow/example_dags/example_setup_teardown_taskflow.py
[2024-05-08T13:21:16.320+0000] {processor.py:840} INFO - DAG(s) 'example_setup_teardown_taskflow' retrieved from /home/denys/airflow_venv/lib/python3.12/site-packages/airflow/example_dags/example_setup_teardown_taskflow.py
[2024-05-08T13:21:16.332+0000] {logging_mixin.py:188} INFO - [2024-05-08T13:21:16.331+0000] {dag.py:3096} INFO - Sync 1 DAGs
[2024-05-08T13:21:16.342+0000] {logging_mixin.py:188} INFO - [2024-05-08T13:21:16.342+0000] {dag.py:3954} INFO - Setting next_dagrun for example_setup_teardown_taskflow to 2024-05-07 00:00:00+00:00, run_after=2024-05-08 00:00:00+00:00
[2024-05-08T13:21:16.367+0000] {processor.py:183} INFO - Processing /home/denys/airflow_venv/lib/python3.12/site-packages/airflow/example_dags/example_setup_teardown_taskflow.py took 0.058 seconds
[2024-05-08T13:22:20.221+0000] {processor.py:161} INFO - Started process (PID=2511) to work on /home/denys/airflow_venv/lib/python3.12/site-packages/airflow/example_dags/example_setup_teardown_taskflow.py
[2024-05-08T13:22:20.222+0000] {processor.py:830} INFO - Processing file /home/denys/airflow_venv/lib/python3.12/site-packages/airflow/example_dags/example_setup_teardown_taskflow.py for tasks to queue
[2024-05-08T13:22:20.223+0000] {logging_mixin.py:188} INFO - [2024-05-08T13:22:20.223+0000] {dagbag.py:545} INFO - Filling up the DagBag from /home/denys/airflow_venv/lib/python3.12/site-packages/airflow/example_dags/example_setup_teardown_taskflow.py
[2024-05-08T13:22:20.229+0000] {processor.py:840} INFO - DAG(s) 'example_setup_teardown_taskflow' retrieved from /home/denys/airflow_venv/lib/python3.12/site-packages/airflow/example_dags/example_setup_teardown_taskflow.py
[2024-05-08T13:22:20.238+0000] {logging_mixin.py:188} INFO - [2024-05-08T13:22:20.238+0000] {dag.py:3096} INFO - Sync 1 DAGs
[2024-05-08T13:22:20.248+0000] {logging_mixin.py:188} INFO - [2024-05-08T13:22:20.248+0000] {dag.py:3954} INFO - Setting next_dagrun for example_setup_teardown_taskflow to 2024-05-07 00:00:00+00:00, run_after=2024-05-08 00:00:00+00:00
[2024-05-08T13:22:20.263+0000] {processor.py:183} INFO - Processing /home/denys/airflow_venv/lib/python3.12/site-packages/airflow/example_dags/example_setup_teardown_taskflow.py took 0.046 seconds
[2024-05-08T13:23:23.269+0000] {processor.py:161} INFO - Started process (PID=2577) to work on /home/denys/airflow_venv/lib/python3.12/site-packages/airflow/example_dags/example_setup_teardown_taskflow.py
[2024-05-08T13:23:23.276+0000] {processor.py:830} INFO - Processing file /home/denys/airflow_venv/lib/python3.12/site-packages/airflow/example_dags/example_setup_teardown_taskflow.py for tasks to queue
[2024-05-08T13:23:23.277+0000] {logging_mixin.py:188} INFO - [2024-05-08T13:23:23.277+0000] {dagbag.py:545} INFO - Filling up the DagBag from /home/denys/airflow_venv/lib/python3.12/site-packages/airflow/example_dags/example_setup_teardown_taskflow.py
[2024-05-08T13:23:23.282+0000] {processor.py:840} INFO - DAG(s) 'example_setup_teardown_taskflow' retrieved from /home/denys/airflow_venv/lib/python3.12/site-packages/airflow/example_dags/example_setup_teardown_taskflow.py
[2024-05-08T13:23:23.292+0000] {logging_mixin.py:188} INFO - [2024-05-08T13:23:23.291+0000] {dag.py:3096} INFO - Sync 1 DAGs
[2024-05-08T13:23:23.302+0000] {logging_mixin.py:188} INFO - [2024-05-08T13:23:23.302+0000] {dag.py:3954} INFO - Setting next_dagrun for example_setup_teardown_taskflow to 2024-05-07 00:00:00+00:00, run_after=2024-05-08 00:00:00+00:00
[2024-05-08T13:23:23.322+0000] {processor.py:183} INFO - Processing /home/denys/airflow_venv/lib/python3.12/site-packages/airflow/example_dags/example_setup_teardown_taskflow.py took 0.056 seconds
[2024-05-08T13:24:20.679+0000] {processor.py:161} INFO - Started process (PID=2711) to work on /home/denys/airflow_venv/lib/python3.12/site-packages/airflow/example_dags/example_setup_teardown_taskflow.py
[2024-05-08T13:24:20.680+0000] {processor.py:830} INFO - Processing file /home/denys/airflow_venv/lib/python3.12/site-packages/airflow/example_dags/example_setup_teardown_taskflow.py for tasks to queue
[2024-05-08T13:24:20.681+0000] {logging_mixin.py:188} INFO - [2024-05-08T13:24:20.680+0000] {dagbag.py:545} INFO - Filling up the DagBag from /home/denys/airflow_venv/lib/python3.12/site-packages/airflow/example_dags/example_setup_teardown_taskflow.py
[2024-05-08T13:24:20.686+0000] {processor.py:840} INFO - DAG(s) 'example_setup_teardown_taskflow' retrieved from /home/denys/airflow_venv/lib/python3.12/site-packages/airflow/example_dags/example_setup_teardown_taskflow.py
[2024-05-08T13:24:20.695+0000] {logging_mixin.py:188} INFO - [2024-05-08T13:24:20.695+0000] {dag.py:3096} INFO - Sync 1 DAGs
[2024-05-08T13:24:20.706+0000] {logging_mixin.py:188} INFO - [2024-05-08T13:24:20.706+0000] {dag.py:3954} INFO - Setting next_dagrun for example_setup_teardown_taskflow to 2024-05-07 00:00:00+00:00, run_after=2024-05-08 00:00:00+00:00
[2024-05-08T13:24:20.729+0000] {processor.py:183} INFO - Processing /home/denys/airflow_venv/lib/python3.12/site-packages/airflow/example_dags/example_setup_teardown_taskflow.py took 0.054 seconds
[2024-05-08T13:25:21.228+0000] {processor.py:161} INFO - Started process (PID=2779) to work on /home/denys/airflow_venv/lib/python3.12/site-packages/airflow/example_dags/example_setup_teardown_taskflow.py
[2024-05-08T13:25:21.231+0000] {processor.py:830} INFO - Processing file /home/denys/airflow_venv/lib/python3.12/site-packages/airflow/example_dags/example_setup_teardown_taskflow.py for tasks to queue
[2024-05-08T13:25:21.232+0000] {logging_mixin.py:188} INFO - [2024-05-08T13:25:21.231+0000] {dagbag.py:545} INFO - Filling up the DagBag from /home/denys/airflow_venv/lib/python3.12/site-packages/airflow/example_dags/example_setup_teardown_taskflow.py
[2024-05-08T13:25:21.237+0000] {processor.py:840} INFO - DAG(s) 'example_setup_teardown_taskflow' retrieved from /home/denys/airflow_venv/lib/python3.12/site-packages/airflow/example_dags/example_setup_teardown_taskflow.py
[2024-05-08T13:25:21.247+0000] {logging_mixin.py:188} INFO - [2024-05-08T13:25:21.246+0000] {dag.py:3096} INFO - Sync 1 DAGs
[2024-05-08T13:25:21.258+0000] {logging_mixin.py:188} INFO - [2024-05-08T13:25:21.258+0000] {dag.py:3954} INFO - Setting next_dagrun for example_setup_teardown_taskflow to 2024-05-07 00:00:00+00:00, run_after=2024-05-08 00:00:00+00:00
[2024-05-08T13:25:21.281+0000] {processor.py:183} INFO - Processing /home/denys/airflow_venv/lib/python3.12/site-packages/airflow/example_dags/example_setup_teardown_taskflow.py took 0.056 seconds
[2024-05-08T13:26:22.643+0000] {processor.py:161} INFO - Started process (PID=2843) to work on /home/denys/airflow_venv/lib/python3.12/site-packages/airflow/example_dags/example_setup_teardown_taskflow.py
[2024-05-08T13:26:22.644+0000] {processor.py:830} INFO - Processing file /home/denys/airflow_venv/lib/python3.12/site-packages/airflow/example_dags/example_setup_teardown_taskflow.py for tasks to queue
[2024-05-08T13:26:22.646+0000] {logging_mixin.py:188} INFO - [2024-05-08T13:26:22.645+0000] {dagbag.py:545} INFO - Filling up the DagBag from /home/denys/airflow_venv/lib/python3.12/site-packages/airflow/example_dags/example_setup_teardown_taskflow.py
[2024-05-08T13:26:22.651+0000] {processor.py:840} INFO - DAG(s) 'example_setup_teardown_taskflow' retrieved from /home/denys/airflow_venv/lib/python3.12/site-packages/airflow/example_dags/example_setup_teardown_taskflow.py
[2024-05-08T13:26:22.660+0000] {logging_mixin.py:188} INFO - [2024-05-08T13:26:22.660+0000] {dag.py:3096} INFO - Sync 1 DAGs
[2024-05-08T13:26:22.670+0000] {logging_mixin.py:188} INFO - [2024-05-08T13:26:22.670+0000] {dag.py:3954} INFO - Setting next_dagrun for example_setup_teardown_taskflow to 2024-05-07 00:00:00+00:00, run_after=2024-05-08 00:00:00+00:00
[2024-05-08T13:26:22.694+0000] {processor.py:183} INFO - Processing /home/denys/airflow_venv/lib/python3.12/site-packages/airflow/example_dags/example_setup_teardown_taskflow.py took 0.054 seconds
[2024-05-08T13:27:27.575+0000] {processor.py:161} INFO - Started process (PID=2909) to work on /home/denys/airflow_venv/lib/python3.12/site-packages/airflow/example_dags/example_setup_teardown_taskflow.py
[2024-05-08T13:27:27.576+0000] {processor.py:830} INFO - Processing file /home/denys/airflow_venv/lib/python3.12/site-packages/airflow/example_dags/example_setup_teardown_taskflow.py for tasks to queue
[2024-05-08T13:27:27.577+0000] {logging_mixin.py:188} INFO - [2024-05-08T13:27:27.577+0000] {dagbag.py:545} INFO - Filling up the DagBag from /home/denys/airflow_venv/lib/python3.12/site-packages/airflow/example_dags/example_setup_teardown_taskflow.py
[2024-05-08T13:27:27.582+0000] {processor.py:840} INFO - DAG(s) 'example_setup_teardown_taskflow' retrieved from /home/denys/airflow_venv/lib/python3.12/site-packages/airflow/example_dags/example_setup_teardown_taskflow.py
[2024-05-08T13:27:27.592+0000] {logging_mixin.py:188} INFO - [2024-05-08T13:27:27.592+0000] {dag.py:3096} INFO - Sync 1 DAGs
[2024-05-08T13:27:27.604+0000] {logging_mixin.py:188} INFO - [2024-05-08T13:27:27.604+0000] {dag.py:3954} INFO - Setting next_dagrun for example_setup_teardown_taskflow to 2024-05-07 00:00:00+00:00, run_after=2024-05-08 00:00:00+00:00
[2024-05-08T13:27:27.625+0000] {processor.py:183} INFO - Processing /home/denys/airflow_venv/lib/python3.12/site-packages/airflow/example_dags/example_setup_teardown_taskflow.py took 0.054 seconds
[2024-05-08T13:28:33.260+0000] {processor.py:161} INFO - Started process (PID=2977) to work on /home/denys/airflow_venv/lib/python3.12/site-packages/airflow/example_dags/example_setup_teardown_taskflow.py
[2024-05-08T13:28:33.261+0000] {processor.py:830} INFO - Processing file /home/denys/airflow_venv/lib/python3.12/site-packages/airflow/example_dags/example_setup_teardown_taskflow.py for tasks to queue
[2024-05-08T13:28:33.262+0000] {logging_mixin.py:188} INFO - [2024-05-08T13:28:33.261+0000] {dagbag.py:545} INFO - Filling up the DagBag from /home/denys/airflow_venv/lib/python3.12/site-packages/airflow/example_dags/example_setup_teardown_taskflow.py
[2024-05-08T13:28:33.267+0000] {processor.py:840} INFO - DAG(s) 'example_setup_teardown_taskflow' retrieved from /home/denys/airflow_venv/lib/python3.12/site-packages/airflow/example_dags/example_setup_teardown_taskflow.py
[2024-05-08T13:28:33.277+0000] {logging_mixin.py:188} INFO - [2024-05-08T13:28:33.277+0000] {dag.py:3096} INFO - Sync 1 DAGs
[2024-05-08T13:28:33.287+0000] {logging_mixin.py:188} INFO - [2024-05-08T13:28:33.287+0000] {dag.py:3954} INFO - Setting next_dagrun for example_setup_teardown_taskflow to 2024-05-07 00:00:00+00:00, run_after=2024-05-08 00:00:00+00:00
[2024-05-08T13:28:33.305+0000] {processor.py:183} INFO - Processing /home/denys/airflow_venv/lib/python3.12/site-packages/airflow/example_dags/example_setup_teardown_taskflow.py took 0.049 seconds
[2024-05-08T13:29:31.641+0000] {processor.py:161} INFO - Started process (PID=3095) to work on /home/denys/airflow_venv/lib/python3.12/site-packages/airflow/example_dags/example_setup_teardown_taskflow.py
[2024-05-08T13:29:31.642+0000] {processor.py:830} INFO - Processing file /home/denys/airflow_venv/lib/python3.12/site-packages/airflow/example_dags/example_setup_teardown_taskflow.py for tasks to queue
[2024-05-08T13:29:31.644+0000] {logging_mixin.py:188} INFO - [2024-05-08T13:29:31.644+0000] {dagbag.py:545} INFO - Filling up the DagBag from /home/denys/airflow_venv/lib/python3.12/site-packages/airflow/example_dags/example_setup_teardown_taskflow.py
[2024-05-08T13:29:31.650+0000] {processor.py:840} INFO - DAG(s) 'example_setup_teardown_taskflow' retrieved from /home/denys/airflow_venv/lib/python3.12/site-packages/airflow/example_dags/example_setup_teardown_taskflow.py
[2024-05-08T13:29:31.660+0000] {logging_mixin.py:188} INFO - [2024-05-08T13:29:31.660+0000] {dag.py:3096} INFO - Sync 1 DAGs
[2024-05-08T13:29:31.671+0000] {logging_mixin.py:188} INFO - [2024-05-08T13:29:31.671+0000] {dag.py:3954} INFO - Setting next_dagrun for example_setup_teardown_taskflow to 2024-05-07 00:00:00+00:00, run_after=2024-05-08 00:00:00+00:00
[2024-05-08T13:29:31.688+0000] {processor.py:183} INFO - Processing /home/denys/airflow_venv/lib/python3.12/site-packages/airflow/example_dags/example_setup_teardown_taskflow.py took 0.050 seconds
[2024-05-08T13:30:31.011+0000] {processor.py:161} INFO - Started process (PID=3160) to work on /home/denys/airflow_venv/lib/python3.12/site-packages/airflow/example_dags/example_setup_teardown_taskflow.py
[2024-05-08T13:30:31.013+0000] {processor.py:830} INFO - Processing file /home/denys/airflow_venv/lib/python3.12/site-packages/airflow/example_dags/example_setup_teardown_taskflow.py for tasks to queue
[2024-05-08T13:30:31.014+0000] {logging_mixin.py:188} INFO - [2024-05-08T13:30:31.013+0000] {dagbag.py:545} INFO - Filling up the DagBag from /home/denys/airflow_venv/lib/python3.12/site-packages/airflow/example_dags/example_setup_teardown_taskflow.py
[2024-05-08T13:30:31.019+0000] {processor.py:840} INFO - DAG(s) 'example_setup_teardown_taskflow' retrieved from /home/denys/airflow_venv/lib/python3.12/site-packages/airflow/example_dags/example_setup_teardown_taskflow.py
[2024-05-08T13:30:31.031+0000] {logging_mixin.py:188} INFO - [2024-05-08T13:30:31.031+0000] {dag.py:3096} INFO - Sync 1 DAGs
[2024-05-08T13:30:31.044+0000] {logging_mixin.py:188} INFO - [2024-05-08T13:30:31.043+0000] {dag.py:3954} INFO - Setting next_dagrun for example_setup_teardown_taskflow to 2024-05-07 00:00:00+00:00, run_after=2024-05-08 00:00:00+00:00
[2024-05-08T13:30:31.063+0000] {processor.py:183} INFO - Processing /home/denys/airflow_venv/lib/python3.12/site-packages/airflow/example_dags/example_setup_teardown_taskflow.py took 0.055 seconds
[2024-05-08T13:31:33.163+0000] {processor.py:161} INFO - Started process (PID=3224) to work on /home/denys/airflow_venv/lib/python3.12/site-packages/airflow/example_dags/example_setup_teardown_taskflow.py
[2024-05-08T13:31:33.164+0000] {processor.py:830} INFO - Processing file /home/denys/airflow_venv/lib/python3.12/site-packages/airflow/example_dags/example_setup_teardown_taskflow.py for tasks to queue
[2024-05-08T13:31:33.165+0000] {logging_mixin.py:188} INFO - [2024-05-08T13:31:33.165+0000] {dagbag.py:545} INFO - Filling up the DagBag from /home/denys/airflow_venv/lib/python3.12/site-packages/airflow/example_dags/example_setup_teardown_taskflow.py
[2024-05-08T13:31:33.171+0000] {processor.py:840} INFO - DAG(s) 'example_setup_teardown_taskflow' retrieved from /home/denys/airflow_venv/lib/python3.12/site-packages/airflow/example_dags/example_setup_teardown_taskflow.py
[2024-05-08T13:31:33.180+0000] {logging_mixin.py:188} INFO - [2024-05-08T13:31:33.180+0000] {dag.py:3096} INFO - Sync 1 DAGs
[2024-05-08T13:31:33.193+0000] {logging_mixin.py:188} INFO - [2024-05-08T13:31:33.193+0000] {dag.py:3954} INFO - Setting next_dagrun for example_setup_teardown_taskflow to 2024-05-07 00:00:00+00:00, run_after=2024-05-08 00:00:00+00:00
[2024-05-08T13:31:33.214+0000] {processor.py:183} INFO - Processing /home/denys/airflow_venv/lib/python3.12/site-packages/airflow/example_dags/example_setup_teardown_taskflow.py took 0.055 seconds
[2024-05-08T13:32:37.478+0000] {processor.py:161} INFO - Started process (PID=3289) to work on /home/denys/airflow_venv/lib/python3.12/site-packages/airflow/example_dags/example_setup_teardown_taskflow.py
[2024-05-08T13:32:37.479+0000] {processor.py:830} INFO - Processing file /home/denys/airflow_venv/lib/python3.12/site-packages/airflow/example_dags/example_setup_teardown_taskflow.py for tasks to queue
[2024-05-08T13:32:37.480+0000] {logging_mixin.py:188} INFO - [2024-05-08T13:32:37.480+0000] {dagbag.py:545} INFO - Filling up the DagBag from /home/denys/airflow_venv/lib/python3.12/site-packages/airflow/example_dags/example_setup_teardown_taskflow.py
[2024-05-08T13:32:37.486+0000] {processor.py:840} INFO - DAG(s) 'example_setup_teardown_taskflow' retrieved from /home/denys/airflow_venv/lib/python3.12/site-packages/airflow/example_dags/example_setup_teardown_taskflow.py
[2024-05-08T13:32:37.495+0000] {logging_mixin.py:188} INFO - [2024-05-08T13:32:37.495+0000] {dag.py:3096} INFO - Sync 1 DAGs
[2024-05-08T13:32:37.505+0000] {logging_mixin.py:188} INFO - [2024-05-08T13:32:37.505+0000] {dag.py:3954} INFO - Setting next_dagrun for example_setup_teardown_taskflow to 2024-05-07 00:00:00+00:00, run_after=2024-05-08 00:00:00+00:00
[2024-05-08T13:32:37.521+0000] {processor.py:183} INFO - Processing /home/denys/airflow_venv/lib/python3.12/site-packages/airflow/example_dags/example_setup_teardown_taskflow.py took 0.047 seconds
[2024-05-08T13:33:20.504+0000] {processor.py:161} INFO - Started process (PID=3333) to work on /home/denys/airflow_venv/lib/python3.12/site-packages/airflow/example_dags/example_setup_teardown_taskflow.py
[2024-05-08T13:33:20.506+0000] {processor.py:830} INFO - Processing file /home/denys/airflow_venv/lib/python3.12/site-packages/airflow/example_dags/example_setup_teardown_taskflow.py for tasks to queue
[2024-05-08T13:33:20.507+0000] {logging_mixin.py:188} INFO - [2024-05-08T13:33:20.507+0000] {dagbag.py:545} INFO - Filling up the DagBag from /home/denys/airflow_venv/lib/python3.12/site-packages/airflow/example_dags/example_setup_teardown_taskflow.py
[2024-05-08T13:33:20.513+0000] {processor.py:840} INFO - DAG(s) 'example_setup_teardown_taskflow' retrieved from /home/denys/airflow_venv/lib/python3.12/site-packages/airflow/example_dags/example_setup_teardown_taskflow.py
[2024-05-08T13:33:20.523+0000] {logging_mixin.py:188} INFO - [2024-05-08T13:33:20.523+0000] {dag.py:3096} INFO - Sync 1 DAGs
[2024-05-08T13:33:20.534+0000] {logging_mixin.py:188} INFO - [2024-05-08T13:33:20.533+0000] {dag.py:3954} INFO - Setting next_dagrun for example_setup_teardown_taskflow to 2024-05-07 00:00:00+00:00, run_after=2024-05-08 00:00:00+00:00
[2024-05-08T13:33:20.551+0000] {processor.py:183} INFO - Processing /home/denys/airflow_venv/lib/python3.12/site-packages/airflow/example_dags/example_setup_teardown_taskflow.py took 0.051 seconds
[2024-05-08T13:34:23.994+0000] {processor.py:161} INFO - Started process (PID=3401) to work on /home/denys/airflow_venv/lib/python3.12/site-packages/airflow/example_dags/example_setup_teardown_taskflow.py
[2024-05-08T13:34:24.001+0000] {processor.py:830} INFO - Processing file /home/denys/airflow_venv/lib/python3.12/site-packages/airflow/example_dags/example_setup_teardown_taskflow.py for tasks to queue
[2024-05-08T13:34:24.002+0000] {logging_mixin.py:188} INFO - [2024-05-08T13:34:24.002+0000] {dagbag.py:545} INFO - Filling up the DagBag from /home/denys/airflow_venv/lib/python3.12/site-packages/airflow/example_dags/example_setup_teardown_taskflow.py
[2024-05-08T13:34:24.009+0000] {processor.py:840} INFO - DAG(s) 'example_setup_teardown_taskflow' retrieved from /home/denys/airflow_venv/lib/python3.12/site-packages/airflow/example_dags/example_setup_teardown_taskflow.py
[2024-05-08T13:34:24.019+0000] {logging_mixin.py:188} INFO - [2024-05-08T13:34:24.019+0000] {dag.py:3096} INFO - Sync 1 DAGs
[2024-05-08T13:34:24.029+0000] {logging_mixin.py:188} INFO - [2024-05-08T13:34:24.029+0000] {dag.py:3954} INFO - Setting next_dagrun for example_setup_teardown_taskflow to 2024-05-07 00:00:00+00:00, run_after=2024-05-08 00:00:00+00:00
[2024-05-08T13:34:24.051+0000] {processor.py:183} INFO - Processing /home/denys/airflow_venv/lib/python3.12/site-packages/airflow/example_dags/example_setup_teardown_taskflow.py took 0.059 seconds
[2024-05-08T13:35:23.344+0000] {processor.py:161} INFO - Started process (PID=3467) to work on /home/denys/airflow_venv/lib/python3.12/site-packages/airflow/example_dags/example_setup_teardown_taskflow.py
[2024-05-08T13:35:23.345+0000] {processor.py:830} INFO - Processing file /home/denys/airflow_venv/lib/python3.12/site-packages/airflow/example_dags/example_setup_teardown_taskflow.py for tasks to queue
[2024-05-08T13:35:23.347+0000] {logging_mixin.py:188} INFO - [2024-05-08T13:35:23.346+0000] {dagbag.py:545} INFO - Filling up the DagBag from /home/denys/airflow_venv/lib/python3.12/site-packages/airflow/example_dags/example_setup_teardown_taskflow.py
[2024-05-08T13:35:23.352+0000] {processor.py:840} INFO - DAG(s) 'example_setup_teardown_taskflow' retrieved from /home/denys/airflow_venv/lib/python3.12/site-packages/airflow/example_dags/example_setup_teardown_taskflow.py
[2024-05-08T13:35:23.362+0000] {logging_mixin.py:188} INFO - [2024-05-08T13:35:23.362+0000] {dag.py:3096} INFO - Sync 1 DAGs
[2024-05-08T13:35:23.372+0000] {logging_mixin.py:188} INFO - [2024-05-08T13:35:23.372+0000] {dag.py:3954} INFO - Setting next_dagrun for example_setup_teardown_taskflow to 2024-05-07 00:00:00+00:00, run_after=2024-05-08 00:00:00+00:00
[2024-05-08T13:35:23.388+0000] {processor.py:183} INFO - Processing /home/denys/airflow_venv/lib/python3.12/site-packages/airflow/example_dags/example_setup_teardown_taskflow.py took 0.048 seconds
[2024-05-08T13:36:25.607+0000] {processor.py:161} INFO - Started process (PID=3530) to work on /home/denys/airflow_venv/lib/python3.12/site-packages/airflow/example_dags/example_setup_teardown_taskflow.py
[2024-05-08T13:36:25.608+0000] {processor.py:830} INFO - Processing file /home/denys/airflow_venv/lib/python3.12/site-packages/airflow/example_dags/example_setup_teardown_taskflow.py for tasks to queue
[2024-05-08T13:36:25.609+0000] {logging_mixin.py:188} INFO - [2024-05-08T13:36:25.609+0000] {dagbag.py:545} INFO - Filling up the DagBag from /home/denys/airflow_venv/lib/python3.12/site-packages/airflow/example_dags/example_setup_teardown_taskflow.py
[2024-05-08T13:36:25.614+0000] {processor.py:840} INFO - DAG(s) 'example_setup_teardown_taskflow' retrieved from /home/denys/airflow_venv/lib/python3.12/site-packages/airflow/example_dags/example_setup_teardown_taskflow.py
[2024-05-08T13:36:25.625+0000] {logging_mixin.py:188} INFO - [2024-05-08T13:36:25.625+0000] {dag.py:3096} INFO - Sync 1 DAGs
[2024-05-08T13:36:25.638+0000] {logging_mixin.py:188} INFO - [2024-05-08T13:36:25.638+0000] {dag.py:3954} INFO - Setting next_dagrun for example_setup_teardown_taskflow to 2024-05-07 00:00:00+00:00, run_after=2024-05-08 00:00:00+00:00
[2024-05-08T13:36:25.655+0000] {processor.py:183} INFO - Processing /home/denys/airflow_venv/lib/python3.12/site-packages/airflow/example_dags/example_setup_teardown_taskflow.py took 0.052 seconds
[2024-05-08T13:37:30.767+0000] {processor.py:161} INFO - Started process (PID=3597) to work on /home/denys/airflow_venv/lib/python3.12/site-packages/airflow/example_dags/example_setup_teardown_taskflow.py
[2024-05-08T13:37:30.770+0000] {processor.py:830} INFO - Processing file /home/denys/airflow_venv/lib/python3.12/site-packages/airflow/example_dags/example_setup_teardown_taskflow.py for tasks to queue
[2024-05-08T13:37:30.772+0000] {logging_mixin.py:188} INFO - [2024-05-08T13:37:30.771+0000] {dagbag.py:545} INFO - Filling up the DagBag from /home/denys/airflow_venv/lib/python3.12/site-packages/airflow/example_dags/example_setup_teardown_taskflow.py
[2024-05-08T13:37:30.781+0000] {processor.py:840} INFO - DAG(s) 'example_setup_teardown_taskflow' retrieved from /home/denys/airflow_venv/lib/python3.12/site-packages/airflow/example_dags/example_setup_teardown_taskflow.py
[2024-05-08T13:37:30.795+0000] {logging_mixin.py:188} INFO - [2024-05-08T13:37:30.794+0000] {dag.py:3096} INFO - Sync 1 DAGs
[2024-05-08T13:37:30.809+0000] {logging_mixin.py:188} INFO - [2024-05-08T13:37:30.809+0000] {dag.py:3954} INFO - Setting next_dagrun for example_setup_teardown_taskflow to 2024-05-07 00:00:00+00:00, run_after=2024-05-08 00:00:00+00:00
[2024-05-08T13:37:30.828+0000] {processor.py:183} INFO - Processing /home/denys/airflow_venv/lib/python3.12/site-packages/airflow/example_dags/example_setup_teardown_taskflow.py took 0.065 seconds
[2024-05-08T13:38:17.328+0000] {processor.py:161} INFO - Started process (PID=3645) to work on /home/denys/airflow_venv/lib/python3.12/site-packages/airflow/example_dags/example_setup_teardown_taskflow.py
[2024-05-08T13:38:17.329+0000] {processor.py:830} INFO - Processing file /home/denys/airflow_venv/lib/python3.12/site-packages/airflow/example_dags/example_setup_teardown_taskflow.py for tasks to queue
[2024-05-08T13:38:17.330+0000] {logging_mixin.py:188} INFO - [2024-05-08T13:38:17.330+0000] {dagbag.py:545} INFO - Filling up the DagBag from /home/denys/airflow_venv/lib/python3.12/site-packages/airflow/example_dags/example_setup_teardown_taskflow.py
[2024-05-08T13:38:17.336+0000] {processor.py:840} INFO - DAG(s) 'example_setup_teardown_taskflow' retrieved from /home/denys/airflow_venv/lib/python3.12/site-packages/airflow/example_dags/example_setup_teardown_taskflow.py
[2024-05-08T13:38:17.345+0000] {logging_mixin.py:188} INFO - [2024-05-08T13:38:17.345+0000] {dag.py:3096} INFO - Sync 1 DAGs
[2024-05-08T13:38:17.355+0000] {logging_mixin.py:188} INFO - [2024-05-08T13:38:17.355+0000] {dag.py:3954} INFO - Setting next_dagrun for example_setup_teardown_taskflow to 2024-05-07 00:00:00+00:00, run_after=2024-05-08 00:00:00+00:00
[2024-05-08T13:38:17.375+0000] {processor.py:183} INFO - Processing /home/denys/airflow_venv/lib/python3.12/site-packages/airflow/example_dags/example_setup_teardown_taskflow.py took 0.050 seconds
[2024-05-08T13:39:02.470+0000] {processor.py:161} INFO - Started process (PID=3692) to work on /home/denys/airflow_venv/lib/python3.12/site-packages/airflow/example_dags/example_setup_teardown_taskflow.py
[2024-05-08T13:39:02.472+0000] {processor.py:830} INFO - Processing file /home/denys/airflow_venv/lib/python3.12/site-packages/airflow/example_dags/example_setup_teardown_taskflow.py for tasks to queue
[2024-05-08T13:39:02.473+0000] {logging_mixin.py:188} INFO - [2024-05-08T13:39:02.473+0000] {dagbag.py:545} INFO - Filling up the DagBag from /home/denys/airflow_venv/lib/python3.12/site-packages/airflow/example_dags/example_setup_teardown_taskflow.py
[2024-05-08T13:39:02.479+0000] {processor.py:840} INFO - DAG(s) 'example_setup_teardown_taskflow' retrieved from /home/denys/airflow_venv/lib/python3.12/site-packages/airflow/example_dags/example_setup_teardown_taskflow.py
[2024-05-08T13:39:02.489+0000] {logging_mixin.py:188} INFO - [2024-05-08T13:39:02.489+0000] {dag.py:3096} INFO - Sync 1 DAGs
[2024-05-08T13:39:02.499+0000] {logging_mixin.py:188} INFO - [2024-05-08T13:39:02.499+0000] {dag.py:3954} INFO - Setting next_dagrun for example_setup_teardown_taskflow to 2024-05-07 00:00:00+00:00, run_after=2024-05-08 00:00:00+00:00
[2024-05-08T13:39:02.515+0000] {processor.py:183} INFO - Processing /home/denys/airflow_venv/lib/python3.12/site-packages/airflow/example_dags/example_setup_teardown_taskflow.py took 0.049 seconds
[2024-05-08T13:40:07.508+0000] {processor.py:161} INFO - Started process (PID=3756) to work on /home/denys/airflow_venv/lib/python3.12/site-packages/airflow/example_dags/example_setup_teardown_taskflow.py
[2024-05-08T13:40:07.509+0000] {processor.py:830} INFO - Processing file /home/denys/airflow_venv/lib/python3.12/site-packages/airflow/example_dags/example_setup_teardown_taskflow.py for tasks to queue
[2024-05-08T13:40:07.510+0000] {logging_mixin.py:188} INFO - [2024-05-08T13:40:07.510+0000] {dagbag.py:545} INFO - Filling up the DagBag from /home/denys/airflow_venv/lib/python3.12/site-packages/airflow/example_dags/example_setup_teardown_taskflow.py
[2024-05-08T13:40:07.516+0000] {processor.py:840} INFO - DAG(s) 'example_setup_teardown_taskflow' retrieved from /home/denys/airflow_venv/lib/python3.12/site-packages/airflow/example_dags/example_setup_teardown_taskflow.py
[2024-05-08T13:40:07.526+0000] {logging_mixin.py:188} INFO - [2024-05-08T13:40:07.526+0000] {dag.py:3096} INFO - Sync 1 DAGs
[2024-05-08T13:40:07.536+0000] {logging_mixin.py:188} INFO - [2024-05-08T13:40:07.536+0000] {dag.py:3954} INFO - Setting next_dagrun for example_setup_teardown_taskflow to 2024-05-07 00:00:00+00:00, run_after=2024-05-08 00:00:00+00:00
[2024-05-08T13:40:07.552+0000] {processor.py:183} INFO - Processing /home/denys/airflow_venv/lib/python3.12/site-packages/airflow/example_dags/example_setup_teardown_taskflow.py took 0.048 seconds
[2024-05-08T13:40:56.593+0000] {processor.py:161} INFO - Started process (PID=3805) to work on /home/denys/airflow_venv/lib/python3.12/site-packages/airflow/example_dags/example_setup_teardown_taskflow.py
[2024-05-08T13:40:56.595+0000] {processor.py:830} INFO - Processing file /home/denys/airflow_venv/lib/python3.12/site-packages/airflow/example_dags/example_setup_teardown_taskflow.py for tasks to queue
[2024-05-08T13:40:56.596+0000] {logging_mixin.py:188} INFO - [2024-05-08T13:40:56.595+0000] {dagbag.py:545} INFO - Filling up the DagBag from /home/denys/airflow_venv/lib/python3.12/site-packages/airflow/example_dags/example_setup_teardown_taskflow.py
[2024-05-08T13:40:56.602+0000] {processor.py:840} INFO - DAG(s) 'example_setup_teardown_taskflow' retrieved from /home/denys/airflow_venv/lib/python3.12/site-packages/airflow/example_dags/example_setup_teardown_taskflow.py
[2024-05-08T13:40:56.615+0000] {logging_mixin.py:188} INFO - [2024-05-08T13:40:56.614+0000] {dag.py:3096} INFO - Sync 1 DAGs
[2024-05-08T13:40:56.628+0000] {logging_mixin.py:188} INFO - [2024-05-08T13:40:56.628+0000] {dag.py:3954} INFO - Setting next_dagrun for example_setup_teardown_taskflow to 2024-05-07 00:00:00+00:00, run_after=2024-05-08 00:00:00+00:00
[2024-05-08T13:40:56.714+0000] {processor.py:183} INFO - Processing /home/denys/airflow_venv/lib/python3.12/site-packages/airflow/example_dags/example_setup_teardown_taskflow.py took 0.124 seconds
[2024-05-08T13:41:44.415+0000] {processor.py:161} INFO - Started process (PID=3853) to work on /home/denys/airflow_venv/lib/python3.12/site-packages/airflow/example_dags/example_setup_teardown_taskflow.py
[2024-05-08T13:41:44.417+0000] {processor.py:830} INFO - Processing file /home/denys/airflow_venv/lib/python3.12/site-packages/airflow/example_dags/example_setup_teardown_taskflow.py for tasks to queue
[2024-05-08T13:41:44.418+0000] {logging_mixin.py:188} INFO - [2024-05-08T13:41:44.418+0000] {dagbag.py:545} INFO - Filling up the DagBag from /home/denys/airflow_venv/lib/python3.12/site-packages/airflow/example_dags/example_setup_teardown_taskflow.py
[2024-05-08T13:41:44.424+0000] {processor.py:840} INFO - DAG(s) 'example_setup_teardown_taskflow' retrieved from /home/denys/airflow_venv/lib/python3.12/site-packages/airflow/example_dags/example_setup_teardown_taskflow.py
[2024-05-08T13:41:44.435+0000] {logging_mixin.py:188} INFO - [2024-05-08T13:41:44.435+0000] {dag.py:3096} INFO - Sync 1 DAGs
[2024-05-08T13:41:44.445+0000] {logging_mixin.py:188} INFO - [2024-05-08T13:41:44.445+0000] {dag.py:3954} INFO - Setting next_dagrun for example_setup_teardown_taskflow to 2024-05-07 00:00:00+00:00, run_after=2024-05-08 00:00:00+00:00
[2024-05-08T13:41:44.467+0000] {processor.py:183} INFO - Processing /home/denys/airflow_venv/lib/python3.12/site-packages/airflow/example_dags/example_setup_teardown_taskflow.py took 0.055 seconds
[2024-05-08T13:42:52.142+0000] {processor.py:161} INFO - Started process (PID=3921) to work on /home/denys/airflow_venv/lib/python3.12/site-packages/airflow/example_dags/example_setup_teardown_taskflow.py
[2024-05-08T13:42:52.143+0000] {processor.py:830} INFO - Processing file /home/denys/airflow_venv/lib/python3.12/site-packages/airflow/example_dags/example_setup_teardown_taskflow.py for tasks to queue
[2024-05-08T13:42:52.144+0000] {logging_mixin.py:188} INFO - [2024-05-08T13:42:52.143+0000] {dagbag.py:545} INFO - Filling up the DagBag from /home/denys/airflow_venv/lib/python3.12/site-packages/airflow/example_dags/example_setup_teardown_taskflow.py
[2024-05-08T13:42:52.149+0000] {processor.py:840} INFO - DAG(s) 'example_setup_teardown_taskflow' retrieved from /home/denys/airflow_venv/lib/python3.12/site-packages/airflow/example_dags/example_setup_teardown_taskflow.py
[2024-05-08T13:42:52.159+0000] {logging_mixin.py:188} INFO - [2024-05-08T13:42:52.159+0000] {dag.py:3096} INFO - Sync 1 DAGs
[2024-05-08T13:42:52.172+0000] {logging_mixin.py:188} INFO - [2024-05-08T13:42:52.172+0000] {dag.py:3954} INFO - Setting next_dagrun for example_setup_teardown_taskflow to 2024-05-07 00:00:00+00:00, run_after=2024-05-08 00:00:00+00:00
[2024-05-08T13:42:52.194+0000] {processor.py:183} INFO - Processing /home/denys/airflow_venv/lib/python3.12/site-packages/airflow/example_dags/example_setup_teardown_taskflow.py took 0.056 seconds
