[2024-05-08T13:11:36.903+0000] {processor.py:161} INFO - Started process (PID=1851) to work on /home/denys/airflow_venv/lib/python3.12/site-packages/airflow/example_dags/example_display_name.py
[2024-05-08T13:11:36.903+0000] {processor.py:830} INFO - Processing file /home/denys/airflow_venv/lib/python3.12/site-packages/airflow/example_dags/example_display_name.py for tasks to queue
[2024-05-08T13:11:36.904+0000] {logging_mixin.py:188} INFO - [2024-05-08T13:11:36.904+0000] {dagbag.py:545} INFO - Filling up the DagBag from /home/denys/airflow_venv/lib/python3.12/site-packages/airflow/example_dags/example_display_name.py
[2024-05-08T13:11:36.909+0000] {processor.py:840} INFO - DAG(s) 'example_display_name' retrieved from /home/denys/airflow_venv/lib/python3.12/site-packages/airflow/example_dags/example_display_name.py
[2024-05-08T13:11:37.001+0000] {logging_mixin.py:188} INFO - [2024-05-08T13:11:37.000+0000] {override.py:1829} INFO - Created Permission View: can delete on DAG:example_display_name
[2024-05-08T13:11:37.016+0000] {logging_mixin.py:188} INFO - [2024-05-08T13:11:37.016+0000] {override.py:1829} INFO - Created Permission View: can edit on DAG:example_display_name
[2024-05-08T13:11:37.024+0000] {logging_mixin.py:188} INFO - [2024-05-08T13:11:37.024+0000] {override.py:1829} INFO - Created Permission View: can read on DAG:example_display_name
[2024-05-08T13:11:37.025+0000] {logging_mixin.py:188} INFO - [2024-05-08T13:11:37.025+0000] {dag.py:3096} INFO - Sync 1 DAGs
[2024-05-08T13:11:37.034+0000] {logging_mixin.py:188} INFO - [2024-05-08T13:11:37.034+0000] {dag.py:3118} INFO - Creating ORM DAG for example_display_name
[2024-05-08T13:11:37.035+0000] {logging_mixin.py:188} INFO - [2024-05-08T13:11:37.035+0000] {dag.py:3954} INFO - Setting next_dagrun for example_display_name to None, run_after=None
[2024-05-08T13:11:37.055+0000] {processor.py:183} INFO - Processing /home/denys/airflow_venv/lib/python3.12/site-packages/airflow/example_dags/example_display_name.py took 0.155 seconds
[2024-05-08T13:12:32.598+0000] {processor.py:161} INFO - Started process (PID=1907) to work on /home/denys/airflow_venv/lib/python3.12/site-packages/airflow/example_dags/example_display_name.py
[2024-05-08T13:12:32.600+0000] {processor.py:830} INFO - Processing file /home/denys/airflow_venv/lib/python3.12/site-packages/airflow/example_dags/example_display_name.py for tasks to queue
[2024-05-08T13:12:32.601+0000] {logging_mixin.py:188} INFO - [2024-05-08T13:12:32.601+0000] {dagbag.py:545} INFO - Filling up the DagBag from /home/denys/airflow_venv/lib/python3.12/site-packages/airflow/example_dags/example_display_name.py
[2024-05-08T13:12:32.605+0000] {processor.py:840} INFO - DAG(s) 'example_display_name' retrieved from /home/denys/airflow_venv/lib/python3.12/site-packages/airflow/example_dags/example_display_name.py
[2024-05-08T13:12:32.614+0000] {logging_mixin.py:188} INFO - [2024-05-08T13:12:32.613+0000] {dag.py:3096} INFO - Sync 1 DAGs
[2024-05-08T13:12:32.621+0000] {logging_mixin.py:188} INFO - [2024-05-08T13:12:32.621+0000] {dag.py:3954} INFO - Setting next_dagrun for example_display_name to None, run_after=None
[2024-05-08T13:12:32.641+0000] {processor.py:183} INFO - Processing /home/denys/airflow_venv/lib/python3.12/site-packages/airflow/example_dags/example_display_name.py took 0.047 seconds
[2024-05-08T13:13:16.489+0000] {processor.py:161} INFO - Started process (PID=1956) to work on /home/denys/airflow_venv/lib/python3.12/site-packages/airflow/example_dags/example_display_name.py
[2024-05-08T13:13:16.490+0000] {processor.py:830} INFO - Processing file /home/denys/airflow_venv/lib/python3.12/site-packages/airflow/example_dags/example_display_name.py for tasks to queue
[2024-05-08T13:13:16.491+0000] {logging_mixin.py:188} INFO - [2024-05-08T13:13:16.491+0000] {dagbag.py:545} INFO - Filling up the DagBag from /home/denys/airflow_venv/lib/python3.12/site-packages/airflow/example_dags/example_display_name.py
[2024-05-08T13:13:16.495+0000] {processor.py:840} INFO - DAG(s) 'example_display_name' retrieved from /home/denys/airflow_venv/lib/python3.12/site-packages/airflow/example_dags/example_display_name.py
[2024-05-08T13:13:16.505+0000] {logging_mixin.py:188} INFO - [2024-05-08T13:13:16.505+0000] {dag.py:3096} INFO - Sync 1 DAGs
[2024-05-08T13:13:16.512+0000] {logging_mixin.py:188} INFO - [2024-05-08T13:13:16.511+0000] {dag.py:3954} INFO - Setting next_dagrun for example_display_name to None, run_after=None
[2024-05-08T13:13:16.534+0000] {processor.py:183} INFO - Processing /home/denys/airflow_venv/lib/python3.12/site-packages/airflow/example_dags/example_display_name.py took 0.049 seconds
[2024-05-08T13:13:59.008+0000] {processor.py:161} INFO - Started process (PID=2000) to work on /home/denys/airflow_venv/lib/python3.12/site-packages/airflow/example_dags/example_display_name.py
[2024-05-08T13:13:59.010+0000] {processor.py:830} INFO - Processing file /home/denys/airflow_venv/lib/python3.12/site-packages/airflow/example_dags/example_display_name.py for tasks to queue
[2024-05-08T13:13:59.011+0000] {logging_mixin.py:188} INFO - [2024-05-08T13:13:59.011+0000] {dagbag.py:545} INFO - Filling up the DagBag from /home/denys/airflow_venv/lib/python3.12/site-packages/airflow/example_dags/example_display_name.py
[2024-05-08T13:13:59.015+0000] {processor.py:840} INFO - DAG(s) 'example_display_name' retrieved from /home/denys/airflow_venv/lib/python3.12/site-packages/airflow/example_dags/example_display_name.py
[2024-05-08T13:13:59.025+0000] {logging_mixin.py:188} INFO - [2024-05-08T13:13:59.024+0000] {dag.py:3096} INFO - Sync 1 DAGs
[2024-05-08T13:13:59.031+0000] {logging_mixin.py:188} INFO - [2024-05-08T13:13:59.031+0000] {dag.py:3954} INFO - Setting next_dagrun for example_display_name to None, run_after=None
[2024-05-08T13:13:59.054+0000] {processor.py:183} INFO - Processing /home/denys/airflow_venv/lib/python3.12/site-packages/airflow/example_dags/example_display_name.py took 0.049 seconds
[2024-05-08T13:14:42.683+0000] {processor.py:161} INFO - Started process (PID=2044) to work on /home/denys/airflow_venv/lib/python3.12/site-packages/airflow/example_dags/example_display_name.py
[2024-05-08T13:14:42.685+0000] {processor.py:830} INFO - Processing file /home/denys/airflow_venv/lib/python3.12/site-packages/airflow/example_dags/example_display_name.py for tasks to queue
[2024-05-08T13:14:42.686+0000] {logging_mixin.py:188} INFO - [2024-05-08T13:14:42.685+0000] {dagbag.py:545} INFO - Filling up the DagBag from /home/denys/airflow_venv/lib/python3.12/site-packages/airflow/example_dags/example_display_name.py
[2024-05-08T13:14:42.689+0000] {processor.py:840} INFO - DAG(s) 'example_display_name' retrieved from /home/denys/airflow_venv/lib/python3.12/site-packages/airflow/example_dags/example_display_name.py
[2024-05-08T13:14:42.697+0000] {logging_mixin.py:188} INFO - [2024-05-08T13:14:42.697+0000] {dag.py:3096} INFO - Sync 1 DAGs
[2024-05-08T13:14:42.703+0000] {logging_mixin.py:188} INFO - [2024-05-08T13:14:42.703+0000] {dag.py:3954} INFO - Setting next_dagrun for example_display_name to None, run_after=None
[2024-05-08T13:14:42.725+0000] {processor.py:183} INFO - Processing /home/denys/airflow_venv/lib/python3.12/site-packages/airflow/example_dags/example_display_name.py took 0.045 seconds
[2024-05-08T13:15:25.283+0000] {processor.py:161} INFO - Started process (PID=2090) to work on /home/denys/airflow_venv/lib/python3.12/site-packages/airflow/example_dags/example_display_name.py
[2024-05-08T13:15:25.284+0000] {processor.py:830} INFO - Processing file /home/denys/airflow_venv/lib/python3.12/site-packages/airflow/example_dags/example_display_name.py for tasks to queue
[2024-05-08T13:15:25.285+0000] {logging_mixin.py:188} INFO - [2024-05-08T13:15:25.285+0000] {dagbag.py:545} INFO - Filling up the DagBag from /home/denys/airflow_venv/lib/python3.12/site-packages/airflow/example_dags/example_display_name.py
[2024-05-08T13:15:25.290+0000] {processor.py:840} INFO - DAG(s) 'example_display_name' retrieved from /home/denys/airflow_venv/lib/python3.12/site-packages/airflow/example_dags/example_display_name.py
[2024-05-08T13:15:25.298+0000] {logging_mixin.py:188} INFO - [2024-05-08T13:15:25.298+0000] {dag.py:3096} INFO - Sync 1 DAGs
[2024-05-08T13:15:25.305+0000] {logging_mixin.py:188} INFO - [2024-05-08T13:15:25.305+0000] {dag.py:3954} INFO - Setting next_dagrun for example_display_name to None, run_after=None
[2024-05-08T13:15:25.325+0000] {processor.py:183} INFO - Processing /home/denys/airflow_venv/lib/python3.12/site-packages/airflow/example_dags/example_display_name.py took 0.046 seconds
[2024-05-08T13:16:06.309+0000] {processor.py:161} INFO - Started process (PID=2134) to work on /home/denys/airflow_venv/lib/python3.12/site-packages/airflow/example_dags/example_display_name.py
[2024-05-08T13:16:06.311+0000] {processor.py:830} INFO - Processing file /home/denys/airflow_venv/lib/python3.12/site-packages/airflow/example_dags/example_display_name.py for tasks to queue
[2024-05-08T13:16:06.312+0000] {logging_mixin.py:188} INFO - [2024-05-08T13:16:06.312+0000] {dagbag.py:545} INFO - Filling up the DagBag from /home/denys/airflow_venv/lib/python3.12/site-packages/airflow/example_dags/example_display_name.py
[2024-05-08T13:16:06.316+0000] {processor.py:840} INFO - DAG(s) 'example_display_name' retrieved from /home/denys/airflow_venv/lib/python3.12/site-packages/airflow/example_dags/example_display_name.py
[2024-05-08T13:16:06.325+0000] {logging_mixin.py:188} INFO - [2024-05-08T13:16:06.324+0000] {dag.py:3096} INFO - Sync 1 DAGs
[2024-05-08T13:16:06.331+0000] {logging_mixin.py:188} INFO - [2024-05-08T13:16:06.331+0000] {dag.py:3954} INFO - Setting next_dagrun for example_display_name to None, run_after=None
[2024-05-08T13:16:06.355+0000] {processor.py:183} INFO - Processing /home/denys/airflow_venv/lib/python3.12/site-packages/airflow/example_dags/example_display_name.py took 0.049 seconds
[2024-05-08T13:16:47.590+0000] {processor.py:161} INFO - Started process (PID=2176) to work on /home/denys/airflow_venv/lib/python3.12/site-packages/airflow/example_dags/example_display_name.py
[2024-05-08T13:16:47.593+0000] {processor.py:830} INFO - Processing file /home/denys/airflow_venv/lib/python3.12/site-packages/airflow/example_dags/example_display_name.py for tasks to queue
[2024-05-08T13:16:47.594+0000] {logging_mixin.py:188} INFO - [2024-05-08T13:16:47.593+0000] {dagbag.py:545} INFO - Filling up the DagBag from /home/denys/airflow_venv/lib/python3.12/site-packages/airflow/example_dags/example_display_name.py
[2024-05-08T13:16:47.598+0000] {processor.py:840} INFO - DAG(s) 'example_display_name' retrieved from /home/denys/airflow_venv/lib/python3.12/site-packages/airflow/example_dags/example_display_name.py
[2024-05-08T13:16:47.608+0000] {logging_mixin.py:188} INFO - [2024-05-08T13:16:47.608+0000] {dag.py:3096} INFO - Sync 1 DAGs
[2024-05-08T13:16:47.616+0000] {logging_mixin.py:188} INFO - [2024-05-08T13:16:47.616+0000] {dag.py:3954} INFO - Setting next_dagrun for example_display_name to None, run_after=None
[2024-05-08T13:16:47.640+0000] {processor.py:183} INFO - Processing /home/denys/airflow_venv/lib/python3.12/site-packages/airflow/example_dags/example_display_name.py took 0.053 seconds
[2024-05-08T13:17:31.114+0000] {processor.py:161} INFO - Started process (PID=2225) to work on /home/denys/airflow_venv/lib/python3.12/site-packages/airflow/example_dags/example_display_name.py
[2024-05-08T13:17:31.116+0000] {processor.py:830} INFO - Processing file /home/denys/airflow_venv/lib/python3.12/site-packages/airflow/example_dags/example_display_name.py for tasks to queue
[2024-05-08T13:17:31.117+0000] {logging_mixin.py:188} INFO - [2024-05-08T13:17:31.116+0000] {dagbag.py:545} INFO - Filling up the DagBag from /home/denys/airflow_venv/lib/python3.12/site-packages/airflow/example_dags/example_display_name.py
[2024-05-08T13:17:31.120+0000] {processor.py:840} INFO - DAG(s) 'example_display_name' retrieved from /home/denys/airflow_venv/lib/python3.12/site-packages/airflow/example_dags/example_display_name.py
[2024-05-08T13:17:31.129+0000] {logging_mixin.py:188} INFO - [2024-05-08T13:17:31.129+0000] {dag.py:3096} INFO - Sync 1 DAGs
[2024-05-08T13:17:31.136+0000] {logging_mixin.py:188} INFO - [2024-05-08T13:17:31.135+0000] {dag.py:3954} INFO - Setting next_dagrun for example_display_name to None, run_after=None
[2024-05-08T13:17:31.158+0000] {processor.py:183} INFO - Processing /home/denys/airflow_venv/lib/python3.12/site-packages/airflow/example_dags/example_display_name.py took 0.047 seconds
[2024-05-08T13:18:15.978+0000] {processor.py:161} INFO - Started process (PID=2270) to work on /home/denys/airflow_venv/lib/python3.12/site-packages/airflow/example_dags/example_display_name.py
[2024-05-08T13:18:15.980+0000] {processor.py:830} INFO - Processing file /home/denys/airflow_venv/lib/python3.12/site-packages/airflow/example_dags/example_display_name.py for tasks to queue
[2024-05-08T13:18:15.981+0000] {logging_mixin.py:188} INFO - [2024-05-08T13:18:15.980+0000] {dagbag.py:545} INFO - Filling up the DagBag from /home/denys/airflow_venv/lib/python3.12/site-packages/airflow/example_dags/example_display_name.py
[2024-05-08T13:18:15.984+0000] {processor.py:840} INFO - DAG(s) 'example_display_name' retrieved from /home/denys/airflow_venv/lib/python3.12/site-packages/airflow/example_dags/example_display_name.py
[2024-05-08T13:18:15.993+0000] {logging_mixin.py:188} INFO - [2024-05-08T13:18:15.993+0000] {dag.py:3096} INFO - Sync 1 DAGs
[2024-05-08T13:18:15.999+0000] {logging_mixin.py:188} INFO - [2024-05-08T13:18:15.999+0000] {dag.py:3954} INFO - Setting next_dagrun for example_display_name to None, run_after=None
[2024-05-08T13:18:16.022+0000] {processor.py:183} INFO - Processing /home/denys/airflow_venv/lib/python3.12/site-packages/airflow/example_dags/example_display_name.py took 0.047 seconds
[2024-05-08T13:19:08.375+0000] {processor.py:161} INFO - Started process (PID=2310) to work on /home/denys/airflow_venv/lib/python3.12/site-packages/airflow/example_dags/example_display_name.py
[2024-05-08T13:19:08.376+0000] {processor.py:830} INFO - Processing file /home/denys/airflow_venv/lib/python3.12/site-packages/airflow/example_dags/example_display_name.py for tasks to queue
[2024-05-08T13:19:08.377+0000] {logging_mixin.py:188} INFO - [2024-05-08T13:19:08.377+0000] {dagbag.py:545} INFO - Filling up the DagBag from /home/denys/airflow_venv/lib/python3.12/site-packages/airflow/example_dags/example_display_name.py
[2024-05-08T13:19:08.382+0000] {processor.py:840} INFO - DAG(s) 'example_display_name' retrieved from /home/denys/airflow_venv/lib/python3.12/site-packages/airflow/example_dags/example_display_name.py
[2024-05-08T13:19:08.386+0000] {logging_mixin.py:188} INFO - [2024-05-08T13:19:08.386+0000] {dag.py:3096} INFO - Sync 1 DAGs
[2024-05-08T13:19:08.392+0000] {logging_mixin.py:188} INFO - [2024-05-08T13:19:08.392+0000] {dag.py:3954} INFO - Setting next_dagrun for example_display_name to None, run_after=None
[2024-05-08T13:19:08.413+0000] {processor.py:183} INFO - Processing /home/denys/airflow_venv/lib/python3.12/site-packages/airflow/example_dags/example_display_name.py took 0.042 seconds
[2024-05-08T13:19:59.651+0000] {processor.py:161} INFO - Started process (PID=2363) to work on /home/denys/airflow_venv/lib/python3.12/site-packages/airflow/example_dags/example_display_name.py
[2024-05-08T13:19:59.652+0000] {processor.py:830} INFO - Processing file /home/denys/airflow_venv/lib/python3.12/site-packages/airflow/example_dags/example_display_name.py for tasks to queue
[2024-05-08T13:19:59.653+0000] {logging_mixin.py:188} INFO - [2024-05-08T13:19:59.653+0000] {dagbag.py:545} INFO - Filling up the DagBag from /home/denys/airflow_venv/lib/python3.12/site-packages/airflow/example_dags/example_display_name.py
[2024-05-08T13:19:59.656+0000] {processor.py:840} INFO - DAG(s) 'example_display_name' retrieved from /home/denys/airflow_venv/lib/python3.12/site-packages/airflow/example_dags/example_display_name.py
[2024-05-08T13:19:59.703+0000] {logging_mixin.py:188} INFO - [2024-05-08T13:19:59.703+0000] {dag.py:3096} INFO - Sync 1 DAGs
[2024-05-08T13:19:59.708+0000] {logging_mixin.py:188} INFO - [2024-05-08T13:19:59.708+0000] {dag.py:3954} INFO - Setting next_dagrun for example_display_name to None, run_after=None
[2024-05-08T13:19:59.730+0000] {processor.py:183} INFO - Processing /home/denys/airflow_venv/lib/python3.12/site-packages/airflow/example_dags/example_display_name.py took 0.082 seconds
[2024-05-08T13:20:40.194+0000] {processor.py:161} INFO - Started process (PID=2409) to work on /home/denys/airflow_venv/lib/python3.12/site-packages/airflow/example_dags/example_display_name.py
[2024-05-08T13:20:40.197+0000] {processor.py:830} INFO - Processing file /home/denys/airflow_venv/lib/python3.12/site-packages/airflow/example_dags/example_display_name.py for tasks to queue
[2024-05-08T13:20:40.198+0000] {logging_mixin.py:188} INFO - [2024-05-08T13:20:40.198+0000] {dagbag.py:545} INFO - Filling up the DagBag from /home/denys/airflow_venv/lib/python3.12/site-packages/airflow/example_dags/example_display_name.py
[2024-05-08T13:20:40.202+0000] {processor.py:840} INFO - DAG(s) 'example_display_name' retrieved from /home/denys/airflow_venv/lib/python3.12/site-packages/airflow/example_dags/example_display_name.py
[2024-05-08T13:20:40.211+0000] {logging_mixin.py:188} INFO - [2024-05-08T13:20:40.211+0000] {dag.py:3096} INFO - Sync 1 DAGs
[2024-05-08T13:20:40.219+0000] {logging_mixin.py:188} INFO - [2024-05-08T13:20:40.218+0000] {dag.py:3954} INFO - Setting next_dagrun for example_display_name to None, run_after=None
[2024-05-08T13:20:40.235+0000] {processor.py:183} INFO - Processing /home/denys/airflow_venv/lib/python3.12/site-packages/airflow/example_dags/example_display_name.py took 0.044 seconds
[2024-05-08T13:21:22.331+0000] {processor.py:161} INFO - Started process (PID=2452) to work on /home/denys/airflow_venv/lib/python3.12/site-packages/airflow/example_dags/example_display_name.py
[2024-05-08T13:21:22.333+0000] {processor.py:830} INFO - Processing file /home/denys/airflow_venv/lib/python3.12/site-packages/airflow/example_dags/example_display_name.py for tasks to queue
[2024-05-08T13:21:22.334+0000] {logging_mixin.py:188} INFO - [2024-05-08T13:21:22.333+0000] {dagbag.py:545} INFO - Filling up the DagBag from /home/denys/airflow_venv/lib/python3.12/site-packages/airflow/example_dags/example_display_name.py
[2024-05-08T13:21:22.337+0000] {processor.py:840} INFO - DAG(s) 'example_display_name' retrieved from /home/denys/airflow_venv/lib/python3.12/site-packages/airflow/example_dags/example_display_name.py
[2024-05-08T13:21:22.346+0000] {logging_mixin.py:188} INFO - [2024-05-08T13:21:22.346+0000] {dag.py:3096} INFO - Sync 1 DAGs
[2024-05-08T13:21:22.352+0000] {logging_mixin.py:188} INFO - [2024-05-08T13:21:22.352+0000] {dag.py:3954} INFO - Setting next_dagrun for example_display_name to None, run_after=None
[2024-05-08T13:21:22.369+0000] {processor.py:183} INFO - Processing /home/denys/airflow_venv/lib/python3.12/site-packages/airflow/example_dags/example_display_name.py took 0.042 seconds
[2024-05-08T13:22:06.813+0000] {processor.py:161} INFO - Started process (PID=2497) to work on /home/denys/airflow_venv/lib/python3.12/site-packages/airflow/example_dags/example_display_name.py
[2024-05-08T13:22:06.815+0000] {processor.py:830} INFO - Processing file /home/denys/airflow_venv/lib/python3.12/site-packages/airflow/example_dags/example_display_name.py for tasks to queue
[2024-05-08T13:22:06.816+0000] {logging_mixin.py:188} INFO - [2024-05-08T13:22:06.815+0000] {dagbag.py:545} INFO - Filling up the DagBag from /home/denys/airflow_venv/lib/python3.12/site-packages/airflow/example_dags/example_display_name.py
[2024-05-08T13:22:06.819+0000] {processor.py:840} INFO - DAG(s) 'example_display_name' retrieved from /home/denys/airflow_venv/lib/python3.12/site-packages/airflow/example_dags/example_display_name.py
[2024-05-08T13:22:06.828+0000] {logging_mixin.py:188} INFO - [2024-05-08T13:22:06.828+0000] {dag.py:3096} INFO - Sync 1 DAGs
[2024-05-08T13:22:06.834+0000] {logging_mixin.py:188} INFO - [2024-05-08T13:22:06.834+0000] {dag.py:3954} INFO - Setting next_dagrun for example_display_name to None, run_after=None
[2024-05-08T13:22:06.855+0000] {processor.py:183} INFO - Processing /home/denys/airflow_venv/lib/python3.12/site-packages/airflow/example_dags/example_display_name.py took 0.046 seconds
[2024-05-08T13:22:49.435+0000] {processor.py:161} INFO - Started process (PID=2541) to work on /home/denys/airflow_venv/lib/python3.12/site-packages/airflow/example_dags/example_display_name.py
[2024-05-08T13:22:49.437+0000] {processor.py:830} INFO - Processing file /home/denys/airflow_venv/lib/python3.12/site-packages/airflow/example_dags/example_display_name.py for tasks to queue
[2024-05-08T13:22:49.438+0000] {logging_mixin.py:188} INFO - [2024-05-08T13:22:49.437+0000] {dagbag.py:545} INFO - Filling up the DagBag from /home/denys/airflow_venv/lib/python3.12/site-packages/airflow/example_dags/example_display_name.py
[2024-05-08T13:22:49.441+0000] {processor.py:840} INFO - DAG(s) 'example_display_name' retrieved from /home/denys/airflow_venv/lib/python3.12/site-packages/airflow/example_dags/example_display_name.py
[2024-05-08T13:22:49.452+0000] {logging_mixin.py:188} INFO - [2024-05-08T13:22:49.452+0000] {dag.py:3096} INFO - Sync 1 DAGs
[2024-05-08T13:22:49.458+0000] {logging_mixin.py:188} INFO - [2024-05-08T13:22:49.458+0000] {dag.py:3954} INFO - Setting next_dagrun for example_display_name to None, run_after=None
[2024-05-08T13:22:49.477+0000] {processor.py:183} INFO - Processing /home/denys/airflow_venv/lib/python3.12/site-packages/airflow/example_dags/example_display_name.py took 0.046 seconds
[2024-05-08T13:23:30.007+0000] {processor.py:161} INFO - Started process (PID=2585) to work on /home/denys/airflow_venv/lib/python3.12/site-packages/airflow/example_dags/example_display_name.py
[2024-05-08T13:23:30.008+0000] {processor.py:830} INFO - Processing file /home/denys/airflow_venv/lib/python3.12/site-packages/airflow/example_dags/example_display_name.py for tasks to queue
[2024-05-08T13:23:30.009+0000] {logging_mixin.py:188} INFO - [2024-05-08T13:23:30.009+0000] {dagbag.py:545} INFO - Filling up the DagBag from /home/denys/airflow_venv/lib/python3.12/site-packages/airflow/example_dags/example_display_name.py
[2024-05-08T13:23:30.013+0000] {processor.py:840} INFO - DAG(s) 'example_display_name' retrieved from /home/denys/airflow_venv/lib/python3.12/site-packages/airflow/example_dags/example_display_name.py
[2024-05-08T13:23:30.022+0000] {logging_mixin.py:188} INFO - [2024-05-08T13:23:30.022+0000] {dag.py:3096} INFO - Sync 1 DAGs
[2024-05-08T13:23:30.028+0000] {logging_mixin.py:188} INFO - [2024-05-08T13:23:30.028+0000] {dag.py:3954} INFO - Setting next_dagrun for example_display_name to None, run_after=None
[2024-05-08T13:23:30.051+0000] {processor.py:183} INFO - Processing /home/denys/airflow_venv/lib/python3.12/site-packages/airflow/example_dags/example_display_name.py took 0.047 seconds
[2024-05-08T13:24:10.289+0000] {processor.py:161} INFO - Started process (PID=2698) to work on /home/denys/airflow_venv/lib/python3.12/site-packages/airflow/example_dags/example_display_name.py
[2024-05-08T13:24:10.290+0000] {processor.py:830} INFO - Processing file /home/denys/airflow_venv/lib/python3.12/site-packages/airflow/example_dags/example_display_name.py for tasks to queue
[2024-05-08T13:24:10.291+0000] {logging_mixin.py:188} INFO - [2024-05-08T13:24:10.291+0000] {dagbag.py:545} INFO - Filling up the DagBag from /home/denys/airflow_venv/lib/python3.12/site-packages/airflow/example_dags/example_display_name.py
[2024-05-08T13:24:10.295+0000] {processor.py:840} INFO - DAG(s) 'example_display_name' retrieved from /home/denys/airflow_venv/lib/python3.12/site-packages/airflow/example_dags/example_display_name.py
[2024-05-08T13:24:10.304+0000] {logging_mixin.py:188} INFO - [2024-05-08T13:24:10.304+0000] {dag.py:3096} INFO - Sync 1 DAGs
[2024-05-08T13:24:10.310+0000] {logging_mixin.py:188} INFO - [2024-05-08T13:24:10.310+0000] {dag.py:3954} INFO - Setting next_dagrun for example_display_name to None, run_after=None
[2024-05-08T13:24:10.333+0000] {processor.py:183} INFO - Processing /home/denys/airflow_venv/lib/python3.12/site-packages/airflow/example_dags/example_display_name.py took 0.048 seconds
[2024-05-08T13:24:47.810+0000] {processor.py:161} INFO - Started process (PID=2739) to work on /home/denys/airflow_venv/lib/python3.12/site-packages/airflow/example_dags/example_display_name.py
[2024-05-08T13:24:47.811+0000] {processor.py:830} INFO - Processing file /home/denys/airflow_venv/lib/python3.12/site-packages/airflow/example_dags/example_display_name.py for tasks to queue
[2024-05-08T13:24:47.813+0000] {logging_mixin.py:188} INFO - [2024-05-08T13:24:47.813+0000] {dagbag.py:545} INFO - Filling up the DagBag from /home/denys/airflow_venv/lib/python3.12/site-packages/airflow/example_dags/example_display_name.py
[2024-05-08T13:24:47.817+0000] {processor.py:840} INFO - DAG(s) 'example_display_name' retrieved from /home/denys/airflow_venv/lib/python3.12/site-packages/airflow/example_dags/example_display_name.py
[2024-05-08T13:24:47.828+0000] {logging_mixin.py:188} INFO - [2024-05-08T13:24:47.828+0000] {dag.py:3096} INFO - Sync 1 DAGs
[2024-05-08T13:24:47.836+0000] {logging_mixin.py:188} INFO - [2024-05-08T13:24:47.835+0000] {dag.py:3954} INFO - Setting next_dagrun for example_display_name to None, run_after=None
[2024-05-08T13:24:47.853+0000] {processor.py:183} INFO - Processing /home/denys/airflow_venv/lib/python3.12/site-packages/airflow/example_dags/example_display_name.py took 0.047 seconds
[2024-05-08T13:25:29.182+0000] {processor.py:161} INFO - Started process (PID=2787) to work on /home/denys/airflow_venv/lib/python3.12/site-packages/airflow/example_dags/example_display_name.py
[2024-05-08T13:25:29.184+0000] {processor.py:830} INFO - Processing file /home/denys/airflow_venv/lib/python3.12/site-packages/airflow/example_dags/example_display_name.py for tasks to queue
[2024-05-08T13:25:29.185+0000] {logging_mixin.py:188} INFO - [2024-05-08T13:25:29.185+0000] {dagbag.py:545} INFO - Filling up the DagBag from /home/denys/airflow_venv/lib/python3.12/site-packages/airflow/example_dags/example_display_name.py
[2024-05-08T13:25:29.189+0000] {processor.py:840} INFO - DAG(s) 'example_display_name' retrieved from /home/denys/airflow_venv/lib/python3.12/site-packages/airflow/example_dags/example_display_name.py
[2024-05-08T13:25:29.198+0000] {logging_mixin.py:188} INFO - [2024-05-08T13:25:29.198+0000] {dag.py:3096} INFO - Sync 1 DAGs
[2024-05-08T13:25:29.204+0000] {logging_mixin.py:188} INFO - [2024-05-08T13:25:29.204+0000] {dag.py:3954} INFO - Setting next_dagrun for example_display_name to None, run_after=None
[2024-05-08T13:25:29.220+0000] {processor.py:183} INFO - Processing /home/denys/airflow_venv/lib/python3.12/site-packages/airflow/example_dags/example_display_name.py took 0.041 seconds
[2024-05-08T13:26:09.982+0000] {processor.py:161} INFO - Started process (PID=2830) to work on /home/denys/airflow_venv/lib/python3.12/site-packages/airflow/example_dags/example_display_name.py
[2024-05-08T13:26:09.984+0000] {processor.py:830} INFO - Processing file /home/denys/airflow_venv/lib/python3.12/site-packages/airflow/example_dags/example_display_name.py for tasks to queue
[2024-05-08T13:26:09.985+0000] {logging_mixin.py:188} INFO - [2024-05-08T13:26:09.985+0000] {dagbag.py:545} INFO - Filling up the DagBag from /home/denys/airflow_venv/lib/python3.12/site-packages/airflow/example_dags/example_display_name.py
[2024-05-08T13:26:09.989+0000] {processor.py:840} INFO - DAG(s) 'example_display_name' retrieved from /home/denys/airflow_venv/lib/python3.12/site-packages/airflow/example_dags/example_display_name.py
[2024-05-08T13:26:09.998+0000] {logging_mixin.py:188} INFO - [2024-05-08T13:26:09.998+0000] {dag.py:3096} INFO - Sync 1 DAGs
[2024-05-08T13:26:10.004+0000] {logging_mixin.py:188} INFO - [2024-05-08T13:26:10.004+0000] {dag.py:3954} INFO - Setting next_dagrun for example_display_name to None, run_after=None
[2024-05-08T13:26:10.028+0000] {processor.py:183} INFO - Processing /home/denys/airflow_venv/lib/python3.12/site-packages/airflow/example_dags/example_display_name.py took 0.049 seconds
[2024-05-08T13:26:53.121+0000] {processor.py:161} INFO - Started process (PID=2873) to work on /home/denys/airflow_venv/lib/python3.12/site-packages/airflow/example_dags/example_display_name.py
[2024-05-08T13:26:53.123+0000] {processor.py:830} INFO - Processing file /home/denys/airflow_venv/lib/python3.12/site-packages/airflow/example_dags/example_display_name.py for tasks to queue
[2024-05-08T13:26:53.124+0000] {logging_mixin.py:188} INFO - [2024-05-08T13:26:53.124+0000] {dagbag.py:545} INFO - Filling up the DagBag from /home/denys/airflow_venv/lib/python3.12/site-packages/airflow/example_dags/example_display_name.py
[2024-05-08T13:26:53.127+0000] {processor.py:840} INFO - DAG(s) 'example_display_name' retrieved from /home/denys/airflow_venv/lib/python3.12/site-packages/airflow/example_dags/example_display_name.py
[2024-05-08T13:26:53.136+0000] {logging_mixin.py:188} INFO - [2024-05-08T13:26:53.136+0000] {dag.py:3096} INFO - Sync 1 DAGs
[2024-05-08T13:26:53.142+0000] {logging_mixin.py:188} INFO - [2024-05-08T13:26:53.142+0000] {dag.py:3954} INFO - Setting next_dagrun for example_display_name to None, run_after=None
[2024-05-08T13:26:53.165+0000] {processor.py:183} INFO - Processing /home/denys/airflow_venv/lib/python3.12/site-packages/airflow/example_dags/example_display_name.py took 0.047 seconds
[2024-05-08T13:27:37.131+0000] {processor.py:161} INFO - Started process (PID=2918) to work on /home/denys/airflow_venv/lib/python3.12/site-packages/airflow/example_dags/example_display_name.py
[2024-05-08T13:27:37.132+0000] {processor.py:830} INFO - Processing file /home/denys/airflow_venv/lib/python3.12/site-packages/airflow/example_dags/example_display_name.py for tasks to queue
[2024-05-08T13:27:37.133+0000] {logging_mixin.py:188} INFO - [2024-05-08T13:27:37.133+0000] {dagbag.py:545} INFO - Filling up the DagBag from /home/denys/airflow_venv/lib/python3.12/site-packages/airflow/example_dags/example_display_name.py
[2024-05-08T13:27:37.137+0000] {processor.py:840} INFO - DAG(s) 'example_display_name' retrieved from /home/denys/airflow_venv/lib/python3.12/site-packages/airflow/example_dags/example_display_name.py
[2024-05-08T13:27:37.147+0000] {logging_mixin.py:188} INFO - [2024-05-08T13:27:37.147+0000] {dag.py:3096} INFO - Sync 1 DAGs
[2024-05-08T13:27:37.153+0000] {logging_mixin.py:188} INFO - [2024-05-08T13:27:37.153+0000] {dag.py:3954} INFO - Setting next_dagrun for example_display_name to None, run_after=None
[2024-05-08T13:27:37.174+0000] {processor.py:183} INFO - Processing /home/denys/airflow_venv/lib/python3.12/site-packages/airflow/example_dags/example_display_name.py took 0.047 seconds
[2024-05-08T13:28:21.622+0000] {processor.py:161} INFO - Started process (PID=2964) to work on /home/denys/airflow_venv/lib/python3.12/site-packages/airflow/example_dags/example_display_name.py
[2024-05-08T13:28:21.624+0000] {processor.py:830} INFO - Processing file /home/denys/airflow_venv/lib/python3.12/site-packages/airflow/example_dags/example_display_name.py for tasks to queue
[2024-05-08T13:28:21.625+0000] {logging_mixin.py:188} INFO - [2024-05-08T13:28:21.624+0000] {dagbag.py:545} INFO - Filling up the DagBag from /home/denys/airflow_venv/lib/python3.12/site-packages/airflow/example_dags/example_display_name.py
[2024-05-08T13:28:21.628+0000] {processor.py:840} INFO - DAG(s) 'example_display_name' retrieved from /home/denys/airflow_venv/lib/python3.12/site-packages/airflow/example_dags/example_display_name.py
[2024-05-08T13:28:21.638+0000] {logging_mixin.py:188} INFO - [2024-05-08T13:28:21.637+0000] {dag.py:3096} INFO - Sync 1 DAGs
[2024-05-08T13:28:21.644+0000] {logging_mixin.py:188} INFO - [2024-05-08T13:28:21.644+0000] {dag.py:3954} INFO - Setting next_dagrun for example_display_name to None, run_after=None
[2024-05-08T13:28:21.667+0000] {processor.py:183} INFO - Processing /home/denys/airflow_venv/lib/python3.12/site-packages/airflow/example_dags/example_display_name.py took 0.049 seconds
[2024-05-08T13:29:02.991+0000] {processor.py:161} INFO - Started process (PID=3062) to work on /home/denys/airflow_venv/lib/python3.12/site-packages/airflow/example_dags/example_display_name.py
[2024-05-08T13:29:02.994+0000] {processor.py:830} INFO - Processing file /home/denys/airflow_venv/lib/python3.12/site-packages/airflow/example_dags/example_display_name.py for tasks to queue
[2024-05-08T13:29:02.995+0000] {logging_mixin.py:188} INFO - [2024-05-08T13:29:02.994+0000] {dagbag.py:545} INFO - Filling up the DagBag from /home/denys/airflow_venv/lib/python3.12/site-packages/airflow/example_dags/example_display_name.py
[2024-05-08T13:29:02.998+0000] {processor.py:840} INFO - DAG(s) 'example_display_name' retrieved from /home/denys/airflow_venv/lib/python3.12/site-packages/airflow/example_dags/example_display_name.py
[2024-05-08T13:29:03.009+0000] {logging_mixin.py:188} INFO - [2024-05-08T13:29:03.009+0000] {dag.py:3096} INFO - Sync 1 DAGs
[2024-05-08T13:29:03.017+0000] {logging_mixin.py:188} INFO - [2024-05-08T13:29:03.017+0000] {dag.py:3954} INFO - Setting next_dagrun for example_display_name to None, run_after=None
[2024-05-08T13:29:03.039+0000] {processor.py:183} INFO - Processing /home/denys/airflow_venv/lib/python3.12/site-packages/airflow/example_dags/example_display_name.py took 0.051 seconds
[2024-05-08T13:29:40.664+0000] {processor.py:161} INFO - Started process (PID=3104) to work on /home/denys/airflow_venv/lib/python3.12/site-packages/airflow/example_dags/example_display_name.py
[2024-05-08T13:29:40.666+0000] {processor.py:830} INFO - Processing file /home/denys/airflow_venv/lib/python3.12/site-packages/airflow/example_dags/example_display_name.py for tasks to queue
[2024-05-08T13:29:40.667+0000] {logging_mixin.py:188} INFO - [2024-05-08T13:29:40.667+0000] {dagbag.py:545} INFO - Filling up the DagBag from /home/denys/airflow_venv/lib/python3.12/site-packages/airflow/example_dags/example_display_name.py
[2024-05-08T13:29:40.671+0000] {processor.py:840} INFO - DAG(s) 'example_display_name' retrieved from /home/denys/airflow_venv/lib/python3.12/site-packages/airflow/example_dags/example_display_name.py
[2024-05-08T13:29:40.681+0000] {logging_mixin.py:188} INFO - [2024-05-08T13:29:40.680+0000] {dag.py:3096} INFO - Sync 1 DAGs
[2024-05-08T13:29:40.687+0000] {logging_mixin.py:188} INFO - [2024-05-08T13:29:40.687+0000] {dag.py:3954} INFO - Setting next_dagrun for example_display_name to None, run_after=None
[2024-05-08T13:29:40.710+0000] {processor.py:183} INFO - Processing /home/denys/airflow_venv/lib/python3.12/site-packages/airflow/example_dags/example_display_name.py took 0.050 seconds
[2024-05-08T13:30:20.710+0000] {processor.py:161} INFO - Started process (PID=3149) to work on /home/denys/airflow_venv/lib/python3.12/site-packages/airflow/example_dags/example_display_name.py
[2024-05-08T13:30:20.711+0000] {processor.py:830} INFO - Processing file /home/denys/airflow_venv/lib/python3.12/site-packages/airflow/example_dags/example_display_name.py for tasks to queue
[2024-05-08T13:30:20.712+0000] {logging_mixin.py:188} INFO - [2024-05-08T13:30:20.712+0000] {dagbag.py:545} INFO - Filling up the DagBag from /home/denys/airflow_venv/lib/python3.12/site-packages/airflow/example_dags/example_display_name.py
[2024-05-08T13:30:20.716+0000] {processor.py:840} INFO - DAG(s) 'example_display_name' retrieved from /home/denys/airflow_venv/lib/python3.12/site-packages/airflow/example_dags/example_display_name.py
[2024-05-08T13:30:20.727+0000] {logging_mixin.py:188} INFO - [2024-05-08T13:30:20.727+0000] {dag.py:3096} INFO - Sync 1 DAGs
[2024-05-08T13:30:20.735+0000] {logging_mixin.py:188} INFO - [2024-05-08T13:30:20.735+0000] {dag.py:3954} INFO - Setting next_dagrun for example_display_name to None, run_after=None
[2024-05-08T13:30:20.754+0000] {processor.py:183} INFO - Processing /home/denys/airflow_venv/lib/python3.12/site-packages/airflow/example_dags/example_display_name.py took 0.048 seconds
[2024-05-08T13:31:01.975+0000] {processor.py:161} INFO - Started process (PID=3191) to work on /home/denys/airflow_venv/lib/python3.12/site-packages/airflow/example_dags/example_display_name.py
[2024-05-08T13:31:01.979+0000] {processor.py:830} INFO - Processing file /home/denys/airflow_venv/lib/python3.12/site-packages/airflow/example_dags/example_display_name.py for tasks to queue
[2024-05-08T13:31:01.980+0000] {logging_mixin.py:188} INFO - [2024-05-08T13:31:01.979+0000] {dagbag.py:545} INFO - Filling up the DagBag from /home/denys/airflow_venv/lib/python3.12/site-packages/airflow/example_dags/example_display_name.py
[2024-05-08T13:31:01.984+0000] {processor.py:840} INFO - DAG(s) 'example_display_name' retrieved from /home/denys/airflow_venv/lib/python3.12/site-packages/airflow/example_dags/example_display_name.py
[2024-05-08T13:31:01.992+0000] {logging_mixin.py:188} INFO - [2024-05-08T13:31:01.992+0000] {dag.py:3096} INFO - Sync 1 DAGs
[2024-05-08T13:31:01.998+0000] {logging_mixin.py:188} INFO - [2024-05-08T13:31:01.998+0000] {dag.py:3954} INFO - Setting next_dagrun for example_display_name to None, run_after=None
[2024-05-08T13:31:02.015+0000] {processor.py:183} INFO - Processing /home/denys/airflow_venv/lib/python3.12/site-packages/airflow/example_dags/example_display_name.py took 0.045 seconds
[2024-05-08T13:31:41.124+0000] {processor.py:161} INFO - Started process (PID=3233) to work on /home/denys/airflow_venv/lib/python3.12/site-packages/airflow/example_dags/example_display_name.py
[2024-05-08T13:31:41.125+0000] {processor.py:830} INFO - Processing file /home/denys/airflow_venv/lib/python3.12/site-packages/airflow/example_dags/example_display_name.py for tasks to queue
[2024-05-08T13:31:41.126+0000] {logging_mixin.py:188} INFO - [2024-05-08T13:31:41.126+0000] {dagbag.py:545} INFO - Filling up the DagBag from /home/denys/airflow_venv/lib/python3.12/site-packages/airflow/example_dags/example_display_name.py
[2024-05-08T13:31:41.130+0000] {processor.py:840} INFO - DAG(s) 'example_display_name' retrieved from /home/denys/airflow_venv/lib/python3.12/site-packages/airflow/example_dags/example_display_name.py
[2024-05-08T13:31:41.139+0000] {logging_mixin.py:188} INFO - [2024-05-08T13:31:41.139+0000] {dag.py:3096} INFO - Sync 1 DAGs
[2024-05-08T13:31:41.145+0000] {logging_mixin.py:188} INFO - [2024-05-08T13:31:41.145+0000] {dag.py:3954} INFO - Setting next_dagrun for example_display_name to None, run_after=None
[2024-05-08T13:31:41.168+0000] {processor.py:183} INFO - Processing /home/denys/airflow_venv/lib/python3.12/site-packages/airflow/example_dags/example_display_name.py took 0.047 seconds
[2024-05-08T13:32:26.104+0000] {processor.py:161} INFO - Started process (PID=3277) to work on /home/denys/airflow_venv/lib/python3.12/site-packages/airflow/example_dags/example_display_name.py
[2024-05-08T13:32:26.105+0000] {processor.py:830} INFO - Processing file /home/denys/airflow_venv/lib/python3.12/site-packages/airflow/example_dags/example_display_name.py for tasks to queue
[2024-05-08T13:32:26.106+0000] {logging_mixin.py:188} INFO - [2024-05-08T13:32:26.105+0000] {dagbag.py:545} INFO - Filling up the DagBag from /home/denys/airflow_venv/lib/python3.12/site-packages/airflow/example_dags/example_display_name.py
[2024-05-08T13:32:26.109+0000] {processor.py:840} INFO - DAG(s) 'example_display_name' retrieved from /home/denys/airflow_venv/lib/python3.12/site-packages/airflow/example_dags/example_display_name.py
[2024-05-08T13:32:26.118+0000] {logging_mixin.py:188} INFO - [2024-05-08T13:32:26.118+0000] {dag.py:3096} INFO - Sync 1 DAGs
[2024-05-08T13:32:26.126+0000] {logging_mixin.py:188} INFO - [2024-05-08T13:32:26.126+0000] {dag.py:3954} INFO - Setting next_dagrun for example_display_name to None, run_after=None
[2024-05-08T13:32:26.148+0000] {processor.py:183} INFO - Processing /home/denys/airflow_venv/lib/python3.12/site-packages/airflow/example_dags/example_display_name.py took 0.049 seconds
[2024-05-08T13:33:09.055+0000] {processor.py:161} INFO - Started process (PID=3321) to work on /home/denys/airflow_venv/lib/python3.12/site-packages/airflow/example_dags/example_display_name.py
[2024-05-08T13:33:09.057+0000] {processor.py:830} INFO - Processing file /home/denys/airflow_venv/lib/python3.12/site-packages/airflow/example_dags/example_display_name.py for tasks to queue
[2024-05-08T13:33:09.058+0000] {logging_mixin.py:188} INFO - [2024-05-08T13:33:09.057+0000] {dagbag.py:545} INFO - Filling up the DagBag from /home/denys/airflow_venv/lib/python3.12/site-packages/airflow/example_dags/example_display_name.py
[2024-05-08T13:33:09.062+0000] {processor.py:840} INFO - DAG(s) 'example_display_name' retrieved from /home/denys/airflow_venv/lib/python3.12/site-packages/airflow/example_dags/example_display_name.py
[2024-05-08T13:33:09.072+0000] {logging_mixin.py:188} INFO - [2024-05-08T13:33:09.072+0000] {dag.py:3096} INFO - Sync 1 DAGs
[2024-05-08T13:33:09.078+0000] {logging_mixin.py:188} INFO - [2024-05-08T13:33:09.078+0000] {dag.py:3954} INFO - Setting next_dagrun for example_display_name to None, run_after=None
[2024-05-08T13:33:09.094+0000] {processor.py:183} INFO - Processing /home/denys/airflow_venv/lib/python3.12/site-packages/airflow/example_dags/example_display_name.py took 0.042 seconds
[2024-05-08T13:33:52.677+0000] {processor.py:161} INFO - Started process (PID=3366) to work on /home/denys/airflow_venv/lib/python3.12/site-packages/airflow/example_dags/example_display_name.py
[2024-05-08T13:33:52.678+0000] {processor.py:830} INFO - Processing file /home/denys/airflow_venv/lib/python3.12/site-packages/airflow/example_dags/example_display_name.py for tasks to queue
[2024-05-08T13:33:52.679+0000] {logging_mixin.py:188} INFO - [2024-05-08T13:33:52.678+0000] {dagbag.py:545} INFO - Filling up the DagBag from /home/denys/airflow_venv/lib/python3.12/site-packages/airflow/example_dags/example_display_name.py
[2024-05-08T13:33:52.683+0000] {processor.py:840} INFO - DAG(s) 'example_display_name' retrieved from /home/denys/airflow_venv/lib/python3.12/site-packages/airflow/example_dags/example_display_name.py
[2024-05-08T13:33:52.692+0000] {logging_mixin.py:188} INFO - [2024-05-08T13:33:52.692+0000] {dag.py:3096} INFO - Sync 1 DAGs
[2024-05-08T13:33:52.698+0000] {logging_mixin.py:188} INFO - [2024-05-08T13:33:52.698+0000] {dag.py:3954} INFO - Setting next_dagrun for example_display_name to None, run_after=None
[2024-05-08T13:33:52.720+0000] {processor.py:183} INFO - Processing /home/denys/airflow_venv/lib/python3.12/site-packages/airflow/example_dags/example_display_name.py took 0.047 seconds
[2024-05-08T13:34:33.791+0000] {processor.py:161} INFO - Started process (PID=3412) to work on /home/denys/airflow_venv/lib/python3.12/site-packages/airflow/example_dags/example_display_name.py
[2024-05-08T13:34:33.792+0000] {processor.py:830} INFO - Processing file /home/denys/airflow_venv/lib/python3.12/site-packages/airflow/example_dags/example_display_name.py for tasks to queue
[2024-05-08T13:34:33.794+0000] {logging_mixin.py:188} INFO - [2024-05-08T13:34:33.793+0000] {dagbag.py:545} INFO - Filling up the DagBag from /home/denys/airflow_venv/lib/python3.12/site-packages/airflow/example_dags/example_display_name.py
[2024-05-08T13:34:33.798+0000] {processor.py:840} INFO - DAG(s) 'example_display_name' retrieved from /home/denys/airflow_venv/lib/python3.12/site-packages/airflow/example_dags/example_display_name.py
[2024-05-08T13:34:33.807+0000] {logging_mixin.py:188} INFO - [2024-05-08T13:34:33.807+0000] {dag.py:3096} INFO - Sync 1 DAGs
[2024-05-08T13:34:33.814+0000] {logging_mixin.py:188} INFO - [2024-05-08T13:34:33.813+0000] {dag.py:3954} INFO - Setting next_dagrun for example_display_name to None, run_after=None
[2024-05-08T13:34:33.836+0000] {processor.py:183} INFO - Processing /home/denys/airflow_venv/lib/python3.12/site-packages/airflow/example_dags/example_display_name.py took 0.049 seconds
[2024-05-08T13:35:14.205+0000] {processor.py:161} INFO - Started process (PID=3457) to work on /home/denys/airflow_venv/lib/python3.12/site-packages/airflow/example_dags/example_display_name.py
[2024-05-08T13:35:14.206+0000] {processor.py:830} INFO - Processing file /home/denys/airflow_venv/lib/python3.12/site-packages/airflow/example_dags/example_display_name.py for tasks to queue
[2024-05-08T13:35:14.207+0000] {logging_mixin.py:188} INFO - [2024-05-08T13:35:14.206+0000] {dagbag.py:545} INFO - Filling up the DagBag from /home/denys/airflow_venv/lib/python3.12/site-packages/airflow/example_dags/example_display_name.py
[2024-05-08T13:35:14.210+0000] {processor.py:840} INFO - DAG(s) 'example_display_name' retrieved from /home/denys/airflow_venv/lib/python3.12/site-packages/airflow/example_dags/example_display_name.py
[2024-05-08T13:35:14.219+0000] {logging_mixin.py:188} INFO - [2024-05-08T13:35:14.219+0000] {dag.py:3096} INFO - Sync 1 DAGs
[2024-05-08T13:35:14.225+0000] {logging_mixin.py:188} INFO - [2024-05-08T13:35:14.225+0000] {dag.py:3954} INFO - Setting next_dagrun for example_display_name to None, run_after=None
[2024-05-08T13:35:14.246+0000] {processor.py:183} INFO - Processing /home/denys/airflow_venv/lib/python3.12/site-packages/airflow/example_dags/example_display_name.py took 0.045 seconds
[2024-05-08T13:35:52.889+0000] {processor.py:161} INFO - Started process (PID=3498) to work on /home/denys/airflow_venv/lib/python3.12/site-packages/airflow/example_dags/example_display_name.py
[2024-05-08T13:35:52.891+0000] {processor.py:830} INFO - Processing file /home/denys/airflow_venv/lib/python3.12/site-packages/airflow/example_dags/example_display_name.py for tasks to queue
[2024-05-08T13:35:52.892+0000] {logging_mixin.py:188} INFO - [2024-05-08T13:35:52.892+0000] {dagbag.py:545} INFO - Filling up the DagBag from /home/denys/airflow_venv/lib/python3.12/site-packages/airflow/example_dags/example_display_name.py
[2024-05-08T13:35:52.895+0000] {processor.py:840} INFO - DAG(s) 'example_display_name' retrieved from /home/denys/airflow_venv/lib/python3.12/site-packages/airflow/example_dags/example_display_name.py
[2024-05-08T13:35:52.905+0000] {logging_mixin.py:188} INFO - [2024-05-08T13:35:52.905+0000] {dag.py:3096} INFO - Sync 1 DAGs
[2024-05-08T13:35:52.913+0000] {logging_mixin.py:188} INFO - [2024-05-08T13:35:52.913+0000] {dag.py:3954} INFO - Setting next_dagrun for example_display_name to None, run_after=None
[2024-05-08T13:35:52.937+0000] {processor.py:183} INFO - Processing /home/denys/airflow_venv/lib/python3.12/site-packages/airflow/example_dags/example_display_name.py took 0.052 seconds
[2024-05-08T13:36:34.637+0000] {processor.py:161} INFO - Started process (PID=3541) to work on /home/denys/airflow_venv/lib/python3.12/site-packages/airflow/example_dags/example_display_name.py
[2024-05-08T13:36:34.638+0000] {processor.py:830} INFO - Processing file /home/denys/airflow_venv/lib/python3.12/site-packages/airflow/example_dags/example_display_name.py for tasks to queue
[2024-05-08T13:36:34.639+0000] {logging_mixin.py:188} INFO - [2024-05-08T13:36:34.638+0000] {dagbag.py:545} INFO - Filling up the DagBag from /home/denys/airflow_venv/lib/python3.12/site-packages/airflow/example_dags/example_display_name.py
[2024-05-08T13:36:34.642+0000] {processor.py:840} INFO - DAG(s) 'example_display_name' retrieved from /home/denys/airflow_venv/lib/python3.12/site-packages/airflow/example_dags/example_display_name.py
[2024-05-08T13:36:34.652+0000] {logging_mixin.py:188} INFO - [2024-05-08T13:36:34.652+0000] {dag.py:3096} INFO - Sync 1 DAGs
[2024-05-08T13:36:34.659+0000] {logging_mixin.py:188} INFO - [2024-05-08T13:36:34.659+0000] {dag.py:3954} INFO - Setting next_dagrun for example_display_name to None, run_after=None
[2024-05-08T13:36:34.679+0000] {processor.py:183} INFO - Processing /home/denys/airflow_venv/lib/python3.12/site-packages/airflow/example_dags/example_display_name.py took 0.046 seconds
[2024-05-08T13:37:16.862+0000] {processor.py:161} INFO - Started process (PID=3585) to work on /home/denys/airflow_venv/lib/python3.12/site-packages/airflow/example_dags/example_display_name.py
[2024-05-08T13:37:16.864+0000] {processor.py:830} INFO - Processing file /home/denys/airflow_venv/lib/python3.12/site-packages/airflow/example_dags/example_display_name.py for tasks to queue
[2024-05-08T13:37:16.865+0000] {logging_mixin.py:188} INFO - [2024-05-08T13:37:16.864+0000] {dagbag.py:545} INFO - Filling up the DagBag from /home/denys/airflow_venv/lib/python3.12/site-packages/airflow/example_dags/example_display_name.py
[2024-05-08T13:37:16.868+0000] {processor.py:840} INFO - DAG(s) 'example_display_name' retrieved from /home/denys/airflow_venv/lib/python3.12/site-packages/airflow/example_dags/example_display_name.py
[2024-05-08T13:37:16.877+0000] {logging_mixin.py:188} INFO - [2024-05-08T13:37:16.877+0000] {dag.py:3096} INFO - Sync 1 DAGs
[2024-05-08T13:37:16.884+0000] {logging_mixin.py:188} INFO - [2024-05-08T13:37:16.884+0000] {dag.py:3954} INFO - Setting next_dagrun for example_display_name to None, run_after=None
[2024-05-08T13:37:16.906+0000] {processor.py:183} INFO - Processing /home/denys/airflow_venv/lib/python3.12/site-packages/airflow/example_dags/example_display_name.py took 0.047 seconds
[2024-05-08T13:38:06.177+0000] {processor.py:161} INFO - Started process (PID=3633) to work on /home/denys/airflow_venv/lib/python3.12/site-packages/airflow/example_dags/example_display_name.py
[2024-05-08T13:38:06.178+0000] {processor.py:830} INFO - Processing file /home/denys/airflow_venv/lib/python3.12/site-packages/airflow/example_dags/example_display_name.py for tasks to queue
[2024-05-08T13:38:06.179+0000] {logging_mixin.py:188} INFO - [2024-05-08T13:38:06.179+0000] {dagbag.py:545} INFO - Filling up the DagBag from /home/denys/airflow_venv/lib/python3.12/site-packages/airflow/example_dags/example_display_name.py
[2024-05-08T13:38:06.183+0000] {processor.py:840} INFO - DAG(s) 'example_display_name' retrieved from /home/denys/airflow_venv/lib/python3.12/site-packages/airflow/example_dags/example_display_name.py
[2024-05-08T13:38:06.194+0000] {logging_mixin.py:188} INFO - [2024-05-08T13:38:06.193+0000] {dag.py:3096} INFO - Sync 1 DAGs
[2024-05-08T13:38:06.200+0000] {logging_mixin.py:188} INFO - [2024-05-08T13:38:06.200+0000] {dag.py:3954} INFO - Setting next_dagrun for example_display_name to None, run_after=None
[2024-05-08T13:38:06.218+0000] {processor.py:183} INFO - Processing /home/denys/airflow_venv/lib/python3.12/site-packages/airflow/example_dags/example_display_name.py took 0.045 seconds
[2024-05-08T13:38:49.833+0000] {processor.py:161} INFO - Started process (PID=3679) to work on /home/denys/airflow_venv/lib/python3.12/site-packages/airflow/example_dags/example_display_name.py
[2024-05-08T13:38:49.834+0000] {processor.py:830} INFO - Processing file /home/denys/airflow_venv/lib/python3.12/site-packages/airflow/example_dags/example_display_name.py for tasks to queue
[2024-05-08T13:38:49.835+0000] {logging_mixin.py:188} INFO - [2024-05-08T13:38:49.834+0000] {dagbag.py:545} INFO - Filling up the DagBag from /home/denys/airflow_venv/lib/python3.12/site-packages/airflow/example_dags/example_display_name.py
[2024-05-08T13:38:49.839+0000] {processor.py:840} INFO - DAG(s) 'example_display_name' retrieved from /home/denys/airflow_venv/lib/python3.12/site-packages/airflow/example_dags/example_display_name.py
[2024-05-08T13:38:49.847+0000] {logging_mixin.py:188} INFO - [2024-05-08T13:38:49.847+0000] {dag.py:3096} INFO - Sync 1 DAGs
[2024-05-08T13:38:49.854+0000] {logging_mixin.py:188} INFO - [2024-05-08T13:38:49.854+0000] {dag.py:3954} INFO - Setting next_dagrun for example_display_name to None, run_after=None
[2024-05-08T13:38:49.872+0000] {processor.py:183} INFO - Processing /home/denys/airflow_venv/lib/python3.12/site-packages/airflow/example_dags/example_display_name.py took 0.044 seconds
[2024-05-08T13:39:32.682+0000] {processor.py:161} INFO - Started process (PID=3722) to work on /home/denys/airflow_venv/lib/python3.12/site-packages/airflow/example_dags/example_display_name.py
[2024-05-08T13:39:32.683+0000] {processor.py:830} INFO - Processing file /home/denys/airflow_venv/lib/python3.12/site-packages/airflow/example_dags/example_display_name.py for tasks to queue
[2024-05-08T13:39:32.684+0000] {logging_mixin.py:188} INFO - [2024-05-08T13:39:32.684+0000] {dagbag.py:545} INFO - Filling up the DagBag from /home/denys/airflow_venv/lib/python3.12/site-packages/airflow/example_dags/example_display_name.py
[2024-05-08T13:39:32.688+0000] {processor.py:840} INFO - DAG(s) 'example_display_name' retrieved from /home/denys/airflow_venv/lib/python3.12/site-packages/airflow/example_dags/example_display_name.py
[2024-05-08T13:39:32.696+0000] {logging_mixin.py:188} INFO - [2024-05-08T13:39:32.696+0000] {dag.py:3096} INFO - Sync 1 DAGs
[2024-05-08T13:39:32.702+0000] {logging_mixin.py:188} INFO - [2024-05-08T13:39:32.702+0000] {dag.py:3954} INFO - Setting next_dagrun for example_display_name to None, run_after=None
[2024-05-08T13:39:32.728+0000] {processor.py:183} INFO - Processing /home/denys/airflow_venv/lib/python3.12/site-packages/airflow/example_dags/example_display_name.py took 0.049 seconds
[2024-05-08T13:40:19.565+0000] {processor.py:161} INFO - Started process (PID=3770) to work on /home/denys/airflow_venv/lib/python3.12/site-packages/airflow/example_dags/example_display_name.py
[2024-05-08T13:40:19.567+0000] {processor.py:830} INFO - Processing file /home/denys/airflow_venv/lib/python3.12/site-packages/airflow/example_dags/example_display_name.py for tasks to queue
[2024-05-08T13:40:19.568+0000] {logging_mixin.py:188} INFO - [2024-05-08T13:40:19.568+0000] {dagbag.py:545} INFO - Filling up the DagBag from /home/denys/airflow_venv/lib/python3.12/site-packages/airflow/example_dags/example_display_name.py
[2024-05-08T13:40:19.572+0000] {processor.py:840} INFO - DAG(s) 'example_display_name' retrieved from /home/denys/airflow_venv/lib/python3.12/site-packages/airflow/example_dags/example_display_name.py
[2024-05-08T13:40:19.580+0000] {logging_mixin.py:188} INFO - [2024-05-08T13:40:19.580+0000] {dag.py:3096} INFO - Sync 1 DAGs
[2024-05-08T13:40:19.587+0000] {logging_mixin.py:188} INFO - [2024-05-08T13:40:19.587+0000] {dag.py:3954} INFO - Setting next_dagrun for example_display_name to None, run_after=None
[2024-05-08T13:40:19.610+0000] {processor.py:183} INFO - Processing /home/denys/airflow_venv/lib/python3.12/site-packages/airflow/example_dags/example_display_name.py took 0.048 seconds
[2024-05-08T13:41:08.772+0000] {processor.py:161} INFO - Started process (PID=3817) to work on /home/denys/airflow_venv/lib/python3.12/site-packages/airflow/example_dags/example_display_name.py
[2024-05-08T13:41:08.773+0000] {processor.py:830} INFO - Processing file /home/denys/airflow_venv/lib/python3.12/site-packages/airflow/example_dags/example_display_name.py for tasks to queue
[2024-05-08T13:41:08.774+0000] {logging_mixin.py:188} INFO - [2024-05-08T13:41:08.774+0000] {dagbag.py:545} INFO - Filling up the DagBag from /home/denys/airflow_venv/lib/python3.12/site-packages/airflow/example_dags/example_display_name.py
[2024-05-08T13:41:08.778+0000] {processor.py:840} INFO - DAG(s) 'example_display_name' retrieved from /home/denys/airflow_venv/lib/python3.12/site-packages/airflow/example_dags/example_display_name.py
[2024-05-08T13:41:08.787+0000] {logging_mixin.py:188} INFO - [2024-05-08T13:41:08.787+0000] {dag.py:3096} INFO - Sync 1 DAGs
[2024-05-08T13:41:08.851+0000] {logging_mixin.py:188} INFO - [2024-05-08T13:41:08.851+0000] {dag.py:3954} INFO - Setting next_dagrun for example_display_name to None, run_after=None
[2024-05-08T13:41:08.868+0000] {processor.py:183} INFO - Processing /home/denys/airflow_venv/lib/python3.12/site-packages/airflow/example_dags/example_display_name.py took 0.100 seconds
[2024-05-08T13:41:53.581+0000] {processor.py:161} INFO - Started process (PID=3862) to work on /home/denys/airflow_venv/lib/python3.12/site-packages/airflow/example_dags/example_display_name.py
[2024-05-08T13:41:53.582+0000] {processor.py:830} INFO - Processing file /home/denys/airflow_venv/lib/python3.12/site-packages/airflow/example_dags/example_display_name.py for tasks to queue
[2024-05-08T13:41:53.583+0000] {logging_mixin.py:188} INFO - [2024-05-08T13:41:53.583+0000] {dagbag.py:545} INFO - Filling up the DagBag from /home/denys/airflow_venv/lib/python3.12/site-packages/airflow/example_dags/example_display_name.py
[2024-05-08T13:41:53.587+0000] {processor.py:840} INFO - DAG(s) 'example_display_name' retrieved from /home/denys/airflow_venv/lib/python3.12/site-packages/airflow/example_dags/example_display_name.py
[2024-05-08T13:41:53.596+0000] {logging_mixin.py:188} INFO - [2024-05-08T13:41:53.596+0000] {dag.py:3096} INFO - Sync 1 DAGs
[2024-05-08T13:41:53.603+0000] {logging_mixin.py:188} INFO - [2024-05-08T13:41:53.603+0000] {dag.py:3954} INFO - Setting next_dagrun for example_display_name to None, run_after=None
[2024-05-08T13:41:53.624+0000] {processor.py:183} INFO - Processing /home/denys/airflow_venv/lib/python3.12/site-packages/airflow/example_dags/example_display_name.py took 0.047 seconds
[2024-05-08T13:42:37.338+0000] {processor.py:161} INFO - Started process (PID=3907) to work on /home/denys/airflow_venv/lib/python3.12/site-packages/airflow/example_dags/example_display_name.py
[2024-05-08T13:42:37.339+0000] {processor.py:830} INFO - Processing file /home/denys/airflow_venv/lib/python3.12/site-packages/airflow/example_dags/example_display_name.py for tasks to queue
[2024-05-08T13:42:37.340+0000] {logging_mixin.py:188} INFO - [2024-05-08T13:42:37.340+0000] {dagbag.py:545} INFO - Filling up the DagBag from /home/denys/airflow_venv/lib/python3.12/site-packages/airflow/example_dags/example_display_name.py
[2024-05-08T13:42:37.343+0000] {processor.py:840} INFO - DAG(s) 'example_display_name' retrieved from /home/denys/airflow_venv/lib/python3.12/site-packages/airflow/example_dags/example_display_name.py
[2024-05-08T13:42:37.417+0000] {logging_mixin.py:188} INFO - [2024-05-08T13:42:37.417+0000] {dag.py:3096} INFO - Sync 1 DAGs
[2024-05-08T13:42:37.422+0000] {logging_mixin.py:188} INFO - [2024-05-08T13:42:37.422+0000] {dag.py:3954} INFO - Setting next_dagrun for example_display_name to None, run_after=None
[2024-05-08T13:42:37.444+0000] {processor.py:183} INFO - Processing /home/denys/airflow_venv/lib/python3.12/site-packages/airflow/example_dags/example_display_name.py took 0.110 seconds
