[2024-05-08T13:12:01.265+0000] {processor.py:161} INFO - Started process (PID=1878) to work on /home/denys/airflow_venv/lib/python3.12/site-packages/airflow/example_dags/example_dynamic_task_mapping.py
[2024-05-08T13:12:01.265+0000] {processor.py:830} INFO - Processing file /home/denys/airflow_venv/lib/python3.12/site-packages/airflow/example_dags/example_dynamic_task_mapping.py for tasks to queue
[2024-05-08T13:12:01.266+0000] {logging_mixin.py:188} INFO - [2024-05-08T13:12:01.266+0000] {dagbag.py:545} INFO - Filling up the DagBag from /home/denys/airflow_venv/lib/python3.12/site-packages/airflow/example_dags/example_dynamic_task_mapping.py
[2024-05-08T13:12:01.271+0000] {processor.py:840} INFO - DAG(s) 'example_dynamic_task_mapping' retrieved from /home/denys/airflow_venv/lib/python3.12/site-packages/airflow/example_dags/example_dynamic_task_mapping.py
[2024-05-08T13:12:01.336+0000] {logging_mixin.py:188} INFO - [2024-05-08T13:12:01.336+0000] {override.py:1829} INFO - Created Permission View: can delete on DAG:example_dynamic_task_mapping
[2024-05-08T13:12:01.346+0000] {logging_mixin.py:188} INFO - [2024-05-08T13:12:01.346+0000] {override.py:1829} INFO - Created Permission View: can edit on DAG:example_dynamic_task_mapping
[2024-05-08T13:12:01.354+0000] {logging_mixin.py:188} INFO - [2024-05-08T13:12:01.353+0000] {override.py:1829} INFO - Created Permission View: can read on DAG:example_dynamic_task_mapping
[2024-05-08T13:12:01.354+0000] {logging_mixin.py:188} INFO - [2024-05-08T13:12:01.354+0000] {dag.py:3096} INFO - Sync 1 DAGs
[2024-05-08T13:12:01.359+0000] {logging_mixin.py:188} INFO - [2024-05-08T13:12:01.359+0000] {dag.py:3118} INFO - Creating ORM DAG for example_dynamic_task_mapping
[2024-05-08T13:12:01.364+0000] {logging_mixin.py:188} INFO - [2024-05-08T13:12:01.364+0000] {dag.py:3954} INFO - Setting next_dagrun for example_dynamic_task_mapping to 2022-03-04 00:00:00+00:00, run_after=2022-03-05 00:00:00+00:00
[2024-05-08T13:12:01.381+0000] {processor.py:183} INFO - Processing /home/denys/airflow_venv/lib/python3.12/site-packages/airflow/example_dags/example_dynamic_task_mapping.py took 0.119 seconds
[2024-05-08T13:12:53.967+0000] {processor.py:161} INFO - Started process (PID=1934) to work on /home/denys/airflow_venv/lib/python3.12/site-packages/airflow/example_dags/example_dynamic_task_mapping.py
[2024-05-08T13:12:53.968+0000] {processor.py:830} INFO - Processing file /home/denys/airflow_venv/lib/python3.12/site-packages/airflow/example_dags/example_dynamic_task_mapping.py for tasks to queue
[2024-05-08T13:12:53.969+0000] {logging_mixin.py:188} INFO - [2024-05-08T13:12:53.969+0000] {dagbag.py:545} INFO - Filling up the DagBag from /home/denys/airflow_venv/lib/python3.12/site-packages/airflow/example_dags/example_dynamic_task_mapping.py
[2024-05-08T13:12:53.974+0000] {processor.py:840} INFO - DAG(s) 'example_dynamic_task_mapping' retrieved from /home/denys/airflow_venv/lib/python3.12/site-packages/airflow/example_dags/example_dynamic_task_mapping.py
[2024-05-08T13:12:53.983+0000] {logging_mixin.py:188} INFO - [2024-05-08T13:12:53.983+0000] {dag.py:3096} INFO - Sync 1 DAGs
[2024-05-08T13:12:53.994+0000] {logging_mixin.py:188} INFO - [2024-05-08T13:12:53.994+0000] {dag.py:3954} INFO - Setting next_dagrun for example_dynamic_task_mapping to 2022-03-04 00:00:00+00:00, run_after=2022-03-05 00:00:00+00:00
[2024-05-08T13:12:54.016+0000] {processor.py:183} INFO - Processing /home/denys/airflow_venv/lib/python3.12/site-packages/airflow/example_dags/example_dynamic_task_mapping.py took 0.053 seconds
[2024-05-08T13:13:46.058+0000] {processor.py:161} INFO - Started process (PID=1986) to work on /home/denys/airflow_venv/lib/python3.12/site-packages/airflow/example_dags/example_dynamic_task_mapping.py
[2024-05-08T13:13:46.060+0000] {processor.py:830} INFO - Processing file /home/denys/airflow_venv/lib/python3.12/site-packages/airflow/example_dags/example_dynamic_task_mapping.py for tasks to queue
[2024-05-08T13:13:46.061+0000] {logging_mixin.py:188} INFO - [2024-05-08T13:13:46.061+0000] {dagbag.py:545} INFO - Filling up the DagBag from /home/denys/airflow_venv/lib/python3.12/site-packages/airflow/example_dags/example_dynamic_task_mapping.py
[2024-05-08T13:13:46.065+0000] {processor.py:840} INFO - DAG(s) 'example_dynamic_task_mapping' retrieved from /home/denys/airflow_venv/lib/python3.12/site-packages/airflow/example_dags/example_dynamic_task_mapping.py
[2024-05-08T13:13:46.074+0000] {logging_mixin.py:188} INFO - [2024-05-08T13:13:46.074+0000] {dag.py:3096} INFO - Sync 1 DAGs
[2024-05-08T13:13:46.085+0000] {logging_mixin.py:188} INFO - [2024-05-08T13:13:46.085+0000] {dag.py:3954} INFO - Setting next_dagrun for example_dynamic_task_mapping to 2022-03-04 00:00:00+00:00, run_after=2022-03-05 00:00:00+00:00
[2024-05-08T13:13:46.105+0000] {processor.py:183} INFO - Processing /home/denys/airflow_venv/lib/python3.12/site-packages/airflow/example_dags/example_dynamic_task_mapping.py took 0.050 seconds
[2024-05-08T13:14:31.169+0000] {processor.py:161} INFO - Started process (PID=2032) to work on /home/denys/airflow_venv/lib/python3.12/site-packages/airflow/example_dags/example_dynamic_task_mapping.py
[2024-05-08T13:14:31.171+0000] {processor.py:830} INFO - Processing file /home/denys/airflow_venv/lib/python3.12/site-packages/airflow/example_dags/example_dynamic_task_mapping.py for tasks to queue
[2024-05-08T13:14:31.172+0000] {logging_mixin.py:188} INFO - [2024-05-08T13:14:31.172+0000] {dagbag.py:545} INFO - Filling up the DagBag from /home/denys/airflow_venv/lib/python3.12/site-packages/airflow/example_dags/example_dynamic_task_mapping.py
[2024-05-08T13:14:31.176+0000] {processor.py:840} INFO - DAG(s) 'example_dynamic_task_mapping' retrieved from /home/denys/airflow_venv/lib/python3.12/site-packages/airflow/example_dags/example_dynamic_task_mapping.py
[2024-05-08T13:14:31.197+0000] {logging_mixin.py:188} INFO - [2024-05-08T13:14:31.197+0000] {dag.py:3096} INFO - Sync 1 DAGs
[2024-05-08T13:14:31.207+0000] {logging_mixin.py:188} INFO - [2024-05-08T13:14:31.207+0000] {dag.py:3954} INFO - Setting next_dagrun for example_dynamic_task_mapping to 2022-03-04 00:00:00+00:00, run_after=2022-03-05 00:00:00+00:00
[2024-05-08T13:14:31.223+0000] {processor.py:183} INFO - Processing /home/denys/airflow_venv/lib/python3.12/site-packages/airflow/example_dags/example_dynamic_task_mapping.py took 0.058 seconds
[2024-05-08T13:15:13.793+0000] {processor.py:161} INFO - Started process (PID=2079) to work on /home/denys/airflow_venv/lib/python3.12/site-packages/airflow/example_dags/example_dynamic_task_mapping.py
[2024-05-08T13:15:13.795+0000] {processor.py:830} INFO - Processing file /home/denys/airflow_venv/lib/python3.12/site-packages/airflow/example_dags/example_dynamic_task_mapping.py for tasks to queue
[2024-05-08T13:15:13.796+0000] {logging_mixin.py:188} INFO - [2024-05-08T13:15:13.795+0000] {dagbag.py:545} INFO - Filling up the DagBag from /home/denys/airflow_venv/lib/python3.12/site-packages/airflow/example_dags/example_dynamic_task_mapping.py
[2024-05-08T13:15:13.800+0000] {processor.py:840} INFO - DAG(s) 'example_dynamic_task_mapping' retrieved from /home/denys/airflow_venv/lib/python3.12/site-packages/airflow/example_dags/example_dynamic_task_mapping.py
[2024-05-08T13:15:13.809+0000] {logging_mixin.py:188} INFO - [2024-05-08T13:15:13.809+0000] {dag.py:3096} INFO - Sync 1 DAGs
[2024-05-08T13:15:13.819+0000] {logging_mixin.py:188} INFO - [2024-05-08T13:15:13.818+0000] {dag.py:3954} INFO - Setting next_dagrun for example_dynamic_task_mapping to 2022-03-04 00:00:00+00:00, run_after=2022-03-05 00:00:00+00:00
[2024-05-08T13:15:13.840+0000] {processor.py:183} INFO - Processing /home/denys/airflow_venv/lib/python3.12/site-packages/airflow/example_dags/example_dynamic_task_mapping.py took 0.051 seconds
[2024-05-08T13:16:16.262+0000] {processor.py:161} INFO - Started process (PID=2144) to work on /home/denys/airflow_venv/lib/python3.12/site-packages/airflow/example_dags/example_dynamic_task_mapping.py
[2024-05-08T13:16:16.265+0000] {processor.py:830} INFO - Processing file /home/denys/airflow_venv/lib/python3.12/site-packages/airflow/example_dags/example_dynamic_task_mapping.py for tasks to queue
[2024-05-08T13:16:16.266+0000] {logging_mixin.py:188} INFO - [2024-05-08T13:16:16.266+0000] {dagbag.py:545} INFO - Filling up the DagBag from /home/denys/airflow_venv/lib/python3.12/site-packages/airflow/example_dags/example_dynamic_task_mapping.py
[2024-05-08T13:16:16.271+0000] {processor.py:840} INFO - DAG(s) 'example_dynamic_task_mapping' retrieved from /home/denys/airflow_venv/lib/python3.12/site-packages/airflow/example_dags/example_dynamic_task_mapping.py
[2024-05-08T13:16:16.282+0000] {logging_mixin.py:188} INFO - [2024-05-08T13:16:16.282+0000] {dag.py:3096} INFO - Sync 1 DAGs
[2024-05-08T13:16:16.294+0000] {logging_mixin.py:188} INFO - [2024-05-08T13:16:16.293+0000] {dag.py:3954} INFO - Setting next_dagrun for example_dynamic_task_mapping to 2022-03-04 00:00:00+00:00, run_after=2022-03-05 00:00:00+00:00
[2024-05-08T13:16:16.319+0000] {processor.py:183} INFO - Processing /home/denys/airflow_venv/lib/python3.12/site-packages/airflow/example_dags/example_dynamic_task_mapping.py took 0.060 seconds
[2024-05-08T13:17:19.237+0000] {processor.py:161} INFO - Started process (PID=2212) to work on /home/denys/airflow_venv/lib/python3.12/site-packages/airflow/example_dags/example_dynamic_task_mapping.py
[2024-05-08T13:17:19.239+0000] {processor.py:830} INFO - Processing file /home/denys/airflow_venv/lib/python3.12/site-packages/airflow/example_dags/example_dynamic_task_mapping.py for tasks to queue
[2024-05-08T13:17:19.240+0000] {logging_mixin.py:188} INFO - [2024-05-08T13:17:19.239+0000] {dagbag.py:545} INFO - Filling up the DagBag from /home/denys/airflow_venv/lib/python3.12/site-packages/airflow/example_dags/example_dynamic_task_mapping.py
[2024-05-08T13:17:19.244+0000] {processor.py:840} INFO - DAG(s) 'example_dynamic_task_mapping' retrieved from /home/denys/airflow_venv/lib/python3.12/site-packages/airflow/example_dags/example_dynamic_task_mapping.py
[2024-05-08T13:17:19.254+0000] {logging_mixin.py:188} INFO - [2024-05-08T13:17:19.254+0000] {dag.py:3096} INFO - Sync 1 DAGs
[2024-05-08T13:17:19.264+0000] {logging_mixin.py:188} INFO - [2024-05-08T13:17:19.264+0000] {dag.py:3954} INFO - Setting next_dagrun for example_dynamic_task_mapping to 2022-03-04 00:00:00+00:00, run_after=2022-03-05 00:00:00+00:00
[2024-05-08T13:17:19.285+0000] {processor.py:183} INFO - Processing /home/denys/airflow_venv/lib/python3.12/site-packages/airflow/example_dags/example_dynamic_task_mapping.py took 0.051 seconds
[2024-05-08T13:18:03.378+0000] {processor.py:161} INFO - Started process (PID=2258) to work on /home/denys/airflow_venv/lib/python3.12/site-packages/airflow/example_dags/example_dynamic_task_mapping.py
[2024-05-08T13:18:03.380+0000] {processor.py:830} INFO - Processing file /home/denys/airflow_venv/lib/python3.12/site-packages/airflow/example_dags/example_dynamic_task_mapping.py for tasks to queue
[2024-05-08T13:18:03.381+0000] {logging_mixin.py:188} INFO - [2024-05-08T13:18:03.381+0000] {dagbag.py:545} INFO - Filling up the DagBag from /home/denys/airflow_venv/lib/python3.12/site-packages/airflow/example_dags/example_dynamic_task_mapping.py
[2024-05-08T13:18:03.385+0000] {processor.py:840} INFO - DAG(s) 'example_dynamic_task_mapping' retrieved from /home/denys/airflow_venv/lib/python3.12/site-packages/airflow/example_dags/example_dynamic_task_mapping.py
[2024-05-08T13:18:03.394+0000] {logging_mixin.py:188} INFO - [2024-05-08T13:18:03.394+0000] {dag.py:3096} INFO - Sync 1 DAGs
[2024-05-08T13:18:03.405+0000] {logging_mixin.py:188} INFO - [2024-05-08T13:18:03.405+0000] {dag.py:3954} INFO - Setting next_dagrun for example_dynamic_task_mapping to 2022-03-04 00:00:00+00:00, run_after=2022-03-05 00:00:00+00:00
[2024-05-08T13:18:03.426+0000] {processor.py:183} INFO - Processing /home/denys/airflow_venv/lib/python3.12/site-packages/airflow/example_dags/example_dynamic_task_mapping.py took 0.052 seconds
[2024-05-08T13:19:30.893+0000] {processor.py:161} INFO - Started process (PID=2333) to work on /home/denys/airflow_venv/lib/python3.12/site-packages/airflow/example_dags/example_dynamic_task_mapping.py
[2024-05-08T13:19:30.894+0000] {processor.py:830} INFO - Processing file /home/denys/airflow_venv/lib/python3.12/site-packages/airflow/example_dags/example_dynamic_task_mapping.py for tasks to queue
[2024-05-08T13:19:30.895+0000] {logging_mixin.py:188} INFO - [2024-05-08T13:19:30.894+0000] {dagbag.py:545} INFO - Filling up the DagBag from /home/denys/airflow_venv/lib/python3.12/site-packages/airflow/example_dags/example_dynamic_task_mapping.py
[2024-05-08T13:19:30.899+0000] {processor.py:840} INFO - DAG(s) 'example_dynamic_task_mapping' retrieved from /home/denys/airflow_venv/lib/python3.12/site-packages/airflow/example_dags/example_dynamic_task_mapping.py
[2024-05-08T13:19:30.904+0000] {logging_mixin.py:188} INFO - [2024-05-08T13:19:30.904+0000] {dag.py:3096} INFO - Sync 1 DAGs
[2024-05-08T13:19:30.915+0000] {logging_mixin.py:188} INFO - [2024-05-08T13:19:30.914+0000] {dag.py:3954} INFO - Setting next_dagrun for example_dynamic_task_mapping to 2022-03-04 00:00:00+00:00, run_after=2022-03-05 00:00:00+00:00
[2024-05-08T13:19:30.938+0000] {processor.py:183} INFO - Processing /home/denys/airflow_venv/lib/python3.12/site-packages/airflow/example_dags/example_dynamic_task_mapping.py took 0.048 seconds
[2024-05-08T13:20:21.723+0000] {processor.py:161} INFO - Started process (PID=2390) to work on /home/denys/airflow_venv/lib/python3.12/site-packages/airflow/example_dags/example_dynamic_task_mapping.py
[2024-05-08T13:20:21.725+0000] {processor.py:830} INFO - Processing file /home/denys/airflow_venv/lib/python3.12/site-packages/airflow/example_dags/example_dynamic_task_mapping.py for tasks to queue
[2024-05-08T13:20:21.726+0000] {logging_mixin.py:188} INFO - [2024-05-08T13:20:21.726+0000] {dagbag.py:545} INFO - Filling up the DagBag from /home/denys/airflow_venv/lib/python3.12/site-packages/airflow/example_dags/example_dynamic_task_mapping.py
[2024-05-08T13:20:21.732+0000] {processor.py:840} INFO - DAG(s) 'example_dynamic_task_mapping' retrieved from /home/denys/airflow_venv/lib/python3.12/site-packages/airflow/example_dags/example_dynamic_task_mapping.py
[2024-05-08T13:20:21.778+0000] {logging_mixin.py:188} INFO - [2024-05-08T13:20:21.778+0000] {dag.py:3096} INFO - Sync 1 DAGs
[2024-05-08T13:20:21.786+0000] {logging_mixin.py:188} INFO - [2024-05-08T13:20:21.786+0000] {dag.py:3954} INFO - Setting next_dagrun for example_dynamic_task_mapping to 2022-03-04 00:00:00+00:00, run_after=2022-03-05 00:00:00+00:00
[2024-05-08T13:20:21.807+0000] {processor.py:183} INFO - Processing /home/denys/airflow_venv/lib/python3.12/site-packages/airflow/example_dags/example_dynamic_task_mapping.py took 0.087 seconds
[2024-05-08T13:21:12.313+0000] {processor.py:161} INFO - Started process (PID=2442) to work on /home/denys/airflow_venv/lib/python3.12/site-packages/airflow/example_dags/example_dynamic_task_mapping.py
[2024-05-08T13:21:12.314+0000] {processor.py:830} INFO - Processing file /home/denys/airflow_venv/lib/python3.12/site-packages/airflow/example_dags/example_dynamic_task_mapping.py for tasks to queue
[2024-05-08T13:21:12.316+0000] {logging_mixin.py:188} INFO - [2024-05-08T13:21:12.315+0000] {dagbag.py:545} INFO - Filling up the DagBag from /home/denys/airflow_venv/lib/python3.12/site-packages/airflow/example_dags/example_dynamic_task_mapping.py
[2024-05-08T13:21:12.320+0000] {processor.py:840} INFO - DAG(s) 'example_dynamic_task_mapping' retrieved from /home/denys/airflow_venv/lib/python3.12/site-packages/airflow/example_dags/example_dynamic_task_mapping.py
[2024-05-08T13:21:12.329+0000] {logging_mixin.py:188} INFO - [2024-05-08T13:21:12.329+0000] {dag.py:3096} INFO - Sync 1 DAGs
[2024-05-08T13:21:12.339+0000] {logging_mixin.py:188} INFO - [2024-05-08T13:21:12.339+0000] {dag.py:3954} INFO - Setting next_dagrun for example_dynamic_task_mapping to 2022-03-04 00:00:00+00:00, run_after=2022-03-05 00:00:00+00:00
[2024-05-08T13:21:12.363+0000] {processor.py:183} INFO - Processing /home/denys/airflow_venv/lib/python3.12/site-packages/airflow/example_dags/example_dynamic_task_mapping.py took 0.054 seconds
[2024-05-08T13:21:55.175+0000] {processor.py:161} INFO - Started process (PID=2484) to work on /home/denys/airflow_venv/lib/python3.12/site-packages/airflow/example_dags/example_dynamic_task_mapping.py
[2024-05-08T13:21:55.176+0000] {processor.py:830} INFO - Processing file /home/denys/airflow_venv/lib/python3.12/site-packages/airflow/example_dags/example_dynamic_task_mapping.py for tasks to queue
[2024-05-08T13:21:55.177+0000] {logging_mixin.py:188} INFO - [2024-05-08T13:21:55.177+0000] {dagbag.py:545} INFO - Filling up the DagBag from /home/denys/airflow_venv/lib/python3.12/site-packages/airflow/example_dags/example_dynamic_task_mapping.py
[2024-05-08T13:21:55.182+0000] {processor.py:840} INFO - DAG(s) 'example_dynamic_task_mapping' retrieved from /home/denys/airflow_venv/lib/python3.12/site-packages/airflow/example_dags/example_dynamic_task_mapping.py
[2024-05-08T13:21:55.193+0000] {logging_mixin.py:188} INFO - [2024-05-08T13:21:55.193+0000] {dag.py:3096} INFO - Sync 1 DAGs
[2024-05-08T13:21:55.204+0000] {logging_mixin.py:188} INFO - [2024-05-08T13:21:55.204+0000] {dag.py:3954} INFO - Setting next_dagrun for example_dynamic_task_mapping to 2022-03-04 00:00:00+00:00, run_after=2022-03-05 00:00:00+00:00
[2024-05-08T13:21:55.224+0000] {processor.py:183} INFO - Processing /home/denys/airflow_venv/lib/python3.12/site-packages/airflow/example_dags/example_dynamic_task_mapping.py took 0.052 seconds
[2024-05-08T13:22:39.305+0000] {processor.py:161} INFO - Started process (PID=2530) to work on /home/denys/airflow_venv/lib/python3.12/site-packages/airflow/example_dags/example_dynamic_task_mapping.py
[2024-05-08T13:22:39.306+0000] {processor.py:830} INFO - Processing file /home/denys/airflow_venv/lib/python3.12/site-packages/airflow/example_dags/example_dynamic_task_mapping.py for tasks to queue
[2024-05-08T13:22:39.307+0000] {logging_mixin.py:188} INFO - [2024-05-08T13:22:39.307+0000] {dagbag.py:545} INFO - Filling up the DagBag from /home/denys/airflow_venv/lib/python3.12/site-packages/airflow/example_dags/example_dynamic_task_mapping.py
[2024-05-08T13:22:39.312+0000] {processor.py:840} INFO - DAG(s) 'example_dynamic_task_mapping' retrieved from /home/denys/airflow_venv/lib/python3.12/site-packages/airflow/example_dags/example_dynamic_task_mapping.py
[2024-05-08T13:22:39.322+0000] {logging_mixin.py:188} INFO - [2024-05-08T13:22:39.322+0000] {dag.py:3096} INFO - Sync 1 DAGs
[2024-05-08T13:22:39.334+0000] {logging_mixin.py:188} INFO - [2024-05-08T13:22:39.333+0000] {dag.py:3954} INFO - Setting next_dagrun for example_dynamic_task_mapping to 2022-03-04 00:00:00+00:00, run_after=2022-03-05 00:00:00+00:00
[2024-05-08T13:22:39.350+0000] {processor.py:183} INFO - Processing /home/denys/airflow_venv/lib/python3.12/site-packages/airflow/example_dags/example_dynamic_task_mapping.py took 0.050 seconds
[2024-05-08T13:23:40.138+0000] {processor.py:161} INFO - Started process (PID=2663) to work on /home/denys/airflow_venv/lib/python3.12/site-packages/airflow/example_dags/example_dynamic_task_mapping.py
[2024-05-08T13:23:40.139+0000] {processor.py:830} INFO - Processing file /home/denys/airflow_venv/lib/python3.12/site-packages/airflow/example_dags/example_dynamic_task_mapping.py for tasks to queue
[2024-05-08T13:23:40.140+0000] {logging_mixin.py:188} INFO - [2024-05-08T13:23:40.140+0000] {dagbag.py:545} INFO - Filling up the DagBag from /home/denys/airflow_venv/lib/python3.12/site-packages/airflow/example_dags/example_dynamic_task_mapping.py
[2024-05-08T13:23:40.145+0000] {processor.py:840} INFO - DAG(s) 'example_dynamic_task_mapping' retrieved from /home/denys/airflow_venv/lib/python3.12/site-packages/airflow/example_dags/example_dynamic_task_mapping.py
[2024-05-08T13:23:40.153+0000] {logging_mixin.py:188} INFO - [2024-05-08T13:23:40.153+0000] {dag.py:3096} INFO - Sync 1 DAGs
[2024-05-08T13:23:40.163+0000] {logging_mixin.py:188} INFO - [2024-05-08T13:23:40.163+0000] {dag.py:3954} INFO - Setting next_dagrun for example_dynamic_task_mapping to 2022-03-04 00:00:00+00:00, run_after=2022-03-05 00:00:00+00:00
[2024-05-08T13:23:40.179+0000] {processor.py:183} INFO - Processing /home/denys/airflow_venv/lib/python3.12/site-packages/airflow/example_dags/example_dynamic_task_mapping.py took 0.044 seconds
[2024-05-08T13:24:37.286+0000] {processor.py:161} INFO - Started process (PID=2728) to work on /home/denys/airflow_venv/lib/python3.12/site-packages/airflow/example_dags/example_dynamic_task_mapping.py
[2024-05-08T13:24:37.288+0000] {processor.py:830} INFO - Processing file /home/denys/airflow_venv/lib/python3.12/site-packages/airflow/example_dags/example_dynamic_task_mapping.py for tasks to queue
[2024-05-08T13:24:37.289+0000] {logging_mixin.py:188} INFO - [2024-05-08T13:24:37.288+0000] {dagbag.py:545} INFO - Filling up the DagBag from /home/denys/airflow_venv/lib/python3.12/site-packages/airflow/example_dags/example_dynamic_task_mapping.py
[2024-05-08T13:24:37.293+0000] {processor.py:840} INFO - DAG(s) 'example_dynamic_task_mapping' retrieved from /home/denys/airflow_venv/lib/python3.12/site-packages/airflow/example_dags/example_dynamic_task_mapping.py
[2024-05-08T13:24:37.303+0000] {logging_mixin.py:188} INFO - [2024-05-08T13:24:37.303+0000] {dag.py:3096} INFO - Sync 1 DAGs
[2024-05-08T13:24:37.314+0000] {logging_mixin.py:188} INFO - [2024-05-08T13:24:37.314+0000] {dag.py:3954} INFO - Setting next_dagrun for example_dynamic_task_mapping to 2022-03-04 00:00:00+00:00, run_after=2022-03-05 00:00:00+00:00
[2024-05-08T13:24:37.335+0000] {processor.py:183} INFO - Processing /home/denys/airflow_venv/lib/python3.12/site-packages/airflow/example_dags/example_dynamic_task_mapping.py took 0.054 seconds
[2024-05-08T13:25:38.398+0000] {processor.py:161} INFO - Started process (PID=2797) to work on /home/denys/airflow_venv/lib/python3.12/site-packages/airflow/example_dags/example_dynamic_task_mapping.py
[2024-05-08T13:25:38.399+0000] {processor.py:830} INFO - Processing file /home/denys/airflow_venv/lib/python3.12/site-packages/airflow/example_dags/example_dynamic_task_mapping.py for tasks to queue
[2024-05-08T13:25:38.400+0000] {logging_mixin.py:188} INFO - [2024-05-08T13:25:38.400+0000] {dagbag.py:545} INFO - Filling up the DagBag from /home/denys/airflow_venv/lib/python3.12/site-packages/airflow/example_dags/example_dynamic_task_mapping.py
[2024-05-08T13:25:38.405+0000] {processor.py:840} INFO - DAG(s) 'example_dynamic_task_mapping' retrieved from /home/denys/airflow_venv/lib/python3.12/site-packages/airflow/example_dags/example_dynamic_task_mapping.py
[2024-05-08T13:25:38.414+0000] {logging_mixin.py:188} INFO - [2024-05-08T13:25:38.414+0000] {dag.py:3096} INFO - Sync 1 DAGs
[2024-05-08T13:25:38.426+0000] {logging_mixin.py:188} INFO - [2024-05-08T13:25:38.425+0000] {dag.py:3954} INFO - Setting next_dagrun for example_dynamic_task_mapping to 2022-03-04 00:00:00+00:00, run_after=2022-03-05 00:00:00+00:00
[2024-05-08T13:25:38.446+0000] {processor.py:183} INFO - Processing /home/denys/airflow_venv/lib/python3.12/site-packages/airflow/example_dags/example_dynamic_task_mapping.py took 0.051 seconds
[2024-05-08T13:26:41.160+0000] {processor.py:161} INFO - Started process (PID=2861) to work on /home/denys/airflow_venv/lib/python3.12/site-packages/airflow/example_dags/example_dynamic_task_mapping.py
[2024-05-08T13:26:41.161+0000] {processor.py:830} INFO - Processing file /home/denys/airflow_venv/lib/python3.12/site-packages/airflow/example_dags/example_dynamic_task_mapping.py for tasks to queue
[2024-05-08T13:26:41.162+0000] {logging_mixin.py:188} INFO - [2024-05-08T13:26:41.162+0000] {dagbag.py:545} INFO - Filling up the DagBag from /home/denys/airflow_venv/lib/python3.12/site-packages/airflow/example_dags/example_dynamic_task_mapping.py
[2024-05-08T13:26:41.166+0000] {processor.py:840} INFO - DAG(s) 'example_dynamic_task_mapping' retrieved from /home/denys/airflow_venv/lib/python3.12/site-packages/airflow/example_dags/example_dynamic_task_mapping.py
[2024-05-08T13:26:41.175+0000] {logging_mixin.py:188} INFO - [2024-05-08T13:26:41.175+0000] {dag.py:3096} INFO - Sync 1 DAGs
[2024-05-08T13:26:41.186+0000] {logging_mixin.py:188} INFO - [2024-05-08T13:26:41.186+0000] {dag.py:3954} INFO - Setting next_dagrun for example_dynamic_task_mapping to 2022-03-04 00:00:00+00:00, run_after=2022-03-05 00:00:00+00:00
[2024-05-08T13:26:41.206+0000] {processor.py:183} INFO - Processing /home/denys/airflow_venv/lib/python3.12/site-packages/airflow/example_dags/example_dynamic_task_mapping.py took 0.050 seconds
[2024-05-08T13:27:24.707+0000] {processor.py:161} INFO - Started process (PID=2906) to work on /home/denys/airflow_venv/lib/python3.12/site-packages/airflow/example_dags/example_dynamic_task_mapping.py
[2024-05-08T13:27:24.708+0000] {processor.py:830} INFO - Processing file /home/denys/airflow_venv/lib/python3.12/site-packages/airflow/example_dags/example_dynamic_task_mapping.py for tasks to queue
[2024-05-08T13:27:24.710+0000] {logging_mixin.py:188} INFO - [2024-05-08T13:27:24.710+0000] {dagbag.py:545} INFO - Filling up the DagBag from /home/denys/airflow_venv/lib/python3.12/site-packages/airflow/example_dags/example_dynamic_task_mapping.py
[2024-05-08T13:27:24.715+0000] {processor.py:840} INFO - DAG(s) 'example_dynamic_task_mapping' retrieved from /home/denys/airflow_venv/lib/python3.12/site-packages/airflow/example_dags/example_dynamic_task_mapping.py
[2024-05-08T13:27:24.724+0000] {logging_mixin.py:188} INFO - [2024-05-08T13:27:24.724+0000] {dag.py:3096} INFO - Sync 1 DAGs
[2024-05-08T13:27:24.734+0000] {logging_mixin.py:188} INFO - [2024-05-08T13:27:24.734+0000] {dag.py:3954} INFO - Setting next_dagrun for example_dynamic_task_mapping to 2022-03-04 00:00:00+00:00, run_after=2022-03-05 00:00:00+00:00
[2024-05-08T13:27:24.755+0000] {processor.py:183} INFO - Processing /home/denys/airflow_venv/lib/python3.12/site-packages/airflow/example_dags/example_dynamic_task_mapping.py took 0.051 seconds
[2024-05-08T13:28:08.292+0000] {processor.py:161} INFO - Started process (PID=2951) to work on /home/denys/airflow_venv/lib/python3.12/site-packages/airflow/example_dags/example_dynamic_task_mapping.py
[2024-05-08T13:28:08.294+0000] {processor.py:830} INFO - Processing file /home/denys/airflow_venv/lib/python3.12/site-packages/airflow/example_dags/example_dynamic_task_mapping.py for tasks to queue
[2024-05-08T13:28:08.295+0000] {logging_mixin.py:188} INFO - [2024-05-08T13:28:08.295+0000] {dagbag.py:545} INFO - Filling up the DagBag from /home/denys/airflow_venv/lib/python3.12/site-packages/airflow/example_dags/example_dynamic_task_mapping.py
[2024-05-08T13:28:08.301+0000] {processor.py:840} INFO - DAG(s) 'example_dynamic_task_mapping' retrieved from /home/denys/airflow_venv/lib/python3.12/site-packages/airflow/example_dags/example_dynamic_task_mapping.py
[2024-05-08T13:28:08.311+0000] {logging_mixin.py:188} INFO - [2024-05-08T13:28:08.311+0000] {dag.py:3096} INFO - Sync 1 DAGs
[2024-05-08T13:28:08.321+0000] {logging_mixin.py:188} INFO - [2024-05-08T13:28:08.321+0000] {dag.py:3954} INFO - Setting next_dagrun for example_dynamic_task_mapping to 2022-03-04 00:00:00+00:00, run_after=2022-03-05 00:00:00+00:00
[2024-05-08T13:28:08.344+0000] {processor.py:183} INFO - Processing /home/denys/airflow_venv/lib/python3.12/site-packages/airflow/example_dags/example_dynamic_task_mapping.py took 0.055 seconds
[2024-05-08T13:28:51.461+0000] {processor.py:161} INFO - Started process (PID=3049) to work on /home/denys/airflow_venv/lib/python3.12/site-packages/airflow/example_dags/example_dynamic_task_mapping.py
[2024-05-08T13:28:51.465+0000] {processor.py:830} INFO - Processing file /home/denys/airflow_venv/lib/python3.12/site-packages/airflow/example_dags/example_dynamic_task_mapping.py for tasks to queue
[2024-05-08T13:28:51.466+0000] {logging_mixin.py:188} INFO - [2024-05-08T13:28:51.466+0000] {dagbag.py:545} INFO - Filling up the DagBag from /home/denys/airflow_venv/lib/python3.12/site-packages/airflow/example_dags/example_dynamic_task_mapping.py
[2024-05-08T13:28:51.470+0000] {processor.py:840} INFO - DAG(s) 'example_dynamic_task_mapping' retrieved from /home/denys/airflow_venv/lib/python3.12/site-packages/airflow/example_dags/example_dynamic_task_mapping.py
[2024-05-08T13:28:51.479+0000] {logging_mixin.py:188} INFO - [2024-05-08T13:28:51.479+0000] {dag.py:3096} INFO - Sync 1 DAGs
[2024-05-08T13:28:51.489+0000] {logging_mixin.py:188} INFO - [2024-05-08T13:28:51.489+0000] {dag.py:3954} INFO - Setting next_dagrun for example_dynamic_task_mapping to 2022-03-04 00:00:00+00:00, run_after=2022-03-05 00:00:00+00:00
[2024-05-08T13:28:51.527+0000] {processor.py:183} INFO - Processing /home/denys/airflow_venv/lib/python3.12/site-packages/airflow/example_dags/example_dynamic_task_mapping.py took 0.069 seconds
[2024-05-08T13:29:48.631+0000] {processor.py:161} INFO - Started process (PID=3112) to work on /home/denys/airflow_venv/lib/python3.12/site-packages/airflow/example_dags/example_dynamic_task_mapping.py
[2024-05-08T13:29:48.633+0000] {processor.py:830} INFO - Processing file /home/denys/airflow_venv/lib/python3.12/site-packages/airflow/example_dags/example_dynamic_task_mapping.py for tasks to queue
[2024-05-08T13:29:48.634+0000] {logging_mixin.py:188} INFO - [2024-05-08T13:29:48.634+0000] {dagbag.py:545} INFO - Filling up the DagBag from /home/denys/airflow_venv/lib/python3.12/site-packages/airflow/example_dags/example_dynamic_task_mapping.py
[2024-05-08T13:29:48.639+0000] {processor.py:840} INFO - DAG(s) 'example_dynamic_task_mapping' retrieved from /home/denys/airflow_venv/lib/python3.12/site-packages/airflow/example_dags/example_dynamic_task_mapping.py
[2024-05-08T13:29:48.649+0000] {logging_mixin.py:188} INFO - [2024-05-08T13:29:48.648+0000] {dag.py:3096} INFO - Sync 1 DAGs
[2024-05-08T13:29:48.660+0000] {logging_mixin.py:188} INFO - [2024-05-08T13:29:48.660+0000] {dag.py:3954} INFO - Setting next_dagrun for example_dynamic_task_mapping to 2022-03-04 00:00:00+00:00, run_after=2022-03-05 00:00:00+00:00
[2024-05-08T13:29:48.679+0000] {processor.py:183} INFO - Processing /home/denys/airflow_venv/lib/python3.12/site-packages/airflow/example_dags/example_dynamic_task_mapping.py took 0.051 seconds
[2024-05-08T13:30:50.436+0000] {processor.py:161} INFO - Started process (PID=3179) to work on /home/denys/airflow_venv/lib/python3.12/site-packages/airflow/example_dags/example_dynamic_task_mapping.py
[2024-05-08T13:30:50.437+0000] {processor.py:830} INFO - Processing file /home/denys/airflow_venv/lib/python3.12/site-packages/airflow/example_dags/example_dynamic_task_mapping.py for tasks to queue
[2024-05-08T13:30:50.438+0000] {logging_mixin.py:188} INFO - [2024-05-08T13:30:50.438+0000] {dagbag.py:545} INFO - Filling up the DagBag from /home/denys/airflow_venv/lib/python3.12/site-packages/airflow/example_dags/example_dynamic_task_mapping.py
[2024-05-08T13:30:50.443+0000] {processor.py:840} INFO - DAG(s) 'example_dynamic_task_mapping' retrieved from /home/denys/airflow_venv/lib/python3.12/site-packages/airflow/example_dags/example_dynamic_task_mapping.py
[2024-05-08T13:30:50.452+0000] {logging_mixin.py:188} INFO - [2024-05-08T13:30:50.452+0000] {dag.py:3096} INFO - Sync 1 DAGs
[2024-05-08T13:30:50.462+0000] {logging_mixin.py:188} INFO - [2024-05-08T13:30:50.462+0000] {dag.py:3954} INFO - Setting next_dagrun for example_dynamic_task_mapping to 2022-03-04 00:00:00+00:00, run_after=2022-03-05 00:00:00+00:00
[2024-05-08T13:30:50.482+0000] {processor.py:183} INFO - Processing /home/denys/airflow_venv/lib/python3.12/site-packages/airflow/example_dags/example_dynamic_task_mapping.py took 0.049 seconds
[2024-05-08T13:31:50.892+0000] {processor.py:161} INFO - Started process (PID=3242) to work on /home/denys/airflow_venv/lib/python3.12/site-packages/airflow/example_dags/example_dynamic_task_mapping.py
[2024-05-08T13:31:50.893+0000] {processor.py:830} INFO - Processing file /home/denys/airflow_venv/lib/python3.12/site-packages/airflow/example_dags/example_dynamic_task_mapping.py for tasks to queue
[2024-05-08T13:31:50.895+0000] {logging_mixin.py:188} INFO - [2024-05-08T13:31:50.894+0000] {dagbag.py:545} INFO - Filling up the DagBag from /home/denys/airflow_venv/lib/python3.12/site-packages/airflow/example_dags/example_dynamic_task_mapping.py
[2024-05-08T13:31:50.899+0000] {processor.py:840} INFO - DAG(s) 'example_dynamic_task_mapping' retrieved from /home/denys/airflow_venv/lib/python3.12/site-packages/airflow/example_dags/example_dynamic_task_mapping.py
[2024-05-08T13:31:50.908+0000] {logging_mixin.py:188} INFO - [2024-05-08T13:31:50.908+0000] {dag.py:3096} INFO - Sync 1 DAGs
[2024-05-08T13:31:50.918+0000] {logging_mixin.py:188} INFO - [2024-05-08T13:31:50.918+0000] {dag.py:3954} INFO - Setting next_dagrun for example_dynamic_task_mapping to 2022-03-04 00:00:00+00:00, run_after=2022-03-05 00:00:00+00:00
[2024-05-08T13:31:50.940+0000] {processor.py:183} INFO - Processing /home/denys/airflow_venv/lib/python3.12/site-packages/airflow/example_dags/example_dynamic_task_mapping.py took 0.051 seconds
[2024-05-08T13:32:34.050+0000] {processor.py:161} INFO - Started process (PID=3286) to work on /home/denys/airflow_venv/lib/python3.12/site-packages/airflow/example_dags/example_dynamic_task_mapping.py
[2024-05-08T13:32:34.052+0000] {processor.py:830} INFO - Processing file /home/denys/airflow_venv/lib/python3.12/site-packages/airflow/example_dags/example_dynamic_task_mapping.py for tasks to queue
[2024-05-08T13:32:34.054+0000] {logging_mixin.py:188} INFO - [2024-05-08T13:32:34.053+0000] {dagbag.py:545} INFO - Filling up the DagBag from /home/denys/airflow_venv/lib/python3.12/site-packages/airflow/example_dags/example_dynamic_task_mapping.py
[2024-05-08T13:32:34.060+0000] {processor.py:840} INFO - DAG(s) 'example_dynamic_task_mapping' retrieved from /home/denys/airflow_venv/lib/python3.12/site-packages/airflow/example_dags/example_dynamic_task_mapping.py
[2024-05-08T13:32:34.072+0000] {logging_mixin.py:188} INFO - [2024-05-08T13:32:34.071+0000] {dag.py:3096} INFO - Sync 1 DAGs
[2024-05-08T13:32:34.091+0000] {logging_mixin.py:188} INFO - [2024-05-08T13:32:34.091+0000] {dag.py:3954} INFO - Setting next_dagrun for example_dynamic_task_mapping to 2022-03-04 00:00:00+00:00, run_after=2022-03-05 00:00:00+00:00
[2024-05-08T13:32:34.117+0000] {processor.py:183} INFO - Processing /home/denys/airflow_venv/lib/python3.12/site-packages/airflow/example_dags/example_dynamic_task_mapping.py took 0.072 seconds
[2024-05-08T13:33:18.054+0000] {processor.py:161} INFO - Started process (PID=3330) to work on /home/denys/airflow_venv/lib/python3.12/site-packages/airflow/example_dags/example_dynamic_task_mapping.py
[2024-05-08T13:33:18.055+0000] {processor.py:830} INFO - Processing file /home/denys/airflow_venv/lib/python3.12/site-packages/airflow/example_dags/example_dynamic_task_mapping.py for tasks to queue
[2024-05-08T13:33:18.056+0000] {logging_mixin.py:188} INFO - [2024-05-08T13:33:18.056+0000] {dagbag.py:545} INFO - Filling up the DagBag from /home/denys/airflow_venv/lib/python3.12/site-packages/airflow/example_dags/example_dynamic_task_mapping.py
[2024-05-08T13:33:18.060+0000] {processor.py:840} INFO - DAG(s) 'example_dynamic_task_mapping' retrieved from /home/denys/airflow_venv/lib/python3.12/site-packages/airflow/example_dags/example_dynamic_task_mapping.py
[2024-05-08T13:33:18.070+0000] {logging_mixin.py:188} INFO - [2024-05-08T13:33:18.070+0000] {dag.py:3096} INFO - Sync 1 DAGs
[2024-05-08T13:33:18.080+0000] {logging_mixin.py:188} INFO - [2024-05-08T13:33:18.080+0000] {dag.py:3954} INFO - Setting next_dagrun for example_dynamic_task_mapping to 2022-03-04 00:00:00+00:00, run_after=2022-03-05 00:00:00+00:00
[2024-05-08T13:33:18.103+0000] {processor.py:183} INFO - Processing /home/denys/airflow_venv/lib/python3.12/site-packages/airflow/example_dags/example_dynamic_task_mapping.py took 0.053 seconds
[2024-05-08T13:34:00.680+0000] {processor.py:161} INFO - Started process (PID=3378) to work on /home/denys/airflow_venv/lib/python3.12/site-packages/airflow/example_dags/example_dynamic_task_mapping.py
[2024-05-08T13:34:00.682+0000] {processor.py:830} INFO - Processing file /home/denys/airflow_venv/lib/python3.12/site-packages/airflow/example_dags/example_dynamic_task_mapping.py for tasks to queue
[2024-05-08T13:34:00.683+0000] {logging_mixin.py:188} INFO - [2024-05-08T13:34:00.682+0000] {dagbag.py:545} INFO - Filling up the DagBag from /home/denys/airflow_venv/lib/python3.12/site-packages/airflow/example_dags/example_dynamic_task_mapping.py
[2024-05-08T13:34:00.687+0000] {processor.py:840} INFO - DAG(s) 'example_dynamic_task_mapping' retrieved from /home/denys/airflow_venv/lib/python3.12/site-packages/airflow/example_dags/example_dynamic_task_mapping.py
[2024-05-08T13:34:00.698+0000] {logging_mixin.py:188} INFO - [2024-05-08T13:34:00.698+0000] {dag.py:3096} INFO - Sync 1 DAGs
[2024-05-08T13:34:00.712+0000] {logging_mixin.py:188} INFO - [2024-05-08T13:34:00.712+0000] {dag.py:3954} INFO - Setting next_dagrun for example_dynamic_task_mapping to 2022-03-04 00:00:00+00:00, run_after=2022-03-05 00:00:00+00:00
[2024-05-08T13:34:00.736+0000] {processor.py:183} INFO - Processing /home/denys/airflow_venv/lib/python3.12/site-packages/airflow/example_dags/example_dynamic_task_mapping.py took 0.059 seconds
[2024-05-08T13:34:45.323+0000] {processor.py:161} INFO - Started process (PID=3423) to work on /home/denys/airflow_venv/lib/python3.12/site-packages/airflow/example_dags/example_dynamic_task_mapping.py
[2024-05-08T13:34:45.325+0000] {processor.py:830} INFO - Processing file /home/denys/airflow_venv/lib/python3.12/site-packages/airflow/example_dags/example_dynamic_task_mapping.py for tasks to queue
[2024-05-08T13:34:45.327+0000] {logging_mixin.py:188} INFO - [2024-05-08T13:34:45.326+0000] {dagbag.py:545} INFO - Filling up the DagBag from /home/denys/airflow_venv/lib/python3.12/site-packages/airflow/example_dags/example_dynamic_task_mapping.py
[2024-05-08T13:34:45.331+0000] {processor.py:840} INFO - DAG(s) 'example_dynamic_task_mapping' retrieved from /home/denys/airflow_venv/lib/python3.12/site-packages/airflow/example_dags/example_dynamic_task_mapping.py
[2024-05-08T13:34:45.342+0000] {logging_mixin.py:188} INFO - [2024-05-08T13:34:45.341+0000] {dag.py:3096} INFO - Sync 1 DAGs
[2024-05-08T13:34:45.353+0000] {logging_mixin.py:188} INFO - [2024-05-08T13:34:45.353+0000] {dag.py:3954} INFO - Setting next_dagrun for example_dynamic_task_mapping to 2022-03-04 00:00:00+00:00, run_after=2022-03-05 00:00:00+00:00
[2024-05-08T13:34:45.371+0000] {processor.py:183} INFO - Processing /home/denys/airflow_venv/lib/python3.12/site-packages/airflow/example_dags/example_dynamic_task_mapping.py took 0.052 seconds
[2024-05-08T13:35:43.837+0000] {processor.py:161} INFO - Started process (PID=3488) to work on /home/denys/airflow_venv/lib/python3.12/site-packages/airflow/example_dags/example_dynamic_task_mapping.py
[2024-05-08T13:35:43.844+0000] {processor.py:830} INFO - Processing file /home/denys/airflow_venv/lib/python3.12/site-packages/airflow/example_dags/example_dynamic_task_mapping.py for tasks to queue
[2024-05-08T13:35:43.845+0000] {logging_mixin.py:188} INFO - [2024-05-08T13:35:43.844+0000] {dagbag.py:545} INFO - Filling up the DagBag from /home/denys/airflow_venv/lib/python3.12/site-packages/airflow/example_dags/example_dynamic_task_mapping.py
[2024-05-08T13:35:43.849+0000] {processor.py:840} INFO - DAG(s) 'example_dynamic_task_mapping' retrieved from /home/denys/airflow_venv/lib/python3.12/site-packages/airflow/example_dags/example_dynamic_task_mapping.py
[2024-05-08T13:35:43.858+0000] {logging_mixin.py:188} INFO - [2024-05-08T13:35:43.858+0000] {dag.py:3096} INFO - Sync 1 DAGs
[2024-05-08T13:35:43.869+0000] {logging_mixin.py:188} INFO - [2024-05-08T13:35:43.869+0000] {dag.py:3954} INFO - Setting next_dagrun for example_dynamic_task_mapping to 2022-03-04 00:00:00+00:00, run_after=2022-03-05 00:00:00+00:00
[2024-05-08T13:35:43.886+0000] {processor.py:183} INFO - Processing /home/denys/airflow_venv/lib/python3.12/site-packages/airflow/example_dags/example_dynamic_task_mapping.py took 0.052 seconds
[2024-05-08T13:36:44.869+0000] {processor.py:161} INFO - Started process (PID=3551) to work on /home/denys/airflow_venv/lib/python3.12/site-packages/airflow/example_dags/example_dynamic_task_mapping.py
[2024-05-08T13:36:44.870+0000] {processor.py:830} INFO - Processing file /home/denys/airflow_venv/lib/python3.12/site-packages/airflow/example_dags/example_dynamic_task_mapping.py for tasks to queue
[2024-05-08T13:36:44.871+0000] {logging_mixin.py:188} INFO - [2024-05-08T13:36:44.871+0000] {dagbag.py:545} INFO - Filling up the DagBag from /home/denys/airflow_venv/lib/python3.12/site-packages/airflow/example_dags/example_dynamic_task_mapping.py
[2024-05-08T13:36:44.875+0000] {processor.py:840} INFO - DAG(s) 'example_dynamic_task_mapping' retrieved from /home/denys/airflow_venv/lib/python3.12/site-packages/airflow/example_dags/example_dynamic_task_mapping.py
[2024-05-08T13:36:44.884+0000] {logging_mixin.py:188} INFO - [2024-05-08T13:36:44.884+0000] {dag.py:3096} INFO - Sync 1 DAGs
[2024-05-08T13:36:44.895+0000] {logging_mixin.py:188} INFO - [2024-05-08T13:36:44.895+0000] {dag.py:3954} INFO - Setting next_dagrun for example_dynamic_task_mapping to 2022-03-04 00:00:00+00:00, run_after=2022-03-05 00:00:00+00:00
[2024-05-08T13:36:44.916+0000] {processor.py:183} INFO - Processing /home/denys/airflow_venv/lib/python3.12/site-packages/airflow/example_dags/example_dynamic_task_mapping.py took 0.050 seconds
[2024-05-08T13:37:27.855+0000] {processor.py:161} INFO - Started process (PID=3596) to work on /home/denys/airflow_venv/lib/python3.12/site-packages/airflow/example_dags/example_dynamic_task_mapping.py
[2024-05-08T13:37:27.856+0000] {processor.py:830} INFO - Processing file /home/denys/airflow_venv/lib/python3.12/site-packages/airflow/example_dags/example_dynamic_task_mapping.py for tasks to queue
[2024-05-08T13:37:27.857+0000] {logging_mixin.py:188} INFO - [2024-05-08T13:37:27.857+0000] {dagbag.py:545} INFO - Filling up the DagBag from /home/denys/airflow_venv/lib/python3.12/site-packages/airflow/example_dags/example_dynamic_task_mapping.py
[2024-05-08T13:37:27.862+0000] {processor.py:840} INFO - DAG(s) 'example_dynamic_task_mapping' retrieved from /home/denys/airflow_venv/lib/python3.12/site-packages/airflow/example_dags/example_dynamic_task_mapping.py
[2024-05-08T13:37:27.871+0000] {logging_mixin.py:188} INFO - [2024-05-08T13:37:27.871+0000] {dag.py:3096} INFO - Sync 1 DAGs
[2024-05-08T13:37:27.880+0000] {logging_mixin.py:188} INFO - [2024-05-08T13:37:27.880+0000] {dag.py:3954} INFO - Setting next_dagrun for example_dynamic_task_mapping to 2022-03-04 00:00:00+00:00, run_after=2022-03-05 00:00:00+00:00
[2024-05-08T13:37:27.902+0000] {processor.py:183} INFO - Processing /home/denys/airflow_venv/lib/python3.12/site-packages/airflow/example_dags/example_dynamic_task_mapping.py took 0.051 seconds
[2024-05-08T13:38:16.444+0000] {processor.py:161} INFO - Started process (PID=3644) to work on /home/denys/airflow_venv/lib/python3.12/site-packages/airflow/example_dags/example_dynamic_task_mapping.py
[2024-05-08T13:38:16.446+0000] {processor.py:830} INFO - Processing file /home/denys/airflow_venv/lib/python3.12/site-packages/airflow/example_dags/example_dynamic_task_mapping.py for tasks to queue
[2024-05-08T13:38:16.447+0000] {logging_mixin.py:188} INFO - [2024-05-08T13:38:16.446+0000] {dagbag.py:545} INFO - Filling up the DagBag from /home/denys/airflow_venv/lib/python3.12/site-packages/airflow/example_dags/example_dynamic_task_mapping.py
[2024-05-08T13:38:16.451+0000] {processor.py:840} INFO - DAG(s) 'example_dynamic_task_mapping' retrieved from /home/denys/airflow_venv/lib/python3.12/site-packages/airflow/example_dags/example_dynamic_task_mapping.py
[2024-05-08T13:38:16.460+0000] {logging_mixin.py:188} INFO - [2024-05-08T13:38:16.460+0000] {dag.py:3096} INFO - Sync 1 DAGs
[2024-05-08T13:38:16.469+0000] {logging_mixin.py:188} INFO - [2024-05-08T13:38:16.469+0000] {dag.py:3954} INFO - Setting next_dagrun for example_dynamic_task_mapping to 2022-03-04 00:00:00+00:00, run_after=2022-03-05 00:00:00+00:00
[2024-05-08T13:38:16.490+0000] {processor.py:183} INFO - Processing /home/denys/airflow_venv/lib/python3.12/site-packages/airflow/example_dags/example_dynamic_task_mapping.py took 0.050 seconds
[2024-05-08T13:39:01.322+0000] {processor.py:161} INFO - Started process (PID=3691) to work on /home/denys/airflow_venv/lib/python3.12/site-packages/airflow/example_dags/example_dynamic_task_mapping.py
[2024-05-08T13:39:01.324+0000] {processor.py:830} INFO - Processing file /home/denys/airflow_venv/lib/python3.12/site-packages/airflow/example_dags/example_dynamic_task_mapping.py for tasks to queue
[2024-05-08T13:39:01.325+0000] {logging_mixin.py:188} INFO - [2024-05-08T13:39:01.324+0000] {dagbag.py:545} INFO - Filling up the DagBag from /home/denys/airflow_venv/lib/python3.12/site-packages/airflow/example_dags/example_dynamic_task_mapping.py
[2024-05-08T13:39:01.330+0000] {processor.py:840} INFO - DAG(s) 'example_dynamic_task_mapping' retrieved from /home/denys/airflow_venv/lib/python3.12/site-packages/airflow/example_dags/example_dynamic_task_mapping.py
[2024-05-08T13:39:01.338+0000] {logging_mixin.py:188} INFO - [2024-05-08T13:39:01.338+0000] {dag.py:3096} INFO - Sync 1 DAGs
[2024-05-08T13:39:01.349+0000] {logging_mixin.py:188} INFO - [2024-05-08T13:39:01.349+0000] {dag.py:3954} INFO - Setting next_dagrun for example_dynamic_task_mapping to 2022-03-04 00:00:00+00:00, run_after=2022-03-05 00:00:00+00:00
[2024-05-08T13:39:01.365+0000] {processor.py:183} INFO - Processing /home/denys/airflow_venv/lib/python3.12/site-packages/airflow/example_dags/example_dynamic_task_mapping.py took 0.045 seconds
[2024-05-08T13:40:06.321+0000] {processor.py:161} INFO - Started process (PID=3755) to work on /home/denys/airflow_venv/lib/python3.12/site-packages/airflow/example_dags/example_dynamic_task_mapping.py
[2024-05-08T13:40:06.322+0000] {processor.py:830} INFO - Processing file /home/denys/airflow_venv/lib/python3.12/site-packages/airflow/example_dags/example_dynamic_task_mapping.py for tasks to queue
[2024-05-08T13:40:06.323+0000] {logging_mixin.py:188} INFO - [2024-05-08T13:40:06.323+0000] {dagbag.py:545} INFO - Filling up the DagBag from /home/denys/airflow_venv/lib/python3.12/site-packages/airflow/example_dags/example_dynamic_task_mapping.py
[2024-05-08T13:40:06.327+0000] {processor.py:840} INFO - DAG(s) 'example_dynamic_task_mapping' retrieved from /home/denys/airflow_venv/lib/python3.12/site-packages/airflow/example_dags/example_dynamic_task_mapping.py
[2024-05-08T13:40:06.336+0000] {logging_mixin.py:188} INFO - [2024-05-08T13:40:06.336+0000] {dag.py:3096} INFO - Sync 1 DAGs
[2024-05-08T13:40:06.346+0000] {logging_mixin.py:188} INFO - [2024-05-08T13:40:06.346+0000] {dag.py:3954} INFO - Setting next_dagrun for example_dynamic_task_mapping to 2022-03-04 00:00:00+00:00, run_after=2022-03-05 00:00:00+00:00
[2024-05-08T13:40:06.368+0000] {processor.py:183} INFO - Processing /home/denys/airflow_venv/lib/python3.12/site-packages/airflow/example_dags/example_dynamic_task_mapping.py took 0.051 seconds
[2024-05-08T13:40:55.352+0000] {processor.py:161} INFO - Started process (PID=3804) to work on /home/denys/airflow_venv/lib/python3.12/site-packages/airflow/example_dags/example_dynamic_task_mapping.py
[2024-05-08T13:40:55.353+0000] {processor.py:830} INFO - Processing file /home/denys/airflow_venv/lib/python3.12/site-packages/airflow/example_dags/example_dynamic_task_mapping.py for tasks to queue
[2024-05-08T13:40:55.354+0000] {logging_mixin.py:188} INFO - [2024-05-08T13:40:55.354+0000] {dagbag.py:545} INFO - Filling up the DagBag from /home/denys/airflow_venv/lib/python3.12/site-packages/airflow/example_dags/example_dynamic_task_mapping.py
[2024-05-08T13:40:55.359+0000] {processor.py:840} INFO - DAG(s) 'example_dynamic_task_mapping' retrieved from /home/denys/airflow_venv/lib/python3.12/site-packages/airflow/example_dags/example_dynamic_task_mapping.py
[2024-05-08T13:40:55.368+0000] {logging_mixin.py:188} INFO - [2024-05-08T13:40:55.368+0000] {dag.py:3096} INFO - Sync 1 DAGs
[2024-05-08T13:40:55.379+0000] {logging_mixin.py:188} INFO - [2024-05-08T13:40:55.378+0000] {dag.py:3954} INFO - Setting next_dagrun for example_dynamic_task_mapping to 2022-03-04 00:00:00+00:00, run_after=2022-03-05 00:00:00+00:00
[2024-05-08T13:40:55.460+0000] {processor.py:183} INFO - Processing /home/denys/airflow_venv/lib/python3.12/site-packages/airflow/example_dags/example_dynamic_task_mapping.py took 0.112 seconds
[2024-05-08T13:41:43.283+0000] {processor.py:161} INFO - Started process (PID=3852) to work on /home/denys/airflow_venv/lib/python3.12/site-packages/airflow/example_dags/example_dynamic_task_mapping.py
[2024-05-08T13:41:43.285+0000] {processor.py:830} INFO - Processing file /home/denys/airflow_venv/lib/python3.12/site-packages/airflow/example_dags/example_dynamic_task_mapping.py for tasks to queue
[2024-05-08T13:41:43.286+0000] {logging_mixin.py:188} INFO - [2024-05-08T13:41:43.286+0000] {dagbag.py:545} INFO - Filling up the DagBag from /home/denys/airflow_venv/lib/python3.12/site-packages/airflow/example_dags/example_dynamic_task_mapping.py
[2024-05-08T13:41:43.290+0000] {processor.py:840} INFO - DAG(s) 'example_dynamic_task_mapping' retrieved from /home/denys/airflow_venv/lib/python3.12/site-packages/airflow/example_dags/example_dynamic_task_mapping.py
[2024-05-08T13:41:43.300+0000] {logging_mixin.py:188} INFO - [2024-05-08T13:41:43.300+0000] {dag.py:3096} INFO - Sync 1 DAGs
[2024-05-08T13:41:43.312+0000] {logging_mixin.py:188} INFO - [2024-05-08T13:41:43.312+0000] {dag.py:3954} INFO - Setting next_dagrun for example_dynamic_task_mapping to 2022-03-04 00:00:00+00:00, run_after=2022-03-05 00:00:00+00:00
[2024-05-08T13:41:43.333+0000] {processor.py:183} INFO - Processing /home/denys/airflow_venv/lib/python3.12/site-packages/airflow/example_dags/example_dynamic_task_mapping.py took 0.054 seconds
[2024-05-08T13:42:47.807+0000] {processor.py:161} INFO - Started process (PID=3917) to work on /home/denys/airflow_venv/lib/python3.12/site-packages/airflow/example_dags/example_dynamic_task_mapping.py
[2024-05-08T13:42:47.808+0000] {processor.py:830} INFO - Processing file /home/denys/airflow_venv/lib/python3.12/site-packages/airflow/example_dags/example_dynamic_task_mapping.py for tasks to queue
[2024-05-08T13:42:47.810+0000] {logging_mixin.py:188} INFO - [2024-05-08T13:42:47.809+0000] {dagbag.py:545} INFO - Filling up the DagBag from /home/denys/airflow_venv/lib/python3.12/site-packages/airflow/example_dags/example_dynamic_task_mapping.py
[2024-05-08T13:42:47.813+0000] {processor.py:840} INFO - DAG(s) 'example_dynamic_task_mapping' retrieved from /home/denys/airflow_venv/lib/python3.12/site-packages/airflow/example_dags/example_dynamic_task_mapping.py
[2024-05-08T13:42:47.822+0000] {logging_mixin.py:188} INFO - [2024-05-08T13:42:47.822+0000] {dag.py:3096} INFO - Sync 1 DAGs
[2024-05-08T13:42:47.832+0000] {logging_mixin.py:188} INFO - [2024-05-08T13:42:47.832+0000] {dag.py:3954} INFO - Setting next_dagrun for example_dynamic_task_mapping to 2022-03-04 00:00:00+00:00, run_after=2022-03-05 00:00:00+00:00
[2024-05-08T13:42:47.858+0000] {processor.py:183} INFO - Processing /home/denys/airflow_venv/lib/python3.12/site-packages/airflow/example_dags/example_dynamic_task_mapping.py took 0.054 seconds
