[2024-05-08T13:12:17.769+0000] {processor.py:161} INFO - Started process (PID=1892) to work on /home/denys/airflow_venv/lib/python3.12/site-packages/airflow/example_dags/example_branch_labels.py
[2024-05-08T13:12:17.770+0000] {processor.py:830} INFO - Processing file /home/denys/airflow_venv/lib/python3.12/site-packages/airflow/example_dags/example_branch_labels.py for tasks to queue
[2024-05-08T13:12:17.770+0000] {logging_mixin.py:188} INFO - [2024-05-08T13:12:17.770+0000] {dagbag.py:545} INFO - Filling up the DagBag from /home/denys/airflow_venv/lib/python3.12/site-packages/airflow/example_dags/example_branch_labels.py
[2024-05-08T13:12:17.775+0000] {processor.py:840} INFO - DAG(s) 'example_branch_labels' retrieved from /home/denys/airflow_venv/lib/python3.12/site-packages/airflow/example_dags/example_branch_labels.py
[2024-05-08T13:12:17.845+0000] {logging_mixin.py:188} INFO - [2024-05-08T13:12:17.845+0000] {override.py:1829} INFO - Created Permission View: can delete on DAG:example_branch_labels
[2024-05-08T13:12:17.854+0000] {logging_mixin.py:188} INFO - [2024-05-08T13:12:17.853+0000] {override.py:1829} INFO - Created Permission View: can edit on DAG:example_branch_labels
[2024-05-08T13:12:17.860+0000] {logging_mixin.py:188} INFO - [2024-05-08T13:12:17.860+0000] {override.py:1829} INFO - Created Permission View: can read on DAG:example_branch_labels
[2024-05-08T13:12:17.861+0000] {logging_mixin.py:188} INFO - [2024-05-08T13:12:17.861+0000] {dag.py:3096} INFO - Sync 1 DAGs
[2024-05-08T13:12:17.865+0000] {logging_mixin.py:188} INFO - [2024-05-08T13:12:17.865+0000] {dag.py:3118} INFO - Creating ORM DAG for example_branch_labels
[2024-05-08T13:12:17.870+0000] {logging_mixin.py:188} INFO - [2024-05-08T13:12:17.870+0000] {dag.py:3954} INFO - Setting next_dagrun for example_branch_labels to 2024-05-07 00:00:00+00:00, run_after=2024-05-08 00:00:00+00:00
[2024-05-08T13:12:17.885+0000] {processor.py:183} INFO - Processing /home/denys/airflow_venv/lib/python3.12/site-packages/airflow/example_dags/example_branch_labels.py took 0.119 seconds
[2024-05-08T13:13:08.501+0000] {processor.py:161} INFO - Started process (PID=1948) to work on /home/denys/airflow_venv/lib/python3.12/site-packages/airflow/example_dags/example_branch_labels.py
[2024-05-08T13:13:08.502+0000] {processor.py:830} INFO - Processing file /home/denys/airflow_venv/lib/python3.12/site-packages/airflow/example_dags/example_branch_labels.py for tasks to queue
[2024-05-08T13:13:08.503+0000] {logging_mixin.py:188} INFO - [2024-05-08T13:13:08.502+0000] {dagbag.py:545} INFO - Filling up the DagBag from /home/denys/airflow_venv/lib/python3.12/site-packages/airflow/example_dags/example_branch_labels.py
[2024-05-08T13:13:08.507+0000] {processor.py:840} INFO - DAG(s) 'example_branch_labels' retrieved from /home/denys/airflow_venv/lib/python3.12/site-packages/airflow/example_dags/example_branch_labels.py
[2024-05-08T13:13:08.518+0000] {logging_mixin.py:188} INFO - [2024-05-08T13:13:08.518+0000] {dag.py:3096} INFO - Sync 1 DAGs
[2024-05-08T13:13:08.531+0000] {logging_mixin.py:188} INFO - [2024-05-08T13:13:08.531+0000] {dag.py:3954} INFO - Setting next_dagrun for example_branch_labels to 2024-05-07 00:00:00+00:00, run_after=2024-05-08 00:00:00+00:00
[2024-05-08T13:13:08.552+0000] {processor.py:183} INFO - Processing /home/denys/airflow_venv/lib/python3.12/site-packages/airflow/example_dags/example_branch_labels.py took 0.055 seconds
[2024-05-08T13:14:12.773+0000] {processor.py:161} INFO - Started process (PID=2014) to work on /home/denys/airflow_venv/lib/python3.12/site-packages/airflow/example_dags/example_branch_labels.py
[2024-05-08T13:14:12.774+0000] {processor.py:830} INFO - Processing file /home/denys/airflow_venv/lib/python3.12/site-packages/airflow/example_dags/example_branch_labels.py for tasks to queue
[2024-05-08T13:14:12.775+0000] {logging_mixin.py:188} INFO - [2024-05-08T13:14:12.775+0000] {dagbag.py:545} INFO - Filling up the DagBag from /home/denys/airflow_venv/lib/python3.12/site-packages/airflow/example_dags/example_branch_labels.py
[2024-05-08T13:14:12.779+0000] {processor.py:840} INFO - DAG(s) 'example_branch_labels' retrieved from /home/denys/airflow_venv/lib/python3.12/site-packages/airflow/example_dags/example_branch_labels.py
[2024-05-08T13:14:12.789+0000] {logging_mixin.py:188} INFO - [2024-05-08T13:14:12.788+0000] {dag.py:3096} INFO - Sync 1 DAGs
[2024-05-08T13:14:12.798+0000] {logging_mixin.py:188} INFO - [2024-05-08T13:14:12.798+0000] {dag.py:3954} INFO - Setting next_dagrun for example_branch_labels to 2024-05-07 00:00:00+00:00, run_after=2024-05-08 00:00:00+00:00
[2024-05-08T13:14:12.814+0000] {processor.py:183} INFO - Processing /home/denys/airflow_venv/lib/python3.12/site-packages/airflow/example_dags/example_branch_labels.py took 0.044 seconds
[2024-05-08T13:15:16.214+0000] {processor.py:161} INFO - Started process (PID=2082) to work on /home/denys/airflow_venv/lib/python3.12/site-packages/airflow/example_dags/example_branch_labels.py
[2024-05-08T13:15:16.215+0000] {processor.py:830} INFO - Processing file /home/denys/airflow_venv/lib/python3.12/site-packages/airflow/example_dags/example_branch_labels.py for tasks to queue
[2024-05-08T13:15:16.216+0000] {logging_mixin.py:188} INFO - [2024-05-08T13:15:16.216+0000] {dagbag.py:545} INFO - Filling up the DagBag from /home/denys/airflow_venv/lib/python3.12/site-packages/airflow/example_dags/example_branch_labels.py
[2024-05-08T13:15:16.221+0000] {processor.py:840} INFO - DAG(s) 'example_branch_labels' retrieved from /home/denys/airflow_venv/lib/python3.12/site-packages/airflow/example_dags/example_branch_labels.py
[2024-05-08T13:15:16.230+0000] {logging_mixin.py:188} INFO - [2024-05-08T13:15:16.230+0000] {dag.py:3096} INFO - Sync 1 DAGs
[2024-05-08T13:15:16.240+0000] {logging_mixin.py:188} INFO - [2024-05-08T13:15:16.240+0000] {dag.py:3954} INFO - Setting next_dagrun for example_branch_labels to 2024-05-07 00:00:00+00:00, run_after=2024-05-08 00:00:00+00:00
[2024-05-08T13:15:16.262+0000] {processor.py:183} INFO - Processing /home/denys/airflow_venv/lib/python3.12/site-packages/airflow/example_dags/example_branch_labels.py took 0.052 seconds
[2024-05-08T13:16:19.052+0000] {processor.py:161} INFO - Started process (PID=2147) to work on /home/denys/airflow_venv/lib/python3.12/site-packages/airflow/example_dags/example_branch_labels.py
[2024-05-08T13:16:19.054+0000] {processor.py:830} INFO - Processing file /home/denys/airflow_venv/lib/python3.12/site-packages/airflow/example_dags/example_branch_labels.py for tasks to queue
[2024-05-08T13:16:19.055+0000] {logging_mixin.py:188} INFO - [2024-05-08T13:16:19.055+0000] {dagbag.py:545} INFO - Filling up the DagBag from /home/denys/airflow_venv/lib/python3.12/site-packages/airflow/example_dags/example_branch_labels.py
[2024-05-08T13:16:19.060+0000] {processor.py:840} INFO - DAG(s) 'example_branch_labels' retrieved from /home/denys/airflow_venv/lib/python3.12/site-packages/airflow/example_dags/example_branch_labels.py
[2024-05-08T13:16:19.071+0000] {logging_mixin.py:188} INFO - [2024-05-08T13:16:19.071+0000] {dag.py:3096} INFO - Sync 1 DAGs
[2024-05-08T13:16:19.084+0000] {logging_mixin.py:188} INFO - [2024-05-08T13:16:19.084+0000] {dag.py:3954} INFO - Setting next_dagrun for example_branch_labels to 2024-05-07 00:00:00+00:00, run_after=2024-05-08 00:00:00+00:00
[2024-05-08T13:16:19.106+0000] {processor.py:183} INFO - Processing /home/denys/airflow_venv/lib/python3.12/site-packages/airflow/example_dags/example_branch_labels.py took 0.057 seconds
[2024-05-08T13:17:23.117+0000] {processor.py:161} INFO - Started process (PID=2217) to work on /home/denys/airflow_venv/lib/python3.12/site-packages/airflow/example_dags/example_branch_labels.py
[2024-05-08T13:17:23.118+0000] {processor.py:830} INFO - Processing file /home/denys/airflow_venv/lib/python3.12/site-packages/airflow/example_dags/example_branch_labels.py for tasks to queue
[2024-05-08T13:17:23.119+0000] {logging_mixin.py:188} INFO - [2024-05-08T13:17:23.119+0000] {dagbag.py:545} INFO - Filling up the DagBag from /home/denys/airflow_venv/lib/python3.12/site-packages/airflow/example_dags/example_branch_labels.py
[2024-05-08T13:17:23.124+0000] {processor.py:840} INFO - DAG(s) 'example_branch_labels' retrieved from /home/denys/airflow_venv/lib/python3.12/site-packages/airflow/example_dags/example_branch_labels.py
[2024-05-08T13:17:23.133+0000] {logging_mixin.py:188} INFO - [2024-05-08T13:17:23.133+0000] {dag.py:3096} INFO - Sync 1 DAGs
[2024-05-08T13:17:23.143+0000] {logging_mixin.py:188} INFO - [2024-05-08T13:17:23.143+0000] {dag.py:3954} INFO - Setting next_dagrun for example_branch_labels to 2024-05-07 00:00:00+00:00, run_after=2024-05-08 00:00:00+00:00
[2024-05-08T13:17:23.166+0000] {processor.py:183} INFO - Processing /home/denys/airflow_venv/lib/python3.12/site-packages/airflow/example_dags/example_branch_labels.py took 0.053 seconds
[2024-05-08T13:19:45.345+0000] {processor.py:161} INFO - Started process (PID=2347) to work on /home/denys/airflow_venv/lib/python3.12/site-packages/airflow/example_dags/example_branch_labels.py
[2024-05-08T13:19:45.352+0000] {processor.py:830} INFO - Processing file /home/denys/airflow_venv/lib/python3.12/site-packages/airflow/example_dags/example_branch_labels.py for tasks to queue
[2024-05-08T13:19:45.353+0000] {logging_mixin.py:188} INFO - [2024-05-08T13:19:45.353+0000] {dagbag.py:545} INFO - Filling up the DagBag from /home/denys/airflow_venv/lib/python3.12/site-packages/airflow/example_dags/example_branch_labels.py
[2024-05-08T13:19:45.358+0000] {processor.py:840} INFO - DAG(s) 'example_branch_labels' retrieved from /home/denys/airflow_venv/lib/python3.12/site-packages/airflow/example_dags/example_branch_labels.py
[2024-05-08T13:19:45.407+0000] {logging_mixin.py:188} INFO - [2024-05-08T13:19:45.407+0000] {dag.py:3096} INFO - Sync 1 DAGs
[2024-05-08T13:19:45.415+0000] {logging_mixin.py:188} INFO - [2024-05-08T13:19:45.415+0000] {dag.py:3954} INFO - Setting next_dagrun for example_branch_labels to 2024-05-07 00:00:00+00:00, run_after=2024-05-08 00:00:00+00:00
[2024-05-08T13:19:45.431+0000] {processor.py:183} INFO - Processing /home/denys/airflow_venv/lib/python3.12/site-packages/airflow/example_dags/example_branch_labels.py took 0.089 seconds
[2024-05-08T13:20:36.173+0000] {processor.py:161} INFO - Started process (PID=2404) to work on /home/denys/airflow_venv/lib/python3.12/site-packages/airflow/example_dags/example_branch_labels.py
[2024-05-08T13:20:36.176+0000] {processor.py:830} INFO - Processing file /home/denys/airflow_venv/lib/python3.12/site-packages/airflow/example_dags/example_branch_labels.py for tasks to queue
[2024-05-08T13:20:36.177+0000] {logging_mixin.py:188} INFO - [2024-05-08T13:20:36.177+0000] {dagbag.py:545} INFO - Filling up the DagBag from /home/denys/airflow_venv/lib/python3.12/site-packages/airflow/example_dags/example_branch_labels.py
[2024-05-08T13:20:36.182+0000] {processor.py:840} INFO - DAG(s) 'example_branch_labels' retrieved from /home/denys/airflow_venv/lib/python3.12/site-packages/airflow/example_dags/example_branch_labels.py
[2024-05-08T13:20:36.194+0000] {logging_mixin.py:188} INFO - [2024-05-08T13:20:36.193+0000] {dag.py:3096} INFO - Sync 1 DAGs
[2024-05-08T13:20:36.205+0000] {logging_mixin.py:188} INFO - [2024-05-08T13:20:36.205+0000] {dag.py:3954} INFO - Setting next_dagrun for example_branch_labels to 2024-05-07 00:00:00+00:00, run_after=2024-05-08 00:00:00+00:00
[2024-05-08T13:20:36.225+0000] {processor.py:183} INFO - Processing /home/denys/airflow_venv/lib/python3.12/site-packages/airflow/example_dags/example_branch_labels.py took 0.054 seconds
[2024-05-08T13:21:39.675+0000] {processor.py:161} INFO - Started process (PID=2468) to work on /home/denys/airflow_venv/lib/python3.12/site-packages/airflow/example_dags/example_branch_labels.py
[2024-05-08T13:21:39.682+0000] {processor.py:830} INFO - Processing file /home/denys/airflow_venv/lib/python3.12/site-packages/airflow/example_dags/example_branch_labels.py for tasks to queue
[2024-05-08T13:21:39.683+0000] {logging_mixin.py:188} INFO - [2024-05-08T13:21:39.683+0000] {dagbag.py:545} INFO - Filling up the DagBag from /home/denys/airflow_venv/lib/python3.12/site-packages/airflow/example_dags/example_branch_labels.py
[2024-05-08T13:21:39.688+0000] {processor.py:840} INFO - DAG(s) 'example_branch_labels' retrieved from /home/denys/airflow_venv/lib/python3.12/site-packages/airflow/example_dags/example_branch_labels.py
[2024-05-08T13:21:39.699+0000] {logging_mixin.py:188} INFO - [2024-05-08T13:21:39.699+0000] {dag.py:3096} INFO - Sync 1 DAGs
[2024-05-08T13:21:39.710+0000] {logging_mixin.py:188} INFO - [2024-05-08T13:21:39.710+0000] {dag.py:3954} INFO - Setting next_dagrun for example_branch_labels to 2024-05-07 00:00:00+00:00, run_after=2024-05-08 00:00:00+00:00
[2024-05-08T13:21:39.726+0000] {processor.py:183} INFO - Processing /home/denys/airflow_venv/lib/python3.12/site-packages/airflow/example_dags/example_branch_labels.py took 0.056 seconds
[2024-05-08T13:22:44.144+0000] {processor.py:161} INFO - Started process (PID=2535) to work on /home/denys/airflow_venv/lib/python3.12/site-packages/airflow/example_dags/example_branch_labels.py
[2024-05-08T13:22:44.146+0000] {processor.py:830} INFO - Processing file /home/denys/airflow_venv/lib/python3.12/site-packages/airflow/example_dags/example_branch_labels.py for tasks to queue
[2024-05-08T13:22:44.147+0000] {logging_mixin.py:188} INFO - [2024-05-08T13:22:44.147+0000] {dagbag.py:545} INFO - Filling up the DagBag from /home/denys/airflow_venv/lib/python3.12/site-packages/airflow/example_dags/example_branch_labels.py
[2024-05-08T13:22:44.151+0000] {processor.py:840} INFO - DAG(s) 'example_branch_labels' retrieved from /home/denys/airflow_venv/lib/python3.12/site-packages/airflow/example_dags/example_branch_labels.py
[2024-05-08T13:22:44.163+0000] {logging_mixin.py:188} INFO - [2024-05-08T13:22:44.162+0000] {dag.py:3096} INFO - Sync 1 DAGs
[2024-05-08T13:22:44.175+0000] {logging_mixin.py:188} INFO - [2024-05-08T13:22:44.174+0000] {dag.py:3954} INFO - Setting next_dagrun for example_branch_labels to 2024-05-07 00:00:00+00:00, run_after=2024-05-08 00:00:00+00:00
[2024-05-08T13:22:44.190+0000] {processor.py:183} INFO - Processing /home/denys/airflow_venv/lib/python3.12/site-packages/airflow/example_dags/example_branch_labels.py took 0.049 seconds
[2024-05-08T13:23:45.908+0000] {processor.py:161} INFO - Started process (PID=2669) to work on /home/denys/airflow_venv/lib/python3.12/site-packages/airflow/example_dags/example_branch_labels.py
[2024-05-08T13:23:45.910+0000] {processor.py:830} INFO - Processing file /home/denys/airflow_venv/lib/python3.12/site-packages/airflow/example_dags/example_branch_labels.py for tasks to queue
[2024-05-08T13:23:45.911+0000] {logging_mixin.py:188} INFO - [2024-05-08T13:23:45.910+0000] {dagbag.py:545} INFO - Filling up the DagBag from /home/denys/airflow_venv/lib/python3.12/site-packages/airflow/example_dags/example_branch_labels.py
[2024-05-08T13:23:45.915+0000] {processor.py:840} INFO - DAG(s) 'example_branch_labels' retrieved from /home/denys/airflow_venv/lib/python3.12/site-packages/airflow/example_dags/example_branch_labels.py
[2024-05-08T13:23:45.926+0000] {logging_mixin.py:188} INFO - [2024-05-08T13:23:45.926+0000] {dag.py:3096} INFO - Sync 1 DAGs
[2024-05-08T13:23:45.937+0000] {logging_mixin.py:188} INFO - [2024-05-08T13:23:45.937+0000] {dag.py:3954} INFO - Setting next_dagrun for example_branch_labels to 2024-05-07 00:00:00+00:00, run_after=2024-05-08 00:00:00+00:00
[2024-05-08T13:23:45.959+0000] {processor.py:183} INFO - Processing /home/denys/airflow_venv/lib/python3.12/site-packages/airflow/example_dags/example_branch_labels.py took 0.054 seconds
[2024-05-08T13:24:41.418+0000] {processor.py:161} INFO - Started process (PID=2733) to work on /home/denys/airflow_venv/lib/python3.12/site-packages/airflow/example_dags/example_branch_labels.py
[2024-05-08T13:24:41.419+0000] {processor.py:830} INFO - Processing file /home/denys/airflow_venv/lib/python3.12/site-packages/airflow/example_dags/example_branch_labels.py for tasks to queue
[2024-05-08T13:24:41.420+0000] {logging_mixin.py:188} INFO - [2024-05-08T13:24:41.420+0000] {dagbag.py:545} INFO - Filling up the DagBag from /home/denys/airflow_venv/lib/python3.12/site-packages/airflow/example_dags/example_branch_labels.py
[2024-05-08T13:24:41.425+0000] {processor.py:840} INFO - DAG(s) 'example_branch_labels' retrieved from /home/denys/airflow_venv/lib/python3.12/site-packages/airflow/example_dags/example_branch_labels.py
[2024-05-08T13:24:41.435+0000] {logging_mixin.py:188} INFO - [2024-05-08T13:24:41.435+0000] {dag.py:3096} INFO - Sync 1 DAGs
[2024-05-08T13:24:41.449+0000] {logging_mixin.py:188} INFO - [2024-05-08T13:24:41.449+0000] {dag.py:3954} INFO - Setting next_dagrun for example_branch_labels to 2024-05-07 00:00:00+00:00, run_after=2024-05-08 00:00:00+00:00
[2024-05-08T13:24:41.464+0000] {processor.py:183} INFO - Processing /home/denys/airflow_venv/lib/python3.12/site-packages/airflow/example_dags/example_branch_labels.py took 0.049 seconds
[2024-05-08T13:25:43.157+0000] {processor.py:161} INFO - Started process (PID=2803) to work on /home/denys/airflow_venv/lib/python3.12/site-packages/airflow/example_dags/example_branch_labels.py
[2024-05-08T13:25:43.159+0000] {processor.py:830} INFO - Processing file /home/denys/airflow_venv/lib/python3.12/site-packages/airflow/example_dags/example_branch_labels.py for tasks to queue
[2024-05-08T13:25:43.160+0000] {logging_mixin.py:188} INFO - [2024-05-08T13:25:43.160+0000] {dagbag.py:545} INFO - Filling up the DagBag from /home/denys/airflow_venv/lib/python3.12/site-packages/airflow/example_dags/example_branch_labels.py
[2024-05-08T13:25:43.165+0000] {processor.py:840} INFO - DAG(s) 'example_branch_labels' retrieved from /home/denys/airflow_venv/lib/python3.12/site-packages/airflow/example_dags/example_branch_labels.py
[2024-05-08T13:25:43.175+0000] {logging_mixin.py:188} INFO - [2024-05-08T13:25:43.175+0000] {dag.py:3096} INFO - Sync 1 DAGs
[2024-05-08T13:25:43.187+0000] {logging_mixin.py:188} INFO - [2024-05-08T13:25:43.187+0000] {dag.py:3954} INFO - Setting next_dagrun for example_branch_labels to 2024-05-07 00:00:00+00:00, run_after=2024-05-08 00:00:00+00:00
[2024-05-08T13:25:43.207+0000] {processor.py:183} INFO - Processing /home/denys/airflow_venv/lib/python3.12/site-packages/airflow/example_dags/example_branch_labels.py took 0.054 seconds
[2024-05-08T13:26:47.535+0000] {processor.py:161} INFO - Started process (PID=2867) to work on /home/denys/airflow_venv/lib/python3.12/site-packages/airflow/example_dags/example_branch_labels.py
[2024-05-08T13:26:47.536+0000] {processor.py:830} INFO - Processing file /home/denys/airflow_venv/lib/python3.12/site-packages/airflow/example_dags/example_branch_labels.py for tasks to queue
[2024-05-08T13:26:47.538+0000] {logging_mixin.py:188} INFO - [2024-05-08T13:26:47.537+0000] {dagbag.py:545} INFO - Filling up the DagBag from /home/denys/airflow_venv/lib/python3.12/site-packages/airflow/example_dags/example_branch_labels.py
[2024-05-08T13:26:47.542+0000] {processor.py:840} INFO - DAG(s) 'example_branch_labels' retrieved from /home/denys/airflow_venv/lib/python3.12/site-packages/airflow/example_dags/example_branch_labels.py
[2024-05-08T13:26:47.552+0000] {logging_mixin.py:188} INFO - [2024-05-08T13:26:47.552+0000] {dag.py:3096} INFO - Sync 1 DAGs
[2024-05-08T13:26:47.562+0000] {logging_mixin.py:188} INFO - [2024-05-08T13:26:47.562+0000] {dag.py:3954} INFO - Setting next_dagrun for example_branch_labels to 2024-05-07 00:00:00+00:00, run_after=2024-05-08 00:00:00+00:00
[2024-05-08T13:26:47.585+0000] {processor.py:183} INFO - Processing /home/denys/airflow_venv/lib/python3.12/site-packages/airflow/example_dags/example_branch_labels.py took 0.054 seconds
[2024-05-08T13:27:52.998+0000] {processor.py:161} INFO - Started process (PID=2934) to work on /home/denys/airflow_venv/lib/python3.12/site-packages/airflow/example_dags/example_branch_labels.py
[2024-05-08T13:27:53.001+0000] {processor.py:830} INFO - Processing file /home/denys/airflow_venv/lib/python3.12/site-packages/airflow/example_dags/example_branch_labels.py for tasks to queue
[2024-05-08T13:27:53.003+0000] {logging_mixin.py:188} INFO - [2024-05-08T13:27:53.002+0000] {dagbag.py:545} INFO - Filling up the DagBag from /home/denys/airflow_venv/lib/python3.12/site-packages/airflow/example_dags/example_branch_labels.py
[2024-05-08T13:27:53.010+0000] {processor.py:840} INFO - DAG(s) 'example_branch_labels' retrieved from /home/denys/airflow_venv/lib/python3.12/site-packages/airflow/example_dags/example_branch_labels.py
[2024-05-08T13:27:53.025+0000] {logging_mixin.py:188} INFO - [2024-05-08T13:27:53.025+0000] {dag.py:3096} INFO - Sync 1 DAGs
[2024-05-08T13:27:53.040+0000] {logging_mixin.py:188} INFO - [2024-05-08T13:27:53.040+0000] {dag.py:3954} INFO - Setting next_dagrun for example_branch_labels to 2024-05-07 00:00:00+00:00, run_after=2024-05-08 00:00:00+00:00
[2024-05-08T13:27:53.061+0000] {processor.py:183} INFO - Processing /home/denys/airflow_venv/lib/python3.12/site-packages/airflow/example_dags/example_branch_labels.py took 0.068 seconds
[2024-05-08T13:28:56.598+0000] {processor.py:161} INFO - Started process (PID=3055) to work on /home/denys/airflow_venv/lib/python3.12/site-packages/airflow/example_dags/example_branch_labels.py
[2024-05-08T13:28:56.600+0000] {processor.py:830} INFO - Processing file /home/denys/airflow_venv/lib/python3.12/site-packages/airflow/example_dags/example_branch_labels.py for tasks to queue
[2024-05-08T13:28:56.601+0000] {logging_mixin.py:188} INFO - [2024-05-08T13:28:56.601+0000] {dagbag.py:545} INFO - Filling up the DagBag from /home/denys/airflow_venv/lib/python3.12/site-packages/airflow/example_dags/example_branch_labels.py
[2024-05-08T13:28:56.606+0000] {processor.py:840} INFO - DAG(s) 'example_branch_labels' retrieved from /home/denys/airflow_venv/lib/python3.12/site-packages/airflow/example_dags/example_branch_labels.py
[2024-05-08T13:28:56.617+0000] {logging_mixin.py:188} INFO - [2024-05-08T13:28:56.617+0000] {dag.py:3096} INFO - Sync 1 DAGs
[2024-05-08T13:28:56.628+0000] {logging_mixin.py:188} INFO - [2024-05-08T13:28:56.628+0000] {dag.py:3954} INFO - Setting next_dagrun for example_branch_labels to 2024-05-07 00:00:00+00:00, run_after=2024-05-08 00:00:00+00:00
[2024-05-08T13:28:56.643+0000] {processor.py:183} INFO - Processing /home/denys/airflow_venv/lib/python3.12/site-packages/airflow/example_dags/example_branch_labels.py took 0.048 seconds
[2024-05-08T13:29:53.790+0000] {processor.py:161} INFO - Started process (PID=3117) to work on /home/denys/airflow_venv/lib/python3.12/site-packages/airflow/example_dags/example_branch_labels.py
[2024-05-08T13:29:53.791+0000] {processor.py:830} INFO - Processing file /home/denys/airflow_venv/lib/python3.12/site-packages/airflow/example_dags/example_branch_labels.py for tasks to queue
[2024-05-08T13:29:53.793+0000] {logging_mixin.py:188} INFO - [2024-05-08T13:29:53.792+0000] {dagbag.py:545} INFO - Filling up the DagBag from /home/denys/airflow_venv/lib/python3.12/site-packages/airflow/example_dags/example_branch_labels.py
[2024-05-08T13:29:53.797+0000] {processor.py:840} INFO - DAG(s) 'example_branch_labels' retrieved from /home/denys/airflow_venv/lib/python3.12/site-packages/airflow/example_dags/example_branch_labels.py
[2024-05-08T13:29:53.808+0000] {logging_mixin.py:188} INFO - [2024-05-08T13:29:53.808+0000] {dag.py:3096} INFO - Sync 1 DAGs
[2024-05-08T13:29:53.819+0000] {logging_mixin.py:188} INFO - [2024-05-08T13:29:53.819+0000] {dag.py:3954} INFO - Setting next_dagrun for example_branch_labels to 2024-05-07 00:00:00+00:00, run_after=2024-05-08 00:00:00+00:00
[2024-05-08T13:29:53.841+0000] {processor.py:183} INFO - Processing /home/denys/airflow_venv/lib/python3.12/site-packages/airflow/example_dags/example_branch_labels.py took 0.054 seconds
[2024-05-08T13:30:55.583+0000] {processor.py:161} INFO - Started process (PID=3184) to work on /home/denys/airflow_venv/lib/python3.12/site-packages/airflow/example_dags/example_branch_labels.py
[2024-05-08T13:30:55.584+0000] {processor.py:830} INFO - Processing file /home/denys/airflow_venv/lib/python3.12/site-packages/airflow/example_dags/example_branch_labels.py for tasks to queue
[2024-05-08T13:30:55.585+0000] {logging_mixin.py:188} INFO - [2024-05-08T13:30:55.584+0000] {dagbag.py:545} INFO - Filling up the DagBag from /home/denys/airflow_venv/lib/python3.12/site-packages/airflow/example_dags/example_branch_labels.py
[2024-05-08T13:30:55.589+0000] {processor.py:840} INFO - DAG(s) 'example_branch_labels' retrieved from /home/denys/airflow_venv/lib/python3.12/site-packages/airflow/example_dags/example_branch_labels.py
[2024-05-08T13:30:55.599+0000] {logging_mixin.py:188} INFO - [2024-05-08T13:30:55.599+0000] {dag.py:3096} INFO - Sync 1 DAGs
[2024-05-08T13:30:55.609+0000] {logging_mixin.py:188} INFO - [2024-05-08T13:30:55.609+0000] {dag.py:3954} INFO - Setting next_dagrun for example_branch_labels to 2024-05-07 00:00:00+00:00, run_after=2024-05-08 00:00:00+00:00
[2024-05-08T13:30:55.631+0000] {processor.py:183} INFO - Processing /home/denys/airflow_venv/lib/python3.12/site-packages/airflow/example_dags/example_branch_labels.py took 0.052 seconds
[2024-05-08T13:31:56.302+0000] {processor.py:161} INFO - Started process (PID=3247) to work on /home/denys/airflow_venv/lib/python3.12/site-packages/airflow/example_dags/example_branch_labels.py
[2024-05-08T13:31:56.303+0000] {processor.py:830} INFO - Processing file /home/denys/airflow_venv/lib/python3.12/site-packages/airflow/example_dags/example_branch_labels.py for tasks to queue
[2024-05-08T13:31:56.305+0000] {logging_mixin.py:188} INFO - [2024-05-08T13:31:56.304+0000] {dagbag.py:545} INFO - Filling up the DagBag from /home/denys/airflow_venv/lib/python3.12/site-packages/airflow/example_dags/example_branch_labels.py
[2024-05-08T13:31:56.309+0000] {processor.py:840} INFO - DAG(s) 'example_branch_labels' retrieved from /home/denys/airflow_venv/lib/python3.12/site-packages/airflow/example_dags/example_branch_labels.py
[2024-05-08T13:31:56.319+0000] {logging_mixin.py:188} INFO - [2024-05-08T13:31:56.319+0000] {dag.py:3096} INFO - Sync 1 DAGs
[2024-05-08T13:31:56.331+0000] {logging_mixin.py:188} INFO - [2024-05-08T13:31:56.331+0000] {dag.py:3954} INFO - Setting next_dagrun for example_branch_labels to 2024-05-07 00:00:00+00:00, run_after=2024-05-08 00:00:00+00:00
[2024-05-08T13:31:56.353+0000] {processor.py:183} INFO - Processing /home/denys/airflow_venv/lib/python3.12/site-packages/airflow/example_dags/example_branch_labels.py took 0.054 seconds
[2024-05-08T13:33:02.983+0000] {processor.py:161} INFO - Started process (PID=3314) to work on /home/denys/airflow_venv/lib/python3.12/site-packages/airflow/example_dags/example_branch_labels.py
[2024-05-08T13:33:02.984+0000] {processor.py:830} INFO - Processing file /home/denys/airflow_venv/lib/python3.12/site-packages/airflow/example_dags/example_branch_labels.py for tasks to queue
[2024-05-08T13:33:02.985+0000] {logging_mixin.py:188} INFO - [2024-05-08T13:33:02.985+0000] {dagbag.py:545} INFO - Filling up the DagBag from /home/denys/airflow_venv/lib/python3.12/site-packages/airflow/example_dags/example_branch_labels.py
[2024-05-08T13:33:02.990+0000] {processor.py:840} INFO - DAG(s) 'example_branch_labels' retrieved from /home/denys/airflow_venv/lib/python3.12/site-packages/airflow/example_dags/example_branch_labels.py
[2024-05-08T13:33:03.000+0000] {logging_mixin.py:188} INFO - [2024-05-08T13:33:03.000+0000] {dag.py:3096} INFO - Sync 1 DAGs
[2024-05-08T13:33:03.017+0000] {logging_mixin.py:188} INFO - [2024-05-08T13:33:03.016+0000] {dag.py:3954} INFO - Setting next_dagrun for example_branch_labels to 2024-05-07 00:00:00+00:00, run_after=2024-05-08 00:00:00+00:00
[2024-05-08T13:33:03.042+0000] {processor.py:183} INFO - Processing /home/denys/airflow_venv/lib/python3.12/site-packages/airflow/example_dags/example_branch_labels.py took 0.062 seconds
[2024-05-08T13:34:06.601+0000] {processor.py:161} INFO - Started process (PID=3384) to work on /home/denys/airflow_venv/lib/python3.12/site-packages/airflow/example_dags/example_branch_labels.py
[2024-05-08T13:34:06.603+0000] {processor.py:830} INFO - Processing file /home/denys/airflow_venv/lib/python3.12/site-packages/airflow/example_dags/example_branch_labels.py for tasks to queue
[2024-05-08T13:34:06.604+0000] {logging_mixin.py:188} INFO - [2024-05-08T13:34:06.604+0000] {dagbag.py:545} INFO - Filling up the DagBag from /home/denys/airflow_venv/lib/python3.12/site-packages/airflow/example_dags/example_branch_labels.py
[2024-05-08T13:34:06.609+0000] {processor.py:840} INFO - DAG(s) 'example_branch_labels' retrieved from /home/denys/airflow_venv/lib/python3.12/site-packages/airflow/example_dags/example_branch_labels.py
[2024-05-08T13:34:06.620+0000] {logging_mixin.py:188} INFO - [2024-05-08T13:34:06.620+0000] {dag.py:3096} INFO - Sync 1 DAGs
[2024-05-08T13:34:06.631+0000] {logging_mixin.py:188} INFO - [2024-05-08T13:34:06.631+0000] {dag.py:3954} INFO - Setting next_dagrun for example_branch_labels to 2024-05-07 00:00:00+00:00, run_after=2024-05-08 00:00:00+00:00
[2024-05-08T13:34:06.652+0000] {processor.py:183} INFO - Processing /home/denys/airflow_venv/lib/python3.12/site-packages/airflow/example_dags/example_branch_labels.py took 0.054 seconds
[2024-05-08T13:35:07.845+0000] {processor.py:161} INFO - Started process (PID=3450) to work on /home/denys/airflow_venv/lib/python3.12/site-packages/airflow/example_dags/example_branch_labels.py
[2024-05-08T13:35:07.846+0000] {processor.py:830} INFO - Processing file /home/denys/airflow_venv/lib/python3.12/site-packages/airflow/example_dags/example_branch_labels.py for tasks to queue
[2024-05-08T13:35:07.847+0000] {logging_mixin.py:188} INFO - [2024-05-08T13:35:07.847+0000] {dagbag.py:545} INFO - Filling up the DagBag from /home/denys/airflow_venv/lib/python3.12/site-packages/airflow/example_dags/example_branch_labels.py
[2024-05-08T13:35:07.852+0000] {processor.py:840} INFO - DAG(s) 'example_branch_labels' retrieved from /home/denys/airflow_venv/lib/python3.12/site-packages/airflow/example_dags/example_branch_labels.py
[2024-05-08T13:35:07.864+0000] {logging_mixin.py:188} INFO - [2024-05-08T13:35:07.863+0000] {dag.py:3096} INFO - Sync 1 DAGs
[2024-05-08T13:35:07.876+0000] {logging_mixin.py:188} INFO - [2024-05-08T13:35:07.876+0000] {dag.py:3954} INFO - Setting next_dagrun for example_branch_labels to 2024-05-07 00:00:00+00:00, run_after=2024-05-08 00:00:00+00:00
[2024-05-08T13:35:07.897+0000] {processor.py:183} INFO - Processing /home/denys/airflow_venv/lib/python3.12/site-packages/airflow/example_dags/example_branch_labels.py took 0.056 seconds
[2024-05-08T13:36:07.621+0000] {processor.py:161} INFO - Started process (PID=3512) to work on /home/denys/airflow_venv/lib/python3.12/site-packages/airflow/example_dags/example_branch_labels.py
[2024-05-08T13:36:07.623+0000] {processor.py:830} INFO - Processing file /home/denys/airflow_venv/lib/python3.12/site-packages/airflow/example_dags/example_branch_labels.py for tasks to queue
[2024-05-08T13:36:07.624+0000] {logging_mixin.py:188} INFO - [2024-05-08T13:36:07.623+0000] {dagbag.py:545} INFO - Filling up the DagBag from /home/denys/airflow_venv/lib/python3.12/site-packages/airflow/example_dags/example_branch_labels.py
[2024-05-08T13:36:07.629+0000] {processor.py:840} INFO - DAG(s) 'example_branch_labels' retrieved from /home/denys/airflow_venv/lib/python3.12/site-packages/airflow/example_dags/example_branch_labels.py
[2024-05-08T13:36:07.638+0000] {logging_mixin.py:188} INFO - [2024-05-08T13:36:07.638+0000] {dag.py:3096} INFO - Sync 1 DAGs
[2024-05-08T13:36:07.648+0000] {logging_mixin.py:188} INFO - [2024-05-08T13:36:07.648+0000] {dag.py:3954} INFO - Setting next_dagrun for example_branch_labels to 2024-05-07 00:00:00+00:00, run_after=2024-05-08 00:00:00+00:00
[2024-05-08T13:36:07.670+0000] {processor.py:183} INFO - Processing /home/denys/airflow_venv/lib/python3.12/site-packages/airflow/example_dags/example_branch_labels.py took 0.052 seconds
[2024-05-08T13:37:10.766+0000] {processor.py:161} INFO - Started process (PID=3578) to work on /home/denys/airflow_venv/lib/python3.12/site-packages/airflow/example_dags/example_branch_labels.py
[2024-05-08T13:37:10.768+0000] {processor.py:830} INFO - Processing file /home/denys/airflow_venv/lib/python3.12/site-packages/airflow/example_dags/example_branch_labels.py for tasks to queue
[2024-05-08T13:37:10.769+0000] {logging_mixin.py:188} INFO - [2024-05-08T13:37:10.768+0000] {dagbag.py:545} INFO - Filling up the DagBag from /home/denys/airflow_venv/lib/python3.12/site-packages/airflow/example_dags/example_branch_labels.py
[2024-05-08T13:37:10.773+0000] {processor.py:840} INFO - DAG(s) 'example_branch_labels' retrieved from /home/denys/airflow_venv/lib/python3.12/site-packages/airflow/example_dags/example_branch_labels.py
[2024-05-08T13:37:10.783+0000] {logging_mixin.py:188} INFO - [2024-05-08T13:37:10.783+0000] {dag.py:3096} INFO - Sync 1 DAGs
[2024-05-08T13:37:10.793+0000] {logging_mixin.py:188} INFO - [2024-05-08T13:37:10.793+0000] {dag.py:3954} INFO - Setting next_dagrun for example_branch_labels to 2024-05-07 00:00:00+00:00, run_after=2024-05-08 00:00:00+00:00
[2024-05-08T13:37:10.809+0000] {processor.py:183} INFO - Processing /home/denys/airflow_venv/lib/python3.12/site-packages/airflow/example_dags/example_branch_labels.py took 0.046 seconds
[2024-05-08T13:38:19.602+0000] {processor.py:161} INFO - Started process (PID=3647) to work on /home/denys/airflow_venv/lib/python3.12/site-packages/airflow/example_dags/example_branch_labels.py
[2024-05-08T13:38:19.604+0000] {processor.py:830} INFO - Processing file /home/denys/airflow_venv/lib/python3.12/site-packages/airflow/example_dags/example_branch_labels.py for tasks to queue
[2024-05-08T13:38:19.605+0000] {logging_mixin.py:188} INFO - [2024-05-08T13:38:19.604+0000] {dagbag.py:545} INFO - Filling up the DagBag from /home/denys/airflow_venv/lib/python3.12/site-packages/airflow/example_dags/example_branch_labels.py
[2024-05-08T13:38:19.610+0000] {processor.py:840} INFO - DAG(s) 'example_branch_labels' retrieved from /home/denys/airflow_venv/lib/python3.12/site-packages/airflow/example_dags/example_branch_labels.py
[2024-05-08T13:38:19.620+0000] {logging_mixin.py:188} INFO - [2024-05-08T13:38:19.620+0000] {dag.py:3096} INFO - Sync 1 DAGs
[2024-05-08T13:38:19.631+0000] {logging_mixin.py:188} INFO - [2024-05-08T13:38:19.631+0000] {dag.py:3954} INFO - Setting next_dagrun for example_branch_labels to 2024-05-07 00:00:00+00:00, run_after=2024-05-08 00:00:00+00:00
[2024-05-08T13:38:19.654+0000] {processor.py:183} INFO - Processing /home/denys/airflow_venv/lib/python3.12/site-packages/airflow/example_dags/example_branch_labels.py took 0.056 seconds
[2024-05-08T13:39:20.878+0000] {processor.py:161} INFO - Started process (PID=3712) to work on /home/denys/airflow_venv/lib/python3.12/site-packages/airflow/example_dags/example_branch_labels.py
[2024-05-08T13:39:20.879+0000] {processor.py:830} INFO - Processing file /home/denys/airflow_venv/lib/python3.12/site-packages/airflow/example_dags/example_branch_labels.py for tasks to queue
[2024-05-08T13:39:20.880+0000] {logging_mixin.py:188} INFO - [2024-05-08T13:39:20.879+0000] {dagbag.py:545} INFO - Filling up the DagBag from /home/denys/airflow_venv/lib/python3.12/site-packages/airflow/example_dags/example_branch_labels.py
[2024-05-08T13:39:20.884+0000] {processor.py:840} INFO - DAG(s) 'example_branch_labels' retrieved from /home/denys/airflow_venv/lib/python3.12/site-packages/airflow/example_dags/example_branch_labels.py
[2024-05-08T13:39:20.895+0000] {logging_mixin.py:188} INFO - [2024-05-08T13:39:20.895+0000] {dag.py:3096} INFO - Sync 1 DAGs
[2024-05-08T13:39:20.906+0000] {logging_mixin.py:188} INFO - [2024-05-08T13:39:20.906+0000] {dag.py:3954} INFO - Setting next_dagrun for example_branch_labels to 2024-05-07 00:00:00+00:00, run_after=2024-05-08 00:00:00+00:00
[2024-05-08T13:39:20.928+0000] {processor.py:183} INFO - Processing /home/denys/airflow_venv/lib/python3.12/site-packages/airflow/example_dags/example_branch_labels.py took 0.053 seconds
[2024-05-08T13:40:15.456+0000] {processor.py:161} INFO - Started process (PID=3766) to work on /home/denys/airflow_venv/lib/python3.12/site-packages/airflow/example_dags/example_branch_labels.py
[2024-05-08T13:40:15.457+0000] {processor.py:830} INFO - Processing file /home/denys/airflow_venv/lib/python3.12/site-packages/airflow/example_dags/example_branch_labels.py for tasks to queue
[2024-05-08T13:40:15.458+0000] {logging_mixin.py:188} INFO - [2024-05-08T13:40:15.458+0000] {dagbag.py:545} INFO - Filling up the DagBag from /home/denys/airflow_venv/lib/python3.12/site-packages/airflow/example_dags/example_branch_labels.py
[2024-05-08T13:40:15.463+0000] {processor.py:840} INFO - DAG(s) 'example_branch_labels' retrieved from /home/denys/airflow_venv/lib/python3.12/site-packages/airflow/example_dags/example_branch_labels.py
[2024-05-08T13:40:15.472+0000] {logging_mixin.py:188} INFO - [2024-05-08T13:40:15.472+0000] {dag.py:3096} INFO - Sync 1 DAGs
[2024-05-08T13:40:15.482+0000] {logging_mixin.py:188} INFO - [2024-05-08T13:40:15.482+0000] {dag.py:3954} INFO - Setting next_dagrun for example_branch_labels to 2024-05-07 00:00:00+00:00, run_after=2024-05-08 00:00:00+00:00
[2024-05-08T13:40:15.503+0000] {processor.py:183} INFO - Processing /home/denys/airflow_venv/lib/python3.12/site-packages/airflow/example_dags/example_branch_labels.py took 0.051 seconds
[2024-05-08T13:41:26.576+0000] {processor.py:161} INFO - Started process (PID=3835) to work on /home/denys/airflow_venv/lib/python3.12/site-packages/airflow/example_dags/example_branch_labels.py
[2024-05-08T13:41:26.577+0000] {processor.py:830} INFO - Processing file /home/denys/airflow_venv/lib/python3.12/site-packages/airflow/example_dags/example_branch_labels.py for tasks to queue
[2024-05-08T13:41:26.578+0000] {logging_mixin.py:188} INFO - [2024-05-08T13:41:26.577+0000] {dagbag.py:545} INFO - Filling up the DagBag from /home/denys/airflow_venv/lib/python3.12/site-packages/airflow/example_dags/example_branch_labels.py
[2024-05-08T13:41:26.582+0000] {processor.py:840} INFO - DAG(s) 'example_branch_labels' retrieved from /home/denys/airflow_venv/lib/python3.12/site-packages/airflow/example_dags/example_branch_labels.py
[2024-05-08T13:41:26.593+0000] {logging_mixin.py:188} INFO - [2024-05-08T13:41:26.592+0000] {dag.py:3096} INFO - Sync 1 DAGs
[2024-05-08T13:41:26.605+0000] {logging_mixin.py:188} INFO - [2024-05-08T13:41:26.605+0000] {dag.py:3954} INFO - Setting next_dagrun for example_branch_labels to 2024-05-07 00:00:00+00:00, run_after=2024-05-08 00:00:00+00:00
[2024-05-08T13:41:26.622+0000] {processor.py:183} INFO - Processing /home/denys/airflow_venv/lib/python3.12/site-packages/airflow/example_dags/example_branch_labels.py took 0.050 seconds
[2024-05-08T13:42:32.091+0000] {processor.py:161} INFO - Started process (PID=3901) to work on /home/denys/airflow_venv/lib/python3.12/site-packages/airflow/example_dags/example_branch_labels.py
[2024-05-08T13:42:32.092+0000] {processor.py:830} INFO - Processing file /home/denys/airflow_venv/lib/python3.12/site-packages/airflow/example_dags/example_branch_labels.py for tasks to queue
[2024-05-08T13:42:32.093+0000] {logging_mixin.py:188} INFO - [2024-05-08T13:42:32.093+0000] {dagbag.py:545} INFO - Filling up the DagBag from /home/denys/airflow_venv/lib/python3.12/site-packages/airflow/example_dags/example_branch_labels.py
[2024-05-08T13:42:32.097+0000] {processor.py:840} INFO - DAG(s) 'example_branch_labels' retrieved from /home/denys/airflow_venv/lib/python3.12/site-packages/airflow/example_dags/example_branch_labels.py
[2024-05-08T13:42:32.107+0000] {logging_mixin.py:188} INFO - [2024-05-08T13:42:32.107+0000] {dag.py:3096} INFO - Sync 1 DAGs
[2024-05-08T13:42:32.178+0000] {logging_mixin.py:188} INFO - [2024-05-08T13:42:32.178+0000] {dag.py:3954} INFO - Setting next_dagrun for example_branch_labels to 2024-05-07 00:00:00+00:00, run_after=2024-05-08 00:00:00+00:00
[2024-05-08T13:42:32.198+0000] {processor.py:183} INFO - Processing /home/denys/airflow_venv/lib/python3.12/site-packages/airflow/example_dags/example_branch_labels.py took 0.110 seconds
