[2024-05-08T13:11:34.514+0000] {processor.py:161} INFO - Started process (PID=1849) to work on /home/denys/airflow_venv/lib/python3.12/site-packages/airflow/example_dags/example_params_ui_tutorial.py
[2024-05-08T13:11:34.518+0000] {processor.py:830} INFO - Processing file /home/denys/airflow_venv/lib/python3.12/site-packages/airflow/example_dags/example_params_ui_tutorial.py for tasks to queue
[2024-05-08T13:11:34.523+0000] {logging_mixin.py:188} INFO - [2024-05-08T13:11:34.521+0000] {dagbag.py:545} INFO - Filling up the DagBag from /home/denys/airflow_venv/lib/python3.12/site-packages/airflow/example_dags/example_params_ui_tutorial.py
[2024-05-08T13:11:34.537+0000] {processor.py:840} INFO - DAG(s) 'example_params_ui_tutorial' retrieved from /home/denys/airflow_venv/lib/python3.12/site-packages/airflow/example_dags/example_params_ui_tutorial.py
[2024-05-08T13:11:35.523+0000] {logging_mixin.py:188} INFO - [2024-05-08T13:11:35.522+0000] {override.py:1829} INFO - Created Permission View: can delete on DAG:example_params_ui_tutorial
[2024-05-08T13:11:35.534+0000] {logging_mixin.py:188} INFO - [2024-05-08T13:11:35.533+0000] {override.py:1829} INFO - Created Permission View: can edit on DAG:example_params_ui_tutorial
[2024-05-08T13:11:35.542+0000] {logging_mixin.py:188} INFO - [2024-05-08T13:11:35.542+0000] {override.py:1829} INFO - Created Permission View: can read on DAG:example_params_ui_tutorial
[2024-05-08T13:11:35.542+0000] {logging_mixin.py:188} INFO - [2024-05-08T13:11:35.542+0000] {dag.py:3096} INFO - Sync 1 DAGs
[2024-05-08T13:11:35.550+0000] {logging_mixin.py:188} INFO - [2024-05-08T13:11:35.550+0000] {dag.py:3118} INFO - Creating ORM DAG for example_params_ui_tutorial
[2024-05-08T13:11:35.550+0000] {logging_mixin.py:188} INFO - [2024-05-08T13:11:35.550+0000] {dag.py:3954} INFO - Setting next_dagrun for example_params_ui_tutorial to None, run_after=None
[2024-05-08T13:11:35.570+0000] {processor.py:183} INFO - Processing /home/denys/airflow_venv/lib/python3.12/site-packages/airflow/example_dags/example_params_ui_tutorial.py took 1.065 seconds
[2024-05-08T13:12:32.439+0000] {processor.py:161} INFO - Started process (PID=1906) to work on /home/denys/airflow_venv/lib/python3.12/site-packages/airflow/example_dags/example_params_ui_tutorial.py
[2024-05-08T13:12:32.446+0000] {processor.py:830} INFO - Processing file /home/denys/airflow_venv/lib/python3.12/site-packages/airflow/example_dags/example_params_ui_tutorial.py for tasks to queue
[2024-05-08T13:12:32.447+0000] {logging_mixin.py:188} INFO - [2024-05-08T13:12:32.446+0000] {dagbag.py:545} INFO - Filling up the DagBag from /home/denys/airflow_venv/lib/python3.12/site-packages/airflow/example_dags/example_params_ui_tutorial.py
[2024-05-08T13:12:32.453+0000] {processor.py:840} INFO - DAG(s) 'example_params_ui_tutorial' retrieved from /home/denys/airflow_venv/lib/python3.12/site-packages/airflow/example_dags/example_params_ui_tutorial.py
[2024-05-08T13:12:32.474+0000] {logging_mixin.py:188} INFO - [2024-05-08T13:12:32.474+0000] {dag.py:3096} INFO - Sync 1 DAGs
[2024-05-08T13:12:32.480+0000] {logging_mixin.py:188} INFO - [2024-05-08T13:12:32.480+0000] {dag.py:3954} INFO - Setting next_dagrun for example_params_ui_tutorial to None, run_after=None
[2024-05-08T13:12:32.495+0000] {processor.py:183} INFO - Processing /home/denys/airflow_venv/lib/python3.12/site-packages/airflow/example_dags/example_params_ui_tutorial.py took 0.060 seconds
[2024-05-08T13:13:15.419+0000] {processor.py:161} INFO - Started process (PID=1955) to work on /home/denys/airflow_venv/lib/python3.12/site-packages/airflow/example_dags/example_params_ui_tutorial.py
[2024-05-08T13:13:15.420+0000] {processor.py:830} INFO - Processing file /home/denys/airflow_venv/lib/python3.12/site-packages/airflow/example_dags/example_params_ui_tutorial.py for tasks to queue
[2024-05-08T13:13:15.421+0000] {logging_mixin.py:188} INFO - [2024-05-08T13:13:15.420+0000] {dagbag.py:545} INFO - Filling up the DagBag from /home/denys/airflow_venv/lib/python3.12/site-packages/airflow/example_dags/example_params_ui_tutorial.py
[2024-05-08T13:13:15.429+0000] {processor.py:840} INFO - DAG(s) 'example_params_ui_tutorial' retrieved from /home/denys/airflow_venv/lib/python3.12/site-packages/airflow/example_dags/example_params_ui_tutorial.py
[2024-05-08T13:13:15.453+0000] {logging_mixin.py:188} INFO - [2024-05-08T13:13:15.453+0000] {dag.py:3096} INFO - Sync 1 DAGs
[2024-05-08T13:13:15.461+0000] {logging_mixin.py:188} INFO - [2024-05-08T13:13:15.461+0000] {dag.py:3954} INFO - Setting next_dagrun for example_params_ui_tutorial to None, run_after=None
[2024-05-08T13:13:15.484+0000] {processor.py:183} INFO - Processing /home/denys/airflow_venv/lib/python3.12/site-packages/airflow/example_dags/example_params_ui_tutorial.py took 0.069 seconds
[2024-05-08T13:13:57.797+0000] {processor.py:161} INFO - Started process (PID=1999) to work on /home/denys/airflow_venv/lib/python3.12/site-packages/airflow/example_dags/example_params_ui_tutorial.py
[2024-05-08T13:13:57.798+0000] {processor.py:830} INFO - Processing file /home/denys/airflow_venv/lib/python3.12/site-packages/airflow/example_dags/example_params_ui_tutorial.py for tasks to queue
[2024-05-08T13:13:57.799+0000] {logging_mixin.py:188} INFO - [2024-05-08T13:13:57.799+0000] {dagbag.py:545} INFO - Filling up the DagBag from /home/denys/airflow_venv/lib/python3.12/site-packages/airflow/example_dags/example_params_ui_tutorial.py
[2024-05-08T13:13:57.806+0000] {processor.py:840} INFO - DAG(s) 'example_params_ui_tutorial' retrieved from /home/denys/airflow_venv/lib/python3.12/site-packages/airflow/example_dags/example_params_ui_tutorial.py
[2024-05-08T13:13:57.827+0000] {logging_mixin.py:188} INFO - [2024-05-08T13:13:57.827+0000] {dag.py:3096} INFO - Sync 1 DAGs
[2024-05-08T13:13:57.834+0000] {logging_mixin.py:188} INFO - [2024-05-08T13:13:57.834+0000] {dag.py:3954} INFO - Setting next_dagrun for example_params_ui_tutorial to None, run_after=None
[2024-05-08T13:13:57.853+0000] {processor.py:183} INFO - Processing /home/denys/airflow_venv/lib/python3.12/site-packages/airflow/example_dags/example_params_ui_tutorial.py took 0.060 seconds
[2024-05-08T13:14:41.512+0000] {processor.py:161} INFO - Started process (PID=2043) to work on /home/denys/airflow_venv/lib/python3.12/site-packages/airflow/example_dags/example_params_ui_tutorial.py
[2024-05-08T13:14:41.513+0000] {processor.py:830} INFO - Processing file /home/denys/airflow_venv/lib/python3.12/site-packages/airflow/example_dags/example_params_ui_tutorial.py for tasks to queue
[2024-05-08T13:14:41.514+0000] {logging_mixin.py:188} INFO - [2024-05-08T13:14:41.514+0000] {dagbag.py:545} INFO - Filling up the DagBag from /home/denys/airflow_venv/lib/python3.12/site-packages/airflow/example_dags/example_params_ui_tutorial.py
[2024-05-08T13:14:41.521+0000] {processor.py:840} INFO - DAG(s) 'example_params_ui_tutorial' retrieved from /home/denys/airflow_venv/lib/python3.12/site-packages/airflow/example_dags/example_params_ui_tutorial.py
[2024-05-08T13:14:41.545+0000] {logging_mixin.py:188} INFO - [2024-05-08T13:14:41.545+0000] {dag.py:3096} INFO - Sync 1 DAGs
[2024-05-08T13:14:41.551+0000] {logging_mixin.py:188} INFO - [2024-05-08T13:14:41.551+0000] {dag.py:3954} INFO - Setting next_dagrun for example_params_ui_tutorial to None, run_after=None
[2024-05-08T13:14:41.570+0000] {processor.py:183} INFO - Processing /home/denys/airflow_venv/lib/python3.12/site-packages/airflow/example_dags/example_params_ui_tutorial.py took 0.062 seconds
[2024-05-08T13:15:24.075+0000] {processor.py:161} INFO - Started process (PID=2089) to work on /home/denys/airflow_venv/lib/python3.12/site-packages/airflow/example_dags/example_params_ui_tutorial.py
[2024-05-08T13:15:24.076+0000] {processor.py:830} INFO - Processing file /home/denys/airflow_venv/lib/python3.12/site-packages/airflow/example_dags/example_params_ui_tutorial.py for tasks to queue
[2024-05-08T13:15:24.077+0000] {logging_mixin.py:188} INFO - [2024-05-08T13:15:24.076+0000] {dagbag.py:545} INFO - Filling up the DagBag from /home/denys/airflow_venv/lib/python3.12/site-packages/airflow/example_dags/example_params_ui_tutorial.py
[2024-05-08T13:15:24.083+0000] {processor.py:840} INFO - DAG(s) 'example_params_ui_tutorial' retrieved from /home/denys/airflow_venv/lib/python3.12/site-packages/airflow/example_dags/example_params_ui_tutorial.py
[2024-05-08T13:15:24.103+0000] {logging_mixin.py:188} INFO - [2024-05-08T13:15:24.103+0000] {dag.py:3096} INFO - Sync 1 DAGs
[2024-05-08T13:15:24.109+0000] {logging_mixin.py:188} INFO - [2024-05-08T13:15:24.109+0000] {dag.py:3954} INFO - Setting next_dagrun for example_params_ui_tutorial to None, run_after=None
[2024-05-08T13:15:24.132+0000] {processor.py:183} INFO - Processing /home/denys/airflow_venv/lib/python3.12/site-packages/airflow/example_dags/example_params_ui_tutorial.py took 0.061 seconds
[2024-05-08T13:16:05.129+0000] {processor.py:161} INFO - Started process (PID=2133) to work on /home/denys/airflow_venv/lib/python3.12/site-packages/airflow/example_dags/example_params_ui_tutorial.py
[2024-05-08T13:16:05.130+0000] {processor.py:830} INFO - Processing file /home/denys/airflow_venv/lib/python3.12/site-packages/airflow/example_dags/example_params_ui_tutorial.py for tasks to queue
[2024-05-08T13:16:05.132+0000] {logging_mixin.py:188} INFO - [2024-05-08T13:16:05.131+0000] {dagbag.py:545} INFO - Filling up the DagBag from /home/denys/airflow_venv/lib/python3.12/site-packages/airflow/example_dags/example_params_ui_tutorial.py
[2024-05-08T13:16:05.138+0000] {processor.py:840} INFO - DAG(s) 'example_params_ui_tutorial' retrieved from /home/denys/airflow_venv/lib/python3.12/site-packages/airflow/example_dags/example_params_ui_tutorial.py
[2024-05-08T13:16:05.159+0000] {logging_mixin.py:188} INFO - [2024-05-08T13:16:05.159+0000] {dag.py:3096} INFO - Sync 1 DAGs
[2024-05-08T13:16:05.165+0000] {logging_mixin.py:188} INFO - [2024-05-08T13:16:05.165+0000] {dag.py:3954} INFO - Setting next_dagrun for example_params_ui_tutorial to None, run_after=None
[2024-05-08T13:16:05.187+0000] {processor.py:183} INFO - Processing /home/denys/airflow_venv/lib/python3.12/site-packages/airflow/example_dags/example_params_ui_tutorial.py took 0.061 seconds
[2024-05-08T13:16:47.037+0000] {processor.py:161} INFO - Started process (PID=2175) to work on /home/denys/airflow_venv/lib/python3.12/site-packages/airflow/example_dags/example_params_ui_tutorial.py
[2024-05-08T13:16:47.038+0000] {processor.py:830} INFO - Processing file /home/denys/airflow_venv/lib/python3.12/site-packages/airflow/example_dags/example_params_ui_tutorial.py for tasks to queue
[2024-05-08T13:16:47.039+0000] {logging_mixin.py:188} INFO - [2024-05-08T13:16:47.039+0000] {dagbag.py:545} INFO - Filling up the DagBag from /home/denys/airflow_venv/lib/python3.12/site-packages/airflow/example_dags/example_params_ui_tutorial.py
[2024-05-08T13:16:47.047+0000] {processor.py:840} INFO - DAG(s) 'example_params_ui_tutorial' retrieved from /home/denys/airflow_venv/lib/python3.12/site-packages/airflow/example_dags/example_params_ui_tutorial.py
[2024-05-08T13:16:47.071+0000] {logging_mixin.py:188} INFO - [2024-05-08T13:16:47.071+0000] {dag.py:3096} INFO - Sync 1 DAGs
[2024-05-08T13:16:47.078+0000] {logging_mixin.py:188} INFO - [2024-05-08T13:16:47.078+0000] {dag.py:3954} INFO - Setting next_dagrun for example_params_ui_tutorial to None, run_after=None
[2024-05-08T13:16:47.103+0000] {processor.py:183} INFO - Processing /home/denys/airflow_venv/lib/python3.12/site-packages/airflow/example_dags/example_params_ui_tutorial.py took 0.070 seconds
[2024-05-08T13:17:29.973+0000] {processor.py:161} INFO - Started process (PID=2224) to work on /home/denys/airflow_venv/lib/python3.12/site-packages/airflow/example_dags/example_params_ui_tutorial.py
[2024-05-08T13:17:29.975+0000] {processor.py:830} INFO - Processing file /home/denys/airflow_venv/lib/python3.12/site-packages/airflow/example_dags/example_params_ui_tutorial.py for tasks to queue
[2024-05-08T13:17:29.976+0000] {logging_mixin.py:188} INFO - [2024-05-08T13:17:29.975+0000] {dagbag.py:545} INFO - Filling up the DagBag from /home/denys/airflow_venv/lib/python3.12/site-packages/airflow/example_dags/example_params_ui_tutorial.py
[2024-05-08T13:17:29.986+0000] {processor.py:840} INFO - DAG(s) 'example_params_ui_tutorial' retrieved from /home/denys/airflow_venv/lib/python3.12/site-packages/airflow/example_dags/example_params_ui_tutorial.py
[2024-05-08T13:17:30.008+0000] {logging_mixin.py:188} INFO - [2024-05-08T13:17:30.007+0000] {dag.py:3096} INFO - Sync 1 DAGs
[2024-05-08T13:17:30.014+0000] {logging_mixin.py:188} INFO - [2024-05-08T13:17:30.014+0000] {dag.py:3954} INFO - Setting next_dagrun for example_params_ui_tutorial to None, run_after=None
[2024-05-08T13:17:30.037+0000] {processor.py:183} INFO - Processing /home/denys/airflow_venv/lib/python3.12/site-packages/airflow/example_dags/example_params_ui_tutorial.py took 0.068 seconds
[2024-05-08T13:18:14.842+0000] {processor.py:161} INFO - Started process (PID=2269) to work on /home/denys/airflow_venv/lib/python3.12/site-packages/airflow/example_dags/example_params_ui_tutorial.py
[2024-05-08T13:18:14.843+0000] {processor.py:830} INFO - Processing file /home/denys/airflow_venv/lib/python3.12/site-packages/airflow/example_dags/example_params_ui_tutorial.py for tasks to queue
[2024-05-08T13:18:14.845+0000] {logging_mixin.py:188} INFO - [2024-05-08T13:18:14.844+0000] {dagbag.py:545} INFO - Filling up the DagBag from /home/denys/airflow_venv/lib/python3.12/site-packages/airflow/example_dags/example_params_ui_tutorial.py
[2024-05-08T13:18:14.852+0000] {processor.py:840} INFO - DAG(s) 'example_params_ui_tutorial' retrieved from /home/denys/airflow_venv/lib/python3.12/site-packages/airflow/example_dags/example_params_ui_tutorial.py
[2024-05-08T13:18:14.872+0000] {logging_mixin.py:188} INFO - [2024-05-08T13:18:14.872+0000] {dag.py:3096} INFO - Sync 1 DAGs
[2024-05-08T13:18:14.877+0000] {logging_mixin.py:188} INFO - [2024-05-08T13:18:14.877+0000] {dag.py:3954} INFO - Setting next_dagrun for example_params_ui_tutorial to None, run_after=None
[2024-05-08T13:18:14.900+0000] {processor.py:183} INFO - Processing /home/denys/airflow_venv/lib/python3.12/site-packages/airflow/example_dags/example_params_ui_tutorial.py took 0.061 seconds
[2024-05-08T13:19:07.243+0000] {processor.py:161} INFO - Started process (PID=2306) to work on /home/denys/airflow_venv/lib/python3.12/site-packages/airflow/example_dags/example_params_ui_tutorial.py
[2024-05-08T13:19:07.245+0000] {processor.py:830} INFO - Processing file /home/denys/airflow_venv/lib/python3.12/site-packages/airflow/example_dags/example_params_ui_tutorial.py for tasks to queue
[2024-05-08T13:19:07.246+0000] {logging_mixin.py:188} INFO - [2024-05-08T13:19:07.246+0000] {dagbag.py:545} INFO - Filling up the DagBag from /home/denys/airflow_venv/lib/python3.12/site-packages/airflow/example_dags/example_params_ui_tutorial.py
[2024-05-08T13:19:07.253+0000] {processor.py:840} INFO - DAG(s) 'example_params_ui_tutorial' retrieved from /home/denys/airflow_venv/lib/python3.12/site-packages/airflow/example_dags/example_params_ui_tutorial.py
[2024-05-08T13:19:07.258+0000] {logging_mixin.py:188} INFO - [2024-05-08T13:19:07.258+0000] {dag.py:3096} INFO - Sync 1 DAGs
[2024-05-08T13:19:07.265+0000] {logging_mixin.py:188} INFO - [2024-05-08T13:19:07.265+0000] {dag.py:3954} INFO - Setting next_dagrun for example_params_ui_tutorial to None, run_after=None
[2024-05-08T13:19:07.333+0000] {processor.py:183} INFO - Processing /home/denys/airflow_venv/lib/python3.12/site-packages/airflow/example_dags/example_params_ui_tutorial.py took 0.093 seconds
[2024-05-08T13:19:58.486+0000] {processor.py:161} INFO - Started process (PID=2362) to work on /home/denys/airflow_venv/lib/python3.12/site-packages/airflow/example_dags/example_params_ui_tutorial.py
[2024-05-08T13:19:58.487+0000] {processor.py:830} INFO - Processing file /home/denys/airflow_venv/lib/python3.12/site-packages/airflow/example_dags/example_params_ui_tutorial.py for tasks to queue
[2024-05-08T13:19:58.488+0000] {logging_mixin.py:188} INFO - [2024-05-08T13:19:58.488+0000] {dagbag.py:545} INFO - Filling up the DagBag from /home/denys/airflow_venv/lib/python3.12/site-packages/airflow/example_dags/example_params_ui_tutorial.py
[2024-05-08T13:19:58.495+0000] {processor.py:840} INFO - DAG(s) 'example_params_ui_tutorial' retrieved from /home/denys/airflow_venv/lib/python3.12/site-packages/airflow/example_dags/example_params_ui_tutorial.py
[2024-05-08T13:19:58.555+0000] {logging_mixin.py:188} INFO - [2024-05-08T13:19:58.555+0000] {dag.py:3096} INFO - Sync 1 DAGs
[2024-05-08T13:19:58.559+0000] {logging_mixin.py:188} INFO - [2024-05-08T13:19:58.559+0000] {dag.py:3954} INFO - Setting next_dagrun for example_params_ui_tutorial to None, run_after=None
[2024-05-08T13:19:58.585+0000] {processor.py:183} INFO - Processing /home/denys/airflow_venv/lib/python3.12/site-packages/airflow/example_dags/example_params_ui_tutorial.py took 0.102 seconds
[2024-05-08T13:20:39.045+0000] {processor.py:161} INFO - Started process (PID=2408) to work on /home/denys/airflow_venv/lib/python3.12/site-packages/airflow/example_dags/example_params_ui_tutorial.py
[2024-05-08T13:20:39.046+0000] {processor.py:830} INFO - Processing file /home/denys/airflow_venv/lib/python3.12/site-packages/airflow/example_dags/example_params_ui_tutorial.py for tasks to queue
[2024-05-08T13:20:39.047+0000] {logging_mixin.py:188} INFO - [2024-05-08T13:20:39.047+0000] {dagbag.py:545} INFO - Filling up the DagBag from /home/denys/airflow_venv/lib/python3.12/site-packages/airflow/example_dags/example_params_ui_tutorial.py
[2024-05-08T13:20:39.055+0000] {processor.py:840} INFO - DAG(s) 'example_params_ui_tutorial' retrieved from /home/denys/airflow_venv/lib/python3.12/site-packages/airflow/example_dags/example_params_ui_tutorial.py
[2024-05-08T13:20:39.078+0000] {logging_mixin.py:188} INFO - [2024-05-08T13:20:39.078+0000] {dag.py:3096} INFO - Sync 1 DAGs
[2024-05-08T13:20:39.086+0000] {logging_mixin.py:188} INFO - [2024-05-08T13:20:39.086+0000] {dag.py:3954} INFO - Setting next_dagrun for example_params_ui_tutorial to None, run_after=None
[2024-05-08T13:20:39.108+0000] {processor.py:183} INFO - Processing /home/denys/airflow_venv/lib/python3.12/site-packages/airflow/example_dags/example_params_ui_tutorial.py took 0.066 seconds
[2024-05-08T13:21:21.573+0000] {processor.py:161} INFO - Started process (PID=2451) to work on /home/denys/airflow_venv/lib/python3.12/site-packages/airflow/example_dags/example_params_ui_tutorial.py
[2024-05-08T13:21:21.574+0000] {processor.py:830} INFO - Processing file /home/denys/airflow_venv/lib/python3.12/site-packages/airflow/example_dags/example_params_ui_tutorial.py for tasks to queue
[2024-05-08T13:21:21.575+0000] {logging_mixin.py:188} INFO - [2024-05-08T13:21:21.575+0000] {dagbag.py:545} INFO - Filling up the DagBag from /home/denys/airflow_venv/lib/python3.12/site-packages/airflow/example_dags/example_params_ui_tutorial.py
[2024-05-08T13:21:21.583+0000] {processor.py:840} INFO - DAG(s) 'example_params_ui_tutorial' retrieved from /home/denys/airflow_venv/lib/python3.12/site-packages/airflow/example_dags/example_params_ui_tutorial.py
[2024-05-08T13:21:21.604+0000] {logging_mixin.py:188} INFO - [2024-05-08T13:21:21.603+0000] {dag.py:3096} INFO - Sync 1 DAGs
[2024-05-08T13:21:21.609+0000] {logging_mixin.py:188} INFO - [2024-05-08T13:21:21.609+0000] {dag.py:3954} INFO - Setting next_dagrun for example_params_ui_tutorial to None, run_after=None
[2024-05-08T13:21:21.626+0000] {processor.py:183} INFO - Processing /home/denys/airflow_venv/lib/python3.12/site-packages/airflow/example_dags/example_params_ui_tutorial.py took 0.057 seconds
[2024-05-08T13:22:06.221+0000] {processor.py:161} INFO - Started process (PID=2496) to work on /home/denys/airflow_venv/lib/python3.12/site-packages/airflow/example_dags/example_params_ui_tutorial.py
[2024-05-08T13:22:06.223+0000] {processor.py:830} INFO - Processing file /home/denys/airflow_venv/lib/python3.12/site-packages/airflow/example_dags/example_params_ui_tutorial.py for tasks to queue
[2024-05-08T13:22:06.224+0000] {logging_mixin.py:188} INFO - [2024-05-08T13:22:06.223+0000] {dagbag.py:545} INFO - Filling up the DagBag from /home/denys/airflow_venv/lib/python3.12/site-packages/airflow/example_dags/example_params_ui_tutorial.py
[2024-05-08T13:22:06.231+0000] {processor.py:840} INFO - DAG(s) 'example_params_ui_tutorial' retrieved from /home/denys/airflow_venv/lib/python3.12/site-packages/airflow/example_dags/example_params_ui_tutorial.py
[2024-05-08T13:22:06.250+0000] {logging_mixin.py:188} INFO - [2024-05-08T13:22:06.250+0000] {dag.py:3096} INFO - Sync 1 DAGs
[2024-05-08T13:22:06.256+0000] {logging_mixin.py:188} INFO - [2024-05-08T13:22:06.256+0000] {dag.py:3954} INFO - Setting next_dagrun for example_params_ui_tutorial to None, run_after=None
[2024-05-08T13:22:06.277+0000] {processor.py:183} INFO - Processing /home/denys/airflow_venv/lib/python3.12/site-packages/airflow/example_dags/example_params_ui_tutorial.py took 0.059 seconds
[2024-05-08T13:22:49.283+0000] {processor.py:161} INFO - Started process (PID=2540) to work on /home/denys/airflow_venv/lib/python3.12/site-packages/airflow/example_dags/example_params_ui_tutorial.py
[2024-05-08T13:22:49.285+0000] {processor.py:830} INFO - Processing file /home/denys/airflow_venv/lib/python3.12/site-packages/airflow/example_dags/example_params_ui_tutorial.py for tasks to queue
[2024-05-08T13:22:49.286+0000] {logging_mixin.py:188} INFO - [2024-05-08T13:22:49.286+0000] {dagbag.py:545} INFO - Filling up the DagBag from /home/denys/airflow_venv/lib/python3.12/site-packages/airflow/example_dags/example_params_ui_tutorial.py
[2024-05-08T13:22:49.294+0000] {processor.py:840} INFO - DAG(s) 'example_params_ui_tutorial' retrieved from /home/denys/airflow_venv/lib/python3.12/site-packages/airflow/example_dags/example_params_ui_tutorial.py
[2024-05-08T13:22:49.316+0000] {logging_mixin.py:188} INFO - [2024-05-08T13:22:49.316+0000] {dag.py:3096} INFO - Sync 1 DAGs
[2024-05-08T13:22:49.323+0000] {logging_mixin.py:188} INFO - [2024-05-08T13:22:49.322+0000] {dag.py:3954} INFO - Setting next_dagrun for example_params_ui_tutorial to None, run_after=None
[2024-05-08T13:22:49.344+0000] {processor.py:183} INFO - Processing /home/denys/airflow_venv/lib/python3.12/site-packages/airflow/example_dags/example_params_ui_tutorial.py took 0.065 seconds
[2024-05-08T13:23:29.353+0000] {processor.py:161} INFO - Started process (PID=2584) to work on /home/denys/airflow_venv/lib/python3.12/site-packages/airflow/example_dags/example_params_ui_tutorial.py
[2024-05-08T13:23:29.354+0000] {processor.py:830} INFO - Processing file /home/denys/airflow_venv/lib/python3.12/site-packages/airflow/example_dags/example_params_ui_tutorial.py for tasks to queue
[2024-05-08T13:23:29.356+0000] {logging_mixin.py:188} INFO - [2024-05-08T13:23:29.355+0000] {dagbag.py:545} INFO - Filling up the DagBag from /home/denys/airflow_venv/lib/python3.12/site-packages/airflow/example_dags/example_params_ui_tutorial.py
[2024-05-08T13:23:29.362+0000] {processor.py:840} INFO - DAG(s) 'example_params_ui_tutorial' retrieved from /home/denys/airflow_venv/lib/python3.12/site-packages/airflow/example_dags/example_params_ui_tutorial.py
[2024-05-08T13:23:29.383+0000] {logging_mixin.py:188} INFO - [2024-05-08T13:23:29.383+0000] {dag.py:3096} INFO - Sync 1 DAGs
[2024-05-08T13:23:29.389+0000] {logging_mixin.py:188} INFO - [2024-05-08T13:23:29.389+0000] {dag.py:3954} INFO - Setting next_dagrun for example_params_ui_tutorial to None, run_after=None
[2024-05-08T13:23:29.411+0000] {processor.py:183} INFO - Processing /home/denys/airflow_venv/lib/python3.12/site-packages/airflow/example_dags/example_params_ui_tutorial.py took 0.061 seconds
[2024-05-08T13:24:09.115+0000] {processor.py:161} INFO - Started process (PID=2697) to work on /home/denys/airflow_venv/lib/python3.12/site-packages/airflow/example_dags/example_params_ui_tutorial.py
[2024-05-08T13:24:09.116+0000] {processor.py:830} INFO - Processing file /home/denys/airflow_venv/lib/python3.12/site-packages/airflow/example_dags/example_params_ui_tutorial.py for tasks to queue
[2024-05-08T13:24:09.117+0000] {logging_mixin.py:188} INFO - [2024-05-08T13:24:09.117+0000] {dagbag.py:545} INFO - Filling up the DagBag from /home/denys/airflow_venv/lib/python3.12/site-packages/airflow/example_dags/example_params_ui_tutorial.py
[2024-05-08T13:24:09.124+0000] {processor.py:840} INFO - DAG(s) 'example_params_ui_tutorial' retrieved from /home/denys/airflow_venv/lib/python3.12/site-packages/airflow/example_dags/example_params_ui_tutorial.py
[2024-05-08T13:24:09.144+0000] {logging_mixin.py:188} INFO - [2024-05-08T13:24:09.144+0000] {dag.py:3096} INFO - Sync 1 DAGs
[2024-05-08T13:24:09.150+0000] {logging_mixin.py:188} INFO - [2024-05-08T13:24:09.150+0000] {dag.py:3954} INFO - Setting next_dagrun for example_params_ui_tutorial to None, run_after=None
[2024-05-08T13:24:09.169+0000] {processor.py:183} INFO - Processing /home/denys/airflow_venv/lib/python3.12/site-packages/airflow/example_dags/example_params_ui_tutorial.py took 0.058 seconds
[2024-05-08T13:24:46.636+0000] {processor.py:161} INFO - Started process (PID=2738) to work on /home/denys/airflow_venv/lib/python3.12/site-packages/airflow/example_dags/example_params_ui_tutorial.py
[2024-05-08T13:24:46.639+0000] {processor.py:830} INFO - Processing file /home/denys/airflow_venv/lib/python3.12/site-packages/airflow/example_dags/example_params_ui_tutorial.py for tasks to queue
[2024-05-08T13:24:46.640+0000] {logging_mixin.py:188} INFO - [2024-05-08T13:24:46.639+0000] {dagbag.py:545} INFO - Filling up the DagBag from /home/denys/airflow_venv/lib/python3.12/site-packages/airflow/example_dags/example_params_ui_tutorial.py
[2024-05-08T13:24:46.647+0000] {processor.py:840} INFO - DAG(s) 'example_params_ui_tutorial' retrieved from /home/denys/airflow_venv/lib/python3.12/site-packages/airflow/example_dags/example_params_ui_tutorial.py
[2024-05-08T13:24:46.668+0000] {logging_mixin.py:188} INFO - [2024-05-08T13:24:46.668+0000] {dag.py:3096} INFO - Sync 1 DAGs
[2024-05-08T13:24:46.674+0000] {logging_mixin.py:188} INFO - [2024-05-08T13:24:46.674+0000] {dag.py:3954} INFO - Setting next_dagrun for example_params_ui_tutorial to None, run_after=None
[2024-05-08T13:24:46.699+0000] {processor.py:183} INFO - Processing /home/denys/airflow_venv/lib/python3.12/site-packages/airflow/example_dags/example_params_ui_tutorial.py took 0.067 seconds
[2024-05-08T13:25:28.043+0000] {processor.py:161} INFO - Started process (PID=2786) to work on /home/denys/airflow_venv/lib/python3.12/site-packages/airflow/example_dags/example_params_ui_tutorial.py
[2024-05-08T13:25:28.046+0000] {processor.py:830} INFO - Processing file /home/denys/airflow_venv/lib/python3.12/site-packages/airflow/example_dags/example_params_ui_tutorial.py for tasks to queue
[2024-05-08T13:25:28.047+0000] {logging_mixin.py:188} INFO - [2024-05-08T13:25:28.046+0000] {dagbag.py:545} INFO - Filling up the DagBag from /home/denys/airflow_venv/lib/python3.12/site-packages/airflow/example_dags/example_params_ui_tutorial.py
[2024-05-08T13:25:28.053+0000] {processor.py:840} INFO - DAG(s) 'example_params_ui_tutorial' retrieved from /home/denys/airflow_venv/lib/python3.12/site-packages/airflow/example_dags/example_params_ui_tutorial.py
[2024-05-08T13:25:28.073+0000] {logging_mixin.py:188} INFO - [2024-05-08T13:25:28.073+0000] {dag.py:3096} INFO - Sync 1 DAGs
[2024-05-08T13:25:28.079+0000] {logging_mixin.py:188} INFO - [2024-05-08T13:25:28.079+0000] {dag.py:3954} INFO - Setting next_dagrun for example_params_ui_tutorial to None, run_after=None
[2024-05-08T13:25:28.097+0000] {processor.py:183} INFO - Processing /home/denys/airflow_venv/lib/python3.12/site-packages/airflow/example_dags/example_params_ui_tutorial.py took 0.057 seconds
[2024-05-08T13:26:09.111+0000] {processor.py:161} INFO - Started process (PID=2829) to work on /home/denys/airflow_venv/lib/python3.12/site-packages/airflow/example_dags/example_params_ui_tutorial.py
[2024-05-08T13:26:09.113+0000] {processor.py:830} INFO - Processing file /home/denys/airflow_venv/lib/python3.12/site-packages/airflow/example_dags/example_params_ui_tutorial.py for tasks to queue
[2024-05-08T13:26:09.114+0000] {logging_mixin.py:188} INFO - [2024-05-08T13:26:09.113+0000] {dagbag.py:545} INFO - Filling up the DagBag from /home/denys/airflow_venv/lib/python3.12/site-packages/airflow/example_dags/example_params_ui_tutorial.py
[2024-05-08T13:26:09.120+0000] {processor.py:840} INFO - DAG(s) 'example_params_ui_tutorial' retrieved from /home/denys/airflow_venv/lib/python3.12/site-packages/airflow/example_dags/example_params_ui_tutorial.py
[2024-05-08T13:26:09.140+0000] {logging_mixin.py:188} INFO - [2024-05-08T13:26:09.140+0000] {dag.py:3096} INFO - Sync 1 DAGs
[2024-05-08T13:26:09.146+0000] {logging_mixin.py:188} INFO - [2024-05-08T13:26:09.146+0000] {dag.py:3954} INFO - Setting next_dagrun for example_params_ui_tutorial to None, run_after=None
[2024-05-08T13:26:09.166+0000] {processor.py:183} INFO - Processing /home/denys/airflow_venv/lib/python3.12/site-packages/airflow/example_dags/example_params_ui_tutorial.py took 0.058 seconds
[2024-05-08T13:26:52.691+0000] {processor.py:161} INFO - Started process (PID=2872) to work on /home/denys/airflow_venv/lib/python3.12/site-packages/airflow/example_dags/example_params_ui_tutorial.py
[2024-05-08T13:26:52.693+0000] {processor.py:830} INFO - Processing file /home/denys/airflow_venv/lib/python3.12/site-packages/airflow/example_dags/example_params_ui_tutorial.py for tasks to queue
[2024-05-08T13:26:52.693+0000] {logging_mixin.py:188} INFO - [2024-05-08T13:26:52.693+0000] {dagbag.py:545} INFO - Filling up the DagBag from /home/denys/airflow_venv/lib/python3.12/site-packages/airflow/example_dags/example_params_ui_tutorial.py
[2024-05-08T13:26:52.700+0000] {processor.py:840} INFO - DAG(s) 'example_params_ui_tutorial' retrieved from /home/denys/airflow_venv/lib/python3.12/site-packages/airflow/example_dags/example_params_ui_tutorial.py
[2024-05-08T13:26:52.720+0000] {logging_mixin.py:188} INFO - [2024-05-08T13:26:52.720+0000] {dag.py:3096} INFO - Sync 1 DAGs
[2024-05-08T13:26:52.726+0000] {logging_mixin.py:188} INFO - [2024-05-08T13:26:52.726+0000] {dag.py:3954} INFO - Setting next_dagrun for example_params_ui_tutorial to None, run_after=None
[2024-05-08T13:26:52.748+0000] {processor.py:183} INFO - Processing /home/denys/airflow_venv/lib/python3.12/site-packages/airflow/example_dags/example_params_ui_tutorial.py took 0.060 seconds
[2024-05-08T13:27:35.989+0000] {processor.py:161} INFO - Started process (PID=2917) to work on /home/denys/airflow_venv/lib/python3.12/site-packages/airflow/example_dags/example_params_ui_tutorial.py
[2024-05-08T13:27:35.990+0000] {processor.py:830} INFO - Processing file /home/denys/airflow_venv/lib/python3.12/site-packages/airflow/example_dags/example_params_ui_tutorial.py for tasks to queue
[2024-05-08T13:27:35.991+0000] {logging_mixin.py:188} INFO - [2024-05-08T13:27:35.991+0000] {dagbag.py:545} INFO - Filling up the DagBag from /home/denys/airflow_venv/lib/python3.12/site-packages/airflow/example_dags/example_params_ui_tutorial.py
[2024-05-08T13:27:35.998+0000] {processor.py:840} INFO - DAG(s) 'example_params_ui_tutorial' retrieved from /home/denys/airflow_venv/lib/python3.12/site-packages/airflow/example_dags/example_params_ui_tutorial.py
[2024-05-08T13:27:36.019+0000] {logging_mixin.py:188} INFO - [2024-05-08T13:27:36.019+0000] {dag.py:3096} INFO - Sync 1 DAGs
[2024-05-08T13:27:36.025+0000] {logging_mixin.py:188} INFO - [2024-05-08T13:27:36.024+0000] {dag.py:3954} INFO - Setting next_dagrun for example_params_ui_tutorial to None, run_after=None
[2024-05-08T13:27:36.041+0000] {processor.py:183} INFO - Processing /home/denys/airflow_venv/lib/python3.12/site-packages/airflow/example_dags/example_params_ui_tutorial.py took 0.055 seconds
[2024-05-08T13:28:20.462+0000] {processor.py:161} INFO - Started process (PID=2963) to work on /home/denys/airflow_venv/lib/python3.12/site-packages/airflow/example_dags/example_params_ui_tutorial.py
[2024-05-08T13:28:20.463+0000] {processor.py:830} INFO - Processing file /home/denys/airflow_venv/lib/python3.12/site-packages/airflow/example_dags/example_params_ui_tutorial.py for tasks to queue
[2024-05-08T13:28:20.464+0000] {logging_mixin.py:188} INFO - [2024-05-08T13:28:20.463+0000] {dagbag.py:545} INFO - Filling up the DagBag from /home/denys/airflow_venv/lib/python3.12/site-packages/airflow/example_dags/example_params_ui_tutorial.py
[2024-05-08T13:28:20.473+0000] {processor.py:840} INFO - DAG(s) 'example_params_ui_tutorial' retrieved from /home/denys/airflow_venv/lib/python3.12/site-packages/airflow/example_dags/example_params_ui_tutorial.py
[2024-05-08T13:28:20.497+0000] {logging_mixin.py:188} INFO - [2024-05-08T13:28:20.496+0000] {dag.py:3096} INFO - Sync 1 DAGs
[2024-05-08T13:28:20.505+0000] {logging_mixin.py:188} INFO - [2024-05-08T13:28:20.505+0000] {dag.py:3954} INFO - Setting next_dagrun for example_params_ui_tutorial to None, run_after=None
[2024-05-08T13:28:20.526+0000] {processor.py:183} INFO - Processing /home/denys/airflow_venv/lib/python3.12/site-packages/airflow/example_dags/example_params_ui_tutorial.py took 0.069 seconds
[2024-05-08T13:29:01.848+0000] {processor.py:161} INFO - Started process (PID=3061) to work on /home/denys/airflow_venv/lib/python3.12/site-packages/airflow/example_dags/example_params_ui_tutorial.py
[2024-05-08T13:29:01.850+0000] {processor.py:830} INFO - Processing file /home/denys/airflow_venv/lib/python3.12/site-packages/airflow/example_dags/example_params_ui_tutorial.py for tasks to queue
[2024-05-08T13:29:01.851+0000] {logging_mixin.py:188} INFO - [2024-05-08T13:29:01.851+0000] {dagbag.py:545} INFO - Filling up the DagBag from /home/denys/airflow_venv/lib/python3.12/site-packages/airflow/example_dags/example_params_ui_tutorial.py
[2024-05-08T13:29:01.858+0000] {processor.py:840} INFO - DAG(s) 'example_params_ui_tutorial' retrieved from /home/denys/airflow_venv/lib/python3.12/site-packages/airflow/example_dags/example_params_ui_tutorial.py
[2024-05-08T13:29:01.879+0000] {logging_mixin.py:188} INFO - [2024-05-08T13:29:01.879+0000] {dag.py:3096} INFO - Sync 1 DAGs
[2024-05-08T13:29:01.886+0000] {logging_mixin.py:188} INFO - [2024-05-08T13:29:01.885+0000] {dag.py:3954} INFO - Setting next_dagrun for example_params_ui_tutorial to None, run_after=None
[2024-05-08T13:29:01.908+0000] {processor.py:183} INFO - Processing /home/denys/airflow_venv/lib/python3.12/site-packages/airflow/example_dags/example_params_ui_tutorial.py took 0.064 seconds
[2024-05-08T13:29:39.509+0000] {processor.py:161} INFO - Started process (PID=3103) to work on /home/denys/airflow_venv/lib/python3.12/site-packages/airflow/example_dags/example_params_ui_tutorial.py
[2024-05-08T13:29:39.511+0000] {processor.py:830} INFO - Processing file /home/denys/airflow_venv/lib/python3.12/site-packages/airflow/example_dags/example_params_ui_tutorial.py for tasks to queue
[2024-05-08T13:29:39.512+0000] {logging_mixin.py:188} INFO - [2024-05-08T13:29:39.511+0000] {dagbag.py:545} INFO - Filling up the DagBag from /home/denys/airflow_venv/lib/python3.12/site-packages/airflow/example_dags/example_params_ui_tutorial.py
[2024-05-08T13:29:39.520+0000] {processor.py:840} INFO - DAG(s) 'example_params_ui_tutorial' retrieved from /home/denys/airflow_venv/lib/python3.12/site-packages/airflow/example_dags/example_params_ui_tutorial.py
[2024-05-08T13:29:39.543+0000] {logging_mixin.py:188} INFO - [2024-05-08T13:29:39.543+0000] {dag.py:3096} INFO - Sync 1 DAGs
[2024-05-08T13:29:39.549+0000] {logging_mixin.py:188} INFO - [2024-05-08T13:29:39.549+0000] {dag.py:3954} INFO - Setting next_dagrun for example_params_ui_tutorial to None, run_after=None
[2024-05-08T13:29:39.567+0000] {processor.py:183} INFO - Processing /home/denys/airflow_venv/lib/python3.12/site-packages/airflow/example_dags/example_params_ui_tutorial.py took 0.062 seconds
[2024-05-08T13:30:19.521+0000] {processor.py:161} INFO - Started process (PID=3148) to work on /home/denys/airflow_venv/lib/python3.12/site-packages/airflow/example_dags/example_params_ui_tutorial.py
[2024-05-08T13:30:19.522+0000] {processor.py:830} INFO - Processing file /home/denys/airflow_venv/lib/python3.12/site-packages/airflow/example_dags/example_params_ui_tutorial.py for tasks to queue
[2024-05-08T13:30:19.524+0000] {logging_mixin.py:188} INFO - [2024-05-08T13:30:19.524+0000] {dagbag.py:545} INFO - Filling up the DagBag from /home/denys/airflow_venv/lib/python3.12/site-packages/airflow/example_dags/example_params_ui_tutorial.py
[2024-05-08T13:30:19.531+0000] {processor.py:840} INFO - DAG(s) 'example_params_ui_tutorial' retrieved from /home/denys/airflow_venv/lib/python3.12/site-packages/airflow/example_dags/example_params_ui_tutorial.py
[2024-05-08T13:30:19.558+0000] {logging_mixin.py:188} INFO - [2024-05-08T13:30:19.558+0000] {dag.py:3096} INFO - Sync 1 DAGs
[2024-05-08T13:30:19.566+0000] {logging_mixin.py:188} INFO - [2024-05-08T13:30:19.565+0000] {dag.py:3954} INFO - Setting next_dagrun for example_params_ui_tutorial to None, run_after=None
[2024-05-08T13:30:19.594+0000] {processor.py:183} INFO - Processing /home/denys/airflow_venv/lib/python3.12/site-packages/airflow/example_dags/example_params_ui_tutorial.py took 0.077 seconds
[2024-05-08T13:31:00.831+0000] {processor.py:161} INFO - Started process (PID=3190) to work on /home/denys/airflow_venv/lib/python3.12/site-packages/airflow/example_dags/example_params_ui_tutorial.py
[2024-05-08T13:31:00.832+0000] {processor.py:830} INFO - Processing file /home/denys/airflow_venv/lib/python3.12/site-packages/airflow/example_dags/example_params_ui_tutorial.py for tasks to queue
[2024-05-08T13:31:00.833+0000] {logging_mixin.py:188} INFO - [2024-05-08T13:31:00.833+0000] {dagbag.py:545} INFO - Filling up the DagBag from /home/denys/airflow_venv/lib/python3.12/site-packages/airflow/example_dags/example_params_ui_tutorial.py
[2024-05-08T13:31:00.840+0000] {processor.py:840} INFO - DAG(s) 'example_params_ui_tutorial' retrieved from /home/denys/airflow_venv/lib/python3.12/site-packages/airflow/example_dags/example_params_ui_tutorial.py
[2024-05-08T13:31:00.861+0000] {logging_mixin.py:188} INFO - [2024-05-08T13:31:00.861+0000] {dag.py:3096} INFO - Sync 1 DAGs
[2024-05-08T13:31:00.867+0000] {logging_mixin.py:188} INFO - [2024-05-08T13:31:00.867+0000] {dag.py:3954} INFO - Setting next_dagrun for example_params_ui_tutorial to None, run_after=None
[2024-05-08T13:31:00.887+0000] {processor.py:183} INFO - Processing /home/denys/airflow_venv/lib/python3.12/site-packages/airflow/example_dags/example_params_ui_tutorial.py took 0.060 seconds
[2024-05-08T13:31:40.778+0000] {processor.py:161} INFO - Started process (PID=3232) to work on /home/denys/airflow_venv/lib/python3.12/site-packages/airflow/example_dags/example_params_ui_tutorial.py
[2024-05-08T13:31:40.780+0000] {processor.py:830} INFO - Processing file /home/denys/airflow_venv/lib/python3.12/site-packages/airflow/example_dags/example_params_ui_tutorial.py for tasks to queue
[2024-05-08T13:31:40.781+0000] {logging_mixin.py:188} INFO - [2024-05-08T13:31:40.781+0000] {dagbag.py:545} INFO - Filling up the DagBag from /home/denys/airflow_venv/lib/python3.12/site-packages/airflow/example_dags/example_params_ui_tutorial.py
[2024-05-08T13:31:40.788+0000] {processor.py:840} INFO - DAG(s) 'example_params_ui_tutorial' retrieved from /home/denys/airflow_venv/lib/python3.12/site-packages/airflow/example_dags/example_params_ui_tutorial.py
[2024-05-08T13:31:40.809+0000] {logging_mixin.py:188} INFO - [2024-05-08T13:31:40.808+0000] {dag.py:3096} INFO - Sync 1 DAGs
[2024-05-08T13:31:40.814+0000] {logging_mixin.py:188} INFO - [2024-05-08T13:31:40.814+0000] {dag.py:3954} INFO - Setting next_dagrun for example_params_ui_tutorial to None, run_after=None
[2024-05-08T13:31:40.838+0000] {processor.py:183} INFO - Processing /home/denys/airflow_venv/lib/python3.12/site-packages/airflow/example_dags/example_params_ui_tutorial.py took 0.063 seconds
[2024-05-08T13:32:24.966+0000] {processor.py:161} INFO - Started process (PID=3276) to work on /home/denys/airflow_venv/lib/python3.12/site-packages/airflow/example_dags/example_params_ui_tutorial.py
[2024-05-08T13:32:24.968+0000] {processor.py:830} INFO - Processing file /home/denys/airflow_venv/lib/python3.12/site-packages/airflow/example_dags/example_params_ui_tutorial.py for tasks to queue
[2024-05-08T13:32:24.969+0000] {logging_mixin.py:188} INFO - [2024-05-08T13:32:24.969+0000] {dagbag.py:545} INFO - Filling up the DagBag from /home/denys/airflow_venv/lib/python3.12/site-packages/airflow/example_dags/example_params_ui_tutorial.py
[2024-05-08T13:32:24.976+0000] {processor.py:840} INFO - DAG(s) 'example_params_ui_tutorial' retrieved from /home/denys/airflow_venv/lib/python3.12/site-packages/airflow/example_dags/example_params_ui_tutorial.py
[2024-05-08T13:32:24.998+0000] {logging_mixin.py:188} INFO - [2024-05-08T13:32:24.997+0000] {dag.py:3096} INFO - Sync 1 DAGs
[2024-05-08T13:32:25.005+0000] {logging_mixin.py:188} INFO - [2024-05-08T13:32:25.005+0000] {dag.py:3954} INFO - Setting next_dagrun for example_params_ui_tutorial to None, run_after=None
[2024-05-08T13:32:25.027+0000] {processor.py:183} INFO - Processing /home/denys/airflow_venv/lib/python3.12/site-packages/airflow/example_dags/example_params_ui_tutorial.py took 0.064 seconds
[2024-05-08T13:33:08.853+0000] {processor.py:161} INFO - Started process (PID=3320) to work on /home/denys/airflow_venv/lib/python3.12/site-packages/airflow/example_dags/example_params_ui_tutorial.py
[2024-05-08T13:33:08.854+0000] {processor.py:830} INFO - Processing file /home/denys/airflow_venv/lib/python3.12/site-packages/airflow/example_dags/example_params_ui_tutorial.py for tasks to queue
[2024-05-08T13:33:08.855+0000] {logging_mixin.py:188} INFO - [2024-05-08T13:33:08.855+0000] {dagbag.py:545} INFO - Filling up the DagBag from /home/denys/airflow_venv/lib/python3.12/site-packages/airflow/example_dags/example_params_ui_tutorial.py
[2024-05-08T13:33:08.863+0000] {processor.py:840} INFO - DAG(s) 'example_params_ui_tutorial' retrieved from /home/denys/airflow_venv/lib/python3.12/site-packages/airflow/example_dags/example_params_ui_tutorial.py
[2024-05-08T13:33:08.883+0000] {logging_mixin.py:188} INFO - [2024-05-08T13:33:08.883+0000] {dag.py:3096} INFO - Sync 1 DAGs
[2024-05-08T13:33:08.889+0000] {logging_mixin.py:188} INFO - [2024-05-08T13:33:08.889+0000] {dag.py:3954} INFO - Setting next_dagrun for example_params_ui_tutorial to None, run_after=None
[2024-05-08T13:33:08.907+0000] {processor.py:183} INFO - Processing /home/denys/airflow_venv/lib/python3.12/site-packages/airflow/example_dags/example_params_ui_tutorial.py took 0.058 seconds
[2024-05-08T13:33:51.542+0000] {processor.py:161} INFO - Started process (PID=3365) to work on /home/denys/airflow_venv/lib/python3.12/site-packages/airflow/example_dags/example_params_ui_tutorial.py
[2024-05-08T13:33:51.544+0000] {processor.py:830} INFO - Processing file /home/denys/airflow_venv/lib/python3.12/site-packages/airflow/example_dags/example_params_ui_tutorial.py for tasks to queue
[2024-05-08T13:33:51.545+0000] {logging_mixin.py:188} INFO - [2024-05-08T13:33:51.544+0000] {dagbag.py:545} INFO - Filling up the DagBag from /home/denys/airflow_venv/lib/python3.12/site-packages/airflow/example_dags/example_params_ui_tutorial.py
[2024-05-08T13:33:51.552+0000] {processor.py:840} INFO - DAG(s) 'example_params_ui_tutorial' retrieved from /home/denys/airflow_venv/lib/python3.12/site-packages/airflow/example_dags/example_params_ui_tutorial.py
[2024-05-08T13:33:51.572+0000] {logging_mixin.py:188} INFO - [2024-05-08T13:33:51.572+0000] {dag.py:3096} INFO - Sync 1 DAGs
[2024-05-08T13:33:51.578+0000] {logging_mixin.py:188} INFO - [2024-05-08T13:33:51.577+0000] {dag.py:3954} INFO - Setting next_dagrun for example_params_ui_tutorial to None, run_after=None
[2024-05-08T13:33:51.600+0000] {processor.py:183} INFO - Processing /home/denys/airflow_venv/lib/python3.12/site-packages/airflow/example_dags/example_params_ui_tutorial.py took 0.062 seconds
[2024-05-08T13:34:32.665+0000] {processor.py:161} INFO - Started process (PID=3411) to work on /home/denys/airflow_venv/lib/python3.12/site-packages/airflow/example_dags/example_params_ui_tutorial.py
[2024-05-08T13:34:32.666+0000] {processor.py:830} INFO - Processing file /home/denys/airflow_venv/lib/python3.12/site-packages/airflow/example_dags/example_params_ui_tutorial.py for tasks to queue
[2024-05-08T13:34:32.667+0000] {logging_mixin.py:188} INFO - [2024-05-08T13:34:32.667+0000] {dagbag.py:545} INFO - Filling up the DagBag from /home/denys/airflow_venv/lib/python3.12/site-packages/airflow/example_dags/example_params_ui_tutorial.py
[2024-05-08T13:34:32.675+0000] {processor.py:840} INFO - DAG(s) 'example_params_ui_tutorial' retrieved from /home/denys/airflow_venv/lib/python3.12/site-packages/airflow/example_dags/example_params_ui_tutorial.py
[2024-05-08T13:34:32.695+0000] {logging_mixin.py:188} INFO - [2024-05-08T13:34:32.695+0000] {dag.py:3096} INFO - Sync 1 DAGs
[2024-05-08T13:34:32.701+0000] {logging_mixin.py:188} INFO - [2024-05-08T13:34:32.701+0000] {dag.py:3954} INFO - Setting next_dagrun for example_params_ui_tutorial to None, run_after=None
[2024-05-08T13:34:32.722+0000] {processor.py:183} INFO - Processing /home/denys/airflow_venv/lib/python3.12/site-packages/airflow/example_dags/example_params_ui_tutorial.py took 0.060 seconds
[2024-05-08T13:35:13.065+0000] {processor.py:161} INFO - Started process (PID=3456) to work on /home/denys/airflow_venv/lib/python3.12/site-packages/airflow/example_dags/example_params_ui_tutorial.py
[2024-05-08T13:35:13.066+0000] {processor.py:830} INFO - Processing file /home/denys/airflow_venv/lib/python3.12/site-packages/airflow/example_dags/example_params_ui_tutorial.py for tasks to queue
[2024-05-08T13:35:13.067+0000] {logging_mixin.py:188} INFO - [2024-05-08T13:35:13.067+0000] {dagbag.py:545} INFO - Filling up the DagBag from /home/denys/airflow_venv/lib/python3.12/site-packages/airflow/example_dags/example_params_ui_tutorial.py
[2024-05-08T13:35:13.074+0000] {processor.py:840} INFO - DAG(s) 'example_params_ui_tutorial' retrieved from /home/denys/airflow_venv/lib/python3.12/site-packages/airflow/example_dags/example_params_ui_tutorial.py
[2024-05-08T13:35:13.094+0000] {logging_mixin.py:188} INFO - [2024-05-08T13:35:13.094+0000] {dag.py:3096} INFO - Sync 1 DAGs
[2024-05-08T13:35:13.100+0000] {logging_mixin.py:188} INFO - [2024-05-08T13:35:13.100+0000] {dag.py:3954} INFO - Setting next_dagrun for example_params_ui_tutorial to None, run_after=None
[2024-05-08T13:35:13.122+0000] {processor.py:183} INFO - Processing /home/denys/airflow_venv/lib/python3.12/site-packages/airflow/example_dags/example_params_ui_tutorial.py took 0.061 seconds
[2024-05-08T13:35:51.694+0000] {processor.py:161} INFO - Started process (PID=3497) to work on /home/denys/airflow_venv/lib/python3.12/site-packages/airflow/example_dags/example_params_ui_tutorial.py
[2024-05-08T13:35:51.695+0000] {processor.py:830} INFO - Processing file /home/denys/airflow_venv/lib/python3.12/site-packages/airflow/example_dags/example_params_ui_tutorial.py for tasks to queue
[2024-05-08T13:35:51.696+0000] {logging_mixin.py:188} INFO - [2024-05-08T13:35:51.695+0000] {dagbag.py:545} INFO - Filling up the DagBag from /home/denys/airflow_venv/lib/python3.12/site-packages/airflow/example_dags/example_params_ui_tutorial.py
[2024-05-08T13:35:51.703+0000] {processor.py:840} INFO - DAG(s) 'example_params_ui_tutorial' retrieved from /home/denys/airflow_venv/lib/python3.12/site-packages/airflow/example_dags/example_params_ui_tutorial.py
[2024-05-08T13:35:51.726+0000] {logging_mixin.py:188} INFO - [2024-05-08T13:35:51.726+0000] {dag.py:3096} INFO - Sync 1 DAGs
[2024-05-08T13:35:51.732+0000] {logging_mixin.py:188} INFO - [2024-05-08T13:35:51.732+0000] {dag.py:3954} INFO - Setting next_dagrun for example_params_ui_tutorial to None, run_after=None
[2024-05-08T13:35:51.752+0000] {processor.py:183} INFO - Processing /home/denys/airflow_venv/lib/python3.12/site-packages/airflow/example_dags/example_params_ui_tutorial.py took 0.062 seconds
[2024-05-08T13:36:33.482+0000] {processor.py:161} INFO - Started process (PID=3540) to work on /home/denys/airflow_venv/lib/python3.12/site-packages/airflow/example_dags/example_params_ui_tutorial.py
[2024-05-08T13:36:33.483+0000] {processor.py:830} INFO - Processing file /home/denys/airflow_venv/lib/python3.12/site-packages/airflow/example_dags/example_params_ui_tutorial.py for tasks to queue
[2024-05-08T13:36:33.484+0000] {logging_mixin.py:188} INFO - [2024-05-08T13:36:33.484+0000] {dagbag.py:545} INFO - Filling up the DagBag from /home/denys/airflow_venv/lib/python3.12/site-packages/airflow/example_dags/example_params_ui_tutorial.py
[2024-05-08T13:36:33.491+0000] {processor.py:840} INFO - DAG(s) 'example_params_ui_tutorial' retrieved from /home/denys/airflow_venv/lib/python3.12/site-packages/airflow/example_dags/example_params_ui_tutorial.py
[2024-05-08T13:36:33.513+0000] {logging_mixin.py:188} INFO - [2024-05-08T13:36:33.513+0000] {dag.py:3096} INFO - Sync 1 DAGs
[2024-05-08T13:36:33.520+0000] {logging_mixin.py:188} INFO - [2024-05-08T13:36:33.520+0000] {dag.py:3954} INFO - Setting next_dagrun for example_params_ui_tutorial to None, run_after=None
[2024-05-08T13:36:33.537+0000] {processor.py:183} INFO - Processing /home/denys/airflow_venv/lib/python3.12/site-packages/airflow/example_dags/example_params_ui_tutorial.py took 0.058 seconds
[2024-05-08T13:37:16.445+0000] {processor.py:161} INFO - Started process (PID=3584) to work on /home/denys/airflow_venv/lib/python3.12/site-packages/airflow/example_dags/example_params_ui_tutorial.py
[2024-05-08T13:37:16.447+0000] {processor.py:830} INFO - Processing file /home/denys/airflow_venv/lib/python3.12/site-packages/airflow/example_dags/example_params_ui_tutorial.py for tasks to queue
[2024-05-08T13:37:16.448+0000] {logging_mixin.py:188} INFO - [2024-05-08T13:37:16.447+0000] {dagbag.py:545} INFO - Filling up the DagBag from /home/denys/airflow_venv/lib/python3.12/site-packages/airflow/example_dags/example_params_ui_tutorial.py
[2024-05-08T13:37:16.455+0000] {processor.py:840} INFO - DAG(s) 'example_params_ui_tutorial' retrieved from /home/denys/airflow_venv/lib/python3.12/site-packages/airflow/example_dags/example_params_ui_tutorial.py
[2024-05-08T13:37:16.475+0000] {logging_mixin.py:188} INFO - [2024-05-08T13:37:16.475+0000] {dag.py:3096} INFO - Sync 1 DAGs
[2024-05-08T13:37:16.481+0000] {logging_mixin.py:188} INFO - [2024-05-08T13:37:16.481+0000] {dag.py:3954} INFO - Setting next_dagrun for example_params_ui_tutorial to None, run_after=None
[2024-05-08T13:37:16.502+0000] {processor.py:183} INFO - Processing /home/denys/airflow_venv/lib/python3.12/site-packages/airflow/example_dags/example_params_ui_tutorial.py took 0.061 seconds
[2024-05-08T13:38:05.188+0000] {processor.py:161} INFO - Started process (PID=3632) to work on /home/denys/airflow_venv/lib/python3.12/site-packages/airflow/example_dags/example_params_ui_tutorial.py
[2024-05-08T13:38:05.190+0000] {processor.py:830} INFO - Processing file /home/denys/airflow_venv/lib/python3.12/site-packages/airflow/example_dags/example_params_ui_tutorial.py for tasks to queue
[2024-05-08T13:38:05.191+0000] {logging_mixin.py:188} INFO - [2024-05-08T13:38:05.190+0000] {dagbag.py:545} INFO - Filling up the DagBag from /home/denys/airflow_venv/lib/python3.12/site-packages/airflow/example_dags/example_params_ui_tutorial.py
[2024-05-08T13:38:05.198+0000] {processor.py:840} INFO - DAG(s) 'example_params_ui_tutorial' retrieved from /home/denys/airflow_venv/lib/python3.12/site-packages/airflow/example_dags/example_params_ui_tutorial.py
[2024-05-08T13:38:05.222+0000] {logging_mixin.py:188} INFO - [2024-05-08T13:38:05.222+0000] {dag.py:3096} INFO - Sync 1 DAGs
[2024-05-08T13:38:05.230+0000] {logging_mixin.py:188} INFO - [2024-05-08T13:38:05.229+0000] {dag.py:3954} INFO - Setting next_dagrun for example_params_ui_tutorial to None, run_after=None
[2024-05-08T13:38:05.252+0000] {processor.py:183} INFO - Processing /home/denys/airflow_venv/lib/python3.12/site-packages/airflow/example_dags/example_params_ui_tutorial.py took 0.068 seconds
[2024-05-08T13:38:48.661+0000] {processor.py:161} INFO - Started process (PID=3678) to work on /home/denys/airflow_venv/lib/python3.12/site-packages/airflow/example_dags/example_params_ui_tutorial.py
[2024-05-08T13:38:48.662+0000] {processor.py:830} INFO - Processing file /home/denys/airflow_venv/lib/python3.12/site-packages/airflow/example_dags/example_params_ui_tutorial.py for tasks to queue
[2024-05-08T13:38:48.663+0000] {logging_mixin.py:188} INFO - [2024-05-08T13:38:48.663+0000] {dagbag.py:545} INFO - Filling up the DagBag from /home/denys/airflow_venv/lib/python3.12/site-packages/airflow/example_dags/example_params_ui_tutorial.py
[2024-05-08T13:38:48.672+0000] {processor.py:840} INFO - DAG(s) 'example_params_ui_tutorial' retrieved from /home/denys/airflow_venv/lib/python3.12/site-packages/airflow/example_dags/example_params_ui_tutorial.py
[2024-05-08T13:38:48.693+0000] {logging_mixin.py:188} INFO - [2024-05-08T13:38:48.693+0000] {dag.py:3096} INFO - Sync 1 DAGs
[2024-05-08T13:38:48.699+0000] {logging_mixin.py:188} INFO - [2024-05-08T13:38:48.698+0000] {dag.py:3954} INFO - Setting next_dagrun for example_params_ui_tutorial to None, run_after=None
[2024-05-08T13:38:48.720+0000] {processor.py:183} INFO - Processing /home/denys/airflow_venv/lib/python3.12/site-packages/airflow/example_dags/example_params_ui_tutorial.py took 0.062 seconds
[2024-05-08T13:39:31.267+0000] {processor.py:161} INFO - Started process (PID=3721) to work on /home/denys/airflow_venv/lib/python3.12/site-packages/airflow/example_dags/example_params_ui_tutorial.py
[2024-05-08T13:39:31.268+0000] {processor.py:830} INFO - Processing file /home/denys/airflow_venv/lib/python3.12/site-packages/airflow/example_dags/example_params_ui_tutorial.py for tasks to queue
[2024-05-08T13:39:31.269+0000] {logging_mixin.py:188} INFO - [2024-05-08T13:39:31.269+0000] {dagbag.py:545} INFO - Filling up the DagBag from /home/denys/airflow_venv/lib/python3.12/site-packages/airflow/example_dags/example_params_ui_tutorial.py
[2024-05-08T13:39:31.276+0000] {processor.py:840} INFO - DAG(s) 'example_params_ui_tutorial' retrieved from /home/denys/airflow_venv/lib/python3.12/site-packages/airflow/example_dags/example_params_ui_tutorial.py
[2024-05-08T13:39:31.296+0000] {logging_mixin.py:188} INFO - [2024-05-08T13:39:31.296+0000] {dag.py:3096} INFO - Sync 1 DAGs
[2024-05-08T13:39:31.302+0000] {logging_mixin.py:188} INFO - [2024-05-08T13:39:31.302+0000] {dag.py:3954} INFO - Setting next_dagrun for example_params_ui_tutorial to None, run_after=None
[2024-05-08T13:39:31.379+0000] {processor.py:183} INFO - Processing /home/denys/airflow_venv/lib/python3.12/site-packages/airflow/example_dags/example_params_ui_tutorial.py took 0.116 seconds
[2024-05-08T13:40:18.370+0000] {processor.py:161} INFO - Started process (PID=3769) to work on /home/denys/airflow_venv/lib/python3.12/site-packages/airflow/example_dags/example_params_ui_tutorial.py
[2024-05-08T13:40:18.377+0000] {processor.py:830} INFO - Processing file /home/denys/airflow_venv/lib/python3.12/site-packages/airflow/example_dags/example_params_ui_tutorial.py for tasks to queue
[2024-05-08T13:40:18.378+0000] {logging_mixin.py:188} INFO - [2024-05-08T13:40:18.378+0000] {dagbag.py:545} INFO - Filling up the DagBag from /home/denys/airflow_venv/lib/python3.12/site-packages/airflow/example_dags/example_params_ui_tutorial.py
[2024-05-08T13:40:18.386+0000] {processor.py:840} INFO - DAG(s) 'example_params_ui_tutorial' retrieved from /home/denys/airflow_venv/lib/python3.12/site-packages/airflow/example_dags/example_params_ui_tutorial.py
[2024-05-08T13:40:18.409+0000] {logging_mixin.py:188} INFO - [2024-05-08T13:40:18.409+0000] {dag.py:3096} INFO - Sync 1 DAGs
[2024-05-08T13:40:18.415+0000] {logging_mixin.py:188} INFO - [2024-05-08T13:40:18.415+0000] {dag.py:3954} INFO - Setting next_dagrun for example_params_ui_tutorial to None, run_after=None
[2024-05-08T13:40:18.432+0000] {processor.py:183} INFO - Processing /home/denys/airflow_venv/lib/python3.12/site-packages/airflow/example_dags/example_params_ui_tutorial.py took 0.065 seconds
[2024-05-08T13:41:07.456+0000] {processor.py:161} INFO - Started process (PID=3816) to work on /home/denys/airflow_venv/lib/python3.12/site-packages/airflow/example_dags/example_params_ui_tutorial.py
[2024-05-08T13:41:07.457+0000] {processor.py:830} INFO - Processing file /home/denys/airflow_venv/lib/python3.12/site-packages/airflow/example_dags/example_params_ui_tutorial.py for tasks to queue
[2024-05-08T13:41:07.458+0000] {logging_mixin.py:188} INFO - [2024-05-08T13:41:07.458+0000] {dagbag.py:545} INFO - Filling up the DagBag from /home/denys/airflow_venv/lib/python3.12/site-packages/airflow/example_dags/example_params_ui_tutorial.py
[2024-05-08T13:41:07.464+0000] {processor.py:840} INFO - DAG(s) 'example_params_ui_tutorial' retrieved from /home/denys/airflow_venv/lib/python3.12/site-packages/airflow/example_dags/example_params_ui_tutorial.py
[2024-05-08T13:41:07.546+0000] {logging_mixin.py:188} INFO - [2024-05-08T13:41:07.546+0000] {dag.py:3096} INFO - Sync 1 DAGs
[2024-05-08T13:41:07.552+0000] {logging_mixin.py:188} INFO - [2024-05-08T13:41:07.552+0000] {dag.py:3954} INFO - Setting next_dagrun for example_params_ui_tutorial to None, run_after=None
[2024-05-08T13:41:07.574+0000] {processor.py:183} INFO - Processing /home/denys/airflow_venv/lib/python3.12/site-packages/airflow/example_dags/example_params_ui_tutorial.py took 0.122 seconds
[2024-05-08T13:41:52.447+0000] {processor.py:161} INFO - Started process (PID=3861) to work on /home/denys/airflow_venv/lib/python3.12/site-packages/airflow/example_dags/example_params_ui_tutorial.py
[2024-05-08T13:41:52.448+0000] {processor.py:830} INFO - Processing file /home/denys/airflow_venv/lib/python3.12/site-packages/airflow/example_dags/example_params_ui_tutorial.py for tasks to queue
[2024-05-08T13:41:52.449+0000] {logging_mixin.py:188} INFO - [2024-05-08T13:41:52.448+0000] {dagbag.py:545} INFO - Filling up the DagBag from /home/denys/airflow_venv/lib/python3.12/site-packages/airflow/example_dags/example_params_ui_tutorial.py
[2024-05-08T13:41:52.456+0000] {processor.py:840} INFO - DAG(s) 'example_params_ui_tutorial' retrieved from /home/denys/airflow_venv/lib/python3.12/site-packages/airflow/example_dags/example_params_ui_tutorial.py
[2024-05-08T13:41:52.478+0000] {logging_mixin.py:188} INFO - [2024-05-08T13:41:52.478+0000] {dag.py:3096} INFO - Sync 1 DAGs
[2024-05-08T13:41:52.484+0000] {logging_mixin.py:188} INFO - [2024-05-08T13:41:52.484+0000] {dag.py:3954} INFO - Setting next_dagrun for example_params_ui_tutorial to None, run_after=None
[2024-05-08T13:41:52.502+0000] {processor.py:183} INFO - Processing /home/denys/airflow_venv/lib/python3.12/site-packages/airflow/example_dags/example_params_ui_tutorial.py took 0.058 seconds
[2024-05-08T13:42:36.919+0000] {processor.py:161} INFO - Started process (PID=3906) to work on /home/denys/airflow_venv/lib/python3.12/site-packages/airflow/example_dags/example_params_ui_tutorial.py
[2024-05-08T13:42:36.921+0000] {processor.py:830} INFO - Processing file /home/denys/airflow_venv/lib/python3.12/site-packages/airflow/example_dags/example_params_ui_tutorial.py for tasks to queue
[2024-05-08T13:42:36.922+0000] {logging_mixin.py:188} INFO - [2024-05-08T13:42:36.922+0000] {dagbag.py:545} INFO - Filling up the DagBag from /home/denys/airflow_venv/lib/python3.12/site-packages/airflow/example_dags/example_params_ui_tutorial.py
[2024-05-08T13:42:36.996+0000] {processor.py:840} INFO - DAG(s) 'example_params_ui_tutorial' retrieved from /home/denys/airflow_venv/lib/python3.12/site-packages/airflow/example_dags/example_params_ui_tutorial.py
[2024-05-08T13:42:37.015+0000] {logging_mixin.py:188} INFO - [2024-05-08T13:42:37.015+0000] {dag.py:3096} INFO - Sync 1 DAGs
[2024-05-08T13:42:37.020+0000] {logging_mixin.py:188} INFO - [2024-05-08T13:42:37.020+0000] {dag.py:3954} INFO - Setting next_dagrun for example_params_ui_tutorial to None, run_after=None
[2024-05-08T13:42:37.038+0000] {processor.py:183} INFO - Processing /home/denys/airflow_venv/lib/python3.12/site-packages/airflow/example_dags/example_params_ui_tutorial.py took 0.122 seconds
