[2024-05-08T13:12:14.363+0000] {processor.py:161} INFO - Started process (PID=1889) to work on /home/denys/airflow_venv/lib/python3.12/site-packages/airflow/example_dags/example_sensor_decorator.py
[2024-05-08T13:12:14.363+0000] {processor.py:830} INFO - Processing file /home/denys/airflow_venv/lib/python3.12/site-packages/airflow/example_dags/example_sensor_decorator.py for tasks to queue
[2024-05-08T13:12:14.364+0000] {logging_mixin.py:188} INFO - [2024-05-08T13:12:14.364+0000] {dagbag.py:545} INFO - Filling up the DagBag from /home/denys/airflow_venv/lib/python3.12/site-packages/airflow/example_dags/example_sensor_decorator.py
[2024-05-08T13:12:14.367+0000] {processor.py:840} INFO - DAG(s) 'example_sensor_decorator' retrieved from /home/denys/airflow_venv/lib/python3.12/site-packages/airflow/example_dags/example_sensor_decorator.py
[2024-05-08T13:12:14.436+0000] {logging_mixin.py:188} INFO - [2024-05-08T13:12:14.436+0000] {override.py:1829} INFO - Created Permission View: can delete on DAG:example_sensor_decorator
[2024-05-08T13:12:14.446+0000] {logging_mixin.py:188} INFO - [2024-05-08T13:12:14.446+0000] {override.py:1829} INFO - Created Permission View: can edit on DAG:example_sensor_decorator
[2024-05-08T13:12:14.455+0000] {logging_mixin.py:188} INFO - [2024-05-08T13:12:14.455+0000] {override.py:1829} INFO - Created Permission View: can read on DAG:example_sensor_decorator
[2024-05-08T13:12:14.455+0000] {logging_mixin.py:188} INFO - [2024-05-08T13:12:14.455+0000] {dag.py:3096} INFO - Sync 1 DAGs
[2024-05-08T13:12:14.460+0000] {logging_mixin.py:188} INFO - [2024-05-08T13:12:14.460+0000] {dag.py:3118} INFO - Creating ORM DAG for example_sensor_decorator
[2024-05-08T13:12:14.460+0000] {logging_mixin.py:188} INFO - [2024-05-08T13:12:14.460+0000] {dag.py:3954} INFO - Setting next_dagrun for example_sensor_decorator to None, run_after=None
[2024-05-08T13:12:14.475+0000] {processor.py:183} INFO - Processing /home/denys/airflow_venv/lib/python3.12/site-packages/airflow/example_dags/example_sensor_decorator.py took 0.115 seconds
[2024-05-08T13:13:05.284+0000] {processor.py:161} INFO - Started process (PID=1945) to work on /home/denys/airflow_venv/lib/python3.12/site-packages/airflow/example_dags/example_sensor_decorator.py
[2024-05-08T13:13:05.286+0000] {processor.py:830} INFO - Processing file /home/denys/airflow_venv/lib/python3.12/site-packages/airflow/example_dags/example_sensor_decorator.py for tasks to queue
[2024-05-08T13:13:05.287+0000] {logging_mixin.py:188} INFO - [2024-05-08T13:13:05.286+0000] {dagbag.py:545} INFO - Filling up the DagBag from /home/denys/airflow_venv/lib/python3.12/site-packages/airflow/example_dags/example_sensor_decorator.py
[2024-05-08T13:13:05.291+0000] {processor.py:840} INFO - DAG(s) 'example_sensor_decorator' retrieved from /home/denys/airflow_venv/lib/python3.12/site-packages/airflow/example_dags/example_sensor_decorator.py
[2024-05-08T13:13:05.302+0000] {logging_mixin.py:188} INFO - [2024-05-08T13:13:05.302+0000] {dag.py:3096} INFO - Sync 1 DAGs
[2024-05-08T13:13:05.308+0000] {logging_mixin.py:188} INFO - [2024-05-08T13:13:05.308+0000] {dag.py:3954} INFO - Setting next_dagrun for example_sensor_decorator to None, run_after=None
[2024-05-08T13:13:05.330+0000] {processor.py:183} INFO - Processing /home/denys/airflow_venv/lib/python3.12/site-packages/airflow/example_dags/example_sensor_decorator.py took 0.049 seconds
[2024-05-08T13:13:56.095+0000] {processor.py:161} INFO - Started process (PID=1997) to work on /home/denys/airflow_venv/lib/python3.12/site-packages/airflow/example_dags/example_sensor_decorator.py
[2024-05-08T13:13:56.097+0000] {processor.py:830} INFO - Processing file /home/denys/airflow_venv/lib/python3.12/site-packages/airflow/example_dags/example_sensor_decorator.py for tasks to queue
[2024-05-08T13:13:56.098+0000] {logging_mixin.py:188} INFO - [2024-05-08T13:13:56.097+0000] {dagbag.py:545} INFO - Filling up the DagBag from /home/denys/airflow_venv/lib/python3.12/site-packages/airflow/example_dags/example_sensor_decorator.py
[2024-05-08T13:13:56.101+0000] {processor.py:840} INFO - DAG(s) 'example_sensor_decorator' retrieved from /home/denys/airflow_venv/lib/python3.12/site-packages/airflow/example_dags/example_sensor_decorator.py
[2024-05-08T13:13:56.111+0000] {logging_mixin.py:188} INFO - [2024-05-08T13:13:56.111+0000] {dag.py:3096} INFO - Sync 1 DAGs
[2024-05-08T13:13:56.118+0000] {logging_mixin.py:188} INFO - [2024-05-08T13:13:56.118+0000] {dag.py:3954} INFO - Setting next_dagrun for example_sensor_decorator to None, run_after=None
[2024-05-08T13:13:56.138+0000] {processor.py:183} INFO - Processing /home/denys/airflow_venv/lib/python3.12/site-packages/airflow/example_dags/example_sensor_decorator.py took 0.047 seconds
[2024-05-08T13:15:01.028+0000] {processor.py:161} INFO - Started process (PID=2063) to work on /home/denys/airflow_venv/lib/python3.12/site-packages/airflow/example_dags/example_sensor_decorator.py
[2024-05-08T13:15:01.029+0000] {processor.py:830} INFO - Processing file /home/denys/airflow_venv/lib/python3.12/site-packages/airflow/example_dags/example_sensor_decorator.py for tasks to queue
[2024-05-08T13:15:01.030+0000] {logging_mixin.py:188} INFO - [2024-05-08T13:15:01.030+0000] {dagbag.py:545} INFO - Filling up the DagBag from /home/denys/airflow_venv/lib/python3.12/site-packages/airflow/example_dags/example_sensor_decorator.py
[2024-05-08T13:15:01.034+0000] {processor.py:840} INFO - DAG(s) 'example_sensor_decorator' retrieved from /home/denys/airflow_venv/lib/python3.12/site-packages/airflow/example_dags/example_sensor_decorator.py
[2024-05-08T13:15:01.042+0000] {logging_mixin.py:188} INFO - [2024-05-08T13:15:01.042+0000] {dag.py:3096} INFO - Sync 1 DAGs
[2024-05-08T13:15:01.048+0000] {logging_mixin.py:188} INFO - [2024-05-08T13:15:01.048+0000] {dag.py:3954} INFO - Setting next_dagrun for example_sensor_decorator to None, run_after=None
[2024-05-08T13:15:01.070+0000] {processor.py:183} INFO - Processing /home/denys/airflow_venv/lib/python3.12/site-packages/airflow/example_dags/example_sensor_decorator.py took 0.045 seconds
[2024-05-08T13:16:03.509+0000] {processor.py:161} INFO - Started process (PID=2130) to work on /home/denys/airflow_venv/lib/python3.12/site-packages/airflow/example_dags/example_sensor_decorator.py
[2024-05-08T13:16:03.510+0000] {processor.py:830} INFO - Processing file /home/denys/airflow_venv/lib/python3.12/site-packages/airflow/example_dags/example_sensor_decorator.py for tasks to queue
[2024-05-08T13:16:03.511+0000] {logging_mixin.py:188} INFO - [2024-05-08T13:16:03.511+0000] {dagbag.py:545} INFO - Filling up the DagBag from /home/denys/airflow_venv/lib/python3.12/site-packages/airflow/example_dags/example_sensor_decorator.py
[2024-05-08T13:16:03.515+0000] {processor.py:840} INFO - DAG(s) 'example_sensor_decorator' retrieved from /home/denys/airflow_venv/lib/python3.12/site-packages/airflow/example_dags/example_sensor_decorator.py
[2024-05-08T13:16:03.525+0000] {logging_mixin.py:188} INFO - [2024-05-08T13:16:03.525+0000] {dag.py:3096} INFO - Sync 1 DAGs
[2024-05-08T13:16:03.532+0000] {logging_mixin.py:188} INFO - [2024-05-08T13:16:03.531+0000] {dag.py:3954} INFO - Setting next_dagrun for example_sensor_decorator to None, run_after=None
[2024-05-08T13:16:03.554+0000] {processor.py:183} INFO - Processing /home/denys/airflow_venv/lib/python3.12/site-packages/airflow/example_dags/example_sensor_decorator.py took 0.048 seconds
[2024-05-08T13:17:06.955+0000] {processor.py:161} INFO - Started process (PID=2198) to work on /home/denys/airflow_venv/lib/python3.12/site-packages/airflow/example_dags/example_sensor_decorator.py
[2024-05-08T13:17:06.956+0000] {processor.py:830} INFO - Processing file /home/denys/airflow_venv/lib/python3.12/site-packages/airflow/example_dags/example_sensor_decorator.py for tasks to queue
[2024-05-08T13:17:06.957+0000] {logging_mixin.py:188} INFO - [2024-05-08T13:17:06.957+0000] {dagbag.py:545} INFO - Filling up the DagBag from /home/denys/airflow_venv/lib/python3.12/site-packages/airflow/example_dags/example_sensor_decorator.py
[2024-05-08T13:17:06.961+0000] {processor.py:840} INFO - DAG(s) 'example_sensor_decorator' retrieved from /home/denys/airflow_venv/lib/python3.12/site-packages/airflow/example_dags/example_sensor_decorator.py
[2024-05-08T13:17:06.969+0000] {logging_mixin.py:188} INFO - [2024-05-08T13:17:06.969+0000] {dag.py:3096} INFO - Sync 1 DAGs
[2024-05-08T13:17:06.975+0000] {logging_mixin.py:188} INFO - [2024-05-08T13:17:06.975+0000] {dag.py:3954} INFO - Setting next_dagrun for example_sensor_decorator to None, run_after=None
[2024-05-08T13:17:06.996+0000] {processor.py:183} INFO - Processing /home/denys/airflow_venv/lib/python3.12/site-packages/airflow/example_dags/example_sensor_decorator.py took 0.045 seconds
[2024-05-08T13:18:12.562+0000] {processor.py:161} INFO - Started process (PID=2267) to work on /home/denys/airflow_venv/lib/python3.12/site-packages/airflow/example_dags/example_sensor_decorator.py
[2024-05-08T13:18:12.563+0000] {processor.py:830} INFO - Processing file /home/denys/airflow_venv/lib/python3.12/site-packages/airflow/example_dags/example_sensor_decorator.py for tasks to queue
[2024-05-08T13:18:12.564+0000] {logging_mixin.py:188} INFO - [2024-05-08T13:18:12.564+0000] {dagbag.py:545} INFO - Filling up the DagBag from /home/denys/airflow_venv/lib/python3.12/site-packages/airflow/example_dags/example_sensor_decorator.py
[2024-05-08T13:18:12.567+0000] {processor.py:840} INFO - DAG(s) 'example_sensor_decorator' retrieved from /home/denys/airflow_venv/lib/python3.12/site-packages/airflow/example_dags/example_sensor_decorator.py
[2024-05-08T13:18:12.576+0000] {logging_mixin.py:188} INFO - [2024-05-08T13:18:12.576+0000] {dag.py:3096} INFO - Sync 1 DAGs
[2024-05-08T13:18:12.582+0000] {logging_mixin.py:188} INFO - [2024-05-08T13:18:12.582+0000] {dag.py:3954} INFO - Setting next_dagrun for example_sensor_decorator to None, run_after=None
[2024-05-08T13:18:12.605+0000] {processor.py:183} INFO - Processing /home/denys/airflow_venv/lib/python3.12/site-packages/airflow/example_dags/example_sensor_decorator.py took 0.048 seconds
[2024-05-08T13:19:41.782+0000] {processor.py:161} INFO - Started process (PID=2344) to work on /home/denys/airflow_venv/lib/python3.12/site-packages/airflow/example_dags/example_sensor_decorator.py
[2024-05-08T13:19:41.785+0000] {processor.py:830} INFO - Processing file /home/denys/airflow_venv/lib/python3.12/site-packages/airflow/example_dags/example_sensor_decorator.py for tasks to queue
[2024-05-08T13:19:41.786+0000] {logging_mixin.py:188} INFO - [2024-05-08T13:19:41.785+0000] {dagbag.py:545} INFO - Filling up the DagBag from /home/denys/airflow_venv/lib/python3.12/site-packages/airflow/example_dags/example_sensor_decorator.py
[2024-05-08T13:19:41.789+0000] {processor.py:840} INFO - DAG(s) 'example_sensor_decorator' retrieved from /home/denys/airflow_venv/lib/python3.12/site-packages/airflow/example_dags/example_sensor_decorator.py
[2024-05-08T13:19:41.838+0000] {logging_mixin.py:188} INFO - [2024-05-08T13:19:41.838+0000] {dag.py:3096} INFO - Sync 1 DAGs
[2024-05-08T13:19:41.843+0000] {logging_mixin.py:188} INFO - [2024-05-08T13:19:41.843+0000] {dag.py:3954} INFO - Setting next_dagrun for example_sensor_decorator to None, run_after=None
[2024-05-08T13:19:41.859+0000] {processor.py:183} INFO - Processing /home/denys/airflow_venv/lib/python3.12/site-packages/airflow/example_dags/example_sensor_decorator.py took 0.081 seconds
[2024-05-08T13:20:33.440+0000] {processor.py:161} INFO - Started process (PID=2401) to work on /home/denys/airflow_venv/lib/python3.12/site-packages/airflow/example_dags/example_sensor_decorator.py
[2024-05-08T13:20:33.441+0000] {processor.py:830} INFO - Processing file /home/denys/airflow_venv/lib/python3.12/site-packages/airflow/example_dags/example_sensor_decorator.py for tasks to queue
[2024-05-08T13:20:33.442+0000] {logging_mixin.py:188} INFO - [2024-05-08T13:20:33.442+0000] {dagbag.py:545} INFO - Filling up the DagBag from /home/denys/airflow_venv/lib/python3.12/site-packages/airflow/example_dags/example_sensor_decorator.py
[2024-05-08T13:20:33.446+0000] {processor.py:840} INFO - DAG(s) 'example_sensor_decorator' retrieved from /home/denys/airflow_venv/lib/python3.12/site-packages/airflow/example_dags/example_sensor_decorator.py
[2024-05-08T13:20:33.456+0000] {logging_mixin.py:188} INFO - [2024-05-08T13:20:33.455+0000] {dag.py:3096} INFO - Sync 1 DAGs
[2024-05-08T13:20:33.462+0000] {logging_mixin.py:188} INFO - [2024-05-08T13:20:33.462+0000] {dag.py:3954} INFO - Setting next_dagrun for example_sensor_decorator to None, run_after=None
[2024-05-08T13:20:33.484+0000] {processor.py:183} INFO - Processing /home/denys/airflow_venv/lib/python3.12/site-packages/airflow/example_dags/example_sensor_decorator.py took 0.047 seconds
[2024-05-08T13:21:36.858+0000] {processor.py:161} INFO - Started process (PID=2465) to work on /home/denys/airflow_venv/lib/python3.12/site-packages/airflow/example_dags/example_sensor_decorator.py
[2024-05-08T13:21:36.859+0000] {processor.py:830} INFO - Processing file /home/denys/airflow_venv/lib/python3.12/site-packages/airflow/example_dags/example_sensor_decorator.py for tasks to queue
[2024-05-08T13:21:36.860+0000] {logging_mixin.py:188} INFO - [2024-05-08T13:21:36.860+0000] {dagbag.py:545} INFO - Filling up the DagBag from /home/denys/airflow_venv/lib/python3.12/site-packages/airflow/example_dags/example_sensor_decorator.py
[2024-05-08T13:21:36.864+0000] {processor.py:840} INFO - DAG(s) 'example_sensor_decorator' retrieved from /home/denys/airflow_venv/lib/python3.12/site-packages/airflow/example_dags/example_sensor_decorator.py
[2024-05-08T13:21:36.873+0000] {logging_mixin.py:188} INFO - [2024-05-08T13:21:36.873+0000] {dag.py:3096} INFO - Sync 1 DAGs
[2024-05-08T13:21:36.881+0000] {logging_mixin.py:188} INFO - [2024-05-08T13:21:36.881+0000] {dag.py:3954} INFO - Setting next_dagrun for example_sensor_decorator to None, run_after=None
[2024-05-08T13:21:36.898+0000] {processor.py:183} INFO - Processing /home/denys/airflow_venv/lib/python3.12/site-packages/airflow/example_dags/example_sensor_decorator.py took 0.044 seconds
[2024-05-08T13:22:41.575+0000] {processor.py:161} INFO - Started process (PID=2532) to work on /home/denys/airflow_venv/lib/python3.12/site-packages/airflow/example_dags/example_sensor_decorator.py
[2024-05-08T13:22:41.576+0000] {processor.py:830} INFO - Processing file /home/denys/airflow_venv/lib/python3.12/site-packages/airflow/example_dags/example_sensor_decorator.py for tasks to queue
[2024-05-08T13:22:41.577+0000] {logging_mixin.py:188} INFO - [2024-05-08T13:22:41.577+0000] {dagbag.py:545} INFO - Filling up the DagBag from /home/denys/airflow_venv/lib/python3.12/site-packages/airflow/example_dags/example_sensor_decorator.py
[2024-05-08T13:22:41.581+0000] {processor.py:840} INFO - DAG(s) 'example_sensor_decorator' retrieved from /home/denys/airflow_venv/lib/python3.12/site-packages/airflow/example_dags/example_sensor_decorator.py
[2024-05-08T13:22:41.589+0000] {logging_mixin.py:188} INFO - [2024-05-08T13:22:41.589+0000] {dag.py:3096} INFO - Sync 1 DAGs
[2024-05-08T13:22:41.595+0000] {logging_mixin.py:188} INFO - [2024-05-08T13:22:41.595+0000] {dag.py:3954} INFO - Setting next_dagrun for example_sensor_decorator to None, run_after=None
[2024-05-08T13:22:41.613+0000] {processor.py:183} INFO - Processing /home/denys/airflow_venv/lib/python3.12/site-packages/airflow/example_dags/example_sensor_decorator.py took 0.041 seconds
[2024-05-08T13:23:42.473+0000] {processor.py:161} INFO - Started process (PID=2666) to work on /home/denys/airflow_venv/lib/python3.12/site-packages/airflow/example_dags/example_sensor_decorator.py
[2024-05-08T13:23:42.475+0000] {processor.py:830} INFO - Processing file /home/denys/airflow_venv/lib/python3.12/site-packages/airflow/example_dags/example_sensor_decorator.py for tasks to queue
[2024-05-08T13:23:42.476+0000] {logging_mixin.py:188} INFO - [2024-05-08T13:23:42.476+0000] {dagbag.py:545} INFO - Filling up the DagBag from /home/denys/airflow_venv/lib/python3.12/site-packages/airflow/example_dags/example_sensor_decorator.py
[2024-05-08T13:23:42.480+0000] {processor.py:840} INFO - DAG(s) 'example_sensor_decorator' retrieved from /home/denys/airflow_venv/lib/python3.12/site-packages/airflow/example_dags/example_sensor_decorator.py
[2024-05-08T13:23:42.489+0000] {logging_mixin.py:188} INFO - [2024-05-08T13:23:42.489+0000] {dag.py:3096} INFO - Sync 1 DAGs
[2024-05-08T13:23:42.496+0000] {logging_mixin.py:188} INFO - [2024-05-08T13:23:42.496+0000] {dag.py:3954} INFO - Setting next_dagrun for example_sensor_decorator to None, run_after=None
[2024-05-08T13:23:42.517+0000] {processor.py:183} INFO - Processing /home/denys/airflow_venv/lib/python3.12/site-packages/airflow/example_dags/example_sensor_decorator.py took 0.047 seconds
[2024-05-08T13:24:39.425+0000] {processor.py:161} INFO - Started process (PID=2730) to work on /home/denys/airflow_venv/lib/python3.12/site-packages/airflow/example_dags/example_sensor_decorator.py
[2024-05-08T13:24:39.426+0000] {processor.py:830} INFO - Processing file /home/denys/airflow_venv/lib/python3.12/site-packages/airflow/example_dags/example_sensor_decorator.py for tasks to queue
[2024-05-08T13:24:39.427+0000] {logging_mixin.py:188} INFO - [2024-05-08T13:24:39.426+0000] {dagbag.py:545} INFO - Filling up the DagBag from /home/denys/airflow_venv/lib/python3.12/site-packages/airflow/example_dags/example_sensor_decorator.py
[2024-05-08T13:24:39.430+0000] {processor.py:840} INFO - DAG(s) 'example_sensor_decorator' retrieved from /home/denys/airflow_venv/lib/python3.12/site-packages/airflow/example_dags/example_sensor_decorator.py
[2024-05-08T13:24:39.440+0000] {logging_mixin.py:188} INFO - [2024-05-08T13:24:39.440+0000] {dag.py:3096} INFO - Sync 1 DAGs
[2024-05-08T13:24:39.447+0000] {logging_mixin.py:188} INFO - [2024-05-08T13:24:39.447+0000] {dag.py:3954} INFO - Setting next_dagrun for example_sensor_decorator to None, run_after=None
[2024-05-08T13:24:39.469+0000] {processor.py:183} INFO - Processing /home/denys/airflow_venv/lib/python3.12/site-packages/airflow/example_dags/example_sensor_decorator.py took 0.048 seconds
[2024-05-08T13:25:39.992+0000] {processor.py:161} INFO - Started process (PID=2800) to work on /home/denys/airflow_venv/lib/python3.12/site-packages/airflow/example_dags/example_sensor_decorator.py
[2024-05-08T13:25:39.993+0000] {processor.py:830} INFO - Processing file /home/denys/airflow_venv/lib/python3.12/site-packages/airflow/example_dags/example_sensor_decorator.py for tasks to queue
[2024-05-08T13:25:39.994+0000] {logging_mixin.py:188} INFO - [2024-05-08T13:25:39.993+0000] {dagbag.py:545} INFO - Filling up the DagBag from /home/denys/airflow_venv/lib/python3.12/site-packages/airflow/example_dags/example_sensor_decorator.py
[2024-05-08T13:25:39.997+0000] {processor.py:840} INFO - DAG(s) 'example_sensor_decorator' retrieved from /home/denys/airflow_venv/lib/python3.12/site-packages/airflow/example_dags/example_sensor_decorator.py
[2024-05-08T13:25:40.007+0000] {logging_mixin.py:188} INFO - [2024-05-08T13:25:40.007+0000] {dag.py:3096} INFO - Sync 1 DAGs
[2024-05-08T13:25:40.015+0000] {logging_mixin.py:188} INFO - [2024-05-08T13:25:40.014+0000] {dag.py:3954} INFO - Setting next_dagrun for example_sensor_decorator to None, run_after=None
[2024-05-08T13:25:40.036+0000] {processor.py:183} INFO - Processing /home/denys/airflow_venv/lib/python3.12/site-packages/airflow/example_dags/example_sensor_decorator.py took 0.048 seconds
[2024-05-08T13:26:44.124+0000] {processor.py:161} INFO - Started process (PID=2864) to work on /home/denys/airflow_venv/lib/python3.12/site-packages/airflow/example_dags/example_sensor_decorator.py
[2024-05-08T13:26:44.126+0000] {processor.py:830} INFO - Processing file /home/denys/airflow_venv/lib/python3.12/site-packages/airflow/example_dags/example_sensor_decorator.py for tasks to queue
[2024-05-08T13:26:44.127+0000] {logging_mixin.py:188} INFO - [2024-05-08T13:26:44.126+0000] {dagbag.py:545} INFO - Filling up the DagBag from /home/denys/airflow_venv/lib/python3.12/site-packages/airflow/example_dags/example_sensor_decorator.py
[2024-05-08T13:26:44.130+0000] {processor.py:840} INFO - DAG(s) 'example_sensor_decorator' retrieved from /home/denys/airflow_venv/lib/python3.12/site-packages/airflow/example_dags/example_sensor_decorator.py
[2024-05-08T13:26:44.139+0000] {logging_mixin.py:188} INFO - [2024-05-08T13:26:44.139+0000] {dag.py:3096} INFO - Sync 1 DAGs
[2024-05-08T13:26:44.144+0000] {logging_mixin.py:188} INFO - [2024-05-08T13:26:44.144+0000] {dag.py:3954} INFO - Setting next_dagrun for example_sensor_decorator to None, run_after=None
[2024-05-08T13:26:44.165+0000] {processor.py:183} INFO - Processing /home/denys/airflow_venv/lib/python3.12/site-packages/airflow/example_dags/example_sensor_decorator.py took 0.043 seconds
[2024-05-08T13:27:49.487+0000] {processor.py:161} INFO - Started process (PID=2930) to work on /home/denys/airflow_venv/lib/python3.12/site-packages/airflow/example_dags/example_sensor_decorator.py
[2024-05-08T13:27:49.489+0000] {processor.py:830} INFO - Processing file /home/denys/airflow_venv/lib/python3.12/site-packages/airflow/example_dags/example_sensor_decorator.py for tasks to queue
[2024-05-08T13:27:49.490+0000] {logging_mixin.py:188} INFO - [2024-05-08T13:27:49.490+0000] {dagbag.py:545} INFO - Filling up the DagBag from /home/denys/airflow_venv/lib/python3.12/site-packages/airflow/example_dags/example_sensor_decorator.py
[2024-05-08T13:27:49.494+0000] {processor.py:840} INFO - DAG(s) 'example_sensor_decorator' retrieved from /home/denys/airflow_venv/lib/python3.12/site-packages/airflow/example_dags/example_sensor_decorator.py
[2024-05-08T13:27:49.505+0000] {logging_mixin.py:188} INFO - [2024-05-08T13:27:49.505+0000] {dag.py:3096} INFO - Sync 1 DAGs
[2024-05-08T13:27:49.512+0000] {logging_mixin.py:188} INFO - [2024-05-08T13:27:49.512+0000] {dag.py:3954} INFO - Setting next_dagrun for example_sensor_decorator to None, run_after=None
[2024-05-08T13:27:49.529+0000] {processor.py:183} INFO - Processing /home/denys/airflow_venv/lib/python3.12/site-packages/airflow/example_dags/example_sensor_decorator.py took 0.046 seconds
[2024-05-08T13:28:53.760+0000] {processor.py:161} INFO - Started process (PID=3052) to work on /home/denys/airflow_venv/lib/python3.12/site-packages/airflow/example_dags/example_sensor_decorator.py
[2024-05-08T13:28:53.766+0000] {processor.py:830} INFO - Processing file /home/denys/airflow_venv/lib/python3.12/site-packages/airflow/example_dags/example_sensor_decorator.py for tasks to queue
[2024-05-08T13:28:53.767+0000] {logging_mixin.py:188} INFO - [2024-05-08T13:28:53.767+0000] {dagbag.py:545} INFO - Filling up the DagBag from /home/denys/airflow_venv/lib/python3.12/site-packages/airflow/example_dags/example_sensor_decorator.py
[2024-05-08T13:28:53.772+0000] {processor.py:840} INFO - DAG(s) 'example_sensor_decorator' retrieved from /home/denys/airflow_venv/lib/python3.12/site-packages/airflow/example_dags/example_sensor_decorator.py
[2024-05-08T13:28:53.781+0000] {logging_mixin.py:188} INFO - [2024-05-08T13:28:53.781+0000] {dag.py:3096} INFO - Sync 1 DAGs
[2024-05-08T13:28:53.788+0000] {logging_mixin.py:188} INFO - [2024-05-08T13:28:53.787+0000] {dag.py:3954} INFO - Setting next_dagrun for example_sensor_decorator to None, run_after=None
[2024-05-08T13:28:53.805+0000] {processor.py:183} INFO - Processing /home/denys/airflow_venv/lib/python3.12/site-packages/airflow/example_dags/example_sensor_decorator.py took 0.049 seconds
[2024-05-08T13:29:50.890+0000] {processor.py:161} INFO - Started process (PID=3114) to work on /home/denys/airflow_venv/lib/python3.12/site-packages/airflow/example_dags/example_sensor_decorator.py
[2024-05-08T13:29:50.891+0000] {processor.py:830} INFO - Processing file /home/denys/airflow_venv/lib/python3.12/site-packages/airflow/example_dags/example_sensor_decorator.py for tasks to queue
[2024-05-08T13:29:50.892+0000] {logging_mixin.py:188} INFO - [2024-05-08T13:29:50.892+0000] {dagbag.py:545} INFO - Filling up the DagBag from /home/denys/airflow_venv/lib/python3.12/site-packages/airflow/example_dags/example_sensor_decorator.py
[2024-05-08T13:29:50.897+0000] {processor.py:840} INFO - DAG(s) 'example_sensor_decorator' retrieved from /home/denys/airflow_venv/lib/python3.12/site-packages/airflow/example_dags/example_sensor_decorator.py
[2024-05-08T13:29:50.907+0000] {logging_mixin.py:188} INFO - [2024-05-08T13:29:50.907+0000] {dag.py:3096} INFO - Sync 1 DAGs
[2024-05-08T13:29:50.913+0000] {logging_mixin.py:188} INFO - [2024-05-08T13:29:50.913+0000] {dag.py:3954} INFO - Setting next_dagrun for example_sensor_decorator to None, run_after=None
[2024-05-08T13:29:50.936+0000] {processor.py:183} INFO - Processing /home/denys/airflow_venv/lib/python3.12/site-packages/airflow/example_dags/example_sensor_decorator.py took 0.049 seconds
[2024-05-08T13:30:52.750+0000] {processor.py:161} INFO - Started process (PID=3181) to work on /home/denys/airflow_venv/lib/python3.12/site-packages/airflow/example_dags/example_sensor_decorator.py
[2024-05-08T13:30:52.752+0000] {processor.py:830} INFO - Processing file /home/denys/airflow_venv/lib/python3.12/site-packages/airflow/example_dags/example_sensor_decorator.py for tasks to queue
[2024-05-08T13:30:52.754+0000] {logging_mixin.py:188} INFO - [2024-05-08T13:30:52.753+0000] {dagbag.py:545} INFO - Filling up the DagBag from /home/denys/airflow_venv/lib/python3.12/site-packages/airflow/example_dags/example_sensor_decorator.py
[2024-05-08T13:30:52.760+0000] {processor.py:840} INFO - DAG(s) 'example_sensor_decorator' retrieved from /home/denys/airflow_venv/lib/python3.12/site-packages/airflow/example_dags/example_sensor_decorator.py
[2024-05-08T13:30:52.771+0000] {logging_mixin.py:188} INFO - [2024-05-08T13:30:52.771+0000] {dag.py:3096} INFO - Sync 1 DAGs
[2024-05-08T13:30:52.778+0000] {logging_mixin.py:188} INFO - [2024-05-08T13:30:52.778+0000] {dag.py:3954} INFO - Setting next_dagrun for example_sensor_decorator to None, run_after=None
[2024-05-08T13:30:52.799+0000] {processor.py:183} INFO - Processing /home/denys/airflow_venv/lib/python3.12/site-packages/airflow/example_dags/example_sensor_decorator.py took 0.053 seconds
[2024-05-08T13:31:52.795+0000] {processor.py:161} INFO - Started process (PID=3244) to work on /home/denys/airflow_venv/lib/python3.12/site-packages/airflow/example_dags/example_sensor_decorator.py
[2024-05-08T13:31:52.802+0000] {processor.py:830} INFO - Processing file /home/denys/airflow_venv/lib/python3.12/site-packages/airflow/example_dags/example_sensor_decorator.py for tasks to queue
[2024-05-08T13:31:52.803+0000] {logging_mixin.py:188} INFO - [2024-05-08T13:31:52.803+0000] {dagbag.py:545} INFO - Filling up the DagBag from /home/denys/airflow_venv/lib/python3.12/site-packages/airflow/example_dags/example_sensor_decorator.py
[2024-05-08T13:31:52.807+0000] {processor.py:840} INFO - DAG(s) 'example_sensor_decorator' retrieved from /home/denys/airflow_venv/lib/python3.12/site-packages/airflow/example_dags/example_sensor_decorator.py
[2024-05-08T13:31:52.816+0000] {logging_mixin.py:188} INFO - [2024-05-08T13:31:52.816+0000] {dag.py:3096} INFO - Sync 1 DAGs
[2024-05-08T13:31:52.823+0000] {logging_mixin.py:188} INFO - [2024-05-08T13:31:52.823+0000] {dag.py:3954} INFO - Setting next_dagrun for example_sensor_decorator to None, run_after=None
[2024-05-08T13:31:52.841+0000] {processor.py:183} INFO - Processing /home/denys/airflow_venv/lib/python3.12/site-packages/airflow/example_dags/example_sensor_decorator.py took 0.050 seconds
[2024-05-08T13:32:44.193+0000] {processor.py:161} INFO - Started process (PID=3296) to work on /home/denys/airflow_venv/lib/python3.12/site-packages/airflow/example_dags/example_sensor_decorator.py
[2024-05-08T13:32:44.194+0000] {processor.py:830} INFO - Processing file /home/denys/airflow_venv/lib/python3.12/site-packages/airflow/example_dags/example_sensor_decorator.py for tasks to queue
[2024-05-08T13:32:44.195+0000] {logging_mixin.py:188} INFO - [2024-05-08T13:32:44.195+0000] {dagbag.py:545} INFO - Filling up the DagBag from /home/denys/airflow_venv/lib/python3.12/site-packages/airflow/example_dags/example_sensor_decorator.py
[2024-05-08T13:32:44.199+0000] {processor.py:840} INFO - DAG(s) 'example_sensor_decorator' retrieved from /home/denys/airflow_venv/lib/python3.12/site-packages/airflow/example_dags/example_sensor_decorator.py
[2024-05-08T13:32:44.208+0000] {logging_mixin.py:188} INFO - [2024-05-08T13:32:44.207+0000] {dag.py:3096} INFO - Sync 1 DAGs
[2024-05-08T13:32:44.213+0000] {logging_mixin.py:188} INFO - [2024-05-08T13:32:44.213+0000] {dag.py:3954} INFO - Setting next_dagrun for example_sensor_decorator to None, run_after=None
[2024-05-08T13:32:44.231+0000] {processor.py:183} INFO - Processing /home/denys/airflow_venv/lib/python3.12/site-packages/airflow/example_dags/example_sensor_decorator.py took 0.041 seconds
[2024-05-08T13:33:49.906+0000] {processor.py:161} INFO - Started process (PID=3362) to work on /home/denys/airflow_venv/lib/python3.12/site-packages/airflow/example_dags/example_sensor_decorator.py
[2024-05-08T13:33:49.908+0000] {processor.py:830} INFO - Processing file /home/denys/airflow_venv/lib/python3.12/site-packages/airflow/example_dags/example_sensor_decorator.py for tasks to queue
[2024-05-08T13:33:49.909+0000] {logging_mixin.py:188} INFO - [2024-05-08T13:33:49.908+0000] {dagbag.py:545} INFO - Filling up the DagBag from /home/denys/airflow_venv/lib/python3.12/site-packages/airflow/example_dags/example_sensor_decorator.py
[2024-05-08T13:33:49.913+0000] {processor.py:840} INFO - DAG(s) 'example_sensor_decorator' retrieved from /home/denys/airflow_venv/lib/python3.12/site-packages/airflow/example_dags/example_sensor_decorator.py
[2024-05-08T13:33:49.923+0000] {logging_mixin.py:188} INFO - [2024-05-08T13:33:49.923+0000] {dag.py:3096} INFO - Sync 1 DAGs
[2024-05-08T13:33:49.929+0000] {logging_mixin.py:188} INFO - [2024-05-08T13:33:49.929+0000] {dag.py:3954} INFO - Setting next_dagrun for example_sensor_decorator to None, run_after=None
[2024-05-08T13:33:49.952+0000] {processor.py:183} INFO - Processing /home/denys/airflow_venv/lib/python3.12/site-packages/airflow/example_dags/example_sensor_decorator.py took 0.049 seconds
[2024-05-08T13:34:51.905+0000] {processor.py:161} INFO - Started process (PID=3430) to work on /home/denys/airflow_venv/lib/python3.12/site-packages/airflow/example_dags/example_sensor_decorator.py
[2024-05-08T13:34:51.906+0000] {processor.py:830} INFO - Processing file /home/denys/airflow_venv/lib/python3.12/site-packages/airflow/example_dags/example_sensor_decorator.py for tasks to queue
[2024-05-08T13:34:51.907+0000] {logging_mixin.py:188} INFO - [2024-05-08T13:34:51.907+0000] {dagbag.py:545} INFO - Filling up the DagBag from /home/denys/airflow_venv/lib/python3.12/site-packages/airflow/example_dags/example_sensor_decorator.py
[2024-05-08T13:34:51.911+0000] {processor.py:840} INFO - DAG(s) 'example_sensor_decorator' retrieved from /home/denys/airflow_venv/lib/python3.12/site-packages/airflow/example_dags/example_sensor_decorator.py
[2024-05-08T13:34:51.920+0000] {logging_mixin.py:188} INFO - [2024-05-08T13:34:51.919+0000] {dag.py:3096} INFO - Sync 1 DAGs
[2024-05-08T13:34:51.926+0000] {logging_mixin.py:188} INFO - [2024-05-08T13:34:51.926+0000] {dag.py:3954} INFO - Setting next_dagrun for example_sensor_decorator to None, run_after=None
[2024-05-08T13:34:51.948+0000] {processor.py:183} INFO - Processing /home/denys/airflow_venv/lib/python3.12/site-packages/airflow/example_dags/example_sensor_decorator.py took 0.047 seconds
[2024-05-08T13:35:49.812+0000] {processor.py:161} INFO - Started process (PID=3495) to work on /home/denys/airflow_venv/lib/python3.12/site-packages/airflow/example_dags/example_sensor_decorator.py
[2024-05-08T13:35:49.814+0000] {processor.py:830} INFO - Processing file /home/denys/airflow_venv/lib/python3.12/site-packages/airflow/example_dags/example_sensor_decorator.py for tasks to queue
[2024-05-08T13:35:49.817+0000] {logging_mixin.py:188} INFO - [2024-05-08T13:35:49.816+0000] {dagbag.py:545} INFO - Filling up the DagBag from /home/denys/airflow_venv/lib/python3.12/site-packages/airflow/example_dags/example_sensor_decorator.py
[2024-05-08T13:35:49.822+0000] {processor.py:840} INFO - DAG(s) 'example_sensor_decorator' retrieved from /home/denys/airflow_venv/lib/python3.12/site-packages/airflow/example_dags/example_sensor_decorator.py
[2024-05-08T13:35:49.833+0000] {logging_mixin.py:188} INFO - [2024-05-08T13:35:49.833+0000] {dag.py:3096} INFO - Sync 1 DAGs
[2024-05-08T13:35:49.840+0000] {logging_mixin.py:188} INFO - [2024-05-08T13:35:49.840+0000] {dag.py:3954} INFO - Setting next_dagrun for example_sensor_decorator to None, run_after=None
[2024-05-08T13:35:49.860+0000] {processor.py:183} INFO - Processing /home/denys/airflow_venv/lib/python3.12/site-packages/airflow/example_dags/example_sensor_decorator.py took 0.054 seconds
[2024-05-08T13:36:52.663+0000] {processor.py:161} INFO - Started process (PID=3560) to work on /home/denys/airflow_venv/lib/python3.12/site-packages/airflow/example_dags/example_sensor_decorator.py
[2024-05-08T13:36:52.665+0000] {processor.py:830} INFO - Processing file /home/denys/airflow_venv/lib/python3.12/site-packages/airflow/example_dags/example_sensor_decorator.py for tasks to queue
[2024-05-08T13:36:52.666+0000] {logging_mixin.py:188} INFO - [2024-05-08T13:36:52.666+0000] {dagbag.py:545} INFO - Filling up the DagBag from /home/denys/airflow_venv/lib/python3.12/site-packages/airflow/example_dags/example_sensor_decorator.py
[2024-05-08T13:36:52.670+0000] {processor.py:840} INFO - DAG(s) 'example_sensor_decorator' retrieved from /home/denys/airflow_venv/lib/python3.12/site-packages/airflow/example_dags/example_sensor_decorator.py
[2024-05-08T13:36:52.680+0000] {logging_mixin.py:188} INFO - [2024-05-08T13:36:52.680+0000] {dag.py:3096} INFO - Sync 1 DAGs
[2024-05-08T13:36:52.686+0000] {logging_mixin.py:188} INFO - [2024-05-08T13:36:52.686+0000] {dag.py:3954} INFO - Setting next_dagrun for example_sensor_decorator to None, run_after=None
[2024-05-08T13:36:52.705+0000] {processor.py:183} INFO - Processing /home/denys/airflow_venv/lib/python3.12/site-packages/airflow/example_dags/example_sensor_decorator.py took 0.045 seconds
[2024-05-08T13:38:02.189+0000] {processor.py:161} INFO - Started process (PID=3629) to work on /home/denys/airflow_venv/lib/python3.12/site-packages/airflow/example_dags/example_sensor_decorator.py
[2024-05-08T13:38:02.190+0000] {processor.py:830} INFO - Processing file /home/denys/airflow_venv/lib/python3.12/site-packages/airflow/example_dags/example_sensor_decorator.py for tasks to queue
[2024-05-08T13:38:02.192+0000] {logging_mixin.py:188} INFO - [2024-05-08T13:38:02.191+0000] {dagbag.py:545} INFO - Filling up the DagBag from /home/denys/airflow_venv/lib/python3.12/site-packages/airflow/example_dags/example_sensor_decorator.py
[2024-05-08T13:38:02.196+0000] {processor.py:840} INFO - DAG(s) 'example_sensor_decorator' retrieved from /home/denys/airflow_venv/lib/python3.12/site-packages/airflow/example_dags/example_sensor_decorator.py
[2024-05-08T13:38:02.208+0000] {logging_mixin.py:188} INFO - [2024-05-08T13:38:02.208+0000] {dag.py:3096} INFO - Sync 1 DAGs
[2024-05-08T13:38:02.214+0000] {logging_mixin.py:188} INFO - [2024-05-08T13:38:02.214+0000] {dag.py:3954} INFO - Setting next_dagrun for example_sensor_decorator to None, run_after=None
[2024-05-08T13:38:02.234+0000] {processor.py:183} INFO - Processing /home/denys/airflow_venv/lib/python3.12/site-packages/airflow/example_dags/example_sensor_decorator.py took 0.049 seconds
[2024-05-08T13:39:06.358+0000] {processor.py:161} INFO - Started process (PID=3697) to work on /home/denys/airflow_venv/lib/python3.12/site-packages/airflow/example_dags/example_sensor_decorator.py
[2024-05-08T13:39:06.360+0000] {processor.py:830} INFO - Processing file /home/denys/airflow_venv/lib/python3.12/site-packages/airflow/example_dags/example_sensor_decorator.py for tasks to queue
[2024-05-08T13:39:06.361+0000] {logging_mixin.py:188} INFO - [2024-05-08T13:39:06.361+0000] {dagbag.py:545} INFO - Filling up the DagBag from /home/denys/airflow_venv/lib/python3.12/site-packages/airflow/example_dags/example_sensor_decorator.py
[2024-05-08T13:39:06.365+0000] {processor.py:840} INFO - DAG(s) 'example_sensor_decorator' retrieved from /home/denys/airflow_venv/lib/python3.12/site-packages/airflow/example_dags/example_sensor_decorator.py
[2024-05-08T13:39:06.374+0000] {logging_mixin.py:188} INFO - [2024-05-08T13:39:06.374+0000] {dag.py:3096} INFO - Sync 1 DAGs
[2024-05-08T13:39:06.380+0000] {logging_mixin.py:188} INFO - [2024-05-08T13:39:06.380+0000] {dag.py:3954} INFO - Setting next_dagrun for example_sensor_decorator to None, run_after=None
[2024-05-08T13:39:06.396+0000] {processor.py:183} INFO - Processing /home/denys/airflow_venv/lib/python3.12/site-packages/airflow/example_dags/example_sensor_decorator.py took 0.041 seconds
[2024-05-08T13:40:12.012+0000] {processor.py:161} INFO - Started process (PID=3763) to work on /home/denys/airflow_venv/lib/python3.12/site-packages/airflow/example_dags/example_sensor_decorator.py
[2024-05-08T13:40:12.013+0000] {processor.py:830} INFO - Processing file /home/denys/airflow_venv/lib/python3.12/site-packages/airflow/example_dags/example_sensor_decorator.py for tasks to queue
[2024-05-08T13:40:12.015+0000] {logging_mixin.py:188} INFO - [2024-05-08T13:40:12.014+0000] {dagbag.py:545} INFO - Filling up the DagBag from /home/denys/airflow_venv/lib/python3.12/site-packages/airflow/example_dags/example_sensor_decorator.py
[2024-05-08T13:40:12.019+0000] {processor.py:840} INFO - DAG(s) 'example_sensor_decorator' retrieved from /home/denys/airflow_venv/lib/python3.12/site-packages/airflow/example_dags/example_sensor_decorator.py
[2024-05-08T13:40:12.028+0000] {logging_mixin.py:188} INFO - [2024-05-08T13:40:12.027+0000] {dag.py:3096} INFO - Sync 1 DAGs
[2024-05-08T13:40:12.034+0000] {logging_mixin.py:188} INFO - [2024-05-08T13:40:12.033+0000] {dag.py:3954} INFO - Setting next_dagrun for example_sensor_decorator to None, run_after=None
[2024-05-08T13:40:12.050+0000] {processor.py:183} INFO - Processing /home/denys/airflow_venv/lib/python3.12/site-packages/airflow/example_dags/example_sensor_decorator.py took 0.042 seconds
[2024-05-08T13:41:23.980+0000] {processor.py:161} INFO - Started process (PID=3832) to work on /home/denys/airflow_venv/lib/python3.12/site-packages/airflow/example_dags/example_sensor_decorator.py
[2024-05-08T13:41:23.981+0000] {processor.py:830} INFO - Processing file /home/denys/airflow_venv/lib/python3.12/site-packages/airflow/example_dags/example_sensor_decorator.py for tasks to queue
[2024-05-08T13:41:23.982+0000] {logging_mixin.py:188} INFO - [2024-05-08T13:41:23.982+0000] {dagbag.py:545} INFO - Filling up the DagBag from /home/denys/airflow_venv/lib/python3.12/site-packages/airflow/example_dags/example_sensor_decorator.py
[2024-05-08T13:41:23.986+0000] {processor.py:840} INFO - DAG(s) 'example_sensor_decorator' retrieved from /home/denys/airflow_venv/lib/python3.12/site-packages/airflow/example_dags/example_sensor_decorator.py
[2024-05-08T13:41:23.996+0000] {logging_mixin.py:188} INFO - [2024-05-08T13:41:23.996+0000] {dag.py:3096} INFO - Sync 1 DAGs
[2024-05-08T13:41:24.002+0000] {logging_mixin.py:188} INFO - [2024-05-08T13:41:24.002+0000] {dag.py:3954} INFO - Setting next_dagrun for example_sensor_decorator to None, run_after=None
[2024-05-08T13:41:24.019+0000] {processor.py:183} INFO - Processing /home/denys/airflow_venv/lib/python3.12/site-packages/airflow/example_dags/example_sensor_decorator.py took 0.043 seconds
[2024-05-08T13:42:28.882+0000] {processor.py:161} INFO - Started process (PID=3898) to work on /home/denys/airflow_venv/lib/python3.12/site-packages/airflow/example_dags/example_sensor_decorator.py
[2024-05-08T13:42:28.883+0000] {processor.py:830} INFO - Processing file /home/denys/airflow_venv/lib/python3.12/site-packages/airflow/example_dags/example_sensor_decorator.py for tasks to queue
[2024-05-08T13:42:28.884+0000] {logging_mixin.py:188} INFO - [2024-05-08T13:42:28.883+0000] {dagbag.py:545} INFO - Filling up the DagBag from /home/denys/airflow_venv/lib/python3.12/site-packages/airflow/example_dags/example_sensor_decorator.py
[2024-05-08T13:42:28.888+0000] {processor.py:840} INFO - DAG(s) 'example_sensor_decorator' retrieved from /home/denys/airflow_venv/lib/python3.12/site-packages/airflow/example_dags/example_sensor_decorator.py
[2024-05-08T13:42:28.898+0000] {logging_mixin.py:188} INFO - [2024-05-08T13:42:28.898+0000] {dag.py:3096} INFO - Sync 1 DAGs
[2024-05-08T13:42:28.973+0000] {logging_mixin.py:188} INFO - [2024-05-08T13:42:28.973+0000] {dag.py:3954} INFO - Setting next_dagrun for example_sensor_decorator to None, run_after=None
[2024-05-08T13:42:28.996+0000] {processor.py:183} INFO - Processing /home/denys/airflow_venv/lib/python3.12/site-packages/airflow/example_dags/example_sensor_decorator.py took 0.118 seconds
[2024-05-08T13:43:16.134+0000] {processor.py:161} INFO - Started process (PID=3946) to work on /home/denys/airflow_venv/lib/python3.12/site-packages/airflow/example_dags/example_sensor_decorator.py
[2024-05-08T13:43:16.142+0000] {processor.py:830} INFO - Processing file /home/denys/airflow_venv/lib/python3.12/site-packages/airflow/example_dags/example_sensor_decorator.py for tasks to queue
[2024-05-08T13:43:16.143+0000] {logging_mixin.py:188} INFO - [2024-05-08T13:43:16.143+0000] {dagbag.py:545} INFO - Filling up the DagBag from /home/denys/airflow_venv/lib/python3.12/site-packages/airflow/example_dags/example_sensor_decorator.py
[2024-05-08T13:43:16.148+0000] {processor.py:840} INFO - DAG(s) 'example_sensor_decorator' retrieved from /home/denys/airflow_venv/lib/python3.12/site-packages/airflow/example_dags/example_sensor_decorator.py
[2024-05-08T13:43:16.160+0000] {logging_mixin.py:188} INFO - [2024-05-08T13:43:16.160+0000] {dag.py:3096} INFO - Sync 1 DAGs
[2024-05-08T13:43:16.167+0000] {logging_mixin.py:188} INFO - [2024-05-08T13:43:16.166+0000] {dag.py:3954} INFO - Setting next_dagrun for example_sensor_decorator to None, run_after=None
[2024-05-08T13:43:16.186+0000] {processor.py:183} INFO - Processing /home/denys/airflow_venv/lib/python3.12/site-packages/airflow/example_dags/example_sensor_decorator.py took 0.056 seconds
