[2024-05-08T13:11:56.005+0000] {processor.py:161} INFO - Started process (PID=1872) to work on /home/denys/airflow_venv/lib/python3.12/site-packages/airflow/example_dags/example_task_group_decorator.py
[2024-05-08T13:11:56.005+0000] {processor.py:830} INFO - Processing file /home/denys/airflow_venv/lib/python3.12/site-packages/airflow/example_dags/example_task_group_decorator.py for tasks to queue
[2024-05-08T13:11:56.006+0000] {logging_mixin.py:188} INFO - [2024-05-08T13:11:56.006+0000] {dagbag.py:545} INFO - Filling up the DagBag from /home/denys/airflow_venv/lib/python3.12/site-packages/airflow/example_dags/example_task_group_decorator.py
[2024-05-08T13:11:56.014+0000] {processor.py:840} INFO - DAG(s) 'example_task_group_decorator' retrieved from /home/denys/airflow_venv/lib/python3.12/site-packages/airflow/example_dags/example_task_group_decorator.py
[2024-05-08T13:11:56.087+0000] {logging_mixin.py:188} INFO - [2024-05-08T13:11:56.087+0000] {override.py:1829} INFO - Created Permission View: can delete on DAG:example_task_group_decorator
[2024-05-08T13:11:56.097+0000] {logging_mixin.py:188} INFO - [2024-05-08T13:11:56.097+0000] {override.py:1829} INFO - Created Permission View: can edit on DAG:example_task_group_decorator
[2024-05-08T13:11:56.104+0000] {logging_mixin.py:188} INFO - [2024-05-08T13:11:56.104+0000] {override.py:1829} INFO - Created Permission View: can read on DAG:example_task_group_decorator
[2024-05-08T13:11:56.104+0000] {logging_mixin.py:188} INFO - [2024-05-08T13:11:56.104+0000] {dag.py:3096} INFO - Sync 1 DAGs
[2024-05-08T13:11:56.111+0000] {logging_mixin.py:188} INFO - [2024-05-08T13:11:56.110+0000] {dag.py:3118} INFO - Creating ORM DAG for example_task_group_decorator
[2024-05-08T13:11:56.115+0000] {logging_mixin.py:188} INFO - [2024-05-08T13:11:56.115+0000] {dag.py:3954} INFO - Setting next_dagrun for example_task_group_decorator to 2024-05-07 00:00:00+00:00, run_after=2024-05-08 00:00:00+00:00
[2024-05-08T13:11:56.131+0000] {processor.py:183} INFO - Processing /home/denys/airflow_venv/lib/python3.12/site-packages/airflow/example_dags/example_task_group_decorator.py took 0.130 seconds
[2024-05-08T13:12:49.317+0000] {processor.py:161} INFO - Started process (PID=1926) to work on /home/denys/airflow_venv/lib/python3.12/site-packages/airflow/example_dags/example_task_group_decorator.py
[2024-05-08T13:12:49.319+0000] {processor.py:830} INFO - Processing file /home/denys/airflow_venv/lib/python3.12/site-packages/airflow/example_dags/example_task_group_decorator.py for tasks to queue
[2024-05-08T13:12:49.320+0000] {logging_mixin.py:188} INFO - [2024-05-08T13:12:49.319+0000] {dagbag.py:545} INFO - Filling up the DagBag from /home/denys/airflow_venv/lib/python3.12/site-packages/airflow/example_dags/example_task_group_decorator.py
[2024-05-08T13:12:49.328+0000] {processor.py:840} INFO - DAG(s) 'example_task_group_decorator' retrieved from /home/denys/airflow_venv/lib/python3.12/site-packages/airflow/example_dags/example_task_group_decorator.py
[2024-05-08T13:12:49.360+0000] {logging_mixin.py:188} INFO - [2024-05-08T13:12:49.360+0000] {dag.py:3096} INFO - Sync 1 DAGs
[2024-05-08T13:12:49.370+0000] {logging_mixin.py:188} INFO - [2024-05-08T13:12:49.370+0000] {dag.py:3954} INFO - Setting next_dagrun for example_task_group_decorator to 2024-05-07 00:00:00+00:00, run_after=2024-05-08 00:00:00+00:00
[2024-05-08T13:12:49.387+0000] {processor.py:183} INFO - Processing /home/denys/airflow_venv/lib/python3.12/site-packages/airflow/example_dags/example_task_group_decorator.py took 0.073 seconds
[2024-05-08T13:13:41.755+0000] {processor.py:161} INFO - Started process (PID=1981) to work on /home/denys/airflow_venv/lib/python3.12/site-packages/airflow/example_dags/example_task_group_decorator.py
[2024-05-08T13:13:41.756+0000] {processor.py:830} INFO - Processing file /home/denys/airflow_venv/lib/python3.12/site-packages/airflow/example_dags/example_task_group_decorator.py for tasks to queue
[2024-05-08T13:13:41.757+0000] {logging_mixin.py:188} INFO - [2024-05-08T13:13:41.757+0000] {dagbag.py:545} INFO - Filling up the DagBag from /home/denys/airflow_venv/lib/python3.12/site-packages/airflow/example_dags/example_task_group_decorator.py
[2024-05-08T13:13:41.765+0000] {processor.py:840} INFO - DAG(s) 'example_task_group_decorator' retrieved from /home/denys/airflow_venv/lib/python3.12/site-packages/airflow/example_dags/example_task_group_decorator.py
[2024-05-08T13:13:41.775+0000] {logging_mixin.py:188} INFO - [2024-05-08T13:13:41.775+0000] {dag.py:3096} INFO - Sync 1 DAGs
[2024-05-08T13:13:41.786+0000] {logging_mixin.py:188} INFO - [2024-05-08T13:13:41.786+0000] {dag.py:3954} INFO - Setting next_dagrun for example_task_group_decorator to 2024-05-07 00:00:00+00:00, run_after=2024-05-08 00:00:00+00:00
[2024-05-08T13:13:41.812+0000] {processor.py:183} INFO - Processing /home/denys/airflow_venv/lib/python3.12/site-packages/airflow/example_dags/example_task_group_decorator.py took 0.061 seconds
[2024-05-08T13:14:25.396+0000] {processor.py:161} INFO - Started process (PID=2027) to work on /home/denys/airflow_venv/lib/python3.12/site-packages/airflow/example_dags/example_task_group_decorator.py
[2024-05-08T13:14:25.398+0000] {processor.py:830} INFO - Processing file /home/denys/airflow_venv/lib/python3.12/site-packages/airflow/example_dags/example_task_group_decorator.py for tasks to queue
[2024-05-08T13:14:25.399+0000] {logging_mixin.py:188} INFO - [2024-05-08T13:14:25.399+0000] {dagbag.py:545} INFO - Filling up the DagBag from /home/denys/airflow_venv/lib/python3.12/site-packages/airflow/example_dags/example_task_group_decorator.py
[2024-05-08T13:14:25.407+0000] {processor.py:840} INFO - DAG(s) 'example_task_group_decorator' retrieved from /home/denys/airflow_venv/lib/python3.12/site-packages/airflow/example_dags/example_task_group_decorator.py
[2024-05-08T13:14:25.417+0000] {logging_mixin.py:188} INFO - [2024-05-08T13:14:25.417+0000] {dag.py:3096} INFO - Sync 1 DAGs
[2024-05-08T13:14:25.427+0000] {logging_mixin.py:188} INFO - [2024-05-08T13:14:25.427+0000] {dag.py:3954} INFO - Setting next_dagrun for example_task_group_decorator to 2024-05-07 00:00:00+00:00, run_after=2024-05-08 00:00:00+00:00
[2024-05-08T13:14:25.445+0000] {processor.py:183} INFO - Processing /home/denys/airflow_venv/lib/python3.12/site-packages/airflow/example_dags/example_task_group_decorator.py took 0.052 seconds
[2024-05-08T13:15:08.363+0000] {processor.py:161} INFO - Started process (PID=2074) to work on /home/denys/airflow_venv/lib/python3.12/site-packages/airflow/example_dags/example_task_group_decorator.py
[2024-05-08T13:15:08.365+0000] {processor.py:830} INFO - Processing file /home/denys/airflow_venv/lib/python3.12/site-packages/airflow/example_dags/example_task_group_decorator.py for tasks to queue
[2024-05-08T13:15:08.366+0000] {logging_mixin.py:188} INFO - [2024-05-08T13:15:08.365+0000] {dagbag.py:545} INFO - Filling up the DagBag from /home/denys/airflow_venv/lib/python3.12/site-packages/airflow/example_dags/example_task_group_decorator.py
[2024-05-08T13:15:08.373+0000] {processor.py:840} INFO - DAG(s) 'example_task_group_decorator' retrieved from /home/denys/airflow_venv/lib/python3.12/site-packages/airflow/example_dags/example_task_group_decorator.py
[2024-05-08T13:15:08.384+0000] {logging_mixin.py:188} INFO - [2024-05-08T13:15:08.384+0000] {dag.py:3096} INFO - Sync 1 DAGs
[2024-05-08T13:15:08.395+0000] {logging_mixin.py:188} INFO - [2024-05-08T13:15:08.395+0000] {dag.py:3954} INFO - Setting next_dagrun for example_task_group_decorator to 2024-05-07 00:00:00+00:00, run_after=2024-05-08 00:00:00+00:00
[2024-05-08T13:15:08.422+0000] {processor.py:183} INFO - Processing /home/denys/airflow_venv/lib/python3.12/site-packages/airflow/example_dags/example_task_group_decorator.py took 0.063 seconds
[2024-05-08T13:15:51.137+0000] {processor.py:161} INFO - Started process (PID=2117) to work on /home/denys/airflow_venv/lib/python3.12/site-packages/airflow/example_dags/example_task_group_decorator.py
[2024-05-08T13:15:51.138+0000] {processor.py:830} INFO - Processing file /home/denys/airflow_venv/lib/python3.12/site-packages/airflow/example_dags/example_task_group_decorator.py for tasks to queue
[2024-05-08T13:15:51.139+0000] {logging_mixin.py:188} INFO - [2024-05-08T13:15:51.139+0000] {dagbag.py:545} INFO - Filling up the DagBag from /home/denys/airflow_venv/lib/python3.12/site-packages/airflow/example_dags/example_task_group_decorator.py
[2024-05-08T13:15:51.147+0000] {processor.py:840} INFO - DAG(s) 'example_task_group_decorator' retrieved from /home/denys/airflow_venv/lib/python3.12/site-packages/airflow/example_dags/example_task_group_decorator.py
[2024-05-08T13:15:51.157+0000] {logging_mixin.py:188} INFO - [2024-05-08T13:15:51.157+0000] {dag.py:3096} INFO - Sync 1 DAGs
[2024-05-08T13:15:51.166+0000] {logging_mixin.py:188} INFO - [2024-05-08T13:15:51.166+0000] {dag.py:3954} INFO - Setting next_dagrun for example_task_group_decorator to 2024-05-07 00:00:00+00:00, run_after=2024-05-08 00:00:00+00:00
[2024-05-08T13:15:51.188+0000] {processor.py:183} INFO - Processing /home/denys/airflow_venv/lib/python3.12/site-packages/airflow/example_dags/example_task_group_decorator.py took 0.054 seconds
[2024-05-08T13:16:33.202+0000] {processor.py:161} INFO - Started process (PID=2161) to work on /home/denys/airflow_venv/lib/python3.12/site-packages/airflow/example_dags/example_task_group_decorator.py
[2024-05-08T13:16:33.204+0000] {processor.py:830} INFO - Processing file /home/denys/airflow_venv/lib/python3.12/site-packages/airflow/example_dags/example_task_group_decorator.py for tasks to queue
[2024-05-08T13:16:33.205+0000] {logging_mixin.py:188} INFO - [2024-05-08T13:16:33.205+0000] {dagbag.py:545} INFO - Filling up the DagBag from /home/denys/airflow_venv/lib/python3.12/site-packages/airflow/example_dags/example_task_group_decorator.py
[2024-05-08T13:16:33.213+0000] {processor.py:840} INFO - DAG(s) 'example_task_group_decorator' retrieved from /home/denys/airflow_venv/lib/python3.12/site-packages/airflow/example_dags/example_task_group_decorator.py
[2024-05-08T13:16:33.225+0000] {logging_mixin.py:188} INFO - [2024-05-08T13:16:33.225+0000] {dag.py:3096} INFO - Sync 1 DAGs
[2024-05-08T13:16:33.237+0000] {logging_mixin.py:188} INFO - [2024-05-08T13:16:33.237+0000] {dag.py:3954} INFO - Setting next_dagrun for example_task_group_decorator to 2024-05-07 00:00:00+00:00, run_after=2024-05-08 00:00:00+00:00
[2024-05-08T13:16:33.260+0000] {processor.py:183} INFO - Processing /home/denys/airflow_venv/lib/python3.12/site-packages/airflow/example_dags/example_task_group_decorator.py took 0.061 seconds
[2024-05-08T13:17:15.611+0000] {processor.py:161} INFO - Started process (PID=2207) to work on /home/denys/airflow_venv/lib/python3.12/site-packages/airflow/example_dags/example_task_group_decorator.py
[2024-05-08T13:17:15.613+0000] {processor.py:830} INFO - Processing file /home/denys/airflow_venv/lib/python3.12/site-packages/airflow/example_dags/example_task_group_decorator.py for tasks to queue
[2024-05-08T13:17:15.614+0000] {logging_mixin.py:188} INFO - [2024-05-08T13:17:15.614+0000] {dagbag.py:545} INFO - Filling up the DagBag from /home/denys/airflow_venv/lib/python3.12/site-packages/airflow/example_dags/example_task_group_decorator.py
[2024-05-08T13:17:15.622+0000] {processor.py:840} INFO - DAG(s) 'example_task_group_decorator' retrieved from /home/denys/airflow_venv/lib/python3.12/site-packages/airflow/example_dags/example_task_group_decorator.py
[2024-05-08T13:17:15.634+0000] {logging_mixin.py:188} INFO - [2024-05-08T13:17:15.634+0000] {dag.py:3096} INFO - Sync 1 DAGs
[2024-05-08T13:17:15.645+0000] {logging_mixin.py:188} INFO - [2024-05-08T13:17:15.645+0000] {dag.py:3954} INFO - Setting next_dagrun for example_task_group_decorator to 2024-05-07 00:00:00+00:00, run_after=2024-05-08 00:00:00+00:00
[2024-05-08T13:17:15.661+0000] {processor.py:183} INFO - Processing /home/denys/airflow_venv/lib/python3.12/site-packages/airflow/example_dags/example_task_group_decorator.py took 0.053 seconds
[2024-05-08T13:17:58.603+0000] {processor.py:161} INFO - Started process (PID=2254) to work on /home/denys/airflow_venv/lib/python3.12/site-packages/airflow/example_dags/example_task_group_decorator.py
[2024-05-08T13:17:58.604+0000] {processor.py:830} INFO - Processing file /home/denys/airflow_venv/lib/python3.12/site-packages/airflow/example_dags/example_task_group_decorator.py for tasks to queue
[2024-05-08T13:17:58.605+0000] {logging_mixin.py:188} INFO - [2024-05-08T13:17:58.605+0000] {dagbag.py:545} INFO - Filling up the DagBag from /home/denys/airflow_venv/lib/python3.12/site-packages/airflow/example_dags/example_task_group_decorator.py
[2024-05-08T13:17:58.615+0000] {processor.py:840} INFO - DAG(s) 'example_task_group_decorator' retrieved from /home/denys/airflow_venv/lib/python3.12/site-packages/airflow/example_dags/example_task_group_decorator.py
[2024-05-08T13:17:58.628+0000] {logging_mixin.py:188} INFO - [2024-05-08T13:17:58.628+0000] {dag.py:3096} INFO - Sync 1 DAGs
[2024-05-08T13:17:58.640+0000] {logging_mixin.py:188} INFO - [2024-05-08T13:17:58.640+0000] {dag.py:3954} INFO - Setting next_dagrun for example_task_group_decorator to 2024-05-07 00:00:00+00:00, run_after=2024-05-08 00:00:00+00:00
[2024-05-08T13:17:58.659+0000] {processor.py:183} INFO - Processing /home/denys/airflow_venv/lib/python3.12/site-packages/airflow/example_dags/example_task_group_decorator.py took 0.061 seconds
[2024-05-08T13:19:25.968+0000] {processor.py:161} INFO - Started process (PID=2328) to work on /home/denys/airflow_venv/lib/python3.12/site-packages/airflow/example_dags/example_task_group_decorator.py
[2024-05-08T13:19:25.971+0000] {processor.py:830} INFO - Processing file /home/denys/airflow_venv/lib/python3.12/site-packages/airflow/example_dags/example_task_group_decorator.py for tasks to queue
[2024-05-08T13:19:25.972+0000] {logging_mixin.py:188} INFO - [2024-05-08T13:19:25.972+0000] {dagbag.py:545} INFO - Filling up the DagBag from /home/denys/airflow_venv/lib/python3.12/site-packages/airflow/example_dags/example_task_group_decorator.py
[2024-05-08T13:19:25.979+0000] {processor.py:840} INFO - DAG(s) 'example_task_group_decorator' retrieved from /home/denys/airflow_venv/lib/python3.12/site-packages/airflow/example_dags/example_task_group_decorator.py
[2024-05-08T13:19:25.984+0000] {logging_mixin.py:188} INFO - [2024-05-08T13:19:25.984+0000] {dag.py:3096} INFO - Sync 1 DAGs
[2024-05-08T13:19:25.994+0000] {logging_mixin.py:188} INFO - [2024-05-08T13:19:25.994+0000] {dag.py:3954} INFO - Setting next_dagrun for example_task_group_decorator to 2024-05-07 00:00:00+00:00, run_after=2024-05-08 00:00:00+00:00
[2024-05-08T13:19:26.013+0000] {processor.py:183} INFO - Processing /home/denys/airflow_venv/lib/python3.12/site-packages/airflow/example_dags/example_task_group_decorator.py took 0.052 seconds
[2024-05-08T13:20:16.922+0000] {processor.py:161} INFO - Started process (PID=2385) to work on /home/denys/airflow_venv/lib/python3.12/site-packages/airflow/example_dags/example_task_group_decorator.py
[2024-05-08T13:20:16.923+0000] {processor.py:830} INFO - Processing file /home/denys/airflow_venv/lib/python3.12/site-packages/airflow/example_dags/example_task_group_decorator.py for tasks to queue
[2024-05-08T13:20:16.924+0000] {logging_mixin.py:188} INFO - [2024-05-08T13:20:16.924+0000] {dagbag.py:545} INFO - Filling up the DagBag from /home/denys/airflow_venv/lib/python3.12/site-packages/airflow/example_dags/example_task_group_decorator.py
[2024-05-08T13:20:16.931+0000] {processor.py:840} INFO - DAG(s) 'example_task_group_decorator' retrieved from /home/denys/airflow_venv/lib/python3.12/site-packages/airflow/example_dags/example_task_group_decorator.py
[2024-05-08T13:20:16.980+0000] {logging_mixin.py:188} INFO - [2024-05-08T13:20:16.980+0000] {dag.py:3096} INFO - Sync 1 DAGs
[2024-05-08T13:20:16.988+0000] {logging_mixin.py:188} INFO - [2024-05-08T13:20:16.988+0000] {dag.py:3954} INFO - Setting next_dagrun for example_task_group_decorator to 2024-05-07 00:00:00+00:00, run_after=2024-05-08 00:00:00+00:00
[2024-05-08T13:20:17.009+0000] {processor.py:183} INFO - Processing /home/denys/airflow_venv/lib/python3.12/site-packages/airflow/example_dags/example_task_group_decorator.py took 0.090 seconds
[2024-05-08T13:21:07.200+0000] {processor.py:161} INFO - Started process (PID=2437) to work on /home/denys/airflow_venv/lib/python3.12/site-packages/airflow/example_dags/example_task_group_decorator.py
[2024-05-08T13:21:07.201+0000] {processor.py:830} INFO - Processing file /home/denys/airflow_venv/lib/python3.12/site-packages/airflow/example_dags/example_task_group_decorator.py for tasks to queue
[2024-05-08T13:21:07.202+0000] {logging_mixin.py:188} INFO - [2024-05-08T13:21:07.202+0000] {dagbag.py:545} INFO - Filling up the DagBag from /home/denys/airflow_venv/lib/python3.12/site-packages/airflow/example_dags/example_task_group_decorator.py
[2024-05-08T13:21:07.209+0000] {processor.py:840} INFO - DAG(s) 'example_task_group_decorator' retrieved from /home/denys/airflow_venv/lib/python3.12/site-packages/airflow/example_dags/example_task_group_decorator.py
[2024-05-08T13:21:07.220+0000] {logging_mixin.py:188} INFO - [2024-05-08T13:21:07.220+0000] {dag.py:3096} INFO - Sync 1 DAGs
[2024-05-08T13:21:07.231+0000] {logging_mixin.py:188} INFO - [2024-05-08T13:21:07.230+0000] {dag.py:3954} INFO - Setting next_dagrun for example_task_group_decorator to 2024-05-07 00:00:00+00:00, run_after=2024-05-08 00:00:00+00:00
[2024-05-08T13:21:07.253+0000] {processor.py:183} INFO - Processing /home/denys/airflow_venv/lib/python3.12/site-packages/airflow/example_dags/example_task_group_decorator.py took 0.056 seconds
[2024-05-08T13:21:50.964+0000] {processor.py:161} INFO - Started process (PID=2479) to work on /home/denys/airflow_venv/lib/python3.12/site-packages/airflow/example_dags/example_task_group_decorator.py
[2024-05-08T13:21:50.966+0000] {processor.py:830} INFO - Processing file /home/denys/airflow_venv/lib/python3.12/site-packages/airflow/example_dags/example_task_group_decorator.py for tasks to queue
[2024-05-08T13:21:50.967+0000] {logging_mixin.py:188} INFO - [2024-05-08T13:21:50.966+0000] {dagbag.py:545} INFO - Filling up the DagBag from /home/denys/airflow_venv/lib/python3.12/site-packages/airflow/example_dags/example_task_group_decorator.py
[2024-05-08T13:21:50.975+0000] {processor.py:840} INFO - DAG(s) 'example_task_group_decorator' retrieved from /home/denys/airflow_venv/lib/python3.12/site-packages/airflow/example_dags/example_task_group_decorator.py
[2024-05-08T13:21:50.986+0000] {logging_mixin.py:188} INFO - [2024-05-08T13:21:50.986+0000] {dag.py:3096} INFO - Sync 1 DAGs
[2024-05-08T13:21:50.996+0000] {logging_mixin.py:188} INFO - [2024-05-08T13:21:50.996+0000] {dag.py:3954} INFO - Setting next_dagrun for example_task_group_decorator to 2024-05-07 00:00:00+00:00, run_after=2024-05-08 00:00:00+00:00
[2024-05-08T13:21:51.012+0000] {processor.py:183} INFO - Processing /home/denys/airflow_venv/lib/python3.12/site-packages/airflow/example_dags/example_task_group_decorator.py took 0.051 seconds
[2024-05-08T13:22:34.957+0000] {processor.py:161} INFO - Started process (PID=2525) to work on /home/denys/airflow_venv/lib/python3.12/site-packages/airflow/example_dags/example_task_group_decorator.py
[2024-05-08T13:22:34.959+0000] {processor.py:830} INFO - Processing file /home/denys/airflow_venv/lib/python3.12/site-packages/airflow/example_dags/example_task_group_decorator.py for tasks to queue
[2024-05-08T13:22:34.960+0000] {logging_mixin.py:188} INFO - [2024-05-08T13:22:34.959+0000] {dagbag.py:545} INFO - Filling up the DagBag from /home/denys/airflow_venv/lib/python3.12/site-packages/airflow/example_dags/example_task_group_decorator.py
[2024-05-08T13:22:34.968+0000] {processor.py:840} INFO - DAG(s) 'example_task_group_decorator' retrieved from /home/denys/airflow_venv/lib/python3.12/site-packages/airflow/example_dags/example_task_group_decorator.py
[2024-05-08T13:22:34.978+0000] {logging_mixin.py:188} INFO - [2024-05-08T13:22:34.978+0000] {dag.py:3096} INFO - Sync 1 DAGs
[2024-05-08T13:22:34.990+0000] {logging_mixin.py:188} INFO - [2024-05-08T13:22:34.990+0000] {dag.py:3954} INFO - Setting next_dagrun for example_task_group_decorator to 2024-05-07 00:00:00+00:00, run_after=2024-05-08 00:00:00+00:00
[2024-05-08T13:22:35.015+0000] {processor.py:183} INFO - Processing /home/denys/airflow_venv/lib/python3.12/site-packages/airflow/example_dags/example_task_group_decorator.py took 0.061 seconds
[2024-05-08T13:23:16.181+0000] {processor.py:161} INFO - Started process (PID=2570) to work on /home/denys/airflow_venv/lib/python3.12/site-packages/airflow/example_dags/example_task_group_decorator.py
[2024-05-08T13:23:16.183+0000] {processor.py:830} INFO - Processing file /home/denys/airflow_venv/lib/python3.12/site-packages/airflow/example_dags/example_task_group_decorator.py for tasks to queue
[2024-05-08T13:23:16.184+0000] {logging_mixin.py:188} INFO - [2024-05-08T13:23:16.183+0000] {dagbag.py:545} INFO - Filling up the DagBag from /home/denys/airflow_venv/lib/python3.12/site-packages/airflow/example_dags/example_task_group_decorator.py
[2024-05-08T13:23:16.192+0000] {processor.py:840} INFO - DAG(s) 'example_task_group_decorator' retrieved from /home/denys/airflow_venv/lib/python3.12/site-packages/airflow/example_dags/example_task_group_decorator.py
[2024-05-08T13:23:16.203+0000] {logging_mixin.py:188} INFO - [2024-05-08T13:23:16.203+0000] {dag.py:3096} INFO - Sync 1 DAGs
[2024-05-08T13:23:16.216+0000] {logging_mixin.py:188} INFO - [2024-05-08T13:23:16.216+0000] {dag.py:3954} INFO - Setting next_dagrun for example_task_group_decorator to 2024-05-07 00:00:00+00:00, run_after=2024-05-08 00:00:00+00:00
[2024-05-08T13:23:16.238+0000] {processor.py:183} INFO - Processing /home/denys/airflow_venv/lib/python3.12/site-packages/airflow/example_dags/example_task_group_decorator.py took 0.060 seconds
[2024-05-08T13:23:57.354+0000] {processor.py:161} INFO - Started process (PID=2682) to work on /home/denys/airflow_venv/lib/python3.12/site-packages/airflow/example_dags/example_task_group_decorator.py
[2024-05-08T13:23:57.361+0000] {processor.py:830} INFO - Processing file /home/denys/airflow_venv/lib/python3.12/site-packages/airflow/example_dags/example_task_group_decorator.py for tasks to queue
[2024-05-08T13:23:57.362+0000] {logging_mixin.py:188} INFO - [2024-05-08T13:23:57.362+0000] {dagbag.py:545} INFO - Filling up the DagBag from /home/denys/airflow_venv/lib/python3.12/site-packages/airflow/example_dags/example_task_group_decorator.py
[2024-05-08T13:23:57.370+0000] {processor.py:840} INFO - DAG(s) 'example_task_group_decorator' retrieved from /home/denys/airflow_venv/lib/python3.12/site-packages/airflow/example_dags/example_task_group_decorator.py
[2024-05-08T13:23:57.381+0000] {logging_mixin.py:188} INFO - [2024-05-08T13:23:57.380+0000] {dag.py:3096} INFO - Sync 1 DAGs
[2024-05-08T13:23:57.391+0000] {logging_mixin.py:188} INFO - [2024-05-08T13:23:57.391+0000] {dag.py:3954} INFO - Setting next_dagrun for example_task_group_decorator to 2024-05-07 00:00:00+00:00, run_after=2024-05-08 00:00:00+00:00
[2024-05-08T13:23:57.407+0000] {processor.py:183} INFO - Processing /home/denys/airflow_venv/lib/python3.12/site-packages/airflow/example_dags/example_task_group_decorator.py took 0.056 seconds
[2024-05-08T13:24:54.578+0000] {processor.py:161} INFO - Started process (PID=2746) to work on /home/denys/airflow_venv/lib/python3.12/site-packages/airflow/example_dags/example_task_group_decorator.py
[2024-05-08T13:24:54.579+0000] {processor.py:830} INFO - Processing file /home/denys/airflow_venv/lib/python3.12/site-packages/airflow/example_dags/example_task_group_decorator.py for tasks to queue
[2024-05-08T13:24:54.580+0000] {logging_mixin.py:188} INFO - [2024-05-08T13:24:54.580+0000] {dagbag.py:545} INFO - Filling up the DagBag from /home/denys/airflow_venv/lib/python3.12/site-packages/airflow/example_dags/example_task_group_decorator.py
[2024-05-08T13:24:54.588+0000] {processor.py:840} INFO - DAG(s) 'example_task_group_decorator' retrieved from /home/denys/airflow_venv/lib/python3.12/site-packages/airflow/example_dags/example_task_group_decorator.py
[2024-05-08T13:24:54.599+0000] {logging_mixin.py:188} INFO - [2024-05-08T13:24:54.599+0000] {dag.py:3096} INFO - Sync 1 DAGs
[2024-05-08T13:24:54.609+0000] {logging_mixin.py:188} INFO - [2024-05-08T13:24:54.609+0000] {dag.py:3954} INFO - Setting next_dagrun for example_task_group_decorator to 2024-05-07 00:00:00+00:00, run_after=2024-05-08 00:00:00+00:00
[2024-05-08T13:24:54.627+0000] {processor.py:183} INFO - Processing /home/denys/airflow_venv/lib/python3.12/site-packages/airflow/example_dags/example_task_group_decorator.py took 0.052 seconds
[2024-05-08T13:25:35.871+0000] {processor.py:161} INFO - Started process (PID=2794) to work on /home/denys/airflow_venv/lib/python3.12/site-packages/airflow/example_dags/example_task_group_decorator.py
[2024-05-08T13:25:35.872+0000] {processor.py:830} INFO - Processing file /home/denys/airflow_venv/lib/python3.12/site-packages/airflow/example_dags/example_task_group_decorator.py for tasks to queue
[2024-05-08T13:25:35.873+0000] {logging_mixin.py:188} INFO - [2024-05-08T13:25:35.872+0000] {dagbag.py:545} INFO - Filling up the DagBag from /home/denys/airflow_venv/lib/python3.12/site-packages/airflow/example_dags/example_task_group_decorator.py
[2024-05-08T13:25:35.880+0000] {processor.py:840} INFO - DAG(s) 'example_task_group_decorator' retrieved from /home/denys/airflow_venv/lib/python3.12/site-packages/airflow/example_dags/example_task_group_decorator.py
[2024-05-08T13:25:35.892+0000] {logging_mixin.py:188} INFO - [2024-05-08T13:25:35.892+0000] {dag.py:3096} INFO - Sync 1 DAGs
[2024-05-08T13:25:35.903+0000] {logging_mixin.py:188} INFO - [2024-05-08T13:25:35.902+0000] {dag.py:3954} INFO - Setting next_dagrun for example_task_group_decorator to 2024-05-07 00:00:00+00:00, run_after=2024-05-08 00:00:00+00:00
[2024-05-08T13:25:35.925+0000] {processor.py:183} INFO - Processing /home/denys/airflow_venv/lib/python3.12/site-packages/airflow/example_dags/example_task_group_decorator.py took 0.058 seconds
[2024-05-08T13:26:17.411+0000] {processor.py:161} INFO - Started process (PID=2838) to work on /home/denys/airflow_venv/lib/python3.12/site-packages/airflow/example_dags/example_task_group_decorator.py
[2024-05-08T13:26:17.418+0000] {processor.py:830} INFO - Processing file /home/denys/airflow_venv/lib/python3.12/site-packages/airflow/example_dags/example_task_group_decorator.py for tasks to queue
[2024-05-08T13:26:17.419+0000] {logging_mixin.py:188} INFO - [2024-05-08T13:26:17.418+0000] {dagbag.py:545} INFO - Filling up the DagBag from /home/denys/airflow_venv/lib/python3.12/site-packages/airflow/example_dags/example_task_group_decorator.py
[2024-05-08T13:26:17.427+0000] {processor.py:840} INFO - DAG(s) 'example_task_group_decorator' retrieved from /home/denys/airflow_venv/lib/python3.12/site-packages/airflow/example_dags/example_task_group_decorator.py
[2024-05-08T13:26:17.441+0000] {logging_mixin.py:188} INFO - [2024-05-08T13:26:17.441+0000] {dag.py:3096} INFO - Sync 1 DAGs
[2024-05-08T13:26:17.453+0000] {logging_mixin.py:188} INFO - [2024-05-08T13:26:17.453+0000] {dag.py:3954} INFO - Setting next_dagrun for example_task_group_decorator to 2024-05-07 00:00:00+00:00, run_after=2024-05-08 00:00:00+00:00
[2024-05-08T13:26:17.470+0000] {processor.py:183} INFO - Processing /home/denys/airflow_venv/lib/python3.12/site-packages/airflow/example_dags/example_task_group_decorator.py took 0.063 seconds
[2024-05-08T13:27:01.224+0000] {processor.py:161} INFO - Started process (PID=2881) to work on /home/denys/airflow_venv/lib/python3.12/site-packages/airflow/example_dags/example_task_group_decorator.py
[2024-05-08T13:27:01.226+0000] {processor.py:830} INFO - Processing file /home/denys/airflow_venv/lib/python3.12/site-packages/airflow/example_dags/example_task_group_decorator.py for tasks to queue
[2024-05-08T13:27:01.227+0000] {logging_mixin.py:188} INFO - [2024-05-08T13:27:01.226+0000] {dagbag.py:545} INFO - Filling up the DagBag from /home/denys/airflow_venv/lib/python3.12/site-packages/airflow/example_dags/example_task_group_decorator.py
[2024-05-08T13:27:01.235+0000] {processor.py:840} INFO - DAG(s) 'example_task_group_decorator' retrieved from /home/denys/airflow_venv/lib/python3.12/site-packages/airflow/example_dags/example_task_group_decorator.py
[2024-05-08T13:27:01.245+0000] {logging_mixin.py:188} INFO - [2024-05-08T13:27:01.245+0000] {dag.py:3096} INFO - Sync 1 DAGs
[2024-05-08T13:27:01.254+0000] {logging_mixin.py:188} INFO - [2024-05-08T13:27:01.254+0000] {dag.py:3954} INFO - Setting next_dagrun for example_task_group_decorator to 2024-05-07 00:00:00+00:00, run_after=2024-05-08 00:00:00+00:00
[2024-05-08T13:27:01.277+0000] {processor.py:183} INFO - Processing /home/denys/airflow_venv/lib/python3.12/site-packages/airflow/example_dags/example_task_group_decorator.py took 0.055 seconds
[2024-05-08T13:27:44.976+0000] {processor.py:161} INFO - Started process (PID=2926) to work on /home/denys/airflow_venv/lib/python3.12/site-packages/airflow/example_dags/example_task_group_decorator.py
[2024-05-08T13:27:44.977+0000] {processor.py:830} INFO - Processing file /home/denys/airflow_venv/lib/python3.12/site-packages/airflow/example_dags/example_task_group_decorator.py for tasks to queue
[2024-05-08T13:27:44.978+0000] {logging_mixin.py:188} INFO - [2024-05-08T13:27:44.977+0000] {dagbag.py:545} INFO - Filling up the DagBag from /home/denys/airflow_venv/lib/python3.12/site-packages/airflow/example_dags/example_task_group_decorator.py
[2024-05-08T13:27:44.986+0000] {processor.py:840} INFO - DAG(s) 'example_task_group_decorator' retrieved from /home/denys/airflow_venv/lib/python3.12/site-packages/airflow/example_dags/example_task_group_decorator.py
[2024-05-08T13:27:44.997+0000] {logging_mixin.py:188} INFO - [2024-05-08T13:27:44.997+0000] {dag.py:3096} INFO - Sync 1 DAGs
[2024-05-08T13:27:45.006+0000] {logging_mixin.py:188} INFO - [2024-05-08T13:27:45.006+0000] {dag.py:3954} INFO - Setting next_dagrun for example_task_group_decorator to 2024-05-07 00:00:00+00:00, run_after=2024-05-08 00:00:00+00:00
[2024-05-08T13:27:45.025+0000] {processor.py:183} INFO - Processing /home/denys/airflow_venv/lib/python3.12/site-packages/airflow/example_dags/example_task_group_decorator.py took 0.052 seconds
[2024-05-08T13:28:28.714+0000] {processor.py:161} INFO - Started process (PID=2973) to work on /home/denys/airflow_venv/lib/python3.12/site-packages/airflow/example_dags/example_task_group_decorator.py
[2024-05-08T13:28:28.721+0000] {processor.py:830} INFO - Processing file /home/denys/airflow_venv/lib/python3.12/site-packages/airflow/example_dags/example_task_group_decorator.py for tasks to queue
[2024-05-08T13:28:28.722+0000] {logging_mixin.py:188} INFO - [2024-05-08T13:28:28.722+0000] {dagbag.py:545} INFO - Filling up the DagBag from /home/denys/airflow_venv/lib/python3.12/site-packages/airflow/example_dags/example_task_group_decorator.py
[2024-05-08T13:28:28.729+0000] {processor.py:840} INFO - DAG(s) 'example_task_group_decorator' retrieved from /home/denys/airflow_venv/lib/python3.12/site-packages/airflow/example_dags/example_task_group_decorator.py
[2024-05-08T13:28:28.743+0000] {logging_mixin.py:188} INFO - [2024-05-08T13:28:28.743+0000] {dag.py:3096} INFO - Sync 1 DAGs
[2024-05-08T13:28:28.754+0000] {logging_mixin.py:188} INFO - [2024-05-08T13:28:28.754+0000] {dag.py:3954} INFO - Setting next_dagrun for example_task_group_decorator to 2024-05-07 00:00:00+00:00, run_after=2024-05-08 00:00:00+00:00
[2024-05-08T13:28:28.770+0000] {processor.py:183} INFO - Processing /home/denys/airflow_venv/lib/python3.12/site-packages/airflow/example_dags/example_task_group_decorator.py took 0.060 seconds
[2024-05-08T13:29:09.558+0000] {processor.py:161} INFO - Started process (PID=3070) to work on /home/denys/airflow_venv/lib/python3.12/site-packages/airflow/example_dags/example_task_group_decorator.py
[2024-05-08T13:29:09.560+0000] {processor.py:830} INFO - Processing file /home/denys/airflow_venv/lib/python3.12/site-packages/airflow/example_dags/example_task_group_decorator.py for tasks to queue
[2024-05-08T13:29:09.561+0000] {logging_mixin.py:188} INFO - [2024-05-08T13:29:09.560+0000] {dagbag.py:545} INFO - Filling up the DagBag from /home/denys/airflow_venv/lib/python3.12/site-packages/airflow/example_dags/example_task_group_decorator.py
[2024-05-08T13:29:09.569+0000] {processor.py:840} INFO - DAG(s) 'example_task_group_decorator' retrieved from /home/denys/airflow_venv/lib/python3.12/site-packages/airflow/example_dags/example_task_group_decorator.py
[2024-05-08T13:29:09.579+0000] {logging_mixin.py:188} INFO - [2024-05-08T13:29:09.579+0000] {dag.py:3096} INFO - Sync 1 DAGs
[2024-05-08T13:29:09.589+0000] {logging_mixin.py:188} INFO - [2024-05-08T13:29:09.589+0000] {dag.py:3954} INFO - Setting next_dagrun for example_task_group_decorator to 2024-05-07 00:00:00+00:00, run_after=2024-05-08 00:00:00+00:00
[2024-05-08T13:29:09.612+0000] {processor.py:183} INFO - Processing /home/denys/airflow_venv/lib/python3.12/site-packages/airflow/example_dags/example_task_group_decorator.py took 0.057 seconds
[2024-05-08T13:30:08.074+0000] {processor.py:161} INFO - Started process (PID=3133) to work on /home/denys/airflow_venv/lib/python3.12/site-packages/airflow/example_dags/example_task_group_decorator.py
[2024-05-08T13:30:08.075+0000] {processor.py:830} INFO - Processing file /home/denys/airflow_venv/lib/python3.12/site-packages/airflow/example_dags/example_task_group_decorator.py for tasks to queue
[2024-05-08T13:30:08.076+0000] {logging_mixin.py:188} INFO - [2024-05-08T13:30:08.076+0000] {dagbag.py:545} INFO - Filling up the DagBag from /home/denys/airflow_venv/lib/python3.12/site-packages/airflow/example_dags/example_task_group_decorator.py
[2024-05-08T13:30:08.084+0000] {processor.py:840} INFO - DAG(s) 'example_task_group_decorator' retrieved from /home/denys/airflow_venv/lib/python3.12/site-packages/airflow/example_dags/example_task_group_decorator.py
[2024-05-08T13:30:08.094+0000] {logging_mixin.py:188} INFO - [2024-05-08T13:30:08.094+0000] {dag.py:3096} INFO - Sync 1 DAGs
[2024-05-08T13:30:08.104+0000] {logging_mixin.py:188} INFO - [2024-05-08T13:30:08.104+0000] {dag.py:3954} INFO - Setting next_dagrun for example_task_group_decorator to 2024-05-07 00:00:00+00:00, run_after=2024-05-08 00:00:00+00:00
[2024-05-08T13:30:08.128+0000] {processor.py:183} INFO - Processing /home/denys/airflow_venv/lib/python3.12/site-packages/airflow/example_dags/example_task_group_decorator.py took 0.058 seconds
[2024-05-08T13:30:49.298+0000] {processor.py:161} INFO - Started process (PID=3178) to work on /home/denys/airflow_venv/lib/python3.12/site-packages/airflow/example_dags/example_task_group_decorator.py
[2024-05-08T13:30:49.300+0000] {processor.py:830} INFO - Processing file /home/denys/airflow_venv/lib/python3.12/site-packages/airflow/example_dags/example_task_group_decorator.py for tasks to queue
[2024-05-08T13:30:49.301+0000] {logging_mixin.py:188} INFO - [2024-05-08T13:30:49.301+0000] {dagbag.py:545} INFO - Filling up the DagBag from /home/denys/airflow_venv/lib/python3.12/site-packages/airflow/example_dags/example_task_group_decorator.py
[2024-05-08T13:30:49.310+0000] {processor.py:840} INFO - DAG(s) 'example_task_group_decorator' retrieved from /home/denys/airflow_venv/lib/python3.12/site-packages/airflow/example_dags/example_task_group_decorator.py
[2024-05-08T13:30:49.320+0000] {logging_mixin.py:188} INFO - [2024-05-08T13:30:49.320+0000] {dag.py:3096} INFO - Sync 1 DAGs
[2024-05-08T13:30:49.330+0000] {logging_mixin.py:188} INFO - [2024-05-08T13:30:49.330+0000] {dag.py:3954} INFO - Setting next_dagrun for example_task_group_decorator to 2024-05-07 00:00:00+00:00, run_after=2024-05-08 00:00:00+00:00
[2024-05-08T13:30:49.351+0000] {processor.py:183} INFO - Processing /home/denys/airflow_venv/lib/python3.12/site-packages/airflow/example_dags/example_task_group_decorator.py took 0.056 seconds
[2024-05-08T13:31:30.847+0000] {processor.py:161} INFO - Started process (PID=3222) to work on /home/denys/airflow_venv/lib/python3.12/site-packages/airflow/example_dags/example_task_group_decorator.py
[2024-05-08T13:31:30.850+0000] {processor.py:830} INFO - Processing file /home/denys/airflow_venv/lib/python3.12/site-packages/airflow/example_dags/example_task_group_decorator.py for tasks to queue
[2024-05-08T13:31:30.851+0000] {logging_mixin.py:188} INFO - [2024-05-08T13:31:30.851+0000] {dagbag.py:545} INFO - Filling up the DagBag from /home/denys/airflow_venv/lib/python3.12/site-packages/airflow/example_dags/example_task_group_decorator.py
[2024-05-08T13:31:30.861+0000] {processor.py:840} INFO - DAG(s) 'example_task_group_decorator' retrieved from /home/denys/airflow_venv/lib/python3.12/site-packages/airflow/example_dags/example_task_group_decorator.py
[2024-05-08T13:31:30.873+0000] {logging_mixin.py:188} INFO - [2024-05-08T13:31:30.873+0000] {dag.py:3096} INFO - Sync 1 DAGs
[2024-05-08T13:31:30.885+0000] {logging_mixin.py:188} INFO - [2024-05-08T13:31:30.885+0000] {dag.py:3954} INFO - Setting next_dagrun for example_task_group_decorator to 2024-05-07 00:00:00+00:00, run_after=2024-05-08 00:00:00+00:00
[2024-05-08T13:31:30.907+0000] {processor.py:183} INFO - Processing /home/denys/airflow_venv/lib/python3.12/site-packages/airflow/example_dags/example_task_group_decorator.py took 0.063 seconds
[2024-05-08T13:32:12.314+0000] {processor.py:161} INFO - Started process (PID=3263) to work on /home/denys/airflow_venv/lib/python3.12/site-packages/airflow/example_dags/example_task_group_decorator.py
[2024-05-08T13:32:12.316+0000] {processor.py:830} INFO - Processing file /home/denys/airflow_venv/lib/python3.12/site-packages/airflow/example_dags/example_task_group_decorator.py for tasks to queue
[2024-05-08T13:32:12.317+0000] {logging_mixin.py:188} INFO - [2024-05-08T13:32:12.316+0000] {dagbag.py:545} INFO - Filling up the DagBag from /home/denys/airflow_venv/lib/python3.12/site-packages/airflow/example_dags/example_task_group_decorator.py
[2024-05-08T13:32:12.324+0000] {processor.py:840} INFO - DAG(s) 'example_task_group_decorator' retrieved from /home/denys/airflow_venv/lib/python3.12/site-packages/airflow/example_dags/example_task_group_decorator.py
[2024-05-08T13:32:12.335+0000] {logging_mixin.py:188} INFO - [2024-05-08T13:32:12.335+0000] {dag.py:3096} INFO - Sync 1 DAGs
[2024-05-08T13:32:12.347+0000] {logging_mixin.py:188} INFO - [2024-05-08T13:32:12.346+0000] {dag.py:3954} INFO - Setting next_dagrun for example_task_group_decorator to 2024-05-07 00:00:00+00:00, run_after=2024-05-08 00:00:00+00:00
[2024-05-08T13:32:12.369+0000] {processor.py:183} INFO - Processing /home/denys/airflow_venv/lib/python3.12/site-packages/airflow/example_dags/example_task_group_decorator.py took 0.058 seconds
[2024-05-08T13:32:57.198+0000] {processor.py:161} INFO - Started process (PID=3308) to work on /home/denys/airflow_venv/lib/python3.12/site-packages/airflow/example_dags/example_task_group_decorator.py
[2024-05-08T13:32:57.201+0000] {processor.py:830} INFO - Processing file /home/denys/airflow_venv/lib/python3.12/site-packages/airflow/example_dags/example_task_group_decorator.py for tasks to queue
[2024-05-08T13:32:57.202+0000] {logging_mixin.py:188} INFO - [2024-05-08T13:32:57.201+0000] {dagbag.py:545} INFO - Filling up the DagBag from /home/denys/airflow_venv/lib/python3.12/site-packages/airflow/example_dags/example_task_group_decorator.py
[2024-05-08T13:32:57.210+0000] {processor.py:840} INFO - DAG(s) 'example_task_group_decorator' retrieved from /home/denys/airflow_venv/lib/python3.12/site-packages/airflow/example_dags/example_task_group_decorator.py
[2024-05-08T13:32:57.221+0000] {logging_mixin.py:188} INFO - [2024-05-08T13:32:57.221+0000] {dag.py:3096} INFO - Sync 1 DAGs
[2024-05-08T13:32:57.232+0000] {logging_mixin.py:188} INFO - [2024-05-08T13:32:57.232+0000] {dag.py:3954} INFO - Setting next_dagrun for example_task_group_decorator to 2024-05-07 00:00:00+00:00, run_after=2024-05-08 00:00:00+00:00
[2024-05-08T13:32:57.253+0000] {processor.py:183} INFO - Processing /home/denys/airflow_venv/lib/python3.12/site-packages/airflow/example_dags/example_task_group_decorator.py took 0.058 seconds
[2024-05-08T13:33:40.026+0000] {processor.py:161} INFO - Started process (PID=3353) to work on /home/denys/airflow_venv/lib/python3.12/site-packages/airflow/example_dags/example_task_group_decorator.py
[2024-05-08T13:33:40.027+0000] {processor.py:830} INFO - Processing file /home/denys/airflow_venv/lib/python3.12/site-packages/airflow/example_dags/example_task_group_decorator.py for tasks to queue
[2024-05-08T13:33:40.028+0000] {logging_mixin.py:188} INFO - [2024-05-08T13:33:40.028+0000] {dagbag.py:545} INFO - Filling up the DagBag from /home/denys/airflow_venv/lib/python3.12/site-packages/airflow/example_dags/example_task_group_decorator.py
[2024-05-08T13:33:40.037+0000] {processor.py:840} INFO - DAG(s) 'example_task_group_decorator' retrieved from /home/denys/airflow_venv/lib/python3.12/site-packages/airflow/example_dags/example_task_group_decorator.py
[2024-05-08T13:33:40.051+0000] {logging_mixin.py:188} INFO - [2024-05-08T13:33:40.051+0000] {dag.py:3096} INFO - Sync 1 DAGs
[2024-05-08T13:33:40.063+0000] {logging_mixin.py:188} INFO - [2024-05-08T13:33:40.063+0000] {dag.py:3954} INFO - Setting next_dagrun for example_task_group_decorator to 2024-05-07 00:00:00+00:00, run_after=2024-05-08 00:00:00+00:00
[2024-05-08T13:33:40.085+0000] {processor.py:183} INFO - Processing /home/denys/airflow_venv/lib/python3.12/site-packages/airflow/example_dags/example_task_group_decorator.py took 0.064 seconds
[2024-05-08T13:34:22.778+0000] {processor.py:161} INFO - Started process (PID=3400) to work on /home/denys/airflow_venv/lib/python3.12/site-packages/airflow/example_dags/example_task_group_decorator.py
[2024-05-08T13:34:22.781+0000] {processor.py:830} INFO - Processing file /home/denys/airflow_venv/lib/python3.12/site-packages/airflow/example_dags/example_task_group_decorator.py for tasks to queue
[2024-05-08T13:34:22.782+0000] {logging_mixin.py:188} INFO - [2024-05-08T13:34:22.782+0000] {dagbag.py:545} INFO - Filling up the DagBag from /home/denys/airflow_venv/lib/python3.12/site-packages/airflow/example_dags/example_task_group_decorator.py
[2024-05-08T13:34:22.793+0000] {processor.py:840} INFO - DAG(s) 'example_task_group_decorator' retrieved from /home/denys/airflow_venv/lib/python3.12/site-packages/airflow/example_dags/example_task_group_decorator.py
[2024-05-08T13:34:22.805+0000] {logging_mixin.py:188} INFO - [2024-05-08T13:34:22.805+0000] {dag.py:3096} INFO - Sync 1 DAGs
[2024-05-08T13:34:22.815+0000] {logging_mixin.py:188} INFO - [2024-05-08T13:34:22.815+0000] {dag.py:3954} INFO - Setting next_dagrun for example_task_group_decorator to 2024-05-07 00:00:00+00:00, run_after=2024-05-08 00:00:00+00:00
[2024-05-08T13:34:22.833+0000] {processor.py:183} INFO - Processing /home/denys/airflow_venv/lib/python3.12/site-packages/airflow/example_dags/example_task_group_decorator.py took 0.058 seconds
[2024-05-08T13:35:20.494+0000] {processor.py:161} INFO - Started process (PID=3464) to work on /home/denys/airflow_venv/lib/python3.12/site-packages/airflow/example_dags/example_task_group_decorator.py
[2024-05-08T13:35:20.497+0000] {processor.py:830} INFO - Processing file /home/denys/airflow_venv/lib/python3.12/site-packages/airflow/example_dags/example_task_group_decorator.py for tasks to queue
[2024-05-08T13:35:20.498+0000] {logging_mixin.py:188} INFO - [2024-05-08T13:35:20.497+0000] {dagbag.py:545} INFO - Filling up the DagBag from /home/denys/airflow_venv/lib/python3.12/site-packages/airflow/example_dags/example_task_group_decorator.py
[2024-05-08T13:35:20.506+0000] {processor.py:840} INFO - DAG(s) 'example_task_group_decorator' retrieved from /home/denys/airflow_venv/lib/python3.12/site-packages/airflow/example_dags/example_task_group_decorator.py
[2024-05-08T13:35:20.519+0000] {logging_mixin.py:188} INFO - [2024-05-08T13:35:20.519+0000] {dag.py:3096} INFO - Sync 1 DAGs
[2024-05-08T13:35:20.530+0000] {logging_mixin.py:188} INFO - [2024-05-08T13:35:20.530+0000] {dag.py:3954} INFO - Setting next_dagrun for example_task_group_decorator to 2024-05-07 00:00:00+00:00, run_after=2024-05-08 00:00:00+00:00
[2024-05-08T13:35:20.546+0000] {processor.py:183} INFO - Processing /home/denys/airflow_venv/lib/python3.12/site-packages/airflow/example_dags/example_task_group_decorator.py took 0.056 seconds
[2024-05-08T13:36:01.111+0000] {processor.py:161} INFO - Started process (PID=3506) to work on /home/denys/airflow_venv/lib/python3.12/site-packages/airflow/example_dags/example_task_group_decorator.py
[2024-05-08T13:36:01.112+0000] {processor.py:830} INFO - Processing file /home/denys/airflow_venv/lib/python3.12/site-packages/airflow/example_dags/example_task_group_decorator.py for tasks to queue
[2024-05-08T13:36:01.114+0000] {logging_mixin.py:188} INFO - [2024-05-08T13:36:01.113+0000] {dagbag.py:545} INFO - Filling up the DagBag from /home/denys/airflow_venv/lib/python3.12/site-packages/airflow/example_dags/example_task_group_decorator.py
[2024-05-08T13:36:01.122+0000] {processor.py:840} INFO - DAG(s) 'example_task_group_decorator' retrieved from /home/denys/airflow_venv/lib/python3.12/site-packages/airflow/example_dags/example_task_group_decorator.py
[2024-05-08T13:36:01.132+0000] {logging_mixin.py:188} INFO - [2024-05-08T13:36:01.132+0000] {dag.py:3096} INFO - Sync 1 DAGs
[2024-05-08T13:36:01.142+0000] {logging_mixin.py:188} INFO - [2024-05-08T13:36:01.142+0000] {dag.py:3954} INFO - Setting next_dagrun for example_task_group_decorator to 2024-05-07 00:00:00+00:00, run_after=2024-05-08 00:00:00+00:00
[2024-05-08T13:36:01.164+0000] {processor.py:183} INFO - Processing /home/denys/airflow_venv/lib/python3.12/site-packages/airflow/example_dags/example_task_group_decorator.py took 0.057 seconds
[2024-05-08T13:36:42.469+0000] {processor.py:161} INFO - Started process (PID=3549) to work on /home/denys/airflow_venv/lib/python3.12/site-packages/airflow/example_dags/example_task_group_decorator.py
[2024-05-08T13:36:42.470+0000] {processor.py:830} INFO - Processing file /home/denys/airflow_venv/lib/python3.12/site-packages/airflow/example_dags/example_task_group_decorator.py for tasks to queue
[2024-05-08T13:36:42.471+0000] {logging_mixin.py:188} INFO - [2024-05-08T13:36:42.471+0000] {dagbag.py:545} INFO - Filling up the DagBag from /home/denys/airflow_venv/lib/python3.12/site-packages/airflow/example_dags/example_task_group_decorator.py
[2024-05-08T13:36:42.480+0000] {processor.py:840} INFO - DAG(s) 'example_task_group_decorator' retrieved from /home/denys/airflow_venv/lib/python3.12/site-packages/airflow/example_dags/example_task_group_decorator.py
[2024-05-08T13:36:42.490+0000] {logging_mixin.py:188} INFO - [2024-05-08T13:36:42.490+0000] {dag.py:3096} INFO - Sync 1 DAGs
[2024-05-08T13:36:42.500+0000] {logging_mixin.py:188} INFO - [2024-05-08T13:36:42.500+0000] {dag.py:3954} INFO - Setting next_dagrun for example_task_group_decorator to 2024-05-07 00:00:00+00:00, run_after=2024-05-08 00:00:00+00:00
[2024-05-08T13:36:42.524+0000] {processor.py:183} INFO - Processing /home/denys/airflow_venv/lib/python3.12/site-packages/airflow/example_dags/example_task_group_decorator.py took 0.058 seconds
[2024-05-08T13:37:24.392+0000] {processor.py:161} INFO - Started process (PID=3593) to work on /home/denys/airflow_venv/lib/python3.12/site-packages/airflow/example_dags/example_task_group_decorator.py
[2024-05-08T13:37:24.394+0000] {processor.py:830} INFO - Processing file /home/denys/airflow_venv/lib/python3.12/site-packages/airflow/example_dags/example_task_group_decorator.py for tasks to queue
[2024-05-08T13:37:24.395+0000] {logging_mixin.py:188} INFO - [2024-05-08T13:37:24.395+0000] {dagbag.py:545} INFO - Filling up the DagBag from /home/denys/airflow_venv/lib/python3.12/site-packages/airflow/example_dags/example_task_group_decorator.py
[2024-05-08T13:37:24.405+0000] {processor.py:840} INFO - DAG(s) 'example_task_group_decorator' retrieved from /home/denys/airflow_venv/lib/python3.12/site-packages/airflow/example_dags/example_task_group_decorator.py
[2024-05-08T13:37:24.417+0000] {logging_mixin.py:188} INFO - [2024-05-08T13:37:24.417+0000] {dag.py:3096} INFO - Sync 1 DAGs
[2024-05-08T13:37:24.429+0000] {logging_mixin.py:188} INFO - [2024-05-08T13:37:24.428+0000] {dag.py:3954} INFO - Setting next_dagrun for example_task_group_decorator to 2024-05-07 00:00:00+00:00, run_after=2024-05-08 00:00:00+00:00
[2024-05-08T13:37:24.450+0000] {processor.py:183} INFO - Processing /home/denys/airflow_venv/lib/python3.12/site-packages/airflow/example_dags/example_task_group_decorator.py took 0.061 seconds
[2024-05-08T13:38:13.635+0000] {processor.py:161} INFO - Started process (PID=3641) to work on /home/denys/airflow_venv/lib/python3.12/site-packages/airflow/example_dags/example_task_group_decorator.py
[2024-05-08T13:38:13.636+0000] {processor.py:830} INFO - Processing file /home/denys/airflow_venv/lib/python3.12/site-packages/airflow/example_dags/example_task_group_decorator.py for tasks to queue
[2024-05-08T13:38:13.637+0000] {logging_mixin.py:188} INFO - [2024-05-08T13:38:13.636+0000] {dagbag.py:545} INFO - Filling up the DagBag from /home/denys/airflow_venv/lib/python3.12/site-packages/airflow/example_dags/example_task_group_decorator.py
[2024-05-08T13:38:13.645+0000] {processor.py:840} INFO - DAG(s) 'example_task_group_decorator' retrieved from /home/denys/airflow_venv/lib/python3.12/site-packages/airflow/example_dags/example_task_group_decorator.py
[2024-05-08T13:38:13.656+0000] {logging_mixin.py:188} INFO - [2024-05-08T13:38:13.656+0000] {dag.py:3096} INFO - Sync 1 DAGs
[2024-05-08T13:38:13.667+0000] {logging_mixin.py:188} INFO - [2024-05-08T13:38:13.666+0000] {dag.py:3954} INFO - Setting next_dagrun for example_task_group_decorator to 2024-05-07 00:00:00+00:00, run_after=2024-05-08 00:00:00+00:00
[2024-05-08T13:38:13.689+0000] {processor.py:183} INFO - Processing /home/denys/airflow_venv/lib/python3.12/site-packages/airflow/example_dags/example_task_group_decorator.py took 0.058 seconds
[2024-05-08T13:38:57.820+0000] {processor.py:161} INFO - Started process (PID=3688) to work on /home/denys/airflow_venv/lib/python3.12/site-packages/airflow/example_dags/example_task_group_decorator.py
[2024-05-08T13:38:57.822+0000] {processor.py:830} INFO - Processing file /home/denys/airflow_venv/lib/python3.12/site-packages/airflow/example_dags/example_task_group_decorator.py for tasks to queue
[2024-05-08T13:38:57.823+0000] {logging_mixin.py:188} INFO - [2024-05-08T13:38:57.822+0000] {dagbag.py:545} INFO - Filling up the DagBag from /home/denys/airflow_venv/lib/python3.12/site-packages/airflow/example_dags/example_task_group_decorator.py
[2024-05-08T13:38:57.830+0000] {processor.py:840} INFO - DAG(s) 'example_task_group_decorator' retrieved from /home/denys/airflow_venv/lib/python3.12/site-packages/airflow/example_dags/example_task_group_decorator.py
[2024-05-08T13:38:57.845+0000] {logging_mixin.py:188} INFO - [2024-05-08T13:38:57.845+0000] {dag.py:3096} INFO - Sync 1 DAGs
[2024-05-08T13:38:57.858+0000] {logging_mixin.py:188} INFO - [2024-05-08T13:38:57.857+0000] {dag.py:3954} INFO - Setting next_dagrun for example_task_group_decorator to 2024-05-07 00:00:00+00:00, run_after=2024-05-08 00:00:00+00:00
[2024-05-08T13:38:57.874+0000] {processor.py:183} INFO - Processing /home/denys/airflow_venv/lib/python3.12/site-packages/airflow/example_dags/example_task_group_decorator.py took 0.057 seconds
[2024-05-08T13:39:40.715+0000] {processor.py:161} INFO - Started process (PID=3730) to work on /home/denys/airflow_venv/lib/python3.12/site-packages/airflow/example_dags/example_task_group_decorator.py
[2024-05-08T13:39:40.722+0000] {processor.py:830} INFO - Processing file /home/denys/airflow_venv/lib/python3.12/site-packages/airflow/example_dags/example_task_group_decorator.py for tasks to queue
[2024-05-08T13:39:40.723+0000] {logging_mixin.py:188} INFO - [2024-05-08T13:39:40.723+0000] {dagbag.py:545} INFO - Filling up the DagBag from /home/denys/airflow_venv/lib/python3.12/site-packages/airflow/example_dags/example_task_group_decorator.py
[2024-05-08T13:39:40.731+0000] {processor.py:840} INFO - DAG(s) 'example_task_group_decorator' retrieved from /home/denys/airflow_venv/lib/python3.12/site-packages/airflow/example_dags/example_task_group_decorator.py
[2024-05-08T13:39:40.744+0000] {logging_mixin.py:188} INFO - [2024-05-08T13:39:40.744+0000] {dag.py:3096} INFO - Sync 1 DAGs
[2024-05-08T13:39:40.822+0000] {logging_mixin.py:188} INFO - [2024-05-08T13:39:40.822+0000] {dag.py:3954} INFO - Setting next_dagrun for example_task_group_decorator to 2024-05-07 00:00:00+00:00, run_after=2024-05-08 00:00:00+00:00
[2024-05-08T13:39:40.840+0000] {processor.py:183} INFO - Processing /home/denys/airflow_venv/lib/python3.12/site-packages/airflow/example_dags/example_task_group_decorator.py took 0.129 seconds
[2024-05-08T13:40:28.161+0000] {processor.py:161} INFO - Started process (PID=3778) to work on /home/denys/airflow_venv/lib/python3.12/site-packages/airflow/example_dags/example_task_group_decorator.py
[2024-05-08T13:40:28.162+0000] {processor.py:830} INFO - Processing file /home/denys/airflow_venv/lib/python3.12/site-packages/airflow/example_dags/example_task_group_decorator.py for tasks to queue
[2024-05-08T13:40:28.163+0000] {logging_mixin.py:188} INFO - [2024-05-08T13:40:28.162+0000] {dagbag.py:545} INFO - Filling up the DagBag from /home/denys/airflow_venv/lib/python3.12/site-packages/airflow/example_dags/example_task_group_decorator.py
[2024-05-08T13:40:28.170+0000] {processor.py:840} INFO - DAG(s) 'example_task_group_decorator' retrieved from /home/denys/airflow_venv/lib/python3.12/site-packages/airflow/example_dags/example_task_group_decorator.py
[2024-05-08T13:40:28.182+0000] {logging_mixin.py:188} INFO - [2024-05-08T13:40:28.182+0000] {dag.py:3096} INFO - Sync 1 DAGs
[2024-05-08T13:40:28.193+0000] {logging_mixin.py:188} INFO - [2024-05-08T13:40:28.193+0000] {dag.py:3954} INFO - Setting next_dagrun for example_task_group_decorator to 2024-05-07 00:00:00+00:00, run_after=2024-05-08 00:00:00+00:00
[2024-05-08T13:40:28.215+0000] {processor.py:183} INFO - Processing /home/denys/airflow_venv/lib/python3.12/site-packages/airflow/example_dags/example_task_group_decorator.py took 0.058 seconds
[2024-05-08T13:41:17.349+0000] {processor.py:161} INFO - Started process (PID=3825) to work on /home/denys/airflow_venv/lib/python3.12/site-packages/airflow/example_dags/example_task_group_decorator.py
[2024-05-08T13:41:17.351+0000] {processor.py:830} INFO - Processing file /home/denys/airflow_venv/lib/python3.12/site-packages/airflow/example_dags/example_task_group_decorator.py for tasks to queue
[2024-05-08T13:41:17.352+0000] {logging_mixin.py:188} INFO - [2024-05-08T13:41:17.352+0000] {dagbag.py:545} INFO - Filling up the DagBag from /home/denys/airflow_venv/lib/python3.12/site-packages/airflow/example_dags/example_task_group_decorator.py
[2024-05-08T13:41:17.360+0000] {processor.py:840} INFO - DAG(s) 'example_task_group_decorator' retrieved from /home/denys/airflow_venv/lib/python3.12/site-packages/airflow/example_dags/example_task_group_decorator.py
[2024-05-08T13:41:17.371+0000] {logging_mixin.py:188} INFO - [2024-05-08T13:41:17.371+0000] {dag.py:3096} INFO - Sync 1 DAGs
[2024-05-08T13:41:17.382+0000] {logging_mixin.py:188} INFO - [2024-05-08T13:41:17.381+0000] {dag.py:3954} INFO - Setting next_dagrun for example_task_group_decorator to 2024-05-07 00:00:00+00:00, run_after=2024-05-08 00:00:00+00:00
[2024-05-08T13:41:17.405+0000] {processor.py:183} INFO - Processing /home/denys/airflow_venv/lib/python3.12/site-packages/airflow/example_dags/example_task_group_decorator.py took 0.059 seconds
[2024-05-08T13:42:01.674+0000] {processor.py:161} INFO - Started process (PID=3870) to work on /home/denys/airflow_venv/lib/python3.12/site-packages/airflow/example_dags/example_task_group_decorator.py
[2024-05-08T13:42:01.676+0000] {processor.py:830} INFO - Processing file /home/denys/airflow_venv/lib/python3.12/site-packages/airflow/example_dags/example_task_group_decorator.py for tasks to queue
[2024-05-08T13:42:01.677+0000] {logging_mixin.py:188} INFO - [2024-05-08T13:42:01.677+0000] {dagbag.py:545} INFO - Filling up the DagBag from /home/denys/airflow_venv/lib/python3.12/site-packages/airflow/example_dags/example_task_group_decorator.py
[2024-05-08T13:42:01.686+0000] {processor.py:840} INFO - DAG(s) 'example_task_group_decorator' retrieved from /home/denys/airflow_venv/lib/python3.12/site-packages/airflow/example_dags/example_task_group_decorator.py
[2024-05-08T13:42:01.697+0000] {logging_mixin.py:188} INFO - [2024-05-08T13:42:01.697+0000] {dag.py:3096} INFO - Sync 1 DAGs
[2024-05-08T13:42:01.709+0000] {logging_mixin.py:188} INFO - [2024-05-08T13:42:01.709+0000] {dag.py:3954} INFO - Setting next_dagrun for example_task_group_decorator to 2024-05-07 00:00:00+00:00, run_after=2024-05-08 00:00:00+00:00
[2024-05-08T13:42:01.794+0000] {processor.py:183} INFO - Processing /home/denys/airflow_venv/lib/python3.12/site-packages/airflow/example_dags/example_task_group_decorator.py took 0.122 seconds
[2024-05-08T13:42:46.228+0000] {processor.py:161} INFO - Started process (PID=3915) to work on /home/denys/airflow_venv/lib/python3.12/site-packages/airflow/example_dags/example_task_group_decorator.py
[2024-05-08T13:42:46.235+0000] {processor.py:830} INFO - Processing file /home/denys/airflow_venv/lib/python3.12/site-packages/airflow/example_dags/example_task_group_decorator.py for tasks to queue
[2024-05-08T13:42:46.236+0000] {logging_mixin.py:188} INFO - [2024-05-08T13:42:46.236+0000] {dagbag.py:545} INFO - Filling up the DagBag from /home/denys/airflow_venv/lib/python3.12/site-packages/airflow/example_dags/example_task_group_decorator.py
[2024-05-08T13:42:46.244+0000] {processor.py:840} INFO - DAG(s) 'example_task_group_decorator' retrieved from /home/denys/airflow_venv/lib/python3.12/site-packages/airflow/example_dags/example_task_group_decorator.py
[2024-05-08T13:42:46.256+0000] {logging_mixin.py:188} INFO - [2024-05-08T13:42:46.255+0000] {dag.py:3096} INFO - Sync 1 DAGs
[2024-05-08T13:42:46.266+0000] {logging_mixin.py:188} INFO - [2024-05-08T13:42:46.266+0000] {dag.py:3954} INFO - Setting next_dagrun for example_task_group_decorator to 2024-05-07 00:00:00+00:00, run_after=2024-05-08 00:00:00+00:00
[2024-05-08T13:42:46.290+0000] {processor.py:183} INFO - Processing /home/denys/airflow_venv/lib/python3.12/site-packages/airflow/example_dags/example_task_group_decorator.py took 0.066 seconds
