[2024-05-08T13:12:13.149+0000] {processor.py:161} INFO - Started process (PID=1888) to work on /home/denys/airflow_venv/lib/python3.12/site-packages/airflow/example_dags/example_task_group.py
[2024-05-08T13:12:13.150+0000] {processor.py:830} INFO - Processing file /home/denys/airflow_venv/lib/python3.12/site-packages/airflow/example_dags/example_task_group.py for tasks to queue
[2024-05-08T13:12:13.151+0000] {logging_mixin.py:188} INFO - [2024-05-08T13:12:13.150+0000] {dagbag.py:545} INFO - Filling up the DagBag from /home/denys/airflow_venv/lib/python3.12/site-packages/airflow/example_dags/example_task_group.py
[2024-05-08T13:12:13.155+0000] {processor.py:840} INFO - DAG(s) 'example_task_group' retrieved from /home/denys/airflow_venv/lib/python3.12/site-packages/airflow/example_dags/example_task_group.py
[2024-05-08T13:12:13.222+0000] {logging_mixin.py:188} INFO - [2024-05-08T13:12:13.222+0000] {override.py:1829} INFO - Created Permission View: can delete on DAG:example_task_group
[2024-05-08T13:12:13.233+0000] {logging_mixin.py:188} INFO - [2024-05-08T13:12:13.233+0000] {override.py:1829} INFO - Created Permission View: can edit on DAG:example_task_group
[2024-05-08T13:12:13.241+0000] {logging_mixin.py:188} INFO - [2024-05-08T13:12:13.241+0000] {override.py:1829} INFO - Created Permission View: can read on DAG:example_task_group
[2024-05-08T13:12:13.241+0000] {logging_mixin.py:188} INFO - [2024-05-08T13:12:13.241+0000] {dag.py:3096} INFO - Sync 1 DAGs
[2024-05-08T13:12:13.248+0000] {logging_mixin.py:188} INFO - [2024-05-08T13:12:13.248+0000] {dag.py:3118} INFO - Creating ORM DAG for example_task_group
[2024-05-08T13:12:13.253+0000] {logging_mixin.py:188} INFO - [2024-05-08T13:12:13.253+0000] {dag.py:3954} INFO - Setting next_dagrun for example_task_group to 2024-05-07 00:00:00+00:00, run_after=2024-05-08 00:00:00+00:00
[2024-05-08T13:12:13.270+0000] {processor.py:183} INFO - Processing /home/denys/airflow_venv/lib/python3.12/site-packages/airflow/example_dags/example_task_group.py took 0.124 seconds
[2024-05-08T13:13:04.109+0000] {processor.py:161} INFO - Started process (PID=1944) to work on /home/denys/airflow_venv/lib/python3.12/site-packages/airflow/example_dags/example_task_group.py
[2024-05-08T13:13:04.111+0000] {processor.py:830} INFO - Processing file /home/denys/airflow_venv/lib/python3.12/site-packages/airflow/example_dags/example_task_group.py for tasks to queue
[2024-05-08T13:13:04.112+0000] {logging_mixin.py:188} INFO - [2024-05-08T13:13:04.112+0000] {dagbag.py:545} INFO - Filling up the DagBag from /home/denys/airflow_venv/lib/python3.12/site-packages/airflow/example_dags/example_task_group.py
[2024-05-08T13:13:04.117+0000] {processor.py:840} INFO - DAG(s) 'example_task_group' retrieved from /home/denys/airflow_venv/lib/python3.12/site-packages/airflow/example_dags/example_task_group.py
[2024-05-08T13:13:04.127+0000] {logging_mixin.py:188} INFO - [2024-05-08T13:13:04.127+0000] {dag.py:3096} INFO - Sync 1 DAGs
[2024-05-08T13:13:04.138+0000] {logging_mixin.py:188} INFO - [2024-05-08T13:13:04.138+0000] {dag.py:3954} INFO - Setting next_dagrun for example_task_group to 2024-05-07 00:00:00+00:00, run_after=2024-05-08 00:00:00+00:00
[2024-05-08T13:13:04.155+0000] {processor.py:183} INFO - Processing /home/denys/airflow_venv/lib/python3.12/site-packages/airflow/example_dags/example_task_group.py took 0.049 seconds
[2024-05-08T13:13:54.934+0000] {processor.py:161} INFO - Started process (PID=1996) to work on /home/denys/airflow_venv/lib/python3.12/site-packages/airflow/example_dags/example_task_group.py
[2024-05-08T13:13:54.935+0000] {processor.py:830} INFO - Processing file /home/denys/airflow_venv/lib/python3.12/site-packages/airflow/example_dags/example_task_group.py for tasks to queue
[2024-05-08T13:13:54.936+0000] {logging_mixin.py:188} INFO - [2024-05-08T13:13:54.936+0000] {dagbag.py:545} INFO - Filling up the DagBag from /home/denys/airflow_venv/lib/python3.12/site-packages/airflow/example_dags/example_task_group.py
[2024-05-08T13:13:54.941+0000] {processor.py:840} INFO - DAG(s) 'example_task_group' retrieved from /home/denys/airflow_venv/lib/python3.12/site-packages/airflow/example_dags/example_task_group.py
[2024-05-08T13:13:54.953+0000] {logging_mixin.py:188} INFO - [2024-05-08T13:13:54.953+0000] {dag.py:3096} INFO - Sync 1 DAGs
[2024-05-08T13:13:54.965+0000] {logging_mixin.py:188} INFO - [2024-05-08T13:13:54.965+0000] {dag.py:3954} INFO - Setting next_dagrun for example_task_group to 2024-05-07 00:00:00+00:00, run_after=2024-05-08 00:00:00+00:00
[2024-05-08T13:13:54.990+0000] {processor.py:183} INFO - Processing /home/denys/airflow_venv/lib/python3.12/site-packages/airflow/example_dags/example_task_group.py took 0.060 seconds
[2024-05-08T13:14:59.881+0000] {processor.py:161} INFO - Started process (PID=2062) to work on /home/denys/airflow_venv/lib/python3.12/site-packages/airflow/example_dags/example_task_group.py
[2024-05-08T13:14:59.883+0000] {processor.py:830} INFO - Processing file /home/denys/airflow_venv/lib/python3.12/site-packages/airflow/example_dags/example_task_group.py for tasks to queue
[2024-05-08T13:14:59.884+0000] {logging_mixin.py:188} INFO - [2024-05-08T13:14:59.884+0000] {dagbag.py:545} INFO - Filling up the DagBag from /home/denys/airflow_venv/lib/python3.12/site-packages/airflow/example_dags/example_task_group.py
[2024-05-08T13:14:59.888+0000] {processor.py:840} INFO - DAG(s) 'example_task_group' retrieved from /home/denys/airflow_venv/lib/python3.12/site-packages/airflow/example_dags/example_task_group.py
[2024-05-08T13:14:59.897+0000] {logging_mixin.py:188} INFO - [2024-05-08T13:14:59.897+0000] {dag.py:3096} INFO - Sync 1 DAGs
[2024-05-08T13:14:59.907+0000] {logging_mixin.py:188} INFO - [2024-05-08T13:14:59.907+0000] {dag.py:3954} INFO - Setting next_dagrun for example_task_group to 2024-05-07 00:00:00+00:00, run_after=2024-05-08 00:00:00+00:00
[2024-05-08T13:14:59.929+0000] {processor.py:183} INFO - Processing /home/denys/airflow_venv/lib/python3.12/site-packages/airflow/example_dags/example_task_group.py took 0.051 seconds
[2024-05-08T13:16:02.331+0000] {processor.py:161} INFO - Started process (PID=2129) to work on /home/denys/airflow_venv/lib/python3.12/site-packages/airflow/example_dags/example_task_group.py
[2024-05-08T13:16:02.332+0000] {processor.py:830} INFO - Processing file /home/denys/airflow_venv/lib/python3.12/site-packages/airflow/example_dags/example_task_group.py for tasks to queue
[2024-05-08T13:16:02.333+0000] {logging_mixin.py:188} INFO - [2024-05-08T13:16:02.333+0000] {dagbag.py:545} INFO - Filling up the DagBag from /home/denys/airflow_venv/lib/python3.12/site-packages/airflow/example_dags/example_task_group.py
[2024-05-08T13:16:02.337+0000] {processor.py:840} INFO - DAG(s) 'example_task_group' retrieved from /home/denys/airflow_venv/lib/python3.12/site-packages/airflow/example_dags/example_task_group.py
[2024-05-08T13:16:02.346+0000] {logging_mixin.py:188} INFO - [2024-05-08T13:16:02.346+0000] {dag.py:3096} INFO - Sync 1 DAGs
[2024-05-08T13:16:02.356+0000] {logging_mixin.py:188} INFO - [2024-05-08T13:16:02.356+0000] {dag.py:3954} INFO - Setting next_dagrun for example_task_group to 2024-05-07 00:00:00+00:00, run_after=2024-05-08 00:00:00+00:00
[2024-05-08T13:16:02.380+0000] {processor.py:183} INFO - Processing /home/denys/airflow_venv/lib/python3.12/site-packages/airflow/example_dags/example_task_group.py took 0.052 seconds
[2024-05-08T13:17:05.780+0000] {processor.py:161} INFO - Started process (PID=2197) to work on /home/denys/airflow_venv/lib/python3.12/site-packages/airflow/example_dags/example_task_group.py
[2024-05-08T13:17:05.782+0000] {processor.py:830} INFO - Processing file /home/denys/airflow_venv/lib/python3.12/site-packages/airflow/example_dags/example_task_group.py for tasks to queue
[2024-05-08T13:17:05.783+0000] {logging_mixin.py:188} INFO - [2024-05-08T13:17:05.783+0000] {dagbag.py:545} INFO - Filling up the DagBag from /home/denys/airflow_venv/lib/python3.12/site-packages/airflow/example_dags/example_task_group.py
[2024-05-08T13:17:05.787+0000] {processor.py:840} INFO - DAG(s) 'example_task_group' retrieved from /home/denys/airflow_venv/lib/python3.12/site-packages/airflow/example_dags/example_task_group.py
[2024-05-08T13:17:05.797+0000] {logging_mixin.py:188} INFO - [2024-05-08T13:17:05.797+0000] {dag.py:3096} INFO - Sync 1 DAGs
[2024-05-08T13:17:05.809+0000] {logging_mixin.py:188} INFO - [2024-05-08T13:17:05.809+0000] {dag.py:3954} INFO - Setting next_dagrun for example_task_group to 2024-05-07 00:00:00+00:00, run_after=2024-05-08 00:00:00+00:00
[2024-05-08T13:17:05.830+0000] {processor.py:183} INFO - Processing /home/denys/airflow_venv/lib/python3.12/site-packages/airflow/example_dags/example_task_group.py took 0.053 seconds
[2024-05-08T13:18:11.410+0000] {processor.py:161} INFO - Started process (PID=2266) to work on /home/denys/airflow_venv/lib/python3.12/site-packages/airflow/example_dags/example_task_group.py
[2024-05-08T13:18:11.411+0000] {processor.py:830} INFO - Processing file /home/denys/airflow_venv/lib/python3.12/site-packages/airflow/example_dags/example_task_group.py for tasks to queue
[2024-05-08T13:18:11.412+0000] {logging_mixin.py:188} INFO - [2024-05-08T13:18:11.412+0000] {dagbag.py:545} INFO - Filling up the DagBag from /home/denys/airflow_venv/lib/python3.12/site-packages/airflow/example_dags/example_task_group.py
[2024-05-08T13:18:11.416+0000] {processor.py:840} INFO - DAG(s) 'example_task_group' retrieved from /home/denys/airflow_venv/lib/python3.12/site-packages/airflow/example_dags/example_task_group.py
[2024-05-08T13:18:11.425+0000] {logging_mixin.py:188} INFO - [2024-05-08T13:18:11.425+0000] {dag.py:3096} INFO - Sync 1 DAGs
[2024-05-08T13:18:11.436+0000] {logging_mixin.py:188} INFO - [2024-05-08T13:18:11.436+0000] {dag.py:3954} INFO - Setting next_dagrun for example_task_group to 2024-05-07 00:00:00+00:00, run_after=2024-05-08 00:00:00+00:00
[2024-05-08T13:18:11.453+0000] {processor.py:183} INFO - Processing /home/denys/airflow_venv/lib/python3.12/site-packages/airflow/example_dags/example_task_group.py took 0.047 seconds
[2024-05-08T13:19:41.309+0000] {processor.py:161} INFO - Started process (PID=2343) to work on /home/denys/airflow_venv/lib/python3.12/site-packages/airflow/example_dags/example_task_group.py
[2024-05-08T13:19:41.316+0000] {processor.py:830} INFO - Processing file /home/denys/airflow_venv/lib/python3.12/site-packages/airflow/example_dags/example_task_group.py for tasks to queue
[2024-05-08T13:19:41.317+0000] {logging_mixin.py:188} INFO - [2024-05-08T13:19:41.316+0000] {dagbag.py:545} INFO - Filling up the DagBag from /home/denys/airflow_venv/lib/python3.12/site-packages/airflow/example_dags/example_task_group.py
[2024-05-08T13:19:41.321+0000] {processor.py:840} INFO - DAG(s) 'example_task_group' retrieved from /home/denys/airflow_venv/lib/python3.12/site-packages/airflow/example_dags/example_task_group.py
[2024-05-08T13:19:41.372+0000] {logging_mixin.py:188} INFO - [2024-05-08T13:19:41.372+0000] {dag.py:3096} INFO - Sync 1 DAGs
[2024-05-08T13:19:41.381+0000] {logging_mixin.py:188} INFO - [2024-05-08T13:19:41.381+0000] {dag.py:3954} INFO - Setting next_dagrun for example_task_group to 2024-05-07 00:00:00+00:00, run_after=2024-05-08 00:00:00+00:00
[2024-05-08T13:19:41.396+0000] {processor.py:183} INFO - Processing /home/denys/airflow_venv/lib/python3.12/site-packages/airflow/example_dags/example_task_group.py took 0.092 seconds
[2024-05-08T13:20:32.287+0000] {processor.py:161} INFO - Started process (PID=2400) to work on /home/denys/airflow_venv/lib/python3.12/site-packages/airflow/example_dags/example_task_group.py
[2024-05-08T13:20:32.288+0000] {processor.py:830} INFO - Processing file /home/denys/airflow_venv/lib/python3.12/site-packages/airflow/example_dags/example_task_group.py for tasks to queue
[2024-05-08T13:20:32.290+0000] {logging_mixin.py:188} INFO - [2024-05-08T13:20:32.289+0000] {dagbag.py:545} INFO - Filling up the DagBag from /home/denys/airflow_venv/lib/python3.12/site-packages/airflow/example_dags/example_task_group.py
[2024-05-08T13:20:32.294+0000] {processor.py:840} INFO - DAG(s) 'example_task_group' retrieved from /home/denys/airflow_venv/lib/python3.12/site-packages/airflow/example_dags/example_task_group.py
[2024-05-08T13:20:32.305+0000] {logging_mixin.py:188} INFO - [2024-05-08T13:20:32.305+0000] {dag.py:3096} INFO - Sync 1 DAGs
[2024-05-08T13:20:32.315+0000] {logging_mixin.py:188} INFO - [2024-05-08T13:20:32.315+0000] {dag.py:3954} INFO - Setting next_dagrun for example_task_group to 2024-05-07 00:00:00+00:00, run_after=2024-05-08 00:00:00+00:00
[2024-05-08T13:20:32.338+0000] {processor.py:183} INFO - Processing /home/denys/airflow_venv/lib/python3.12/site-packages/airflow/example_dags/example_task_group.py took 0.055 seconds
[2024-05-08T13:21:35.692+0000] {processor.py:161} INFO - Started process (PID=2464) to work on /home/denys/airflow_venv/lib/python3.12/site-packages/airflow/example_dags/example_task_group.py
[2024-05-08T13:21:35.699+0000] {processor.py:830} INFO - Processing file /home/denys/airflow_venv/lib/python3.12/site-packages/airflow/example_dags/example_task_group.py for tasks to queue
[2024-05-08T13:21:35.700+0000] {logging_mixin.py:188} INFO - [2024-05-08T13:21:35.700+0000] {dagbag.py:545} INFO - Filling up the DagBag from /home/denys/airflow_venv/lib/python3.12/site-packages/airflow/example_dags/example_task_group.py
[2024-05-08T13:21:35.704+0000] {processor.py:840} INFO - DAG(s) 'example_task_group' retrieved from /home/denys/airflow_venv/lib/python3.12/site-packages/airflow/example_dags/example_task_group.py
[2024-05-08T13:21:35.714+0000] {logging_mixin.py:188} INFO - [2024-05-08T13:21:35.714+0000] {dag.py:3096} INFO - Sync 1 DAGs
[2024-05-08T13:21:35.727+0000] {logging_mixin.py:188} INFO - [2024-05-08T13:21:35.727+0000] {dag.py:3954} INFO - Setting next_dagrun for example_task_group to 2024-05-07 00:00:00+00:00, run_after=2024-05-08 00:00:00+00:00
[2024-05-08T13:21:35.743+0000] {processor.py:183} INFO - Processing /home/denys/airflow_venv/lib/python3.12/site-packages/airflow/example_dags/example_task_group.py took 0.054 seconds
[2024-05-08T13:22:40.437+0000] {processor.py:161} INFO - Started process (PID=2531) to work on /home/denys/airflow_venv/lib/python3.12/site-packages/airflow/example_dags/example_task_group.py
[2024-05-08T13:22:40.438+0000] {processor.py:830} INFO - Processing file /home/denys/airflow_venv/lib/python3.12/site-packages/airflow/example_dags/example_task_group.py for tasks to queue
[2024-05-08T13:22:40.439+0000] {logging_mixin.py:188} INFO - [2024-05-08T13:22:40.439+0000] {dagbag.py:545} INFO - Filling up the DagBag from /home/denys/airflow_venv/lib/python3.12/site-packages/airflow/example_dags/example_task_group.py
[2024-05-08T13:22:40.443+0000] {processor.py:840} INFO - DAG(s) 'example_task_group' retrieved from /home/denys/airflow_venv/lib/python3.12/site-packages/airflow/example_dags/example_task_group.py
[2024-05-08T13:22:40.453+0000] {logging_mixin.py:188} INFO - [2024-05-08T13:22:40.453+0000] {dag.py:3096} INFO - Sync 1 DAGs
[2024-05-08T13:22:40.462+0000] {logging_mixin.py:188} INFO - [2024-05-08T13:22:40.462+0000] {dag.py:3954} INFO - Setting next_dagrun for example_task_group to 2024-05-07 00:00:00+00:00, run_after=2024-05-08 00:00:00+00:00
[2024-05-08T13:22:40.487+0000] {processor.py:183} INFO - Processing /home/denys/airflow_venv/lib/python3.12/site-packages/airflow/example_dags/example_task_group.py took 0.054 seconds
[2024-05-08T13:23:41.341+0000] {processor.py:161} INFO - Started process (PID=2664) to work on /home/denys/airflow_venv/lib/python3.12/site-packages/airflow/example_dags/example_task_group.py
[2024-05-08T13:23:41.342+0000] {processor.py:830} INFO - Processing file /home/denys/airflow_venv/lib/python3.12/site-packages/airflow/example_dags/example_task_group.py for tasks to queue
[2024-05-08T13:23:41.343+0000] {logging_mixin.py:188} INFO - [2024-05-08T13:23:41.343+0000] {dagbag.py:545} INFO - Filling up the DagBag from /home/denys/airflow_venv/lib/python3.12/site-packages/airflow/example_dags/example_task_group.py
[2024-05-08T13:23:41.347+0000] {processor.py:840} INFO - DAG(s) 'example_task_group' retrieved from /home/denys/airflow_venv/lib/python3.12/site-packages/airflow/example_dags/example_task_group.py
[2024-05-08T13:23:41.357+0000] {logging_mixin.py:188} INFO - [2024-05-08T13:23:41.357+0000] {dag.py:3096} INFO - Sync 1 DAGs
[2024-05-08T13:23:41.367+0000] {logging_mixin.py:188} INFO - [2024-05-08T13:23:41.367+0000] {dag.py:3954} INFO - Setting next_dagrun for example_task_group to 2024-05-07 00:00:00+00:00, run_after=2024-05-08 00:00:00+00:00
[2024-05-08T13:23:41.390+0000] {processor.py:183} INFO - Processing /home/denys/airflow_venv/lib/python3.12/site-packages/airflow/example_dags/example_task_group.py took 0.053 seconds
[2024-05-08T13:24:38.482+0000] {processor.py:161} INFO - Started process (PID=2729) to work on /home/denys/airflow_venv/lib/python3.12/site-packages/airflow/example_dags/example_task_group.py
[2024-05-08T13:24:38.483+0000] {processor.py:830} INFO - Processing file /home/denys/airflow_venv/lib/python3.12/site-packages/airflow/example_dags/example_task_group.py for tasks to queue
[2024-05-08T13:24:38.484+0000] {logging_mixin.py:188} INFO - [2024-05-08T13:24:38.484+0000] {dagbag.py:545} INFO - Filling up the DagBag from /home/denys/airflow_venv/lib/python3.12/site-packages/airflow/example_dags/example_task_group.py
[2024-05-08T13:24:38.489+0000] {processor.py:840} INFO - DAG(s) 'example_task_group' retrieved from /home/denys/airflow_venv/lib/python3.12/site-packages/airflow/example_dags/example_task_group.py
[2024-05-08T13:24:38.498+0000] {logging_mixin.py:188} INFO - [2024-05-08T13:24:38.498+0000] {dag.py:3096} INFO - Sync 1 DAGs
[2024-05-08T13:24:38.510+0000] {logging_mixin.py:188} INFO - [2024-05-08T13:24:38.509+0000] {dag.py:3954} INFO - Setting next_dagrun for example_task_group to 2024-05-07 00:00:00+00:00, run_after=2024-05-08 00:00:00+00:00
[2024-05-08T13:24:38.532+0000] {processor.py:183} INFO - Processing /home/denys/airflow_venv/lib/python3.12/site-packages/airflow/example_dags/example_task_group.py took 0.053 seconds
[2024-05-08T13:25:39.743+0000] {processor.py:161} INFO - Started process (PID=2799) to work on /home/denys/airflow_venv/lib/python3.12/site-packages/airflow/example_dags/example_task_group.py
[2024-05-08T13:25:39.744+0000] {processor.py:830} INFO - Processing file /home/denys/airflow_venv/lib/python3.12/site-packages/airflow/example_dags/example_task_group.py for tasks to queue
[2024-05-08T13:25:39.745+0000] {logging_mixin.py:188} INFO - [2024-05-08T13:25:39.745+0000] {dagbag.py:545} INFO - Filling up the DagBag from /home/denys/airflow_venv/lib/python3.12/site-packages/airflow/example_dags/example_task_group.py
[2024-05-08T13:25:39.750+0000] {processor.py:840} INFO - DAG(s) 'example_task_group' retrieved from /home/denys/airflow_venv/lib/python3.12/site-packages/airflow/example_dags/example_task_group.py
[2024-05-08T13:25:39.760+0000] {logging_mixin.py:188} INFO - [2024-05-08T13:25:39.760+0000] {dag.py:3096} INFO - Sync 1 DAGs
[2024-05-08T13:25:39.770+0000] {logging_mixin.py:188} INFO - [2024-05-08T13:25:39.770+0000] {dag.py:3954} INFO - Setting next_dagrun for example_task_group to 2024-05-07 00:00:00+00:00, run_after=2024-05-08 00:00:00+00:00
[2024-05-08T13:25:39.792+0000] {processor.py:183} INFO - Processing /home/denys/airflow_venv/lib/python3.12/site-packages/airflow/example_dags/example_task_group.py took 0.053 seconds
[2024-05-08T13:26:42.944+0000] {processor.py:161} INFO - Started process (PID=2863) to work on /home/denys/airflow_venv/lib/python3.12/site-packages/airflow/example_dags/example_task_group.py
[2024-05-08T13:26:42.946+0000] {processor.py:830} INFO - Processing file /home/denys/airflow_venv/lib/python3.12/site-packages/airflow/example_dags/example_task_group.py for tasks to queue
[2024-05-08T13:26:42.947+0000] {logging_mixin.py:188} INFO - [2024-05-08T13:26:42.947+0000] {dagbag.py:545} INFO - Filling up the DagBag from /home/denys/airflow_venv/lib/python3.12/site-packages/airflow/example_dags/example_task_group.py
[2024-05-08T13:26:42.952+0000] {processor.py:840} INFO - DAG(s) 'example_task_group' retrieved from /home/denys/airflow_venv/lib/python3.12/site-packages/airflow/example_dags/example_task_group.py
[2024-05-08T13:26:42.962+0000] {logging_mixin.py:188} INFO - [2024-05-08T13:26:42.962+0000] {dag.py:3096} INFO - Sync 1 DAGs
[2024-05-08T13:26:42.973+0000] {logging_mixin.py:188} INFO - [2024-05-08T13:26:42.973+0000] {dag.py:3954} INFO - Setting next_dagrun for example_task_group to 2024-05-07 00:00:00+00:00, run_after=2024-05-08 00:00:00+00:00
[2024-05-08T13:26:42.990+0000] {processor.py:183} INFO - Processing /home/denys/airflow_venv/lib/python3.12/site-packages/airflow/example_dags/example_task_group.py took 0.049 seconds
[2024-05-08T13:27:33.708+0000] {processor.py:161} INFO - Started process (PID=2915) to work on /home/denys/airflow_venv/lib/python3.12/site-packages/airflow/example_dags/example_task_group.py
[2024-05-08T13:27:33.710+0000] {processor.py:830} INFO - Processing file /home/denys/airflow_venv/lib/python3.12/site-packages/airflow/example_dags/example_task_group.py for tasks to queue
[2024-05-08T13:27:33.711+0000] {logging_mixin.py:188} INFO - [2024-05-08T13:27:33.711+0000] {dagbag.py:545} INFO - Filling up the DagBag from /home/denys/airflow_venv/lib/python3.12/site-packages/airflow/example_dags/example_task_group.py
[2024-05-08T13:27:33.717+0000] {processor.py:840} INFO - DAG(s) 'example_task_group' retrieved from /home/denys/airflow_venv/lib/python3.12/site-packages/airflow/example_dags/example_task_group.py
[2024-05-08T13:27:33.727+0000] {logging_mixin.py:188} INFO - [2024-05-08T13:27:33.727+0000] {dag.py:3096} INFO - Sync 1 DAGs
[2024-05-08T13:27:33.738+0000] {logging_mixin.py:188} INFO - [2024-05-08T13:27:33.738+0000] {dag.py:3954} INFO - Setting next_dagrun for example_task_group to 2024-05-07 00:00:00+00:00, run_after=2024-05-08 00:00:00+00:00
[2024-05-08T13:27:33.759+0000] {processor.py:183} INFO - Processing /home/denys/airflow_venv/lib/python3.12/site-packages/airflow/example_dags/example_task_group.py took 0.054 seconds
[2024-05-08T13:28:39.396+0000] {processor.py:161} INFO - Started process (PID=2983) to work on /home/denys/airflow_venv/lib/python3.12/site-packages/airflow/example_dags/example_task_group.py
[2024-05-08T13:28:39.397+0000] {processor.py:830} INFO - Processing file /home/denys/airflow_venv/lib/python3.12/site-packages/airflow/example_dags/example_task_group.py for tasks to queue
[2024-05-08T13:28:39.399+0000] {logging_mixin.py:188} INFO - [2024-05-08T13:28:39.399+0000] {dagbag.py:545} INFO - Filling up the DagBag from /home/denys/airflow_venv/lib/python3.12/site-packages/airflow/example_dags/example_task_group.py
[2024-05-08T13:28:39.404+0000] {processor.py:840} INFO - DAG(s) 'example_task_group' retrieved from /home/denys/airflow_venv/lib/python3.12/site-packages/airflow/example_dags/example_task_group.py
[2024-05-08T13:28:39.415+0000] {logging_mixin.py:188} INFO - [2024-05-08T13:28:39.414+0000] {dag.py:3096} INFO - Sync 1 DAGs
[2024-05-08T13:28:39.428+0000] {logging_mixin.py:188} INFO - [2024-05-08T13:28:39.428+0000] {dag.py:3954} INFO - Setting next_dagrun for example_task_group to 2024-05-07 00:00:00+00:00, run_after=2024-05-08 00:00:00+00:00
[2024-05-08T13:28:39.451+0000] {processor.py:183} INFO - Processing /home/denys/airflow_venv/lib/python3.12/site-packages/airflow/example_dags/example_task_group.py took 0.059 seconds
[2024-05-08T13:29:37.111+0000] {processor.py:161} INFO - Started process (PID=3101) to work on /home/denys/airflow_venv/lib/python3.12/site-packages/airflow/example_dags/example_task_group.py
[2024-05-08T13:29:37.112+0000] {processor.py:830} INFO - Processing file /home/denys/airflow_venv/lib/python3.12/site-packages/airflow/example_dags/example_task_group.py for tasks to queue
[2024-05-08T13:29:37.113+0000] {logging_mixin.py:188} INFO - [2024-05-08T13:29:37.113+0000] {dagbag.py:545} INFO - Filling up the DagBag from /home/denys/airflow_venv/lib/python3.12/site-packages/airflow/example_dags/example_task_group.py
[2024-05-08T13:29:37.117+0000] {processor.py:840} INFO - DAG(s) 'example_task_group' retrieved from /home/denys/airflow_venv/lib/python3.12/site-packages/airflow/example_dags/example_task_group.py
[2024-05-08T13:29:37.127+0000] {logging_mixin.py:188} INFO - [2024-05-08T13:29:37.127+0000] {dag.py:3096} INFO - Sync 1 DAGs
[2024-05-08T13:29:37.138+0000] {logging_mixin.py:188} INFO - [2024-05-08T13:29:37.138+0000] {dag.py:3954} INFO - Setting next_dagrun for example_task_group to 2024-05-07 00:00:00+00:00, run_after=2024-05-08 00:00:00+00:00
[2024-05-08T13:29:37.164+0000] {processor.py:183} INFO - Processing /home/denys/airflow_venv/lib/python3.12/site-packages/airflow/example_dags/example_task_group.py took 0.056 seconds
[2024-05-08T13:30:37.516+0000] {processor.py:161} INFO - Started process (PID=3166) to work on /home/denys/airflow_venv/lib/python3.12/site-packages/airflow/example_dags/example_task_group.py
[2024-05-08T13:30:37.518+0000] {processor.py:830} INFO - Processing file /home/denys/airflow_venv/lib/python3.12/site-packages/airflow/example_dags/example_task_group.py for tasks to queue
[2024-05-08T13:30:37.519+0000] {logging_mixin.py:188} INFO - [2024-05-08T13:30:37.518+0000] {dagbag.py:545} INFO - Filling up the DagBag from /home/denys/airflow_venv/lib/python3.12/site-packages/airflow/example_dags/example_task_group.py
[2024-05-08T13:30:37.523+0000] {processor.py:840} INFO - DAG(s) 'example_task_group' retrieved from /home/denys/airflow_venv/lib/python3.12/site-packages/airflow/example_dags/example_task_group.py
[2024-05-08T13:30:37.533+0000] {logging_mixin.py:188} INFO - [2024-05-08T13:30:37.533+0000] {dag.py:3096} INFO - Sync 1 DAGs
[2024-05-08T13:30:37.543+0000] {logging_mixin.py:188} INFO - [2024-05-08T13:30:37.543+0000] {dag.py:3954} INFO - Setting next_dagrun for example_task_group to 2024-05-07 00:00:00+00:00, run_after=2024-05-08 00:00:00+00:00
[2024-05-08T13:30:37.562+0000] {processor.py:183} INFO - Processing /home/denys/airflow_venv/lib/python3.12/site-packages/airflow/example_dags/example_task_group.py took 0.050 seconds
[2024-05-08T13:31:38.396+0000] {processor.py:161} INFO - Started process (PID=3230) to work on /home/denys/airflow_venv/lib/python3.12/site-packages/airflow/example_dags/example_task_group.py
[2024-05-08T13:31:38.397+0000] {processor.py:830} INFO - Processing file /home/denys/airflow_venv/lib/python3.12/site-packages/airflow/example_dags/example_task_group.py for tasks to queue
[2024-05-08T13:31:38.398+0000] {logging_mixin.py:188} INFO - [2024-05-08T13:31:38.398+0000] {dagbag.py:545} INFO - Filling up the DagBag from /home/denys/airflow_venv/lib/python3.12/site-packages/airflow/example_dags/example_task_group.py
[2024-05-08T13:31:38.402+0000] {processor.py:840} INFO - DAG(s) 'example_task_group' retrieved from /home/denys/airflow_venv/lib/python3.12/site-packages/airflow/example_dags/example_task_group.py
[2024-05-08T13:31:38.412+0000] {logging_mixin.py:188} INFO - [2024-05-08T13:31:38.412+0000] {dag.py:3096} INFO - Sync 1 DAGs
[2024-05-08T13:31:38.423+0000] {logging_mixin.py:188} INFO - [2024-05-08T13:31:38.423+0000] {dag.py:3954} INFO - Setting next_dagrun for example_task_group to 2024-05-07 00:00:00+00:00, run_after=2024-05-08 00:00:00+00:00
[2024-05-08T13:31:38.448+0000] {processor.py:183} INFO - Processing /home/denys/airflow_venv/lib/python3.12/site-packages/airflow/example_dags/example_task_group.py took 0.055 seconds
[2024-05-08T13:32:43.486+0000] {processor.py:161} INFO - Started process (PID=3295) to work on /home/denys/airflow_venv/lib/python3.12/site-packages/airflow/example_dags/example_task_group.py
[2024-05-08T13:32:43.488+0000] {processor.py:830} INFO - Processing file /home/denys/airflow_venv/lib/python3.12/site-packages/airflow/example_dags/example_task_group.py for tasks to queue
[2024-05-08T13:32:43.490+0000] {logging_mixin.py:188} INFO - [2024-05-08T13:32:43.489+0000] {dagbag.py:545} INFO - Filling up the DagBag from /home/denys/airflow_venv/lib/python3.12/site-packages/airflow/example_dags/example_task_group.py
[2024-05-08T13:32:43.494+0000] {processor.py:840} INFO - DAG(s) 'example_task_group' retrieved from /home/denys/airflow_venv/lib/python3.12/site-packages/airflow/example_dags/example_task_group.py
[2024-05-08T13:32:43.503+0000] {logging_mixin.py:188} INFO - [2024-05-08T13:32:43.503+0000] {dag.py:3096} INFO - Sync 1 DAGs
[2024-05-08T13:32:43.513+0000] {logging_mixin.py:188} INFO - [2024-05-08T13:32:43.513+0000] {dag.py:3954} INFO - Setting next_dagrun for example_task_group to 2024-05-07 00:00:00+00:00, run_after=2024-05-08 00:00:00+00:00
[2024-05-08T13:32:43.535+0000] {processor.py:183} INFO - Processing /home/denys/airflow_venv/lib/python3.12/site-packages/airflow/example_dags/example_task_group.py took 0.052 seconds
[2024-05-08T13:33:48.784+0000] {processor.py:161} INFO - Started process (PID=3361) to work on /home/denys/airflow_venv/lib/python3.12/site-packages/airflow/example_dags/example_task_group.py
[2024-05-08T13:33:48.786+0000] {processor.py:830} INFO - Processing file /home/denys/airflow_venv/lib/python3.12/site-packages/airflow/example_dags/example_task_group.py for tasks to queue
[2024-05-08T13:33:48.787+0000] {logging_mixin.py:188} INFO - [2024-05-08T13:33:48.787+0000] {dagbag.py:545} INFO - Filling up the DagBag from /home/denys/airflow_venv/lib/python3.12/site-packages/airflow/example_dags/example_task_group.py
[2024-05-08T13:33:48.792+0000] {processor.py:840} INFO - DAG(s) 'example_task_group' retrieved from /home/denys/airflow_venv/lib/python3.12/site-packages/airflow/example_dags/example_task_group.py
[2024-05-08T13:33:48.801+0000] {logging_mixin.py:188} INFO - [2024-05-08T13:33:48.801+0000] {dag.py:3096} INFO - Sync 1 DAGs
[2024-05-08T13:33:48.811+0000] {logging_mixin.py:188} INFO - [2024-05-08T13:33:48.811+0000] {dag.py:3954} INFO - Setting next_dagrun for example_task_group to 2024-05-07 00:00:00+00:00, run_after=2024-05-08 00:00:00+00:00
[2024-05-08T13:33:48.835+0000] {processor.py:183} INFO - Processing /home/denys/airflow_venv/lib/python3.12/site-packages/airflow/example_dags/example_task_group.py took 0.056 seconds
[2024-05-08T13:34:50.773+0000] {processor.py:161} INFO - Started process (PID=3429) to work on /home/denys/airflow_venv/lib/python3.12/site-packages/airflow/example_dags/example_task_group.py
[2024-05-08T13:34:50.775+0000] {processor.py:830} INFO - Processing file /home/denys/airflow_venv/lib/python3.12/site-packages/airflow/example_dags/example_task_group.py for tasks to queue
[2024-05-08T13:34:50.776+0000] {logging_mixin.py:188} INFO - [2024-05-08T13:34:50.776+0000] {dagbag.py:545} INFO - Filling up the DagBag from /home/denys/airflow_venv/lib/python3.12/site-packages/airflow/example_dags/example_task_group.py
[2024-05-08T13:34:50.780+0000] {processor.py:840} INFO - DAG(s) 'example_task_group' retrieved from /home/denys/airflow_venv/lib/python3.12/site-packages/airflow/example_dags/example_task_group.py
[2024-05-08T13:34:50.790+0000] {logging_mixin.py:188} INFO - [2024-05-08T13:34:50.790+0000] {dag.py:3096} INFO - Sync 1 DAGs
[2024-05-08T13:34:50.800+0000] {logging_mixin.py:188} INFO - [2024-05-08T13:34:50.800+0000] {dag.py:3954} INFO - Setting next_dagrun for example_task_group to 2024-05-07 00:00:00+00:00, run_after=2024-05-08 00:00:00+00:00
[2024-05-08T13:34:50.820+0000] {processor.py:183} INFO - Processing /home/denys/airflow_venv/lib/python3.12/site-packages/airflow/example_dags/example_task_group.py took 0.051 seconds
[2024-05-08T13:35:49.377+0000] {processor.py:161} INFO - Started process (PID=3494) to work on /home/denys/airflow_venv/lib/python3.12/site-packages/airflow/example_dags/example_task_group.py
[2024-05-08T13:35:49.378+0000] {processor.py:830} INFO - Processing file /home/denys/airflow_venv/lib/python3.12/site-packages/airflow/example_dags/example_task_group.py for tasks to queue
[2024-05-08T13:35:49.379+0000] {logging_mixin.py:188} INFO - [2024-05-08T13:35:49.378+0000] {dagbag.py:545} INFO - Filling up the DagBag from /home/denys/airflow_venv/lib/python3.12/site-packages/airflow/example_dags/example_task_group.py
[2024-05-08T13:35:49.383+0000] {processor.py:840} INFO - DAG(s) 'example_task_group' retrieved from /home/denys/airflow_venv/lib/python3.12/site-packages/airflow/example_dags/example_task_group.py
[2024-05-08T13:35:49.392+0000] {logging_mixin.py:188} INFO - [2024-05-08T13:35:49.392+0000] {dag.py:3096} INFO - Sync 1 DAGs
[2024-05-08T13:35:49.402+0000] {logging_mixin.py:188} INFO - [2024-05-08T13:35:49.402+0000] {dag.py:3954} INFO - Setting next_dagrun for example_task_group to 2024-05-07 00:00:00+00:00, run_after=2024-05-08 00:00:00+00:00
[2024-05-08T13:35:49.429+0000] {processor.py:183} INFO - Processing /home/denys/airflow_venv/lib/python3.12/site-packages/airflow/example_dags/example_task_group.py took 0.056 seconds
[2024-05-08T13:36:51.832+0000] {processor.py:161} INFO - Started process (PID=3559) to work on /home/denys/airflow_venv/lib/python3.12/site-packages/airflow/example_dags/example_task_group.py
[2024-05-08T13:36:51.834+0000] {processor.py:830} INFO - Processing file /home/denys/airflow_venv/lib/python3.12/site-packages/airflow/example_dags/example_task_group.py for tasks to queue
[2024-05-08T13:36:51.835+0000] {logging_mixin.py:188} INFO - [2024-05-08T13:36:51.835+0000] {dagbag.py:545} INFO - Filling up the DagBag from /home/denys/airflow_venv/lib/python3.12/site-packages/airflow/example_dags/example_task_group.py
[2024-05-08T13:36:51.839+0000] {processor.py:840} INFO - DAG(s) 'example_task_group' retrieved from /home/denys/airflow_venv/lib/python3.12/site-packages/airflow/example_dags/example_task_group.py
[2024-05-08T13:36:51.848+0000] {logging_mixin.py:188} INFO - [2024-05-08T13:36:51.848+0000] {dag.py:3096} INFO - Sync 1 DAGs
[2024-05-08T13:36:51.858+0000] {logging_mixin.py:188} INFO - [2024-05-08T13:36:51.858+0000] {dag.py:3954} INFO - Setting next_dagrun for example_task_group to 2024-05-07 00:00:00+00:00, run_after=2024-05-08 00:00:00+00:00
[2024-05-08T13:36:51.881+0000] {processor.py:183} INFO - Processing /home/denys/airflow_venv/lib/python3.12/site-packages/airflow/example_dags/example_task_group.py took 0.052 seconds
[2024-05-08T13:38:01.007+0000] {processor.py:161} INFO - Started process (PID=3628) to work on /home/denys/airflow_venv/lib/python3.12/site-packages/airflow/example_dags/example_task_group.py
[2024-05-08T13:38:01.008+0000] {processor.py:830} INFO - Processing file /home/denys/airflow_venv/lib/python3.12/site-packages/airflow/example_dags/example_task_group.py for tasks to queue
[2024-05-08T13:38:01.009+0000] {logging_mixin.py:188} INFO - [2024-05-08T13:38:01.009+0000] {dagbag.py:545} INFO - Filling up the DagBag from /home/denys/airflow_venv/lib/python3.12/site-packages/airflow/example_dags/example_task_group.py
[2024-05-08T13:38:01.013+0000] {processor.py:840} INFO - DAG(s) 'example_task_group' retrieved from /home/denys/airflow_venv/lib/python3.12/site-packages/airflow/example_dags/example_task_group.py
[2024-05-08T13:38:01.022+0000] {logging_mixin.py:188} INFO - [2024-05-08T13:38:01.022+0000] {dag.py:3096} INFO - Sync 1 DAGs
[2024-05-08T13:38:01.032+0000] {logging_mixin.py:188} INFO - [2024-05-08T13:38:01.031+0000] {dag.py:3954} INFO - Setting next_dagrun for example_task_group to 2024-05-07 00:00:00+00:00, run_after=2024-05-08 00:00:00+00:00
[2024-05-08T13:38:01.052+0000] {processor.py:183} INFO - Processing /home/denys/airflow_venv/lib/python3.12/site-packages/airflow/example_dags/example_task_group.py took 0.048 seconds
[2024-05-08T13:39:05.121+0000] {processor.py:161} INFO - Started process (PID=3696) to work on /home/denys/airflow_venv/lib/python3.12/site-packages/airflow/example_dags/example_task_group.py
[2024-05-08T13:39:05.123+0000] {processor.py:830} INFO - Processing file /home/denys/airflow_venv/lib/python3.12/site-packages/airflow/example_dags/example_task_group.py for tasks to queue
[2024-05-08T13:39:05.124+0000] {logging_mixin.py:188} INFO - [2024-05-08T13:39:05.123+0000] {dagbag.py:545} INFO - Filling up the DagBag from /home/denys/airflow_venv/lib/python3.12/site-packages/airflow/example_dags/example_task_group.py
[2024-05-08T13:39:05.128+0000] {processor.py:840} INFO - DAG(s) 'example_task_group' retrieved from /home/denys/airflow_venv/lib/python3.12/site-packages/airflow/example_dags/example_task_group.py
[2024-05-08T13:39:05.138+0000] {logging_mixin.py:188} INFO - [2024-05-08T13:39:05.137+0000] {dag.py:3096} INFO - Sync 1 DAGs
[2024-05-08T13:39:05.147+0000] {logging_mixin.py:188} INFO - [2024-05-08T13:39:05.147+0000] {dag.py:3954} INFO - Setting next_dagrun for example_task_group to 2024-05-07 00:00:00+00:00, run_after=2024-05-08 00:00:00+00:00
[2024-05-08T13:39:05.169+0000] {processor.py:183} INFO - Processing /home/denys/airflow_venv/lib/python3.12/site-packages/airflow/example_dags/example_task_group.py took 0.051 seconds
[2024-05-08T13:40:10.849+0000] {processor.py:161} INFO - Started process (PID=3760) to work on /home/denys/airflow_venv/lib/python3.12/site-packages/airflow/example_dags/example_task_group.py
[2024-05-08T13:40:10.851+0000] {processor.py:830} INFO - Processing file /home/denys/airflow_venv/lib/python3.12/site-packages/airflow/example_dags/example_task_group.py for tasks to queue
[2024-05-08T13:40:10.852+0000] {logging_mixin.py:188} INFO - [2024-05-08T13:40:10.852+0000] {dagbag.py:545} INFO - Filling up the DagBag from /home/denys/airflow_venv/lib/python3.12/site-packages/airflow/example_dags/example_task_group.py
[2024-05-08T13:40:10.858+0000] {processor.py:840} INFO - DAG(s) 'example_task_group' retrieved from /home/denys/airflow_venv/lib/python3.12/site-packages/airflow/example_dags/example_task_group.py
[2024-05-08T13:40:10.870+0000] {logging_mixin.py:188} INFO - [2024-05-08T13:40:10.870+0000] {dag.py:3096} INFO - Sync 1 DAGs
[2024-05-08T13:40:10.882+0000] {logging_mixin.py:188} INFO - [2024-05-08T13:40:10.881+0000] {dag.py:3954} INFO - Setting next_dagrun for example_task_group to 2024-05-07 00:00:00+00:00, run_after=2024-05-08 00:00:00+00:00
[2024-05-08T13:40:10.902+0000] {processor.py:183} INFO - Processing /home/denys/airflow_venv/lib/python3.12/site-packages/airflow/example_dags/example_task_group.py took 0.057 seconds
[2024-05-08T13:41:01.042+0000] {processor.py:161} INFO - Started process (PID=3809) to work on /home/denys/airflow_venv/lib/python3.12/site-packages/airflow/example_dags/example_task_group.py
[2024-05-08T13:41:01.043+0000] {processor.py:830} INFO - Processing file /home/denys/airflow_venv/lib/python3.12/site-packages/airflow/example_dags/example_task_group.py for tasks to queue
[2024-05-08T13:41:01.044+0000] {logging_mixin.py:188} INFO - [2024-05-08T13:41:01.044+0000] {dagbag.py:545} INFO - Filling up the DagBag from /home/denys/airflow_venv/lib/python3.12/site-packages/airflow/example_dags/example_task_group.py
[2024-05-08T13:41:01.049+0000] {processor.py:840} INFO - DAG(s) 'example_task_group' retrieved from /home/denys/airflow_venv/lib/python3.12/site-packages/airflow/example_dags/example_task_group.py
[2024-05-08T13:41:01.059+0000] {logging_mixin.py:188} INFO - [2024-05-08T13:41:01.059+0000] {dag.py:3096} INFO - Sync 1 DAGs
[2024-05-08T13:41:01.129+0000] {logging_mixin.py:188} INFO - [2024-05-08T13:41:01.129+0000] {dag.py:3954} INFO - Setting next_dagrun for example_task_group to 2024-05-07 00:00:00+00:00, run_after=2024-05-08 00:00:00+00:00
[2024-05-08T13:41:01.151+0000] {processor.py:183} INFO - Processing /home/denys/airflow_venv/lib/python3.12/site-packages/airflow/example_dags/example_task_group.py took 0.112 seconds
[2024-05-08T13:42:07.171+0000] {processor.py:161} INFO - Started process (PID=3876) to work on /home/denys/airflow_venv/lib/python3.12/site-packages/airflow/example_dags/example_task_group.py
[2024-05-08T13:42:07.173+0000] {processor.py:830} INFO - Processing file /home/denys/airflow_venv/lib/python3.12/site-packages/airflow/example_dags/example_task_group.py for tasks to queue
[2024-05-08T13:42:07.174+0000] {logging_mixin.py:188} INFO - [2024-05-08T13:42:07.174+0000] {dagbag.py:545} INFO - Filling up the DagBag from /home/denys/airflow_venv/lib/python3.12/site-packages/airflow/example_dags/example_task_group.py
[2024-05-08T13:42:07.179+0000] {processor.py:840} INFO - DAG(s) 'example_task_group' retrieved from /home/denys/airflow_venv/lib/python3.12/site-packages/airflow/example_dags/example_task_group.py
[2024-05-08T13:42:07.190+0000] {logging_mixin.py:188} INFO - [2024-05-08T13:42:07.189+0000] {dag.py:3096} INFO - Sync 1 DAGs
[2024-05-08T13:42:07.201+0000] {logging_mixin.py:188} INFO - [2024-05-08T13:42:07.201+0000] {dag.py:3954} INFO - Setting next_dagrun for example_task_group to 2024-05-07 00:00:00+00:00, run_after=2024-05-08 00:00:00+00:00
[2024-05-08T13:42:07.293+0000] {processor.py:183} INFO - Processing /home/denys/airflow_venv/lib/python3.12/site-packages/airflow/example_dags/example_task_group.py took 0.125 seconds
[2024-05-08T13:43:15.001+0000] {processor.py:161} INFO - Started process (PID=3945) to work on /home/denys/airflow_venv/lib/python3.12/site-packages/airflow/example_dags/example_task_group.py
[2024-05-08T13:43:15.003+0000] {processor.py:830} INFO - Processing file /home/denys/airflow_venv/lib/python3.12/site-packages/airflow/example_dags/example_task_group.py for tasks to queue
[2024-05-08T13:43:15.005+0000] {logging_mixin.py:188} INFO - [2024-05-08T13:43:15.004+0000] {dagbag.py:545} INFO - Filling up the DagBag from /home/denys/airflow_venv/lib/python3.12/site-packages/airflow/example_dags/example_task_group.py
[2024-05-08T13:43:15.011+0000] {processor.py:840} INFO - DAG(s) 'example_task_group' retrieved from /home/denys/airflow_venv/lib/python3.12/site-packages/airflow/example_dags/example_task_group.py
[2024-05-08T13:43:15.023+0000] {logging_mixin.py:188} INFO - [2024-05-08T13:43:15.022+0000] {dag.py:3096} INFO - Sync 1 DAGs
[2024-05-08T13:43:15.037+0000] {logging_mixin.py:188} INFO - [2024-05-08T13:43:15.036+0000] {dag.py:3954} INFO - Setting next_dagrun for example_task_group to 2024-05-07 00:00:00+00:00, run_after=2024-05-08 00:00:00+00:00
[2024-05-08T13:43:15.060+0000] {processor.py:183} INFO - Processing /home/denys/airflow_venv/lib/python3.12/site-packages/airflow/example_dags/example_task_group.py took 0.062 seconds
