[2024-05-08T13:11:44.172+0000] {processor.py:161} INFO - Started process (PID=1861) to work on /home/denys/airflow_venv/lib/python3.12/site-packages/airflow/example_dags/example_xcomargs.py
[2024-05-08T13:11:44.172+0000] {processor.py:830} INFO - Processing file /home/denys/airflow_venv/lib/python3.12/site-packages/airflow/example_dags/example_xcomargs.py for tasks to queue
[2024-05-08T13:11:44.173+0000] {logging_mixin.py:188} INFO - [2024-05-08T13:11:44.173+0000] {dagbag.py:545} INFO - Filling up the DagBag from /home/denys/airflow_venv/lib/python3.12/site-packages/airflow/example_dags/example_xcomargs.py
[2024-05-08T13:11:44.180+0000] {processor.py:840} INFO - DAG(s) 'example_xcom_args', 'example_xcom_args_with_operators' retrieved from /home/denys/airflow_venv/lib/python3.12/site-packages/airflow/example_dags/example_xcomargs.py
[2024-05-08T13:11:44.252+0000] {logging_mixin.py:188} INFO - [2024-05-08T13:11:44.252+0000] {override.py:1829} INFO - Created Permission View: can delete on DAG:example_xcom_args
[2024-05-08T13:11:44.262+0000] {logging_mixin.py:188} INFO - [2024-05-08T13:11:44.262+0000] {override.py:1829} INFO - Created Permission View: can edit on DAG:example_xcom_args
[2024-05-08T13:11:44.272+0000] {logging_mixin.py:188} INFO - [2024-05-08T13:11:44.271+0000] {override.py:1829} INFO - Created Permission View: can read on DAG:example_xcom_args
[2024-05-08T13:11:44.294+0000] {logging_mixin.py:188} INFO - [2024-05-08T13:11:44.294+0000] {override.py:1829} INFO - Created Permission View: can delete on DAG:example_xcom_args_with_operators
[2024-05-08T13:11:44.302+0000] {logging_mixin.py:188} INFO - [2024-05-08T13:11:44.302+0000] {override.py:1829} INFO - Created Permission View: can edit on DAG:example_xcom_args_with_operators
[2024-05-08T13:11:44.309+0000] {logging_mixin.py:188} INFO - [2024-05-08T13:11:44.309+0000] {override.py:1829} INFO - Created Permission View: can read on DAG:example_xcom_args_with_operators
[2024-05-08T13:11:44.310+0000] {logging_mixin.py:188} INFO - [2024-05-08T13:11:44.310+0000] {dag.py:3096} INFO - Sync 2 DAGs
[2024-05-08T13:11:44.315+0000] {logging_mixin.py:188} INFO - [2024-05-08T13:11:44.315+0000] {dag.py:3118} INFO - Creating ORM DAG for example_xcom_args_with_operators
[2024-05-08T13:11:44.316+0000] {logging_mixin.py:188} INFO - [2024-05-08T13:11:44.316+0000] {dag.py:3118} INFO - Creating ORM DAG for example_xcom_args
[2024-05-08T13:11:44.316+0000] {logging_mixin.py:188} INFO - [2024-05-08T13:11:44.316+0000] {dag.py:3954} INFO - Setting next_dagrun for example_xcom_args to None, run_after=None
[2024-05-08T13:11:44.316+0000] {logging_mixin.py:188} INFO - [2024-05-08T13:11:44.316+0000] {dag.py:3954} INFO - Setting next_dagrun for example_xcom_args_with_operators to None, run_after=None
[2024-05-08T13:11:44.333+0000] {processor.py:183} INFO - Processing /home/denys/airflow_venv/lib/python3.12/site-packages/airflow/example_dags/example_xcomargs.py took 0.164 seconds
[2024-05-08T13:12:38.856+0000] {processor.py:161} INFO - Started process (PID=1914) to work on /home/denys/airflow_venv/lib/python3.12/site-packages/airflow/example_dags/example_xcomargs.py
[2024-05-08T13:12:38.859+0000] {processor.py:830} INFO - Processing file /home/denys/airflow_venv/lib/python3.12/site-packages/airflow/example_dags/example_xcomargs.py for tasks to queue
[2024-05-08T13:12:38.860+0000] {logging_mixin.py:188} INFO - [2024-05-08T13:12:38.859+0000] {dagbag.py:545} INFO - Filling up the DagBag from /home/denys/airflow_venv/lib/python3.12/site-packages/airflow/example_dags/example_xcomargs.py
[2024-05-08T13:12:38.865+0000] {processor.py:840} INFO - DAG(s) 'example_xcom_args', 'example_xcom_args_with_operators' retrieved from /home/denys/airflow_venv/lib/python3.12/site-packages/airflow/example_dags/example_xcomargs.py
[2024-05-08T13:12:38.876+0000] {logging_mixin.py:188} INFO - [2024-05-08T13:12:38.875+0000] {dag.py:3096} INFO - Sync 2 DAGs
[2024-05-08T13:12:38.882+0000] {logging_mixin.py:188} INFO - [2024-05-08T13:12:38.881+0000] {dag.py:3954} INFO - Setting next_dagrun for example_xcom_args to None, run_after=None
[2024-05-08T13:12:38.883+0000] {logging_mixin.py:188} INFO - [2024-05-08T13:12:38.883+0000] {dag.py:3954} INFO - Setting next_dagrun for example_xcom_args_with_operators to None, run_after=None
[2024-05-08T13:12:38.900+0000] {processor.py:183} INFO - Processing /home/denys/airflow_venv/lib/python3.12/site-packages/airflow/example_dags/example_xcomargs.py took 0.047 seconds
[2024-05-08T13:13:24.099+0000] {processor.py:161} INFO - Started process (PID=1963) to work on /home/denys/airflow_venv/lib/python3.12/site-packages/airflow/example_dags/example_xcomargs.py
[2024-05-08T13:13:24.100+0000] {processor.py:830} INFO - Processing file /home/denys/airflow_venv/lib/python3.12/site-packages/airflow/example_dags/example_xcomargs.py for tasks to queue
[2024-05-08T13:13:24.101+0000] {logging_mixin.py:188} INFO - [2024-05-08T13:13:24.101+0000] {dagbag.py:545} INFO - Filling up the DagBag from /home/denys/airflow_venv/lib/python3.12/site-packages/airflow/example_dags/example_xcomargs.py
[2024-05-08T13:13:24.107+0000] {processor.py:840} INFO - DAG(s) 'example_xcom_args', 'example_xcom_args_with_operators' retrieved from /home/denys/airflow_venv/lib/python3.12/site-packages/airflow/example_dags/example_xcomargs.py
[2024-05-08T13:13:24.117+0000] {logging_mixin.py:188} INFO - [2024-05-08T13:13:24.117+0000] {dag.py:3096} INFO - Sync 2 DAGs
[2024-05-08T13:13:24.123+0000] {logging_mixin.py:188} INFO - [2024-05-08T13:13:24.123+0000] {dag.py:3954} INFO - Setting next_dagrun for example_xcom_args to None, run_after=None
[2024-05-08T13:13:24.125+0000] {logging_mixin.py:188} INFO - [2024-05-08T13:13:24.124+0000] {dag.py:3954} INFO - Setting next_dagrun for example_xcom_args_with_operators to None, run_after=None
[2024-05-08T13:13:24.148+0000] {processor.py:183} INFO - Processing /home/denys/airflow_venv/lib/python3.12/site-packages/airflow/example_dags/example_xcomargs.py took 0.052 seconds
[2024-05-08T13:14:06.254+0000] {processor.py:161} INFO - Started process (PID=2008) to work on /home/denys/airflow_venv/lib/python3.12/site-packages/airflow/example_dags/example_xcomargs.py
[2024-05-08T13:14:06.255+0000] {processor.py:830} INFO - Processing file /home/denys/airflow_venv/lib/python3.12/site-packages/airflow/example_dags/example_xcomargs.py for tasks to queue
[2024-05-08T13:14:06.256+0000] {logging_mixin.py:188} INFO - [2024-05-08T13:14:06.256+0000] {dagbag.py:545} INFO - Filling up the DagBag from /home/denys/airflow_venv/lib/python3.12/site-packages/airflow/example_dags/example_xcomargs.py
[2024-05-08T13:14:06.261+0000] {processor.py:840} INFO - DAG(s) 'example_xcom_args', 'example_xcom_args_with_operators' retrieved from /home/denys/airflow_venv/lib/python3.12/site-packages/airflow/example_dags/example_xcomargs.py
[2024-05-08T13:14:06.271+0000] {logging_mixin.py:188} INFO - [2024-05-08T13:14:06.271+0000] {dag.py:3096} INFO - Sync 2 DAGs
[2024-05-08T13:14:06.277+0000] {logging_mixin.py:188} INFO - [2024-05-08T13:14:06.277+0000] {dag.py:3954} INFO - Setting next_dagrun for example_xcom_args to None, run_after=None
[2024-05-08T13:14:06.279+0000] {logging_mixin.py:188} INFO - [2024-05-08T13:14:06.278+0000] {dag.py:3954} INFO - Setting next_dagrun for example_xcom_args_with_operators to None, run_after=None
[2024-05-08T13:14:06.299+0000] {processor.py:183} INFO - Processing /home/denys/airflow_venv/lib/python3.12/site-packages/airflow/example_dags/example_xcomargs.py took 0.048 seconds
[2024-05-08T13:14:49.285+0000] {processor.py:161} INFO - Started process (PID=2051) to work on /home/denys/airflow_venv/lib/python3.12/site-packages/airflow/example_dags/example_xcomargs.py
[2024-05-08T13:14:49.286+0000] {processor.py:830} INFO - Processing file /home/denys/airflow_venv/lib/python3.12/site-packages/airflow/example_dags/example_xcomargs.py for tasks to queue
[2024-05-08T13:14:49.287+0000] {logging_mixin.py:188} INFO - [2024-05-08T13:14:49.287+0000] {dagbag.py:545} INFO - Filling up the DagBag from /home/denys/airflow_venv/lib/python3.12/site-packages/airflow/example_dags/example_xcomargs.py
[2024-05-08T13:14:49.292+0000] {processor.py:840} INFO - DAG(s) 'example_xcom_args', 'example_xcom_args_with_operators' retrieved from /home/denys/airflow_venv/lib/python3.12/site-packages/airflow/example_dags/example_xcomargs.py
[2024-05-08T13:14:49.303+0000] {logging_mixin.py:188} INFO - [2024-05-08T13:14:49.303+0000] {dag.py:3096} INFO - Sync 2 DAGs
[2024-05-08T13:14:49.311+0000] {logging_mixin.py:188} INFO - [2024-05-08T13:14:49.311+0000] {dag.py:3954} INFO - Setting next_dagrun for example_xcom_args to None, run_after=None
[2024-05-08T13:14:49.313+0000] {logging_mixin.py:188} INFO - [2024-05-08T13:14:49.313+0000] {dag.py:3954} INFO - Setting next_dagrun for example_xcom_args_with_operators to None, run_after=None
[2024-05-08T13:14:49.337+0000] {processor.py:183} INFO - Processing /home/denys/airflow_venv/lib/python3.12/site-packages/airflow/example_dags/example_xcomargs.py took 0.056 seconds
[2024-05-08T13:15:32.183+0000] {processor.py:161} INFO - Started process (PID=2097) to work on /home/denys/airflow_venv/lib/python3.12/site-packages/airflow/example_dags/example_xcomargs.py
[2024-05-08T13:15:32.185+0000] {processor.py:830} INFO - Processing file /home/denys/airflow_venv/lib/python3.12/site-packages/airflow/example_dags/example_xcomargs.py for tasks to queue
[2024-05-08T13:15:32.186+0000] {logging_mixin.py:188} INFO - [2024-05-08T13:15:32.186+0000] {dagbag.py:545} INFO - Filling up the DagBag from /home/denys/airflow_venv/lib/python3.12/site-packages/airflow/example_dags/example_xcomargs.py
[2024-05-08T13:15:32.191+0000] {processor.py:840} INFO - DAG(s) 'example_xcom_args', 'example_xcom_args_with_operators' retrieved from /home/denys/airflow_venv/lib/python3.12/site-packages/airflow/example_dags/example_xcomargs.py
[2024-05-08T13:15:32.202+0000] {logging_mixin.py:188} INFO - [2024-05-08T13:15:32.202+0000] {dag.py:3096} INFO - Sync 2 DAGs
[2024-05-08T13:15:32.208+0000] {logging_mixin.py:188} INFO - [2024-05-08T13:15:32.208+0000] {dag.py:3954} INFO - Setting next_dagrun for example_xcom_args to None, run_after=None
[2024-05-08T13:15:32.211+0000] {logging_mixin.py:188} INFO - [2024-05-08T13:15:32.211+0000] {dag.py:3954} INFO - Setting next_dagrun for example_xcom_args_with_operators to None, run_after=None
[2024-05-08T13:15:32.227+0000] {processor.py:183} INFO - Processing /home/denys/airflow_venv/lib/python3.12/site-packages/airflow/example_dags/example_xcomargs.py took 0.047 seconds
[2024-05-08T13:16:12.724+0000] {processor.py:161} INFO - Started process (PID=2141) to work on /home/denys/airflow_venv/lib/python3.12/site-packages/airflow/example_dags/example_xcomargs.py
[2024-05-08T13:16:12.726+0000] {processor.py:830} INFO - Processing file /home/denys/airflow_venv/lib/python3.12/site-packages/airflow/example_dags/example_xcomargs.py for tasks to queue
[2024-05-08T13:16:12.727+0000] {logging_mixin.py:188} INFO - [2024-05-08T13:16:12.727+0000] {dagbag.py:545} INFO - Filling up the DagBag from /home/denys/airflow_venv/lib/python3.12/site-packages/airflow/example_dags/example_xcomargs.py
[2024-05-08T13:16:12.733+0000] {processor.py:840} INFO - DAG(s) 'example_xcom_args', 'example_xcom_args_with_operators' retrieved from /home/denys/airflow_venv/lib/python3.12/site-packages/airflow/example_dags/example_xcomargs.py
[2024-05-08T13:16:12.745+0000] {logging_mixin.py:188} INFO - [2024-05-08T13:16:12.745+0000] {dag.py:3096} INFO - Sync 2 DAGs
[2024-05-08T13:16:12.752+0000] {logging_mixin.py:188} INFO - [2024-05-08T13:16:12.752+0000] {dag.py:3954} INFO - Setting next_dagrun for example_xcom_args to None, run_after=None
[2024-05-08T13:16:12.754+0000] {logging_mixin.py:188} INFO - [2024-05-08T13:16:12.754+0000] {dag.py:3954} INFO - Setting next_dagrun for example_xcom_args_with_operators to None, run_after=None
[2024-05-08T13:16:12.774+0000] {processor.py:183} INFO - Processing /home/denys/airflow_venv/lib/python3.12/site-packages/airflow/example_dags/example_xcomargs.py took 0.053 seconds
[2024-05-08T13:16:55.053+0000] {processor.py:161} INFO - Started process (PID=2183) to work on /home/denys/airflow_venv/lib/python3.12/site-packages/airflow/example_dags/example_xcomargs.py
[2024-05-08T13:16:55.055+0000] {processor.py:830} INFO - Processing file /home/denys/airflow_venv/lib/python3.12/site-packages/airflow/example_dags/example_xcomargs.py for tasks to queue
[2024-05-08T13:16:55.056+0000] {logging_mixin.py:188} INFO - [2024-05-08T13:16:55.056+0000] {dagbag.py:545} INFO - Filling up the DagBag from /home/denys/airflow_venv/lib/python3.12/site-packages/airflow/example_dags/example_xcomargs.py
[2024-05-08T13:16:55.061+0000] {processor.py:840} INFO - DAG(s) 'example_xcom_args_with_operators', 'example_xcom_args' retrieved from /home/denys/airflow_venv/lib/python3.12/site-packages/airflow/example_dags/example_xcomargs.py
[2024-05-08T13:16:55.071+0000] {logging_mixin.py:188} INFO - [2024-05-08T13:16:55.071+0000] {dag.py:3096} INFO - Sync 2 DAGs
[2024-05-08T13:16:55.077+0000] {logging_mixin.py:188} INFO - [2024-05-08T13:16:55.077+0000] {dag.py:3954} INFO - Setting next_dagrun for example_xcom_args to None, run_after=None
[2024-05-08T13:16:55.079+0000] {logging_mixin.py:188} INFO - [2024-05-08T13:16:55.079+0000] {dag.py:3954} INFO - Setting next_dagrun for example_xcom_args_with_operators to None, run_after=None
[2024-05-08T13:16:55.095+0000] {processor.py:183} INFO - Processing /home/denys/airflow_venv/lib/python3.12/site-packages/airflow/example_dags/example_xcomargs.py took 0.045 seconds
[2024-05-08T13:17:38.314+0000] {processor.py:161} INFO - Started process (PID=2232) to work on /home/denys/airflow_venv/lib/python3.12/site-packages/airflow/example_dags/example_xcomargs.py
[2024-05-08T13:17:38.316+0000] {processor.py:830} INFO - Processing file /home/denys/airflow_venv/lib/python3.12/site-packages/airflow/example_dags/example_xcomargs.py for tasks to queue
[2024-05-08T13:17:38.317+0000] {logging_mixin.py:188} INFO - [2024-05-08T13:17:38.317+0000] {dagbag.py:545} INFO - Filling up the DagBag from /home/denys/airflow_venv/lib/python3.12/site-packages/airflow/example_dags/example_xcomargs.py
[2024-05-08T13:17:38.322+0000] {processor.py:840} INFO - DAG(s) 'example_xcom_args', 'example_xcom_args_with_operators' retrieved from /home/denys/airflow_venv/lib/python3.12/site-packages/airflow/example_dags/example_xcomargs.py
[2024-05-08T13:17:38.332+0000] {logging_mixin.py:188} INFO - [2024-05-08T13:17:38.332+0000] {dag.py:3096} INFO - Sync 2 DAGs
[2024-05-08T13:17:38.338+0000] {logging_mixin.py:188} INFO - [2024-05-08T13:17:38.338+0000] {dag.py:3954} INFO - Setting next_dagrun for example_xcom_args to None, run_after=None
[2024-05-08T13:17:38.340+0000] {logging_mixin.py:188} INFO - [2024-05-08T13:17:38.339+0000] {dag.py:3954} INFO - Setting next_dagrun for example_xcom_args_with_operators to None, run_after=None
[2024-05-08T13:17:38.360+0000] {processor.py:183} INFO - Processing /home/denys/airflow_venv/lib/python3.12/site-packages/airflow/example_dags/example_xcomargs.py took 0.049 seconds
[2024-05-08T13:18:21.711+0000] {processor.py:161} INFO - Started process (PID=2277) to work on /home/denys/airflow_venv/lib/python3.12/site-packages/airflow/example_dags/example_xcomargs.py
[2024-05-08T13:18:21.713+0000] {processor.py:830} INFO - Processing file /home/denys/airflow_venv/lib/python3.12/site-packages/airflow/example_dags/example_xcomargs.py for tasks to queue
[2024-05-08T13:18:21.714+0000] {logging_mixin.py:188} INFO - [2024-05-08T13:18:21.714+0000] {dagbag.py:545} INFO - Filling up the DagBag from /home/denys/airflow_venv/lib/python3.12/site-packages/airflow/example_dags/example_xcomargs.py
[2024-05-08T13:18:21.719+0000] {processor.py:840} INFO - DAG(s) 'example_xcom_args_with_operators', 'example_xcom_args' retrieved from /home/denys/airflow_venv/lib/python3.12/site-packages/airflow/example_dags/example_xcomargs.py
[2024-05-08T13:18:21.730+0000] {logging_mixin.py:188} INFO - [2024-05-08T13:18:21.730+0000] {dag.py:3096} INFO - Sync 2 DAGs
[2024-05-08T13:18:21.736+0000] {logging_mixin.py:188} INFO - [2024-05-08T13:18:21.736+0000] {dag.py:3954} INFO - Setting next_dagrun for example_xcom_args to None, run_after=None
[2024-05-08T13:18:21.738+0000] {logging_mixin.py:188} INFO - [2024-05-08T13:18:21.738+0000] {dag.py:3954} INFO - Setting next_dagrun for example_xcom_args_with_operators to None, run_after=None
[2024-05-08T13:18:21.759+0000] {processor.py:183} INFO - Processing /home/denys/airflow_venv/lib/python3.12/site-packages/airflow/example_dags/example_xcomargs.py took 0.051 seconds
[2024-05-08T13:19:15.671+0000] {processor.py:161} INFO - Started process (PID=2317) to work on /home/denys/airflow_venv/lib/python3.12/site-packages/airflow/example_dags/example_xcomargs.py
[2024-05-08T13:19:15.672+0000] {processor.py:830} INFO - Processing file /home/denys/airflow_venv/lib/python3.12/site-packages/airflow/example_dags/example_xcomargs.py for tasks to queue
[2024-05-08T13:19:15.673+0000] {logging_mixin.py:188} INFO - [2024-05-08T13:19:15.673+0000] {dagbag.py:545} INFO - Filling up the DagBag from /home/denys/airflow_venv/lib/python3.12/site-packages/airflow/example_dags/example_xcomargs.py
[2024-05-08T13:19:15.679+0000] {processor.py:840} INFO - DAG(s) 'example_xcom_args_with_operators', 'example_xcom_args' retrieved from /home/denys/airflow_venv/lib/python3.12/site-packages/airflow/example_dags/example_xcomargs.py
[2024-05-08T13:19:15.684+0000] {logging_mixin.py:188} INFO - [2024-05-08T13:19:15.684+0000] {dag.py:3096} INFO - Sync 2 DAGs
[2024-05-08T13:19:15.692+0000] {logging_mixin.py:188} INFO - [2024-05-08T13:19:15.691+0000] {dag.py:3954} INFO - Setting next_dagrun for example_xcom_args to None, run_after=None
[2024-05-08T13:19:15.693+0000] {logging_mixin.py:188} INFO - [2024-05-08T13:19:15.693+0000] {dag.py:3954} INFO - Setting next_dagrun for example_xcom_args_with_operators to None, run_after=None
[2024-05-08T13:19:15.714+0000] {processor.py:183} INFO - Processing /home/denys/airflow_venv/lib/python3.12/site-packages/airflow/example_dags/example_xcomargs.py took 0.046 seconds
[2024-05-08T13:20:06.591+0000] {processor.py:161} INFO - Started process (PID=2371) to work on /home/denys/airflow_venv/lib/python3.12/site-packages/airflow/example_dags/example_xcomargs.py
[2024-05-08T13:20:06.592+0000] {processor.py:830} INFO - Processing file /home/denys/airflow_venv/lib/python3.12/site-packages/airflow/example_dags/example_xcomargs.py for tasks to queue
[2024-05-08T13:20:06.594+0000] {logging_mixin.py:188} INFO - [2024-05-08T13:20:06.593+0000] {dagbag.py:545} INFO - Filling up the DagBag from /home/denys/airflow_venv/lib/python3.12/site-packages/airflow/example_dags/example_xcomargs.py
[2024-05-08T13:20:06.599+0000] {processor.py:840} INFO - DAG(s) 'example_xcom_args_with_operators', 'example_xcom_args' retrieved from /home/denys/airflow_venv/lib/python3.12/site-packages/airflow/example_dags/example_xcomargs.py
[2024-05-08T13:20:06.654+0000] {logging_mixin.py:188} INFO - [2024-05-08T13:20:06.653+0000] {dag.py:3096} INFO - Sync 2 DAGs
[2024-05-08T13:20:06.658+0000] {logging_mixin.py:188} INFO - [2024-05-08T13:20:06.658+0000] {dag.py:3954} INFO - Setting next_dagrun for example_xcom_args to None, run_after=None
[2024-05-08T13:20:06.659+0000] {logging_mixin.py:188} INFO - [2024-05-08T13:20:06.659+0000] {dag.py:3954} INFO - Setting next_dagrun for example_xcom_args_with_operators to None, run_after=None
[2024-05-08T13:20:06.681+0000] {processor.py:183} INFO - Processing /home/denys/airflow_venv/lib/python3.12/site-packages/airflow/example_dags/example_xcomargs.py took 0.093 seconds
[2024-05-08T13:20:47.374+0000] {processor.py:161} INFO - Started process (PID=2416) to work on /home/denys/airflow_venv/lib/python3.12/site-packages/airflow/example_dags/example_xcomargs.py
[2024-05-08T13:20:47.376+0000] {processor.py:830} INFO - Processing file /home/denys/airflow_venv/lib/python3.12/site-packages/airflow/example_dags/example_xcomargs.py for tasks to queue
[2024-05-08T13:20:47.377+0000] {logging_mixin.py:188} INFO - [2024-05-08T13:20:47.377+0000] {dagbag.py:545} INFO - Filling up the DagBag from /home/denys/airflow_venv/lib/python3.12/site-packages/airflow/example_dags/example_xcomargs.py
[2024-05-08T13:20:47.385+0000] {processor.py:840} INFO - DAG(s) 'example_xcom_args', 'example_xcom_args_with_operators' retrieved from /home/denys/airflow_venv/lib/python3.12/site-packages/airflow/example_dags/example_xcomargs.py
[2024-05-08T13:20:47.519+0000] {logging_mixin.py:188} INFO - [2024-05-08T13:20:47.518+0000] {dag.py:3096} INFO - Sync 2 DAGs
[2024-05-08T13:20:47.525+0000] {logging_mixin.py:188} INFO - [2024-05-08T13:20:47.525+0000] {dag.py:3954} INFO - Setting next_dagrun for example_xcom_args to None, run_after=None
[2024-05-08T13:20:47.539+0000] {logging_mixin.py:188} INFO - [2024-05-08T13:20:47.539+0000] {dag.py:3954} INFO - Setting next_dagrun for example_xcom_args_with_operators to None, run_after=None
[2024-05-08T13:20:47.555+0000] {processor.py:183} INFO - Processing /home/denys/airflow_venv/lib/python3.12/site-packages/airflow/example_dags/example_xcomargs.py took 0.187 seconds
[2024-05-08T13:21:29.537+0000] {processor.py:161} INFO - Started process (PID=2459) to work on /home/denys/airflow_venv/lib/python3.12/site-packages/airflow/example_dags/example_xcomargs.py
[2024-05-08T13:21:29.539+0000] {processor.py:830} INFO - Processing file /home/denys/airflow_venv/lib/python3.12/site-packages/airflow/example_dags/example_xcomargs.py for tasks to queue
[2024-05-08T13:21:29.540+0000] {logging_mixin.py:188} INFO - [2024-05-08T13:21:29.540+0000] {dagbag.py:545} INFO - Filling up the DagBag from /home/denys/airflow_venv/lib/python3.12/site-packages/airflow/example_dags/example_xcomargs.py
[2024-05-08T13:21:29.545+0000] {processor.py:840} INFO - DAG(s) 'example_xcom_args', 'example_xcom_args_with_operators' retrieved from /home/denys/airflow_venv/lib/python3.12/site-packages/airflow/example_dags/example_xcomargs.py
[2024-05-08T13:21:29.556+0000] {logging_mixin.py:188} INFO - [2024-05-08T13:21:29.556+0000] {dag.py:3096} INFO - Sync 2 DAGs
[2024-05-08T13:21:29.563+0000] {logging_mixin.py:188} INFO - [2024-05-08T13:21:29.562+0000] {dag.py:3954} INFO - Setting next_dagrun for example_xcom_args to None, run_after=None
[2024-05-08T13:21:29.564+0000] {logging_mixin.py:188} INFO - [2024-05-08T13:21:29.564+0000] {dag.py:3954} INFO - Setting next_dagrun for example_xcom_args_with_operators to None, run_after=None
[2024-05-08T13:21:29.586+0000] {processor.py:183} INFO - Processing /home/denys/airflow_venv/lib/python3.12/site-packages/airflow/example_dags/example_xcomargs.py took 0.052 seconds
[2024-05-08T13:22:14.264+0000] {processor.py:161} INFO - Started process (PID=2504) to work on /home/denys/airflow_venv/lib/python3.12/site-packages/airflow/example_dags/example_xcomargs.py
[2024-05-08T13:22:14.266+0000] {processor.py:830} INFO - Processing file /home/denys/airflow_venv/lib/python3.12/site-packages/airflow/example_dags/example_xcomargs.py for tasks to queue
[2024-05-08T13:22:14.267+0000] {logging_mixin.py:188} INFO - [2024-05-08T13:22:14.266+0000] {dagbag.py:545} INFO - Filling up the DagBag from /home/denys/airflow_venv/lib/python3.12/site-packages/airflow/example_dags/example_xcomargs.py
[2024-05-08T13:22:14.272+0000] {processor.py:840} INFO - DAG(s) 'example_xcom_args_with_operators', 'example_xcom_args' retrieved from /home/denys/airflow_venv/lib/python3.12/site-packages/airflow/example_dags/example_xcomargs.py
[2024-05-08T13:22:14.282+0000] {logging_mixin.py:188} INFO - [2024-05-08T13:22:14.282+0000] {dag.py:3096} INFO - Sync 2 DAGs
[2024-05-08T13:22:14.288+0000] {logging_mixin.py:188} INFO - [2024-05-08T13:22:14.288+0000] {dag.py:3954} INFO - Setting next_dagrun for example_xcom_args to None, run_after=None
[2024-05-08T13:22:14.290+0000] {logging_mixin.py:188} INFO - [2024-05-08T13:22:14.290+0000] {dag.py:3954} INFO - Setting next_dagrun for example_xcom_args_with_operators to None, run_after=None
[2024-05-08T13:22:14.306+0000] {processor.py:183} INFO - Processing /home/denys/airflow_venv/lib/python3.12/site-packages/airflow/example_dags/example_xcomargs.py took 0.045 seconds
[2024-05-08T13:22:56.818+0000] {processor.py:161} INFO - Started process (PID=2548) to work on /home/denys/airflow_venv/lib/python3.12/site-packages/airflow/example_dags/example_xcomargs.py
[2024-05-08T13:22:56.820+0000] {processor.py:830} INFO - Processing file /home/denys/airflow_venv/lib/python3.12/site-packages/airflow/example_dags/example_xcomargs.py for tasks to queue
[2024-05-08T13:22:56.821+0000] {logging_mixin.py:188} INFO - [2024-05-08T13:22:56.821+0000] {dagbag.py:545} INFO - Filling up the DagBag from /home/denys/airflow_venv/lib/python3.12/site-packages/airflow/example_dags/example_xcomargs.py
[2024-05-08T13:22:56.826+0000] {processor.py:840} INFO - DAG(s) 'example_xcom_args_with_operators', 'example_xcom_args' retrieved from /home/denys/airflow_venv/lib/python3.12/site-packages/airflow/example_dags/example_xcomargs.py
[2024-05-08T13:22:56.836+0000] {logging_mixin.py:188} INFO - [2024-05-08T13:22:56.836+0000] {dag.py:3096} INFO - Sync 2 DAGs
[2024-05-08T13:22:56.842+0000] {logging_mixin.py:188} INFO - [2024-05-08T13:22:56.841+0000] {dag.py:3954} INFO - Setting next_dagrun for example_xcom_args to None, run_after=None
[2024-05-08T13:22:56.843+0000] {logging_mixin.py:188} INFO - [2024-05-08T13:22:56.843+0000] {dag.py:3954} INFO - Setting next_dagrun for example_xcom_args_with_operators to None, run_after=None
[2024-05-08T13:22:56.864+0000] {processor.py:183} INFO - Processing /home/denys/airflow_venv/lib/python3.12/site-packages/airflow/example_dags/example_xcomargs.py took 0.049 seconds
[2024-05-08T13:23:37.899+0000] {processor.py:161} INFO - Started process (PID=2660) to work on /home/denys/airflow_venv/lib/python3.12/site-packages/airflow/example_dags/example_xcomargs.py
[2024-05-08T13:23:37.900+0000] {processor.py:830} INFO - Processing file /home/denys/airflow_venv/lib/python3.12/site-packages/airflow/example_dags/example_xcomargs.py for tasks to queue
[2024-05-08T13:23:37.901+0000] {logging_mixin.py:188} INFO - [2024-05-08T13:23:37.900+0000] {dagbag.py:545} INFO - Filling up the DagBag from /home/denys/airflow_venv/lib/python3.12/site-packages/airflow/example_dags/example_xcomargs.py
[2024-05-08T13:23:37.906+0000] {processor.py:840} INFO - DAG(s) 'example_xcom_args_with_operators', 'example_xcom_args' retrieved from /home/denys/airflow_venv/lib/python3.12/site-packages/airflow/example_dags/example_xcomargs.py
[2024-05-08T13:23:37.916+0000] {logging_mixin.py:188} INFO - [2024-05-08T13:23:37.916+0000] {dag.py:3096} INFO - Sync 2 DAGs
[2024-05-08T13:23:37.922+0000] {logging_mixin.py:188} INFO - [2024-05-08T13:23:37.922+0000] {dag.py:3954} INFO - Setting next_dagrun for example_xcom_args to None, run_after=None
[2024-05-08T13:23:37.924+0000] {logging_mixin.py:188} INFO - [2024-05-08T13:23:37.923+0000] {dag.py:3954} INFO - Setting next_dagrun for example_xcom_args_with_operators to None, run_after=None
[2024-05-08T13:23:37.939+0000] {processor.py:183} INFO - Processing /home/denys/airflow_venv/lib/python3.12/site-packages/airflow/example_dags/example_xcomargs.py took 0.044 seconds
[2024-05-08T13:24:16.820+0000] {processor.py:161} INFO - Started process (PID=2706) to work on /home/denys/airflow_venv/lib/python3.12/site-packages/airflow/example_dags/example_xcomargs.py
[2024-05-08T13:24:16.827+0000] {processor.py:830} INFO - Processing file /home/denys/airflow_venv/lib/python3.12/site-packages/airflow/example_dags/example_xcomargs.py for tasks to queue
[2024-05-08T13:24:16.828+0000] {logging_mixin.py:188} INFO - [2024-05-08T13:24:16.828+0000] {dagbag.py:545} INFO - Filling up the DagBag from /home/denys/airflow_venv/lib/python3.12/site-packages/airflow/example_dags/example_xcomargs.py
[2024-05-08T13:24:16.834+0000] {processor.py:840} INFO - DAG(s) 'example_xcom_args', 'example_xcom_args_with_operators' retrieved from /home/denys/airflow_venv/lib/python3.12/site-packages/airflow/example_dags/example_xcomargs.py
[2024-05-08T13:24:16.843+0000] {logging_mixin.py:188} INFO - [2024-05-08T13:24:16.843+0000] {dag.py:3096} INFO - Sync 2 DAGs
[2024-05-08T13:24:16.851+0000] {logging_mixin.py:188} INFO - [2024-05-08T13:24:16.851+0000] {dag.py:3954} INFO - Setting next_dagrun for example_xcom_args to None, run_after=None
[2024-05-08T13:24:16.853+0000] {logging_mixin.py:188} INFO - [2024-05-08T13:24:16.852+0000] {dag.py:3954} INFO - Setting next_dagrun for example_xcom_args_with_operators to None, run_after=None
[2024-05-08T13:24:16.868+0000] {processor.py:183} INFO - Processing /home/denys/airflow_venv/lib/python3.12/site-packages/airflow/example_dags/example_xcomargs.py took 0.051 seconds
[2024-05-08T13:25:06.639+0000] {processor.py:161} INFO - Started process (PID=2763) to work on /home/denys/airflow_venv/lib/python3.12/site-packages/airflow/example_dags/example_xcomargs.py
[2024-05-08T13:25:06.642+0000] {processor.py:830} INFO - Processing file /home/denys/airflow_venv/lib/python3.12/site-packages/airflow/example_dags/example_xcomargs.py for tasks to queue
[2024-05-08T13:25:06.643+0000] {logging_mixin.py:188} INFO - [2024-05-08T13:25:06.642+0000] {dagbag.py:545} INFO - Filling up the DagBag from /home/denys/airflow_venv/lib/python3.12/site-packages/airflow/example_dags/example_xcomargs.py
[2024-05-08T13:25:06.648+0000] {processor.py:840} INFO - DAG(s) 'example_xcom_args_with_operators', 'example_xcom_args' retrieved from /home/denys/airflow_venv/lib/python3.12/site-packages/airflow/example_dags/example_xcomargs.py
[2024-05-08T13:25:06.659+0000] {logging_mixin.py:188} INFO - [2024-05-08T13:25:06.659+0000] {dag.py:3096} INFO - Sync 2 DAGs
[2024-05-08T13:25:06.667+0000] {logging_mixin.py:188} INFO - [2024-05-08T13:25:06.667+0000] {dag.py:3954} INFO - Setting next_dagrun for example_xcom_args to None, run_after=None
[2024-05-08T13:25:06.669+0000] {logging_mixin.py:188} INFO - [2024-05-08T13:25:06.669+0000] {dag.py:3954} INFO - Setting next_dagrun for example_xcom_args_with_operators to None, run_after=None
[2024-05-08T13:25:06.691+0000] {processor.py:183} INFO - Processing /home/denys/airflow_venv/lib/python3.12/site-packages/airflow/example_dags/example_xcomargs.py took 0.054 seconds
[2024-05-08T13:25:47.185+0000] {processor.py:161} INFO - Started process (PID=2807) to work on /home/denys/airflow_venv/lib/python3.12/site-packages/airflow/example_dags/example_xcomargs.py
[2024-05-08T13:25:47.187+0000] {processor.py:830} INFO - Processing file /home/denys/airflow_venv/lib/python3.12/site-packages/airflow/example_dags/example_xcomargs.py for tasks to queue
[2024-05-08T13:25:47.188+0000] {logging_mixin.py:188} INFO - [2024-05-08T13:25:47.188+0000] {dagbag.py:545} INFO - Filling up the DagBag from /home/denys/airflow_venv/lib/python3.12/site-packages/airflow/example_dags/example_xcomargs.py
[2024-05-08T13:25:47.193+0000] {processor.py:840} INFO - DAG(s) 'example_xcom_args_with_operators', 'example_xcom_args' retrieved from /home/denys/airflow_venv/lib/python3.12/site-packages/airflow/example_dags/example_xcomargs.py
[2024-05-08T13:25:47.202+0000] {logging_mixin.py:188} INFO - [2024-05-08T13:25:47.202+0000] {dag.py:3096} INFO - Sync 2 DAGs
[2024-05-08T13:25:47.209+0000] {logging_mixin.py:188} INFO - [2024-05-08T13:25:47.208+0000] {dag.py:3954} INFO - Setting next_dagrun for example_xcom_args to None, run_after=None
[2024-05-08T13:25:47.210+0000] {logging_mixin.py:188} INFO - [2024-05-08T13:25:47.210+0000] {dag.py:3954} INFO - Setting next_dagrun for example_xcom_args_with_operators to None, run_after=None
[2024-05-08T13:25:47.241+0000] {processor.py:183} INFO - Processing /home/denys/airflow_venv/lib/python3.12/site-packages/airflow/example_dags/example_xcomargs.py took 0.059 seconds
[2024-05-08T13:26:28.936+0000] {processor.py:161} INFO - Started process (PID=2849) to work on /home/denys/airflow_venv/lib/python3.12/site-packages/airflow/example_dags/example_xcomargs.py
[2024-05-08T13:26:28.938+0000] {processor.py:830} INFO - Processing file /home/denys/airflow_venv/lib/python3.12/site-packages/airflow/example_dags/example_xcomargs.py for tasks to queue
[2024-05-08T13:26:28.939+0000] {logging_mixin.py:188} INFO - [2024-05-08T13:26:28.939+0000] {dagbag.py:545} INFO - Filling up the DagBag from /home/denys/airflow_venv/lib/python3.12/site-packages/airflow/example_dags/example_xcomargs.py
[2024-05-08T13:26:28.944+0000] {processor.py:840} INFO - DAG(s) 'example_xcom_args_with_operators', 'example_xcom_args' retrieved from /home/denys/airflow_venv/lib/python3.12/site-packages/airflow/example_dags/example_xcomargs.py
[2024-05-08T13:26:28.955+0000] {logging_mixin.py:188} INFO - [2024-05-08T13:26:28.955+0000] {dag.py:3096} INFO - Sync 2 DAGs
[2024-05-08T13:26:28.961+0000] {logging_mixin.py:188} INFO - [2024-05-08T13:26:28.961+0000] {dag.py:3954} INFO - Setting next_dagrun for example_xcom_args to None, run_after=None
[2024-05-08T13:26:28.964+0000] {logging_mixin.py:188} INFO - [2024-05-08T13:26:28.964+0000] {dag.py:3954} INFO - Setting next_dagrun for example_xcom_args_with_operators to None, run_after=None
[2024-05-08T13:26:28.984+0000] {processor.py:183} INFO - Processing /home/denys/airflow_venv/lib/python3.12/site-packages/airflow/example_dags/example_xcomargs.py took 0.051 seconds
[2024-05-08T13:27:13.166+0000] {processor.py:161} INFO - Started process (PID=2894) to work on /home/denys/airflow_venv/lib/python3.12/site-packages/airflow/example_dags/example_xcomargs.py
[2024-05-08T13:27:13.168+0000] {processor.py:830} INFO - Processing file /home/denys/airflow_venv/lib/python3.12/site-packages/airflow/example_dags/example_xcomargs.py for tasks to queue
[2024-05-08T13:27:13.169+0000] {logging_mixin.py:188} INFO - [2024-05-08T13:27:13.169+0000] {dagbag.py:545} INFO - Filling up the DagBag from /home/denys/airflow_venv/lib/python3.12/site-packages/airflow/example_dags/example_xcomargs.py
[2024-05-08T13:27:13.174+0000] {processor.py:840} INFO - DAG(s) 'example_xcom_args_with_operators', 'example_xcom_args' retrieved from /home/denys/airflow_venv/lib/python3.12/site-packages/airflow/example_dags/example_xcomargs.py
[2024-05-08T13:27:13.184+0000] {logging_mixin.py:188} INFO - [2024-05-08T13:27:13.184+0000] {dag.py:3096} INFO - Sync 2 DAGs
[2024-05-08T13:27:13.191+0000] {logging_mixin.py:188} INFO - [2024-05-08T13:27:13.191+0000] {dag.py:3954} INFO - Setting next_dagrun for example_xcom_args to None, run_after=None
[2024-05-08T13:27:13.192+0000] {logging_mixin.py:188} INFO - [2024-05-08T13:27:13.192+0000] {dag.py:3954} INFO - Setting next_dagrun for example_xcom_args_with_operators to None, run_after=None
[2024-05-08T13:27:13.213+0000] {processor.py:183} INFO - Processing /home/denys/airflow_venv/lib/python3.12/site-packages/airflow/example_dags/example_xcomargs.py took 0.050 seconds
[2024-05-08T13:27:57.285+0000] {processor.py:161} INFO - Started process (PID=2939) to work on /home/denys/airflow_venv/lib/python3.12/site-packages/airflow/example_dags/example_xcomargs.py
[2024-05-08T13:27:57.287+0000] {processor.py:830} INFO - Processing file /home/denys/airflow_venv/lib/python3.12/site-packages/airflow/example_dags/example_xcomargs.py for tasks to queue
[2024-05-08T13:27:57.288+0000] {logging_mixin.py:188} INFO - [2024-05-08T13:27:57.288+0000] {dagbag.py:545} INFO - Filling up the DagBag from /home/denys/airflow_venv/lib/python3.12/site-packages/airflow/example_dags/example_xcomargs.py
[2024-05-08T13:27:57.293+0000] {processor.py:840} INFO - DAG(s) 'example_xcom_args_with_operators', 'example_xcom_args' retrieved from /home/denys/airflow_venv/lib/python3.12/site-packages/airflow/example_dags/example_xcomargs.py
[2024-05-08T13:27:57.304+0000] {logging_mixin.py:188} INFO - [2024-05-08T13:27:57.304+0000] {dag.py:3096} INFO - Sync 2 DAGs
[2024-05-08T13:27:57.311+0000] {logging_mixin.py:188} INFO - [2024-05-08T13:27:57.311+0000] {dag.py:3954} INFO - Setting next_dagrun for example_xcom_args to None, run_after=None
[2024-05-08T13:27:57.312+0000] {logging_mixin.py:188} INFO - [2024-05-08T13:27:57.312+0000] {dag.py:3954} INFO - Setting next_dagrun for example_xcom_args_with_operators to None, run_after=None
[2024-05-08T13:27:57.327+0000] {processor.py:183} INFO - Processing /home/denys/airflow_venv/lib/python3.12/site-packages/airflow/example_dags/example_xcomargs.py took 0.046 seconds
[2024-05-08T13:28:40.006+0000] {processor.py:161} INFO - Started process (PID=2984) to work on /home/denys/airflow_venv/lib/python3.12/site-packages/airflow/example_dags/example_xcomargs.py
[2024-05-08T13:28:40.007+0000] {processor.py:830} INFO - Processing file /home/denys/airflow_venv/lib/python3.12/site-packages/airflow/example_dags/example_xcomargs.py for tasks to queue
[2024-05-08T13:28:40.008+0000] {logging_mixin.py:188} INFO - [2024-05-08T13:28:40.008+0000] {dagbag.py:545} INFO - Filling up the DagBag from /home/denys/airflow_venv/lib/python3.12/site-packages/airflow/example_dags/example_xcomargs.py
[2024-05-08T13:28:40.013+0000] {processor.py:840} INFO - DAG(s) 'example_xcom_args_with_operators', 'example_xcom_args' retrieved from /home/denys/airflow_venv/lib/python3.12/site-packages/airflow/example_dags/example_xcomargs.py
[2024-05-08T13:28:40.025+0000] {logging_mixin.py:188} INFO - [2024-05-08T13:28:40.024+0000] {dag.py:3096} INFO - Sync 2 DAGs
[2024-05-08T13:28:40.031+0000] {logging_mixin.py:188} INFO - [2024-05-08T13:28:40.030+0000] {dag.py:3954} INFO - Setting next_dagrun for example_xcom_args to None, run_after=None
[2024-05-08T13:28:40.032+0000] {logging_mixin.py:188} INFO - [2024-05-08T13:28:40.032+0000] {dag.py:3954} INFO - Setting next_dagrun for example_xcom_args_with_operators to None, run_after=None
[2024-05-08T13:28:40.054+0000] {processor.py:183} INFO - Processing /home/denys/airflow_venv/lib/python3.12/site-packages/airflow/example_dags/example_xcomargs.py took 0.052 seconds
[2024-05-08T13:29:19.899+0000] {processor.py:161} INFO - Started process (PID=3081) to work on /home/denys/airflow_venv/lib/python3.12/site-packages/airflow/example_dags/example_xcomargs.py
[2024-05-08T13:29:19.901+0000] {processor.py:830} INFO - Processing file /home/denys/airflow_venv/lib/python3.12/site-packages/airflow/example_dags/example_xcomargs.py for tasks to queue
[2024-05-08T13:29:19.902+0000] {logging_mixin.py:188} INFO - [2024-05-08T13:29:19.901+0000] {dagbag.py:545} INFO - Filling up the DagBag from /home/denys/airflow_venv/lib/python3.12/site-packages/airflow/example_dags/example_xcomargs.py
[2024-05-08T13:29:19.907+0000] {processor.py:840} INFO - DAG(s) 'example_xcom_args_with_operators', 'example_xcom_args' retrieved from /home/denys/airflow_venv/lib/python3.12/site-packages/airflow/example_dags/example_xcomargs.py
[2024-05-08T13:29:19.918+0000] {logging_mixin.py:188} INFO - [2024-05-08T13:29:19.918+0000] {dag.py:3096} INFO - Sync 2 DAGs
[2024-05-08T13:29:19.925+0000] {logging_mixin.py:188} INFO - [2024-05-08T13:29:19.925+0000] {dag.py:3954} INFO - Setting next_dagrun for example_xcom_args to None, run_after=None
[2024-05-08T13:29:19.926+0000] {logging_mixin.py:188} INFO - [2024-05-08T13:29:19.926+0000] {dag.py:3954} INFO - Setting next_dagrun for example_xcom_args_with_operators to None, run_after=None
[2024-05-08T13:29:19.949+0000] {processor.py:183} INFO - Processing /home/denys/airflow_venv/lib/python3.12/site-packages/airflow/example_dags/example_xcomargs.py took 0.054 seconds
[2024-05-08T13:29:57.790+0000] {processor.py:161} INFO - Started process (PID=3122) to work on /home/denys/airflow_venv/lib/python3.12/site-packages/airflow/example_dags/example_xcomargs.py
[2024-05-08T13:29:57.798+0000] {processor.py:830} INFO - Processing file /home/denys/airflow_venv/lib/python3.12/site-packages/airflow/example_dags/example_xcomargs.py for tasks to queue
[2024-05-08T13:29:57.799+0000] {logging_mixin.py:188} INFO - [2024-05-08T13:29:57.799+0000] {dagbag.py:545} INFO - Filling up the DagBag from /home/denys/airflow_venv/lib/python3.12/site-packages/airflow/example_dags/example_xcomargs.py
[2024-05-08T13:29:57.805+0000] {processor.py:840} INFO - DAG(s) 'example_xcom_args_with_operators', 'example_xcom_args' retrieved from /home/denys/airflow_venv/lib/python3.12/site-packages/airflow/example_dags/example_xcomargs.py
[2024-05-08T13:29:57.815+0000] {logging_mixin.py:188} INFO - [2024-05-08T13:29:57.815+0000] {dag.py:3096} INFO - Sync 2 DAGs
[2024-05-08T13:29:57.822+0000] {logging_mixin.py:188} INFO - [2024-05-08T13:29:57.822+0000] {dag.py:3954} INFO - Setting next_dagrun for example_xcom_args to None, run_after=None
[2024-05-08T13:29:57.825+0000] {logging_mixin.py:188} INFO - [2024-05-08T13:29:57.824+0000] {dag.py:3954} INFO - Setting next_dagrun for example_xcom_args_with_operators to None, run_after=None
[2024-05-08T13:29:57.840+0000] {processor.py:183} INFO - Processing /home/denys/airflow_venv/lib/python3.12/site-packages/airflow/example_dags/example_xcomargs.py took 0.053 seconds
[2024-05-08T13:30:38.668+0000] {processor.py:161} INFO - Started process (PID=3167) to work on /home/denys/airflow_venv/lib/python3.12/site-packages/airflow/example_dags/example_xcomargs.py
[2024-05-08T13:30:38.669+0000] {processor.py:830} INFO - Processing file /home/denys/airflow_venv/lib/python3.12/site-packages/airflow/example_dags/example_xcomargs.py for tasks to queue
[2024-05-08T13:30:38.670+0000] {logging_mixin.py:188} INFO - [2024-05-08T13:30:38.670+0000] {dagbag.py:545} INFO - Filling up the DagBag from /home/denys/airflow_venv/lib/python3.12/site-packages/airflow/example_dags/example_xcomargs.py
[2024-05-08T13:30:38.676+0000] {processor.py:840} INFO - DAG(s) 'example_xcom_args', 'example_xcom_args_with_operators' retrieved from /home/denys/airflow_venv/lib/python3.12/site-packages/airflow/example_dags/example_xcomargs.py
[2024-05-08T13:30:38.686+0000] {logging_mixin.py:188} INFO - [2024-05-08T13:30:38.686+0000] {dag.py:3096} INFO - Sync 2 DAGs
[2024-05-08T13:30:38.692+0000] {logging_mixin.py:188} INFO - [2024-05-08T13:30:38.692+0000] {dag.py:3954} INFO - Setting next_dagrun for example_xcom_args to None, run_after=None
[2024-05-08T13:30:38.694+0000] {logging_mixin.py:188} INFO - [2024-05-08T13:30:38.694+0000] {dag.py:3954} INFO - Setting next_dagrun for example_xcom_args_with_operators to None, run_after=None
[2024-05-08T13:30:38.717+0000] {processor.py:183} INFO - Processing /home/denys/airflow_venv/lib/python3.12/site-packages/airflow/example_dags/example_xcomargs.py took 0.052 seconds
[2024-05-08T13:31:20.524+0000] {processor.py:161} INFO - Started process (PID=3211) to work on /home/denys/airflow_venv/lib/python3.12/site-packages/airflow/example_dags/example_xcomargs.py
[2024-05-08T13:31:20.525+0000] {processor.py:830} INFO - Processing file /home/denys/airflow_venv/lib/python3.12/site-packages/airflow/example_dags/example_xcomargs.py for tasks to queue
[2024-05-08T13:31:20.526+0000] {logging_mixin.py:188} INFO - [2024-05-08T13:31:20.526+0000] {dagbag.py:545} INFO - Filling up the DagBag from /home/denys/airflow_venv/lib/python3.12/site-packages/airflow/example_dags/example_xcomargs.py
[2024-05-08T13:31:20.532+0000] {processor.py:840} INFO - DAG(s) 'example_xcom_args', 'example_xcom_args_with_operators' retrieved from /home/denys/airflow_venv/lib/python3.12/site-packages/airflow/example_dags/example_xcomargs.py
[2024-05-08T13:31:20.543+0000] {logging_mixin.py:188} INFO - [2024-05-08T13:31:20.543+0000] {dag.py:3096} INFO - Sync 2 DAGs
[2024-05-08T13:31:20.550+0000] {logging_mixin.py:188} INFO - [2024-05-08T13:31:20.549+0000] {dag.py:3954} INFO - Setting next_dagrun for example_xcom_args to None, run_after=None
[2024-05-08T13:31:20.552+0000] {logging_mixin.py:188} INFO - [2024-05-08T13:31:20.552+0000] {dag.py:3954} INFO - Setting next_dagrun for example_xcom_args_with_operators to None, run_after=None
[2024-05-08T13:31:20.571+0000] {processor.py:183} INFO - Processing /home/denys/airflow_venv/lib/python3.12/site-packages/airflow/example_dags/example_xcomargs.py took 0.050 seconds
[2024-05-08T13:32:01.020+0000] {processor.py:161} INFO - Started process (PID=3252) to work on /home/denys/airflow_venv/lib/python3.12/site-packages/airflow/example_dags/example_xcomargs.py
[2024-05-08T13:32:01.021+0000] {processor.py:830} INFO - Processing file /home/denys/airflow_venv/lib/python3.12/site-packages/airflow/example_dags/example_xcomargs.py for tasks to queue
[2024-05-08T13:32:01.022+0000] {logging_mixin.py:188} INFO - [2024-05-08T13:32:01.022+0000] {dagbag.py:545} INFO - Filling up the DagBag from /home/denys/airflow_venv/lib/python3.12/site-packages/airflow/example_dags/example_xcomargs.py
[2024-05-08T13:32:01.028+0000] {processor.py:840} INFO - DAG(s) 'example_xcom_args', 'example_xcom_args_with_operators' retrieved from /home/denys/airflow_venv/lib/python3.12/site-packages/airflow/example_dags/example_xcomargs.py
[2024-05-08T13:32:01.039+0000] {logging_mixin.py:188} INFO - [2024-05-08T13:32:01.039+0000] {dag.py:3096} INFO - Sync 2 DAGs
[2024-05-08T13:32:01.045+0000] {logging_mixin.py:188} INFO - [2024-05-08T13:32:01.045+0000] {dag.py:3954} INFO - Setting next_dagrun for example_xcom_args to None, run_after=None
[2024-05-08T13:32:01.047+0000] {logging_mixin.py:188} INFO - [2024-05-08T13:32:01.046+0000] {dag.py:3954} INFO - Setting next_dagrun for example_xcom_args_with_operators to None, run_after=None
[2024-05-08T13:32:01.070+0000] {processor.py:183} INFO - Processing /home/denys/airflow_venv/lib/python3.12/site-packages/airflow/example_dags/example_xcomargs.py took 0.054 seconds
[2024-05-08T13:32:45.409+0000] {processor.py:161} INFO - Started process (PID=3297) to work on /home/denys/airflow_venv/lib/python3.12/site-packages/airflow/example_dags/example_xcomargs.py
[2024-05-08T13:32:45.410+0000] {processor.py:830} INFO - Processing file /home/denys/airflow_venv/lib/python3.12/site-packages/airflow/example_dags/example_xcomargs.py for tasks to queue
[2024-05-08T13:32:45.411+0000] {logging_mixin.py:188} INFO - [2024-05-08T13:32:45.411+0000] {dagbag.py:545} INFO - Filling up the DagBag from /home/denys/airflow_venv/lib/python3.12/site-packages/airflow/example_dags/example_xcomargs.py
[2024-05-08T13:32:45.416+0000] {processor.py:840} INFO - DAG(s) 'example_xcom_args_with_operators', 'example_xcom_args' retrieved from /home/denys/airflow_venv/lib/python3.12/site-packages/airflow/example_dags/example_xcomargs.py
[2024-05-08T13:32:45.427+0000] {logging_mixin.py:188} INFO - [2024-05-08T13:32:45.427+0000] {dag.py:3096} INFO - Sync 2 DAGs
[2024-05-08T13:32:45.434+0000] {logging_mixin.py:188} INFO - [2024-05-08T13:32:45.434+0000] {dag.py:3954} INFO - Setting next_dagrun for example_xcom_args to None, run_after=None
[2024-05-08T13:32:45.435+0000] {logging_mixin.py:188} INFO - [2024-05-08T13:32:45.435+0000] {dag.py:3954} INFO - Setting next_dagrun for example_xcom_args_with_operators to None, run_after=None
[2024-05-08T13:32:45.455+0000] {processor.py:183} INFO - Processing /home/denys/airflow_venv/lib/python3.12/site-packages/airflow/example_dags/example_xcomargs.py took 0.050 seconds
[2024-05-08T13:33:29.198+0000] {processor.py:161} INFO - Started process (PID=3342) to work on /home/denys/airflow_venv/lib/python3.12/site-packages/airflow/example_dags/example_xcomargs.py
[2024-05-08T13:33:29.200+0000] {processor.py:830} INFO - Processing file /home/denys/airflow_venv/lib/python3.12/site-packages/airflow/example_dags/example_xcomargs.py for tasks to queue
[2024-05-08T13:33:29.201+0000] {logging_mixin.py:188} INFO - [2024-05-08T13:33:29.200+0000] {dagbag.py:545} INFO - Filling up the DagBag from /home/denys/airflow_venv/lib/python3.12/site-packages/airflow/example_dags/example_xcomargs.py
[2024-05-08T13:33:29.206+0000] {processor.py:840} INFO - DAG(s) 'example_xcom_args', 'example_xcom_args_with_operators' retrieved from /home/denys/airflow_venv/lib/python3.12/site-packages/airflow/example_dags/example_xcomargs.py
[2024-05-08T13:33:29.218+0000] {logging_mixin.py:188} INFO - [2024-05-08T13:33:29.218+0000] {dag.py:3096} INFO - Sync 2 DAGs
[2024-05-08T13:33:29.225+0000] {logging_mixin.py:188} INFO - [2024-05-08T13:33:29.225+0000] {dag.py:3954} INFO - Setting next_dagrun for example_xcom_args to None, run_after=None
[2024-05-08T13:33:29.227+0000] {logging_mixin.py:188} INFO - [2024-05-08T13:33:29.226+0000] {dag.py:3954} INFO - Setting next_dagrun for example_xcom_args_with_operators to None, run_after=None
[2024-05-08T13:33:29.243+0000] {processor.py:183} INFO - Processing /home/denys/airflow_venv/lib/python3.12/site-packages/airflow/example_dags/example_xcomargs.py took 0.049 seconds
[2024-05-08T13:34:10.951+0000] {processor.py:161} INFO - Started process (PID=3389) to work on /home/denys/airflow_venv/lib/python3.12/site-packages/airflow/example_dags/example_xcomargs.py
[2024-05-08T13:34:10.953+0000] {processor.py:830} INFO - Processing file /home/denys/airflow_venv/lib/python3.12/site-packages/airflow/example_dags/example_xcomargs.py for tasks to queue
[2024-05-08T13:34:10.955+0000] {logging_mixin.py:188} INFO - [2024-05-08T13:34:10.954+0000] {dagbag.py:545} INFO - Filling up the DagBag from /home/denys/airflow_venv/lib/python3.12/site-packages/airflow/example_dags/example_xcomargs.py
[2024-05-08T13:34:10.960+0000] {processor.py:840} INFO - DAG(s) 'example_xcom_args', 'example_xcom_args_with_operators' retrieved from /home/denys/airflow_venv/lib/python3.12/site-packages/airflow/example_dags/example_xcomargs.py
[2024-05-08T13:34:10.971+0000] {logging_mixin.py:188} INFO - [2024-05-08T13:34:10.971+0000] {dag.py:3096} INFO - Sync 2 DAGs
[2024-05-08T13:34:10.978+0000] {logging_mixin.py:188} INFO - [2024-05-08T13:34:10.978+0000] {dag.py:3954} INFO - Setting next_dagrun for example_xcom_args to None, run_after=None
[2024-05-08T13:34:10.980+0000] {logging_mixin.py:188} INFO - [2024-05-08T13:34:10.980+0000] {dag.py:3954} INFO - Setting next_dagrun for example_xcom_args_with_operators to None, run_after=None
[2024-05-08T13:34:10.995+0000] {processor.py:183} INFO - Processing /home/denys/airflow_venv/lib/python3.12/site-packages/airflow/example_dags/example_xcomargs.py took 0.047 seconds
[2024-05-08T13:34:52.139+0000] {processor.py:161} INFO - Started process (PID=3431) to work on /home/denys/airflow_venv/lib/python3.12/site-packages/airflow/example_dags/example_xcomargs.py
[2024-05-08T13:34:52.140+0000] {processor.py:830} INFO - Processing file /home/denys/airflow_venv/lib/python3.12/site-packages/airflow/example_dags/example_xcomargs.py for tasks to queue
[2024-05-08T13:34:52.141+0000] {logging_mixin.py:188} INFO - [2024-05-08T13:34:52.141+0000] {dagbag.py:545} INFO - Filling up the DagBag from /home/denys/airflow_venv/lib/python3.12/site-packages/airflow/example_dags/example_xcomargs.py
[2024-05-08T13:34:52.147+0000] {processor.py:840} INFO - DAG(s) 'example_xcom_args_with_operators', 'example_xcom_args' retrieved from /home/denys/airflow_venv/lib/python3.12/site-packages/airflow/example_dags/example_xcomargs.py
[2024-05-08T13:34:52.157+0000] {logging_mixin.py:188} INFO - [2024-05-08T13:34:52.157+0000] {dag.py:3096} INFO - Sync 2 DAGs
[2024-05-08T13:34:52.164+0000] {logging_mixin.py:188} INFO - [2024-05-08T13:34:52.163+0000] {dag.py:3954} INFO - Setting next_dagrun for example_xcom_args to None, run_after=None
[2024-05-08T13:34:52.165+0000] {logging_mixin.py:188} INFO - [2024-05-08T13:34:52.165+0000] {dag.py:3954} INFO - Setting next_dagrun for example_xcom_args_with_operators to None, run_after=None
[2024-05-08T13:34:52.186+0000] {processor.py:183} INFO - Processing /home/denys/airflow_venv/lib/python3.12/site-packages/airflow/example_dags/example_xcomargs.py took 0.052 seconds
[2024-05-08T13:35:31.414+0000] {processor.py:161} INFO - Started process (PID=3476) to work on /home/denys/airflow_venv/lib/python3.12/site-packages/airflow/example_dags/example_xcomargs.py
[2024-05-08T13:35:31.415+0000] {processor.py:830} INFO - Processing file /home/denys/airflow_venv/lib/python3.12/site-packages/airflow/example_dags/example_xcomargs.py for tasks to queue
[2024-05-08T13:35:31.416+0000] {logging_mixin.py:188} INFO - [2024-05-08T13:35:31.416+0000] {dagbag.py:545} INFO - Filling up the DagBag from /home/denys/airflow_venv/lib/python3.12/site-packages/airflow/example_dags/example_xcomargs.py
[2024-05-08T13:35:31.421+0000] {processor.py:840} INFO - DAG(s) 'example_xcom_args_with_operators', 'example_xcom_args' retrieved from /home/denys/airflow_venv/lib/python3.12/site-packages/airflow/example_dags/example_xcomargs.py
[2024-05-08T13:35:31.431+0000] {logging_mixin.py:188} INFO - [2024-05-08T13:35:31.431+0000] {dag.py:3096} INFO - Sync 2 DAGs
[2024-05-08T13:35:31.437+0000] {logging_mixin.py:188} INFO - [2024-05-08T13:35:31.437+0000] {dag.py:3954} INFO - Setting next_dagrun for example_xcom_args to None, run_after=None
[2024-05-08T13:35:31.438+0000] {logging_mixin.py:188} INFO - [2024-05-08T13:35:31.438+0000] {dag.py:3954} INFO - Setting next_dagrun for example_xcom_args_with_operators to None, run_after=None
[2024-05-08T13:35:31.458+0000] {processor.py:183} INFO - Processing /home/denys/airflow_venv/lib/python3.12/site-packages/airflow/example_dags/example_xcomargs.py took 0.048 seconds
[2024-05-08T13:36:12.039+0000] {processor.py:161} INFO - Started process (PID=3517) to work on /home/denys/airflow_venv/lib/python3.12/site-packages/airflow/example_dags/example_xcomargs.py
[2024-05-08T13:36:12.041+0000] {processor.py:830} INFO - Processing file /home/denys/airflow_venv/lib/python3.12/site-packages/airflow/example_dags/example_xcomargs.py for tasks to queue
[2024-05-08T13:36:12.042+0000] {logging_mixin.py:188} INFO - [2024-05-08T13:36:12.041+0000] {dagbag.py:545} INFO - Filling up the DagBag from /home/denys/airflow_venv/lib/python3.12/site-packages/airflow/example_dags/example_xcomargs.py
[2024-05-08T13:36:12.047+0000] {processor.py:840} INFO - DAG(s) 'example_xcom_args_with_operators', 'example_xcom_args' retrieved from /home/denys/airflow_venv/lib/python3.12/site-packages/airflow/example_dags/example_xcomargs.py
[2024-05-08T13:36:12.059+0000] {logging_mixin.py:188} INFO - [2024-05-08T13:36:12.058+0000] {dag.py:3096} INFO - Sync 2 DAGs
[2024-05-08T13:36:12.065+0000] {logging_mixin.py:188} INFO - [2024-05-08T13:36:12.065+0000] {dag.py:3954} INFO - Setting next_dagrun for example_xcom_args to None, run_after=None
[2024-05-08T13:36:12.067+0000] {logging_mixin.py:188} INFO - [2024-05-08T13:36:12.066+0000] {dag.py:3954} INFO - Setting next_dagrun for example_xcom_args_with_operators to None, run_after=None
[2024-05-08T13:36:12.087+0000] {processor.py:183} INFO - Processing /home/denys/airflow_venv/lib/python3.12/site-packages/airflow/example_dags/example_xcomargs.py took 0.052 seconds
[2024-05-08T13:36:53.861+0000] {processor.py:161} INFO - Started process (PID=3561) to work on /home/denys/airflow_venv/lib/python3.12/site-packages/airflow/example_dags/example_xcomargs.py
[2024-05-08T13:36:53.862+0000] {processor.py:830} INFO - Processing file /home/denys/airflow_venv/lib/python3.12/site-packages/airflow/example_dags/example_xcomargs.py for tasks to queue
[2024-05-08T13:36:53.863+0000] {logging_mixin.py:188} INFO - [2024-05-08T13:36:53.862+0000] {dagbag.py:545} INFO - Filling up the DagBag from /home/denys/airflow_venv/lib/python3.12/site-packages/airflow/example_dags/example_xcomargs.py
[2024-05-08T13:36:53.869+0000] {processor.py:840} INFO - DAG(s) 'example_xcom_args', 'example_xcom_args_with_operators' retrieved from /home/denys/airflow_venv/lib/python3.12/site-packages/airflow/example_dags/example_xcomargs.py
[2024-05-08T13:36:53.880+0000] {logging_mixin.py:188} INFO - [2024-05-08T13:36:53.879+0000] {dag.py:3096} INFO - Sync 2 DAGs
[2024-05-08T13:36:53.886+0000] {logging_mixin.py:188} INFO - [2024-05-08T13:36:53.885+0000] {dag.py:3954} INFO - Setting next_dagrun for example_xcom_args to None, run_after=None
[2024-05-08T13:36:53.887+0000] {logging_mixin.py:188} INFO - [2024-05-08T13:36:53.887+0000] {dag.py:3954} INFO - Setting next_dagrun for example_xcom_args_with_operators to None, run_after=None
[2024-05-08T13:36:53.902+0000] {processor.py:183} INFO - Processing /home/denys/airflow_venv/lib/python3.12/site-packages/airflow/example_dags/example_xcomargs.py took 0.045 seconds
[2024-05-08T13:37:38.891+0000] {processor.py:161} INFO - Started process (PID=3606) to work on /home/denys/airflow_venv/lib/python3.12/site-packages/airflow/example_dags/example_xcomargs.py
[2024-05-08T13:37:38.893+0000] {processor.py:830} INFO - Processing file /home/denys/airflow_venv/lib/python3.12/site-packages/airflow/example_dags/example_xcomargs.py for tasks to queue
[2024-05-08T13:37:38.893+0000] {logging_mixin.py:188} INFO - [2024-05-08T13:37:38.893+0000] {dagbag.py:545} INFO - Filling up the DagBag from /home/denys/airflow_venv/lib/python3.12/site-packages/airflow/example_dags/example_xcomargs.py
[2024-05-08T13:37:38.899+0000] {processor.py:840} INFO - DAG(s) 'example_xcom_args', 'example_xcom_args_with_operators' retrieved from /home/denys/airflow_venv/lib/python3.12/site-packages/airflow/example_dags/example_xcomargs.py
[2024-05-08T13:37:38.909+0000] {logging_mixin.py:188} INFO - [2024-05-08T13:37:38.909+0000] {dag.py:3096} INFO - Sync 2 DAGs
[2024-05-08T13:37:38.915+0000] {logging_mixin.py:188} INFO - [2024-05-08T13:37:38.915+0000] {dag.py:3954} INFO - Setting next_dagrun for example_xcom_args to None, run_after=None
[2024-05-08T13:37:38.916+0000] {logging_mixin.py:188} INFO - [2024-05-08T13:37:38.916+0000] {dag.py:3954} INFO - Setting next_dagrun for example_xcom_args_with_operators to None, run_after=None
[2024-05-08T13:37:38.931+0000] {processor.py:183} INFO - Processing /home/denys/airflow_venv/lib/python3.12/site-packages/airflow/example_dags/example_xcomargs.py took 0.043 seconds
[2024-05-08T13:38:26.821+0000] {processor.py:161} INFO - Started process (PID=3655) to work on /home/denys/airflow_venv/lib/python3.12/site-packages/airflow/example_dags/example_xcomargs.py
[2024-05-08T13:38:26.823+0000] {processor.py:830} INFO - Processing file /home/denys/airflow_venv/lib/python3.12/site-packages/airflow/example_dags/example_xcomargs.py for tasks to queue
[2024-05-08T13:38:26.824+0000] {logging_mixin.py:188} INFO - [2024-05-08T13:38:26.824+0000] {dagbag.py:545} INFO - Filling up the DagBag from /home/denys/airflow_venv/lib/python3.12/site-packages/airflow/example_dags/example_xcomargs.py
[2024-05-08T13:38:26.830+0000] {processor.py:840} INFO - DAG(s) 'example_xcom_args_with_operators', 'example_xcom_args' retrieved from /home/denys/airflow_venv/lib/python3.12/site-packages/airflow/example_dags/example_xcomargs.py
[2024-05-08T13:38:26.841+0000] {logging_mixin.py:188} INFO - [2024-05-08T13:38:26.841+0000] {dag.py:3096} INFO - Sync 2 DAGs
[2024-05-08T13:38:26.847+0000] {logging_mixin.py:188} INFO - [2024-05-08T13:38:26.847+0000] {dag.py:3954} INFO - Setting next_dagrun for example_xcom_args to None, run_after=None
[2024-05-08T13:38:26.849+0000] {logging_mixin.py:188} INFO - [2024-05-08T13:38:26.849+0000] {dag.py:3954} INFO - Setting next_dagrun for example_xcom_args_with_operators to None, run_after=None
[2024-05-08T13:38:26.865+0000] {processor.py:183} INFO - Processing /home/denys/airflow_venv/lib/python3.12/site-packages/airflow/example_dags/example_xcomargs.py took 0.049 seconds
[2024-05-08T13:39:07.497+0000] {processor.py:161} INFO - Started process (PID=3699) to work on /home/denys/airflow_venv/lib/python3.12/site-packages/airflow/example_dags/example_xcomargs.py
[2024-05-08T13:39:07.498+0000] {processor.py:830} INFO - Processing file /home/denys/airflow_venv/lib/python3.12/site-packages/airflow/example_dags/example_xcomargs.py for tasks to queue
[2024-05-08T13:39:07.499+0000] {logging_mixin.py:188} INFO - [2024-05-08T13:39:07.499+0000] {dagbag.py:545} INFO - Filling up the DagBag from /home/denys/airflow_venv/lib/python3.12/site-packages/airflow/example_dags/example_xcomargs.py
[2024-05-08T13:39:07.505+0000] {processor.py:840} INFO - DAG(s) 'example_xcom_args', 'example_xcom_args_with_operators' retrieved from /home/denys/airflow_venv/lib/python3.12/site-packages/airflow/example_dags/example_xcomargs.py
[2024-05-08T13:39:07.515+0000] {logging_mixin.py:188} INFO - [2024-05-08T13:39:07.515+0000] {dag.py:3096} INFO - Sync 2 DAGs
[2024-05-08T13:39:07.521+0000] {logging_mixin.py:188} INFO - [2024-05-08T13:39:07.521+0000] {dag.py:3954} INFO - Setting next_dagrun for example_xcom_args to None, run_after=None
[2024-05-08T13:39:07.522+0000] {logging_mixin.py:188} INFO - [2024-05-08T13:39:07.522+0000] {dag.py:3954} INFO - Setting next_dagrun for example_xcom_args_with_operators to None, run_after=None
[2024-05-08T13:39:07.537+0000] {processor.py:183} INFO - Processing /home/denys/airflow_venv/lib/python3.12/site-packages/airflow/example_dags/example_xcomargs.py took 0.044 seconds
[2024-05-08T13:39:52.569+0000] {processor.py:161} INFO - Started process (PID=3742) to work on /home/denys/airflow_venv/lib/python3.12/site-packages/airflow/example_dags/example_xcomargs.py
[2024-05-08T13:39:52.570+0000] {processor.py:830} INFO - Processing file /home/denys/airflow_venv/lib/python3.12/site-packages/airflow/example_dags/example_xcomargs.py for tasks to queue
[2024-05-08T13:39:52.571+0000] {logging_mixin.py:188} INFO - [2024-05-08T13:39:52.570+0000] {dagbag.py:545} INFO - Filling up the DagBag from /home/denys/airflow_venv/lib/python3.12/site-packages/airflow/example_dags/example_xcomargs.py
[2024-05-08T13:39:52.576+0000] {processor.py:840} INFO - DAG(s) 'example_xcom_args_with_operators', 'example_xcom_args' retrieved from /home/denys/airflow_venv/lib/python3.12/site-packages/airflow/example_dags/example_xcomargs.py
[2024-05-08T13:39:52.585+0000] {logging_mixin.py:188} INFO - [2024-05-08T13:39:52.585+0000] {dag.py:3096} INFO - Sync 2 DAGs
[2024-05-08T13:39:52.645+0000] {logging_mixin.py:188} INFO - [2024-05-08T13:39:52.645+0000] {dag.py:3954} INFO - Setting next_dagrun for example_xcom_args to None, run_after=None
[2024-05-08T13:39:52.647+0000] {logging_mixin.py:188} INFO - [2024-05-08T13:39:52.647+0000] {dag.py:3954} INFO - Setting next_dagrun for example_xcom_args_with_operators to None, run_after=None
[2024-05-08T13:39:52.662+0000] {processor.py:183} INFO - Processing /home/denys/airflow_venv/lib/python3.12/site-packages/airflow/example_dags/example_xcomargs.py took 0.097 seconds
[2024-05-08T13:40:41.901+0000] {processor.py:161} INFO - Started process (PID=3791) to work on /home/denys/airflow_venv/lib/python3.12/site-packages/airflow/example_dags/example_xcomargs.py
[2024-05-08T13:40:41.902+0000] {processor.py:830} INFO - Processing file /home/denys/airflow_venv/lib/python3.12/site-packages/airflow/example_dags/example_xcomargs.py for tasks to queue
[2024-05-08T13:40:41.903+0000] {logging_mixin.py:188} INFO - [2024-05-08T13:40:41.903+0000] {dagbag.py:545} INFO - Filling up the DagBag from /home/denys/airflow_venv/lib/python3.12/site-packages/airflow/example_dags/example_xcomargs.py
[2024-05-08T13:40:41.909+0000] {processor.py:840} INFO - DAG(s) 'example_xcom_args_with_operators', 'example_xcom_args' retrieved from /home/denys/airflow_venv/lib/python3.12/site-packages/airflow/example_dags/example_xcomargs.py
[2024-05-08T13:40:41.920+0000] {logging_mixin.py:188} INFO - [2024-05-08T13:40:41.919+0000] {dag.py:3096} INFO - Sync 2 DAGs
[2024-05-08T13:40:41.928+0000] {logging_mixin.py:188} INFO - [2024-05-08T13:40:41.927+0000] {dag.py:3954} INFO - Setting next_dagrun for example_xcom_args to None, run_after=None
[2024-05-08T13:40:41.929+0000] {logging_mixin.py:188} INFO - [2024-05-08T13:40:41.929+0000] {dag.py:3954} INFO - Setting next_dagrun for example_xcom_args_with_operators to None, run_after=None
[2024-05-08T13:40:41.946+0000] {processor.py:183} INFO - Processing /home/denys/airflow_venv/lib/python3.12/site-packages/airflow/example_dags/example_xcomargs.py took 0.049 seconds
[2024-05-08T13:41:29.410+0000] {processor.py:161} INFO - Started process (PID=3839) to work on /home/denys/airflow_venv/lib/python3.12/site-packages/airflow/example_dags/example_xcomargs.py
[2024-05-08T13:41:29.418+0000] {processor.py:830} INFO - Processing file /home/denys/airflow_venv/lib/python3.12/site-packages/airflow/example_dags/example_xcomargs.py for tasks to queue
[2024-05-08T13:41:29.419+0000] {logging_mixin.py:188} INFO - [2024-05-08T13:41:29.419+0000] {dagbag.py:545} INFO - Filling up the DagBag from /home/denys/airflow_venv/lib/python3.12/site-packages/airflow/example_dags/example_xcomargs.py
[2024-05-08T13:41:29.424+0000] {processor.py:840} INFO - DAG(s) 'example_xcom_args', 'example_xcom_args_with_operators' retrieved from /home/denys/airflow_venv/lib/python3.12/site-packages/airflow/example_dags/example_xcomargs.py
[2024-05-08T13:41:29.435+0000] {logging_mixin.py:188} INFO - [2024-05-08T13:41:29.435+0000] {dag.py:3096} INFO - Sync 2 DAGs
[2024-05-08T13:41:29.443+0000] {logging_mixin.py:188} INFO - [2024-05-08T13:41:29.443+0000] {dag.py:3954} INFO - Setting next_dagrun for example_xcom_args to None, run_after=None
[2024-05-08T13:41:29.444+0000] {logging_mixin.py:188} INFO - [2024-05-08T13:41:29.444+0000] {dag.py:3954} INFO - Setting next_dagrun for example_xcom_args_with_operators to None, run_after=None
[2024-05-08T13:41:29.461+0000] {processor.py:183} INFO - Processing /home/denys/airflow_venv/lib/python3.12/site-packages/airflow/example_dags/example_xcomargs.py took 0.054 seconds
[2024-05-08T13:42:13.301+0000] {processor.py:161} INFO - Started process (PID=3882) to work on /home/denys/airflow_venv/lib/python3.12/site-packages/airflow/example_dags/example_xcomargs.py
[2024-05-08T13:42:13.303+0000] {processor.py:830} INFO - Processing file /home/denys/airflow_venv/lib/python3.12/site-packages/airflow/example_dags/example_xcomargs.py for tasks to queue
[2024-05-08T13:42:13.304+0000] {logging_mixin.py:188} INFO - [2024-05-08T13:42:13.304+0000] {dagbag.py:545} INFO - Filling up the DagBag from /home/denys/airflow_venv/lib/python3.12/site-packages/airflow/example_dags/example_xcomargs.py
[2024-05-08T13:42:13.309+0000] {processor.py:840} INFO - DAG(s) 'example_xcom_args_with_operators', 'example_xcom_args' retrieved from /home/denys/airflow_venv/lib/python3.12/site-packages/airflow/example_dags/example_xcomargs.py
[2024-05-08T13:42:13.322+0000] {logging_mixin.py:188} INFO - [2024-05-08T13:42:13.322+0000] {dag.py:3096} INFO - Sync 2 DAGs
[2024-05-08T13:42:13.329+0000] {logging_mixin.py:188} INFO - [2024-05-08T13:42:13.329+0000] {dag.py:3954} INFO - Setting next_dagrun for example_xcom_args to None, run_after=None
[2024-05-08T13:42:13.332+0000] {logging_mixin.py:188} INFO - [2024-05-08T13:42:13.332+0000] {dag.py:3954} INFO - Setting next_dagrun for example_xcom_args_with_operators to None, run_after=None
[2024-05-08T13:42:13.422+0000] {processor.py:183} INFO - Processing /home/denys/airflow_venv/lib/python3.12/site-packages/airflow/example_dags/example_xcomargs.py took 0.124 seconds
[2024-05-08T13:42:59.421+0000] {processor.py:161} INFO - Started process (PID=3928) to work on /home/denys/airflow_venv/lib/python3.12/site-packages/airflow/example_dags/example_xcomargs.py
[2024-05-08T13:42:59.422+0000] {processor.py:830} INFO - Processing file /home/denys/airflow_venv/lib/python3.12/site-packages/airflow/example_dags/example_xcomargs.py for tasks to queue
[2024-05-08T13:42:59.423+0000] {logging_mixin.py:188} INFO - [2024-05-08T13:42:59.423+0000] {dagbag.py:545} INFO - Filling up the DagBag from /home/denys/airflow_venv/lib/python3.12/site-packages/airflow/example_dags/example_xcomargs.py
[2024-05-08T13:42:59.429+0000] {processor.py:840} INFO - DAG(s) 'example_xcom_args', 'example_xcom_args_with_operators' retrieved from /home/denys/airflow_venv/lib/python3.12/site-packages/airflow/example_dags/example_xcomargs.py
[2024-05-08T13:42:59.439+0000] {logging_mixin.py:188} INFO - [2024-05-08T13:42:59.439+0000] {dag.py:3096} INFO - Sync 2 DAGs
[2024-05-08T13:42:59.445+0000] {logging_mixin.py:188} INFO - [2024-05-08T13:42:59.445+0000] {dag.py:3954} INFO - Setting next_dagrun for example_xcom_args to None, run_after=None
[2024-05-08T13:42:59.448+0000] {logging_mixin.py:188} INFO - [2024-05-08T13:42:59.448+0000] {dag.py:3954} INFO - Setting next_dagrun for example_xcom_args_with_operators to None, run_after=None
[2024-05-08T13:42:59.464+0000] {processor.py:183} INFO - Processing /home/denys/airflow_venv/lib/python3.12/site-packages/airflow/example_dags/example_xcomargs.py took 0.047 seconds
