[2024-05-08T13:12:09.107+0000] {processor.py:161} INFO - Started process (PID=1885) to work on /home/denys/airflow_venv/lib/python3.12/site-packages/airflow/example_dags/example_branch_python_dop_operator_3.py
[2024-05-08T13:12:09.107+0000] {processor.py:830} INFO - Processing file /home/denys/airflow_venv/lib/python3.12/site-packages/airflow/example_dags/example_branch_python_dop_operator_3.py for tasks to queue
[2024-05-08T13:12:09.108+0000] {logging_mixin.py:188} INFO - [2024-05-08T13:12:09.108+0000] {dagbag.py:545} INFO - Filling up the DagBag from /home/denys/airflow_venv/lib/python3.12/site-packages/airflow/example_dags/example_branch_python_dop_operator_3.py
[2024-05-08T13:12:09.113+0000] {processor.py:840} INFO - DAG(s) 'example_branch_dop_operator_v3' retrieved from /home/denys/airflow_venv/lib/python3.12/site-packages/airflow/example_dags/example_branch_python_dop_operator_3.py
[2024-05-08T13:12:09.189+0000] {logging_mixin.py:188} INFO - [2024-05-08T13:12:09.188+0000] {override.py:1829} INFO - Created Permission View: can delete on DAG:example_branch_dop_operator_v3
[2024-05-08T13:12:09.200+0000] {logging_mixin.py:188} INFO - [2024-05-08T13:12:09.200+0000] {override.py:1829} INFO - Created Permission View: can edit on DAG:example_branch_dop_operator_v3
[2024-05-08T13:12:09.208+0000] {logging_mixin.py:188} INFO - [2024-05-08T13:12:09.208+0000] {override.py:1829} INFO - Created Permission View: can read on DAG:example_branch_dop_operator_v3
[2024-05-08T13:12:09.208+0000] {logging_mixin.py:188} INFO - [2024-05-08T13:12:09.208+0000] {dag.py:3096} INFO - Sync 1 DAGs
[2024-05-08T13:12:09.215+0000] {logging_mixin.py:188} INFO - [2024-05-08T13:12:09.215+0000] {dag.py:3118} INFO - Creating ORM DAG for example_branch_dop_operator_v3
[2024-05-08T13:12:09.222+0000] {logging_mixin.py:188} INFO - [2024-05-08T13:12:09.222+0000] {dag.py:3954} INFO - Setting next_dagrun for example_branch_dop_operator_v3 to 2024-05-08 13:11:00+00:00, run_after=2024-05-08 13:12:00+00:00
[2024-05-08T13:12:09.240+0000] {processor.py:183} INFO - Processing /home/denys/airflow_venv/lib/python3.12/site-packages/airflow/example_dags/example_branch_python_dop_operator_3.py took 0.136 seconds
[2024-05-08T13:13:01.048+0000] {processor.py:161} INFO - Started process (PID=1941) to work on /home/denys/airflow_venv/lib/python3.12/site-packages/airflow/example_dags/example_branch_python_dop_operator_3.py
[2024-05-08T13:13:01.050+0000] {processor.py:830} INFO - Processing file /home/denys/airflow_venv/lib/python3.12/site-packages/airflow/example_dags/example_branch_python_dop_operator_3.py for tasks to queue
[2024-05-08T13:13:01.051+0000] {logging_mixin.py:188} INFO - [2024-05-08T13:13:01.051+0000] {dagbag.py:545} INFO - Filling up the DagBag from /home/denys/airflow_venv/lib/python3.12/site-packages/airflow/example_dags/example_branch_python_dop_operator_3.py
[2024-05-08T13:13:01.058+0000] {processor.py:840} INFO - DAG(s) 'example_branch_dop_operator_v3' retrieved from /home/denys/airflow_venv/lib/python3.12/site-packages/airflow/example_dags/example_branch_python_dop_operator_3.py
[2024-05-08T13:13:01.068+0000] {logging_mixin.py:188} INFO - [2024-05-08T13:13:01.068+0000] {dag.py:3096} INFO - Sync 1 DAGs
[2024-05-08T13:13:01.080+0000] {logging_mixin.py:188} INFO - [2024-05-08T13:13:01.080+0000] {dag.py:3954} INFO - Setting next_dagrun for example_branch_dop_operator_v3 to 2024-05-08 13:12:00+00:00, run_after=2024-05-08 13:13:00+00:00
[2024-05-08T13:13:01.105+0000] {processor.py:183} INFO - Processing /home/denys/airflow_venv/lib/python3.12/site-packages/airflow/example_dags/example_branch_python_dop_operator_3.py took 0.061 seconds
[2024-05-08T13:13:52.422+0000] {processor.py:161} INFO - Started process (PID=1993) to work on /home/denys/airflow_venv/lib/python3.12/site-packages/airflow/example_dags/example_branch_python_dop_operator_3.py
[2024-05-08T13:13:52.424+0000] {processor.py:830} INFO - Processing file /home/denys/airflow_venv/lib/python3.12/site-packages/airflow/example_dags/example_branch_python_dop_operator_3.py for tasks to queue
[2024-05-08T13:13:52.425+0000] {logging_mixin.py:188} INFO - [2024-05-08T13:13:52.425+0000] {dagbag.py:545} INFO - Filling up the DagBag from /home/denys/airflow_venv/lib/python3.12/site-packages/airflow/example_dags/example_branch_python_dop_operator_3.py
[2024-05-08T13:13:52.431+0000] {processor.py:840} INFO - DAG(s) 'example_branch_dop_operator_v3' retrieved from /home/denys/airflow_venv/lib/python3.12/site-packages/airflow/example_dags/example_branch_python_dop_operator_3.py
[2024-05-08T13:13:52.442+0000] {logging_mixin.py:188} INFO - [2024-05-08T13:13:52.442+0000] {dag.py:3096} INFO - Sync 1 DAGs
[2024-05-08T13:13:52.456+0000] {logging_mixin.py:188} INFO - [2024-05-08T13:13:52.456+0000] {dag.py:3954} INFO - Setting next_dagrun for example_branch_dop_operator_v3 to 2024-05-08 13:12:00+00:00, run_after=2024-05-08 13:13:00+00:00
[2024-05-08T13:13:52.474+0000] {processor.py:183} INFO - Processing /home/denys/airflow_venv/lib/python3.12/site-packages/airflow/example_dags/example_branch_python_dop_operator_3.py took 0.055 seconds
[2024-05-08T13:14:57.075+0000] {processor.py:161} INFO - Started process (PID=2059) to work on /home/denys/airflow_venv/lib/python3.12/site-packages/airflow/example_dags/example_branch_python_dop_operator_3.py
[2024-05-08T13:14:57.078+0000] {processor.py:830} INFO - Processing file /home/denys/airflow_venv/lib/python3.12/site-packages/airflow/example_dags/example_branch_python_dop_operator_3.py for tasks to queue
[2024-05-08T13:14:57.079+0000] {logging_mixin.py:188} INFO - [2024-05-08T13:14:57.079+0000] {dagbag.py:545} INFO - Filling up the DagBag from /home/denys/airflow_venv/lib/python3.12/site-packages/airflow/example_dags/example_branch_python_dop_operator_3.py
[2024-05-08T13:14:57.084+0000] {processor.py:840} INFO - DAG(s) 'example_branch_dop_operator_v3' retrieved from /home/denys/airflow_venv/lib/python3.12/site-packages/airflow/example_dags/example_branch_python_dop_operator_3.py
[2024-05-08T13:14:57.092+0000] {logging_mixin.py:188} INFO - [2024-05-08T13:14:57.092+0000] {dag.py:3096} INFO - Sync 1 DAGs
[2024-05-08T13:14:57.103+0000] {logging_mixin.py:188} INFO - [2024-05-08T13:14:57.103+0000] {dag.py:3954} INFO - Setting next_dagrun for example_branch_dop_operator_v3 to 2024-05-08 13:13:00+00:00, run_after=2024-05-08 13:14:00+00:00
[2024-05-08T13:14:57.127+0000] {processor.py:183} INFO - Processing /home/denys/airflow_venv/lib/python3.12/site-packages/airflow/example_dags/example_branch_python_dop_operator_3.py took 0.055 seconds
[2024-05-08T13:15:59.474+0000] {processor.py:161} INFO - Started process (PID=2126) to work on /home/denys/airflow_venv/lib/python3.12/site-packages/airflow/example_dags/example_branch_python_dop_operator_3.py
[2024-05-08T13:15:59.475+0000] {processor.py:830} INFO - Processing file /home/denys/airflow_venv/lib/python3.12/site-packages/airflow/example_dags/example_branch_python_dop_operator_3.py for tasks to queue
[2024-05-08T13:15:59.476+0000] {logging_mixin.py:188} INFO - [2024-05-08T13:15:59.476+0000] {dagbag.py:545} INFO - Filling up the DagBag from /home/denys/airflow_venv/lib/python3.12/site-packages/airflow/example_dags/example_branch_python_dop_operator_3.py
[2024-05-08T13:15:59.483+0000] {processor.py:840} INFO - DAG(s) 'example_branch_dop_operator_v3' retrieved from /home/denys/airflow_venv/lib/python3.12/site-packages/airflow/example_dags/example_branch_python_dop_operator_3.py
[2024-05-08T13:15:59.492+0000] {logging_mixin.py:188} INFO - [2024-05-08T13:15:59.492+0000] {dag.py:3096} INFO - Sync 1 DAGs
[2024-05-08T13:15:59.504+0000] {logging_mixin.py:188} INFO - [2024-05-08T13:15:59.504+0000] {dag.py:3954} INFO - Setting next_dagrun for example_branch_dop_operator_v3 to 2024-05-08 13:14:00+00:00, run_after=2024-05-08 13:15:00+00:00
[2024-05-08T13:15:59.527+0000] {processor.py:183} INFO - Processing /home/denys/airflow_venv/lib/python3.12/site-packages/airflow/example_dags/example_branch_python_dop_operator_3.py took 0.057 seconds
[2024-05-08T13:17:03.725+0000] {processor.py:161} INFO - Started process (PID=2194) to work on /home/denys/airflow_venv/lib/python3.12/site-packages/airflow/example_dags/example_branch_python_dop_operator_3.py
[2024-05-08T13:17:03.726+0000] {processor.py:830} INFO - Processing file /home/denys/airflow_venv/lib/python3.12/site-packages/airflow/example_dags/example_branch_python_dop_operator_3.py for tasks to queue
[2024-05-08T13:17:03.727+0000] {logging_mixin.py:188} INFO - [2024-05-08T13:17:03.727+0000] {dagbag.py:545} INFO - Filling up the DagBag from /home/denys/airflow_venv/lib/python3.12/site-packages/airflow/example_dags/example_branch_python_dop_operator_3.py
[2024-05-08T13:17:03.732+0000] {processor.py:840} INFO - DAG(s) 'example_branch_dop_operator_v3' retrieved from /home/denys/airflow_venv/lib/python3.12/site-packages/airflow/example_dags/example_branch_python_dop_operator_3.py
[2024-05-08T13:17:03.741+0000] {logging_mixin.py:188} INFO - [2024-05-08T13:17:03.741+0000] {dag.py:3096} INFO - Sync 1 DAGs
[2024-05-08T13:17:03.755+0000] {logging_mixin.py:188} INFO - [2024-05-08T13:17:03.755+0000] {dag.py:3954} INFO - Setting next_dagrun for example_branch_dop_operator_v3 to 2024-05-08 13:16:00+00:00, run_after=2024-05-08 13:17:00+00:00
[2024-05-08T13:17:03.771+0000] {processor.py:183} INFO - Processing /home/denys/airflow_venv/lib/python3.12/site-packages/airflow/example_dags/example_branch_python_dop_operator_3.py took 0.050 seconds
[2024-05-08T13:18:08.558+0000] {processor.py:161} INFO - Started process (PID=2263) to work on /home/denys/airflow_venv/lib/python3.12/site-packages/airflow/example_dags/example_branch_python_dop_operator_3.py
[2024-05-08T13:18:08.559+0000] {processor.py:830} INFO - Processing file /home/denys/airflow_venv/lib/python3.12/site-packages/airflow/example_dags/example_branch_python_dop_operator_3.py for tasks to queue
[2024-05-08T13:18:08.560+0000] {logging_mixin.py:188} INFO - [2024-05-08T13:18:08.559+0000] {dagbag.py:545} INFO - Filling up the DagBag from /home/denys/airflow_venv/lib/python3.12/site-packages/airflow/example_dags/example_branch_python_dop_operator_3.py
[2024-05-08T13:18:08.565+0000] {processor.py:840} INFO - DAG(s) 'example_branch_dop_operator_v3' retrieved from /home/denys/airflow_venv/lib/python3.12/site-packages/airflow/example_dags/example_branch_python_dop_operator_3.py
[2024-05-08T13:18:08.574+0000] {logging_mixin.py:188} INFO - [2024-05-08T13:18:08.574+0000] {dag.py:3096} INFO - Sync 1 DAGs
[2024-05-08T13:18:08.585+0000] {logging_mixin.py:188} INFO - [2024-05-08T13:18:08.585+0000] {dag.py:3954} INFO - Setting next_dagrun for example_branch_dop_operator_v3 to 2024-05-08 13:17:00+00:00, run_after=2024-05-08 13:18:00+00:00
[2024-05-08T13:18:08.607+0000] {processor.py:183} INFO - Processing /home/denys/airflow_venv/lib/python3.12/site-packages/airflow/example_dags/example_branch_python_dop_operator_3.py took 0.052 seconds
[2024-05-08T13:19:37.783+0000] {processor.py:161} INFO - Started process (PID=2340) to work on /home/denys/airflow_venv/lib/python3.12/site-packages/airflow/example_dags/example_branch_python_dop_operator_3.py
[2024-05-08T13:19:37.790+0000] {processor.py:830} INFO - Processing file /home/denys/airflow_venv/lib/python3.12/site-packages/airflow/example_dags/example_branch_python_dop_operator_3.py for tasks to queue
[2024-05-08T13:19:37.791+0000] {logging_mixin.py:188} INFO - [2024-05-08T13:19:37.790+0000] {dagbag.py:545} INFO - Filling up the DagBag from /home/denys/airflow_venv/lib/python3.12/site-packages/airflow/example_dags/example_branch_python_dop_operator_3.py
[2024-05-08T13:19:37.796+0000] {processor.py:840} INFO - DAG(s) 'example_branch_dop_operator_v3' retrieved from /home/denys/airflow_venv/lib/python3.12/site-packages/airflow/example_dags/example_branch_python_dop_operator_3.py
[2024-05-08T13:19:37.843+0000] {logging_mixin.py:188} INFO - [2024-05-08T13:19:37.843+0000] {dag.py:3096} INFO - Sync 1 DAGs
[2024-05-08T13:19:37.854+0000] {logging_mixin.py:188} INFO - [2024-05-08T13:19:37.853+0000] {dag.py:3954} INFO - Setting next_dagrun for example_branch_dop_operator_v3 to 2024-05-08 13:18:00+00:00, run_after=2024-05-08 13:19:00+00:00
[2024-05-08T13:19:37.871+0000] {processor.py:183} INFO - Processing /home/denys/airflow_venv/lib/python3.12/site-packages/airflow/example_dags/example_branch_python_dop_operator_3.py took 0.092 seconds
[2024-05-08T13:20:28.623+0000] {processor.py:161} INFO - Started process (PID=2397) to work on /home/denys/airflow_venv/lib/python3.12/site-packages/airflow/example_dags/example_branch_python_dop_operator_3.py
[2024-05-08T13:20:28.625+0000] {processor.py:830} INFO - Processing file /home/denys/airflow_venv/lib/python3.12/site-packages/airflow/example_dags/example_branch_python_dop_operator_3.py for tasks to queue
[2024-05-08T13:20:28.626+0000] {logging_mixin.py:188} INFO - [2024-05-08T13:20:28.626+0000] {dagbag.py:545} INFO - Filling up the DagBag from /home/denys/airflow_venv/lib/python3.12/site-packages/airflow/example_dags/example_branch_python_dop_operator_3.py
[2024-05-08T13:20:28.632+0000] {processor.py:840} INFO - DAG(s) 'example_branch_dop_operator_v3' retrieved from /home/denys/airflow_venv/lib/python3.12/site-packages/airflow/example_dags/example_branch_python_dop_operator_3.py
[2024-05-08T13:20:28.641+0000] {logging_mixin.py:188} INFO - [2024-05-08T13:20:28.641+0000] {dag.py:3096} INFO - Sync 1 DAGs
[2024-05-08T13:20:28.652+0000] {logging_mixin.py:188} INFO - [2024-05-08T13:20:28.652+0000] {dag.py:3954} INFO - Setting next_dagrun for example_branch_dop_operator_v3 to 2024-05-08 13:19:00+00:00, run_after=2024-05-08 13:20:00+00:00
[2024-05-08T13:20:28.670+0000] {processor.py:183} INFO - Processing /home/denys/airflow_venv/lib/python3.12/site-packages/airflow/example_dags/example_branch_python_dop_operator_3.py took 0.050 seconds
[2024-05-08T13:21:19.351+0000] {processor.py:161} INFO - Started process (PID=2449) to work on /home/denys/airflow_venv/lib/python3.12/site-packages/airflow/example_dags/example_branch_python_dop_operator_3.py
[2024-05-08T13:21:19.352+0000] {processor.py:830} INFO - Processing file /home/denys/airflow_venv/lib/python3.12/site-packages/airflow/example_dags/example_branch_python_dop_operator_3.py for tasks to queue
[2024-05-08T13:21:19.353+0000] {logging_mixin.py:188} INFO - [2024-05-08T13:21:19.352+0000] {dagbag.py:545} INFO - Filling up the DagBag from /home/denys/airflow_venv/lib/python3.12/site-packages/airflow/example_dags/example_branch_python_dop_operator_3.py
[2024-05-08T13:21:19.358+0000] {processor.py:840} INFO - DAG(s) 'example_branch_dop_operator_v3' retrieved from /home/denys/airflow_venv/lib/python3.12/site-packages/airflow/example_dags/example_branch_python_dop_operator_3.py
[2024-05-08T13:21:19.367+0000] {logging_mixin.py:188} INFO - [2024-05-08T13:21:19.366+0000] {dag.py:3096} INFO - Sync 1 DAGs
[2024-05-08T13:21:19.377+0000] {logging_mixin.py:188} INFO - [2024-05-08T13:21:19.377+0000] {dag.py:3954} INFO - Setting next_dagrun for example_branch_dop_operator_v3 to 2024-05-08 13:20:00+00:00, run_after=2024-05-08 13:21:00+00:00
[2024-05-08T13:21:19.399+0000] {processor.py:183} INFO - Processing /home/denys/airflow_venv/lib/python3.12/site-packages/airflow/example_dags/example_branch_python_dop_operator_3.py took 0.053 seconds
[2024-05-08T13:22:22.987+0000] {processor.py:161} INFO - Started process (PID=2514) to work on /home/denys/airflow_venv/lib/python3.12/site-packages/airflow/example_dags/example_branch_python_dop_operator_3.py
[2024-05-08T13:22:22.989+0000] {processor.py:830} INFO - Processing file /home/denys/airflow_venv/lib/python3.12/site-packages/airflow/example_dags/example_branch_python_dop_operator_3.py for tasks to queue
[2024-05-08T13:22:22.989+0000] {logging_mixin.py:188} INFO - [2024-05-08T13:22:22.989+0000] {dagbag.py:545} INFO - Filling up the DagBag from /home/denys/airflow_venv/lib/python3.12/site-packages/airflow/example_dags/example_branch_python_dop_operator_3.py
[2024-05-08T13:22:22.995+0000] {processor.py:840} INFO - DAG(s) 'example_branch_dop_operator_v3' retrieved from /home/denys/airflow_venv/lib/python3.12/site-packages/airflow/example_dags/example_branch_python_dop_operator_3.py
[2024-05-08T13:22:23.005+0000] {logging_mixin.py:188} INFO - [2024-05-08T13:22:23.005+0000] {dag.py:3096} INFO - Sync 1 DAGs
[2024-05-08T13:22:23.017+0000] {logging_mixin.py:188} INFO - [2024-05-08T13:22:23.017+0000] {dag.py:3954} INFO - Setting next_dagrun for example_branch_dop_operator_v3 to 2024-05-08 13:21:00+00:00, run_after=2024-05-08 13:22:00+00:00
[2024-05-08T13:22:23.038+0000] {processor.py:183} INFO - Processing /home/denys/airflow_venv/lib/python3.12/site-packages/airflow/example_dags/example_branch_python_dop_operator_3.py took 0.054 seconds
[2024-05-08T13:23:25.356+0000] {processor.py:161} INFO - Started process (PID=2580) to work on /home/denys/airflow_venv/lib/python3.12/site-packages/airflow/example_dags/example_branch_python_dop_operator_3.py
[2024-05-08T13:23:25.357+0000] {processor.py:830} INFO - Processing file /home/denys/airflow_venv/lib/python3.12/site-packages/airflow/example_dags/example_branch_python_dop_operator_3.py for tasks to queue
[2024-05-08T13:23:25.358+0000] {logging_mixin.py:188} INFO - [2024-05-08T13:23:25.358+0000] {dagbag.py:545} INFO - Filling up the DagBag from /home/denys/airflow_venv/lib/python3.12/site-packages/airflow/example_dags/example_branch_python_dop_operator_3.py
[2024-05-08T13:23:25.364+0000] {processor.py:840} INFO - DAG(s) 'example_branch_dop_operator_v3' retrieved from /home/denys/airflow_venv/lib/python3.12/site-packages/airflow/example_dags/example_branch_python_dop_operator_3.py
[2024-05-08T13:23:25.372+0000] {logging_mixin.py:188} INFO - [2024-05-08T13:23:25.372+0000] {dag.py:3096} INFO - Sync 1 DAGs
[2024-05-08T13:23:25.384+0000] {logging_mixin.py:188} INFO - [2024-05-08T13:23:25.384+0000] {dag.py:3954} INFO - Setting next_dagrun for example_branch_dop_operator_v3 to 2024-05-08 13:22:00+00:00, run_after=2024-05-08 13:23:00+00:00
[2024-05-08T13:23:25.406+0000] {processor.py:183} INFO - Processing /home/denys/airflow_venv/lib/python3.12/site-packages/airflow/example_dags/example_branch_python_dop_operator_3.py took 0.053 seconds
[2024-05-08T13:24:24.290+0000] {processor.py:161} INFO - Started process (PID=2714) to work on /home/denys/airflow_venv/lib/python3.12/site-packages/airflow/example_dags/example_branch_python_dop_operator_3.py
[2024-05-08T13:24:24.291+0000] {processor.py:830} INFO - Processing file /home/denys/airflow_venv/lib/python3.12/site-packages/airflow/example_dags/example_branch_python_dop_operator_3.py for tasks to queue
[2024-05-08T13:24:24.292+0000] {logging_mixin.py:188} INFO - [2024-05-08T13:24:24.292+0000] {dagbag.py:545} INFO - Filling up the DagBag from /home/denys/airflow_venv/lib/python3.12/site-packages/airflow/example_dags/example_branch_python_dop_operator_3.py
[2024-05-08T13:24:24.297+0000] {processor.py:840} INFO - DAG(s) 'example_branch_dop_operator_v3' retrieved from /home/denys/airflow_venv/lib/python3.12/site-packages/airflow/example_dags/example_branch_python_dop_operator_3.py
[2024-05-08T13:24:24.305+0000] {logging_mixin.py:188} INFO - [2024-05-08T13:24:24.305+0000] {dag.py:3096} INFO - Sync 1 DAGs
[2024-05-08T13:24:24.316+0000] {logging_mixin.py:188} INFO - [2024-05-08T13:24:24.316+0000] {dag.py:3954} INFO - Setting next_dagrun for example_branch_dop_operator_v3 to 2024-05-08 13:23:00+00:00, run_after=2024-05-08 13:24:00+00:00
[2024-05-08T13:24:24.340+0000] {processor.py:183} INFO - Processing /home/denys/airflow_venv/lib/python3.12/site-packages/airflow/example_dags/example_branch_python_dop_operator_3.py took 0.053 seconds
[2024-05-08T13:25:24.054+0000] {processor.py:161} INFO - Started process (PID=2782) to work on /home/denys/airflow_venv/lib/python3.12/site-packages/airflow/example_dags/example_branch_python_dop_operator_3.py
[2024-05-08T13:25:24.055+0000] {processor.py:830} INFO - Processing file /home/denys/airflow_venv/lib/python3.12/site-packages/airflow/example_dags/example_branch_python_dop_operator_3.py for tasks to queue
[2024-05-08T13:25:24.056+0000] {logging_mixin.py:188} INFO - [2024-05-08T13:25:24.056+0000] {dagbag.py:545} INFO - Filling up the DagBag from /home/denys/airflow_venv/lib/python3.12/site-packages/airflow/example_dags/example_branch_python_dop_operator_3.py
[2024-05-08T13:25:24.061+0000] {processor.py:840} INFO - DAG(s) 'example_branch_dop_operator_v3' retrieved from /home/denys/airflow_venv/lib/python3.12/site-packages/airflow/example_dags/example_branch_python_dop_operator_3.py
[2024-05-08T13:25:24.069+0000] {logging_mixin.py:188} INFO - [2024-05-08T13:25:24.069+0000] {dag.py:3096} INFO - Sync 1 DAGs
[2024-05-08T13:25:24.080+0000] {logging_mixin.py:188} INFO - [2024-05-08T13:25:24.080+0000] {dag.py:3954} INFO - Setting next_dagrun for example_branch_dop_operator_v3 to 2024-05-08 13:24:00+00:00, run_after=2024-05-08 13:25:00+00:00
[2024-05-08T13:25:24.096+0000] {processor.py:183} INFO - Processing /home/denys/airflow_venv/lib/python3.12/site-packages/airflow/example_dags/example_branch_python_dop_operator_3.py took 0.045 seconds
[2024-05-08T13:26:25.441+0000] {processor.py:161} INFO - Started process (PID=2846) to work on /home/denys/airflow_venv/lib/python3.12/site-packages/airflow/example_dags/example_branch_python_dop_operator_3.py
[2024-05-08T13:26:25.442+0000] {processor.py:830} INFO - Processing file /home/denys/airflow_venv/lib/python3.12/site-packages/airflow/example_dags/example_branch_python_dop_operator_3.py for tasks to queue
[2024-05-08T13:26:25.443+0000] {logging_mixin.py:188} INFO - [2024-05-08T13:26:25.443+0000] {dagbag.py:545} INFO - Filling up the DagBag from /home/denys/airflow_venv/lib/python3.12/site-packages/airflow/example_dags/example_branch_python_dop_operator_3.py
[2024-05-08T13:26:25.449+0000] {processor.py:840} INFO - DAG(s) 'example_branch_dop_operator_v3' retrieved from /home/denys/airflow_venv/lib/python3.12/site-packages/airflow/example_dags/example_branch_python_dop_operator_3.py
[2024-05-08T13:26:25.459+0000] {logging_mixin.py:188} INFO - [2024-05-08T13:26:25.459+0000] {dag.py:3096} INFO - Sync 1 DAGs
[2024-05-08T13:26:25.472+0000] {logging_mixin.py:188} INFO - [2024-05-08T13:26:25.472+0000] {dag.py:3954} INFO - Setting next_dagrun for example_branch_dop_operator_v3 to 2024-05-08 13:25:00+00:00, run_after=2024-05-08 13:26:00+00:00
[2024-05-08T13:26:25.493+0000] {processor.py:183} INFO - Processing /home/denys/airflow_venv/lib/python3.12/site-packages/airflow/example_dags/example_branch_python_dop_operator_3.py took 0.056 seconds
[2024-05-08T13:27:31.268+0000] {processor.py:161} INFO - Started process (PID=2912) to work on /home/denys/airflow_venv/lib/python3.12/site-packages/airflow/example_dags/example_branch_python_dop_operator_3.py
[2024-05-08T13:27:31.270+0000] {processor.py:830} INFO - Processing file /home/denys/airflow_venv/lib/python3.12/site-packages/airflow/example_dags/example_branch_python_dop_operator_3.py for tasks to queue
[2024-05-08T13:27:31.271+0000] {logging_mixin.py:188} INFO - [2024-05-08T13:27:31.270+0000] {dagbag.py:545} INFO - Filling up the DagBag from /home/denys/airflow_venv/lib/python3.12/site-packages/airflow/example_dags/example_branch_python_dop_operator_3.py
[2024-05-08T13:27:31.276+0000] {processor.py:840} INFO - DAG(s) 'example_branch_dop_operator_v3' retrieved from /home/denys/airflow_venv/lib/python3.12/site-packages/airflow/example_dags/example_branch_python_dop_operator_3.py
[2024-05-08T13:27:31.285+0000] {logging_mixin.py:188} INFO - [2024-05-08T13:27:31.285+0000] {dag.py:3096} INFO - Sync 1 DAGs
[2024-05-08T13:27:31.297+0000] {logging_mixin.py:188} INFO - [2024-05-08T13:27:31.296+0000] {dag.py:3954} INFO - Setting next_dagrun for example_branch_dop_operator_v3 to 2024-05-08 13:26:00+00:00, run_after=2024-05-08 13:27:00+00:00
[2024-05-08T13:27:31.318+0000] {processor.py:183} INFO - Processing /home/denys/airflow_venv/lib/python3.12/site-packages/airflow/example_dags/example_branch_python_dop_operator_3.py took 0.054 seconds
[2024-05-08T13:28:36.007+0000] {processor.py:161} INFO - Started process (PID=2980) to work on /home/denys/airflow_venv/lib/python3.12/site-packages/airflow/example_dags/example_branch_python_dop_operator_3.py
[2024-05-08T13:28:36.008+0000] {processor.py:830} INFO - Processing file /home/denys/airflow_venv/lib/python3.12/site-packages/airflow/example_dags/example_branch_python_dop_operator_3.py for tasks to queue
[2024-05-08T13:28:36.009+0000] {logging_mixin.py:188} INFO - [2024-05-08T13:28:36.009+0000] {dagbag.py:545} INFO - Filling up the DagBag from /home/denys/airflow_venv/lib/python3.12/site-packages/airflow/example_dags/example_branch_python_dop_operator_3.py
[2024-05-08T13:28:36.015+0000] {processor.py:840} INFO - DAG(s) 'example_branch_dop_operator_v3' retrieved from /home/denys/airflow_venv/lib/python3.12/site-packages/airflow/example_dags/example_branch_python_dop_operator_3.py
[2024-05-08T13:28:36.023+0000] {logging_mixin.py:188} INFO - [2024-05-08T13:28:36.023+0000] {dag.py:3096} INFO - Sync 1 DAGs
[2024-05-08T13:28:36.034+0000] {logging_mixin.py:188} INFO - [2024-05-08T13:28:36.034+0000] {dag.py:3954} INFO - Setting next_dagrun for example_branch_dop_operator_v3 to 2024-05-08 13:27:00+00:00, run_after=2024-05-08 13:28:00+00:00
[2024-05-08T13:28:36.055+0000] {processor.py:183} INFO - Processing /home/denys/airflow_venv/lib/python3.12/site-packages/airflow/example_dags/example_branch_python_dop_operator_3.py took 0.051 seconds
[2024-05-08T13:29:34.292+0000] {processor.py:161} INFO - Started process (PID=3098) to work on /home/denys/airflow_venv/lib/python3.12/site-packages/airflow/example_dags/example_branch_python_dop_operator_3.py
[2024-05-08T13:29:34.293+0000] {processor.py:830} INFO - Processing file /home/denys/airflow_venv/lib/python3.12/site-packages/airflow/example_dags/example_branch_python_dop_operator_3.py for tasks to queue
[2024-05-08T13:29:34.294+0000] {logging_mixin.py:188} INFO - [2024-05-08T13:29:34.294+0000] {dagbag.py:545} INFO - Filling up the DagBag from /home/denys/airflow_venv/lib/python3.12/site-packages/airflow/example_dags/example_branch_python_dop_operator_3.py
[2024-05-08T13:29:34.300+0000] {processor.py:840} INFO - DAG(s) 'example_branch_dop_operator_v3' retrieved from /home/denys/airflow_venv/lib/python3.12/site-packages/airflow/example_dags/example_branch_python_dop_operator_3.py
[2024-05-08T13:29:34.309+0000] {logging_mixin.py:188} INFO - [2024-05-08T13:29:34.309+0000] {dag.py:3096} INFO - Sync 1 DAGs
[2024-05-08T13:29:34.320+0000] {logging_mixin.py:188} INFO - [2024-05-08T13:29:34.320+0000] {dag.py:3954} INFO - Setting next_dagrun for example_branch_dop_operator_v3 to 2024-05-08 13:28:00+00:00, run_after=2024-05-08 13:29:00+00:00
[2024-05-08T13:29:34.343+0000] {processor.py:183} INFO - Processing /home/denys/airflow_venv/lib/python3.12/site-packages/airflow/example_dags/example_branch_python_dop_operator_3.py took 0.054 seconds
[2024-05-08T13:30:33.804+0000] {processor.py:161} INFO - Started process (PID=3163) to work on /home/denys/airflow_venv/lib/python3.12/site-packages/airflow/example_dags/example_branch_python_dop_operator_3.py
[2024-05-08T13:30:33.805+0000] {processor.py:830} INFO - Processing file /home/denys/airflow_venv/lib/python3.12/site-packages/airflow/example_dags/example_branch_python_dop_operator_3.py for tasks to queue
[2024-05-08T13:30:33.806+0000] {logging_mixin.py:188} INFO - [2024-05-08T13:30:33.806+0000] {dagbag.py:545} INFO - Filling up the DagBag from /home/denys/airflow_venv/lib/python3.12/site-packages/airflow/example_dags/example_branch_python_dop_operator_3.py
[2024-05-08T13:30:33.811+0000] {processor.py:840} INFO - DAG(s) 'example_branch_dop_operator_v3' retrieved from /home/denys/airflow_venv/lib/python3.12/site-packages/airflow/example_dags/example_branch_python_dop_operator_3.py
[2024-05-08T13:30:33.822+0000] {logging_mixin.py:188} INFO - [2024-05-08T13:30:33.822+0000] {dag.py:3096} INFO - Sync 1 DAGs
[2024-05-08T13:30:33.834+0000] {logging_mixin.py:188} INFO - [2024-05-08T13:30:33.834+0000] {dag.py:3954} INFO - Setting next_dagrun for example_branch_dop_operator_v3 to 2024-05-08 13:29:00+00:00, run_after=2024-05-08 13:30:00+00:00
[2024-05-08T13:30:33.856+0000] {processor.py:183} INFO - Processing /home/denys/airflow_venv/lib/python3.12/site-packages/airflow/example_dags/example_branch_python_dop_operator_3.py took 0.056 seconds
[2024-05-08T13:31:35.986+0000] {processor.py:161} INFO - Started process (PID=3227) to work on /home/denys/airflow_venv/lib/python3.12/site-packages/airflow/example_dags/example_branch_python_dop_operator_3.py
[2024-05-08T13:31:35.987+0000] {processor.py:830} INFO - Processing file /home/denys/airflow_venv/lib/python3.12/site-packages/airflow/example_dags/example_branch_python_dop_operator_3.py for tasks to queue
[2024-05-08T13:31:35.988+0000] {logging_mixin.py:188} INFO - [2024-05-08T13:31:35.988+0000] {dagbag.py:545} INFO - Filling up the DagBag from /home/denys/airflow_venv/lib/python3.12/site-packages/airflow/example_dags/example_branch_python_dop_operator_3.py
[2024-05-08T13:31:35.993+0000] {processor.py:840} INFO - DAG(s) 'example_branch_dop_operator_v3' retrieved from /home/denys/airflow_venv/lib/python3.12/site-packages/airflow/example_dags/example_branch_python_dop_operator_3.py
[2024-05-08T13:31:36.002+0000] {logging_mixin.py:188} INFO - [2024-05-08T13:31:36.002+0000] {dag.py:3096} INFO - Sync 1 DAGs
[2024-05-08T13:31:36.013+0000] {logging_mixin.py:188} INFO - [2024-05-08T13:31:36.013+0000] {dag.py:3954} INFO - Setting next_dagrun for example_branch_dop_operator_v3 to 2024-05-08 13:30:00+00:00, run_after=2024-05-08 13:31:00+00:00
[2024-05-08T13:31:36.035+0000] {processor.py:183} INFO - Processing /home/denys/airflow_venv/lib/python3.12/site-packages/airflow/example_dags/example_branch_python_dop_operator_3.py took 0.053 seconds
[2024-05-08T13:32:40.687+0000] {processor.py:161} INFO - Started process (PID=3292) to work on /home/denys/airflow_venv/lib/python3.12/site-packages/airflow/example_dags/example_branch_python_dop_operator_3.py
[2024-05-08T13:32:40.689+0000] {processor.py:830} INFO - Processing file /home/denys/airflow_venv/lib/python3.12/site-packages/airflow/example_dags/example_branch_python_dop_operator_3.py for tasks to queue
[2024-05-08T13:32:40.690+0000] {logging_mixin.py:188} INFO - [2024-05-08T13:32:40.690+0000] {dagbag.py:545} INFO - Filling up the DagBag from /home/denys/airflow_venv/lib/python3.12/site-packages/airflow/example_dags/example_branch_python_dop_operator_3.py
[2024-05-08T13:32:40.695+0000] {processor.py:840} INFO - DAG(s) 'example_branch_dop_operator_v3' retrieved from /home/denys/airflow_venv/lib/python3.12/site-packages/airflow/example_dags/example_branch_python_dop_operator_3.py
[2024-05-08T13:32:40.706+0000] {logging_mixin.py:188} INFO - [2024-05-08T13:32:40.705+0000] {dag.py:3096} INFO - Sync 1 DAGs
[2024-05-08T13:32:40.718+0000] {logging_mixin.py:188} INFO - [2024-05-08T13:32:40.718+0000] {dag.py:3954} INFO - Setting next_dagrun for example_branch_dop_operator_v3 to 2024-05-08 13:31:00+00:00, run_after=2024-05-08 13:32:00+00:00
[2024-05-08T13:32:40.740+0000] {processor.py:183} INFO - Processing /home/denys/airflow_venv/lib/python3.12/site-packages/airflow/example_dags/example_branch_python_dop_operator_3.py took 0.056 seconds
[2024-05-08T13:33:45.153+0000] {processor.py:161} INFO - Started process (PID=3358) to work on /home/denys/airflow_venv/lib/python3.12/site-packages/airflow/example_dags/example_branch_python_dop_operator_3.py
[2024-05-08T13:33:45.154+0000] {processor.py:830} INFO - Processing file /home/denys/airflow_venv/lib/python3.12/site-packages/airflow/example_dags/example_branch_python_dop_operator_3.py for tasks to queue
[2024-05-08T13:33:45.155+0000] {logging_mixin.py:188} INFO - [2024-05-08T13:33:45.155+0000] {dagbag.py:545} INFO - Filling up the DagBag from /home/denys/airflow_venv/lib/python3.12/site-packages/airflow/example_dags/example_branch_python_dop_operator_3.py
[2024-05-08T13:33:45.160+0000] {processor.py:840} INFO - DAG(s) 'example_branch_dop_operator_v3' retrieved from /home/denys/airflow_venv/lib/python3.12/site-packages/airflow/example_dags/example_branch_python_dop_operator_3.py
[2024-05-08T13:33:45.169+0000] {logging_mixin.py:188} INFO - [2024-05-08T13:33:45.169+0000] {dag.py:3096} INFO - Sync 1 DAGs
[2024-05-08T13:33:45.181+0000] {logging_mixin.py:188} INFO - [2024-05-08T13:33:45.181+0000] {dag.py:3954} INFO - Setting next_dagrun for example_branch_dop_operator_v3 to 2024-05-08 13:32:00+00:00, run_after=2024-05-08 13:33:00+00:00
[2024-05-08T13:33:45.203+0000] {processor.py:183} INFO - Processing /home/denys/airflow_venv/lib/python3.12/site-packages/airflow/example_dags/example_branch_python_dop_operator_3.py took 0.053 seconds
[2024-05-08T13:34:48.134+0000] {processor.py:161} INFO - Started process (PID=3426) to work on /home/denys/airflow_venv/lib/python3.12/site-packages/airflow/example_dags/example_branch_python_dop_operator_3.py
[2024-05-08T13:34:48.135+0000] {processor.py:830} INFO - Processing file /home/denys/airflow_venv/lib/python3.12/site-packages/airflow/example_dags/example_branch_python_dop_operator_3.py for tasks to queue
[2024-05-08T13:34:48.136+0000] {logging_mixin.py:188} INFO - [2024-05-08T13:34:48.136+0000] {dagbag.py:545} INFO - Filling up the DagBag from /home/denys/airflow_venv/lib/python3.12/site-packages/airflow/example_dags/example_branch_python_dop_operator_3.py
[2024-05-08T13:34:48.142+0000] {processor.py:840} INFO - DAG(s) 'example_branch_dop_operator_v3' retrieved from /home/denys/airflow_venv/lib/python3.12/site-packages/airflow/example_dags/example_branch_python_dop_operator_3.py
[2024-05-08T13:34:48.151+0000] {logging_mixin.py:188} INFO - [2024-05-08T13:34:48.151+0000] {dag.py:3096} INFO - Sync 1 DAGs
[2024-05-08T13:34:48.162+0000] {logging_mixin.py:188} INFO - [2024-05-08T13:34:48.162+0000] {dag.py:3954} INFO - Setting next_dagrun for example_branch_dop_operator_v3 to 2024-05-08 13:33:00+00:00, run_after=2024-05-08 13:34:00+00:00
[2024-05-08T13:34:48.183+0000] {processor.py:183} INFO - Processing /home/denys/airflow_venv/lib/python3.12/site-packages/airflow/example_dags/example_branch_python_dop_operator_3.py took 0.052 seconds
[2024-05-08T13:35:45.970+0000] {processor.py:161} INFO - Started process (PID=3491) to work on /home/denys/airflow_venv/lib/python3.12/site-packages/airflow/example_dags/example_branch_python_dop_operator_3.py
[2024-05-08T13:35:45.971+0000] {processor.py:830} INFO - Processing file /home/denys/airflow_venv/lib/python3.12/site-packages/airflow/example_dags/example_branch_python_dop_operator_3.py for tasks to queue
[2024-05-08T13:35:45.972+0000] {logging_mixin.py:188} INFO - [2024-05-08T13:35:45.972+0000] {dagbag.py:545} INFO - Filling up the DagBag from /home/denys/airflow_venv/lib/python3.12/site-packages/airflow/example_dags/example_branch_python_dop_operator_3.py
[2024-05-08T13:35:45.977+0000] {processor.py:840} INFO - DAG(s) 'example_branch_dop_operator_v3' retrieved from /home/denys/airflow_venv/lib/python3.12/site-packages/airflow/example_dags/example_branch_python_dop_operator_3.py
[2024-05-08T13:35:45.987+0000] {logging_mixin.py:188} INFO - [2024-05-08T13:35:45.987+0000] {dag.py:3096} INFO - Sync 1 DAGs
[2024-05-08T13:35:46.001+0000] {logging_mixin.py:188} INFO - [2024-05-08T13:35:46.000+0000] {dag.py:3954} INFO - Setting next_dagrun for example_branch_dop_operator_v3 to 2024-05-08 13:34:00+00:00, run_after=2024-05-08 13:35:00+00:00
[2024-05-08T13:35:46.026+0000] {processor.py:183} INFO - Processing /home/denys/airflow_venv/lib/python3.12/site-packages/airflow/example_dags/example_branch_python_dop_operator_3.py took 0.059 seconds
[2024-05-08T13:36:48.963+0000] {processor.py:161} INFO - Started process (PID=3556) to work on /home/denys/airflow_venv/lib/python3.12/site-packages/airflow/example_dags/example_branch_python_dop_operator_3.py
[2024-05-08T13:36:48.965+0000] {processor.py:830} INFO - Processing file /home/denys/airflow_venv/lib/python3.12/site-packages/airflow/example_dags/example_branch_python_dop_operator_3.py for tasks to queue
[2024-05-08T13:36:48.966+0000] {logging_mixin.py:188} INFO - [2024-05-08T13:36:48.966+0000] {dagbag.py:545} INFO - Filling up the DagBag from /home/denys/airflow_venv/lib/python3.12/site-packages/airflow/example_dags/example_branch_python_dop_operator_3.py
[2024-05-08T13:36:48.972+0000] {processor.py:840} INFO - DAG(s) 'example_branch_dop_operator_v3' retrieved from /home/denys/airflow_venv/lib/python3.12/site-packages/airflow/example_dags/example_branch_python_dop_operator_3.py
[2024-05-08T13:36:48.981+0000] {logging_mixin.py:188} INFO - [2024-05-08T13:36:48.980+0000] {dag.py:3096} INFO - Sync 1 DAGs
[2024-05-08T13:36:48.992+0000] {logging_mixin.py:188} INFO - [2024-05-08T13:36:48.992+0000] {dag.py:3954} INFO - Setting next_dagrun for example_branch_dop_operator_v3 to 2024-05-08 13:35:00+00:00, run_after=2024-05-08 13:36:00+00:00
[2024-05-08T13:36:49.016+0000] {processor.py:183} INFO - Processing /home/denys/airflow_venv/lib/python3.12/site-packages/airflow/example_dags/example_branch_python_dop_operator_3.py took 0.056 seconds
[2024-05-08T13:37:57.593+0000] {processor.py:161} INFO - Started process (PID=3625) to work on /home/denys/airflow_venv/lib/python3.12/site-packages/airflow/example_dags/example_branch_python_dop_operator_3.py
[2024-05-08T13:37:57.594+0000] {processor.py:830} INFO - Processing file /home/denys/airflow_venv/lib/python3.12/site-packages/airflow/example_dags/example_branch_python_dop_operator_3.py for tasks to queue
[2024-05-08T13:37:57.595+0000] {logging_mixin.py:188} INFO - [2024-05-08T13:37:57.595+0000] {dagbag.py:545} INFO - Filling up the DagBag from /home/denys/airflow_venv/lib/python3.12/site-packages/airflow/example_dags/example_branch_python_dop_operator_3.py
[2024-05-08T13:37:57.601+0000] {processor.py:840} INFO - DAG(s) 'example_branch_dop_operator_v3' retrieved from /home/denys/airflow_venv/lib/python3.12/site-packages/airflow/example_dags/example_branch_python_dop_operator_3.py
[2024-05-08T13:37:57.610+0000] {logging_mixin.py:188} INFO - [2024-05-08T13:37:57.610+0000] {dag.py:3096} INFO - Sync 1 DAGs
[2024-05-08T13:37:57.621+0000] {logging_mixin.py:188} INFO - [2024-05-08T13:37:57.621+0000] {dag.py:3954} INFO - Setting next_dagrun for example_branch_dop_operator_v3 to 2024-05-08 13:36:00+00:00, run_after=2024-05-08 13:37:00+00:00
[2024-05-08T13:37:57.640+0000] {processor.py:183} INFO - Processing /home/denys/airflow_venv/lib/python3.12/site-packages/airflow/example_dags/example_branch_python_dop_operator_3.py took 0.050 seconds
[2024-05-08T13:39:02.660+0000] {processor.py:161} INFO - Started process (PID=3693) to work on /home/denys/airflow_venv/lib/python3.12/site-packages/airflow/example_dags/example_branch_python_dop_operator_3.py
[2024-05-08T13:39:02.661+0000] {processor.py:830} INFO - Processing file /home/denys/airflow_venv/lib/python3.12/site-packages/airflow/example_dags/example_branch_python_dop_operator_3.py for tasks to queue
[2024-05-08T13:39:02.662+0000] {logging_mixin.py:188} INFO - [2024-05-08T13:39:02.661+0000] {dagbag.py:545} INFO - Filling up the DagBag from /home/denys/airflow_venv/lib/python3.12/site-packages/airflow/example_dags/example_branch_python_dop_operator_3.py
[2024-05-08T13:39:02.667+0000] {processor.py:840} INFO - DAG(s) 'example_branch_dop_operator_v3' retrieved from /home/denys/airflow_venv/lib/python3.12/site-packages/airflow/example_dags/example_branch_python_dop_operator_3.py
[2024-05-08T13:39:02.676+0000] {logging_mixin.py:188} INFO - [2024-05-08T13:39:02.676+0000] {dag.py:3096} INFO - Sync 1 DAGs
[2024-05-08T13:39:02.689+0000] {logging_mixin.py:188} INFO - [2024-05-08T13:39:02.689+0000] {dag.py:3954} INFO - Setting next_dagrun for example_branch_dop_operator_v3 to 2024-05-08 13:38:00+00:00, run_after=2024-05-08 13:39:00+00:00
[2024-05-08T13:39:02.706+0000] {processor.py:183} INFO - Processing /home/denys/airflow_venv/lib/python3.12/site-packages/airflow/example_dags/example_branch_python_dop_operator_3.py took 0.051 seconds
[2024-05-08T13:40:08.786+0000] {processor.py:161} INFO - Started process (PID=3757) to work on /home/denys/airflow_venv/lib/python3.12/site-packages/airflow/example_dags/example_branch_python_dop_operator_3.py
[2024-05-08T13:40:08.788+0000] {processor.py:830} INFO - Processing file /home/denys/airflow_venv/lib/python3.12/site-packages/airflow/example_dags/example_branch_python_dop_operator_3.py for tasks to queue
[2024-05-08T13:40:08.789+0000] {logging_mixin.py:188} INFO - [2024-05-08T13:40:08.788+0000] {dagbag.py:545} INFO - Filling up the DagBag from /home/denys/airflow_venv/lib/python3.12/site-packages/airflow/example_dags/example_branch_python_dop_operator_3.py
[2024-05-08T13:40:08.794+0000] {processor.py:840} INFO - DAG(s) 'example_branch_dop_operator_v3' retrieved from /home/denys/airflow_venv/lib/python3.12/site-packages/airflow/example_dags/example_branch_python_dop_operator_3.py
[2024-05-08T13:40:08.805+0000] {logging_mixin.py:188} INFO - [2024-05-08T13:40:08.805+0000] {dag.py:3096} INFO - Sync 1 DAGs
[2024-05-08T13:40:08.816+0000] {logging_mixin.py:188} INFO - [2024-05-08T13:40:08.816+0000] {dag.py:3954} INFO - Setting next_dagrun for example_branch_dop_operator_v3 to 2024-05-08 13:39:00+00:00, run_after=2024-05-08 13:40:00+00:00
[2024-05-08T13:40:08.840+0000] {processor.py:183} INFO - Processing /home/denys/airflow_venv/lib/python3.12/site-packages/airflow/example_dags/example_branch_python_dop_operator_3.py took 0.058 seconds
[2024-05-08T13:40:57.280+0000] {processor.py:161} INFO - Started process (PID=3806) to work on /home/denys/airflow_venv/lib/python3.12/site-packages/airflow/example_dags/example_branch_python_dop_operator_3.py
[2024-05-08T13:40:57.281+0000] {processor.py:830} INFO - Processing file /home/denys/airflow_venv/lib/python3.12/site-packages/airflow/example_dags/example_branch_python_dop_operator_3.py for tasks to queue
[2024-05-08T13:40:57.282+0000] {logging_mixin.py:188} INFO - [2024-05-08T13:40:57.282+0000] {dagbag.py:545} INFO - Filling up the DagBag from /home/denys/airflow_venv/lib/python3.12/site-packages/airflow/example_dags/example_branch_python_dop_operator_3.py
[2024-05-08T13:40:57.288+0000] {processor.py:840} INFO - DAG(s) 'example_branch_dop_operator_v3' retrieved from /home/denys/airflow_venv/lib/python3.12/site-packages/airflow/example_dags/example_branch_python_dop_operator_3.py
[2024-05-08T13:40:57.297+0000] {logging_mixin.py:188} INFO - [2024-05-08T13:40:57.297+0000] {dag.py:3096} INFO - Sync 1 DAGs
[2024-05-08T13:40:57.309+0000] {logging_mixin.py:188} INFO - [2024-05-08T13:40:57.309+0000] {dag.py:3954} INFO - Setting next_dagrun for example_branch_dop_operator_v3 to 2024-05-08 13:39:00+00:00, run_after=2024-05-08 13:40:00+00:00
[2024-05-08T13:40:57.393+0000] {processor.py:183} INFO - Processing /home/denys/airflow_venv/lib/python3.12/site-packages/airflow/example_dags/example_branch_python_dop_operator_3.py took 0.116 seconds
[2024-05-08T13:41:44.969+0000] {processor.py:161} INFO - Started process (PID=3854) to work on /home/denys/airflow_venv/lib/python3.12/site-packages/airflow/example_dags/example_branch_python_dop_operator_3.py
[2024-05-08T13:41:44.976+0000] {processor.py:830} INFO - Processing file /home/denys/airflow_venv/lib/python3.12/site-packages/airflow/example_dags/example_branch_python_dop_operator_3.py for tasks to queue
[2024-05-08T13:41:44.977+0000] {logging_mixin.py:188} INFO - [2024-05-08T13:41:44.976+0000] {dagbag.py:545} INFO - Filling up the DagBag from /home/denys/airflow_venv/lib/python3.12/site-packages/airflow/example_dags/example_branch_python_dop_operator_3.py
[2024-05-08T13:41:44.982+0000] {processor.py:840} INFO - DAG(s) 'example_branch_dop_operator_v3' retrieved from /home/denys/airflow_venv/lib/python3.12/site-packages/airflow/example_dags/example_branch_python_dop_operator_3.py
[2024-05-08T13:41:44.992+0000] {logging_mixin.py:188} INFO - [2024-05-08T13:41:44.992+0000] {dag.py:3096} INFO - Sync 1 DAGs
[2024-05-08T13:41:45.004+0000] {logging_mixin.py:188} INFO - [2024-05-08T13:41:45.004+0000] {dag.py:3954} INFO - Setting next_dagrun for example_branch_dop_operator_v3 to 2024-05-08 13:40:00+00:00, run_after=2024-05-08 13:41:00+00:00
[2024-05-08T13:41:45.022+0000] {processor.py:183} INFO - Processing /home/denys/airflow_venv/lib/python3.12/site-packages/airflow/example_dags/example_branch_python_dop_operator_3.py took 0.057 seconds
[2024-05-08T13:42:53.174+0000] {processor.py:161} INFO - Started process (PID=3922) to work on /home/denys/airflow_venv/lib/python3.12/site-packages/airflow/example_dags/example_branch_python_dop_operator_3.py
[2024-05-08T13:42:53.176+0000] {processor.py:830} INFO - Processing file /home/denys/airflow_venv/lib/python3.12/site-packages/airflow/example_dags/example_branch_python_dop_operator_3.py for tasks to queue
[2024-05-08T13:42:53.177+0000] {logging_mixin.py:188} INFO - [2024-05-08T13:42:53.177+0000] {dagbag.py:545} INFO - Filling up the DagBag from /home/denys/airflow_venv/lib/python3.12/site-packages/airflow/example_dags/example_branch_python_dop_operator_3.py
[2024-05-08T13:42:53.182+0000] {processor.py:840} INFO - DAG(s) 'example_branch_dop_operator_v3' retrieved from /home/denys/airflow_venv/lib/python3.12/site-packages/airflow/example_dags/example_branch_python_dop_operator_3.py
[2024-05-08T13:42:53.191+0000] {logging_mixin.py:188} INFO - [2024-05-08T13:42:53.191+0000] {dag.py:3096} INFO - Sync 1 DAGs
[2024-05-08T13:42:53.203+0000] {logging_mixin.py:188} INFO - [2024-05-08T13:42:53.202+0000] {dag.py:3954} INFO - Setting next_dagrun for example_branch_dop_operator_v3 to 2024-05-08 13:41:00+00:00, run_after=2024-05-08 13:42:00+00:00
[2024-05-08T13:42:53.227+0000] {processor.py:183} INFO - Processing /home/denys/airflow_venv/lib/python3.12/site-packages/airflow/example_dags/example_branch_python_dop_operator_3.py took 0.057 seconds
