[2024-05-08T13:11:52.744+0000] {processor.py:161} INFO - Started process (PID=1869) to work on /home/denys/airflow_venv/lib/python3.12/site-packages/airflow/example_dags/example_setup_teardown.py
[2024-05-08T13:11:52.744+0000] {processor.py:830} INFO - Processing file /home/denys/airflow_venv/lib/python3.12/site-packages/airflow/example_dags/example_setup_teardown.py for tasks to queue
[2024-05-08T13:11:52.745+0000] {logging_mixin.py:188} INFO - [2024-05-08T13:11:52.745+0000] {dagbag.py:545} INFO - Filling up the DagBag from /home/denys/airflow_venv/lib/python3.12/site-packages/airflow/example_dags/example_setup_teardown.py
[2024-05-08T13:11:52.749+0000] {processor.py:840} INFO - DAG(s) 'example_setup_teardown' retrieved from /home/denys/airflow_venv/lib/python3.12/site-packages/airflow/example_dags/example_setup_teardown.py
[2024-05-08T13:11:52.817+0000] {logging_mixin.py:188} INFO - [2024-05-08T13:11:52.817+0000] {override.py:1829} INFO - Created Permission View: can delete on DAG:example_setup_teardown
[2024-05-08T13:11:52.827+0000] {logging_mixin.py:188} INFO - [2024-05-08T13:11:52.826+0000] {override.py:1829} INFO - Created Permission View: can edit on DAG:example_setup_teardown
[2024-05-08T13:11:52.834+0000] {logging_mixin.py:188} INFO - [2024-05-08T13:11:52.834+0000] {override.py:1829} INFO - Created Permission View: can read on DAG:example_setup_teardown
[2024-05-08T13:11:52.834+0000] {logging_mixin.py:188} INFO - [2024-05-08T13:11:52.834+0000] {dag.py:3096} INFO - Sync 1 DAGs
[2024-05-08T13:11:52.839+0000] {logging_mixin.py:188} INFO - [2024-05-08T13:11:52.839+0000] {dag.py:3118} INFO - Creating ORM DAG for example_setup_teardown
[2024-05-08T13:11:52.844+0000] {logging_mixin.py:188} INFO - [2024-05-08T13:11:52.844+0000] {dag.py:3954} INFO - Setting next_dagrun for example_setup_teardown to 2024-05-07 00:00:00+00:00, run_after=2024-05-08 00:00:00+00:00
[2024-05-08T13:11:52.860+0000] {processor.py:183} INFO - Processing /home/denys/airflow_venv/lib/python3.12/site-packages/airflow/example_dags/example_setup_teardown.py took 0.120 seconds
[2024-05-08T13:12:46.739+0000] {processor.py:161} INFO - Started process (PID=1923) to work on /home/denys/airflow_venv/lib/python3.12/site-packages/airflow/example_dags/example_setup_teardown.py
[2024-05-08T13:12:46.741+0000] {processor.py:830} INFO - Processing file /home/denys/airflow_venv/lib/python3.12/site-packages/airflow/example_dags/example_setup_teardown.py for tasks to queue
[2024-05-08T13:12:46.741+0000] {logging_mixin.py:188} INFO - [2024-05-08T13:12:46.741+0000] {dagbag.py:545} INFO - Filling up the DagBag from /home/denys/airflow_venv/lib/python3.12/site-packages/airflow/example_dags/example_setup_teardown.py
[2024-05-08T13:12:46.746+0000] {processor.py:840} INFO - DAG(s) 'example_setup_teardown' retrieved from /home/denys/airflow_venv/lib/python3.12/site-packages/airflow/example_dags/example_setup_teardown.py
[2024-05-08T13:12:46.755+0000] {logging_mixin.py:188} INFO - [2024-05-08T13:12:46.755+0000] {dag.py:3096} INFO - Sync 1 DAGs
[2024-05-08T13:12:46.766+0000] {logging_mixin.py:188} INFO - [2024-05-08T13:12:46.766+0000] {dag.py:3954} INFO - Setting next_dagrun for example_setup_teardown to 2024-05-07 00:00:00+00:00, run_after=2024-05-08 00:00:00+00:00
[2024-05-08T13:12:46.788+0000] {processor.py:183} INFO - Processing /home/denys/airflow_venv/lib/python3.12/site-packages/airflow/example_dags/example_setup_teardown.py took 0.052 seconds
[2024-05-08T13:13:38.310+0000] {processor.py:161} INFO - Started process (PID=1978) to work on /home/denys/airflow_venv/lib/python3.12/site-packages/airflow/example_dags/example_setup_teardown.py
[2024-05-08T13:13:38.311+0000] {processor.py:830} INFO - Processing file /home/denys/airflow_venv/lib/python3.12/site-packages/airflow/example_dags/example_setup_teardown.py for tasks to queue
[2024-05-08T13:13:38.312+0000] {logging_mixin.py:188} INFO - [2024-05-08T13:13:38.312+0000] {dagbag.py:545} INFO - Filling up the DagBag from /home/denys/airflow_venv/lib/python3.12/site-packages/airflow/example_dags/example_setup_teardown.py
[2024-05-08T13:13:38.316+0000] {processor.py:840} INFO - DAG(s) 'example_setup_teardown' retrieved from /home/denys/airflow_venv/lib/python3.12/site-packages/airflow/example_dags/example_setup_teardown.py
[2024-05-08T13:13:38.327+0000] {logging_mixin.py:188} INFO - [2024-05-08T13:13:38.327+0000] {dag.py:3096} INFO - Sync 1 DAGs
[2024-05-08T13:13:38.339+0000] {logging_mixin.py:188} INFO - [2024-05-08T13:13:38.339+0000] {dag.py:3954} INFO - Setting next_dagrun for example_setup_teardown to 2024-05-07 00:00:00+00:00, run_after=2024-05-08 00:00:00+00:00
[2024-05-08T13:13:38.362+0000] {processor.py:183} INFO - Processing /home/denys/airflow_venv/lib/python3.12/site-packages/airflow/example_dags/example_setup_teardown.py took 0.056 seconds
[2024-05-08T13:14:22.666+0000] {processor.py:161} INFO - Started process (PID=2024) to work on /home/denys/airflow_venv/lib/python3.12/site-packages/airflow/example_dags/example_setup_teardown.py
[2024-05-08T13:14:22.667+0000] {processor.py:830} INFO - Processing file /home/denys/airflow_venv/lib/python3.12/site-packages/airflow/example_dags/example_setup_teardown.py for tasks to queue
[2024-05-08T13:14:22.669+0000] {logging_mixin.py:188} INFO - [2024-05-08T13:14:22.668+0000] {dagbag.py:545} INFO - Filling up the DagBag from /home/denys/airflow_venv/lib/python3.12/site-packages/airflow/example_dags/example_setup_teardown.py
[2024-05-08T13:14:22.673+0000] {processor.py:840} INFO - DAG(s) 'example_setup_teardown' retrieved from /home/denys/airflow_venv/lib/python3.12/site-packages/airflow/example_dags/example_setup_teardown.py
[2024-05-08T13:14:22.684+0000] {logging_mixin.py:188} INFO - [2024-05-08T13:14:22.684+0000] {dag.py:3096} INFO - Sync 1 DAGs
[2024-05-08T13:14:22.696+0000] {logging_mixin.py:188} INFO - [2024-05-08T13:14:22.695+0000] {dag.py:3954} INFO - Setting next_dagrun for example_setup_teardown to 2024-05-07 00:00:00+00:00, run_after=2024-05-08 00:00:00+00:00
[2024-05-08T13:14:22.716+0000] {processor.py:183} INFO - Processing /home/denys/airflow_venv/lib/python3.12/site-packages/airflow/example_dags/example_setup_teardown.py took 0.053 seconds
[2024-05-08T13:15:05.052+0000] {processor.py:161} INFO - Started process (PID=2071) to work on /home/denys/airflow_venv/lib/python3.12/site-packages/airflow/example_dags/example_setup_teardown.py
[2024-05-08T13:15:05.053+0000] {processor.py:830} INFO - Processing file /home/denys/airflow_venv/lib/python3.12/site-packages/airflow/example_dags/example_setup_teardown.py for tasks to queue
[2024-05-08T13:15:05.054+0000] {logging_mixin.py:188} INFO - [2024-05-08T13:15:05.054+0000] {dagbag.py:545} INFO - Filling up the DagBag from /home/denys/airflow_venv/lib/python3.12/site-packages/airflow/example_dags/example_setup_teardown.py
[2024-05-08T13:15:05.058+0000] {processor.py:840} INFO - DAG(s) 'example_setup_teardown' retrieved from /home/denys/airflow_venv/lib/python3.12/site-packages/airflow/example_dags/example_setup_teardown.py
[2024-05-08T13:15:05.067+0000] {logging_mixin.py:188} INFO - [2024-05-08T13:15:05.067+0000] {dag.py:3096} INFO - Sync 1 DAGs
[2024-05-08T13:15:05.077+0000] {logging_mixin.py:188} INFO - [2024-05-08T13:15:05.077+0000] {dag.py:3954} INFO - Setting next_dagrun for example_setup_teardown to 2024-05-07 00:00:00+00:00, run_after=2024-05-08 00:00:00+00:00
[2024-05-08T13:15:05.102+0000] {processor.py:183} INFO - Processing /home/denys/airflow_venv/lib/python3.12/site-packages/airflow/example_dags/example_setup_teardown.py took 0.054 seconds
[2024-05-08T13:15:48.204+0000] {processor.py:161} INFO - Started process (PID=2114) to work on /home/denys/airflow_venv/lib/python3.12/site-packages/airflow/example_dags/example_setup_teardown.py
[2024-05-08T13:15:48.206+0000] {processor.py:830} INFO - Processing file /home/denys/airflow_venv/lib/python3.12/site-packages/airflow/example_dags/example_setup_teardown.py for tasks to queue
[2024-05-08T13:15:48.207+0000] {logging_mixin.py:188} INFO - [2024-05-08T13:15:48.207+0000] {dagbag.py:545} INFO - Filling up the DagBag from /home/denys/airflow_venv/lib/python3.12/site-packages/airflow/example_dags/example_setup_teardown.py
[2024-05-08T13:15:48.211+0000] {processor.py:840} INFO - DAG(s) 'example_setup_teardown' retrieved from /home/denys/airflow_venv/lib/python3.12/site-packages/airflow/example_dags/example_setup_teardown.py
[2024-05-08T13:15:48.221+0000] {logging_mixin.py:188} INFO - [2024-05-08T13:15:48.221+0000] {dag.py:3096} INFO - Sync 1 DAGs
[2024-05-08T13:15:48.232+0000] {logging_mixin.py:188} INFO - [2024-05-08T13:15:48.232+0000] {dag.py:3954} INFO - Setting next_dagrun for example_setup_teardown to 2024-05-07 00:00:00+00:00, run_after=2024-05-08 00:00:00+00:00
[2024-05-08T13:15:48.249+0000] {processor.py:183} INFO - Processing /home/denys/airflow_venv/lib/python3.12/site-packages/airflow/example_dags/example_setup_teardown.py took 0.047 seconds
[2024-05-08T13:16:30.467+0000] {processor.py:161} INFO - Started process (PID=2158) to work on /home/denys/airflow_venv/lib/python3.12/site-packages/airflow/example_dags/example_setup_teardown.py
[2024-05-08T13:16:30.468+0000] {processor.py:830} INFO - Processing file /home/denys/airflow_venv/lib/python3.12/site-packages/airflow/example_dags/example_setup_teardown.py for tasks to queue
[2024-05-08T13:16:30.469+0000] {logging_mixin.py:188} INFO - [2024-05-08T13:16:30.469+0000] {dagbag.py:545} INFO - Filling up the DagBag from /home/denys/airflow_venv/lib/python3.12/site-packages/airflow/example_dags/example_setup_teardown.py
[2024-05-08T13:16:30.474+0000] {processor.py:840} INFO - DAG(s) 'example_setup_teardown' retrieved from /home/denys/airflow_venv/lib/python3.12/site-packages/airflow/example_dags/example_setup_teardown.py
[2024-05-08T13:16:30.484+0000] {logging_mixin.py:188} INFO - [2024-05-08T13:16:30.484+0000] {dag.py:3096} INFO - Sync 1 DAGs
[2024-05-08T13:16:30.495+0000] {logging_mixin.py:188} INFO - [2024-05-08T13:16:30.495+0000] {dag.py:3954} INFO - Setting next_dagrun for example_setup_teardown to 2024-05-07 00:00:00+00:00, run_after=2024-05-08 00:00:00+00:00
[2024-05-08T13:16:30.521+0000] {processor.py:183} INFO - Processing /home/denys/airflow_venv/lib/python3.12/site-packages/airflow/example_dags/example_setup_teardown.py took 0.058 seconds
[2024-05-08T13:17:12.730+0000] {processor.py:161} INFO - Started process (PID=2204) to work on /home/denys/airflow_venv/lib/python3.12/site-packages/airflow/example_dags/example_setup_teardown.py
[2024-05-08T13:17:12.732+0000] {processor.py:830} INFO - Processing file /home/denys/airflow_venv/lib/python3.12/site-packages/airflow/example_dags/example_setup_teardown.py for tasks to queue
[2024-05-08T13:17:12.733+0000] {logging_mixin.py:188} INFO - [2024-05-08T13:17:12.732+0000] {dagbag.py:545} INFO - Filling up the DagBag from /home/denys/airflow_venv/lib/python3.12/site-packages/airflow/example_dags/example_setup_teardown.py
[2024-05-08T13:17:12.737+0000] {processor.py:840} INFO - DAG(s) 'example_setup_teardown' retrieved from /home/denys/airflow_venv/lib/python3.12/site-packages/airflow/example_dags/example_setup_teardown.py
[2024-05-08T13:17:12.747+0000] {logging_mixin.py:188} INFO - [2024-05-08T13:17:12.746+0000] {dag.py:3096} INFO - Sync 1 DAGs
[2024-05-08T13:17:12.756+0000] {logging_mixin.py:188} INFO - [2024-05-08T13:17:12.756+0000] {dag.py:3954} INFO - Setting next_dagrun for example_setup_teardown to 2024-05-07 00:00:00+00:00, run_after=2024-05-08 00:00:00+00:00
[2024-05-08T13:17:12.773+0000] {processor.py:183} INFO - Processing /home/denys/airflow_venv/lib/python3.12/site-packages/airflow/example_dags/example_setup_teardown.py took 0.046 seconds
[2024-05-08T13:17:55.753+0000] {processor.py:161} INFO - Started process (PID=2251) to work on /home/denys/airflow_venv/lib/python3.12/site-packages/airflow/example_dags/example_setup_teardown.py
[2024-05-08T13:17:55.754+0000] {processor.py:830} INFO - Processing file /home/denys/airflow_venv/lib/python3.12/site-packages/airflow/example_dags/example_setup_teardown.py for tasks to queue
[2024-05-08T13:17:55.755+0000] {logging_mixin.py:188} INFO - [2024-05-08T13:17:55.755+0000] {dagbag.py:545} INFO - Filling up the DagBag from /home/denys/airflow_venv/lib/python3.12/site-packages/airflow/example_dags/example_setup_teardown.py
[2024-05-08T13:17:55.759+0000] {processor.py:840} INFO - DAG(s) 'example_setup_teardown' retrieved from /home/denys/airflow_venv/lib/python3.12/site-packages/airflow/example_dags/example_setup_teardown.py
[2024-05-08T13:17:55.769+0000] {logging_mixin.py:188} INFO - [2024-05-08T13:17:55.768+0000] {dag.py:3096} INFO - Sync 1 DAGs
[2024-05-08T13:17:55.779+0000] {logging_mixin.py:188} INFO - [2024-05-08T13:17:55.779+0000] {dag.py:3954} INFO - Setting next_dagrun for example_setup_teardown to 2024-05-07 00:00:00+00:00, run_after=2024-05-08 00:00:00+00:00
[2024-05-08T13:17:55.804+0000] {processor.py:183} INFO - Processing /home/denys/airflow_venv/lib/python3.12/site-packages/airflow/example_dags/example_setup_teardown.py took 0.054 seconds
[2024-05-08T13:19:22.421+0000] {processor.py:161} INFO - Started process (PID=2325) to work on /home/denys/airflow_venv/lib/python3.12/site-packages/airflow/example_dags/example_setup_teardown.py
[2024-05-08T13:19:22.423+0000] {processor.py:830} INFO - Processing file /home/denys/airflow_venv/lib/python3.12/site-packages/airflow/example_dags/example_setup_teardown.py for tasks to queue
[2024-05-08T13:19:22.424+0000] {logging_mixin.py:188} INFO - [2024-05-08T13:19:22.423+0000] {dagbag.py:545} INFO - Filling up the DagBag from /home/denys/airflow_venv/lib/python3.12/site-packages/airflow/example_dags/example_setup_teardown.py
[2024-05-08T13:19:22.427+0000] {processor.py:840} INFO - DAG(s) 'example_setup_teardown' retrieved from /home/denys/airflow_venv/lib/python3.12/site-packages/airflow/example_dags/example_setup_teardown.py
[2024-05-08T13:19:22.432+0000] {logging_mixin.py:188} INFO - [2024-05-08T13:19:22.432+0000] {dag.py:3096} INFO - Sync 1 DAGs
[2024-05-08T13:19:22.443+0000] {logging_mixin.py:188} INFO - [2024-05-08T13:19:22.443+0000] {dag.py:3954} INFO - Setting next_dagrun for example_setup_teardown to 2024-05-07 00:00:00+00:00, run_after=2024-05-08 00:00:00+00:00
[2024-05-08T13:19:22.460+0000] {processor.py:183} INFO - Processing /home/denys/airflow_venv/lib/python3.12/site-packages/airflow/example_dags/example_setup_teardown.py took 0.042 seconds
[2024-05-08T13:20:14.222+0000] {processor.py:161} INFO - Started process (PID=2382) to work on /home/denys/airflow_venv/lib/python3.12/site-packages/airflow/example_dags/example_setup_teardown.py
[2024-05-08T13:20:14.223+0000] {processor.py:830} INFO - Processing file /home/denys/airflow_venv/lib/python3.12/site-packages/airflow/example_dags/example_setup_teardown.py for tasks to queue
[2024-05-08T13:20:14.224+0000] {logging_mixin.py:188} INFO - [2024-05-08T13:20:14.224+0000] {dagbag.py:545} INFO - Filling up the DagBag from /home/denys/airflow_venv/lib/python3.12/site-packages/airflow/example_dags/example_setup_teardown.py
[2024-05-08T13:20:14.228+0000] {processor.py:840} INFO - DAG(s) 'example_setup_teardown' retrieved from /home/denys/airflow_venv/lib/python3.12/site-packages/airflow/example_dags/example_setup_teardown.py
[2024-05-08T13:20:14.280+0000] {logging_mixin.py:188} INFO - [2024-05-08T13:20:14.279+0000] {dag.py:3096} INFO - Sync 1 DAGs
[2024-05-08T13:20:14.289+0000] {logging_mixin.py:188} INFO - [2024-05-08T13:20:14.289+0000] {dag.py:3954} INFO - Setting next_dagrun for example_setup_teardown to 2024-05-07 00:00:00+00:00, run_after=2024-05-08 00:00:00+00:00
[2024-05-08T13:20:14.310+0000] {processor.py:183} INFO - Processing /home/denys/airflow_venv/lib/python3.12/site-packages/airflow/example_dags/example_setup_teardown.py took 0.091 seconds
[2024-05-08T13:21:04.469+0000] {processor.py:161} INFO - Started process (PID=2434) to work on /home/denys/airflow_venv/lib/python3.12/site-packages/airflow/example_dags/example_setup_teardown.py
[2024-05-08T13:21:04.471+0000] {processor.py:830} INFO - Processing file /home/denys/airflow_venv/lib/python3.12/site-packages/airflow/example_dags/example_setup_teardown.py for tasks to queue
[2024-05-08T13:21:04.472+0000] {logging_mixin.py:188} INFO - [2024-05-08T13:21:04.472+0000] {dagbag.py:545} INFO - Filling up the DagBag from /home/denys/airflow_venv/lib/python3.12/site-packages/airflow/example_dags/example_setup_teardown.py
[2024-05-08T13:21:04.477+0000] {processor.py:840} INFO - DAG(s) 'example_setup_teardown' retrieved from /home/denys/airflow_venv/lib/python3.12/site-packages/airflow/example_dags/example_setup_teardown.py
[2024-05-08T13:21:04.486+0000] {logging_mixin.py:188} INFO - [2024-05-08T13:21:04.486+0000] {dag.py:3096} INFO - Sync 1 DAGs
[2024-05-08T13:21:04.496+0000] {logging_mixin.py:188} INFO - [2024-05-08T13:21:04.496+0000] {dag.py:3954} INFO - Setting next_dagrun for example_setup_teardown to 2024-05-07 00:00:00+00:00, run_after=2024-05-08 00:00:00+00:00
[2024-05-08T13:21:04.520+0000] {processor.py:183} INFO - Processing /home/denys/airflow_venv/lib/python3.12/site-packages/airflow/example_dags/example_setup_teardown.py took 0.055 seconds
[2024-05-08T13:21:48.304+0000] {processor.py:161} INFO - Started process (PID=2476) to work on /home/denys/airflow_venv/lib/python3.12/site-packages/airflow/example_dags/example_setup_teardown.py
[2024-05-08T13:21:48.306+0000] {processor.py:830} INFO - Processing file /home/denys/airflow_venv/lib/python3.12/site-packages/airflow/example_dags/example_setup_teardown.py for tasks to queue
[2024-05-08T13:21:48.307+0000] {logging_mixin.py:188} INFO - [2024-05-08T13:21:48.307+0000] {dagbag.py:545} INFO - Filling up the DagBag from /home/denys/airflow_venv/lib/python3.12/site-packages/airflow/example_dags/example_setup_teardown.py
[2024-05-08T13:21:48.311+0000] {processor.py:840} INFO - DAG(s) 'example_setup_teardown' retrieved from /home/denys/airflow_venv/lib/python3.12/site-packages/airflow/example_dags/example_setup_teardown.py
[2024-05-08T13:21:48.320+0000] {logging_mixin.py:188} INFO - [2024-05-08T13:21:48.320+0000] {dag.py:3096} INFO - Sync 1 DAGs
[2024-05-08T13:21:48.330+0000] {logging_mixin.py:188} INFO - [2024-05-08T13:21:48.330+0000] {dag.py:3954} INFO - Setting next_dagrun for example_setup_teardown to 2024-05-07 00:00:00+00:00, run_after=2024-05-08 00:00:00+00:00
[2024-05-08T13:21:48.346+0000] {processor.py:183} INFO - Processing /home/denys/airflow_venv/lib/python3.12/site-packages/airflow/example_dags/example_setup_teardown.py took 0.045 seconds
[2024-05-08T13:22:31.508+0000] {processor.py:161} INFO - Started process (PID=2522) to work on /home/denys/airflow_venv/lib/python3.12/site-packages/airflow/example_dags/example_setup_teardown.py
[2024-05-08T13:22:31.509+0000] {processor.py:830} INFO - Processing file /home/denys/airflow_venv/lib/python3.12/site-packages/airflow/example_dags/example_setup_teardown.py for tasks to queue
[2024-05-08T13:22:31.510+0000] {logging_mixin.py:188} INFO - [2024-05-08T13:22:31.510+0000] {dagbag.py:545} INFO - Filling up the DagBag from /home/denys/airflow_venv/lib/python3.12/site-packages/airflow/example_dags/example_setup_teardown.py
[2024-05-08T13:22:31.514+0000] {processor.py:840} INFO - DAG(s) 'example_setup_teardown' retrieved from /home/denys/airflow_venv/lib/python3.12/site-packages/airflow/example_dags/example_setup_teardown.py
[2024-05-08T13:22:31.523+0000] {logging_mixin.py:188} INFO - [2024-05-08T13:22:31.523+0000] {dag.py:3096} INFO - Sync 1 DAGs
[2024-05-08T13:22:31.534+0000] {logging_mixin.py:188} INFO - [2024-05-08T13:22:31.533+0000] {dag.py:3954} INFO - Setting next_dagrun for example_setup_teardown to 2024-05-07 00:00:00+00:00, run_after=2024-05-08 00:00:00+00:00
[2024-05-08T13:22:31.556+0000] {processor.py:183} INFO - Processing /home/denys/airflow_venv/lib/python3.12/site-packages/airflow/example_dags/example_setup_teardown.py took 0.052 seconds
[2024-05-08T13:23:13.195+0000] {processor.py:161} INFO - Started process (PID=2567) to work on /home/denys/airflow_venv/lib/python3.12/site-packages/airflow/example_dags/example_setup_teardown.py
[2024-05-08T13:23:13.196+0000] {processor.py:830} INFO - Processing file /home/denys/airflow_venv/lib/python3.12/site-packages/airflow/example_dags/example_setup_teardown.py for tasks to queue
[2024-05-08T13:23:13.197+0000] {logging_mixin.py:188} INFO - [2024-05-08T13:23:13.196+0000] {dagbag.py:545} INFO - Filling up the DagBag from /home/denys/airflow_venv/lib/python3.12/site-packages/airflow/example_dags/example_setup_teardown.py
[2024-05-08T13:23:13.202+0000] {processor.py:840} INFO - DAG(s) 'example_setup_teardown' retrieved from /home/denys/airflow_venv/lib/python3.12/site-packages/airflow/example_dags/example_setup_teardown.py
[2024-05-08T13:23:13.213+0000] {logging_mixin.py:188} INFO - [2024-05-08T13:23:13.213+0000] {dag.py:3096} INFO - Sync 1 DAGs
[2024-05-08T13:23:13.227+0000] {logging_mixin.py:188} INFO - [2024-05-08T13:23:13.226+0000] {dag.py:3954} INFO - Setting next_dagrun for example_setup_teardown to 2024-05-07 00:00:00+00:00, run_after=2024-05-08 00:00:00+00:00
[2024-05-08T13:23:13.249+0000] {processor.py:183} INFO - Processing /home/denys/airflow_venv/lib/python3.12/site-packages/airflow/example_dags/example_setup_teardown.py took 0.058 seconds
[2024-05-08T13:23:53.958+0000] {processor.py:161} INFO - Started process (PID=2678) to work on /home/denys/airflow_venv/lib/python3.12/site-packages/airflow/example_dags/example_setup_teardown.py
[2024-05-08T13:23:53.959+0000] {processor.py:830} INFO - Processing file /home/denys/airflow_venv/lib/python3.12/site-packages/airflow/example_dags/example_setup_teardown.py for tasks to queue
[2024-05-08T13:23:53.960+0000] {logging_mixin.py:188} INFO - [2024-05-08T13:23:53.960+0000] {dagbag.py:545} INFO - Filling up the DagBag from /home/denys/airflow_venv/lib/python3.12/site-packages/airflow/example_dags/example_setup_teardown.py
[2024-05-08T13:23:53.964+0000] {processor.py:840} INFO - DAG(s) 'example_setup_teardown' retrieved from /home/denys/airflow_venv/lib/python3.12/site-packages/airflow/example_dags/example_setup_teardown.py
[2024-05-08T13:23:53.973+0000] {logging_mixin.py:188} INFO - [2024-05-08T13:23:53.973+0000] {dag.py:3096} INFO - Sync 1 DAGs
[2024-05-08T13:23:53.983+0000] {logging_mixin.py:188} INFO - [2024-05-08T13:23:53.983+0000] {dag.py:3954} INFO - Setting next_dagrun for example_setup_teardown to 2024-05-07 00:00:00+00:00, run_after=2024-05-08 00:00:00+00:00
[2024-05-08T13:23:53.999+0000] {processor.py:183} INFO - Processing /home/denys/airflow_venv/lib/python3.12/site-packages/airflow/example_dags/example_setup_teardown.py took 0.044 seconds
[2024-05-08T13:24:34.484+0000] {processor.py:161} INFO - Started process (PID=2725) to work on /home/denys/airflow_venv/lib/python3.12/site-packages/airflow/example_dags/example_setup_teardown.py
[2024-05-08T13:24:34.486+0000] {processor.py:830} INFO - Processing file /home/denys/airflow_venv/lib/python3.12/site-packages/airflow/example_dags/example_setup_teardown.py for tasks to queue
[2024-05-08T13:24:34.487+0000] {logging_mixin.py:188} INFO - [2024-05-08T13:24:34.487+0000] {dagbag.py:545} INFO - Filling up the DagBag from /home/denys/airflow_venv/lib/python3.12/site-packages/airflow/example_dags/example_setup_teardown.py
[2024-05-08T13:24:34.492+0000] {processor.py:840} INFO - DAG(s) 'example_setup_teardown' retrieved from /home/denys/airflow_venv/lib/python3.12/site-packages/airflow/example_dags/example_setup_teardown.py
[2024-05-08T13:24:34.501+0000] {logging_mixin.py:188} INFO - [2024-05-08T13:24:34.501+0000] {dag.py:3096} INFO - Sync 1 DAGs
[2024-05-08T13:24:34.512+0000] {logging_mixin.py:188} INFO - [2024-05-08T13:24:34.512+0000] {dag.py:3954} INFO - Setting next_dagrun for example_setup_teardown to 2024-05-07 00:00:00+00:00, run_after=2024-05-08 00:00:00+00:00
[2024-05-08T13:24:34.527+0000] {processor.py:183} INFO - Processing /home/denys/airflow_venv/lib/python3.12/site-packages/airflow/example_dags/example_setup_teardown.py took 0.047 seconds
[2024-05-08T13:25:14.834+0000] {processor.py:161} INFO - Started process (PID=2773) to work on /home/denys/airflow_venv/lib/python3.12/site-packages/airflow/example_dags/example_setup_teardown.py
[2024-05-08T13:25:14.835+0000] {processor.py:830} INFO - Processing file /home/denys/airflow_venv/lib/python3.12/site-packages/airflow/example_dags/example_setup_teardown.py for tasks to queue
[2024-05-08T13:25:14.836+0000] {logging_mixin.py:188} INFO - [2024-05-08T13:25:14.836+0000] {dagbag.py:545} INFO - Filling up the DagBag from /home/denys/airflow_venv/lib/python3.12/site-packages/airflow/example_dags/example_setup_teardown.py
[2024-05-08T13:25:14.842+0000] {processor.py:840} INFO - DAG(s) 'example_setup_teardown' retrieved from /home/denys/airflow_venv/lib/python3.12/site-packages/airflow/example_dags/example_setup_teardown.py
[2024-05-08T13:25:14.852+0000] {logging_mixin.py:188} INFO - [2024-05-08T13:25:14.852+0000] {dag.py:3096} INFO - Sync 1 DAGs
[2024-05-08T13:25:14.862+0000] {logging_mixin.py:188} INFO - [2024-05-08T13:25:14.862+0000] {dag.py:3954} INFO - Setting next_dagrun for example_setup_teardown to 2024-05-07 00:00:00+00:00, run_after=2024-05-08 00:00:00+00:00
[2024-05-08T13:25:14.878+0000] {processor.py:183} INFO - Processing /home/denys/airflow_venv/lib/python3.12/site-packages/airflow/example_dags/example_setup_teardown.py took 0.048 seconds
[2024-05-08T13:25:55.141+0000] {processor.py:161} INFO - Started process (PID=2815) to work on /home/denys/airflow_venv/lib/python3.12/site-packages/airflow/example_dags/example_setup_teardown.py
[2024-05-08T13:25:55.142+0000] {processor.py:830} INFO - Processing file /home/denys/airflow_venv/lib/python3.12/site-packages/airflow/example_dags/example_setup_teardown.py for tasks to queue
[2024-05-08T13:25:55.143+0000] {logging_mixin.py:188} INFO - [2024-05-08T13:25:55.143+0000] {dagbag.py:545} INFO - Filling up the DagBag from /home/denys/airflow_venv/lib/python3.12/site-packages/airflow/example_dags/example_setup_teardown.py
[2024-05-08T13:25:55.147+0000] {processor.py:840} INFO - DAG(s) 'example_setup_teardown' retrieved from /home/denys/airflow_venv/lib/python3.12/site-packages/airflow/example_dags/example_setup_teardown.py
[2024-05-08T13:25:55.156+0000] {logging_mixin.py:188} INFO - [2024-05-08T13:25:55.156+0000] {dag.py:3096} INFO - Sync 1 DAGs
[2024-05-08T13:25:55.166+0000] {logging_mixin.py:188} INFO - [2024-05-08T13:25:55.166+0000] {dag.py:3954} INFO - Setting next_dagrun for example_setup_teardown to 2024-05-07 00:00:00+00:00, run_after=2024-05-08 00:00:00+00:00
[2024-05-08T13:25:55.185+0000] {processor.py:183} INFO - Processing /home/denys/airflow_venv/lib/python3.12/site-packages/airflow/example_dags/example_setup_teardown.py took 0.047 seconds
[2024-05-08T13:26:37.188+0000] {processor.py:161} INFO - Started process (PID=2857) to work on /home/denys/airflow_venv/lib/python3.12/site-packages/airflow/example_dags/example_setup_teardown.py
[2024-05-08T13:26:37.195+0000] {processor.py:830} INFO - Processing file /home/denys/airflow_venv/lib/python3.12/site-packages/airflow/example_dags/example_setup_teardown.py for tasks to queue
[2024-05-08T13:26:37.196+0000] {logging_mixin.py:188} INFO - [2024-05-08T13:26:37.196+0000] {dagbag.py:545} INFO - Filling up the DagBag from /home/denys/airflow_venv/lib/python3.12/site-packages/airflow/example_dags/example_setup_teardown.py
[2024-05-08T13:26:37.200+0000] {processor.py:840} INFO - DAG(s) 'example_setup_teardown' retrieved from /home/denys/airflow_venv/lib/python3.12/site-packages/airflow/example_dags/example_setup_teardown.py
[2024-05-08T13:26:37.211+0000] {logging_mixin.py:188} INFO - [2024-05-08T13:26:37.211+0000] {dag.py:3096} INFO - Sync 1 DAGs
[2024-05-08T13:26:37.224+0000] {logging_mixin.py:188} INFO - [2024-05-08T13:26:37.224+0000] {dag.py:3954} INFO - Setting next_dagrun for example_setup_teardown to 2024-05-07 00:00:00+00:00, run_after=2024-05-08 00:00:00+00:00
[2024-05-08T13:26:37.243+0000] {processor.py:183} INFO - Processing /home/denys/airflow_venv/lib/python3.12/site-packages/airflow/example_dags/example_setup_teardown.py took 0.059 seconds
[2024-05-08T13:27:20.737+0000] {processor.py:161} INFO - Started process (PID=2902) to work on /home/denys/airflow_venv/lib/python3.12/site-packages/airflow/example_dags/example_setup_teardown.py
[2024-05-08T13:27:20.740+0000] {processor.py:830} INFO - Processing file /home/denys/airflow_venv/lib/python3.12/site-packages/airflow/example_dags/example_setup_teardown.py for tasks to queue
[2024-05-08T13:27:20.741+0000] {logging_mixin.py:188} INFO - [2024-05-08T13:27:20.740+0000] {dagbag.py:545} INFO - Filling up the DagBag from /home/denys/airflow_venv/lib/python3.12/site-packages/airflow/example_dags/example_setup_teardown.py
[2024-05-08T13:27:20.745+0000] {processor.py:840} INFO - DAG(s) 'example_setup_teardown' retrieved from /home/denys/airflow_venv/lib/python3.12/site-packages/airflow/example_dags/example_setup_teardown.py
[2024-05-08T13:27:20.753+0000] {logging_mixin.py:188} INFO - [2024-05-08T13:27:20.753+0000] {dag.py:3096} INFO - Sync 1 DAGs
[2024-05-08T13:27:20.763+0000] {logging_mixin.py:188} INFO - [2024-05-08T13:27:20.763+0000] {dag.py:3954} INFO - Setting next_dagrun for example_setup_teardown to 2024-05-07 00:00:00+00:00, run_after=2024-05-08 00:00:00+00:00
[2024-05-08T13:27:20.781+0000] {processor.py:183} INFO - Processing /home/denys/airflow_venv/lib/python3.12/site-packages/airflow/example_dags/example_setup_teardown.py took 0.047 seconds
[2024-05-08T13:28:04.148+0000] {processor.py:161} INFO - Started process (PID=2947) to work on /home/denys/airflow_venv/lib/python3.12/site-packages/airflow/example_dags/example_setup_teardown.py
[2024-05-08T13:28:04.150+0000] {processor.py:830} INFO - Processing file /home/denys/airflow_venv/lib/python3.12/site-packages/airflow/example_dags/example_setup_teardown.py for tasks to queue
[2024-05-08T13:28:04.151+0000] {logging_mixin.py:188} INFO - [2024-05-08T13:28:04.151+0000] {dagbag.py:545} INFO - Filling up the DagBag from /home/denys/airflow_venv/lib/python3.12/site-packages/airflow/example_dags/example_setup_teardown.py
[2024-05-08T13:28:04.156+0000] {processor.py:840} INFO - DAG(s) 'example_setup_teardown' retrieved from /home/denys/airflow_venv/lib/python3.12/site-packages/airflow/example_dags/example_setup_teardown.py
[2024-05-08T13:28:04.166+0000] {logging_mixin.py:188} INFO - [2024-05-08T13:28:04.166+0000] {dag.py:3096} INFO - Sync 1 DAGs
[2024-05-08T13:28:04.176+0000] {logging_mixin.py:188} INFO - [2024-05-08T13:28:04.176+0000] {dag.py:3954} INFO - Setting next_dagrun for example_setup_teardown to 2024-05-07 00:00:00+00:00, run_after=2024-05-08 00:00:00+00:00
[2024-05-08T13:28:04.193+0000] {processor.py:183} INFO - Processing /home/denys/airflow_venv/lib/python3.12/site-packages/airflow/example_dags/example_setup_teardown.py took 0.049 seconds
[2024-05-08T13:28:47.428+0000] {processor.py:161} INFO - Started process (PID=2992) to work on /home/denys/airflow_venv/lib/python3.12/site-packages/airflow/example_dags/example_setup_teardown.py
[2024-05-08T13:28:47.430+0000] {processor.py:830} INFO - Processing file /home/denys/airflow_venv/lib/python3.12/site-packages/airflow/example_dags/example_setup_teardown.py for tasks to queue
[2024-05-08T13:28:47.431+0000] {logging_mixin.py:188} INFO - [2024-05-08T13:28:47.430+0000] {dagbag.py:545} INFO - Filling up the DagBag from /home/denys/airflow_venv/lib/python3.12/site-packages/airflow/example_dags/example_setup_teardown.py
[2024-05-08T13:28:47.436+0000] {processor.py:840} INFO - DAG(s) 'example_setup_teardown' retrieved from /home/denys/airflow_venv/lib/python3.12/site-packages/airflow/example_dags/example_setup_teardown.py
[2024-05-08T13:28:47.446+0000] {logging_mixin.py:188} INFO - [2024-05-08T13:28:47.446+0000] {dag.py:3096} INFO - Sync 1 DAGs
[2024-05-08T13:28:47.457+0000] {logging_mixin.py:188} INFO - [2024-05-08T13:28:47.456+0000] {dag.py:3954} INFO - Setting next_dagrun for example_setup_teardown to 2024-05-07 00:00:00+00:00, run_after=2024-05-08 00:00:00+00:00
[2024-05-08T13:28:47.476+0000] {processor.py:183} INFO - Processing /home/denys/airflow_venv/lib/python3.12/site-packages/airflow/example_dags/example_setup_teardown.py took 0.051 seconds
[2024-05-08T13:29:26.646+0000] {processor.py:161} INFO - Started process (PID=3090) to work on /home/denys/airflow_venv/lib/python3.12/site-packages/airflow/example_dags/example_setup_teardown.py
[2024-05-08T13:29:26.647+0000] {processor.py:830} INFO - Processing file /home/denys/airflow_venv/lib/python3.12/site-packages/airflow/example_dags/example_setup_teardown.py for tasks to queue
[2024-05-08T13:29:26.649+0000] {logging_mixin.py:188} INFO - [2024-05-08T13:29:26.648+0000] {dagbag.py:545} INFO - Filling up the DagBag from /home/denys/airflow_venv/lib/python3.12/site-packages/airflow/example_dags/example_setup_teardown.py
[2024-05-08T13:29:26.653+0000] {processor.py:840} INFO - DAG(s) 'example_setup_teardown' retrieved from /home/denys/airflow_venv/lib/python3.12/site-packages/airflow/example_dags/example_setup_teardown.py
[2024-05-08T13:29:26.663+0000] {logging_mixin.py:188} INFO - [2024-05-08T13:29:26.663+0000] {dag.py:3096} INFO - Sync 1 DAGs
[2024-05-08T13:29:26.674+0000] {logging_mixin.py:188} INFO - [2024-05-08T13:29:26.674+0000] {dag.py:3954} INFO - Setting next_dagrun for example_setup_teardown to 2024-05-07 00:00:00+00:00, run_after=2024-05-08 00:00:00+00:00
[2024-05-08T13:29:26.697+0000] {processor.py:183} INFO - Processing /home/denys/airflow_venv/lib/python3.12/site-packages/airflow/example_dags/example_setup_teardown.py took 0.055 seconds
[2024-05-08T13:30:05.801+0000] {processor.py:161} INFO - Started process (PID=3130) to work on /home/denys/airflow_venv/lib/python3.12/site-packages/airflow/example_dags/example_setup_teardown.py
[2024-05-08T13:30:05.802+0000] {processor.py:830} INFO - Processing file /home/denys/airflow_venv/lib/python3.12/site-packages/airflow/example_dags/example_setup_teardown.py for tasks to queue
[2024-05-08T13:30:05.803+0000] {logging_mixin.py:188} INFO - [2024-05-08T13:30:05.803+0000] {dagbag.py:545} INFO - Filling up the DagBag from /home/denys/airflow_venv/lib/python3.12/site-packages/airflow/example_dags/example_setup_teardown.py
[2024-05-08T13:30:05.807+0000] {processor.py:840} INFO - DAG(s) 'example_setup_teardown' retrieved from /home/denys/airflow_venv/lib/python3.12/site-packages/airflow/example_dags/example_setup_teardown.py
[2024-05-08T13:30:05.817+0000] {logging_mixin.py:188} INFO - [2024-05-08T13:30:05.816+0000] {dag.py:3096} INFO - Sync 1 DAGs
[2024-05-08T13:30:05.827+0000] {logging_mixin.py:188} INFO - [2024-05-08T13:30:05.827+0000] {dag.py:3954} INFO - Setting next_dagrun for example_setup_teardown to 2024-05-07 00:00:00+00:00, run_after=2024-05-08 00:00:00+00:00
[2024-05-08T13:30:05.850+0000] {processor.py:183} INFO - Processing /home/denys/airflow_venv/lib/python3.12/site-packages/airflow/example_dags/example_setup_teardown.py took 0.053 seconds
[2024-05-08T13:30:46.272+0000] {processor.py:161} INFO - Started process (PID=3175) to work on /home/denys/airflow_venv/lib/python3.12/site-packages/airflow/example_dags/example_setup_teardown.py
[2024-05-08T13:30:46.273+0000] {processor.py:830} INFO - Processing file /home/denys/airflow_venv/lib/python3.12/site-packages/airflow/example_dags/example_setup_teardown.py for tasks to queue
[2024-05-08T13:30:46.274+0000] {logging_mixin.py:188} INFO - [2024-05-08T13:30:46.274+0000] {dagbag.py:545} INFO - Filling up the DagBag from /home/denys/airflow_venv/lib/python3.12/site-packages/airflow/example_dags/example_setup_teardown.py
[2024-05-08T13:30:46.278+0000] {processor.py:840} INFO - DAG(s) 'example_setup_teardown' retrieved from /home/denys/airflow_venv/lib/python3.12/site-packages/airflow/example_dags/example_setup_teardown.py
[2024-05-08T13:30:46.288+0000] {logging_mixin.py:188} INFO - [2024-05-08T13:30:46.288+0000] {dag.py:3096} INFO - Sync 1 DAGs
[2024-05-08T13:30:46.298+0000] {logging_mixin.py:188} INFO - [2024-05-08T13:30:46.298+0000] {dag.py:3954} INFO - Setting next_dagrun for example_setup_teardown to 2024-05-07 00:00:00+00:00, run_after=2024-05-08 00:00:00+00:00
[2024-05-08T13:30:46.321+0000] {processor.py:183} INFO - Processing /home/denys/airflow_venv/lib/python3.12/site-packages/airflow/example_dags/example_setup_teardown.py took 0.052 seconds
[2024-05-08T13:31:28.266+0000] {processor.py:161} INFO - Started process (PID=3219) to work on /home/denys/airflow_venv/lib/python3.12/site-packages/airflow/example_dags/example_setup_teardown.py
[2024-05-08T13:31:28.268+0000] {processor.py:830} INFO - Processing file /home/denys/airflow_venv/lib/python3.12/site-packages/airflow/example_dags/example_setup_teardown.py for tasks to queue
[2024-05-08T13:31:28.269+0000] {logging_mixin.py:188} INFO - [2024-05-08T13:31:28.268+0000] {dagbag.py:545} INFO - Filling up the DagBag from /home/denys/airflow_venv/lib/python3.12/site-packages/airflow/example_dags/example_setup_teardown.py
[2024-05-08T13:31:28.273+0000] {processor.py:840} INFO - DAG(s) 'example_setup_teardown' retrieved from /home/denys/airflow_venv/lib/python3.12/site-packages/airflow/example_dags/example_setup_teardown.py
[2024-05-08T13:31:28.283+0000] {logging_mixin.py:188} INFO - [2024-05-08T13:31:28.283+0000] {dag.py:3096} INFO - Sync 1 DAGs
[2024-05-08T13:31:28.294+0000] {logging_mixin.py:188} INFO - [2024-05-08T13:31:28.294+0000] {dag.py:3954} INFO - Setting next_dagrun for example_setup_teardown to 2024-05-07 00:00:00+00:00, run_after=2024-05-08 00:00:00+00:00
[2024-05-08T13:31:28.316+0000] {processor.py:183} INFO - Processing /home/denys/airflow_venv/lib/python3.12/site-packages/airflow/example_dags/example_setup_teardown.py took 0.054 seconds
[2024-05-08T13:32:08.901+0000] {processor.py:161} INFO - Started process (PID=3260) to work on /home/denys/airflow_venv/lib/python3.12/site-packages/airflow/example_dags/example_setup_teardown.py
[2024-05-08T13:32:08.902+0000] {processor.py:830} INFO - Processing file /home/denys/airflow_venv/lib/python3.12/site-packages/airflow/example_dags/example_setup_teardown.py for tasks to queue
[2024-05-08T13:32:08.903+0000] {logging_mixin.py:188} INFO - [2024-05-08T13:32:08.903+0000] {dagbag.py:545} INFO - Filling up the DagBag from /home/denys/airflow_venv/lib/python3.12/site-packages/airflow/example_dags/example_setup_teardown.py
[2024-05-08T13:32:08.908+0000] {processor.py:840} INFO - DAG(s) 'example_setup_teardown' retrieved from /home/denys/airflow_venv/lib/python3.12/site-packages/airflow/example_dags/example_setup_teardown.py
[2024-05-08T13:32:08.917+0000] {logging_mixin.py:188} INFO - [2024-05-08T13:32:08.917+0000] {dag.py:3096} INFO - Sync 1 DAGs
[2024-05-08T13:32:08.928+0000] {logging_mixin.py:188} INFO - [2024-05-08T13:32:08.927+0000] {dag.py:3954} INFO - Setting next_dagrun for example_setup_teardown to 2024-05-07 00:00:00+00:00, run_after=2024-05-08 00:00:00+00:00
[2024-05-08T13:32:08.945+0000] {processor.py:183} INFO - Processing /home/denys/airflow_venv/lib/python3.12/site-packages/airflow/example_dags/example_setup_teardown.py took 0.049 seconds
[2024-05-08T13:32:53.677+0000] {processor.py:161} INFO - Started process (PID=3305) to work on /home/denys/airflow_venv/lib/python3.12/site-packages/airflow/example_dags/example_setup_teardown.py
[2024-05-08T13:32:53.679+0000] {processor.py:830} INFO - Processing file /home/denys/airflow_venv/lib/python3.12/site-packages/airflow/example_dags/example_setup_teardown.py for tasks to queue
[2024-05-08T13:32:53.680+0000] {logging_mixin.py:188} INFO - [2024-05-08T13:32:53.680+0000] {dagbag.py:545} INFO - Filling up the DagBag from /home/denys/airflow_venv/lib/python3.12/site-packages/airflow/example_dags/example_setup_teardown.py
[2024-05-08T13:32:53.686+0000] {processor.py:840} INFO - DAG(s) 'example_setup_teardown' retrieved from /home/denys/airflow_venv/lib/python3.12/site-packages/airflow/example_dags/example_setup_teardown.py
[2024-05-08T13:32:53.695+0000] {logging_mixin.py:188} INFO - [2024-05-08T13:32:53.695+0000] {dag.py:3096} INFO - Sync 1 DAGs
[2024-05-08T13:32:53.705+0000] {logging_mixin.py:188} INFO - [2024-05-08T13:32:53.705+0000] {dag.py:3954} INFO - Setting next_dagrun for example_setup_teardown to 2024-05-07 00:00:00+00:00, run_after=2024-05-08 00:00:00+00:00
[2024-05-08T13:32:53.726+0000] {processor.py:183} INFO - Processing /home/denys/airflow_venv/lib/python3.12/site-packages/airflow/example_dags/example_setup_teardown.py took 0.053 seconds
[2024-05-08T13:33:37.296+0000] {processor.py:161} INFO - Started process (PID=3350) to work on /home/denys/airflow_venv/lib/python3.12/site-packages/airflow/example_dags/example_setup_teardown.py
[2024-05-08T13:33:37.298+0000] {processor.py:830} INFO - Processing file /home/denys/airflow_venv/lib/python3.12/site-packages/airflow/example_dags/example_setup_teardown.py for tasks to queue
[2024-05-08T13:33:37.299+0000] {logging_mixin.py:188} INFO - [2024-05-08T13:33:37.298+0000] {dagbag.py:545} INFO - Filling up the DagBag from /home/denys/airflow_venv/lib/python3.12/site-packages/airflow/example_dags/example_setup_teardown.py
[2024-05-08T13:33:37.303+0000] {processor.py:840} INFO - DAG(s) 'example_setup_teardown' retrieved from /home/denys/airflow_venv/lib/python3.12/site-packages/airflow/example_dags/example_setup_teardown.py
[2024-05-08T13:33:37.313+0000] {logging_mixin.py:188} INFO - [2024-05-08T13:33:37.313+0000] {dag.py:3096} INFO - Sync 1 DAGs
[2024-05-08T13:33:37.325+0000] {logging_mixin.py:188} INFO - [2024-05-08T13:33:37.325+0000] {dag.py:3954} INFO - Setting next_dagrun for example_setup_teardown to 2024-05-07 00:00:00+00:00, run_after=2024-05-08 00:00:00+00:00
[2024-05-08T13:33:37.347+0000] {processor.py:183} INFO - Processing /home/denys/airflow_venv/lib/python3.12/site-packages/airflow/example_dags/example_setup_teardown.py took 0.054 seconds
[2024-05-08T13:34:19.540+0000] {processor.py:161} INFO - Started process (PID=3397) to work on /home/denys/airflow_venv/lib/python3.12/site-packages/airflow/example_dags/example_setup_teardown.py
[2024-05-08T13:34:19.541+0000] {processor.py:830} INFO - Processing file /home/denys/airflow_venv/lib/python3.12/site-packages/airflow/example_dags/example_setup_teardown.py for tasks to queue
[2024-05-08T13:34:19.542+0000] {logging_mixin.py:188} INFO - [2024-05-08T13:34:19.542+0000] {dagbag.py:545} INFO - Filling up the DagBag from /home/denys/airflow_venv/lib/python3.12/site-packages/airflow/example_dags/example_setup_teardown.py
[2024-05-08T13:34:19.547+0000] {processor.py:840} INFO - DAG(s) 'example_setup_teardown' retrieved from /home/denys/airflow_venv/lib/python3.12/site-packages/airflow/example_dags/example_setup_teardown.py
[2024-05-08T13:34:19.557+0000] {logging_mixin.py:188} INFO - [2024-05-08T13:34:19.557+0000] {dag.py:3096} INFO - Sync 1 DAGs
[2024-05-08T13:34:19.567+0000] {logging_mixin.py:188} INFO - [2024-05-08T13:34:19.567+0000] {dag.py:3954} INFO - Setting next_dagrun for example_setup_teardown to 2024-05-07 00:00:00+00:00, run_after=2024-05-08 00:00:00+00:00
[2024-05-08T13:34:19.588+0000] {processor.py:183} INFO - Processing /home/denys/airflow_venv/lib/python3.12/site-packages/airflow/example_dags/example_setup_teardown.py took 0.052 seconds
[2024-05-08T13:35:00.499+0000] {processor.py:161} INFO - Started process (PID=3439) to work on /home/denys/airflow_venv/lib/python3.12/site-packages/airflow/example_dags/example_setup_teardown.py
[2024-05-08T13:35:00.500+0000] {processor.py:830} INFO - Processing file /home/denys/airflow_venv/lib/python3.12/site-packages/airflow/example_dags/example_setup_teardown.py for tasks to queue
[2024-05-08T13:35:00.501+0000] {logging_mixin.py:188} INFO - [2024-05-08T13:35:00.500+0000] {dagbag.py:545} INFO - Filling up the DagBag from /home/denys/airflow_venv/lib/python3.12/site-packages/airflow/example_dags/example_setup_teardown.py
[2024-05-08T13:35:00.505+0000] {processor.py:840} INFO - DAG(s) 'example_setup_teardown' retrieved from /home/denys/airflow_venv/lib/python3.12/site-packages/airflow/example_dags/example_setup_teardown.py
[2024-05-08T13:35:00.514+0000] {logging_mixin.py:188} INFO - [2024-05-08T13:35:00.514+0000] {dag.py:3096} INFO - Sync 1 DAGs
[2024-05-08T13:35:00.523+0000] {logging_mixin.py:188} INFO - [2024-05-08T13:35:00.523+0000] {dag.py:3954} INFO - Setting next_dagrun for example_setup_teardown to 2024-05-07 00:00:00+00:00, run_after=2024-05-08 00:00:00+00:00
[2024-05-08T13:35:00.543+0000] {processor.py:183} INFO - Processing /home/denys/airflow_venv/lib/python3.12/site-packages/airflow/example_dags/example_setup_teardown.py took 0.048 seconds
[2024-05-08T13:35:39.269+0000] {processor.py:161} INFO - Started process (PID=3484) to work on /home/denys/airflow_venv/lib/python3.12/site-packages/airflow/example_dags/example_setup_teardown.py
[2024-05-08T13:35:39.270+0000] {processor.py:830} INFO - Processing file /home/denys/airflow_venv/lib/python3.12/site-packages/airflow/example_dags/example_setup_teardown.py for tasks to queue
[2024-05-08T13:35:39.271+0000] {logging_mixin.py:188} INFO - [2024-05-08T13:35:39.271+0000] {dagbag.py:545} INFO - Filling up the DagBag from /home/denys/airflow_venv/lib/python3.12/site-packages/airflow/example_dags/example_setup_teardown.py
[2024-05-08T13:35:39.276+0000] {processor.py:840} INFO - DAG(s) 'example_setup_teardown' retrieved from /home/denys/airflow_venv/lib/python3.12/site-packages/airflow/example_dags/example_setup_teardown.py
[2024-05-08T13:35:39.287+0000] {logging_mixin.py:188} INFO - [2024-05-08T13:35:39.287+0000] {dag.py:3096} INFO - Sync 1 DAGs
[2024-05-08T13:35:39.297+0000] {logging_mixin.py:188} INFO - [2024-05-08T13:35:39.297+0000] {dag.py:3954} INFO - Setting next_dagrun for example_setup_teardown to 2024-05-07 00:00:00+00:00, run_after=2024-05-08 00:00:00+00:00
[2024-05-08T13:35:39.320+0000] {processor.py:183} INFO - Processing /home/denys/airflow_venv/lib/python3.12/site-packages/airflow/example_dags/example_setup_teardown.py took 0.054 seconds
[2024-05-08T13:36:20.678+0000] {processor.py:161} INFO - Started process (PID=3525) to work on /home/denys/airflow_venv/lib/python3.12/site-packages/airflow/example_dags/example_setup_teardown.py
[2024-05-08T13:36:20.680+0000] {processor.py:830} INFO - Processing file /home/denys/airflow_venv/lib/python3.12/site-packages/airflow/example_dags/example_setup_teardown.py for tasks to queue
[2024-05-08T13:36:20.683+0000] {logging_mixin.py:188} INFO - [2024-05-08T13:36:20.681+0000] {dagbag.py:545} INFO - Filling up the DagBag from /home/denys/airflow_venv/lib/python3.12/site-packages/airflow/example_dags/example_setup_teardown.py
[2024-05-08T13:36:20.687+0000] {processor.py:840} INFO - DAG(s) 'example_setup_teardown' retrieved from /home/denys/airflow_venv/lib/python3.12/site-packages/airflow/example_dags/example_setup_teardown.py
[2024-05-08T13:36:20.698+0000] {logging_mixin.py:188} INFO - [2024-05-08T13:36:20.698+0000] {dag.py:3096} INFO - Sync 1 DAGs
[2024-05-08T13:36:20.709+0000] {logging_mixin.py:188} INFO - [2024-05-08T13:36:20.709+0000] {dag.py:3954} INFO - Setting next_dagrun for example_setup_teardown to 2024-05-07 00:00:00+00:00, run_after=2024-05-08 00:00:00+00:00
[2024-05-08T13:36:20.731+0000] {processor.py:183} INFO - Processing /home/denys/airflow_venv/lib/python3.12/site-packages/airflow/example_dags/example_setup_teardown.py took 0.056 seconds
[2024-05-08T13:37:02.211+0000] {processor.py:161} INFO - Started process (PID=3569) to work on /home/denys/airflow_venv/lib/python3.12/site-packages/airflow/example_dags/example_setup_teardown.py
[2024-05-08T13:37:02.212+0000] {processor.py:830} INFO - Processing file /home/denys/airflow_venv/lib/python3.12/site-packages/airflow/example_dags/example_setup_teardown.py for tasks to queue
[2024-05-08T13:37:02.213+0000] {logging_mixin.py:188} INFO - [2024-05-08T13:37:02.213+0000] {dagbag.py:545} INFO - Filling up the DagBag from /home/denys/airflow_venv/lib/python3.12/site-packages/airflow/example_dags/example_setup_teardown.py
[2024-05-08T13:37:02.217+0000] {processor.py:840} INFO - DAG(s) 'example_setup_teardown' retrieved from /home/denys/airflow_venv/lib/python3.12/site-packages/airflow/example_dags/example_setup_teardown.py
[2024-05-08T13:37:02.226+0000] {logging_mixin.py:188} INFO - [2024-05-08T13:37:02.226+0000] {dag.py:3096} INFO - Sync 1 DAGs
[2024-05-08T13:37:02.236+0000] {logging_mixin.py:188} INFO - [2024-05-08T13:37:02.236+0000] {dag.py:3954} INFO - Setting next_dagrun for example_setup_teardown to 2024-05-07 00:00:00+00:00, run_after=2024-05-08 00:00:00+00:00
[2024-05-08T13:37:02.260+0000] {processor.py:183} INFO - Processing /home/denys/airflow_venv/lib/python3.12/site-packages/airflow/example_dags/example_setup_teardown.py took 0.052 seconds
[2024-05-08T13:37:47.050+0000] {processor.py:161} INFO - Started process (PID=3614) to work on /home/denys/airflow_venv/lib/python3.12/site-packages/airflow/example_dags/example_setup_teardown.py
[2024-05-08T13:37:47.052+0000] {processor.py:830} INFO - Processing file /home/denys/airflow_venv/lib/python3.12/site-packages/airflow/example_dags/example_setup_teardown.py for tasks to queue
[2024-05-08T13:37:47.053+0000] {logging_mixin.py:188} INFO - [2024-05-08T13:37:47.052+0000] {dagbag.py:545} INFO - Filling up the DagBag from /home/denys/airflow_venv/lib/python3.12/site-packages/airflow/example_dags/example_setup_teardown.py
[2024-05-08T13:37:47.057+0000] {processor.py:840} INFO - DAG(s) 'example_setup_teardown' retrieved from /home/denys/airflow_venv/lib/python3.12/site-packages/airflow/example_dags/example_setup_teardown.py
[2024-05-08T13:37:47.066+0000] {logging_mixin.py:188} INFO - [2024-05-08T13:37:47.066+0000] {dag.py:3096} INFO - Sync 1 DAGs
[2024-05-08T13:37:47.076+0000] {logging_mixin.py:188} INFO - [2024-05-08T13:37:47.076+0000] {dag.py:3954} INFO - Setting next_dagrun for example_setup_teardown to 2024-05-07 00:00:00+00:00, run_after=2024-05-08 00:00:00+00:00
[2024-05-08T13:37:47.093+0000] {processor.py:183} INFO - Processing /home/denys/airflow_venv/lib/python3.12/site-packages/airflow/example_dags/example_setup_teardown.py took 0.046 seconds
[2024-05-08T13:38:34.447+0000] {processor.py:161} INFO - Started process (PID=3663) to work on /home/denys/airflow_venv/lib/python3.12/site-packages/airflow/example_dags/example_setup_teardown.py
[2024-05-08T13:38:34.448+0000] {processor.py:830} INFO - Processing file /home/denys/airflow_venv/lib/python3.12/site-packages/airflow/example_dags/example_setup_teardown.py for tasks to queue
[2024-05-08T13:38:34.449+0000] {logging_mixin.py:188} INFO - [2024-05-08T13:38:34.449+0000] {dagbag.py:545} INFO - Filling up the DagBag from /home/denys/airflow_venv/lib/python3.12/site-packages/airflow/example_dags/example_setup_teardown.py
[2024-05-08T13:38:34.454+0000] {processor.py:840} INFO - DAG(s) 'example_setup_teardown' retrieved from /home/denys/airflow_venv/lib/python3.12/site-packages/airflow/example_dags/example_setup_teardown.py
[2024-05-08T13:38:34.465+0000] {logging_mixin.py:188} INFO - [2024-05-08T13:38:34.465+0000] {dag.py:3096} INFO - Sync 1 DAGs
[2024-05-08T13:38:34.479+0000] {logging_mixin.py:188} INFO - [2024-05-08T13:38:34.479+0000] {dag.py:3954} INFO - Setting next_dagrun for example_setup_teardown to 2024-05-07 00:00:00+00:00, run_after=2024-05-08 00:00:00+00:00
[2024-05-08T13:38:34.574+0000] {processor.py:183} INFO - Processing /home/denys/airflow_venv/lib/python3.12/site-packages/airflow/example_dags/example_setup_teardown.py took 0.131 seconds
[2024-05-08T13:39:15.262+0000] {processor.py:161} INFO - Started process (PID=3707) to work on /home/denys/airflow_venv/lib/python3.12/site-packages/airflow/example_dags/example_setup_teardown.py
[2024-05-08T13:39:15.269+0000] {processor.py:830} INFO - Processing file /home/denys/airflow_venv/lib/python3.12/site-packages/airflow/example_dags/example_setup_teardown.py for tasks to queue
[2024-05-08T13:39:15.270+0000] {logging_mixin.py:188} INFO - [2024-05-08T13:39:15.269+0000] {dagbag.py:545} INFO - Filling up the DagBag from /home/denys/airflow_venv/lib/python3.12/site-packages/airflow/example_dags/example_setup_teardown.py
[2024-05-08T13:39:15.274+0000] {processor.py:840} INFO - DAG(s) 'example_setup_teardown' retrieved from /home/denys/airflow_venv/lib/python3.12/site-packages/airflow/example_dags/example_setup_teardown.py
[2024-05-08T13:39:15.283+0000] {logging_mixin.py:188} INFO - [2024-05-08T13:39:15.283+0000] {dag.py:3096} INFO - Sync 1 DAGs
[2024-05-08T13:39:15.292+0000] {logging_mixin.py:188} INFO - [2024-05-08T13:39:15.292+0000] {dag.py:3954} INFO - Setting next_dagrun for example_setup_teardown to 2024-05-07 00:00:00+00:00, run_after=2024-05-08 00:00:00+00:00
[2024-05-08T13:39:15.311+0000] {processor.py:183} INFO - Processing /home/denys/airflow_venv/lib/python3.12/site-packages/airflow/example_dags/example_setup_teardown.py took 0.053 seconds
[2024-05-08T13:40:01.649+0000] {processor.py:161} INFO - Started process (PID=3750) to work on /home/denys/airflow_venv/lib/python3.12/site-packages/airflow/example_dags/example_setup_teardown.py
[2024-05-08T13:40:01.650+0000] {processor.py:830} INFO - Processing file /home/denys/airflow_venv/lib/python3.12/site-packages/airflow/example_dags/example_setup_teardown.py for tasks to queue
[2024-05-08T13:40:01.651+0000] {logging_mixin.py:188} INFO - [2024-05-08T13:40:01.650+0000] {dagbag.py:545} INFO - Filling up the DagBag from /home/denys/airflow_venv/lib/python3.12/site-packages/airflow/example_dags/example_setup_teardown.py
[2024-05-08T13:40:01.655+0000] {processor.py:840} INFO - DAG(s) 'example_setup_teardown' retrieved from /home/denys/airflow_venv/lib/python3.12/site-packages/airflow/example_dags/example_setup_teardown.py
[2024-05-08T13:40:01.664+0000] {logging_mixin.py:188} INFO - [2024-05-08T13:40:01.664+0000] {dag.py:3096} INFO - Sync 1 DAGs
[2024-05-08T13:40:01.729+0000] {logging_mixin.py:188} INFO - [2024-05-08T13:40:01.729+0000] {dag.py:3954} INFO - Setting next_dagrun for example_setup_teardown to 2024-05-07 00:00:00+00:00, run_after=2024-05-08 00:00:00+00:00
[2024-05-08T13:40:01.752+0000] {processor.py:183} INFO - Processing /home/denys/airflow_venv/lib/python3.12/site-packages/airflow/example_dags/example_setup_teardown.py took 0.106 seconds
[2024-05-08T13:40:49.853+0000] {processor.py:161} INFO - Started process (PID=3799) to work on /home/denys/airflow_venv/lib/python3.12/site-packages/airflow/example_dags/example_setup_teardown.py
[2024-05-08T13:40:49.855+0000] {processor.py:830} INFO - Processing file /home/denys/airflow_venv/lib/python3.12/site-packages/airflow/example_dags/example_setup_teardown.py for tasks to queue
[2024-05-08T13:40:49.856+0000] {logging_mixin.py:188} INFO - [2024-05-08T13:40:49.856+0000] {dagbag.py:545} INFO - Filling up the DagBag from /home/denys/airflow_venv/lib/python3.12/site-packages/airflow/example_dags/example_setup_teardown.py
[2024-05-08T13:40:49.860+0000] {processor.py:840} INFO - DAG(s) 'example_setup_teardown' retrieved from /home/denys/airflow_venv/lib/python3.12/site-packages/airflow/example_dags/example_setup_teardown.py
[2024-05-08T13:40:49.870+0000] {logging_mixin.py:188} INFO - [2024-05-08T13:40:49.870+0000] {dag.py:3096} INFO - Sync 1 DAGs
[2024-05-08T13:40:49.881+0000] {logging_mixin.py:188} INFO - [2024-05-08T13:40:49.881+0000] {dag.py:3954} INFO - Setting next_dagrun for example_setup_teardown to 2024-05-07 00:00:00+00:00, run_after=2024-05-08 00:00:00+00:00
[2024-05-08T13:40:49.900+0000] {processor.py:183} INFO - Processing /home/denys/airflow_venv/lib/python3.12/site-packages/airflow/example_dags/example_setup_teardown.py took 0.051 seconds
[2024-05-08T13:41:38.033+0000] {processor.py:161} INFO - Started process (PID=3847) to work on /home/denys/airflow_venv/lib/python3.12/site-packages/airflow/example_dags/example_setup_teardown.py
[2024-05-08T13:41:38.034+0000] {processor.py:830} INFO - Processing file /home/denys/airflow_venv/lib/python3.12/site-packages/airflow/example_dags/example_setup_teardown.py for tasks to queue
[2024-05-08T13:41:38.035+0000] {logging_mixin.py:188} INFO - [2024-05-08T13:41:38.035+0000] {dagbag.py:545} INFO - Filling up the DagBag from /home/denys/airflow_venv/lib/python3.12/site-packages/airflow/example_dags/example_setup_teardown.py
[2024-05-08T13:41:38.040+0000] {processor.py:840} INFO - DAG(s) 'example_setup_teardown' retrieved from /home/denys/airflow_venv/lib/python3.12/site-packages/airflow/example_dags/example_setup_teardown.py
[2024-05-08T13:41:38.050+0000] {logging_mixin.py:188} INFO - [2024-05-08T13:41:38.050+0000] {dag.py:3096} INFO - Sync 1 DAGs
[2024-05-08T13:41:38.061+0000] {logging_mixin.py:188} INFO - [2024-05-08T13:41:38.061+0000] {dag.py:3954} INFO - Setting next_dagrun for example_setup_teardown to 2024-05-07 00:00:00+00:00, run_after=2024-05-08 00:00:00+00:00
[2024-05-08T13:41:38.083+0000] {processor.py:183} INFO - Processing /home/denys/airflow_venv/lib/python3.12/site-packages/airflow/example_dags/example_setup_teardown.py took 0.054 seconds
[2024-05-08T13:42:21.314+0000] {processor.py:161} INFO - Started process (PID=3891) to work on /home/denys/airflow_venv/lib/python3.12/site-packages/airflow/example_dags/example_setup_teardown.py
[2024-05-08T13:42:21.316+0000] {processor.py:830} INFO - Processing file /home/denys/airflow_venv/lib/python3.12/site-packages/airflow/example_dags/example_setup_teardown.py for tasks to queue
[2024-05-08T13:42:21.317+0000] {logging_mixin.py:188} INFO - [2024-05-08T13:42:21.316+0000] {dagbag.py:545} INFO - Filling up the DagBag from /home/denys/airflow_venv/lib/python3.12/site-packages/airflow/example_dags/example_setup_teardown.py
[2024-05-08T13:42:21.321+0000] {processor.py:840} INFO - DAG(s) 'example_setup_teardown' retrieved from /home/denys/airflow_venv/lib/python3.12/site-packages/airflow/example_dags/example_setup_teardown.py
[2024-05-08T13:42:21.332+0000] {logging_mixin.py:188} INFO - [2024-05-08T13:42:21.332+0000] {dag.py:3096} INFO - Sync 1 DAGs
[2024-05-08T13:42:21.406+0000] {logging_mixin.py:188} INFO - [2024-05-08T13:42:21.406+0000] {dag.py:3954} INFO - Setting next_dagrun for example_setup_teardown to 2024-05-07 00:00:00+00:00, run_after=2024-05-08 00:00:00+00:00
[2024-05-08T13:42:21.429+0000] {processor.py:183} INFO - Processing /home/denys/airflow_venv/lib/python3.12/site-packages/airflow/example_dags/example_setup_teardown.py took 0.119 seconds
[2024-05-08T13:43:07.299+0000] {processor.py:161} INFO - Started process (PID=3936) to work on /home/denys/airflow_venv/lib/python3.12/site-packages/airflow/example_dags/example_setup_teardown.py
[2024-05-08T13:43:07.301+0000] {processor.py:830} INFO - Processing file /home/denys/airflow_venv/lib/python3.12/site-packages/airflow/example_dags/example_setup_teardown.py for tasks to queue
[2024-05-08T13:43:07.302+0000] {logging_mixin.py:188} INFO - [2024-05-08T13:43:07.302+0000] {dagbag.py:545} INFO - Filling up the DagBag from /home/denys/airflow_venv/lib/python3.12/site-packages/airflow/example_dags/example_setup_teardown.py
[2024-05-08T13:43:07.306+0000] {processor.py:840} INFO - DAG(s) 'example_setup_teardown' retrieved from /home/denys/airflow_venv/lib/python3.12/site-packages/airflow/example_dags/example_setup_teardown.py
[2024-05-08T13:43:07.315+0000] {logging_mixin.py:188} INFO - [2024-05-08T13:43:07.315+0000] {dag.py:3096} INFO - Sync 1 DAGs
[2024-05-08T13:43:07.327+0000] {logging_mixin.py:188} INFO - [2024-05-08T13:43:07.327+0000] {dag.py:3954} INFO - Setting next_dagrun for example_setup_teardown to 2024-05-07 00:00:00+00:00, run_after=2024-05-08 00:00:00+00:00
[2024-05-08T13:43:07.348+0000] {processor.py:183} INFO - Processing /home/denys/airflow_venv/lib/python3.12/site-packages/airflow/example_dags/example_setup_teardown.py took 0.052 seconds
