[2024-05-08T13:11:42.612+0000] {processor.py:161} INFO - Started process (PID=1859) to work on /home/denys/airflow_venv/lib/python3.12/site-packages/airflow/example_dags/example_kubernetes_executor.py
[2024-05-08T13:11:42.613+0000] {processor.py:830} INFO - Processing file /home/denys/airflow_venv/lib/python3.12/site-packages/airflow/example_dags/example_kubernetes_executor.py for tasks to queue
[2024-05-08T13:11:42.614+0000] {logging_mixin.py:188} INFO - [2024-05-08T13:11:42.614+0000] {dagbag.py:545} INFO - Filling up the DagBag from /home/denys/airflow_venv/lib/python3.12/site-packages/airflow/example_dags/example_kubernetes_executor.py
[2024-05-08T13:11:42.615+0000] {logging_mixin.py:188} INFO - [2024-05-08T13:11:42.615+0000] {example_kubernetes_executor.py:39} WARNING - The example_kubernetes_executor example DAG requires the kubernetes provider. Please install it with: pip install apache-airflow[cncf.kubernetes]
[2024-05-08T13:11:42.615+0000] {processor.py:842} WARNING - No viable dags retrieved from /home/denys/airflow_venv/lib/python3.12/site-packages/airflow/example_dags/example_kubernetes_executor.py
[2024-05-08T13:11:42.622+0000] {processor.py:183} INFO - Processing /home/denys/airflow_venv/lib/python3.12/site-packages/airflow/example_dags/example_kubernetes_executor.py took 0.013 seconds
[2024-05-08T13:12:36.411+0000] {processor.py:161} INFO - Started process (PID=1912) to work on /home/denys/airflow_venv/lib/python3.12/site-packages/airflow/example_dags/example_kubernetes_executor.py
[2024-05-08T13:12:36.413+0000] {processor.py:830} INFO - Processing file /home/denys/airflow_venv/lib/python3.12/site-packages/airflow/example_dags/example_kubernetes_executor.py for tasks to queue
[2024-05-08T13:12:36.414+0000] {logging_mixin.py:188} INFO - [2024-05-08T13:12:36.414+0000] {dagbag.py:545} INFO - Filling up the DagBag from /home/denys/airflow_venv/lib/python3.12/site-packages/airflow/example_dags/example_kubernetes_executor.py
[2024-05-08T13:12:36.416+0000] {logging_mixin.py:188} INFO - [2024-05-08T13:12:36.416+0000] {example_kubernetes_executor.py:39} WARNING - The example_kubernetes_executor example DAG requires the kubernetes provider. Please install it with: pip install apache-airflow[cncf.kubernetes]
[2024-05-08T13:12:36.416+0000] {processor.py:842} WARNING - No viable dags retrieved from /home/denys/airflow_venv/lib/python3.12/site-packages/airflow/example_dags/example_kubernetes_executor.py
[2024-05-08T13:12:36.422+0000] {processor.py:183} INFO - Processing /home/denys/airflow_venv/lib/python3.12/site-packages/airflow/example_dags/example_kubernetes_executor.py took 0.014 seconds
[2024-05-08T13:13:21.667+0000] {processor.py:161} INFO - Started process (PID=1961) to work on /home/denys/airflow_venv/lib/python3.12/site-packages/airflow/example_dags/example_kubernetes_executor.py
[2024-05-08T13:13:21.668+0000] {processor.py:830} INFO - Processing file /home/denys/airflow_venv/lib/python3.12/site-packages/airflow/example_dags/example_kubernetes_executor.py for tasks to queue
[2024-05-08T13:13:21.669+0000] {logging_mixin.py:188} INFO - [2024-05-08T13:13:21.669+0000] {dagbag.py:545} INFO - Filling up the DagBag from /home/denys/airflow_venv/lib/python3.12/site-packages/airflow/example_dags/example_kubernetes_executor.py
[2024-05-08T13:13:21.671+0000] {logging_mixin.py:188} INFO - [2024-05-08T13:13:21.671+0000] {example_kubernetes_executor.py:39} WARNING - The example_kubernetes_executor example DAG requires the kubernetes provider. Please install it with: pip install apache-airflow[cncf.kubernetes]
[2024-05-08T13:13:21.671+0000] {processor.py:842} WARNING - No viable dags retrieved from /home/denys/airflow_venv/lib/python3.12/site-packages/airflow/example_dags/example_kubernetes_executor.py
[2024-05-08T13:13:21.677+0000] {processor.py:183} INFO - Processing /home/denys/airflow_venv/lib/python3.12/site-packages/airflow/example_dags/example_kubernetes_executor.py took 0.014 seconds
[2024-05-08T13:14:04.004+0000] {processor.py:161} INFO - Started process (PID=2006) to work on /home/denys/airflow_venv/lib/python3.12/site-packages/airflow/example_dags/example_kubernetes_executor.py
[2024-05-08T13:14:04.005+0000] {processor.py:830} INFO - Processing file /home/denys/airflow_venv/lib/python3.12/site-packages/airflow/example_dags/example_kubernetes_executor.py for tasks to queue
[2024-05-08T13:14:04.006+0000] {logging_mixin.py:188} INFO - [2024-05-08T13:14:04.006+0000] {dagbag.py:545} INFO - Filling up the DagBag from /home/denys/airflow_venv/lib/python3.12/site-packages/airflow/example_dags/example_kubernetes_executor.py
[2024-05-08T13:14:04.007+0000] {logging_mixin.py:188} INFO - [2024-05-08T13:14:04.007+0000] {example_kubernetes_executor.py:39} WARNING - The example_kubernetes_executor example DAG requires the kubernetes provider. Please install it with: pip install apache-airflow[cncf.kubernetes]
[2024-05-08T13:14:04.008+0000] {processor.py:842} WARNING - No viable dags retrieved from /home/denys/airflow_venv/lib/python3.12/site-packages/airflow/example_dags/example_kubernetes_executor.py
[2024-05-08T13:14:04.015+0000] {processor.py:183} INFO - Processing /home/denys/airflow_venv/lib/python3.12/site-packages/airflow/example_dags/example_kubernetes_executor.py took 0.014 seconds
[2024-05-08T13:14:46.978+0000] {processor.py:161} INFO - Started process (PID=2049) to work on /home/denys/airflow_venv/lib/python3.12/site-packages/airflow/example_dags/example_kubernetes_executor.py
[2024-05-08T13:14:46.979+0000] {processor.py:830} INFO - Processing file /home/denys/airflow_venv/lib/python3.12/site-packages/airflow/example_dags/example_kubernetes_executor.py for tasks to queue
[2024-05-08T13:14:46.981+0000] {logging_mixin.py:188} INFO - [2024-05-08T13:14:46.980+0000] {dagbag.py:545} INFO - Filling up the DagBag from /home/denys/airflow_venv/lib/python3.12/site-packages/airflow/example_dags/example_kubernetes_executor.py
[2024-05-08T13:14:46.982+0000] {logging_mixin.py:188} INFO - [2024-05-08T13:14:46.982+0000] {example_kubernetes_executor.py:39} WARNING - The example_kubernetes_executor example DAG requires the kubernetes provider. Please install it with: pip install apache-airflow[cncf.kubernetes]
[2024-05-08T13:14:46.983+0000] {processor.py:842} WARNING - No viable dags retrieved from /home/denys/airflow_venv/lib/python3.12/site-packages/airflow/example_dags/example_kubernetes_executor.py
[2024-05-08T13:14:46.990+0000] {processor.py:183} INFO - Processing /home/denys/airflow_venv/lib/python3.12/site-packages/airflow/example_dags/example_kubernetes_executor.py took 0.015 seconds
[2024-05-08T13:15:29.970+0000] {processor.py:161} INFO - Started process (PID=2095) to work on /home/denys/airflow_venv/lib/python3.12/site-packages/airflow/example_dags/example_kubernetes_executor.py
[2024-05-08T13:15:29.972+0000] {processor.py:830} INFO - Processing file /home/denys/airflow_venv/lib/python3.12/site-packages/airflow/example_dags/example_kubernetes_executor.py for tasks to queue
[2024-05-08T13:15:29.973+0000] {logging_mixin.py:188} INFO - [2024-05-08T13:15:29.973+0000] {dagbag.py:545} INFO - Filling up the DagBag from /home/denys/airflow_venv/lib/python3.12/site-packages/airflow/example_dags/example_kubernetes_executor.py
[2024-05-08T13:15:29.974+0000] {logging_mixin.py:188} INFO - [2024-05-08T13:15:29.974+0000] {example_kubernetes_executor.py:39} WARNING - The example_kubernetes_executor example DAG requires the kubernetes provider. Please install it with: pip install apache-airflow[cncf.kubernetes]
[2024-05-08T13:15:29.974+0000] {processor.py:842} WARNING - No viable dags retrieved from /home/denys/airflow_venv/lib/python3.12/site-packages/airflow/example_dags/example_kubernetes_executor.py
[2024-05-08T13:15:29.981+0000] {processor.py:183} INFO - Processing /home/denys/airflow_venv/lib/python3.12/site-packages/airflow/example_dags/example_kubernetes_executor.py took 0.014 seconds
[2024-05-08T13:16:11.050+0000] {processor.py:161} INFO - Started process (PID=2139) to work on /home/denys/airflow_venv/lib/python3.12/site-packages/airflow/example_dags/example_kubernetes_executor.py
[2024-05-08T13:16:11.051+0000] {processor.py:830} INFO - Processing file /home/denys/airflow_venv/lib/python3.12/site-packages/airflow/example_dags/example_kubernetes_executor.py for tasks to queue
[2024-05-08T13:16:11.052+0000] {logging_mixin.py:188} INFO - [2024-05-08T13:16:11.052+0000] {dagbag.py:545} INFO - Filling up the DagBag from /home/denys/airflow_venv/lib/python3.12/site-packages/airflow/example_dags/example_kubernetes_executor.py
[2024-05-08T13:16:11.054+0000] {logging_mixin.py:188} INFO - [2024-05-08T13:16:11.054+0000] {example_kubernetes_executor.py:39} WARNING - The example_kubernetes_executor example DAG requires the kubernetes provider. Please install it with: pip install apache-airflow[cncf.kubernetes]
[2024-05-08T13:16:11.054+0000] {processor.py:842} WARNING - No viable dags retrieved from /home/denys/airflow_venv/lib/python3.12/site-packages/airflow/example_dags/example_kubernetes_executor.py
[2024-05-08T13:16:11.060+0000] {processor.py:183} INFO - Processing /home/denys/airflow_venv/lib/python3.12/site-packages/airflow/example_dags/example_kubernetes_executor.py took 0.014 seconds
[2024-05-08T13:16:52.978+0000] {processor.py:161} INFO - Started process (PID=2181) to work on /home/denys/airflow_venv/lib/python3.12/site-packages/airflow/example_dags/example_kubernetes_executor.py
[2024-05-08T13:16:52.979+0000] {processor.py:830} INFO - Processing file /home/denys/airflow_venv/lib/python3.12/site-packages/airflow/example_dags/example_kubernetes_executor.py for tasks to queue
[2024-05-08T13:16:52.980+0000] {logging_mixin.py:188} INFO - [2024-05-08T13:16:52.980+0000] {dagbag.py:545} INFO - Filling up the DagBag from /home/denys/airflow_venv/lib/python3.12/site-packages/airflow/example_dags/example_kubernetes_executor.py
[2024-05-08T13:16:52.982+0000] {logging_mixin.py:188} INFO - [2024-05-08T13:16:52.982+0000] {example_kubernetes_executor.py:39} WARNING - The example_kubernetes_executor example DAG requires the kubernetes provider. Please install it with: pip install apache-airflow[cncf.kubernetes]
[2024-05-08T13:16:52.982+0000] {processor.py:842} WARNING - No viable dags retrieved from /home/denys/airflow_venv/lib/python3.12/site-packages/airflow/example_dags/example_kubernetes_executor.py
[2024-05-08T13:16:52.989+0000] {processor.py:183} INFO - Processing /home/denys/airflow_venv/lib/python3.12/site-packages/airflow/example_dags/example_kubernetes_executor.py took 0.015 seconds
[2024-05-08T13:17:35.980+0000] {processor.py:161} INFO - Started process (PID=2230) to work on /home/denys/airflow_venv/lib/python3.12/site-packages/airflow/example_dags/example_kubernetes_executor.py
[2024-05-08T13:17:35.981+0000] {processor.py:830} INFO - Processing file /home/denys/airflow_venv/lib/python3.12/site-packages/airflow/example_dags/example_kubernetes_executor.py for tasks to queue
[2024-05-08T13:17:35.982+0000] {logging_mixin.py:188} INFO - [2024-05-08T13:17:35.982+0000] {dagbag.py:545} INFO - Filling up the DagBag from /home/denys/airflow_venv/lib/python3.12/site-packages/airflow/example_dags/example_kubernetes_executor.py
[2024-05-08T13:17:35.984+0000] {logging_mixin.py:188} INFO - [2024-05-08T13:17:35.984+0000] {example_kubernetes_executor.py:39} WARNING - The example_kubernetes_executor example DAG requires the kubernetes provider. Please install it with: pip install apache-airflow[cncf.kubernetes]
[2024-05-08T13:17:35.984+0000] {processor.py:842} WARNING - No viable dags retrieved from /home/denys/airflow_venv/lib/python3.12/site-packages/airflow/example_dags/example_kubernetes_executor.py
[2024-05-08T13:17:35.990+0000] {processor.py:183} INFO - Processing /home/denys/airflow_venv/lib/python3.12/site-packages/airflow/example_dags/example_kubernetes_executor.py took 0.015 seconds
[2024-05-08T13:18:21.102+0000] {processor.py:161} INFO - Started process (PID=2275) to work on /home/denys/airflow_venv/lib/python3.12/site-packages/airflow/example_dags/example_kubernetes_executor.py
[2024-05-08T13:18:21.104+0000] {processor.py:830} INFO - Processing file /home/denys/airflow_venv/lib/python3.12/site-packages/airflow/example_dags/example_kubernetes_executor.py for tasks to queue
[2024-05-08T13:18:21.105+0000] {logging_mixin.py:188} INFO - [2024-05-08T13:18:21.104+0000] {dagbag.py:545} INFO - Filling up the DagBag from /home/denys/airflow_venv/lib/python3.12/site-packages/airflow/example_dags/example_kubernetes_executor.py
[2024-05-08T13:18:21.106+0000] {logging_mixin.py:188} INFO - [2024-05-08T13:18:21.106+0000] {example_kubernetes_executor.py:39} WARNING - The example_kubernetes_executor example DAG requires the kubernetes provider. Please install it with: pip install apache-airflow[cncf.kubernetes]
[2024-05-08T13:18:21.106+0000] {processor.py:842} WARNING - No viable dags retrieved from /home/denys/airflow_venv/lib/python3.12/site-packages/airflow/example_dags/example_kubernetes_executor.py
[2024-05-08T13:18:21.113+0000] {processor.py:183} INFO - Processing /home/denys/airflow_venv/lib/python3.12/site-packages/airflow/example_dags/example_kubernetes_executor.py took 0.014 seconds
[2024-05-08T13:19:13.363+0000] {processor.py:161} INFO - Started process (PID=2315) to work on /home/denys/airflow_venv/lib/python3.12/site-packages/airflow/example_dags/example_kubernetes_executor.py
[2024-05-08T13:19:13.365+0000] {processor.py:830} INFO - Processing file /home/denys/airflow_venv/lib/python3.12/site-packages/airflow/example_dags/example_kubernetes_executor.py for tasks to queue
[2024-05-08T13:19:13.366+0000] {logging_mixin.py:188} INFO - [2024-05-08T13:19:13.366+0000] {dagbag.py:545} INFO - Filling up the DagBag from /home/denys/airflow_venv/lib/python3.12/site-packages/airflow/example_dags/example_kubernetes_executor.py
[2024-05-08T13:19:13.367+0000] {logging_mixin.py:188} INFO - [2024-05-08T13:19:13.367+0000] {example_kubernetes_executor.py:39} WARNING - The example_kubernetes_executor example DAG requires the kubernetes provider. Please install it with: pip install apache-airflow[cncf.kubernetes]
[2024-05-08T13:19:13.368+0000] {processor.py:842} WARNING - No viable dags retrieved from /home/denys/airflow_venv/lib/python3.12/site-packages/airflow/example_dags/example_kubernetes_executor.py
[2024-05-08T13:19:13.374+0000] {processor.py:183} INFO - Processing /home/denys/airflow_venv/lib/python3.12/site-packages/airflow/example_dags/example_kubernetes_executor.py took 0.014 seconds
[2024-05-08T13:20:04.930+0000] {processor.py:161} INFO - Started process (PID=2369) to work on /home/denys/airflow_venv/lib/python3.12/site-packages/airflow/example_dags/example_kubernetes_executor.py
[2024-05-08T13:20:04.932+0000] {processor.py:830} INFO - Processing file /home/denys/airflow_venv/lib/python3.12/site-packages/airflow/example_dags/example_kubernetes_executor.py for tasks to queue
[2024-05-08T13:20:04.933+0000] {logging_mixin.py:188} INFO - [2024-05-08T13:20:04.933+0000] {dagbag.py:545} INFO - Filling up the DagBag from /home/denys/airflow_venv/lib/python3.12/site-packages/airflow/example_dags/example_kubernetes_executor.py
[2024-05-08T13:20:04.935+0000] {logging_mixin.py:188} INFO - [2024-05-08T13:20:04.935+0000] {example_kubernetes_executor.py:39} WARNING - The example_kubernetes_executor example DAG requires the kubernetes provider. Please install it with: pip install apache-airflow[cncf.kubernetes]
[2024-05-08T13:20:04.935+0000] {processor.py:842} WARNING - No viable dags retrieved from /home/denys/airflow_venv/lib/python3.12/site-packages/airflow/example_dags/example_kubernetes_executor.py
[2024-05-08T13:20:04.941+0000] {processor.py:183} INFO - Processing /home/denys/airflow_venv/lib/python3.12/site-packages/airflow/example_dags/example_kubernetes_executor.py took 0.014 seconds
[2024-05-08T13:20:45.400+0000] {processor.py:161} INFO - Started process (PID=2414) to work on /home/denys/airflow_venv/lib/python3.12/site-packages/airflow/example_dags/example_kubernetes_executor.py
[2024-05-08T13:20:45.401+0000] {processor.py:830} INFO - Processing file /home/denys/airflow_venv/lib/python3.12/site-packages/airflow/example_dags/example_kubernetes_executor.py for tasks to queue
[2024-05-08T13:20:45.402+0000] {logging_mixin.py:188} INFO - [2024-05-08T13:20:45.401+0000] {dagbag.py:545} INFO - Filling up the DagBag from /home/denys/airflow_venv/lib/python3.12/site-packages/airflow/example_dags/example_kubernetes_executor.py
[2024-05-08T13:20:45.404+0000] {logging_mixin.py:188} INFO - [2024-05-08T13:20:45.404+0000] {example_kubernetes_executor.py:39} WARNING - The example_kubernetes_executor example DAG requires the kubernetes provider. Please install it with: pip install apache-airflow[cncf.kubernetes]
[2024-05-08T13:20:45.404+0000] {processor.py:842} WARNING - No viable dags retrieved from /home/denys/airflow_venv/lib/python3.12/site-packages/airflow/example_dags/example_kubernetes_executor.py
[2024-05-08T13:20:45.410+0000] {processor.py:183} INFO - Processing /home/denys/airflow_venv/lib/python3.12/site-packages/airflow/example_dags/example_kubernetes_executor.py took 0.014 seconds
[2024-05-08T13:21:27.889+0000] {processor.py:161} INFO - Started process (PID=2457) to work on /home/denys/airflow_venv/lib/python3.12/site-packages/airflow/example_dags/example_kubernetes_executor.py
[2024-05-08T13:21:27.891+0000] {processor.py:830} INFO - Processing file /home/denys/airflow_venv/lib/python3.12/site-packages/airflow/example_dags/example_kubernetes_executor.py for tasks to queue
[2024-05-08T13:21:27.892+0000] {logging_mixin.py:188} INFO - [2024-05-08T13:21:27.891+0000] {dagbag.py:545} INFO - Filling up the DagBag from /home/denys/airflow_venv/lib/python3.12/site-packages/airflow/example_dags/example_kubernetes_executor.py
[2024-05-08T13:21:27.893+0000] {logging_mixin.py:188} INFO - [2024-05-08T13:21:27.893+0000] {example_kubernetes_executor.py:39} WARNING - The example_kubernetes_executor example DAG requires the kubernetes provider. Please install it with: pip install apache-airflow[cncf.kubernetes]
[2024-05-08T13:21:27.893+0000] {processor.py:842} WARNING - No viable dags retrieved from /home/denys/airflow_venv/lib/python3.12/site-packages/airflow/example_dags/example_kubernetes_executor.py
[2024-05-08T13:21:27.901+0000] {processor.py:183} INFO - Processing /home/denys/airflow_venv/lib/python3.12/site-packages/airflow/example_dags/example_kubernetes_executor.py took 0.015 seconds
[2024-05-08T13:22:11.962+0000] {processor.py:161} INFO - Started process (PID=2502) to work on /home/denys/airflow_venv/lib/python3.12/site-packages/airflow/example_dags/example_kubernetes_executor.py
[2024-05-08T13:22:11.964+0000] {processor.py:830} INFO - Processing file /home/denys/airflow_venv/lib/python3.12/site-packages/airflow/example_dags/example_kubernetes_executor.py for tasks to queue
[2024-05-08T13:22:11.965+0000] {logging_mixin.py:188} INFO - [2024-05-08T13:22:11.964+0000] {dagbag.py:545} INFO - Filling up the DagBag from /home/denys/airflow_venv/lib/python3.12/site-packages/airflow/example_dags/example_kubernetes_executor.py
[2024-05-08T13:22:11.966+0000] {logging_mixin.py:188} INFO - [2024-05-08T13:22:11.966+0000] {example_kubernetes_executor.py:39} WARNING - The example_kubernetes_executor example DAG requires the kubernetes provider. Please install it with: pip install apache-airflow[cncf.kubernetes]
[2024-05-08T13:22:11.966+0000] {processor.py:842} WARNING - No viable dags retrieved from /home/denys/airflow_venv/lib/python3.12/site-packages/airflow/example_dags/example_kubernetes_executor.py
[2024-05-08T13:22:11.973+0000] {processor.py:183} INFO - Processing /home/denys/airflow_venv/lib/python3.12/site-packages/airflow/example_dags/example_kubernetes_executor.py took 0.014 seconds
[2024-05-08T13:22:54.461+0000] {processor.py:161} INFO - Started process (PID=2546) to work on /home/denys/airflow_venv/lib/python3.12/site-packages/airflow/example_dags/example_kubernetes_executor.py
[2024-05-08T13:22:54.462+0000] {processor.py:830} INFO - Processing file /home/denys/airflow_venv/lib/python3.12/site-packages/airflow/example_dags/example_kubernetes_executor.py for tasks to queue
[2024-05-08T13:22:54.463+0000] {logging_mixin.py:188} INFO - [2024-05-08T13:22:54.463+0000] {dagbag.py:545} INFO - Filling up the DagBag from /home/denys/airflow_venv/lib/python3.12/site-packages/airflow/example_dags/example_kubernetes_executor.py
[2024-05-08T13:22:54.465+0000] {logging_mixin.py:188} INFO - [2024-05-08T13:22:54.464+0000] {example_kubernetes_executor.py:39} WARNING - The example_kubernetes_executor example DAG requires the kubernetes provider. Please install it with: pip install apache-airflow[cncf.kubernetes]
[2024-05-08T13:22:54.465+0000] {processor.py:842} WARNING - No viable dags retrieved from /home/denys/airflow_venv/lib/python3.12/site-packages/airflow/example_dags/example_kubernetes_executor.py
[2024-05-08T13:22:54.471+0000] {processor.py:183} INFO - Processing /home/denys/airflow_venv/lib/python3.12/site-packages/airflow/example_dags/example_kubernetes_executor.py took 0.014 seconds
[2024-05-08T13:23:35.638+0000] {processor.py:161} INFO - Started process (PID=2595) to work on /home/denys/airflow_venv/lib/python3.12/site-packages/airflow/example_dags/example_kubernetes_executor.py
[2024-05-08T13:23:35.639+0000] {processor.py:830} INFO - Processing file /home/denys/airflow_venv/lib/python3.12/site-packages/airflow/example_dags/example_kubernetes_executor.py for tasks to queue
[2024-05-08T13:23:35.640+0000] {logging_mixin.py:188} INFO - [2024-05-08T13:23:35.640+0000] {dagbag.py:545} INFO - Filling up the DagBag from /home/denys/airflow_venv/lib/python3.12/site-packages/airflow/example_dags/example_kubernetes_executor.py
[2024-05-08T13:23:35.642+0000] {logging_mixin.py:188} INFO - [2024-05-08T13:23:35.642+0000] {example_kubernetes_executor.py:39} WARNING - The example_kubernetes_executor example DAG requires the kubernetes provider. Please install it with: pip install apache-airflow[cncf.kubernetes]
[2024-05-08T13:23:35.642+0000] {processor.py:842} WARNING - No viable dags retrieved from /home/denys/airflow_venv/lib/python3.12/site-packages/airflow/example_dags/example_kubernetes_executor.py
[2024-05-08T13:23:35.648+0000] {processor.py:183} INFO - Processing /home/denys/airflow_venv/lib/python3.12/site-packages/airflow/example_dags/example_kubernetes_executor.py took 0.013 seconds
[2024-05-08T13:24:15.163+0000] {processor.py:161} INFO - Started process (PID=2704) to work on /home/denys/airflow_venv/lib/python3.12/site-packages/airflow/example_dags/example_kubernetes_executor.py
[2024-05-08T13:24:15.164+0000] {processor.py:830} INFO - Processing file /home/denys/airflow_venv/lib/python3.12/site-packages/airflow/example_dags/example_kubernetes_executor.py for tasks to queue
[2024-05-08T13:24:15.165+0000] {logging_mixin.py:188} INFO - [2024-05-08T13:24:15.165+0000] {dagbag.py:545} INFO - Filling up the DagBag from /home/denys/airflow_venv/lib/python3.12/site-packages/airflow/example_dags/example_kubernetes_executor.py
[2024-05-08T13:24:15.167+0000] {logging_mixin.py:188} INFO - [2024-05-08T13:24:15.166+0000] {example_kubernetes_executor.py:39} WARNING - The example_kubernetes_executor example DAG requires the kubernetes provider. Please install it with: pip install apache-airflow[cncf.kubernetes]
[2024-05-08T13:24:15.167+0000] {processor.py:842} WARNING - No viable dags retrieved from /home/denys/airflow_venv/lib/python3.12/site-packages/airflow/example_dags/example_kubernetes_executor.py
[2024-05-08T13:24:15.173+0000] {processor.py:183} INFO - Processing /home/denys/airflow_venv/lib/python3.12/site-packages/airflow/example_dags/example_kubernetes_executor.py took 0.014 seconds
[2024-05-08T13:24:53.074+0000] {processor.py:161} INFO - Started process (PID=2744) to work on /home/denys/airflow_venv/lib/python3.12/site-packages/airflow/example_dags/example_kubernetes_executor.py
[2024-05-08T13:24:53.076+0000] {processor.py:830} INFO - Processing file /home/denys/airflow_venv/lib/python3.12/site-packages/airflow/example_dags/example_kubernetes_executor.py for tasks to queue
[2024-05-08T13:24:53.077+0000] {logging_mixin.py:188} INFO - [2024-05-08T13:24:53.076+0000] {dagbag.py:545} INFO - Filling up the DagBag from /home/denys/airflow_venv/lib/python3.12/site-packages/airflow/example_dags/example_kubernetes_executor.py
[2024-05-08T13:24:53.078+0000] {logging_mixin.py:188} INFO - [2024-05-08T13:24:53.078+0000] {example_kubernetes_executor.py:39} WARNING - The example_kubernetes_executor example DAG requires the kubernetes provider. Please install it with: pip install apache-airflow[cncf.kubernetes]
[2024-05-08T13:24:53.078+0000] {processor.py:842} WARNING - No viable dags retrieved from /home/denys/airflow_venv/lib/python3.12/site-packages/airflow/example_dags/example_kubernetes_executor.py
[2024-05-08T13:24:53.086+0000] {processor.py:183} INFO - Processing /home/denys/airflow_venv/lib/python3.12/site-packages/airflow/example_dags/example_kubernetes_executor.py took 0.015 seconds
[2024-05-08T13:25:33.184+0000] {processor.py:161} INFO - Started process (PID=2792) to work on /home/denys/airflow_venv/lib/python3.12/site-packages/airflow/example_dags/example_kubernetes_executor.py
[2024-05-08T13:25:33.185+0000] {processor.py:830} INFO - Processing file /home/denys/airflow_venv/lib/python3.12/site-packages/airflow/example_dags/example_kubernetes_executor.py for tasks to queue
[2024-05-08T13:25:33.186+0000] {logging_mixin.py:188} INFO - [2024-05-08T13:25:33.186+0000] {dagbag.py:545} INFO - Filling up the DagBag from /home/denys/airflow_venv/lib/python3.12/site-packages/airflow/example_dags/example_kubernetes_executor.py
[2024-05-08T13:25:33.188+0000] {logging_mixin.py:188} INFO - [2024-05-08T13:25:33.188+0000] {example_kubernetes_executor.py:39} WARNING - The example_kubernetes_executor example DAG requires the kubernetes provider. Please install it with: pip install apache-airflow[cncf.kubernetes]
[2024-05-08T13:25:33.188+0000] {processor.py:842} WARNING - No viable dags retrieved from /home/denys/airflow_venv/lib/python3.12/site-packages/airflow/example_dags/example_kubernetes_executor.py
[2024-05-08T13:25:33.194+0000] {processor.py:183} INFO - Processing /home/denys/airflow_venv/lib/python3.12/site-packages/airflow/example_dags/example_kubernetes_executor.py took 0.013 seconds
[2024-05-08T13:26:14.776+0000] {processor.py:161} INFO - Started process (PID=2835) to work on /home/denys/airflow_venv/lib/python3.12/site-packages/airflow/example_dags/example_kubernetes_executor.py
[2024-05-08T13:26:14.778+0000] {processor.py:830} INFO - Processing file /home/denys/airflow_venv/lib/python3.12/site-packages/airflow/example_dags/example_kubernetes_executor.py for tasks to queue
[2024-05-08T13:26:14.779+0000] {logging_mixin.py:188} INFO - [2024-05-08T13:26:14.779+0000] {dagbag.py:545} INFO - Filling up the DagBag from /home/denys/airflow_venv/lib/python3.12/site-packages/airflow/example_dags/example_kubernetes_executor.py
[2024-05-08T13:26:14.781+0000] {logging_mixin.py:188} INFO - [2024-05-08T13:26:14.780+0000] {example_kubernetes_executor.py:39} WARNING - The example_kubernetes_executor example DAG requires the kubernetes provider. Please install it with: pip install apache-airflow[cncf.kubernetes]
[2024-05-08T13:26:14.781+0000] {processor.py:842} WARNING - No viable dags retrieved from /home/denys/airflow_venv/lib/python3.12/site-packages/airflow/example_dags/example_kubernetes_executor.py
[2024-05-08T13:26:14.787+0000] {processor.py:183} INFO - Processing /home/denys/airflow_venv/lib/python3.12/site-packages/airflow/example_dags/example_kubernetes_executor.py took 0.014 seconds
[2024-05-08T13:26:57.824+0000] {processor.py:161} INFO - Started process (PID=2878) to work on /home/denys/airflow_venv/lib/python3.12/site-packages/airflow/example_dags/example_kubernetes_executor.py
[2024-05-08T13:26:57.825+0000] {processor.py:830} INFO - Processing file /home/denys/airflow_venv/lib/python3.12/site-packages/airflow/example_dags/example_kubernetes_executor.py for tasks to queue
[2024-05-08T13:26:57.826+0000] {logging_mixin.py:188} INFO - [2024-05-08T13:26:57.826+0000] {dagbag.py:545} INFO - Filling up the DagBag from /home/denys/airflow_venv/lib/python3.12/site-packages/airflow/example_dags/example_kubernetes_executor.py
[2024-05-08T13:26:57.827+0000] {logging_mixin.py:188} INFO - [2024-05-08T13:26:57.827+0000] {example_kubernetes_executor.py:39} WARNING - The example_kubernetes_executor example DAG requires the kubernetes provider. Please install it with: pip install apache-airflow[cncf.kubernetes]
[2024-05-08T13:26:57.827+0000] {processor.py:842} WARNING - No viable dags retrieved from /home/denys/airflow_venv/lib/python3.12/site-packages/airflow/example_dags/example_kubernetes_executor.py
[2024-05-08T13:26:57.833+0000] {processor.py:183} INFO - Processing /home/denys/airflow_venv/lib/python3.12/site-packages/airflow/example_dags/example_kubernetes_executor.py took 0.013 seconds
[2024-05-08T13:27:42.134+0000] {processor.py:161} INFO - Started process (PID=2923) to work on /home/denys/airflow_venv/lib/python3.12/site-packages/airflow/example_dags/example_kubernetes_executor.py
[2024-05-08T13:27:42.136+0000] {processor.py:830} INFO - Processing file /home/denys/airflow_venv/lib/python3.12/site-packages/airflow/example_dags/example_kubernetes_executor.py for tasks to queue
[2024-05-08T13:27:42.137+0000] {logging_mixin.py:188} INFO - [2024-05-08T13:27:42.137+0000] {dagbag.py:545} INFO - Filling up the DagBag from /home/denys/airflow_venv/lib/python3.12/site-packages/airflow/example_dags/example_kubernetes_executor.py
[2024-05-08T13:27:42.139+0000] {logging_mixin.py:188} INFO - [2024-05-08T13:27:42.139+0000] {example_kubernetes_executor.py:39} WARNING - The example_kubernetes_executor example DAG requires the kubernetes provider. Please install it with: pip install apache-airflow[cncf.kubernetes]
[2024-05-08T13:27:42.139+0000] {processor.py:842} WARNING - No viable dags retrieved from /home/denys/airflow_venv/lib/python3.12/site-packages/airflow/example_dags/example_kubernetes_executor.py
[2024-05-08T13:27:42.145+0000] {processor.py:183} INFO - Processing /home/denys/airflow_venv/lib/python3.12/site-packages/airflow/example_dags/example_kubernetes_executor.py took 0.015 seconds
[2024-05-08T13:28:25.664+0000] {processor.py:161} INFO - Started process (PID=2969) to work on /home/denys/airflow_venv/lib/python3.12/site-packages/airflow/example_dags/example_kubernetes_executor.py
[2024-05-08T13:28:25.666+0000] {processor.py:830} INFO - Processing file /home/denys/airflow_venv/lib/python3.12/site-packages/airflow/example_dags/example_kubernetes_executor.py for tasks to queue
[2024-05-08T13:28:25.667+0000] {logging_mixin.py:188} INFO - [2024-05-08T13:28:25.666+0000] {dagbag.py:545} INFO - Filling up the DagBag from /home/denys/airflow_venv/lib/python3.12/site-packages/airflow/example_dags/example_kubernetes_executor.py
[2024-05-08T13:28:25.668+0000] {logging_mixin.py:188} INFO - [2024-05-08T13:28:25.668+0000] {example_kubernetes_executor.py:39} WARNING - The example_kubernetes_executor example DAG requires the kubernetes provider. Please install it with: pip install apache-airflow[cncf.kubernetes]
[2024-05-08T13:28:25.668+0000] {processor.py:842} WARNING - No viable dags retrieved from /home/denys/airflow_venv/lib/python3.12/site-packages/airflow/example_dags/example_kubernetes_executor.py
[2024-05-08T13:28:25.676+0000] {processor.py:183} INFO - Processing /home/denys/airflow_venv/lib/python3.12/site-packages/airflow/example_dags/example_kubernetes_executor.py took 0.016 seconds
[2024-05-08T13:29:06.681+0000] {processor.py:161} INFO - Started process (PID=3067) to work on /home/denys/airflow_venv/lib/python3.12/site-packages/airflow/example_dags/example_kubernetes_executor.py
[2024-05-08T13:29:06.683+0000] {processor.py:830} INFO - Processing file /home/denys/airflow_venv/lib/python3.12/site-packages/airflow/example_dags/example_kubernetes_executor.py for tasks to queue
[2024-05-08T13:29:06.684+0000] {logging_mixin.py:188} INFO - [2024-05-08T13:29:06.684+0000] {dagbag.py:545} INFO - Filling up the DagBag from /home/denys/airflow_venv/lib/python3.12/site-packages/airflow/example_dags/example_kubernetes_executor.py
[2024-05-08T13:29:06.688+0000] {logging_mixin.py:188} INFO - [2024-05-08T13:29:06.688+0000] {example_kubernetes_executor.py:39} WARNING - The example_kubernetes_executor example DAG requires the kubernetes provider. Please install it with: pip install apache-airflow[cncf.kubernetes]
[2024-05-08T13:29:06.688+0000] {processor.py:842} WARNING - No viable dags retrieved from /home/denys/airflow_venv/lib/python3.12/site-packages/airflow/example_dags/example_kubernetes_executor.py
[2024-05-08T13:29:06.695+0000] {processor.py:183} INFO - Processing /home/denys/airflow_venv/lib/python3.12/site-packages/airflow/example_dags/example_kubernetes_executor.py took 0.017 seconds
[2024-05-08T13:29:45.517+0000] {processor.py:161} INFO - Started process (PID=3109) to work on /home/denys/airflow_venv/lib/python3.12/site-packages/airflow/example_dags/example_kubernetes_executor.py
[2024-05-08T13:29:45.519+0000] {processor.py:830} INFO - Processing file /home/denys/airflow_venv/lib/python3.12/site-packages/airflow/example_dags/example_kubernetes_executor.py for tasks to queue
[2024-05-08T13:29:45.520+0000] {logging_mixin.py:188} INFO - [2024-05-08T13:29:45.520+0000] {dagbag.py:545} INFO - Filling up the DagBag from /home/denys/airflow_venv/lib/python3.12/site-packages/airflow/example_dags/example_kubernetes_executor.py
[2024-05-08T13:29:45.522+0000] {logging_mixin.py:188} INFO - [2024-05-08T13:29:45.522+0000] {example_kubernetes_executor.py:39} WARNING - The example_kubernetes_executor example DAG requires the kubernetes provider. Please install it with: pip install apache-airflow[cncf.kubernetes]
[2024-05-08T13:29:45.522+0000] {processor.py:842} WARNING - No viable dags retrieved from /home/denys/airflow_venv/lib/python3.12/site-packages/airflow/example_dags/example_kubernetes_executor.py
[2024-05-08T13:29:45.529+0000] {processor.py:183} INFO - Processing /home/denys/airflow_venv/lib/python3.12/site-packages/airflow/example_dags/example_kubernetes_executor.py took 0.015 seconds
[2024-05-08T13:30:25.793+0000] {processor.py:161} INFO - Started process (PID=3154) to work on /home/denys/airflow_venv/lib/python3.12/site-packages/airflow/example_dags/example_kubernetes_executor.py
[2024-05-08T13:30:25.795+0000] {processor.py:830} INFO - Processing file /home/denys/airflow_venv/lib/python3.12/site-packages/airflow/example_dags/example_kubernetes_executor.py for tasks to queue
[2024-05-08T13:30:25.796+0000] {logging_mixin.py:188} INFO - [2024-05-08T13:30:25.795+0000] {dagbag.py:545} INFO - Filling up the DagBag from /home/denys/airflow_venv/lib/python3.12/site-packages/airflow/example_dags/example_kubernetes_executor.py
[2024-05-08T13:30:25.797+0000] {logging_mixin.py:188} INFO - [2024-05-08T13:30:25.797+0000] {example_kubernetes_executor.py:39} WARNING - The example_kubernetes_executor example DAG requires the kubernetes provider. Please install it with: pip install apache-airflow[cncf.kubernetes]
[2024-05-08T13:30:25.797+0000] {processor.py:842} WARNING - No viable dags retrieved from /home/denys/airflow_venv/lib/python3.12/site-packages/airflow/example_dags/example_kubernetes_executor.py
[2024-05-08T13:30:25.804+0000] {processor.py:183} INFO - Processing /home/denys/airflow_venv/lib/python3.12/site-packages/airflow/example_dags/example_kubernetes_executor.py took 0.015 seconds
[2024-05-08T13:31:06.637+0000] {processor.py:161} INFO - Started process (PID=3196) to work on /home/denys/airflow_venv/lib/python3.12/site-packages/airflow/example_dags/example_kubernetes_executor.py
[2024-05-08T13:31:06.639+0000] {processor.py:830} INFO - Processing file /home/denys/airflow_venv/lib/python3.12/site-packages/airflow/example_dags/example_kubernetes_executor.py for tasks to queue
[2024-05-08T13:31:06.639+0000] {logging_mixin.py:188} INFO - [2024-05-08T13:31:06.639+0000] {dagbag.py:545} INFO - Filling up the DagBag from /home/denys/airflow_venv/lib/python3.12/site-packages/airflow/example_dags/example_kubernetes_executor.py
[2024-05-08T13:31:06.641+0000] {logging_mixin.py:188} INFO - [2024-05-08T13:31:06.641+0000] {example_kubernetes_executor.py:39} WARNING - The example_kubernetes_executor example DAG requires the kubernetes provider. Please install it with: pip install apache-airflow[cncf.kubernetes]
[2024-05-08T13:31:06.641+0000] {processor.py:842} WARNING - No viable dags retrieved from /home/denys/airflow_venv/lib/python3.12/site-packages/airflow/example_dags/example_kubernetes_executor.py
[2024-05-08T13:31:06.648+0000] {processor.py:183} INFO - Processing /home/denys/airflow_venv/lib/python3.12/site-packages/airflow/example_dags/example_kubernetes_executor.py took 0.014 seconds
[2024-05-08T13:31:46.396+0000] {processor.py:161} INFO - Started process (PID=3238) to work on /home/denys/airflow_venv/lib/python3.12/site-packages/airflow/example_dags/example_kubernetes_executor.py
[2024-05-08T13:31:46.397+0000] {processor.py:830} INFO - Processing file /home/denys/airflow_venv/lib/python3.12/site-packages/airflow/example_dags/example_kubernetes_executor.py for tasks to queue
[2024-05-08T13:31:46.399+0000] {logging_mixin.py:188} INFO - [2024-05-08T13:31:46.398+0000] {dagbag.py:545} INFO - Filling up the DagBag from /home/denys/airflow_venv/lib/python3.12/site-packages/airflow/example_dags/example_kubernetes_executor.py
[2024-05-08T13:31:46.400+0000] {logging_mixin.py:188} INFO - [2024-05-08T13:31:46.400+0000] {example_kubernetes_executor.py:39} WARNING - The example_kubernetes_executor example DAG requires the kubernetes provider. Please install it with: pip install apache-airflow[cncf.kubernetes]
[2024-05-08T13:31:46.400+0000] {processor.py:842} WARNING - No viable dags retrieved from /home/denys/airflow_venv/lib/python3.12/site-packages/airflow/example_dags/example_kubernetes_executor.py
[2024-05-08T13:31:46.407+0000] {processor.py:183} INFO - Processing /home/denys/airflow_venv/lib/python3.12/site-packages/airflow/example_dags/example_kubernetes_executor.py took 0.015 seconds
[2024-05-08T13:32:30.201+0000] {processor.py:161} INFO - Started process (PID=3282) to work on /home/denys/airflow_venv/lib/python3.12/site-packages/airflow/example_dags/example_kubernetes_executor.py
[2024-05-08T13:32:30.203+0000] {processor.py:830} INFO - Processing file /home/denys/airflow_venv/lib/python3.12/site-packages/airflow/example_dags/example_kubernetes_executor.py for tasks to queue
[2024-05-08T13:32:30.204+0000] {logging_mixin.py:188} INFO - [2024-05-08T13:32:30.203+0000] {dagbag.py:545} INFO - Filling up the DagBag from /home/denys/airflow_venv/lib/python3.12/site-packages/airflow/example_dags/example_kubernetes_executor.py
[2024-05-08T13:32:30.205+0000] {logging_mixin.py:188} INFO - [2024-05-08T13:32:30.205+0000] {example_kubernetes_executor.py:39} WARNING - The example_kubernetes_executor example DAG requires the kubernetes provider. Please install it with: pip install apache-airflow[cncf.kubernetes]
[2024-05-08T13:32:30.205+0000] {processor.py:842} WARNING - No viable dags retrieved from /home/denys/airflow_venv/lib/python3.12/site-packages/airflow/example_dags/example_kubernetes_executor.py
[2024-05-08T13:32:30.212+0000] {processor.py:183} INFO - Processing /home/denys/airflow_venv/lib/python3.12/site-packages/airflow/example_dags/example_kubernetes_executor.py took 0.014 seconds
[2024-05-08T13:33:14.225+0000] {processor.py:161} INFO - Started process (PID=3326) to work on /home/denys/airflow_venv/lib/python3.12/site-packages/airflow/example_dags/example_kubernetes_executor.py
[2024-05-08T13:33:14.226+0000] {processor.py:830} INFO - Processing file /home/denys/airflow_venv/lib/python3.12/site-packages/airflow/example_dags/example_kubernetes_executor.py for tasks to queue
[2024-05-08T13:33:14.227+0000] {logging_mixin.py:188} INFO - [2024-05-08T13:33:14.227+0000] {dagbag.py:545} INFO - Filling up the DagBag from /home/denys/airflow_venv/lib/python3.12/site-packages/airflow/example_dags/example_kubernetes_executor.py
[2024-05-08T13:33:14.228+0000] {logging_mixin.py:188} INFO - [2024-05-08T13:33:14.228+0000] {example_kubernetes_executor.py:39} WARNING - The example_kubernetes_executor example DAG requires the kubernetes provider. Please install it with: pip install apache-airflow[cncf.kubernetes]
[2024-05-08T13:33:14.229+0000] {processor.py:842} WARNING - No viable dags retrieved from /home/denys/airflow_venv/lib/python3.12/site-packages/airflow/example_dags/example_kubernetes_executor.py
[2024-05-08T13:33:14.236+0000] {processor.py:183} INFO - Processing /home/denys/airflow_venv/lib/python3.12/site-packages/airflow/example_dags/example_kubernetes_executor.py took 0.015 seconds
[2024-05-08T13:33:57.863+0000] {processor.py:161} INFO - Started process (PID=3374) to work on /home/denys/airflow_venv/lib/python3.12/site-packages/airflow/example_dags/example_kubernetes_executor.py
[2024-05-08T13:33:57.865+0000] {processor.py:830} INFO - Processing file /home/denys/airflow_venv/lib/python3.12/site-packages/airflow/example_dags/example_kubernetes_executor.py for tasks to queue
[2024-05-08T13:33:57.866+0000] {logging_mixin.py:188} INFO - [2024-05-08T13:33:57.865+0000] {dagbag.py:545} INFO - Filling up the DagBag from /home/denys/airflow_venv/lib/python3.12/site-packages/airflow/example_dags/example_kubernetes_executor.py
[2024-05-08T13:33:57.867+0000] {logging_mixin.py:188} INFO - [2024-05-08T13:33:57.867+0000] {example_kubernetes_executor.py:39} WARNING - The example_kubernetes_executor example DAG requires the kubernetes provider. Please install it with: pip install apache-airflow[cncf.kubernetes]
[2024-05-08T13:33:57.867+0000] {processor.py:842} WARNING - No viable dags retrieved from /home/denys/airflow_venv/lib/python3.12/site-packages/airflow/example_dags/example_kubernetes_executor.py
[2024-05-08T13:33:57.874+0000] {processor.py:183} INFO - Processing /home/denys/airflow_venv/lib/python3.12/site-packages/airflow/example_dags/example_kubernetes_executor.py took 0.014 seconds
[2024-05-08T13:34:39.018+0000] {processor.py:161} INFO - Started process (PID=3417) to work on /home/denys/airflow_venv/lib/python3.12/site-packages/airflow/example_dags/example_kubernetes_executor.py
[2024-05-08T13:34:39.019+0000] {processor.py:830} INFO - Processing file /home/denys/airflow_venv/lib/python3.12/site-packages/airflow/example_dags/example_kubernetes_executor.py for tasks to queue
[2024-05-08T13:34:39.021+0000] {logging_mixin.py:188} INFO - [2024-05-08T13:34:39.020+0000] {dagbag.py:545} INFO - Filling up the DagBag from /home/denys/airflow_venv/lib/python3.12/site-packages/airflow/example_dags/example_kubernetes_executor.py
[2024-05-08T13:34:39.022+0000] {logging_mixin.py:188} INFO - [2024-05-08T13:34:39.022+0000] {example_kubernetes_executor.py:39} WARNING - The example_kubernetes_executor example DAG requires the kubernetes provider. Please install it with: pip install apache-airflow[cncf.kubernetes]
[2024-05-08T13:34:39.022+0000] {processor.py:842} WARNING - No viable dags retrieved from /home/denys/airflow_venv/lib/python3.12/site-packages/airflow/example_dags/example_kubernetes_executor.py
[2024-05-08T13:34:39.029+0000] {processor.py:183} INFO - Processing /home/denys/airflow_venv/lib/python3.12/site-packages/airflow/example_dags/example_kubernetes_executor.py took 0.015 seconds
[2024-05-08T13:35:18.200+0000] {processor.py:161} INFO - Started process (PID=3462) to work on /home/denys/airflow_venv/lib/python3.12/site-packages/airflow/example_dags/example_kubernetes_executor.py
[2024-05-08T13:35:18.202+0000] {processor.py:830} INFO - Processing file /home/denys/airflow_venv/lib/python3.12/site-packages/airflow/example_dags/example_kubernetes_executor.py for tasks to queue
[2024-05-08T13:35:18.203+0000] {logging_mixin.py:188} INFO - [2024-05-08T13:35:18.203+0000] {dagbag.py:545} INFO - Filling up the DagBag from /home/denys/airflow_venv/lib/python3.12/site-packages/airflow/example_dags/example_kubernetes_executor.py
[2024-05-08T13:35:18.205+0000] {logging_mixin.py:188} INFO - [2024-05-08T13:35:18.205+0000] {example_kubernetes_executor.py:39} WARNING - The example_kubernetes_executor example DAG requires the kubernetes provider. Please install it with: pip install apache-airflow[cncf.kubernetes]
[2024-05-08T13:35:18.205+0000] {processor.py:842} WARNING - No viable dags retrieved from /home/denys/airflow_venv/lib/python3.12/site-packages/airflow/example_dags/example_kubernetes_executor.py
[2024-05-08T13:35:18.212+0000] {processor.py:183} INFO - Processing /home/denys/airflow_venv/lib/python3.12/site-packages/airflow/example_dags/example_kubernetes_executor.py took 0.015 seconds
[2024-05-08T13:35:58.492+0000] {processor.py:161} INFO - Started process (PID=3503) to work on /home/denys/airflow_venv/lib/python3.12/site-packages/airflow/example_dags/example_kubernetes_executor.py
[2024-05-08T13:35:58.493+0000] {processor.py:830} INFO - Processing file /home/denys/airflow_venv/lib/python3.12/site-packages/airflow/example_dags/example_kubernetes_executor.py for tasks to queue
[2024-05-08T13:35:58.494+0000] {logging_mixin.py:188} INFO - [2024-05-08T13:35:58.494+0000] {dagbag.py:545} INFO - Filling up the DagBag from /home/denys/airflow_venv/lib/python3.12/site-packages/airflow/example_dags/example_kubernetes_executor.py
[2024-05-08T13:35:58.496+0000] {logging_mixin.py:188} INFO - [2024-05-08T13:35:58.496+0000] {example_kubernetes_executor.py:39} WARNING - The example_kubernetes_executor example DAG requires the kubernetes provider. Please install it with: pip install apache-airflow[cncf.kubernetes]
[2024-05-08T13:35:58.496+0000] {processor.py:842} WARNING - No viable dags retrieved from /home/denys/airflow_venv/lib/python3.12/site-packages/airflow/example_dags/example_kubernetes_executor.py
[2024-05-08T13:35:58.502+0000] {processor.py:183} INFO - Processing /home/denys/airflow_venv/lib/python3.12/site-packages/airflow/example_dags/example_kubernetes_executor.py took 0.014 seconds
[2024-05-08T13:36:39.549+0000] {processor.py:161} INFO - Started process (PID=3546) to work on /home/denys/airflow_venv/lib/python3.12/site-packages/airflow/example_dags/example_kubernetes_executor.py
[2024-05-08T13:36:39.551+0000] {processor.py:830} INFO - Processing file /home/denys/airflow_venv/lib/python3.12/site-packages/airflow/example_dags/example_kubernetes_executor.py for tasks to queue
[2024-05-08T13:36:39.552+0000] {logging_mixin.py:188} INFO - [2024-05-08T13:36:39.552+0000] {dagbag.py:545} INFO - Filling up the DagBag from /home/denys/airflow_venv/lib/python3.12/site-packages/airflow/example_dags/example_kubernetes_executor.py
[2024-05-08T13:36:39.554+0000] {logging_mixin.py:188} INFO - [2024-05-08T13:36:39.554+0000] {example_kubernetes_executor.py:39} WARNING - The example_kubernetes_executor example DAG requires the kubernetes provider. Please install it with: pip install apache-airflow[cncf.kubernetes]
[2024-05-08T13:36:39.554+0000] {processor.py:842} WARNING - No viable dags retrieved from /home/denys/airflow_venv/lib/python3.12/site-packages/airflow/example_dags/example_kubernetes_executor.py
[2024-05-08T13:36:39.561+0000] {processor.py:183} INFO - Processing /home/denys/airflow_venv/lib/python3.12/site-packages/airflow/example_dags/example_kubernetes_executor.py took 0.015 seconds
[2024-05-08T13:37:22.366+0000] {processor.py:161} INFO - Started process (PID=3590) to work on /home/denys/airflow_venv/lib/python3.12/site-packages/airflow/example_dags/example_kubernetes_executor.py
[2024-05-08T13:37:22.369+0000] {processor.py:830} INFO - Processing file /home/denys/airflow_venv/lib/python3.12/site-packages/airflow/example_dags/example_kubernetes_executor.py for tasks to queue
[2024-05-08T13:37:22.370+0000] {logging_mixin.py:188} INFO - [2024-05-08T13:37:22.369+0000] {dagbag.py:545} INFO - Filling up the DagBag from /home/denys/airflow_venv/lib/python3.12/site-packages/airflow/example_dags/example_kubernetes_executor.py
[2024-05-08T13:37:22.372+0000] {logging_mixin.py:188} INFO - [2024-05-08T13:37:22.372+0000] {example_kubernetes_executor.py:39} WARNING - The example_kubernetes_executor example DAG requires the kubernetes provider. Please install it with: pip install apache-airflow[cncf.kubernetes]
[2024-05-08T13:37:22.372+0000] {processor.py:842} WARNING - No viable dags retrieved from /home/denys/airflow_venv/lib/python3.12/site-packages/airflow/example_dags/example_kubernetes_executor.py
[2024-05-08T13:37:22.379+0000] {processor.py:183} INFO - Processing /home/denys/airflow_venv/lib/python3.12/site-packages/airflow/example_dags/example_kubernetes_executor.py took 0.017 seconds
[2024-05-08T13:38:10.944+0000] {processor.py:161} INFO - Started process (PID=3638) to work on /home/denys/airflow_venv/lib/python3.12/site-packages/airflow/example_dags/example_kubernetes_executor.py
[2024-05-08T13:38:10.945+0000] {processor.py:830} INFO - Processing file /home/denys/airflow_venv/lib/python3.12/site-packages/airflow/example_dags/example_kubernetes_executor.py for tasks to queue
[2024-05-08T13:38:10.946+0000] {logging_mixin.py:188} INFO - [2024-05-08T13:38:10.946+0000] {dagbag.py:545} INFO - Filling up the DagBag from /home/denys/airflow_venv/lib/python3.12/site-packages/airflow/example_dags/example_kubernetes_executor.py
[2024-05-08T13:38:10.948+0000] {logging_mixin.py:188} INFO - [2024-05-08T13:38:10.948+0000] {example_kubernetes_executor.py:39} WARNING - The example_kubernetes_executor example DAG requires the kubernetes provider. Please install it with: pip install apache-airflow[cncf.kubernetes]
[2024-05-08T13:38:10.948+0000] {processor.py:842} WARNING - No viable dags retrieved from /home/denys/airflow_venv/lib/python3.12/site-packages/airflow/example_dags/example_kubernetes_executor.py
[2024-05-08T13:38:10.956+0000] {processor.py:183} INFO - Processing /home/denys/airflow_venv/lib/python3.12/site-packages/airflow/example_dags/example_kubernetes_executor.py took 0.016 seconds
[2024-05-08T13:38:54.965+0000] {processor.py:161} INFO - Started process (PID=3685) to work on /home/denys/airflow_venv/lib/python3.12/site-packages/airflow/example_dags/example_kubernetes_executor.py
[2024-05-08T13:38:54.967+0000] {processor.py:830} INFO - Processing file /home/denys/airflow_venv/lib/python3.12/site-packages/airflow/example_dags/example_kubernetes_executor.py for tasks to queue
[2024-05-08T13:38:54.968+0000] {logging_mixin.py:188} INFO - [2024-05-08T13:38:54.968+0000] {dagbag.py:545} INFO - Filling up the DagBag from /home/denys/airflow_venv/lib/python3.12/site-packages/airflow/example_dags/example_kubernetes_executor.py
[2024-05-08T13:38:54.970+0000] {logging_mixin.py:188} INFO - [2024-05-08T13:38:54.970+0000] {example_kubernetes_executor.py:39} WARNING - The example_kubernetes_executor example DAG requires the kubernetes provider. Please install it with: pip install apache-airflow[cncf.kubernetes]
[2024-05-08T13:38:54.970+0000] {processor.py:842} WARNING - No viable dags retrieved from /home/denys/airflow_venv/lib/python3.12/site-packages/airflow/example_dags/example_kubernetes_executor.py
[2024-05-08T13:38:54.976+0000] {processor.py:183} INFO - Processing /home/denys/airflow_venv/lib/python3.12/site-packages/airflow/example_dags/example_kubernetes_executor.py took 0.014 seconds
[2024-05-08T13:39:37.898+0000] {processor.py:161} INFO - Started process (PID=3727) to work on /home/denys/airflow_venv/lib/python3.12/site-packages/airflow/example_dags/example_kubernetes_executor.py
[2024-05-08T13:39:37.905+0000] {processor.py:830} INFO - Processing file /home/denys/airflow_venv/lib/python3.12/site-packages/airflow/example_dags/example_kubernetes_executor.py for tasks to queue
[2024-05-08T13:39:37.906+0000] {logging_mixin.py:188} INFO - [2024-05-08T13:39:37.906+0000] {dagbag.py:545} INFO - Filling up the DagBag from /home/denys/airflow_venv/lib/python3.12/site-packages/airflow/example_dags/example_kubernetes_executor.py
[2024-05-08T13:39:37.908+0000] {logging_mixin.py:188} INFO - [2024-05-08T13:39:37.908+0000] {example_kubernetes_executor.py:39} WARNING - The example_kubernetes_executor example DAG requires the kubernetes provider. Please install it with: pip install apache-airflow[cncf.kubernetes]
[2024-05-08T13:39:37.908+0000] {processor.py:842} WARNING - No viable dags retrieved from /home/denys/airflow_venv/lib/python3.12/site-packages/airflow/example_dags/example_kubernetes_executor.py
[2024-05-08T13:39:37.915+0000] {processor.py:183} INFO - Processing /home/denys/airflow_venv/lib/python3.12/site-packages/airflow/example_dags/example_kubernetes_executor.py took 0.019 seconds
[2024-05-08T13:40:25.468+0000] {processor.py:161} INFO - Started process (PID=3775) to work on /home/denys/airflow_venv/lib/python3.12/site-packages/airflow/example_dags/example_kubernetes_executor.py
[2024-05-08T13:40:25.469+0000] {processor.py:830} INFO - Processing file /home/denys/airflow_venv/lib/python3.12/site-packages/airflow/example_dags/example_kubernetes_executor.py for tasks to queue
[2024-05-08T13:40:25.470+0000] {logging_mixin.py:188} INFO - [2024-05-08T13:40:25.470+0000] {dagbag.py:545} INFO - Filling up the DagBag from /home/denys/airflow_venv/lib/python3.12/site-packages/airflow/example_dags/example_kubernetes_executor.py
[2024-05-08T13:40:25.472+0000] {logging_mixin.py:188} INFO - [2024-05-08T13:40:25.472+0000] {example_kubernetes_executor.py:39} WARNING - The example_kubernetes_executor example DAG requires the kubernetes provider. Please install it with: pip install apache-airflow[cncf.kubernetes]
[2024-05-08T13:40:25.472+0000] {processor.py:842} WARNING - No viable dags retrieved from /home/denys/airflow_venv/lib/python3.12/site-packages/airflow/example_dags/example_kubernetes_executor.py
[2024-05-08T13:40:25.478+0000] {processor.py:183} INFO - Processing /home/denys/airflow_venv/lib/python3.12/site-packages/airflow/example_dags/example_kubernetes_executor.py took 0.014 seconds
[2024-05-08T13:41:13.933+0000] {processor.py:161} INFO - Started process (PID=3822) to work on /home/denys/airflow_venv/lib/python3.12/site-packages/airflow/example_dags/example_kubernetes_executor.py
[2024-05-08T13:41:13.935+0000] {processor.py:830} INFO - Processing file /home/denys/airflow_venv/lib/python3.12/site-packages/airflow/example_dags/example_kubernetes_executor.py for tasks to queue
[2024-05-08T13:41:13.936+0000] {logging_mixin.py:188} INFO - [2024-05-08T13:41:13.936+0000] {dagbag.py:545} INFO - Filling up the DagBag from /home/denys/airflow_venv/lib/python3.12/site-packages/airflow/example_dags/example_kubernetes_executor.py
[2024-05-08T13:41:13.937+0000] {logging_mixin.py:188} INFO - [2024-05-08T13:41:13.937+0000] {example_kubernetes_executor.py:39} WARNING - The example_kubernetes_executor example DAG requires the kubernetes provider. Please install it with: pip install apache-airflow[cncf.kubernetes]
[2024-05-08T13:41:13.938+0000] {processor.py:842} WARNING - No viable dags retrieved from /home/denys/airflow_venv/lib/python3.12/site-packages/airflow/example_dags/example_kubernetes_executor.py
[2024-05-08T13:41:13.944+0000] {processor.py:183} INFO - Processing /home/denys/airflow_venv/lib/python3.12/site-packages/airflow/example_dags/example_kubernetes_executor.py took 0.014 seconds
[2024-05-08T13:41:58.403+0000] {processor.py:161} INFO - Started process (PID=3867) to work on /home/denys/airflow_venv/lib/python3.12/site-packages/airflow/example_dags/example_kubernetes_executor.py
[2024-05-08T13:41:58.406+0000] {processor.py:830} INFO - Processing file /home/denys/airflow_venv/lib/python3.12/site-packages/airflow/example_dags/example_kubernetes_executor.py for tasks to queue
[2024-05-08T13:41:58.407+0000] {logging_mixin.py:188} INFO - [2024-05-08T13:41:58.406+0000] {dagbag.py:545} INFO - Filling up the DagBag from /home/denys/airflow_venv/lib/python3.12/site-packages/airflow/example_dags/example_kubernetes_executor.py
[2024-05-08T13:41:58.408+0000] {logging_mixin.py:188} INFO - [2024-05-08T13:41:58.408+0000] {example_kubernetes_executor.py:39} WARNING - The example_kubernetes_executor example DAG requires the kubernetes provider. Please install it with: pip install apache-airflow[cncf.kubernetes]
[2024-05-08T13:41:58.408+0000] {processor.py:842} WARNING - No viable dags retrieved from /home/denys/airflow_venv/lib/python3.12/site-packages/airflow/example_dags/example_kubernetes_executor.py
[2024-05-08T13:41:58.414+0000] {processor.py:183} INFO - Processing /home/denys/airflow_venv/lib/python3.12/site-packages/airflow/example_dags/example_kubernetes_executor.py took 0.015 seconds
[2024-05-08T13:42:42.642+0000] {processor.py:161} INFO - Started process (PID=3912) to work on /home/denys/airflow_venv/lib/python3.12/site-packages/airflow/example_dags/example_kubernetes_executor.py
[2024-05-08T13:42:42.646+0000] {processor.py:830} INFO - Processing file /home/denys/airflow_venv/lib/python3.12/site-packages/airflow/example_dags/example_kubernetes_executor.py for tasks to queue
[2024-05-08T13:42:42.647+0000] {logging_mixin.py:188} INFO - [2024-05-08T13:42:42.646+0000] {dagbag.py:545} INFO - Filling up the DagBag from /home/denys/airflow_venv/lib/python3.12/site-packages/airflow/example_dags/example_kubernetes_executor.py
[2024-05-08T13:42:42.648+0000] {logging_mixin.py:188} INFO - [2024-05-08T13:42:42.648+0000] {example_kubernetes_executor.py:39} WARNING - The example_kubernetes_executor example DAG requires the kubernetes provider. Please install it with: pip install apache-airflow[cncf.kubernetes]
[2024-05-08T13:42:42.649+0000] {processor.py:842} WARNING - No viable dags retrieved from /home/denys/airflow_venv/lib/python3.12/site-packages/airflow/example_dags/example_kubernetes_executor.py
[2024-05-08T13:42:42.656+0000] {processor.py:183} INFO - Processing /home/denys/airflow_venv/lib/python3.12/site-packages/airflow/example_dags/example_kubernetes_executor.py took 0.018 seconds
