[2024-05-08T13:12:02.539+0000] {processor.py:161} INFO - Started process (PID=1879) to work on /home/denys/airflow_venv/lib/python3.12/site-packages/airflow/example_dags/example_sensors.py
[2024-05-08T13:12:02.539+0000] {processor.py:830} INFO - Processing file /home/denys/airflow_venv/lib/python3.12/site-packages/airflow/example_dags/example_sensors.py for tasks to queue
[2024-05-08T13:12:02.540+0000] {logging_mixin.py:188} INFO - [2024-05-08T13:12:02.540+0000] {dagbag.py:545} INFO - Filling up the DagBag from /home/denys/airflow_venv/lib/python3.12/site-packages/airflow/example_dags/example_sensors.py
[2024-05-08T13:12:02.545+0000] {processor.py:840} INFO - DAG(s) 'example_sensors' retrieved from /home/denys/airflow_venv/lib/python3.12/site-packages/airflow/example_dags/example_sensors.py
[2024-05-08T13:12:02.618+0000] {logging_mixin.py:188} INFO - [2024-05-08T13:12:02.617+0000] {override.py:1829} INFO - Created Permission View: can delete on DAG:example_sensors
[2024-05-08T13:12:02.630+0000] {logging_mixin.py:188} INFO - [2024-05-08T13:12:02.630+0000] {override.py:1829} INFO - Created Permission View: can edit on DAG:example_sensors
[2024-05-08T13:12:02.638+0000] {logging_mixin.py:188} INFO - [2024-05-08T13:12:02.638+0000] {override.py:1829} INFO - Created Permission View: can read on DAG:example_sensors
[2024-05-08T13:12:02.638+0000] {logging_mixin.py:188} INFO - [2024-05-08T13:12:02.638+0000] {dag.py:3096} INFO - Sync 1 DAGs
[2024-05-08T13:12:02.645+0000] {logging_mixin.py:188} INFO - [2024-05-08T13:12:02.644+0000] {dag.py:3118} INFO - Creating ORM DAG for example_sensors
[2024-05-08T13:12:02.645+0000] {logging_mixin.py:188} INFO - [2024-05-08T13:12:02.645+0000] {dag.py:3954} INFO - Setting next_dagrun for example_sensors to None, run_after=None
[2024-05-08T13:12:02.662+0000] {processor.py:183} INFO - Processing /home/denys/airflow_venv/lib/python3.12/site-packages/airflow/example_dags/example_sensors.py took 0.126 seconds
[2024-05-08T13:12:55.111+0000] {processor.py:161} INFO - Started process (PID=1935) to work on /home/denys/airflow_venv/lib/python3.12/site-packages/airflow/example_dags/example_sensors.py
[2024-05-08T13:12:55.112+0000] {processor.py:830} INFO - Processing file /home/denys/airflow_venv/lib/python3.12/site-packages/airflow/example_dags/example_sensors.py for tasks to queue
[2024-05-08T13:12:55.113+0000] {logging_mixin.py:188} INFO - [2024-05-08T13:12:55.112+0000] {dagbag.py:545} INFO - Filling up the DagBag from /home/denys/airflow_venv/lib/python3.12/site-packages/airflow/example_dags/example_sensors.py
[2024-05-08T13:12:55.118+0000] {processor.py:840} INFO - DAG(s) 'example_sensors' retrieved from /home/denys/airflow_venv/lib/python3.12/site-packages/airflow/example_dags/example_sensors.py
[2024-05-08T13:12:55.131+0000] {logging_mixin.py:188} INFO - [2024-05-08T13:12:55.131+0000] {dag.py:3096} INFO - Sync 1 DAGs
[2024-05-08T13:12:55.137+0000] {logging_mixin.py:188} INFO - [2024-05-08T13:12:55.136+0000] {dag.py:3954} INFO - Setting next_dagrun for example_sensors to None, run_after=None
[2024-05-08T13:12:55.154+0000] {processor.py:183} INFO - Processing /home/denys/airflow_venv/lib/python3.12/site-packages/airflow/example_dags/example_sensors.py took 0.047 seconds
[2024-05-08T13:13:47.193+0000] {processor.py:161} INFO - Started process (PID=1987) to work on /home/denys/airflow_venv/lib/python3.12/site-packages/airflow/example_dags/example_sensors.py
[2024-05-08T13:13:47.194+0000] {processor.py:830} INFO - Processing file /home/denys/airflow_venv/lib/python3.12/site-packages/airflow/example_dags/example_sensors.py for tasks to queue
[2024-05-08T13:13:47.195+0000] {logging_mixin.py:188} INFO - [2024-05-08T13:13:47.195+0000] {dagbag.py:545} INFO - Filling up the DagBag from /home/denys/airflow_venv/lib/python3.12/site-packages/airflow/example_dags/example_sensors.py
[2024-05-08T13:13:47.201+0000] {processor.py:840} INFO - DAG(s) 'example_sensors' retrieved from /home/denys/airflow_venv/lib/python3.12/site-packages/airflow/example_dags/example_sensors.py
[2024-05-08T13:13:47.212+0000] {logging_mixin.py:188} INFO - [2024-05-08T13:13:47.212+0000] {dag.py:3096} INFO - Sync 1 DAGs
[2024-05-08T13:13:47.218+0000] {logging_mixin.py:188} INFO - [2024-05-08T13:13:47.218+0000] {dag.py:3954} INFO - Setting next_dagrun for example_sensors to None, run_after=None
[2024-05-08T13:13:47.242+0000] {processor.py:183} INFO - Processing /home/denys/airflow_venv/lib/python3.12/site-packages/airflow/example_dags/example_sensors.py took 0.052 seconds
[2024-05-08T13:14:32.340+0000] {processor.py:161} INFO - Started process (PID=2033) to work on /home/denys/airflow_venv/lib/python3.12/site-packages/airflow/example_dags/example_sensors.py
[2024-05-08T13:14:32.341+0000] {processor.py:830} INFO - Processing file /home/denys/airflow_venv/lib/python3.12/site-packages/airflow/example_dags/example_sensors.py for tasks to queue
[2024-05-08T13:14:32.342+0000] {logging_mixin.py:188} INFO - [2024-05-08T13:14:32.342+0000] {dagbag.py:545} INFO - Filling up the DagBag from /home/denys/airflow_venv/lib/python3.12/site-packages/airflow/example_dags/example_sensors.py
[2024-05-08T13:14:32.348+0000] {processor.py:840} INFO - DAG(s) 'example_sensors' retrieved from /home/denys/airflow_venv/lib/python3.12/site-packages/airflow/example_dags/example_sensors.py
[2024-05-08T13:14:32.360+0000] {logging_mixin.py:188} INFO - [2024-05-08T13:14:32.360+0000] {dag.py:3096} INFO - Sync 1 DAGs
[2024-05-08T13:14:32.366+0000] {logging_mixin.py:188} INFO - [2024-05-08T13:14:32.366+0000] {dag.py:3954} INFO - Setting next_dagrun for example_sensors to None, run_after=None
[2024-05-08T13:14:32.381+0000] {processor.py:183} INFO - Processing /home/denys/airflow_venv/lib/python3.12/site-packages/airflow/example_dags/example_sensors.py took 0.044 seconds
[2024-05-08T13:15:35.962+0000] {processor.py:161} INFO - Started process (PID=2101) to work on /home/denys/airflow_venv/lib/python3.12/site-packages/airflow/example_dags/example_sensors.py
[2024-05-08T13:15:35.970+0000] {processor.py:830} INFO - Processing file /home/denys/airflow_venv/lib/python3.12/site-packages/airflow/example_dags/example_sensors.py for tasks to queue
[2024-05-08T13:15:35.971+0000] {logging_mixin.py:188} INFO - [2024-05-08T13:15:35.970+0000] {dagbag.py:545} INFO - Filling up the DagBag from /home/denys/airflow_venv/lib/python3.12/site-packages/airflow/example_dags/example_sensors.py
[2024-05-08T13:15:35.976+0000] {processor.py:840} INFO - DAG(s) 'example_sensors' retrieved from /home/denys/airflow_venv/lib/python3.12/site-packages/airflow/example_dags/example_sensors.py
[2024-05-08T13:15:35.988+0000] {logging_mixin.py:188} INFO - [2024-05-08T13:15:35.988+0000] {dag.py:3096} INFO - Sync 1 DAGs
[2024-05-08T13:15:35.995+0000] {logging_mixin.py:188} INFO - [2024-05-08T13:15:35.995+0000] {dag.py:3954} INFO - Setting next_dagrun for example_sensors to None, run_after=None
[2024-05-08T13:15:36.010+0000] {processor.py:183} INFO - Processing /home/denys/airflow_venv/lib/python3.12/site-packages/airflow/example_dags/example_sensors.py took 0.051 seconds
[2024-05-08T13:16:37.445+0000] {processor.py:161} INFO - Started process (PID=2165) to work on /home/denys/airflow_venv/lib/python3.12/site-packages/airflow/example_dags/example_sensors.py
[2024-05-08T13:16:37.446+0000] {processor.py:830} INFO - Processing file /home/denys/airflow_venv/lib/python3.12/site-packages/airflow/example_dags/example_sensors.py for tasks to queue
[2024-05-08T13:16:37.448+0000] {logging_mixin.py:188} INFO - [2024-05-08T13:16:37.447+0000] {dagbag.py:545} INFO - Filling up the DagBag from /home/denys/airflow_venv/lib/python3.12/site-packages/airflow/example_dags/example_sensors.py
[2024-05-08T13:16:37.454+0000] {processor.py:840} INFO - DAG(s) 'example_sensors' retrieved from /home/denys/airflow_venv/lib/python3.12/site-packages/airflow/example_dags/example_sensors.py
[2024-05-08T13:16:37.467+0000] {logging_mixin.py:188} INFO - [2024-05-08T13:16:37.467+0000] {dag.py:3096} INFO - Sync 1 DAGs
[2024-05-08T13:16:37.475+0000] {logging_mixin.py:188} INFO - [2024-05-08T13:16:37.475+0000] {dag.py:3954} INFO - Setting next_dagrun for example_sensors to None, run_after=None
[2024-05-08T13:16:37.494+0000] {processor.py:183} INFO - Processing /home/denys/airflow_venv/lib/python3.12/site-packages/airflow/example_dags/example_sensors.py took 0.052 seconds
[2024-05-08T13:17:19.606+0000] {processor.py:161} INFO - Started process (PID=2213) to work on /home/denys/airflow_venv/lib/python3.12/site-packages/airflow/example_dags/example_sensors.py
[2024-05-08T13:17:19.607+0000] {processor.py:830} INFO - Processing file /home/denys/airflow_venv/lib/python3.12/site-packages/airflow/example_dags/example_sensors.py for tasks to queue
[2024-05-08T13:17:19.608+0000] {logging_mixin.py:188} INFO - [2024-05-08T13:17:19.608+0000] {dagbag.py:545} INFO - Filling up the DagBag from /home/denys/airflow_venv/lib/python3.12/site-packages/airflow/example_dags/example_sensors.py
[2024-05-08T13:17:19.613+0000] {processor.py:840} INFO - DAG(s) 'example_sensors' retrieved from /home/denys/airflow_venv/lib/python3.12/site-packages/airflow/example_dags/example_sensors.py
[2024-05-08T13:17:19.623+0000] {logging_mixin.py:188} INFO - [2024-05-08T13:17:19.623+0000] {dag.py:3096} INFO - Sync 1 DAGs
[2024-05-08T13:17:19.629+0000] {logging_mixin.py:188} INFO - [2024-05-08T13:17:19.629+0000] {dag.py:3954} INFO - Setting next_dagrun for example_sensors to None, run_after=None
[2024-05-08T13:17:19.648+0000] {processor.py:183} INFO - Processing /home/denys/airflow_venv/lib/python3.12/site-packages/airflow/example_dags/example_sensors.py took 0.045 seconds
[2024-05-08T13:18:04.525+0000] {processor.py:161} INFO - Started process (PID=2259) to work on /home/denys/airflow_venv/lib/python3.12/site-packages/airflow/example_dags/example_sensors.py
[2024-05-08T13:18:04.528+0000] {processor.py:830} INFO - Processing file /home/denys/airflow_venv/lib/python3.12/site-packages/airflow/example_dags/example_sensors.py for tasks to queue
[2024-05-08T13:18:04.529+0000] {logging_mixin.py:188} INFO - [2024-05-08T13:18:04.528+0000] {dagbag.py:545} INFO - Filling up the DagBag from /home/denys/airflow_venv/lib/python3.12/site-packages/airflow/example_dags/example_sensors.py
[2024-05-08T13:18:04.534+0000] {processor.py:840} INFO - DAG(s) 'example_sensors' retrieved from /home/denys/airflow_venv/lib/python3.12/site-packages/airflow/example_dags/example_sensors.py
[2024-05-08T13:18:04.545+0000] {logging_mixin.py:188} INFO - [2024-05-08T13:18:04.545+0000] {dag.py:3096} INFO - Sync 1 DAGs
[2024-05-08T13:18:04.551+0000] {logging_mixin.py:188} INFO - [2024-05-08T13:18:04.551+0000] {dag.py:3954} INFO - Setting next_dagrun for example_sensors to None, run_after=None
[2024-05-08T13:18:04.566+0000] {processor.py:183} INFO - Processing /home/denys/airflow_venv/lib/python3.12/site-packages/airflow/example_dags/example_sensors.py took 0.044 seconds
[2024-05-08T13:19:31.439+0000] {processor.py:161} INFO - Started process (PID=2334) to work on /home/denys/airflow_venv/lib/python3.12/site-packages/airflow/example_dags/example_sensors.py
[2024-05-08T13:19:31.440+0000] {processor.py:830} INFO - Processing file /home/denys/airflow_venv/lib/python3.12/site-packages/airflow/example_dags/example_sensors.py for tasks to queue
[2024-05-08T13:19:31.441+0000] {logging_mixin.py:188} INFO - [2024-05-08T13:19:31.441+0000] {dagbag.py:545} INFO - Filling up the DagBag from /home/denys/airflow_venv/lib/python3.12/site-packages/airflow/example_dags/example_sensors.py
[2024-05-08T13:19:31.446+0000] {processor.py:840} INFO - DAG(s) 'example_sensors' retrieved from /home/denys/airflow_venv/lib/python3.12/site-packages/airflow/example_dags/example_sensors.py
[2024-05-08T13:19:31.451+0000] {logging_mixin.py:188} INFO - [2024-05-08T13:19:31.451+0000] {dag.py:3096} INFO - Sync 1 DAGs
[2024-05-08T13:19:31.458+0000] {logging_mixin.py:188} INFO - [2024-05-08T13:19:31.458+0000] {dag.py:3954} INFO - Setting next_dagrun for example_sensors to None, run_after=None
[2024-05-08T13:19:31.510+0000] {processor.py:183} INFO - Processing /home/denys/airflow_venv/lib/python3.12/site-packages/airflow/example_dags/example_sensors.py took 0.074 seconds
[2024-05-08T13:20:22.859+0000] {processor.py:161} INFO - Started process (PID=2391) to work on /home/denys/airflow_venv/lib/python3.12/site-packages/airflow/example_dags/example_sensors.py
[2024-05-08T13:20:22.861+0000] {processor.py:830} INFO - Processing file /home/denys/airflow_venv/lib/python3.12/site-packages/airflow/example_dags/example_sensors.py for tasks to queue
[2024-05-08T13:20:22.862+0000] {logging_mixin.py:188} INFO - [2024-05-08T13:20:22.862+0000] {dagbag.py:545} INFO - Filling up the DagBag from /home/denys/airflow_venv/lib/python3.12/site-packages/airflow/example_dags/example_sensors.py
[2024-05-08T13:20:22.868+0000] {processor.py:840} INFO - DAG(s) 'example_sensors' retrieved from /home/denys/airflow_venv/lib/python3.12/site-packages/airflow/example_dags/example_sensors.py
[2024-05-08T13:20:22.923+0000] {logging_mixin.py:188} INFO - [2024-05-08T13:20:22.922+0000] {dag.py:3096} INFO - Sync 1 DAGs
[2024-05-08T13:20:22.927+0000] {logging_mixin.py:188} INFO - [2024-05-08T13:20:22.927+0000] {dag.py:3954} INFO - Setting next_dagrun for example_sensors to None, run_after=None
[2024-05-08T13:20:22.944+0000] {processor.py:183} INFO - Processing /home/denys/airflow_venv/lib/python3.12/site-packages/airflow/example_dags/example_sensors.py took 0.088 seconds
[2024-05-08T13:21:13.463+0000] {processor.py:161} INFO - Started process (PID=2443) to work on /home/denys/airflow_venv/lib/python3.12/site-packages/airflow/example_dags/example_sensors.py
[2024-05-08T13:21:13.464+0000] {processor.py:830} INFO - Processing file /home/denys/airflow_venv/lib/python3.12/site-packages/airflow/example_dags/example_sensors.py for tasks to queue
[2024-05-08T13:21:13.466+0000] {logging_mixin.py:188} INFO - [2024-05-08T13:21:13.465+0000] {dagbag.py:545} INFO - Filling up the DagBag from /home/denys/airflow_venv/lib/python3.12/site-packages/airflow/example_dags/example_sensors.py
[2024-05-08T13:21:13.472+0000] {processor.py:840} INFO - DAG(s) 'example_sensors' retrieved from /home/denys/airflow_venv/lib/python3.12/site-packages/airflow/example_dags/example_sensors.py
[2024-05-08T13:21:13.484+0000] {logging_mixin.py:188} INFO - [2024-05-08T13:21:13.484+0000] {dag.py:3096} INFO - Sync 1 DAGs
[2024-05-08T13:21:13.490+0000] {logging_mixin.py:188} INFO - [2024-05-08T13:21:13.490+0000] {dag.py:3954} INFO - Setting next_dagrun for example_sensors to None, run_after=None
[2024-05-08T13:21:13.513+0000] {processor.py:183} INFO - Processing /home/denys/airflow_venv/lib/python3.12/site-packages/airflow/example_dags/example_sensors.py took 0.053 seconds
[2024-05-08T13:22:17.220+0000] {processor.py:161} INFO - Started process (PID=2507) to work on /home/denys/airflow_venv/lib/python3.12/site-packages/airflow/example_dags/example_sensors.py
[2024-05-08T13:22:17.221+0000] {processor.py:830} INFO - Processing file /home/denys/airflow_venv/lib/python3.12/site-packages/airflow/example_dags/example_sensors.py for tasks to queue
[2024-05-08T13:22:17.223+0000] {logging_mixin.py:188} INFO - [2024-05-08T13:22:17.223+0000] {dagbag.py:545} INFO - Filling up the DagBag from /home/denys/airflow_venv/lib/python3.12/site-packages/airflow/example_dags/example_sensors.py
[2024-05-08T13:22:17.229+0000] {processor.py:840} INFO - DAG(s) 'example_sensors' retrieved from /home/denys/airflow_venv/lib/python3.12/site-packages/airflow/example_dags/example_sensors.py
[2024-05-08T13:22:17.314+0000] {logging_mixin.py:188} INFO - [2024-05-08T13:22:17.314+0000] {dag.py:3096} INFO - Sync 1 DAGs
[2024-05-08T13:22:17.321+0000] {logging_mixin.py:188} INFO - [2024-05-08T13:22:17.321+0000] {dag.py:3954} INFO - Setting next_dagrun for example_sensors to None, run_after=None
[2024-05-08T13:22:17.338+0000] {processor.py:183} INFO - Processing /home/denys/airflow_venv/lib/python3.12/site-packages/airflow/example_dags/example_sensors.py took 0.124 seconds
[2024-05-08T13:22:59.579+0000] {processor.py:161} INFO - Started process (PID=2551) to work on /home/denys/airflow_venv/lib/python3.12/site-packages/airflow/example_dags/example_sensors.py
[2024-05-08T13:22:59.580+0000] {processor.py:830} INFO - Processing file /home/denys/airflow_venv/lib/python3.12/site-packages/airflow/example_dags/example_sensors.py for tasks to queue
[2024-05-08T13:22:59.581+0000] {logging_mixin.py:188} INFO - [2024-05-08T13:22:59.581+0000] {dagbag.py:545} INFO - Filling up the DagBag from /home/denys/airflow_venv/lib/python3.12/site-packages/airflow/example_dags/example_sensors.py
[2024-05-08T13:22:59.586+0000] {processor.py:840} INFO - DAG(s) 'example_sensors' retrieved from /home/denys/airflow_venv/lib/python3.12/site-packages/airflow/example_dags/example_sensors.py
[2024-05-08T13:22:59.597+0000] {logging_mixin.py:188} INFO - [2024-05-08T13:22:59.597+0000] {dag.py:3096} INFO - Sync 1 DAGs
[2024-05-08T13:22:59.603+0000] {logging_mixin.py:188} INFO - [2024-05-08T13:22:59.603+0000] {dag.py:3954} INFO - Setting next_dagrun for example_sensors to None, run_after=None
[2024-05-08T13:22:59.622+0000] {processor.py:183} INFO - Processing /home/denys/airflow_venv/lib/python3.12/site-packages/airflow/example_dags/example_sensors.py took 0.047 seconds
[2024-05-08T13:24:00.477+0000] {processor.py:161} INFO - Started process (PID=2686) to work on /home/denys/airflow_venv/lib/python3.12/site-packages/airflow/example_dags/example_sensors.py
[2024-05-08T13:24:00.478+0000] {processor.py:830} INFO - Processing file /home/denys/airflow_venv/lib/python3.12/site-packages/airflow/example_dags/example_sensors.py for tasks to queue
[2024-05-08T13:24:00.479+0000] {logging_mixin.py:188} INFO - [2024-05-08T13:24:00.478+0000] {dagbag.py:545} INFO - Filling up the DagBag from /home/denys/airflow_venv/lib/python3.12/site-packages/airflow/example_dags/example_sensors.py
[2024-05-08T13:24:00.484+0000] {processor.py:840} INFO - DAG(s) 'example_sensors' retrieved from /home/denys/airflow_venv/lib/python3.12/site-packages/airflow/example_dags/example_sensors.py
[2024-05-08T13:24:00.494+0000] {logging_mixin.py:188} INFO - [2024-05-08T13:24:00.494+0000] {dag.py:3096} INFO - Sync 1 DAGs
[2024-05-08T13:24:00.500+0000] {logging_mixin.py:188} INFO - [2024-05-08T13:24:00.500+0000] {dag.py:3954} INFO - Setting next_dagrun for example_sensors to None, run_after=None
[2024-05-08T13:24:00.518+0000] {processor.py:183} INFO - Processing /home/denys/airflow_venv/lib/python3.12/site-packages/airflow/example_dags/example_sensors.py took 0.044 seconds
[2024-05-08T13:24:58.212+0000] {processor.py:161} INFO - Started process (PID=2750) to work on /home/denys/airflow_venv/lib/python3.12/site-packages/airflow/example_dags/example_sensors.py
[2024-05-08T13:24:58.214+0000] {processor.py:830} INFO - Processing file /home/denys/airflow_venv/lib/python3.12/site-packages/airflow/example_dags/example_sensors.py for tasks to queue
[2024-05-08T13:24:58.215+0000] {logging_mixin.py:188} INFO - [2024-05-08T13:24:58.215+0000] {dagbag.py:545} INFO - Filling up the DagBag from /home/denys/airflow_venv/lib/python3.12/site-packages/airflow/example_dags/example_sensors.py
[2024-05-08T13:24:58.221+0000] {processor.py:840} INFO - DAG(s) 'example_sensors' retrieved from /home/denys/airflow_venv/lib/python3.12/site-packages/airflow/example_dags/example_sensors.py
[2024-05-08T13:24:58.232+0000] {logging_mixin.py:188} INFO - [2024-05-08T13:24:58.232+0000] {dag.py:3096} INFO - Sync 1 DAGs
[2024-05-08T13:24:58.238+0000] {logging_mixin.py:188} INFO - [2024-05-08T13:24:58.238+0000] {dag.py:3954} INFO - Setting next_dagrun for example_sensors to None, run_after=None
[2024-05-08T13:24:58.263+0000] {processor.py:183} INFO - Processing /home/denys/airflow_venv/lib/python3.12/site-packages/airflow/example_dags/example_sensors.py took 0.054 seconds
[2024-05-08T13:25:58.578+0000] {processor.py:161} INFO - Started process (PID=2818) to work on /home/denys/airflow_venv/lib/python3.12/site-packages/airflow/example_dags/example_sensors.py
[2024-05-08T13:25:58.580+0000] {processor.py:830} INFO - Processing file /home/denys/airflow_venv/lib/python3.12/site-packages/airflow/example_dags/example_sensors.py for tasks to queue
[2024-05-08T13:25:58.581+0000] {logging_mixin.py:188} INFO - [2024-05-08T13:25:58.581+0000] {dagbag.py:545} INFO - Filling up the DagBag from /home/denys/airflow_venv/lib/python3.12/site-packages/airflow/example_dags/example_sensors.py
[2024-05-08T13:25:58.586+0000] {processor.py:840} INFO - DAG(s) 'example_sensors' retrieved from /home/denys/airflow_venv/lib/python3.12/site-packages/airflow/example_dags/example_sensors.py
[2024-05-08T13:25:58.600+0000] {logging_mixin.py:188} INFO - [2024-05-08T13:25:58.598+0000] {dag.py:3096} INFO - Sync 1 DAGs
[2024-05-08T13:25:58.606+0000] {logging_mixin.py:188} INFO - [2024-05-08T13:25:58.606+0000] {dag.py:3954} INFO - Setting next_dagrun for example_sensors to None, run_after=None
[2024-05-08T13:25:58.629+0000] {processor.py:183} INFO - Processing /home/denys/airflow_venv/lib/python3.12/site-packages/airflow/example_dags/example_sensors.py took 0.054 seconds
[2024-05-08T13:26:42.391+0000] {processor.py:161} INFO - Started process (PID=2862) to work on /home/denys/airflow_venv/lib/python3.12/site-packages/airflow/example_dags/example_sensors.py
[2024-05-08T13:26:42.393+0000] {processor.py:830} INFO - Processing file /home/denys/airflow_venv/lib/python3.12/site-packages/airflow/example_dags/example_sensors.py for tasks to queue
[2024-05-08T13:26:42.394+0000] {logging_mixin.py:188} INFO - [2024-05-08T13:26:42.394+0000] {dagbag.py:545} INFO - Filling up the DagBag from /home/denys/airflow_venv/lib/python3.12/site-packages/airflow/example_dags/example_sensors.py
[2024-05-08T13:26:42.400+0000] {processor.py:840} INFO - DAG(s) 'example_sensors' retrieved from /home/denys/airflow_venv/lib/python3.12/site-packages/airflow/example_dags/example_sensors.py
[2024-05-08T13:26:42.411+0000] {logging_mixin.py:188} INFO - [2024-05-08T13:26:42.410+0000] {dag.py:3096} INFO - Sync 1 DAGs
[2024-05-08T13:26:42.416+0000] {logging_mixin.py:188} INFO - [2024-05-08T13:26:42.416+0000] {dag.py:3954} INFO - Setting next_dagrun for example_sensors to None, run_after=None
[2024-05-08T13:26:42.441+0000] {processor.py:183} INFO - Processing /home/denys/airflow_venv/lib/python3.12/site-packages/airflow/example_dags/example_sensors.py took 0.052 seconds
[2024-05-08T13:27:25.840+0000] {processor.py:161} INFO - Started process (PID=2907) to work on /home/denys/airflow_venv/lib/python3.12/site-packages/airflow/example_dags/example_sensors.py
[2024-05-08T13:27:25.842+0000] {processor.py:830} INFO - Processing file /home/denys/airflow_venv/lib/python3.12/site-packages/airflow/example_dags/example_sensors.py for tasks to queue
[2024-05-08T13:27:25.843+0000] {logging_mixin.py:188} INFO - [2024-05-08T13:27:25.842+0000] {dagbag.py:545} INFO - Filling up the DagBag from /home/denys/airflow_venv/lib/python3.12/site-packages/airflow/example_dags/example_sensors.py
[2024-05-08T13:27:25.848+0000] {processor.py:840} INFO - DAG(s) 'example_sensors' retrieved from /home/denys/airflow_venv/lib/python3.12/site-packages/airflow/example_dags/example_sensors.py
[2024-05-08T13:27:25.860+0000] {logging_mixin.py:188} INFO - [2024-05-08T13:27:25.860+0000] {dag.py:3096} INFO - Sync 1 DAGs
[2024-05-08T13:27:25.867+0000] {logging_mixin.py:188} INFO - [2024-05-08T13:27:25.866+0000] {dag.py:3954} INFO - Setting next_dagrun for example_sensors to None, run_after=None
[2024-05-08T13:27:25.883+0000] {processor.py:183} INFO - Processing /home/denys/airflow_venv/lib/python3.12/site-packages/airflow/example_dags/example_sensors.py took 0.046 seconds
[2024-05-08T13:28:08.960+0000] {processor.py:161} INFO - Started process (PID=2952) to work on /home/denys/airflow_venv/lib/python3.12/site-packages/airflow/example_dags/example_sensors.py
[2024-05-08T13:28:08.963+0000] {processor.py:830} INFO - Processing file /home/denys/airflow_venv/lib/python3.12/site-packages/airflow/example_dags/example_sensors.py for tasks to queue
[2024-05-08T13:28:08.964+0000] {logging_mixin.py:188} INFO - [2024-05-08T13:28:08.964+0000] {dagbag.py:545} INFO - Filling up the DagBag from /home/denys/airflow_venv/lib/python3.12/site-packages/airflow/example_dags/example_sensors.py
[2024-05-08T13:28:08.970+0000] {processor.py:840} INFO - DAG(s) 'example_sensors' retrieved from /home/denys/airflow_venv/lib/python3.12/site-packages/airflow/example_dags/example_sensors.py
[2024-05-08T13:28:08.982+0000] {logging_mixin.py:188} INFO - [2024-05-08T13:28:08.981+0000] {dag.py:3096} INFO - Sync 1 DAGs
[2024-05-08T13:28:08.988+0000] {logging_mixin.py:188} INFO - [2024-05-08T13:28:08.987+0000] {dag.py:3954} INFO - Setting next_dagrun for example_sensors to None, run_after=None
[2024-05-08T13:28:09.011+0000] {processor.py:183} INFO - Processing /home/denys/airflow_venv/lib/python3.12/site-packages/airflow/example_dags/example_sensors.py took 0.054 seconds
[2024-05-08T13:28:52.623+0000] {processor.py:161} INFO - Started process (PID=3051) to work on /home/denys/airflow_venv/lib/python3.12/site-packages/airflow/example_dags/example_sensors.py
[2024-05-08T13:28:52.630+0000] {processor.py:830} INFO - Processing file /home/denys/airflow_venv/lib/python3.12/site-packages/airflow/example_dags/example_sensors.py for tasks to queue
[2024-05-08T13:28:52.631+0000] {logging_mixin.py:188} INFO - [2024-05-08T13:28:52.630+0000] {dagbag.py:545} INFO - Filling up the DagBag from /home/denys/airflow_venv/lib/python3.12/site-packages/airflow/example_dags/example_sensors.py
[2024-05-08T13:28:52.636+0000] {processor.py:840} INFO - DAG(s) 'example_sensors' retrieved from /home/denys/airflow_venv/lib/python3.12/site-packages/airflow/example_dags/example_sensors.py
[2024-05-08T13:28:52.649+0000] {logging_mixin.py:188} INFO - [2024-05-08T13:28:52.649+0000] {dag.py:3096} INFO - Sync 1 DAGs
[2024-05-08T13:28:52.656+0000] {logging_mixin.py:188} INFO - [2024-05-08T13:28:52.656+0000] {dag.py:3954} INFO - Setting next_dagrun for example_sensors to None, run_after=None
[2024-05-08T13:28:52.672+0000] {processor.py:183} INFO - Processing /home/denys/airflow_venv/lib/python3.12/site-packages/airflow/example_dags/example_sensors.py took 0.052 seconds
[2024-05-08T13:29:49.761+0000] {processor.py:161} INFO - Started process (PID=3113) to work on /home/denys/airflow_venv/lib/python3.12/site-packages/airflow/example_dags/example_sensors.py
[2024-05-08T13:29:49.762+0000] {processor.py:830} INFO - Processing file /home/denys/airflow_venv/lib/python3.12/site-packages/airflow/example_dags/example_sensors.py for tasks to queue
[2024-05-08T13:29:49.764+0000] {logging_mixin.py:188} INFO - [2024-05-08T13:29:49.763+0000] {dagbag.py:545} INFO - Filling up the DagBag from /home/denys/airflow_venv/lib/python3.12/site-packages/airflow/example_dags/example_sensors.py
[2024-05-08T13:29:49.771+0000] {processor.py:840} INFO - DAG(s) 'example_sensors' retrieved from /home/denys/airflow_venv/lib/python3.12/site-packages/airflow/example_dags/example_sensors.py
[2024-05-08T13:29:49.783+0000] {logging_mixin.py:188} INFO - [2024-05-08T13:29:49.783+0000] {dag.py:3096} INFO - Sync 1 DAGs
[2024-05-08T13:29:49.789+0000] {logging_mixin.py:188} INFO - [2024-05-08T13:29:49.789+0000] {dag.py:3954} INFO - Setting next_dagrun for example_sensors to None, run_after=None
[2024-05-08T13:29:49.807+0000] {processor.py:183} INFO - Processing /home/denys/airflow_venv/lib/python3.12/site-packages/airflow/example_dags/example_sensors.py took 0.049 seconds
[2024-05-08T13:30:51.596+0000] {processor.py:161} INFO - Started process (PID=3180) to work on /home/denys/airflow_venv/lib/python3.12/site-packages/airflow/example_dags/example_sensors.py
[2024-05-08T13:30:51.598+0000] {processor.py:830} INFO - Processing file /home/denys/airflow_venv/lib/python3.12/site-packages/airflow/example_dags/example_sensors.py for tasks to queue
[2024-05-08T13:30:51.599+0000] {logging_mixin.py:188} INFO - [2024-05-08T13:30:51.599+0000] {dagbag.py:545} INFO - Filling up the DagBag from /home/denys/airflow_venv/lib/python3.12/site-packages/airflow/example_dags/example_sensors.py
[2024-05-08T13:30:51.605+0000] {processor.py:840} INFO - DAG(s) 'example_sensors' retrieved from /home/denys/airflow_venv/lib/python3.12/site-packages/airflow/example_dags/example_sensors.py
[2024-05-08T13:30:51.617+0000] {logging_mixin.py:188} INFO - [2024-05-08T13:30:51.617+0000] {dag.py:3096} INFO - Sync 1 DAGs
[2024-05-08T13:30:51.624+0000] {logging_mixin.py:188} INFO - [2024-05-08T13:30:51.624+0000] {dag.py:3954} INFO - Setting next_dagrun for example_sensors to None, run_after=None
[2024-05-08T13:30:51.647+0000] {processor.py:183} INFO - Processing /home/denys/airflow_venv/lib/python3.12/site-packages/airflow/example_dags/example_sensors.py took 0.055 seconds
[2024-05-08T13:31:51.654+0000] {processor.py:161} INFO - Started process (PID=3243) to work on /home/denys/airflow_venv/lib/python3.12/site-packages/airflow/example_dags/example_sensors.py
[2024-05-08T13:31:51.655+0000] {processor.py:830} INFO - Processing file /home/denys/airflow_venv/lib/python3.12/site-packages/airflow/example_dags/example_sensors.py for tasks to queue
[2024-05-08T13:31:51.656+0000] {logging_mixin.py:188} INFO - [2024-05-08T13:31:51.656+0000] {dagbag.py:545} INFO - Filling up the DagBag from /home/denys/airflow_venv/lib/python3.12/site-packages/airflow/example_dags/example_sensors.py
[2024-05-08T13:31:51.661+0000] {processor.py:840} INFO - DAG(s) 'example_sensors' retrieved from /home/denys/airflow_venv/lib/python3.12/site-packages/airflow/example_dags/example_sensors.py
[2024-05-08T13:31:51.672+0000] {logging_mixin.py:188} INFO - [2024-05-08T13:31:51.672+0000] {dag.py:3096} INFO - Sync 1 DAGs
[2024-05-08T13:31:51.678+0000] {logging_mixin.py:188} INFO - [2024-05-08T13:31:51.678+0000] {dag.py:3954} INFO - Setting next_dagrun for example_sensors to None, run_after=None
[2024-05-08T13:31:51.700+0000] {processor.py:183} INFO - Processing /home/denys/airflow_venv/lib/python3.12/site-packages/airflow/example_dags/example_sensors.py took 0.049 seconds
[2024-05-08T13:32:35.181+0000] {processor.py:161} INFO - Started process (PID=3287) to work on /home/denys/airflow_venv/lib/python3.12/site-packages/airflow/example_dags/example_sensors.py
[2024-05-08T13:32:35.183+0000] {processor.py:830} INFO - Processing file /home/denys/airflow_venv/lib/python3.12/site-packages/airflow/example_dags/example_sensors.py for tasks to queue
[2024-05-08T13:32:35.184+0000] {logging_mixin.py:188} INFO - [2024-05-08T13:32:35.184+0000] {dagbag.py:545} INFO - Filling up the DagBag from /home/denys/airflow_venv/lib/python3.12/site-packages/airflow/example_dags/example_sensors.py
[2024-05-08T13:32:35.189+0000] {processor.py:840} INFO - DAG(s) 'example_sensors' retrieved from /home/denys/airflow_venv/lib/python3.12/site-packages/airflow/example_dags/example_sensors.py
[2024-05-08T13:32:35.200+0000] {logging_mixin.py:188} INFO - [2024-05-08T13:32:35.200+0000] {dag.py:3096} INFO - Sync 1 DAGs
[2024-05-08T13:32:35.206+0000] {logging_mixin.py:188} INFO - [2024-05-08T13:32:35.206+0000] {dag.py:3954} INFO - Setting next_dagrun for example_sensors to None, run_after=None
[2024-05-08T13:32:35.228+0000] {processor.py:183} INFO - Processing /home/denys/airflow_venv/lib/python3.12/site-packages/airflow/example_dags/example_sensors.py took 0.050 seconds
[2024-05-08T13:33:19.060+0000] {processor.py:161} INFO - Started process (PID=3331) to work on /home/denys/airflow_venv/lib/python3.12/site-packages/airflow/example_dags/example_sensors.py
[2024-05-08T13:33:19.061+0000] {processor.py:830} INFO - Processing file /home/denys/airflow_venv/lib/python3.12/site-packages/airflow/example_dags/example_sensors.py for tasks to queue
[2024-05-08T13:33:19.062+0000] {logging_mixin.py:188} INFO - [2024-05-08T13:33:19.062+0000] {dagbag.py:545} INFO - Filling up the DagBag from /home/denys/airflow_venv/lib/python3.12/site-packages/airflow/example_dags/example_sensors.py
[2024-05-08T13:33:19.067+0000] {processor.py:840} INFO - DAG(s) 'example_sensors' retrieved from /home/denys/airflow_venv/lib/python3.12/site-packages/airflow/example_dags/example_sensors.py
[2024-05-08T13:33:19.079+0000] {logging_mixin.py:188} INFO - [2024-05-08T13:33:19.079+0000] {dag.py:3096} INFO - Sync 1 DAGs
[2024-05-08T13:33:19.085+0000] {logging_mixin.py:188} INFO - [2024-05-08T13:33:19.085+0000] {dag.py:3954} INFO - Setting next_dagrun for example_sensors to None, run_after=None
[2024-05-08T13:33:19.102+0000] {processor.py:183} INFO - Processing /home/denys/airflow_venv/lib/python3.12/site-packages/airflow/example_dags/example_sensors.py took 0.046 seconds
[2024-05-08T13:34:01.809+0000] {processor.py:161} INFO - Started process (PID=3379) to work on /home/denys/airflow_venv/lib/python3.12/site-packages/airflow/example_dags/example_sensors.py
[2024-05-08T13:34:01.811+0000] {processor.py:830} INFO - Processing file /home/denys/airflow_venv/lib/python3.12/site-packages/airflow/example_dags/example_sensors.py for tasks to queue
[2024-05-08T13:34:01.812+0000] {logging_mixin.py:188} INFO - [2024-05-08T13:34:01.812+0000] {dagbag.py:545} INFO - Filling up the DagBag from /home/denys/airflow_venv/lib/python3.12/site-packages/airflow/example_dags/example_sensors.py
[2024-05-08T13:34:01.818+0000] {processor.py:840} INFO - DAG(s) 'example_sensors' retrieved from /home/denys/airflow_venv/lib/python3.12/site-packages/airflow/example_dags/example_sensors.py
[2024-05-08T13:34:01.830+0000] {logging_mixin.py:188} INFO - [2024-05-08T13:34:01.830+0000] {dag.py:3096} INFO - Sync 1 DAGs
[2024-05-08T13:34:01.837+0000] {logging_mixin.py:188} INFO - [2024-05-08T13:34:01.837+0000] {dag.py:3954} INFO - Setting next_dagrun for example_sensors to None, run_after=None
[2024-05-08T13:34:01.865+0000] {processor.py:183} INFO - Processing /home/denys/airflow_venv/lib/python3.12/site-packages/airflow/example_dags/example_sensors.py took 0.059 seconds
[2024-05-08T13:35:02.668+0000] {processor.py:161} INFO - Started process (PID=3445) to work on /home/denys/airflow_venv/lib/python3.12/site-packages/airflow/example_dags/example_sensors.py
[2024-05-08T13:35:02.674+0000] {processor.py:830} INFO - Processing file /home/denys/airflow_venv/lib/python3.12/site-packages/airflow/example_dags/example_sensors.py for tasks to queue
[2024-05-08T13:35:02.676+0000] {logging_mixin.py:188} INFO - [2024-05-08T13:35:02.675+0000] {dagbag.py:545} INFO - Filling up the DagBag from /home/denys/airflow_venv/lib/python3.12/site-packages/airflow/example_dags/example_sensors.py
[2024-05-08T13:35:02.680+0000] {processor.py:840} INFO - DAG(s) 'example_sensors' retrieved from /home/denys/airflow_venv/lib/python3.12/site-packages/airflow/example_dags/example_sensors.py
[2024-05-08T13:35:02.693+0000] {logging_mixin.py:188} INFO - [2024-05-08T13:35:02.693+0000] {dag.py:3096} INFO - Sync 1 DAGs
[2024-05-08T13:35:02.699+0000] {logging_mixin.py:188} INFO - [2024-05-08T13:35:02.699+0000] {dag.py:3954} INFO - Setting next_dagrun for example_sensors to None, run_after=None
[2024-05-08T13:35:02.748+0000] {processor.py:183} INFO - Processing /home/denys/airflow_venv/lib/python3.12/site-packages/airflow/example_dags/example_sensors.py took 0.084 seconds
[2024-05-08T13:36:01.894+0000] {processor.py:161} INFO - Started process (PID=3507) to work on /home/denys/airflow_venv/lib/python3.12/site-packages/airflow/example_dags/example_sensors.py
[2024-05-08T13:36:01.896+0000] {processor.py:830} INFO - Processing file /home/denys/airflow_venv/lib/python3.12/site-packages/airflow/example_dags/example_sensors.py for tasks to queue
[2024-05-08T13:36:01.897+0000] {logging_mixin.py:188} INFO - [2024-05-08T13:36:01.897+0000] {dagbag.py:545} INFO - Filling up the DagBag from /home/denys/airflow_venv/lib/python3.12/site-packages/airflow/example_dags/example_sensors.py
[2024-05-08T13:36:01.903+0000] {processor.py:840} INFO - DAG(s) 'example_sensors' retrieved from /home/denys/airflow_venv/lib/python3.12/site-packages/airflow/example_dags/example_sensors.py
[2024-05-08T13:36:01.913+0000] {logging_mixin.py:188} INFO - [2024-05-08T13:36:01.913+0000] {dag.py:3096} INFO - Sync 1 DAGs
[2024-05-08T13:36:01.920+0000] {logging_mixin.py:188} INFO - [2024-05-08T13:36:01.919+0000] {dag.py:3954} INFO - Setting next_dagrun for example_sensors to None, run_after=None
[2024-05-08T13:36:01.942+0000] {processor.py:183} INFO - Processing /home/denys/airflow_venv/lib/python3.12/site-packages/airflow/example_dags/example_sensors.py took 0.051 seconds
[2024-05-08T13:36:46.048+0000] {processor.py:161} INFO - Started process (PID=3553) to work on /home/denys/airflow_venv/lib/python3.12/site-packages/airflow/example_dags/example_sensors.py
[2024-05-08T13:36:46.050+0000] {processor.py:830} INFO - Processing file /home/denys/airflow_venv/lib/python3.12/site-packages/airflow/example_dags/example_sensors.py for tasks to queue
[2024-05-08T13:36:46.051+0000] {logging_mixin.py:188} INFO - [2024-05-08T13:36:46.051+0000] {dagbag.py:545} INFO - Filling up the DagBag from /home/denys/airflow_venv/lib/python3.12/site-packages/airflow/example_dags/example_sensors.py
[2024-05-08T13:36:46.058+0000] {processor.py:840} INFO - DAG(s) 'example_sensors' retrieved from /home/denys/airflow_venv/lib/python3.12/site-packages/airflow/example_dags/example_sensors.py
[2024-05-08T13:36:46.073+0000] {logging_mixin.py:188} INFO - [2024-05-08T13:36:46.073+0000] {dag.py:3096} INFO - Sync 1 DAGs
[2024-05-08T13:36:46.081+0000] {logging_mixin.py:188} INFO - [2024-05-08T13:36:46.080+0000] {dag.py:3954} INFO - Setting next_dagrun for example_sensors to None, run_after=None
[2024-05-08T13:36:46.101+0000] {processor.py:183} INFO - Processing /home/denys/airflow_venv/lib/python3.12/site-packages/airflow/example_dags/example_sensors.py took 0.056 seconds
[2024-05-08T13:37:51.719+0000] {processor.py:161} INFO - Started process (PID=3619) to work on /home/denys/airflow_venv/lib/python3.12/site-packages/airflow/example_dags/example_sensors.py
[2024-05-08T13:37:51.721+0000] {processor.py:830} INFO - Processing file /home/denys/airflow_venv/lib/python3.12/site-packages/airflow/example_dags/example_sensors.py for tasks to queue
[2024-05-08T13:37:51.722+0000] {logging_mixin.py:188} INFO - [2024-05-08T13:37:51.721+0000] {dagbag.py:545} INFO - Filling up the DagBag from /home/denys/airflow_venv/lib/python3.12/site-packages/airflow/example_dags/example_sensors.py
[2024-05-08T13:37:51.726+0000] {processor.py:840} INFO - DAG(s) 'example_sensors' retrieved from /home/denys/airflow_venv/lib/python3.12/site-packages/airflow/example_dags/example_sensors.py
[2024-05-08T13:37:51.739+0000] {logging_mixin.py:188} INFO - [2024-05-08T13:37:51.739+0000] {dag.py:3096} INFO - Sync 1 DAGs
[2024-05-08T13:37:51.744+0000] {logging_mixin.py:188} INFO - [2024-05-08T13:37:51.744+0000] {dag.py:3954} INFO - Setting next_dagrun for example_sensors to None, run_after=None
[2024-05-08T13:37:51.768+0000] {processor.py:183} INFO - Processing /home/denys/airflow_venv/lib/python3.12/site-packages/airflow/example_dags/example_sensors.py took 0.052 seconds
[2024-05-08T13:38:38.352+0000] {processor.py:161} INFO - Started process (PID=3667) to work on /home/denys/airflow_venv/lib/python3.12/site-packages/airflow/example_dags/example_sensors.py
[2024-05-08T13:38:38.353+0000] {processor.py:830} INFO - Processing file /home/denys/airflow_venv/lib/python3.12/site-packages/airflow/example_dags/example_sensors.py for tasks to queue
[2024-05-08T13:38:38.355+0000] {logging_mixin.py:188} INFO - [2024-05-08T13:38:38.355+0000] {dagbag.py:545} INFO - Filling up the DagBag from /home/denys/airflow_venv/lib/python3.12/site-packages/airflow/example_dags/example_sensors.py
[2024-05-08T13:38:38.361+0000] {processor.py:840} INFO - DAG(s) 'example_sensors' retrieved from /home/denys/airflow_venv/lib/python3.12/site-packages/airflow/example_dags/example_sensors.py
[2024-05-08T13:38:38.374+0000] {logging_mixin.py:188} INFO - [2024-05-08T13:38:38.373+0000] {dag.py:3096} INFO - Sync 1 DAGs
[2024-05-08T13:38:38.381+0000] {logging_mixin.py:188} INFO - [2024-05-08T13:38:38.381+0000] {dag.py:3954} INFO - Setting next_dagrun for example_sensors to None, run_after=None
[2024-05-08T13:38:38.407+0000] {processor.py:183} INFO - Processing /home/denys/airflow_venv/lib/python3.12/site-packages/airflow/example_dags/example_sensors.py took 0.059 seconds
[2024-05-08T13:39:43.109+0000] {processor.py:161} INFO - Started process (PID=3732) to work on /home/denys/airflow_venv/lib/python3.12/site-packages/airflow/example_dags/example_sensors.py
[2024-05-08T13:39:43.110+0000] {processor.py:830} INFO - Processing file /home/denys/airflow_venv/lib/python3.12/site-packages/airflow/example_dags/example_sensors.py for tasks to queue
[2024-05-08T13:39:43.111+0000] {logging_mixin.py:188} INFO - [2024-05-08T13:39:43.111+0000] {dagbag.py:545} INFO - Filling up the DagBag from /home/denys/airflow_venv/lib/python3.12/site-packages/airflow/example_dags/example_sensors.py
[2024-05-08T13:39:43.117+0000] {processor.py:840} INFO - DAG(s) 'example_sensors' retrieved from /home/denys/airflow_venv/lib/python3.12/site-packages/airflow/example_dags/example_sensors.py
[2024-05-08T13:39:43.131+0000] {logging_mixin.py:188} INFO - [2024-05-08T13:39:43.131+0000] {dag.py:3096} INFO - Sync 1 DAGs
[2024-05-08T13:39:43.140+0000] {logging_mixin.py:188} INFO - [2024-05-08T13:39:43.140+0000] {dag.py:3954} INFO - Setting next_dagrun for example_sensors to None, run_after=None
[2024-05-08T13:39:43.229+0000] {processor.py:183} INFO - Processing /home/denys/airflow_venv/lib/python3.12/site-packages/airflow/example_dags/example_sensors.py took 0.123 seconds
[2024-05-08T13:40:30.424+0000] {processor.py:161} INFO - Started process (PID=3780) to work on /home/denys/airflow_venv/lib/python3.12/site-packages/airflow/example_dags/example_sensors.py
[2024-05-08T13:40:30.426+0000] {processor.py:830} INFO - Processing file /home/denys/airflow_venv/lib/python3.12/site-packages/airflow/example_dags/example_sensors.py for tasks to queue
[2024-05-08T13:40:30.427+0000] {logging_mixin.py:188} INFO - [2024-05-08T13:40:30.426+0000] {dagbag.py:545} INFO - Filling up the DagBag from /home/denys/airflow_venv/lib/python3.12/site-packages/airflow/example_dags/example_sensors.py
[2024-05-08T13:40:30.433+0000] {processor.py:840} INFO - DAG(s) 'example_sensors' retrieved from /home/denys/airflow_venv/lib/python3.12/site-packages/airflow/example_dags/example_sensors.py
[2024-05-08T13:40:30.449+0000] {logging_mixin.py:188} INFO - [2024-05-08T13:40:30.449+0000] {dag.py:3096} INFO - Sync 1 DAGs
[2024-05-08T13:40:30.457+0000] {logging_mixin.py:188} INFO - [2024-05-08T13:40:30.457+0000] {dag.py:3954} INFO - Setting next_dagrun for example_sensors to None, run_after=None
[2024-05-08T13:40:30.477+0000] {processor.py:183} INFO - Processing /home/denys/airflow_venv/lib/python3.12/site-packages/airflow/example_dags/example_sensors.py took 0.056 seconds
[2024-05-08T13:41:18.867+0000] {processor.py:161} INFO - Started process (PID=3827) to work on /home/denys/airflow_venv/lib/python3.12/site-packages/airflow/example_dags/example_sensors.py
[2024-05-08T13:41:18.874+0000] {processor.py:830} INFO - Processing file /home/denys/airflow_venv/lib/python3.12/site-packages/airflow/example_dags/example_sensors.py for tasks to queue
[2024-05-08T13:41:18.875+0000] {logging_mixin.py:188} INFO - [2024-05-08T13:41:18.875+0000] {dagbag.py:545} INFO - Filling up the DagBag from /home/denys/airflow_venv/lib/python3.12/site-packages/airflow/example_dags/example_sensors.py
[2024-05-08T13:41:18.881+0000] {processor.py:840} INFO - DAG(s) 'example_sensors' retrieved from /home/denys/airflow_venv/lib/python3.12/site-packages/airflow/example_dags/example_sensors.py
[2024-05-08T13:41:18.894+0000] {logging_mixin.py:188} INFO - [2024-05-08T13:41:18.893+0000] {dag.py:3096} INFO - Sync 1 DAGs
[2024-05-08T13:41:18.900+0000] {logging_mixin.py:188} INFO - [2024-05-08T13:41:18.900+0000] {dag.py:3954} INFO - Setting next_dagrun for example_sensors to None, run_after=None
[2024-05-08T13:41:18.918+0000] {processor.py:183} INFO - Processing /home/denys/airflow_venv/lib/python3.12/site-packages/airflow/example_dags/example_sensors.py took 0.055 seconds
[2024-05-08T13:42:03.998+0000] {processor.py:161} INFO - Started process (PID=3872) to work on /home/denys/airflow_venv/lib/python3.12/site-packages/airflow/example_dags/example_sensors.py
[2024-05-08T13:42:03.999+0000] {processor.py:830} INFO - Processing file /home/denys/airflow_venv/lib/python3.12/site-packages/airflow/example_dags/example_sensors.py for tasks to queue
[2024-05-08T13:42:04.000+0000] {logging_mixin.py:188} INFO - [2024-05-08T13:42:04.000+0000] {dagbag.py:545} INFO - Filling up the DagBag from /home/denys/airflow_venv/lib/python3.12/site-packages/airflow/example_dags/example_sensors.py
[2024-05-08T13:42:04.005+0000] {processor.py:840} INFO - DAG(s) 'example_sensors' retrieved from /home/denys/airflow_venv/lib/python3.12/site-packages/airflow/example_dags/example_sensors.py
[2024-05-08T13:42:04.019+0000] {logging_mixin.py:188} INFO - [2024-05-08T13:42:04.018+0000] {dag.py:3096} INFO - Sync 1 DAGs
[2024-05-08T13:42:04.025+0000] {logging_mixin.py:188} INFO - [2024-05-08T13:42:04.025+0000] {dag.py:3954} INFO - Setting next_dagrun for example_sensors to None, run_after=None
[2024-05-08T13:42:04.043+0000] {processor.py:183} INFO - Processing /home/denys/airflow_venv/lib/python3.12/site-packages/airflow/example_dags/example_sensors.py took 0.049 seconds
[2024-05-08T13:42:49.283+0000] {processor.py:161} INFO - Started process (PID=3918) to work on /home/denys/airflow_venv/lib/python3.12/site-packages/airflow/example_dags/example_sensors.py
[2024-05-08T13:42:49.285+0000] {processor.py:830} INFO - Processing file /home/denys/airflow_venv/lib/python3.12/site-packages/airflow/example_dags/example_sensors.py for tasks to queue
[2024-05-08T13:42:49.286+0000] {logging_mixin.py:188} INFO - [2024-05-08T13:42:49.286+0000] {dagbag.py:545} INFO - Filling up the DagBag from /home/denys/airflow_venv/lib/python3.12/site-packages/airflow/example_dags/example_sensors.py
[2024-05-08T13:42:49.291+0000] {processor.py:840} INFO - DAG(s) 'example_sensors' retrieved from /home/denys/airflow_venv/lib/python3.12/site-packages/airflow/example_dags/example_sensors.py
[2024-05-08T13:42:49.302+0000] {logging_mixin.py:188} INFO - [2024-05-08T13:42:49.302+0000] {dag.py:3096} INFO - Sync 1 DAGs
[2024-05-08T13:42:49.309+0000] {logging_mixin.py:188} INFO - [2024-05-08T13:42:49.309+0000] {dag.py:3954} INFO - Setting next_dagrun for example_sensors to None, run_after=None
[2024-05-08T13:42:49.332+0000] {processor.py:183} INFO - Processing /home/denys/airflow_venv/lib/python3.12/site-packages/airflow/example_dags/example_sensors.py took 0.052 seconds
