[2024-05-08T13:11:48.175+0000] {processor.py:161} INFO - Started process (PID=1865) to work on /home/denys/airflow_venv/lib/python3.12/site-packages/airflow/example_dags/example_latest_only.py
[2024-05-08T13:11:48.175+0000] {processor.py:830} INFO - Processing file /home/denys/airflow_venv/lib/python3.12/site-packages/airflow/example_dags/example_latest_only.py for tasks to queue
[2024-05-08T13:11:48.176+0000] {logging_mixin.py:188} INFO - [2024-05-08T13:11:48.176+0000] {dagbag.py:545} INFO - Filling up the DagBag from /home/denys/airflow_venv/lib/python3.12/site-packages/airflow/example_dags/example_latest_only.py
[2024-05-08T13:11:48.179+0000] {processor.py:840} INFO - DAG(s) 'latest_only' retrieved from /home/denys/airflow_venv/lib/python3.12/site-packages/airflow/example_dags/example_latest_only.py
[2024-05-08T13:11:48.247+0000] {logging_mixin.py:188} INFO - [2024-05-08T13:11:48.247+0000] {override.py:1829} INFO - Created Permission View: can delete on DAG:latest_only
[2024-05-08T13:11:48.256+0000] {logging_mixin.py:188} INFO - [2024-05-08T13:11:48.256+0000] {override.py:1829} INFO - Created Permission View: can edit on DAG:latest_only
[2024-05-08T13:11:48.263+0000] {logging_mixin.py:188} INFO - [2024-05-08T13:11:48.263+0000] {override.py:1829} INFO - Created Permission View: can read on DAG:latest_only
[2024-05-08T13:11:48.263+0000] {logging_mixin.py:188} INFO - [2024-05-08T13:11:48.263+0000] {dag.py:3096} INFO - Sync 1 DAGs
[2024-05-08T13:11:48.268+0000] {logging_mixin.py:188} INFO - [2024-05-08T13:11:48.268+0000] {dag.py:3118} INFO - Creating ORM DAG for latest_only
[2024-05-08T13:11:48.273+0000] {logging_mixin.py:188} INFO - [2024-05-08T13:11:48.273+0000] {dag.py:3954} INFO - Setting next_dagrun for latest_only to 2024-05-08 08:00:00+00:00, run_after=2024-05-08 12:00:00+00:00
[2024-05-08T13:11:48.307+0000] {processor.py:183} INFO - Processing /home/denys/airflow_venv/lib/python3.12/site-packages/airflow/example_dags/example_latest_only.py took 0.135 seconds
[2024-05-08T13:12:42.691+0000] {processor.py:161} INFO - Started process (PID=1918) to work on /home/denys/airflow_venv/lib/python3.12/site-packages/airflow/example_dags/example_latest_only.py
[2024-05-08T13:12:42.693+0000] {processor.py:830} INFO - Processing file /home/denys/airflow_venv/lib/python3.12/site-packages/airflow/example_dags/example_latest_only.py for tasks to queue
[2024-05-08T13:12:42.694+0000] {logging_mixin.py:188} INFO - [2024-05-08T13:12:42.693+0000] {dagbag.py:545} INFO - Filling up the DagBag from /home/denys/airflow_venv/lib/python3.12/site-packages/airflow/example_dags/example_latest_only.py
[2024-05-08T13:12:42.697+0000] {processor.py:840} INFO - DAG(s) 'latest_only' retrieved from /home/denys/airflow_venv/lib/python3.12/site-packages/airflow/example_dags/example_latest_only.py
[2024-05-08T13:12:42.707+0000] {logging_mixin.py:188} INFO - [2024-05-08T13:12:42.707+0000] {dag.py:3096} INFO - Sync 1 DAGs
[2024-05-08T13:12:42.718+0000] {logging_mixin.py:188} INFO - [2024-05-08T13:12:42.718+0000] {dag.py:3954} INFO - Setting next_dagrun for latest_only to 2024-05-08 08:00:00+00:00, run_after=2024-05-08 12:00:00+00:00
[2024-05-08T13:12:42.737+0000] {processor.py:183} INFO - Processing /home/denys/airflow_venv/lib/python3.12/site-packages/airflow/example_dags/example_latest_only.py took 0.048 seconds
[2024-05-08T13:13:27.953+0000] {processor.py:161} INFO - Started process (PID=1967) to work on /home/denys/airflow_venv/lib/python3.12/site-packages/airflow/example_dags/example_latest_only.py
[2024-05-08T13:13:27.954+0000] {processor.py:830} INFO - Processing file /home/denys/airflow_venv/lib/python3.12/site-packages/airflow/example_dags/example_latest_only.py for tasks to queue
[2024-05-08T13:13:27.955+0000] {logging_mixin.py:188} INFO - [2024-05-08T13:13:27.955+0000] {dagbag.py:545} INFO - Filling up the DagBag from /home/denys/airflow_venv/lib/python3.12/site-packages/airflow/example_dags/example_latest_only.py
[2024-05-08T13:13:27.958+0000] {processor.py:840} INFO - DAG(s) 'latest_only' retrieved from /home/denys/airflow_venv/lib/python3.12/site-packages/airflow/example_dags/example_latest_only.py
[2024-05-08T13:13:27.968+0000] {logging_mixin.py:188} INFO - [2024-05-08T13:13:27.967+0000] {dag.py:3096} INFO - Sync 1 DAGs
[2024-05-08T13:13:27.978+0000] {logging_mixin.py:188} INFO - [2024-05-08T13:13:27.977+0000] {dag.py:3954} INFO - Setting next_dagrun for latest_only to 2024-05-08 08:00:00+00:00, run_after=2024-05-08 12:00:00+00:00
[2024-05-08T13:13:28.004+0000] {processor.py:183} INFO - Processing /home/denys/airflow_venv/lib/python3.12/site-packages/airflow/example_dags/example_latest_only.py took 0.055 seconds
[2024-05-08T13:14:18.534+0000] {processor.py:161} INFO - Started process (PID=2020) to work on /home/denys/airflow_venv/lib/python3.12/site-packages/airflow/example_dags/example_latest_only.py
[2024-05-08T13:14:18.535+0000] {processor.py:830} INFO - Processing file /home/denys/airflow_venv/lib/python3.12/site-packages/airflow/example_dags/example_latest_only.py for tasks to queue
[2024-05-08T13:14:18.537+0000] {logging_mixin.py:188} INFO - [2024-05-08T13:14:18.536+0000] {dagbag.py:545} INFO - Filling up the DagBag from /home/denys/airflow_venv/lib/python3.12/site-packages/airflow/example_dags/example_latest_only.py
[2024-05-08T13:14:18.539+0000] {processor.py:840} INFO - DAG(s) 'latest_only' retrieved from /home/denys/airflow_venv/lib/python3.12/site-packages/airflow/example_dags/example_latest_only.py
[2024-05-08T13:14:18.548+0000] {logging_mixin.py:188} INFO - [2024-05-08T13:14:18.548+0000] {dag.py:3096} INFO - Sync 1 DAGs
[2024-05-08T13:14:18.558+0000] {logging_mixin.py:188} INFO - [2024-05-08T13:14:18.558+0000] {dag.py:3954} INFO - Setting next_dagrun for latest_only to 2024-05-08 08:00:00+00:00, run_after=2024-05-08 12:00:00+00:00
[2024-05-08T13:14:18.580+0000] {processor.py:183} INFO - Processing /home/denys/airflow_venv/lib/python3.12/site-packages/airflow/example_dags/example_latest_only.py took 0.050 seconds
[2024-05-08T13:15:02.164+0000] {processor.py:161} INFO - Started process (PID=2067) to work on /home/denys/airflow_venv/lib/python3.12/site-packages/airflow/example_dags/example_latest_only.py
[2024-05-08T13:15:02.166+0000] {processor.py:830} INFO - Processing file /home/denys/airflow_venv/lib/python3.12/site-packages/airflow/example_dags/example_latest_only.py for tasks to queue
[2024-05-08T13:15:02.167+0000] {logging_mixin.py:188} INFO - [2024-05-08T13:15:02.167+0000] {dagbag.py:545} INFO - Filling up the DagBag from /home/denys/airflow_venv/lib/python3.12/site-packages/airflow/example_dags/example_latest_only.py
[2024-05-08T13:15:02.170+0000] {processor.py:840} INFO - DAG(s) 'latest_only' retrieved from /home/denys/airflow_venv/lib/python3.12/site-packages/airflow/example_dags/example_latest_only.py
[2024-05-08T13:15:02.179+0000] {logging_mixin.py:188} INFO - [2024-05-08T13:15:02.179+0000] {dag.py:3096} INFO - Sync 1 DAGs
[2024-05-08T13:15:02.189+0000] {logging_mixin.py:188} INFO - [2024-05-08T13:15:02.189+0000] {dag.py:3954} INFO - Setting next_dagrun for latest_only to 2024-05-08 08:00:00+00:00, run_after=2024-05-08 12:00:00+00:00
[2024-05-08T13:15:02.204+0000] {processor.py:183} INFO - Processing /home/denys/airflow_venv/lib/python3.12/site-packages/airflow/example_dags/example_latest_only.py took 0.044 seconds
[2024-05-08T13:15:43.880+0000] {processor.py:161} INFO - Started process (PID=2110) to work on /home/denys/airflow_venv/lib/python3.12/site-packages/airflow/example_dags/example_latest_only.py
[2024-05-08T13:15:43.881+0000] {processor.py:830} INFO - Processing file /home/denys/airflow_venv/lib/python3.12/site-packages/airflow/example_dags/example_latest_only.py for tasks to queue
[2024-05-08T13:15:43.882+0000] {logging_mixin.py:188} INFO - [2024-05-08T13:15:43.881+0000] {dagbag.py:545} INFO - Filling up the DagBag from /home/denys/airflow_venv/lib/python3.12/site-packages/airflow/example_dags/example_latest_only.py
[2024-05-08T13:15:43.884+0000] {processor.py:840} INFO - DAG(s) 'latest_only' retrieved from /home/denys/airflow_venv/lib/python3.12/site-packages/airflow/example_dags/example_latest_only.py
[2024-05-08T13:15:43.894+0000] {logging_mixin.py:188} INFO - [2024-05-08T13:15:43.894+0000] {dag.py:3096} INFO - Sync 1 DAGs
[2024-05-08T13:15:43.905+0000] {logging_mixin.py:188} INFO - [2024-05-08T13:15:43.905+0000] {dag.py:3954} INFO - Setting next_dagrun for latest_only to 2024-05-08 08:00:00+00:00, run_after=2024-05-08 12:00:00+00:00
[2024-05-08T13:15:43.926+0000] {processor.py:183} INFO - Processing /home/denys/airflow_venv/lib/python3.12/site-packages/airflow/example_dags/example_latest_only.py took 0.051 seconds
[2024-05-08T13:16:26.480+0000] {processor.py:161} INFO - Started process (PID=2154) to work on /home/denys/airflow_venv/lib/python3.12/site-packages/airflow/example_dags/example_latest_only.py
[2024-05-08T13:16:26.481+0000] {processor.py:830} INFO - Processing file /home/denys/airflow_venv/lib/python3.12/site-packages/airflow/example_dags/example_latest_only.py for tasks to queue
[2024-05-08T13:16:26.482+0000] {logging_mixin.py:188} INFO - [2024-05-08T13:16:26.482+0000] {dagbag.py:545} INFO - Filling up the DagBag from /home/denys/airflow_venv/lib/python3.12/site-packages/airflow/example_dags/example_latest_only.py
[2024-05-08T13:16:26.485+0000] {processor.py:840} INFO - DAG(s) 'latest_only' retrieved from /home/denys/airflow_venv/lib/python3.12/site-packages/airflow/example_dags/example_latest_only.py
[2024-05-08T13:16:26.494+0000] {logging_mixin.py:188} INFO - [2024-05-08T13:16:26.494+0000] {dag.py:3096} INFO - Sync 1 DAGs
[2024-05-08T13:16:26.507+0000] {logging_mixin.py:188} INFO - [2024-05-08T13:16:26.507+0000] {dag.py:3954} INFO - Setting next_dagrun for latest_only to 2024-05-08 08:00:00+00:00, run_after=2024-05-08 12:00:00+00:00
[2024-05-08T13:16:26.530+0000] {processor.py:183} INFO - Processing /home/denys/airflow_venv/lib/python3.12/site-packages/airflow/example_dags/example_latest_only.py took 0.054 seconds
[2024-05-08T13:17:09.102+0000] {processor.py:161} INFO - Started process (PID=2200) to work on /home/denys/airflow_venv/lib/python3.12/site-packages/airflow/example_dags/example_latest_only.py
[2024-05-08T13:17:09.104+0000] {processor.py:830} INFO - Processing file /home/denys/airflow_venv/lib/python3.12/site-packages/airflow/example_dags/example_latest_only.py for tasks to queue
[2024-05-08T13:17:09.105+0000] {logging_mixin.py:188} INFO - [2024-05-08T13:17:09.104+0000] {dagbag.py:545} INFO - Filling up the DagBag from /home/denys/airflow_venv/lib/python3.12/site-packages/airflow/example_dags/example_latest_only.py
[2024-05-08T13:17:09.108+0000] {processor.py:840} INFO - DAG(s) 'latest_only' retrieved from /home/denys/airflow_venv/lib/python3.12/site-packages/airflow/example_dags/example_latest_only.py
[2024-05-08T13:17:09.117+0000] {logging_mixin.py:188} INFO - [2024-05-08T13:17:09.117+0000] {dag.py:3096} INFO - Sync 1 DAGs
[2024-05-08T13:17:09.127+0000] {logging_mixin.py:188} INFO - [2024-05-08T13:17:09.127+0000] {dag.py:3954} INFO - Setting next_dagrun for latest_only to 2024-05-08 08:00:00+00:00, run_after=2024-05-08 12:00:00+00:00
[2024-05-08T13:17:09.144+0000] {processor.py:183} INFO - Processing /home/denys/airflow_venv/lib/python3.12/site-packages/airflow/example_dags/example_latest_only.py took 0.045 seconds
[2024-05-08T13:17:51.197+0000] {processor.py:161} INFO - Started process (PID=2247) to work on /home/denys/airflow_venv/lib/python3.12/site-packages/airflow/example_dags/example_latest_only.py
[2024-05-08T13:17:51.198+0000] {processor.py:830} INFO - Processing file /home/denys/airflow_venv/lib/python3.12/site-packages/airflow/example_dags/example_latest_only.py for tasks to queue
[2024-05-08T13:17:51.200+0000] {logging_mixin.py:188} INFO - [2024-05-08T13:17:51.199+0000] {dagbag.py:545} INFO - Filling up the DagBag from /home/denys/airflow_venv/lib/python3.12/site-packages/airflow/example_dags/example_latest_only.py
[2024-05-08T13:17:51.203+0000] {processor.py:840} INFO - DAG(s) 'latest_only' retrieved from /home/denys/airflow_venv/lib/python3.12/site-packages/airflow/example_dags/example_latest_only.py
[2024-05-08T13:17:51.211+0000] {logging_mixin.py:188} INFO - [2024-05-08T13:17:51.211+0000] {dag.py:3096} INFO - Sync 1 DAGs
[2024-05-08T13:17:51.221+0000] {logging_mixin.py:188} INFO - [2024-05-08T13:17:51.221+0000] {dag.py:3954} INFO - Setting next_dagrun for latest_only to 2024-05-08 08:00:00+00:00, run_after=2024-05-08 12:00:00+00:00
[2024-05-08T13:17:51.242+0000] {processor.py:183} INFO - Processing /home/denys/airflow_venv/lib/python3.12/site-packages/airflow/example_dags/example_latest_only.py took 0.048 seconds
[2024-05-08T13:19:19.545+0000] {processor.py:161} INFO - Started process (PID=2321) to work on /home/denys/airflow_venv/lib/python3.12/site-packages/airflow/example_dags/example_latest_only.py
[2024-05-08T13:19:19.548+0000] {processor.py:830} INFO - Processing file /home/denys/airflow_venv/lib/python3.12/site-packages/airflow/example_dags/example_latest_only.py for tasks to queue
[2024-05-08T13:19:19.551+0000] {logging_mixin.py:188} INFO - [2024-05-08T13:19:19.551+0000] {dagbag.py:545} INFO - Filling up the DagBag from /home/denys/airflow_venv/lib/python3.12/site-packages/airflow/example_dags/example_latest_only.py
[2024-05-08T13:19:19.560+0000] {processor.py:840} INFO - DAG(s) 'latest_only' retrieved from /home/denys/airflow_venv/lib/python3.12/site-packages/airflow/example_dags/example_latest_only.py
[2024-05-08T13:19:19.653+0000] {logging_mixin.py:188} INFO - [2024-05-08T13:19:19.653+0000] {dag.py:3096} INFO - Sync 1 DAGs
[2024-05-08T13:19:19.665+0000] {logging_mixin.py:188} INFO - [2024-05-08T13:19:19.665+0000] {dag.py:3954} INFO - Setting next_dagrun for latest_only to 2024-05-08 08:00:00+00:00, run_after=2024-05-08 12:00:00+00:00
[2024-05-08T13:19:19.784+0000] {processor.py:183} INFO - Processing /home/denys/airflow_venv/lib/python3.12/site-packages/airflow/example_dags/example_latest_only.py took 0.243 seconds
[2024-05-08T13:20:10.103+0000] {processor.py:161} INFO - Started process (PID=2375) to work on /home/denys/airflow_venv/lib/python3.12/site-packages/airflow/example_dags/example_latest_only.py
[2024-05-08T13:20:10.104+0000] {processor.py:830} INFO - Processing file /home/denys/airflow_venv/lib/python3.12/site-packages/airflow/example_dags/example_latest_only.py for tasks to queue
[2024-05-08T13:20:10.106+0000] {logging_mixin.py:188} INFO - [2024-05-08T13:20:10.106+0000] {dagbag.py:545} INFO - Filling up the DagBag from /home/denys/airflow_venv/lib/python3.12/site-packages/airflow/example_dags/example_latest_only.py
[2024-05-08T13:20:10.109+0000] {processor.py:840} INFO - DAG(s) 'latest_only' retrieved from /home/denys/airflow_venv/lib/python3.12/site-packages/airflow/example_dags/example_latest_only.py
[2024-05-08T13:20:10.159+0000] {logging_mixin.py:188} INFO - [2024-05-08T13:20:10.159+0000] {dag.py:3096} INFO - Sync 1 DAGs
[2024-05-08T13:20:10.167+0000] {logging_mixin.py:188} INFO - [2024-05-08T13:20:10.167+0000] {dag.py:3954} INFO - Setting next_dagrun for latest_only to 2024-05-08 08:00:00+00:00, run_after=2024-05-08 12:00:00+00:00
[2024-05-08T13:20:10.184+0000] {processor.py:183} INFO - Processing /home/denys/airflow_venv/lib/python3.12/site-packages/airflow/example_dags/example_latest_only.py took 0.085 seconds
[2024-05-08T13:20:59.726+0000] {processor.py:161} INFO - Started process (PID=2430) to work on /home/denys/airflow_venv/lib/python3.12/site-packages/airflow/example_dags/example_latest_only.py
[2024-05-08T13:20:59.727+0000] {processor.py:830} INFO - Processing file /home/denys/airflow_venv/lib/python3.12/site-packages/airflow/example_dags/example_latest_only.py for tasks to queue
[2024-05-08T13:20:59.729+0000] {logging_mixin.py:188} INFO - [2024-05-08T13:20:59.728+0000] {dagbag.py:545} INFO - Filling up the DagBag from /home/denys/airflow_venv/lib/python3.12/site-packages/airflow/example_dags/example_latest_only.py
[2024-05-08T13:20:59.732+0000] {processor.py:840} INFO - DAG(s) 'latest_only' retrieved from /home/denys/airflow_venv/lib/python3.12/site-packages/airflow/example_dags/example_latest_only.py
[2024-05-08T13:20:59.741+0000] {logging_mixin.py:188} INFO - [2024-05-08T13:20:59.741+0000] {dag.py:3096} INFO - Sync 1 DAGs
[2024-05-08T13:20:59.753+0000] {logging_mixin.py:188} INFO - [2024-05-08T13:20:59.753+0000] {dag.py:3954} INFO - Setting next_dagrun for latest_only to 2024-05-08 08:00:00+00:00, run_after=2024-05-08 12:00:00+00:00
[2024-05-08T13:20:59.775+0000] {processor.py:183} INFO - Processing /home/denys/airflow_venv/lib/python3.12/site-packages/airflow/example_dags/example_latest_only.py took 0.053 seconds
[2024-05-08T13:21:44.481+0000] {processor.py:161} INFO - Started process (PID=2472) to work on /home/denys/airflow_venv/lib/python3.12/site-packages/airflow/example_dags/example_latest_only.py
[2024-05-08T13:21:44.483+0000] {processor.py:830} INFO - Processing file /home/denys/airflow_venv/lib/python3.12/site-packages/airflow/example_dags/example_latest_only.py for tasks to queue
[2024-05-08T13:21:44.484+0000] {logging_mixin.py:188} INFO - [2024-05-08T13:21:44.483+0000] {dagbag.py:545} INFO - Filling up the DagBag from /home/denys/airflow_venv/lib/python3.12/site-packages/airflow/example_dags/example_latest_only.py
[2024-05-08T13:21:44.487+0000] {processor.py:840} INFO - DAG(s) 'latest_only' retrieved from /home/denys/airflow_venv/lib/python3.12/site-packages/airflow/example_dags/example_latest_only.py
[2024-05-08T13:21:44.496+0000] {logging_mixin.py:188} INFO - [2024-05-08T13:21:44.496+0000] {dag.py:3096} INFO - Sync 1 DAGs
[2024-05-08T13:21:44.506+0000] {logging_mixin.py:188} INFO - [2024-05-08T13:21:44.505+0000] {dag.py:3954} INFO - Setting next_dagrun for latest_only to 2024-05-08 08:00:00+00:00, run_after=2024-05-08 12:00:00+00:00
[2024-05-08T13:21:44.526+0000] {processor.py:183} INFO - Processing /home/denys/airflow_venv/lib/python3.12/site-packages/airflow/example_dags/example_latest_only.py took 0.048 seconds
[2024-05-08T13:22:27.561+0000] {processor.py:161} INFO - Started process (PID=2518) to work on /home/denys/airflow_venv/lib/python3.12/site-packages/airflow/example_dags/example_latest_only.py
[2024-05-08T13:22:27.562+0000] {processor.py:830} INFO - Processing file /home/denys/airflow_venv/lib/python3.12/site-packages/airflow/example_dags/example_latest_only.py for tasks to queue
[2024-05-08T13:22:27.563+0000] {logging_mixin.py:188} INFO - [2024-05-08T13:22:27.563+0000] {dagbag.py:545} INFO - Filling up the DagBag from /home/denys/airflow_venv/lib/python3.12/site-packages/airflow/example_dags/example_latest_only.py
[2024-05-08T13:22:27.566+0000] {processor.py:840} INFO - DAG(s) 'latest_only' retrieved from /home/denys/airflow_venv/lib/python3.12/site-packages/airflow/example_dags/example_latest_only.py
[2024-05-08T13:22:27.576+0000] {logging_mixin.py:188} INFO - [2024-05-08T13:22:27.575+0000] {dag.py:3096} INFO - Sync 1 DAGs
[2024-05-08T13:22:27.588+0000] {logging_mixin.py:188} INFO - [2024-05-08T13:22:27.588+0000] {dag.py:3954} INFO - Setting next_dagrun for latest_only to 2024-05-08 08:00:00+00:00, run_after=2024-05-08 12:00:00+00:00
[2024-05-08T13:22:27.610+0000] {processor.py:183} INFO - Processing /home/denys/airflow_venv/lib/python3.12/site-packages/airflow/example_dags/example_latest_only.py took 0.052 seconds
[2024-05-08T13:23:08.777+0000] {processor.py:161} INFO - Started process (PID=2563) to work on /home/denys/airflow_venv/lib/python3.12/site-packages/airflow/example_dags/example_latest_only.py
[2024-05-08T13:23:08.779+0000] {processor.py:830} INFO - Processing file /home/denys/airflow_venv/lib/python3.12/site-packages/airflow/example_dags/example_latest_only.py for tasks to queue
[2024-05-08T13:23:08.780+0000] {logging_mixin.py:188} INFO - [2024-05-08T13:23:08.779+0000] {dagbag.py:545} INFO - Filling up the DagBag from /home/denys/airflow_venv/lib/python3.12/site-packages/airflow/example_dags/example_latest_only.py
[2024-05-08T13:23:08.783+0000] {processor.py:840} INFO - DAG(s) 'latest_only' retrieved from /home/denys/airflow_venv/lib/python3.12/site-packages/airflow/example_dags/example_latest_only.py
[2024-05-08T13:23:08.793+0000] {logging_mixin.py:188} INFO - [2024-05-08T13:23:08.793+0000] {dag.py:3096} INFO - Sync 1 DAGs
[2024-05-08T13:23:08.803+0000] {logging_mixin.py:188} INFO - [2024-05-08T13:23:08.803+0000] {dag.py:3954} INFO - Setting next_dagrun for latest_only to 2024-05-08 08:00:00+00:00, run_after=2024-05-08 12:00:00+00:00
[2024-05-08T13:23:08.819+0000] {processor.py:183} INFO - Processing /home/denys/airflow_venv/lib/python3.12/site-packages/airflow/example_dags/example_latest_only.py took 0.045 seconds
[2024-05-08T13:23:50.338+0000] {processor.py:161} INFO - Started process (PID=2674) to work on /home/denys/airflow_venv/lib/python3.12/site-packages/airflow/example_dags/example_latest_only.py
[2024-05-08T13:23:50.340+0000] {processor.py:830} INFO - Processing file /home/denys/airflow_venv/lib/python3.12/site-packages/airflow/example_dags/example_latest_only.py for tasks to queue
[2024-05-08T13:23:50.341+0000] {logging_mixin.py:188} INFO - [2024-05-08T13:23:50.341+0000] {dagbag.py:545} INFO - Filling up the DagBag from /home/denys/airflow_venv/lib/python3.12/site-packages/airflow/example_dags/example_latest_only.py
[2024-05-08T13:23:50.344+0000] {processor.py:840} INFO - DAG(s) 'latest_only' retrieved from /home/denys/airflow_venv/lib/python3.12/site-packages/airflow/example_dags/example_latest_only.py
[2024-05-08T13:23:50.353+0000] {logging_mixin.py:188} INFO - [2024-05-08T13:23:50.353+0000] {dag.py:3096} INFO - Sync 1 DAGs
[2024-05-08T13:23:50.364+0000] {logging_mixin.py:188} INFO - [2024-05-08T13:23:50.364+0000] {dag.py:3954} INFO - Setting next_dagrun for latest_only to 2024-05-08 08:00:00+00:00, run_after=2024-05-08 12:00:00+00:00
[2024-05-08T13:23:50.385+0000] {processor.py:183} INFO - Processing /home/denys/airflow_venv/lib/python3.12/site-packages/airflow/example_dags/example_latest_only.py took 0.050 seconds
[2024-05-08T13:24:30.451+0000] {processor.py:161} INFO - Started process (PID=2720) to work on /home/denys/airflow_venv/lib/python3.12/site-packages/airflow/example_dags/example_latest_only.py
[2024-05-08T13:24:30.459+0000] {processor.py:830} INFO - Processing file /home/denys/airflow_venv/lib/python3.12/site-packages/airflow/example_dags/example_latest_only.py for tasks to queue
[2024-05-08T13:24:30.460+0000] {logging_mixin.py:188} INFO - [2024-05-08T13:24:30.459+0000] {dagbag.py:545} INFO - Filling up the DagBag from /home/denys/airflow_venv/lib/python3.12/site-packages/airflow/example_dags/example_latest_only.py
[2024-05-08T13:24:30.463+0000] {processor.py:840} INFO - DAG(s) 'latest_only' retrieved from /home/denys/airflow_venv/lib/python3.12/site-packages/airflow/example_dags/example_latest_only.py
[2024-05-08T13:24:30.472+0000] {logging_mixin.py:188} INFO - [2024-05-08T13:24:30.472+0000] {dag.py:3096} INFO - Sync 1 DAGs
[2024-05-08T13:24:30.481+0000] {logging_mixin.py:188} INFO - [2024-05-08T13:24:30.481+0000] {dag.py:3954} INFO - Setting next_dagrun for latest_only to 2024-05-08 08:00:00+00:00, run_after=2024-05-08 12:00:00+00:00
[2024-05-08T13:24:30.500+0000] {processor.py:183} INFO - Processing /home/denys/airflow_venv/lib/python3.12/site-packages/airflow/example_dags/example_latest_only.py took 0.052 seconds
[2024-05-08T13:25:10.854+0000] {processor.py:161} INFO - Started process (PID=2767) to work on /home/denys/airflow_venv/lib/python3.12/site-packages/airflow/example_dags/example_latest_only.py
[2024-05-08T13:25:10.855+0000] {processor.py:830} INFO - Processing file /home/denys/airflow_venv/lib/python3.12/site-packages/airflow/example_dags/example_latest_only.py for tasks to queue
[2024-05-08T13:25:10.857+0000] {logging_mixin.py:188} INFO - [2024-05-08T13:25:10.856+0000] {dagbag.py:545} INFO - Filling up the DagBag from /home/denys/airflow_venv/lib/python3.12/site-packages/airflow/example_dags/example_latest_only.py
[2024-05-08T13:25:10.860+0000] {processor.py:840} INFO - DAG(s) 'latest_only' retrieved from /home/denys/airflow_venv/lib/python3.12/site-packages/airflow/example_dags/example_latest_only.py
[2024-05-08T13:25:10.869+0000] {logging_mixin.py:188} INFO - [2024-05-08T13:25:10.869+0000] {dag.py:3096} INFO - Sync 1 DAGs
[2024-05-08T13:25:10.879+0000] {logging_mixin.py:188} INFO - [2024-05-08T13:25:10.879+0000] {dag.py:3954} INFO - Setting next_dagrun for latest_only to 2024-05-08 08:00:00+00:00, run_after=2024-05-08 12:00:00+00:00
[2024-05-08T13:25:10.901+0000] {processor.py:183} INFO - Processing /home/denys/airflow_venv/lib/python3.12/site-packages/airflow/example_dags/example_latest_only.py took 0.050 seconds
[2024-05-08T13:25:51.343+0000] {processor.py:161} INFO - Started process (PID=2811) to work on /home/denys/airflow_venv/lib/python3.12/site-packages/airflow/example_dags/example_latest_only.py
[2024-05-08T13:25:51.344+0000] {processor.py:830} INFO - Processing file /home/denys/airflow_venv/lib/python3.12/site-packages/airflow/example_dags/example_latest_only.py for tasks to queue
[2024-05-08T13:25:51.345+0000] {logging_mixin.py:188} INFO - [2024-05-08T13:25:51.345+0000] {dagbag.py:545} INFO - Filling up the DagBag from /home/denys/airflow_venv/lib/python3.12/site-packages/airflow/example_dags/example_latest_only.py
[2024-05-08T13:25:51.348+0000] {processor.py:840} INFO - DAG(s) 'latest_only' retrieved from /home/denys/airflow_venv/lib/python3.12/site-packages/airflow/example_dags/example_latest_only.py
[2024-05-08T13:25:51.357+0000] {logging_mixin.py:188} INFO - [2024-05-08T13:25:51.357+0000] {dag.py:3096} INFO - Sync 1 DAGs
[2024-05-08T13:25:51.369+0000] {logging_mixin.py:188} INFO - [2024-05-08T13:25:51.369+0000] {dag.py:3954} INFO - Setting next_dagrun for latest_only to 2024-05-08 08:00:00+00:00, run_after=2024-05-08 12:00:00+00:00
[2024-05-08T13:25:51.390+0000] {processor.py:183} INFO - Processing /home/denys/airflow_venv/lib/python3.12/site-packages/airflow/example_dags/example_latest_only.py took 0.051 seconds
[2024-05-08T13:26:32.787+0000] {processor.py:161} INFO - Started process (PID=2853) to work on /home/denys/airflow_venv/lib/python3.12/site-packages/airflow/example_dags/example_latest_only.py
[2024-05-08T13:26:32.794+0000] {processor.py:830} INFO - Processing file /home/denys/airflow_venv/lib/python3.12/site-packages/airflow/example_dags/example_latest_only.py for tasks to queue
[2024-05-08T13:26:32.795+0000] {logging_mixin.py:188} INFO - [2024-05-08T13:26:32.795+0000] {dagbag.py:545} INFO - Filling up the DagBag from /home/denys/airflow_venv/lib/python3.12/site-packages/airflow/example_dags/example_latest_only.py
[2024-05-08T13:26:32.798+0000] {processor.py:840} INFO - DAG(s) 'latest_only' retrieved from /home/denys/airflow_venv/lib/python3.12/site-packages/airflow/example_dags/example_latest_only.py
[2024-05-08T13:26:32.808+0000] {logging_mixin.py:188} INFO - [2024-05-08T13:26:32.808+0000] {dag.py:3096} INFO - Sync 1 DAGs
[2024-05-08T13:26:32.818+0000] {logging_mixin.py:188} INFO - [2024-05-08T13:26:32.818+0000] {dag.py:3954} INFO - Setting next_dagrun for latest_only to 2024-05-08 08:00:00+00:00, run_after=2024-05-08 12:00:00+00:00
[2024-05-08T13:26:32.835+0000] {processor.py:183} INFO - Processing /home/denys/airflow_venv/lib/python3.12/site-packages/airflow/example_dags/example_latest_only.py took 0.051 seconds
[2024-05-08T13:27:16.955+0000] {processor.py:161} INFO - Started process (PID=2898) to work on /home/denys/airflow_venv/lib/python3.12/site-packages/airflow/example_dags/example_latest_only.py
[2024-05-08T13:27:16.958+0000] {processor.py:830} INFO - Processing file /home/denys/airflow_venv/lib/python3.12/site-packages/airflow/example_dags/example_latest_only.py for tasks to queue
[2024-05-08T13:27:16.958+0000] {logging_mixin.py:188} INFO - [2024-05-08T13:27:16.958+0000] {dagbag.py:545} INFO - Filling up the DagBag from /home/denys/airflow_venv/lib/python3.12/site-packages/airflow/example_dags/example_latest_only.py
[2024-05-08T13:27:16.962+0000] {processor.py:840} INFO - DAG(s) 'latest_only' retrieved from /home/denys/airflow_venv/lib/python3.12/site-packages/airflow/example_dags/example_latest_only.py
[2024-05-08T13:27:16.971+0000] {logging_mixin.py:188} INFO - [2024-05-08T13:27:16.971+0000] {dag.py:3096} INFO - Sync 1 DAGs
[2024-05-08T13:27:16.980+0000] {logging_mixin.py:188} INFO - [2024-05-08T13:27:16.980+0000] {dag.py:3954} INFO - Setting next_dagrun for latest_only to 2024-05-08 08:00:00+00:00, run_after=2024-05-08 12:00:00+00:00
[2024-05-08T13:27:16.997+0000] {processor.py:183} INFO - Processing /home/denys/airflow_venv/lib/python3.12/site-packages/airflow/example_dags/example_latest_only.py took 0.045 seconds
[2024-05-08T13:28:00.965+0000] {processor.py:161} INFO - Started process (PID=2943) to work on /home/denys/airflow_venv/lib/python3.12/site-packages/airflow/example_dags/example_latest_only.py
[2024-05-08T13:28:00.966+0000] {processor.py:830} INFO - Processing file /home/denys/airflow_venv/lib/python3.12/site-packages/airflow/example_dags/example_latest_only.py for tasks to queue
[2024-05-08T13:28:00.967+0000] {logging_mixin.py:188} INFO - [2024-05-08T13:28:00.967+0000] {dagbag.py:545} INFO - Filling up the DagBag from /home/denys/airflow_venv/lib/python3.12/site-packages/airflow/example_dags/example_latest_only.py
[2024-05-08T13:28:00.970+0000] {processor.py:840} INFO - DAG(s) 'latest_only' retrieved from /home/denys/airflow_venv/lib/python3.12/site-packages/airflow/example_dags/example_latest_only.py
[2024-05-08T13:28:00.982+0000] {logging_mixin.py:188} INFO - [2024-05-08T13:28:00.981+0000] {dag.py:3096} INFO - Sync 1 DAGs
[2024-05-08T13:28:00.996+0000] {logging_mixin.py:188} INFO - [2024-05-08T13:28:00.996+0000] {dag.py:3954} INFO - Setting next_dagrun for latest_only to 2024-05-08 08:00:00+00:00, run_after=2024-05-08 12:00:00+00:00
[2024-05-08T13:28:01.015+0000] {processor.py:183} INFO - Processing /home/denys/airflow_venv/lib/python3.12/site-packages/airflow/example_dags/example_latest_only.py took 0.054 seconds
[2024-05-08T13:28:43.930+0000] {processor.py:161} INFO - Started process (PID=2988) to work on /home/denys/airflow_venv/lib/python3.12/site-packages/airflow/example_dags/example_latest_only.py
[2024-05-08T13:28:43.931+0000] {processor.py:830} INFO - Processing file /home/denys/airflow_venv/lib/python3.12/site-packages/airflow/example_dags/example_latest_only.py for tasks to queue
[2024-05-08T13:28:43.933+0000] {logging_mixin.py:188} INFO - [2024-05-08T13:28:43.932+0000] {dagbag.py:545} INFO - Filling up the DagBag from /home/denys/airflow_venv/lib/python3.12/site-packages/airflow/example_dags/example_latest_only.py
[2024-05-08T13:28:43.936+0000] {processor.py:840} INFO - DAG(s) 'latest_only' retrieved from /home/denys/airflow_venv/lib/python3.12/site-packages/airflow/example_dags/example_latest_only.py
[2024-05-08T13:28:43.945+0000] {logging_mixin.py:188} INFO - [2024-05-08T13:28:43.945+0000] {dag.py:3096} INFO - Sync 1 DAGs
[2024-05-08T13:28:43.956+0000] {logging_mixin.py:188} INFO - [2024-05-08T13:28:43.956+0000] {dag.py:3954} INFO - Setting next_dagrun for latest_only to 2024-05-08 08:00:00+00:00, run_after=2024-05-08 12:00:00+00:00
[2024-05-08T13:28:43.979+0000] {processor.py:183} INFO - Processing /home/denys/airflow_venv/lib/python3.12/site-packages/airflow/example_dags/example_latest_only.py took 0.052 seconds
[2024-05-08T13:29:23.789+0000] {processor.py:161} INFO - Started process (PID=3086) to work on /home/denys/airflow_venv/lib/python3.12/site-packages/airflow/example_dags/example_latest_only.py
[2024-05-08T13:29:23.791+0000] {processor.py:830} INFO - Processing file /home/denys/airflow_venv/lib/python3.12/site-packages/airflow/example_dags/example_latest_only.py for tasks to queue
[2024-05-08T13:29:23.792+0000] {logging_mixin.py:188} INFO - [2024-05-08T13:29:23.792+0000] {dagbag.py:545} INFO - Filling up the DagBag from /home/denys/airflow_venv/lib/python3.12/site-packages/airflow/example_dags/example_latest_only.py
[2024-05-08T13:29:23.795+0000] {processor.py:840} INFO - DAG(s) 'latest_only' retrieved from /home/denys/airflow_venv/lib/python3.12/site-packages/airflow/example_dags/example_latest_only.py
[2024-05-08T13:29:23.806+0000] {logging_mixin.py:188} INFO - [2024-05-08T13:29:23.805+0000] {dag.py:3096} INFO - Sync 1 DAGs
[2024-05-08T13:29:23.817+0000] {logging_mixin.py:188} INFO - [2024-05-08T13:29:23.817+0000] {dag.py:3954} INFO - Setting next_dagrun for latest_only to 2024-05-08 08:00:00+00:00, run_after=2024-05-08 12:00:00+00:00
[2024-05-08T13:29:23.834+0000] {processor.py:183} INFO - Processing /home/denys/airflow_venv/lib/python3.12/site-packages/airflow/example_dags/example_latest_only.py took 0.048 seconds
[2024-05-08T13:30:02.341+0000] {processor.py:161} INFO - Started process (PID=3126) to work on /home/denys/airflow_venv/lib/python3.12/site-packages/airflow/example_dags/example_latest_only.py
[2024-05-08T13:30:02.342+0000] {processor.py:830} INFO - Processing file /home/denys/airflow_venv/lib/python3.12/site-packages/airflow/example_dags/example_latest_only.py for tasks to queue
[2024-05-08T13:30:02.343+0000] {logging_mixin.py:188} INFO - [2024-05-08T13:30:02.343+0000] {dagbag.py:545} INFO - Filling up the DagBag from /home/denys/airflow_venv/lib/python3.12/site-packages/airflow/example_dags/example_latest_only.py
[2024-05-08T13:30:02.346+0000] {processor.py:840} INFO - DAG(s) 'latest_only' retrieved from /home/denys/airflow_venv/lib/python3.12/site-packages/airflow/example_dags/example_latest_only.py
[2024-05-08T13:30:02.356+0000] {logging_mixin.py:188} INFO - [2024-05-08T13:30:02.355+0000] {dag.py:3096} INFO - Sync 1 DAGs
[2024-05-08T13:30:02.366+0000] {logging_mixin.py:188} INFO - [2024-05-08T13:30:02.366+0000] {dag.py:3954} INFO - Setting next_dagrun for latest_only to 2024-05-08 08:00:00+00:00, run_after=2024-05-08 12:00:00+00:00
[2024-05-08T13:30:02.389+0000] {processor.py:183} INFO - Processing /home/denys/airflow_venv/lib/python3.12/site-packages/airflow/example_dags/example_latest_only.py took 0.051 seconds
[2024-05-08T13:30:42.401+0000] {processor.py:161} INFO - Started process (PID=3171) to work on /home/denys/airflow_venv/lib/python3.12/site-packages/airflow/example_dags/example_latest_only.py
[2024-05-08T13:30:42.403+0000] {processor.py:830} INFO - Processing file /home/denys/airflow_venv/lib/python3.12/site-packages/airflow/example_dags/example_latest_only.py for tasks to queue
[2024-05-08T13:30:42.404+0000] {logging_mixin.py:188} INFO - [2024-05-08T13:30:42.403+0000] {dagbag.py:545} INFO - Filling up the DagBag from /home/denys/airflow_venv/lib/python3.12/site-packages/airflow/example_dags/example_latest_only.py
[2024-05-08T13:30:42.406+0000] {processor.py:840} INFO - DAG(s) 'latest_only' retrieved from /home/denys/airflow_venv/lib/python3.12/site-packages/airflow/example_dags/example_latest_only.py
[2024-05-08T13:30:42.416+0000] {logging_mixin.py:188} INFO - [2024-05-08T13:30:42.416+0000] {dag.py:3096} INFO - Sync 1 DAGs
[2024-05-08T13:30:42.428+0000] {logging_mixin.py:188} INFO - [2024-05-08T13:30:42.428+0000] {dag.py:3954} INFO - Setting next_dagrun for latest_only to 2024-05-08 08:00:00+00:00, run_after=2024-05-08 12:00:00+00:00
[2024-05-08T13:30:42.449+0000] {processor.py:183} INFO - Processing /home/denys/airflow_venv/lib/python3.12/site-packages/airflow/example_dags/example_latest_only.py took 0.052 seconds
[2024-05-08T13:31:25.166+0000] {processor.py:161} INFO - Started process (PID=3215) to work on /home/denys/airflow_venv/lib/python3.12/site-packages/airflow/example_dags/example_latest_only.py
[2024-05-08T13:31:25.167+0000] {processor.py:830} INFO - Processing file /home/denys/airflow_venv/lib/python3.12/site-packages/airflow/example_dags/example_latest_only.py for tasks to queue
[2024-05-08T13:31:25.168+0000] {logging_mixin.py:188} INFO - [2024-05-08T13:31:25.167+0000] {dagbag.py:545} INFO - Filling up the DagBag from /home/denys/airflow_venv/lib/python3.12/site-packages/airflow/example_dags/example_latest_only.py
[2024-05-08T13:31:25.171+0000] {processor.py:840} INFO - DAG(s) 'latest_only' retrieved from /home/denys/airflow_venv/lib/python3.12/site-packages/airflow/example_dags/example_latest_only.py
[2024-05-08T13:31:25.180+0000] {logging_mixin.py:188} INFO - [2024-05-08T13:31:25.180+0000] {dag.py:3096} INFO - Sync 1 DAGs
[2024-05-08T13:31:25.191+0000] {logging_mixin.py:188} INFO - [2024-05-08T13:31:25.191+0000] {dag.py:3954} INFO - Setting next_dagrun for latest_only to 2024-05-08 08:00:00+00:00, run_after=2024-05-08 12:00:00+00:00
[2024-05-08T13:31:25.209+0000] {processor.py:183} INFO - Processing /home/denys/airflow_venv/lib/python3.12/site-packages/airflow/example_dags/example_latest_only.py took 0.047 seconds
[2024-05-08T13:32:05.408+0000] {processor.py:161} INFO - Started process (PID=3256) to work on /home/denys/airflow_venv/lib/python3.12/site-packages/airflow/example_dags/example_latest_only.py
[2024-05-08T13:32:05.409+0000] {processor.py:830} INFO - Processing file /home/denys/airflow_venv/lib/python3.12/site-packages/airflow/example_dags/example_latest_only.py for tasks to queue
[2024-05-08T13:32:05.410+0000] {logging_mixin.py:188} INFO - [2024-05-08T13:32:05.410+0000] {dagbag.py:545} INFO - Filling up the DagBag from /home/denys/airflow_venv/lib/python3.12/site-packages/airflow/example_dags/example_latest_only.py
[2024-05-08T13:32:05.413+0000] {processor.py:840} INFO - DAG(s) 'latest_only' retrieved from /home/denys/airflow_venv/lib/python3.12/site-packages/airflow/example_dags/example_latest_only.py
[2024-05-08T13:32:05.422+0000] {logging_mixin.py:188} INFO - [2024-05-08T13:32:05.422+0000] {dag.py:3096} INFO - Sync 1 DAGs
[2024-05-08T13:32:05.433+0000] {logging_mixin.py:188} INFO - [2024-05-08T13:32:05.433+0000] {dag.py:3954} INFO - Setting next_dagrun for latest_only to 2024-05-08 08:00:00+00:00, run_after=2024-05-08 12:00:00+00:00
[2024-05-08T13:32:05.455+0000] {processor.py:183} INFO - Processing /home/denys/airflow_venv/lib/python3.12/site-packages/airflow/example_dags/example_latest_only.py took 0.051 seconds
[2024-05-08T13:32:49.672+0000] {processor.py:161} INFO - Started process (PID=3301) to work on /home/denys/airflow_venv/lib/python3.12/site-packages/airflow/example_dags/example_latest_only.py
[2024-05-08T13:32:49.673+0000] {processor.py:830} INFO - Processing file /home/denys/airflow_venv/lib/python3.12/site-packages/airflow/example_dags/example_latest_only.py for tasks to queue
[2024-05-08T13:32:49.674+0000] {logging_mixin.py:188} INFO - [2024-05-08T13:32:49.674+0000] {dagbag.py:545} INFO - Filling up the DagBag from /home/denys/airflow_venv/lib/python3.12/site-packages/airflow/example_dags/example_latest_only.py
[2024-05-08T13:32:49.677+0000] {processor.py:840} INFO - DAG(s) 'latest_only' retrieved from /home/denys/airflow_venv/lib/python3.12/site-packages/airflow/example_dags/example_latest_only.py
[2024-05-08T13:32:49.686+0000] {logging_mixin.py:188} INFO - [2024-05-08T13:32:49.686+0000] {dag.py:3096} INFO - Sync 1 DAGs
[2024-05-08T13:32:49.696+0000] {logging_mixin.py:188} INFO - [2024-05-08T13:32:49.696+0000] {dag.py:3954} INFO - Setting next_dagrun for latest_only to 2024-05-08 08:00:00+00:00, run_after=2024-05-08 12:00:00+00:00
[2024-05-08T13:32:49.714+0000] {processor.py:183} INFO - Processing /home/denys/airflow_venv/lib/python3.12/site-packages/airflow/example_dags/example_latest_only.py took 0.045 seconds
[2024-05-08T13:33:33.185+0000] {processor.py:161} INFO - Started process (PID=3346) to work on /home/denys/airflow_venv/lib/python3.12/site-packages/airflow/example_dags/example_latest_only.py
[2024-05-08T13:33:33.186+0000] {processor.py:830} INFO - Processing file /home/denys/airflow_venv/lib/python3.12/site-packages/airflow/example_dags/example_latest_only.py for tasks to queue
[2024-05-08T13:33:33.188+0000] {logging_mixin.py:188} INFO - [2024-05-08T13:33:33.187+0000] {dagbag.py:545} INFO - Filling up the DagBag from /home/denys/airflow_venv/lib/python3.12/site-packages/airflow/example_dags/example_latest_only.py
[2024-05-08T13:33:33.191+0000] {processor.py:840} INFO - DAG(s) 'latest_only' retrieved from /home/denys/airflow_venv/lib/python3.12/site-packages/airflow/example_dags/example_latest_only.py
[2024-05-08T13:33:33.200+0000] {logging_mixin.py:188} INFO - [2024-05-08T13:33:33.200+0000] {dag.py:3096} INFO - Sync 1 DAGs
[2024-05-08T13:33:33.210+0000] {logging_mixin.py:188} INFO - [2024-05-08T13:33:33.210+0000] {dag.py:3954} INFO - Setting next_dagrun for latest_only to 2024-05-08 08:00:00+00:00, run_after=2024-05-08 12:00:00+00:00
[2024-05-08T13:33:33.233+0000] {processor.py:183} INFO - Processing /home/denys/airflow_venv/lib/python3.12/site-packages/airflow/example_dags/example_latest_only.py took 0.051 seconds
[2024-05-08T13:34:15.036+0000] {processor.py:161} INFO - Started process (PID=3393) to work on /home/denys/airflow_venv/lib/python3.12/site-packages/airflow/example_dags/example_latest_only.py
[2024-05-08T13:34:15.039+0000] {processor.py:830} INFO - Processing file /home/denys/airflow_venv/lib/python3.12/site-packages/airflow/example_dags/example_latest_only.py for tasks to queue
[2024-05-08T13:34:15.040+0000] {logging_mixin.py:188} INFO - [2024-05-08T13:34:15.039+0000] {dagbag.py:545} INFO - Filling up the DagBag from /home/denys/airflow_venv/lib/python3.12/site-packages/airflow/example_dags/example_latest_only.py
[2024-05-08T13:34:15.042+0000] {processor.py:840} INFO - DAG(s) 'latest_only' retrieved from /home/denys/airflow_venv/lib/python3.12/site-packages/airflow/example_dags/example_latest_only.py
[2024-05-08T13:34:15.052+0000] {logging_mixin.py:188} INFO - [2024-05-08T13:34:15.052+0000] {dag.py:3096} INFO - Sync 1 DAGs
[2024-05-08T13:34:15.063+0000] {logging_mixin.py:188} INFO - [2024-05-08T13:34:15.063+0000] {dag.py:3954} INFO - Setting next_dagrun for latest_only to 2024-05-08 08:00:00+00:00, run_after=2024-05-08 12:00:00+00:00
[2024-05-08T13:34:15.080+0000] {processor.py:183} INFO - Processing /home/denys/airflow_venv/lib/python3.12/site-packages/airflow/example_dags/example_latest_only.py took 0.047 seconds
[2024-05-08T13:34:56.856+0000] {processor.py:161} INFO - Started process (PID=3435) to work on /home/denys/airflow_venv/lib/python3.12/site-packages/airflow/example_dags/example_latest_only.py
[2024-05-08T13:34:56.858+0000] {processor.py:830} INFO - Processing file /home/denys/airflow_venv/lib/python3.12/site-packages/airflow/example_dags/example_latest_only.py for tasks to queue
[2024-05-08T13:34:56.859+0000] {logging_mixin.py:188} INFO - [2024-05-08T13:34:56.859+0000] {dagbag.py:545} INFO - Filling up the DagBag from /home/denys/airflow_venv/lib/python3.12/site-packages/airflow/example_dags/example_latest_only.py
[2024-05-08T13:34:56.862+0000] {processor.py:840} INFO - DAG(s) 'latest_only' retrieved from /home/denys/airflow_venv/lib/python3.12/site-packages/airflow/example_dags/example_latest_only.py
[2024-05-08T13:34:56.872+0000] {logging_mixin.py:188} INFO - [2024-05-08T13:34:56.871+0000] {dag.py:3096} INFO - Sync 1 DAGs
[2024-05-08T13:34:56.881+0000] {logging_mixin.py:188} INFO - [2024-05-08T13:34:56.881+0000] {dag.py:3954} INFO - Setting next_dagrun for latest_only to 2024-05-08 08:00:00+00:00, run_after=2024-05-08 12:00:00+00:00
[2024-05-08T13:34:56.900+0000] {processor.py:183} INFO - Processing /home/denys/airflow_venv/lib/python3.12/site-packages/airflow/example_dags/example_latest_only.py took 0.048 seconds
[2024-05-08T13:35:35.266+0000] {processor.py:161} INFO - Started process (PID=3480) to work on /home/denys/airflow_venv/lib/python3.12/site-packages/airflow/example_dags/example_latest_only.py
[2024-05-08T13:35:35.268+0000] {processor.py:830} INFO - Processing file /home/denys/airflow_venv/lib/python3.12/site-packages/airflow/example_dags/example_latest_only.py for tasks to queue
[2024-05-08T13:35:35.269+0000] {logging_mixin.py:188} INFO - [2024-05-08T13:35:35.269+0000] {dagbag.py:545} INFO - Filling up the DagBag from /home/denys/airflow_venv/lib/python3.12/site-packages/airflow/example_dags/example_latest_only.py
[2024-05-08T13:35:35.273+0000] {processor.py:840} INFO - DAG(s) 'latest_only' retrieved from /home/denys/airflow_venv/lib/python3.12/site-packages/airflow/example_dags/example_latest_only.py
[2024-05-08T13:35:35.282+0000] {logging_mixin.py:188} INFO - [2024-05-08T13:35:35.282+0000] {dag.py:3096} INFO - Sync 1 DAGs
[2024-05-08T13:35:35.292+0000] {logging_mixin.py:188} INFO - [2024-05-08T13:35:35.292+0000] {dag.py:3954} INFO - Setting next_dagrun for latest_only to 2024-05-08 08:00:00+00:00, run_after=2024-05-08 12:00:00+00:00
[2024-05-08T13:35:35.314+0000] {processor.py:183} INFO - Processing /home/denys/airflow_venv/lib/python3.12/site-packages/airflow/example_dags/example_latest_only.py took 0.051 seconds
[2024-05-08T13:36:16.296+0000] {processor.py:161} INFO - Started process (PID=3521) to work on /home/denys/airflow_venv/lib/python3.12/site-packages/airflow/example_dags/example_latest_only.py
[2024-05-08T13:36:16.297+0000] {processor.py:830} INFO - Processing file /home/denys/airflow_venv/lib/python3.12/site-packages/airflow/example_dags/example_latest_only.py for tasks to queue
[2024-05-08T13:36:16.298+0000] {logging_mixin.py:188} INFO - [2024-05-08T13:36:16.298+0000] {dagbag.py:545} INFO - Filling up the DagBag from /home/denys/airflow_venv/lib/python3.12/site-packages/airflow/example_dags/example_latest_only.py
[2024-05-08T13:36:16.301+0000] {processor.py:840} INFO - DAG(s) 'latest_only' retrieved from /home/denys/airflow_venv/lib/python3.12/site-packages/airflow/example_dags/example_latest_only.py
[2024-05-08T13:36:16.311+0000] {logging_mixin.py:188} INFO - [2024-05-08T13:36:16.311+0000] {dag.py:3096} INFO - Sync 1 DAGs
[2024-05-08T13:36:16.322+0000] {logging_mixin.py:188} INFO - [2024-05-08T13:36:16.322+0000] {dag.py:3954} INFO - Setting next_dagrun for latest_only to 2024-05-08 08:00:00+00:00, run_after=2024-05-08 12:00:00+00:00
[2024-05-08T13:36:16.339+0000] {processor.py:183} INFO - Processing /home/denys/airflow_venv/lib/python3.12/site-packages/airflow/example_dags/example_latest_only.py took 0.047 seconds
[2024-05-08T13:36:58.317+0000] {processor.py:161} INFO - Started process (PID=3565) to work on /home/denys/airflow_venv/lib/python3.12/site-packages/airflow/example_dags/example_latest_only.py
[2024-05-08T13:36:58.319+0000] {processor.py:830} INFO - Processing file /home/denys/airflow_venv/lib/python3.12/site-packages/airflow/example_dags/example_latest_only.py for tasks to queue
[2024-05-08T13:36:58.320+0000] {logging_mixin.py:188} INFO - [2024-05-08T13:36:58.319+0000] {dagbag.py:545} INFO - Filling up the DagBag from /home/denys/airflow_venv/lib/python3.12/site-packages/airflow/example_dags/example_latest_only.py
[2024-05-08T13:36:58.323+0000] {processor.py:840} INFO - DAG(s) 'latest_only' retrieved from /home/denys/airflow_venv/lib/python3.12/site-packages/airflow/example_dags/example_latest_only.py
[2024-05-08T13:36:58.332+0000] {logging_mixin.py:188} INFO - [2024-05-08T13:36:58.332+0000] {dag.py:3096} INFO - Sync 1 DAGs
[2024-05-08T13:36:58.343+0000] {logging_mixin.py:188} INFO - [2024-05-08T13:36:58.343+0000] {dag.py:3954} INFO - Setting next_dagrun for latest_only to 2024-05-08 08:00:00+00:00, run_after=2024-05-08 12:00:00+00:00
[2024-05-08T13:36:58.362+0000] {processor.py:183} INFO - Processing /home/denys/airflow_venv/lib/python3.12/site-packages/airflow/example_dags/example_latest_only.py took 0.048 seconds
[2024-05-08T13:37:43.568+0000] {processor.py:161} INFO - Started process (PID=3610) to work on /home/denys/airflow_venv/lib/python3.12/site-packages/airflow/example_dags/example_latest_only.py
[2024-05-08T13:37:43.570+0000] {processor.py:830} INFO - Processing file /home/denys/airflow_venv/lib/python3.12/site-packages/airflow/example_dags/example_latest_only.py for tasks to queue
[2024-05-08T13:37:43.571+0000] {logging_mixin.py:188} INFO - [2024-05-08T13:37:43.570+0000] {dagbag.py:545} INFO - Filling up the DagBag from /home/denys/airflow_venv/lib/python3.12/site-packages/airflow/example_dags/example_latest_only.py
[2024-05-08T13:37:43.574+0000] {processor.py:840} INFO - DAG(s) 'latest_only' retrieved from /home/denys/airflow_venv/lib/python3.12/site-packages/airflow/example_dags/example_latest_only.py
[2024-05-08T13:37:43.583+0000] {logging_mixin.py:188} INFO - [2024-05-08T13:37:43.583+0000] {dag.py:3096} INFO - Sync 1 DAGs
[2024-05-08T13:37:43.593+0000] {logging_mixin.py:188} INFO - [2024-05-08T13:37:43.593+0000] {dag.py:3954} INFO - Setting next_dagrun for latest_only to 2024-05-08 08:00:00+00:00, run_after=2024-05-08 12:00:00+00:00
[2024-05-08T13:37:43.614+0000] {processor.py:183} INFO - Processing /home/denys/airflow_venv/lib/python3.12/site-packages/airflow/example_dags/example_latest_only.py took 0.050 seconds
[2024-05-08T13:38:31.496+0000] {processor.py:161} INFO - Started process (PID=3659) to work on /home/denys/airflow_venv/lib/python3.12/site-packages/airflow/example_dags/example_latest_only.py
[2024-05-08T13:38:31.497+0000] {processor.py:830} INFO - Processing file /home/denys/airflow_venv/lib/python3.12/site-packages/airflow/example_dags/example_latest_only.py for tasks to queue
[2024-05-08T13:38:31.498+0000] {logging_mixin.py:188} INFO - [2024-05-08T13:38:31.498+0000] {dagbag.py:545} INFO - Filling up the DagBag from /home/denys/airflow_venv/lib/python3.12/site-packages/airflow/example_dags/example_latest_only.py
[2024-05-08T13:38:31.501+0000] {processor.py:840} INFO - DAG(s) 'latest_only' retrieved from /home/denys/airflow_venv/lib/python3.12/site-packages/airflow/example_dags/example_latest_only.py
[2024-05-08T13:38:31.511+0000] {logging_mixin.py:188} INFO - [2024-05-08T13:38:31.511+0000] {dag.py:3096} INFO - Sync 1 DAGs
[2024-05-08T13:38:31.523+0000] {logging_mixin.py:188} INFO - [2024-05-08T13:38:31.522+0000] {dag.py:3954} INFO - Setting next_dagrun for latest_only to 2024-05-08 08:00:00+00:00, run_after=2024-05-08 12:00:00+00:00
[2024-05-08T13:38:31.540+0000] {processor.py:183} INFO - Processing /home/denys/airflow_venv/lib/python3.12/site-packages/airflow/example_dags/example_latest_only.py took 0.048 seconds
[2024-05-08T13:39:11.093+0000] {processor.py:161} INFO - Started process (PID=3703) to work on /home/denys/airflow_venv/lib/python3.12/site-packages/airflow/example_dags/example_latest_only.py
[2024-05-08T13:39:11.096+0000] {processor.py:830} INFO - Processing file /home/denys/airflow_venv/lib/python3.12/site-packages/airflow/example_dags/example_latest_only.py for tasks to queue
[2024-05-08T13:39:11.097+0000] {logging_mixin.py:188} INFO - [2024-05-08T13:39:11.097+0000] {dagbag.py:545} INFO - Filling up the DagBag from /home/denys/airflow_venv/lib/python3.12/site-packages/airflow/example_dags/example_latest_only.py
[2024-05-08T13:39:11.100+0000] {processor.py:840} INFO - DAG(s) 'latest_only' retrieved from /home/denys/airflow_venv/lib/python3.12/site-packages/airflow/example_dags/example_latest_only.py
[2024-05-08T13:39:11.110+0000] {logging_mixin.py:188} INFO - [2024-05-08T13:39:11.109+0000] {dag.py:3096} INFO - Sync 1 DAGs
[2024-05-08T13:39:11.119+0000] {logging_mixin.py:188} INFO - [2024-05-08T13:39:11.119+0000] {dag.py:3954} INFO - Setting next_dagrun for latest_only to 2024-05-08 08:00:00+00:00, run_after=2024-05-08 12:00:00+00:00
[2024-05-08T13:39:11.136+0000] {processor.py:183} INFO - Processing /home/denys/airflow_venv/lib/python3.12/site-packages/airflow/example_dags/example_latest_only.py took 0.046 seconds
[2024-05-08T13:39:57.319+0000] {processor.py:161} INFO - Started process (PID=3746) to work on /home/denys/airflow_venv/lib/python3.12/site-packages/airflow/example_dags/example_latest_only.py
[2024-05-08T13:39:57.320+0000] {processor.py:830} INFO - Processing file /home/denys/airflow_venv/lib/python3.12/site-packages/airflow/example_dags/example_latest_only.py for tasks to queue
[2024-05-08T13:39:57.321+0000] {logging_mixin.py:188} INFO - [2024-05-08T13:39:57.321+0000] {dagbag.py:545} INFO - Filling up the DagBag from /home/denys/airflow_venv/lib/python3.12/site-packages/airflow/example_dags/example_latest_only.py
[2024-05-08T13:39:57.325+0000] {processor.py:840} INFO - DAG(s) 'latest_only' retrieved from /home/denys/airflow_venv/lib/python3.12/site-packages/airflow/example_dags/example_latest_only.py
[2024-05-08T13:39:57.334+0000] {logging_mixin.py:188} INFO - [2024-05-08T13:39:57.334+0000] {dag.py:3096} INFO - Sync 1 DAGs
[2024-05-08T13:39:57.413+0000] {logging_mixin.py:188} INFO - [2024-05-08T13:39:57.413+0000] {dag.py:3954} INFO - Setting next_dagrun for latest_only to 2024-05-08 08:00:00+00:00, run_after=2024-05-08 12:00:00+00:00
[2024-05-08T13:39:57.430+0000] {processor.py:183} INFO - Processing /home/denys/airflow_venv/lib/python3.12/site-packages/airflow/example_dags/example_latest_only.py took 0.114 seconds
[2024-05-08T13:40:45.945+0000] {processor.py:161} INFO - Started process (PID=3795) to work on /home/denys/airflow_venv/lib/python3.12/site-packages/airflow/example_dags/example_latest_only.py
[2024-05-08T13:40:45.946+0000] {processor.py:830} INFO - Processing file /home/denys/airflow_venv/lib/python3.12/site-packages/airflow/example_dags/example_latest_only.py for tasks to queue
[2024-05-08T13:40:45.947+0000] {logging_mixin.py:188} INFO - [2024-05-08T13:40:45.946+0000] {dagbag.py:545} INFO - Filling up the DagBag from /home/denys/airflow_venv/lib/python3.12/site-packages/airflow/example_dags/example_latest_only.py
[2024-05-08T13:40:45.950+0000] {processor.py:840} INFO - DAG(s) 'latest_only' retrieved from /home/denys/airflow_venv/lib/python3.12/site-packages/airflow/example_dags/example_latest_only.py
[2024-05-08T13:40:45.960+0000] {logging_mixin.py:188} INFO - [2024-05-08T13:40:45.960+0000] {dag.py:3096} INFO - Sync 1 DAGs
[2024-05-08T13:40:45.971+0000] {logging_mixin.py:188} INFO - [2024-05-08T13:40:45.971+0000] {dag.py:3954} INFO - Setting next_dagrun for latest_only to 2024-05-08 08:00:00+00:00, run_after=2024-05-08 12:00:00+00:00
[2024-05-08T13:40:45.993+0000] {processor.py:183} INFO - Processing /home/denys/airflow_venv/lib/python3.12/site-packages/airflow/example_dags/example_latest_only.py took 0.052 seconds
[2024-05-08T13:41:34.001+0000] {processor.py:161} INFO - Started process (PID=3843) to work on /home/denys/airflow_venv/lib/python3.12/site-packages/airflow/example_dags/example_latest_only.py
[2024-05-08T13:41:34.002+0000] {processor.py:830} INFO - Processing file /home/denys/airflow_venv/lib/python3.12/site-packages/airflow/example_dags/example_latest_only.py for tasks to queue
[2024-05-08T13:41:34.003+0000] {logging_mixin.py:188} INFO - [2024-05-08T13:41:34.003+0000] {dagbag.py:545} INFO - Filling up the DagBag from /home/denys/airflow_venv/lib/python3.12/site-packages/airflow/example_dags/example_latest_only.py
[2024-05-08T13:41:34.007+0000] {processor.py:840} INFO - DAG(s) 'latest_only' retrieved from /home/denys/airflow_venv/lib/python3.12/site-packages/airflow/example_dags/example_latest_only.py
[2024-05-08T13:41:34.016+0000] {logging_mixin.py:188} INFO - [2024-05-08T13:41:34.015+0000] {dag.py:3096} INFO - Sync 1 DAGs
[2024-05-08T13:41:34.025+0000] {logging_mixin.py:188} INFO - [2024-05-08T13:41:34.025+0000] {dag.py:3954} INFO - Setting next_dagrun for latest_only to 2024-05-08 08:00:00+00:00, run_after=2024-05-08 12:00:00+00:00
[2024-05-08T13:41:34.046+0000] {processor.py:183} INFO - Processing /home/denys/airflow_venv/lib/python3.12/site-packages/airflow/example_dags/example_latest_only.py took 0.048 seconds
[2024-05-08T13:42:17.312+0000] {processor.py:161} INFO - Started process (PID=3886) to work on /home/denys/airflow_venv/lib/python3.12/site-packages/airflow/example_dags/example_latest_only.py
[2024-05-08T13:42:17.315+0000] {processor.py:830} INFO - Processing file /home/denys/airflow_venv/lib/python3.12/site-packages/airflow/example_dags/example_latest_only.py for tasks to queue
[2024-05-08T13:42:17.316+0000] {logging_mixin.py:188} INFO - [2024-05-08T13:42:17.315+0000] {dagbag.py:545} INFO - Filling up the DagBag from /home/denys/airflow_venv/lib/python3.12/site-packages/airflow/example_dags/example_latest_only.py
[2024-05-08T13:42:17.319+0000] {processor.py:840} INFO - DAG(s) 'latest_only' retrieved from /home/denys/airflow_venv/lib/python3.12/site-packages/airflow/example_dags/example_latest_only.py
[2024-05-08T13:42:17.329+0000] {logging_mixin.py:188} INFO - [2024-05-08T13:42:17.328+0000] {dag.py:3096} INFO - Sync 1 DAGs
[2024-05-08T13:42:17.341+0000] {logging_mixin.py:188} INFO - [2024-05-08T13:42:17.341+0000] {dag.py:3954} INFO - Setting next_dagrun for latest_only to 2024-05-08 08:00:00+00:00, run_after=2024-05-08 12:00:00+00:00
[2024-05-08T13:42:17.423+0000] {processor.py:183} INFO - Processing /home/denys/airflow_venv/lib/python3.12/site-packages/airflow/example_dags/example_latest_only.py took 0.114 seconds
[2024-05-08T13:43:03.499+0000] {processor.py:161} INFO - Started process (PID=3932) to work on /home/denys/airflow_venv/lib/python3.12/site-packages/airflow/example_dags/example_latest_only.py
[2024-05-08T13:43:03.501+0000] {processor.py:830} INFO - Processing file /home/denys/airflow_venv/lib/python3.12/site-packages/airflow/example_dags/example_latest_only.py for tasks to queue
[2024-05-08T13:43:03.503+0000] {logging_mixin.py:188} INFO - [2024-05-08T13:43:03.502+0000] {dagbag.py:545} INFO - Filling up the DagBag from /home/denys/airflow_venv/lib/python3.12/site-packages/airflow/example_dags/example_latest_only.py
[2024-05-08T13:43:03.506+0000] {processor.py:840} INFO - DAG(s) 'latest_only' retrieved from /home/denys/airflow_venv/lib/python3.12/site-packages/airflow/example_dags/example_latest_only.py
[2024-05-08T13:43:03.515+0000] {logging_mixin.py:188} INFO - [2024-05-08T13:43:03.515+0000] {dag.py:3096} INFO - Sync 1 DAGs
[2024-05-08T13:43:03.527+0000] {logging_mixin.py:188} INFO - [2024-05-08T13:43:03.527+0000] {dag.py:3954} INFO - Setting next_dagrun for latest_only to 2024-05-08 08:00:00+00:00, run_after=2024-05-08 12:00:00+00:00
[2024-05-08T13:43:03.547+0000] {processor.py:183} INFO - Processing /home/denys/airflow_venv/lib/python3.12/site-packages/airflow/example_dags/example_latest_only.py took 0.051 seconds
