[2024-05-08T13:12:00.020+0000] {processor.py:161} INFO - Started process (PID=1877) to work on /home/denys/airflow_venv/lib/python3.12/site-packages/airflow/example_dags/example_python_decorator.py
[2024-05-08T13:12:00.021+0000] {processor.py:830} INFO - Processing file /home/denys/airflow_venv/lib/python3.12/site-packages/airflow/example_dags/example_python_decorator.py for tasks to queue
[2024-05-08T13:12:00.021+0000] {logging_mixin.py:188} INFO - [2024-05-08T13:12:00.021+0000] {dagbag.py:545} INFO - Filling up the DagBag from /home/denys/airflow_venv/lib/python3.12/site-packages/airflow/example_dags/example_python_decorator.py
[2024-05-08T13:12:00.026+0000] {logging_mixin.py:188} INFO - [2024-05-08T13:12:00.026+0000] {example_python_decorator.py:80} WARNING - The virtalenv_python example task requires virtualenv, please install it.
[2024-05-08T13:12:00.026+0000] {processor.py:840} INFO - DAG(s) 'example_python_decorator' retrieved from /home/denys/airflow_venv/lib/python3.12/site-packages/airflow/example_dags/example_python_decorator.py
[2024-05-08T13:12:00.096+0000] {logging_mixin.py:188} INFO - [2024-05-08T13:12:00.096+0000] {override.py:1829} INFO - Created Permission View: can delete on DAG:example_python_decorator
[2024-05-08T13:12:00.105+0000] {logging_mixin.py:188} INFO - [2024-05-08T13:12:00.105+0000] {override.py:1829} INFO - Created Permission View: can edit on DAG:example_python_decorator
[2024-05-08T13:12:00.112+0000] {logging_mixin.py:188} INFO - [2024-05-08T13:12:00.112+0000] {override.py:1829} INFO - Created Permission View: can read on DAG:example_python_decorator
[2024-05-08T13:12:00.112+0000] {logging_mixin.py:188} INFO - [2024-05-08T13:12:00.112+0000] {dag.py:3096} INFO - Sync 1 DAGs
[2024-05-08T13:12:00.118+0000] {logging_mixin.py:188} INFO - [2024-05-08T13:12:00.118+0000] {dag.py:3118} INFO - Creating ORM DAG for example_python_decorator
[2024-05-08T13:12:00.118+0000] {logging_mixin.py:188} INFO - [2024-05-08T13:12:00.118+0000] {dag.py:3954} INFO - Setting next_dagrun for example_python_decorator to None, run_after=None
[2024-05-08T13:12:00.133+0000] {processor.py:183} INFO - Processing /home/denys/airflow_venv/lib/python3.12/site-packages/airflow/example_dags/example_python_decorator.py took 0.116 seconds
[2024-05-08T13:12:53.033+0000] {processor.py:161} INFO - Started process (PID=1933) to work on /home/denys/airflow_venv/lib/python3.12/site-packages/airflow/example_dags/example_python_decorator.py
[2024-05-08T13:12:53.034+0000] {processor.py:830} INFO - Processing file /home/denys/airflow_venv/lib/python3.12/site-packages/airflow/example_dags/example_python_decorator.py for tasks to queue
[2024-05-08T13:12:53.035+0000] {logging_mixin.py:188} INFO - [2024-05-08T13:12:53.034+0000] {dagbag.py:545} INFO - Filling up the DagBag from /home/denys/airflow_venv/lib/python3.12/site-packages/airflow/example_dags/example_python_decorator.py
[2024-05-08T13:12:53.040+0000] {logging_mixin.py:188} INFO - [2024-05-08T13:12:53.040+0000] {example_python_decorator.py:80} WARNING - The virtalenv_python example task requires virtualenv, please install it.
[2024-05-08T13:12:53.040+0000] {processor.py:840} INFO - DAG(s) 'example_python_decorator' retrieved from /home/denys/airflow_venv/lib/python3.12/site-packages/airflow/example_dags/example_python_decorator.py
[2024-05-08T13:12:53.051+0000] {logging_mixin.py:188} INFO - [2024-05-08T13:12:53.051+0000] {dag.py:3096} INFO - Sync 1 DAGs
[2024-05-08T13:12:53.059+0000] {logging_mixin.py:188} INFO - [2024-05-08T13:12:53.059+0000] {dag.py:3954} INFO - Setting next_dagrun for example_python_decorator to None, run_after=None
[2024-05-08T13:12:53.081+0000] {processor.py:183} INFO - Processing /home/denys/airflow_venv/lib/python3.12/site-packages/airflow/example_dags/example_python_decorator.py took 0.052 seconds
[2024-05-08T13:13:44.894+0000] {processor.py:161} INFO - Started process (PID=1985) to work on /home/denys/airflow_venv/lib/python3.12/site-packages/airflow/example_dags/example_python_decorator.py
[2024-05-08T13:13:44.895+0000] {processor.py:830} INFO - Processing file /home/denys/airflow_venv/lib/python3.12/site-packages/airflow/example_dags/example_python_decorator.py for tasks to queue
[2024-05-08T13:13:44.896+0000] {logging_mixin.py:188} INFO - [2024-05-08T13:13:44.895+0000] {dagbag.py:545} INFO - Filling up the DagBag from /home/denys/airflow_venv/lib/python3.12/site-packages/airflow/example_dags/example_python_decorator.py
[2024-05-08T13:13:44.901+0000] {logging_mixin.py:188} INFO - [2024-05-08T13:13:44.901+0000] {example_python_decorator.py:80} WARNING - The virtalenv_python example task requires virtualenv, please install it.
[2024-05-08T13:13:44.901+0000] {processor.py:840} INFO - DAG(s) 'example_python_decorator' retrieved from /home/denys/airflow_venv/lib/python3.12/site-packages/airflow/example_dags/example_python_decorator.py
[2024-05-08T13:13:44.913+0000] {logging_mixin.py:188} INFO - [2024-05-08T13:13:44.913+0000] {dag.py:3096} INFO - Sync 1 DAGs
[2024-05-08T13:13:44.921+0000] {logging_mixin.py:188} INFO - [2024-05-08T13:13:44.921+0000] {dag.py:3954} INFO - Setting next_dagrun for example_python_decorator to None, run_after=None
[2024-05-08T13:13:44.944+0000] {processor.py:183} INFO - Processing /home/denys/airflow_venv/lib/python3.12/site-packages/airflow/example_dags/example_python_decorator.py took 0.054 seconds
[2024-05-08T13:14:29.998+0000] {processor.py:161} INFO - Started process (PID=2031) to work on /home/denys/airflow_venv/lib/python3.12/site-packages/airflow/example_dags/example_python_decorator.py
[2024-05-08T13:14:29.999+0000] {processor.py:830} INFO - Processing file /home/denys/airflow_venv/lib/python3.12/site-packages/airflow/example_dags/example_python_decorator.py for tasks to queue
[2024-05-08T13:14:30.000+0000] {logging_mixin.py:188} INFO - [2024-05-08T13:14:30.000+0000] {dagbag.py:545} INFO - Filling up the DagBag from /home/denys/airflow_venv/lib/python3.12/site-packages/airflow/example_dags/example_python_decorator.py
[2024-05-08T13:14:30.005+0000] {logging_mixin.py:188} INFO - [2024-05-08T13:14:30.005+0000] {example_python_decorator.py:80} WARNING - The virtalenv_python example task requires virtualenv, please install it.
[2024-05-08T13:14:30.006+0000] {processor.py:840} INFO - DAG(s) 'example_python_decorator' retrieved from /home/denys/airflow_venv/lib/python3.12/site-packages/airflow/example_dags/example_python_decorator.py
[2024-05-08T13:14:30.015+0000] {logging_mixin.py:188} INFO - [2024-05-08T13:14:30.015+0000] {dag.py:3096} INFO - Sync 1 DAGs
[2024-05-08T13:14:30.022+0000] {logging_mixin.py:188} INFO - [2024-05-08T13:14:30.022+0000] {dag.py:3954} INFO - Setting next_dagrun for example_python_decorator to None, run_after=None
[2024-05-08T13:14:30.039+0000] {processor.py:183} INFO - Processing /home/denys/airflow_venv/lib/python3.12/site-packages/airflow/example_dags/example_python_decorator.py took 0.045 seconds
[2024-05-08T13:15:12.642+0000] {processor.py:161} INFO - Started process (PID=2078) to work on /home/denys/airflow_venv/lib/python3.12/site-packages/airflow/example_dags/example_python_decorator.py
[2024-05-08T13:15:12.644+0000] {processor.py:830} INFO - Processing file /home/denys/airflow_venv/lib/python3.12/site-packages/airflow/example_dags/example_python_decorator.py for tasks to queue
[2024-05-08T13:15:12.645+0000] {logging_mixin.py:188} INFO - [2024-05-08T13:15:12.644+0000] {dagbag.py:545} INFO - Filling up the DagBag from /home/denys/airflow_venv/lib/python3.12/site-packages/airflow/example_dags/example_python_decorator.py
[2024-05-08T13:15:12.650+0000] {logging_mixin.py:188} INFO - [2024-05-08T13:15:12.649+0000] {example_python_decorator.py:80} WARNING - The virtalenv_python example task requires virtualenv, please install it.
[2024-05-08T13:15:12.650+0000] {processor.py:840} INFO - DAG(s) 'example_python_decorator' retrieved from /home/denys/airflow_venv/lib/python3.12/site-packages/airflow/example_dags/example_python_decorator.py
[2024-05-08T13:15:12.660+0000] {logging_mixin.py:188} INFO - [2024-05-08T13:15:12.660+0000] {dag.py:3096} INFO - Sync 1 DAGs
[2024-05-08T13:15:12.666+0000] {logging_mixin.py:188} INFO - [2024-05-08T13:15:12.666+0000] {dag.py:3954} INFO - Setting next_dagrun for example_python_decorator to None, run_after=None
[2024-05-08T13:15:12.688+0000] {processor.py:183} INFO - Processing /home/denys/airflow_venv/lib/python3.12/site-packages/airflow/example_dags/example_python_decorator.py took 0.049 seconds
[2024-05-08T13:15:55.352+0000] {processor.py:161} INFO - Started process (PID=2121) to work on /home/denys/airflow_venv/lib/python3.12/site-packages/airflow/example_dags/example_python_decorator.py
[2024-05-08T13:15:55.353+0000] {processor.py:830} INFO - Processing file /home/denys/airflow_venv/lib/python3.12/site-packages/airflow/example_dags/example_python_decorator.py for tasks to queue
[2024-05-08T13:15:55.354+0000] {logging_mixin.py:188} INFO - [2024-05-08T13:15:55.354+0000] {dagbag.py:545} INFO - Filling up the DagBag from /home/denys/airflow_venv/lib/python3.12/site-packages/airflow/example_dags/example_python_decorator.py
[2024-05-08T13:15:55.360+0000] {logging_mixin.py:188} INFO - [2024-05-08T13:15:55.359+0000] {example_python_decorator.py:80} WARNING - The virtalenv_python example task requires virtualenv, please install it.
[2024-05-08T13:15:55.360+0000] {processor.py:840} INFO - DAG(s) 'example_python_decorator' retrieved from /home/denys/airflow_venv/lib/python3.12/site-packages/airflow/example_dags/example_python_decorator.py
[2024-05-08T13:15:55.369+0000] {logging_mixin.py:188} INFO - [2024-05-08T13:15:55.369+0000] {dag.py:3096} INFO - Sync 1 DAGs
[2024-05-08T13:15:55.375+0000] {logging_mixin.py:188} INFO - [2024-05-08T13:15:55.375+0000] {dag.py:3954} INFO - Setting next_dagrun for example_python_decorator to None, run_after=None
[2024-05-08T13:15:55.397+0000] {processor.py:183} INFO - Processing /home/denys/airflow_venv/lib/python3.12/site-packages/airflow/example_dags/example_python_decorator.py took 0.049 seconds
[2024-05-08T13:16:57.724+0000] {processor.py:161} INFO - Started process (PID=2186) to work on /home/denys/airflow_venv/lib/python3.12/site-packages/airflow/example_dags/example_python_decorator.py
[2024-05-08T13:16:57.729+0000] {processor.py:830} INFO - Processing file /home/denys/airflow_venv/lib/python3.12/site-packages/airflow/example_dags/example_python_decorator.py for tasks to queue
[2024-05-08T13:16:57.730+0000] {logging_mixin.py:188} INFO - [2024-05-08T13:16:57.730+0000] {dagbag.py:545} INFO - Filling up the DagBag from /home/denys/airflow_venv/lib/python3.12/site-packages/airflow/example_dags/example_python_decorator.py
[2024-05-08T13:16:57.735+0000] {logging_mixin.py:188} INFO - [2024-05-08T13:16:57.735+0000] {example_python_decorator.py:80} WARNING - The virtalenv_python example task requires virtualenv, please install it.
[2024-05-08T13:16:57.736+0000] {processor.py:840} INFO - DAG(s) 'example_python_decorator' retrieved from /home/denys/airflow_venv/lib/python3.12/site-packages/airflow/example_dags/example_python_decorator.py
[2024-05-08T13:16:57.747+0000] {logging_mixin.py:188} INFO - [2024-05-08T13:16:57.746+0000] {dag.py:3096} INFO - Sync 1 DAGs
[2024-05-08T13:16:57.755+0000] {logging_mixin.py:188} INFO - [2024-05-08T13:16:57.753+0000] {dag.py:3954} INFO - Setting next_dagrun for example_python_decorator to None, run_after=None
[2024-05-08T13:16:57.772+0000] {processor.py:183} INFO - Processing /home/denys/airflow_venv/lib/python3.12/site-packages/airflow/example_dags/example_python_decorator.py took 0.052 seconds
[2024-05-08T13:17:41.415+0000] {processor.py:161} INFO - Started process (PID=2235) to work on /home/denys/airflow_venv/lib/python3.12/site-packages/airflow/example_dags/example_python_decorator.py
[2024-05-08T13:17:41.417+0000] {processor.py:830} INFO - Processing file /home/denys/airflow_venv/lib/python3.12/site-packages/airflow/example_dags/example_python_decorator.py for tasks to queue
[2024-05-08T13:17:41.418+0000] {logging_mixin.py:188} INFO - [2024-05-08T13:17:41.417+0000] {dagbag.py:545} INFO - Filling up the DagBag from /home/denys/airflow_venv/lib/python3.12/site-packages/airflow/example_dags/example_python_decorator.py
[2024-05-08T13:17:41.423+0000] {logging_mixin.py:188} INFO - [2024-05-08T13:17:41.423+0000] {example_python_decorator.py:80} WARNING - The virtalenv_python example task requires virtualenv, please install it.
[2024-05-08T13:17:41.424+0000] {processor.py:840} INFO - DAG(s) 'example_python_decorator' retrieved from /home/denys/airflow_venv/lib/python3.12/site-packages/airflow/example_dags/example_python_decorator.py
[2024-05-08T13:17:41.433+0000] {logging_mixin.py:188} INFO - [2024-05-08T13:17:41.433+0000] {dag.py:3096} INFO - Sync 1 DAGs
[2024-05-08T13:17:41.439+0000] {logging_mixin.py:188} INFO - [2024-05-08T13:17:41.439+0000] {dag.py:3954} INFO - Setting next_dagrun for example_python_decorator to None, run_after=None
[2024-05-08T13:17:41.456+0000] {processor.py:183} INFO - Processing /home/denys/airflow_venv/lib/python3.12/site-packages/airflow/example_dags/example_python_decorator.py took 0.044 seconds
[2024-05-08T13:18:25.187+0000] {processor.py:161} INFO - Started process (PID=2280) to work on /home/denys/airflow_venv/lib/python3.12/site-packages/airflow/example_dags/example_python_decorator.py
[2024-05-08T13:18:25.189+0000] {processor.py:830} INFO - Processing file /home/denys/airflow_venv/lib/python3.12/site-packages/airflow/example_dags/example_python_decorator.py for tasks to queue
[2024-05-08T13:18:25.190+0000] {logging_mixin.py:188} INFO - [2024-05-08T13:18:25.189+0000] {dagbag.py:545} INFO - Filling up the DagBag from /home/denys/airflow_venv/lib/python3.12/site-packages/airflow/example_dags/example_python_decorator.py
[2024-05-08T13:18:25.195+0000] {logging_mixin.py:188} INFO - [2024-05-08T13:18:25.195+0000] {example_python_decorator.py:80} WARNING - The virtalenv_python example task requires virtualenv, please install it.
[2024-05-08T13:18:25.195+0000] {processor.py:840} INFO - DAG(s) 'example_python_decorator' retrieved from /home/denys/airflow_venv/lib/python3.12/site-packages/airflow/example_dags/example_python_decorator.py
[2024-05-08T13:18:25.205+0000] {logging_mixin.py:188} INFO - [2024-05-08T13:18:25.204+0000] {dag.py:3096} INFO - Sync 1 DAGs
[2024-05-08T13:18:25.210+0000] {logging_mixin.py:188} INFO - [2024-05-08T13:18:25.210+0000] {dag.py:3954} INFO - Setting next_dagrun for example_python_decorator to None, run_after=None
[2024-05-08T13:18:25.231+0000] {processor.py:183} INFO - Processing /home/denys/airflow_venv/lib/python3.12/site-packages/airflow/example_dags/example_python_decorator.py took 0.047 seconds
[2024-05-08T13:19:29.755+0000] {processor.py:161} INFO - Started process (PID=2332) to work on /home/denys/airflow_venv/lib/python3.12/site-packages/airflow/example_dags/example_python_decorator.py
[2024-05-08T13:19:29.762+0000] {processor.py:830} INFO - Processing file /home/denys/airflow_venv/lib/python3.12/site-packages/airflow/example_dags/example_python_decorator.py for tasks to queue
[2024-05-08T13:19:29.763+0000] {logging_mixin.py:188} INFO - [2024-05-08T13:19:29.763+0000] {dagbag.py:545} INFO - Filling up the DagBag from /home/denys/airflow_venv/lib/python3.12/site-packages/airflow/example_dags/example_python_decorator.py
[2024-05-08T13:19:29.768+0000] {logging_mixin.py:188} INFO - [2024-05-08T13:19:29.768+0000] {example_python_decorator.py:80} WARNING - The virtalenv_python example task requires virtualenv, please install it.
[2024-05-08T13:19:29.768+0000] {processor.py:840} INFO - DAG(s) 'example_python_decorator' retrieved from /home/denys/airflow_venv/lib/python3.12/site-packages/airflow/example_dags/example_python_decorator.py
[2024-05-08T13:19:29.772+0000] {logging_mixin.py:188} INFO - [2024-05-08T13:19:29.772+0000] {dag.py:3096} INFO - Sync 1 DAGs
[2024-05-08T13:19:29.780+0000] {logging_mixin.py:188} INFO - [2024-05-08T13:19:29.780+0000] {dag.py:3954} INFO - Setting next_dagrun for example_python_decorator to None, run_after=None
[2024-05-08T13:19:29.795+0000] {processor.py:183} INFO - Processing /home/denys/airflow_venv/lib/python3.12/site-packages/airflow/example_dags/example_python_decorator.py took 0.043 seconds
[2024-05-08T13:20:20.544+0000] {processor.py:161} INFO - Started process (PID=2389) to work on /home/denys/airflow_venv/lib/python3.12/site-packages/airflow/example_dags/example_python_decorator.py
[2024-05-08T13:20:20.551+0000] {processor.py:830} INFO - Processing file /home/denys/airflow_venv/lib/python3.12/site-packages/airflow/example_dags/example_python_decorator.py for tasks to queue
[2024-05-08T13:20:20.552+0000] {logging_mixin.py:188} INFO - [2024-05-08T13:20:20.551+0000] {dagbag.py:545} INFO - Filling up the DagBag from /home/denys/airflow_venv/lib/python3.12/site-packages/airflow/example_dags/example_python_decorator.py
[2024-05-08T13:20:20.558+0000] {logging_mixin.py:188} INFO - [2024-05-08T13:20:20.558+0000] {example_python_decorator.py:80} WARNING - The virtalenv_python example task requires virtualenv, please install it.
[2024-05-08T13:20:20.559+0000] {processor.py:840} INFO - DAG(s) 'example_python_decorator' retrieved from /home/denys/airflow_venv/lib/python3.12/site-packages/airflow/example_dags/example_python_decorator.py
[2024-05-08T13:20:20.611+0000] {logging_mixin.py:188} INFO - [2024-05-08T13:20:20.611+0000] {dag.py:3096} INFO - Sync 1 DAGs
[2024-05-08T13:20:20.615+0000] {logging_mixin.py:188} INFO - [2024-05-08T13:20:20.615+0000] {dag.py:3954} INFO - Setting next_dagrun for example_python_decorator to None, run_after=None
[2024-05-08T13:20:20.632+0000] {processor.py:183} INFO - Processing /home/denys/airflow_venv/lib/python3.12/site-packages/airflow/example_dags/example_python_decorator.py took 0.092 seconds
[2024-05-08T13:21:11.170+0000] {processor.py:161} INFO - Started process (PID=2441) to work on /home/denys/airflow_venv/lib/python3.12/site-packages/airflow/example_dags/example_python_decorator.py
[2024-05-08T13:21:11.171+0000] {processor.py:830} INFO - Processing file /home/denys/airflow_venv/lib/python3.12/site-packages/airflow/example_dags/example_python_decorator.py for tasks to queue
[2024-05-08T13:21:11.173+0000] {logging_mixin.py:188} INFO - [2024-05-08T13:21:11.172+0000] {dagbag.py:545} INFO - Filling up the DagBag from /home/denys/airflow_venv/lib/python3.12/site-packages/airflow/example_dags/example_python_decorator.py
[2024-05-08T13:21:11.178+0000] {logging_mixin.py:188} INFO - [2024-05-08T13:21:11.178+0000] {example_python_decorator.py:80} WARNING - The virtalenv_python example task requires virtualenv, please install it.
[2024-05-08T13:21:11.178+0000] {processor.py:840} INFO - DAG(s) 'example_python_decorator' retrieved from /home/denys/airflow_venv/lib/python3.12/site-packages/airflow/example_dags/example_python_decorator.py
[2024-05-08T13:21:11.190+0000] {logging_mixin.py:188} INFO - [2024-05-08T13:21:11.190+0000] {dag.py:3096} INFO - Sync 1 DAGs
[2024-05-08T13:21:11.196+0000] {logging_mixin.py:188} INFO - [2024-05-08T13:21:11.196+0000] {dag.py:3954} INFO - Setting next_dagrun for example_python_decorator to None, run_after=None
[2024-05-08T13:21:11.221+0000] {processor.py:183} INFO - Processing /home/denys/airflow_venv/lib/python3.12/site-packages/airflow/example_dags/example_python_decorator.py took 0.055 seconds
[2024-05-08T13:21:54.017+0000] {processor.py:161} INFO - Started process (PID=2483) to work on /home/denys/airflow_venv/lib/python3.12/site-packages/airflow/example_dags/example_python_decorator.py
[2024-05-08T13:21:54.018+0000] {processor.py:830} INFO - Processing file /home/denys/airflow_venv/lib/python3.12/site-packages/airflow/example_dags/example_python_decorator.py for tasks to queue
[2024-05-08T13:21:54.019+0000] {logging_mixin.py:188} INFO - [2024-05-08T13:21:54.019+0000] {dagbag.py:545} INFO - Filling up the DagBag from /home/denys/airflow_venv/lib/python3.12/site-packages/airflow/example_dags/example_python_decorator.py
[2024-05-08T13:21:54.025+0000] {logging_mixin.py:188} INFO - [2024-05-08T13:21:54.025+0000] {example_python_decorator.py:80} WARNING - The virtalenv_python example task requires virtualenv, please install it.
[2024-05-08T13:21:54.025+0000] {processor.py:840} INFO - DAG(s) 'example_python_decorator' retrieved from /home/denys/airflow_venv/lib/python3.12/site-packages/airflow/example_dags/example_python_decorator.py
[2024-05-08T13:21:54.036+0000] {logging_mixin.py:188} INFO - [2024-05-08T13:21:54.036+0000] {dag.py:3096} INFO - Sync 1 DAGs
[2024-05-08T13:21:54.042+0000] {logging_mixin.py:188} INFO - [2024-05-08T13:21:54.042+0000] {dag.py:3954} INFO - Setting next_dagrun for example_python_decorator to None, run_after=None
[2024-05-08T13:21:54.061+0000] {processor.py:183} INFO - Processing /home/denys/airflow_venv/lib/python3.12/site-packages/airflow/example_dags/example_python_decorator.py took 0.048 seconds
[2024-05-08T13:22:38.140+0000] {processor.py:161} INFO - Started process (PID=2529) to work on /home/denys/airflow_venv/lib/python3.12/site-packages/airflow/example_dags/example_python_decorator.py
[2024-05-08T13:22:38.142+0000] {processor.py:830} INFO - Processing file /home/denys/airflow_venv/lib/python3.12/site-packages/airflow/example_dags/example_python_decorator.py for tasks to queue
[2024-05-08T13:22:38.143+0000] {logging_mixin.py:188} INFO - [2024-05-08T13:22:38.143+0000] {dagbag.py:545} INFO - Filling up the DagBag from /home/denys/airflow_venv/lib/python3.12/site-packages/airflow/example_dags/example_python_decorator.py
[2024-05-08T13:22:38.149+0000] {logging_mixin.py:188} INFO - [2024-05-08T13:22:38.148+0000] {example_python_decorator.py:80} WARNING - The virtalenv_python example task requires virtualenv, please install it.
[2024-05-08T13:22:38.149+0000] {processor.py:840} INFO - DAG(s) 'example_python_decorator' retrieved from /home/denys/airflow_venv/lib/python3.12/site-packages/airflow/example_dags/example_python_decorator.py
[2024-05-08T13:22:38.160+0000] {logging_mixin.py:188} INFO - [2024-05-08T13:22:38.159+0000] {dag.py:3096} INFO - Sync 1 DAGs
[2024-05-08T13:22:38.167+0000] {logging_mixin.py:188} INFO - [2024-05-08T13:22:38.167+0000] {dag.py:3954} INFO - Setting next_dagrun for example_python_decorator to None, run_after=None
[2024-05-08T13:22:38.189+0000] {processor.py:183} INFO - Processing /home/denys/airflow_venv/lib/python3.12/site-packages/airflow/example_dags/example_python_decorator.py took 0.052 seconds
[2024-05-08T13:23:19.856+0000] {processor.py:161} INFO - Started process (PID=2574) to work on /home/denys/airflow_venv/lib/python3.12/site-packages/airflow/example_dags/example_python_decorator.py
[2024-05-08T13:23:19.858+0000] {processor.py:830} INFO - Processing file /home/denys/airflow_venv/lib/python3.12/site-packages/airflow/example_dags/example_python_decorator.py for tasks to queue
[2024-05-08T13:23:19.859+0000] {logging_mixin.py:188} INFO - [2024-05-08T13:23:19.859+0000] {dagbag.py:545} INFO - Filling up the DagBag from /home/denys/airflow_venv/lib/python3.12/site-packages/airflow/example_dags/example_python_decorator.py
[2024-05-08T13:23:19.865+0000] {logging_mixin.py:188} INFO - [2024-05-08T13:23:19.865+0000] {example_python_decorator.py:80} WARNING - The virtalenv_python example task requires virtualenv, please install it.
[2024-05-08T13:23:19.866+0000] {processor.py:840} INFO - DAG(s) 'example_python_decorator' retrieved from /home/denys/airflow_venv/lib/python3.12/site-packages/airflow/example_dags/example_python_decorator.py
[2024-05-08T13:23:19.876+0000] {logging_mixin.py:188} INFO - [2024-05-08T13:23:19.876+0000] {dag.py:3096} INFO - Sync 1 DAGs
[2024-05-08T13:23:19.883+0000] {logging_mixin.py:188} INFO - [2024-05-08T13:23:19.883+0000] {dag.py:3954} INFO - Setting next_dagrun for example_python_decorator to None, run_after=None
[2024-05-08T13:23:19.904+0000] {processor.py:183} INFO - Processing /home/denys/airflow_venv/lib/python3.12/site-packages/airflow/example_dags/example_python_decorator.py took 0.052 seconds
[2024-05-08T13:24:17.982+0000] {processor.py:161} INFO - Started process (PID=2707) to work on /home/denys/airflow_venv/lib/python3.12/site-packages/airflow/example_dags/example_python_decorator.py
[2024-05-08T13:24:17.983+0000] {processor.py:830} INFO - Processing file /home/denys/airflow_venv/lib/python3.12/site-packages/airflow/example_dags/example_python_decorator.py for tasks to queue
[2024-05-08T13:24:17.984+0000] {logging_mixin.py:188} INFO - [2024-05-08T13:24:17.983+0000] {dagbag.py:545} INFO - Filling up the DagBag from /home/denys/airflow_venv/lib/python3.12/site-packages/airflow/example_dags/example_python_decorator.py
[2024-05-08T13:24:17.988+0000] {logging_mixin.py:188} INFO - [2024-05-08T13:24:17.988+0000] {example_python_decorator.py:80} WARNING - The virtalenv_python example task requires virtualenv, please install it.
[2024-05-08T13:24:17.989+0000] {processor.py:840} INFO - DAG(s) 'example_python_decorator' retrieved from /home/denys/airflow_venv/lib/python3.12/site-packages/airflow/example_dags/example_python_decorator.py
[2024-05-08T13:24:17.999+0000] {logging_mixin.py:188} INFO - [2024-05-08T13:24:17.999+0000] {dag.py:3096} INFO - Sync 1 DAGs
[2024-05-08T13:24:18.006+0000] {logging_mixin.py:188} INFO - [2024-05-08T13:24:18.006+0000] {dag.py:3954} INFO - Setting next_dagrun for example_python_decorator to None, run_after=None
[2024-05-08T13:24:18.024+0000] {processor.py:183} INFO - Processing /home/denys/airflow_venv/lib/python3.12/site-packages/airflow/example_dags/example_python_decorator.py took 0.046 seconds
[2024-05-08T13:25:17.703+0000] {processor.py:161} INFO - Started process (PID=2776) to work on /home/denys/airflow_venv/lib/python3.12/site-packages/airflow/example_dags/example_python_decorator.py
[2024-05-08T13:25:17.704+0000] {processor.py:830} INFO - Processing file /home/denys/airflow_venv/lib/python3.12/site-packages/airflow/example_dags/example_python_decorator.py for tasks to queue
[2024-05-08T13:25:17.705+0000] {logging_mixin.py:188} INFO - [2024-05-08T13:25:17.705+0000] {dagbag.py:545} INFO - Filling up the DagBag from /home/denys/airflow_venv/lib/python3.12/site-packages/airflow/example_dags/example_python_decorator.py
[2024-05-08T13:25:17.711+0000] {logging_mixin.py:188} INFO - [2024-05-08T13:25:17.711+0000] {example_python_decorator.py:80} WARNING - The virtalenv_python example task requires virtualenv, please install it.
[2024-05-08T13:25:17.711+0000] {processor.py:840} INFO - DAG(s) 'example_python_decorator' retrieved from /home/denys/airflow_venv/lib/python3.12/site-packages/airflow/example_dags/example_python_decorator.py
[2024-05-08T13:25:17.721+0000] {logging_mixin.py:188} INFO - [2024-05-08T13:25:17.721+0000] {dag.py:3096} INFO - Sync 1 DAGs
[2024-05-08T13:25:17.727+0000] {logging_mixin.py:188} INFO - [2024-05-08T13:25:17.727+0000] {dag.py:3954} INFO - Setting next_dagrun for example_python_decorator to None, run_after=None
[2024-05-08T13:25:17.745+0000] {processor.py:183} INFO - Processing /home/denys/airflow_venv/lib/python3.12/site-packages/airflow/example_dags/example_python_decorator.py took 0.045 seconds
[2024-05-08T13:26:19.706+0000] {processor.py:161} INFO - Started process (PID=2840) to work on /home/denys/airflow_venv/lib/python3.12/site-packages/airflow/example_dags/example_python_decorator.py
[2024-05-08T13:26:19.708+0000] {processor.py:830} INFO - Processing file /home/denys/airflow_venv/lib/python3.12/site-packages/airflow/example_dags/example_python_decorator.py for tasks to queue
[2024-05-08T13:26:19.709+0000] {logging_mixin.py:188} INFO - [2024-05-08T13:26:19.709+0000] {dagbag.py:545} INFO - Filling up the DagBag from /home/denys/airflow_venv/lib/python3.12/site-packages/airflow/example_dags/example_python_decorator.py
[2024-05-08T13:26:19.714+0000] {logging_mixin.py:188} INFO - [2024-05-08T13:26:19.714+0000] {example_python_decorator.py:80} WARNING - The virtalenv_python example task requires virtualenv, please install it.
[2024-05-08T13:26:19.715+0000] {processor.py:840} INFO - DAG(s) 'example_python_decorator' retrieved from /home/denys/airflow_venv/lib/python3.12/site-packages/airflow/example_dags/example_python_decorator.py
[2024-05-08T13:26:19.724+0000] {logging_mixin.py:188} INFO - [2024-05-08T13:26:19.724+0000] {dag.py:3096} INFO - Sync 1 DAGs
[2024-05-08T13:26:19.730+0000] {logging_mixin.py:188} INFO - [2024-05-08T13:26:19.730+0000] {dag.py:3954} INFO - Setting next_dagrun for example_python_decorator to None, run_after=None
[2024-05-08T13:26:19.748+0000] {processor.py:183} INFO - Processing /home/denys/airflow_venv/lib/python3.12/site-packages/airflow/example_dags/example_python_decorator.py took 0.046 seconds
[2024-05-08T13:27:03.005+0000] {processor.py:161} INFO - Started process (PID=2883) to work on /home/denys/airflow_venv/lib/python3.12/site-packages/airflow/example_dags/example_python_decorator.py
[2024-05-08T13:27:03.007+0000] {processor.py:830} INFO - Processing file /home/denys/airflow_venv/lib/python3.12/site-packages/airflow/example_dags/example_python_decorator.py for tasks to queue
[2024-05-08T13:27:03.008+0000] {logging_mixin.py:188} INFO - [2024-05-08T13:27:03.008+0000] {dagbag.py:545} INFO - Filling up the DagBag from /home/denys/airflow_venv/lib/python3.12/site-packages/airflow/example_dags/example_python_decorator.py
[2024-05-08T13:27:03.013+0000] {logging_mixin.py:188} INFO - [2024-05-08T13:27:03.013+0000] {example_python_decorator.py:80} WARNING - The virtalenv_python example task requires virtualenv, please install it.
[2024-05-08T13:27:03.014+0000] {processor.py:840} INFO - DAG(s) 'example_python_decorator' retrieved from /home/denys/airflow_venv/lib/python3.12/site-packages/airflow/example_dags/example_python_decorator.py
[2024-05-08T13:27:03.024+0000] {logging_mixin.py:188} INFO - [2024-05-08T13:27:03.024+0000] {dag.py:3096} INFO - Sync 1 DAGs
[2024-05-08T13:27:03.030+0000] {logging_mixin.py:188} INFO - [2024-05-08T13:27:03.030+0000] {dag.py:3954} INFO - Setting next_dagrun for example_python_decorator to None, run_after=None
[2024-05-08T13:27:03.052+0000] {processor.py:183} INFO - Processing /home/denys/airflow_venv/lib/python3.12/site-packages/airflow/example_dags/example_python_decorator.py took 0.050 seconds
[2024-05-08T13:27:47.261+0000] {processor.py:161} INFO - Started process (PID=2928) to work on /home/denys/airflow_venv/lib/python3.12/site-packages/airflow/example_dags/example_python_decorator.py
[2024-05-08T13:27:47.262+0000] {processor.py:830} INFO - Processing file /home/denys/airflow_venv/lib/python3.12/site-packages/airflow/example_dags/example_python_decorator.py for tasks to queue
[2024-05-08T13:27:47.263+0000] {logging_mixin.py:188} INFO - [2024-05-08T13:27:47.263+0000] {dagbag.py:545} INFO - Filling up the DagBag from /home/denys/airflow_venv/lib/python3.12/site-packages/airflow/example_dags/example_python_decorator.py
[2024-05-08T13:27:47.269+0000] {logging_mixin.py:188} INFO - [2024-05-08T13:27:47.269+0000] {example_python_decorator.py:80} WARNING - The virtalenv_python example task requires virtualenv, please install it.
[2024-05-08T13:27:47.269+0000] {processor.py:840} INFO - DAG(s) 'example_python_decorator' retrieved from /home/denys/airflow_venv/lib/python3.12/site-packages/airflow/example_dags/example_python_decorator.py
[2024-05-08T13:27:47.280+0000] {logging_mixin.py:188} INFO - [2024-05-08T13:27:47.280+0000] {dag.py:3096} INFO - Sync 1 DAGs
[2024-05-08T13:27:47.287+0000] {logging_mixin.py:188} INFO - [2024-05-08T13:27:47.286+0000] {dag.py:3954} INFO - Setting next_dagrun for example_python_decorator to None, run_after=None
[2024-05-08T13:27:47.308+0000] {processor.py:183} INFO - Processing /home/denys/airflow_venv/lib/python3.12/site-packages/airflow/example_dags/example_python_decorator.py took 0.051 seconds
[2024-05-08T13:28:30.955+0000] {processor.py:161} INFO - Started process (PID=2975) to work on /home/denys/airflow_venv/lib/python3.12/site-packages/airflow/example_dags/example_python_decorator.py
[2024-05-08T13:28:30.957+0000] {processor.py:830} INFO - Processing file /home/denys/airflow_venv/lib/python3.12/site-packages/airflow/example_dags/example_python_decorator.py for tasks to queue
[2024-05-08T13:28:30.958+0000] {logging_mixin.py:188} INFO - [2024-05-08T13:28:30.958+0000] {dagbag.py:545} INFO - Filling up the DagBag from /home/denys/airflow_venv/lib/python3.12/site-packages/airflow/example_dags/example_python_decorator.py
[2024-05-08T13:28:30.964+0000] {logging_mixin.py:188} INFO - [2024-05-08T13:28:30.964+0000] {example_python_decorator.py:80} WARNING - The virtalenv_python example task requires virtualenv, please install it.
[2024-05-08T13:28:30.965+0000] {processor.py:840} INFO - DAG(s) 'example_python_decorator' retrieved from /home/denys/airflow_venv/lib/python3.12/site-packages/airflow/example_dags/example_python_decorator.py
[2024-05-08T13:28:30.977+0000] {logging_mixin.py:188} INFO - [2024-05-08T13:28:30.977+0000] {dag.py:3096} INFO - Sync 1 DAGs
[2024-05-08T13:28:30.985+0000] {logging_mixin.py:188} INFO - [2024-05-08T13:28:30.985+0000] {dag.py:3954} INFO - Setting next_dagrun for example_python_decorator to None, run_after=None
[2024-05-08T13:28:31.013+0000] {processor.py:183} INFO - Processing /home/denys/airflow_venv/lib/python3.12/site-packages/airflow/example_dags/example_python_decorator.py took 0.061 seconds
[2024-05-08T13:29:29.384+0000] {processor.py:161} INFO - Started process (PID=3093) to work on /home/denys/airflow_venv/lib/python3.12/site-packages/airflow/example_dags/example_python_decorator.py
[2024-05-08T13:29:29.386+0000] {processor.py:830} INFO - Processing file /home/denys/airflow_venv/lib/python3.12/site-packages/airflow/example_dags/example_python_decorator.py for tasks to queue
[2024-05-08T13:29:29.387+0000] {logging_mixin.py:188} INFO - [2024-05-08T13:29:29.386+0000] {dagbag.py:545} INFO - Filling up the DagBag from /home/denys/airflow_venv/lib/python3.12/site-packages/airflow/example_dags/example_python_decorator.py
[2024-05-08T13:29:29.392+0000] {logging_mixin.py:188} INFO - [2024-05-08T13:29:29.391+0000] {example_python_decorator.py:80} WARNING - The virtalenv_python example task requires virtualenv, please install it.
[2024-05-08T13:29:29.392+0000] {processor.py:840} INFO - DAG(s) 'example_python_decorator' retrieved from /home/denys/airflow_venv/lib/python3.12/site-packages/airflow/example_dags/example_python_decorator.py
[2024-05-08T13:29:29.403+0000] {logging_mixin.py:188} INFO - [2024-05-08T13:29:29.403+0000] {dag.py:3096} INFO - Sync 1 DAGs
[2024-05-08T13:29:29.410+0000] {logging_mixin.py:188} INFO - [2024-05-08T13:29:29.410+0000] {dag.py:3954} INFO - Setting next_dagrun for example_python_decorator to None, run_after=None
[2024-05-08T13:29:29.430+0000] {processor.py:183} INFO - Processing /home/denys/airflow_venv/lib/python3.12/site-packages/airflow/example_dags/example_python_decorator.py took 0.050 seconds
[2024-05-08T13:30:28.654+0000] {processor.py:161} INFO - Started process (PID=3158) to work on /home/denys/airflow_venv/lib/python3.12/site-packages/airflow/example_dags/example_python_decorator.py
[2024-05-08T13:30:28.655+0000] {processor.py:830} INFO - Processing file /home/denys/airflow_venv/lib/python3.12/site-packages/airflow/example_dags/example_python_decorator.py for tasks to queue
[2024-05-08T13:30:28.657+0000] {logging_mixin.py:188} INFO - [2024-05-08T13:30:28.656+0000] {dagbag.py:545} INFO - Filling up the DagBag from /home/denys/airflow_venv/lib/python3.12/site-packages/airflow/example_dags/example_python_decorator.py
[2024-05-08T13:30:28.663+0000] {logging_mixin.py:188} INFO - [2024-05-08T13:30:28.662+0000] {example_python_decorator.py:80} WARNING - The virtalenv_python example task requires virtualenv, please install it.
[2024-05-08T13:30:28.663+0000] {processor.py:840} INFO - DAG(s) 'example_python_decorator' retrieved from /home/denys/airflow_venv/lib/python3.12/site-packages/airflow/example_dags/example_python_decorator.py
[2024-05-08T13:30:28.674+0000] {logging_mixin.py:188} INFO - [2024-05-08T13:30:28.674+0000] {dag.py:3096} INFO - Sync 1 DAGs
[2024-05-08T13:30:28.681+0000] {logging_mixin.py:188} INFO - [2024-05-08T13:30:28.681+0000] {dag.py:3954} INFO - Setting next_dagrun for example_python_decorator to None, run_after=None
[2024-05-08T13:30:28.703+0000] {processor.py:183} INFO - Processing /home/denys/airflow_venv/lib/python3.12/site-packages/airflow/example_dags/example_python_decorator.py took 0.053 seconds
[2024-05-08T13:31:11.083+0000] {processor.py:161} INFO - Started process (PID=3201) to work on /home/denys/airflow_venv/lib/python3.12/site-packages/airflow/example_dags/example_python_decorator.py
[2024-05-08T13:31:11.085+0000] {processor.py:830} INFO - Processing file /home/denys/airflow_venv/lib/python3.12/site-packages/airflow/example_dags/example_python_decorator.py for tasks to queue
[2024-05-08T13:31:11.086+0000] {logging_mixin.py:188} INFO - [2024-05-08T13:31:11.086+0000] {dagbag.py:545} INFO - Filling up the DagBag from /home/denys/airflow_venv/lib/python3.12/site-packages/airflow/example_dags/example_python_decorator.py
[2024-05-08T13:31:11.091+0000] {logging_mixin.py:188} INFO - [2024-05-08T13:31:11.091+0000] {example_python_decorator.py:80} WARNING - The virtalenv_python example task requires virtualenv, please install it.
[2024-05-08T13:31:11.091+0000] {processor.py:840} INFO - DAG(s) 'example_python_decorator' retrieved from /home/denys/airflow_venv/lib/python3.12/site-packages/airflow/example_dags/example_python_decorator.py
[2024-05-08T13:31:11.100+0000] {logging_mixin.py:188} INFO - [2024-05-08T13:31:11.100+0000] {dag.py:3096} INFO - Sync 1 DAGs
[2024-05-08T13:31:11.106+0000] {logging_mixin.py:188} INFO - [2024-05-08T13:31:11.106+0000] {dag.py:3954} INFO - Setting next_dagrun for example_python_decorator to None, run_after=None
[2024-05-08T13:31:11.123+0000] {processor.py:183} INFO - Processing /home/denys/airflow_venv/lib/python3.12/site-packages/airflow/example_dags/example_python_decorator.py took 0.042 seconds
[2024-05-08T13:32:13.882+0000] {processor.py:161} INFO - Started process (PID=3265) to work on /home/denys/airflow_venv/lib/python3.12/site-packages/airflow/example_dags/example_python_decorator.py
[2024-05-08T13:32:13.883+0000] {processor.py:830} INFO - Processing file /home/denys/airflow_venv/lib/python3.12/site-packages/airflow/example_dags/example_python_decorator.py for tasks to queue
[2024-05-08T13:32:13.884+0000] {logging_mixin.py:188} INFO - [2024-05-08T13:32:13.884+0000] {dagbag.py:545} INFO - Filling up the DagBag from /home/denys/airflow_venv/lib/python3.12/site-packages/airflow/example_dags/example_python_decorator.py
[2024-05-08T13:32:13.889+0000] {logging_mixin.py:188} INFO - [2024-05-08T13:32:13.889+0000] {example_python_decorator.py:80} WARNING - The virtalenv_python example task requires virtualenv, please install it.
[2024-05-08T13:32:13.889+0000] {processor.py:840} INFO - DAG(s) 'example_python_decorator' retrieved from /home/denys/airflow_venv/lib/python3.12/site-packages/airflow/example_dags/example_python_decorator.py
[2024-05-08T13:32:13.900+0000] {logging_mixin.py:188} INFO - [2024-05-08T13:32:13.900+0000] {dag.py:3096} INFO - Sync 1 DAGs
[2024-05-08T13:32:13.907+0000] {logging_mixin.py:188} INFO - [2024-05-08T13:32:13.907+0000] {dag.py:3954} INFO - Setting next_dagrun for example_python_decorator to None, run_after=None
[2024-05-08T13:32:13.929+0000] {processor.py:183} INFO - Processing /home/denys/airflow_venv/lib/python3.12/site-packages/airflow/example_dags/example_python_decorator.py took 0.051 seconds
[2024-05-08T13:32:58.672+0000] {processor.py:161} INFO - Started process (PID=3310) to work on /home/denys/airflow_venv/lib/python3.12/site-packages/airflow/example_dags/example_python_decorator.py
[2024-05-08T13:32:58.674+0000] {processor.py:830} INFO - Processing file /home/denys/airflow_venv/lib/python3.12/site-packages/airflow/example_dags/example_python_decorator.py for tasks to queue
[2024-05-08T13:32:58.675+0000] {logging_mixin.py:188} INFO - [2024-05-08T13:32:58.675+0000] {dagbag.py:545} INFO - Filling up the DagBag from /home/denys/airflow_venv/lib/python3.12/site-packages/airflow/example_dags/example_python_decorator.py
[2024-05-08T13:32:58.681+0000] {logging_mixin.py:188} INFO - [2024-05-08T13:32:58.681+0000] {example_python_decorator.py:80} WARNING - The virtalenv_python example task requires virtualenv, please install it.
[2024-05-08T13:32:58.681+0000] {processor.py:840} INFO - DAG(s) 'example_python_decorator' retrieved from /home/denys/airflow_venv/lib/python3.12/site-packages/airflow/example_dags/example_python_decorator.py
[2024-05-08T13:32:58.691+0000] {logging_mixin.py:188} INFO - [2024-05-08T13:32:58.691+0000] {dag.py:3096} INFO - Sync 1 DAGs
[2024-05-08T13:32:58.697+0000] {logging_mixin.py:188} INFO - [2024-05-08T13:32:58.697+0000] {dag.py:3954} INFO - Setting next_dagrun for example_python_decorator to None, run_after=None
[2024-05-08T13:32:58.713+0000] {processor.py:183} INFO - Processing /home/denys/airflow_venv/lib/python3.12/site-packages/airflow/example_dags/example_python_decorator.py took 0.045 seconds
[2024-05-08T13:33:42.291+0000] {processor.py:161} INFO - Started process (PID=3355) to work on /home/denys/airflow_venv/lib/python3.12/site-packages/airflow/example_dags/example_python_decorator.py
[2024-05-08T13:33:42.292+0000] {processor.py:830} INFO - Processing file /home/denys/airflow_venv/lib/python3.12/site-packages/airflow/example_dags/example_python_decorator.py for tasks to queue
[2024-05-08T13:33:42.293+0000] {logging_mixin.py:188} INFO - [2024-05-08T13:33:42.293+0000] {dagbag.py:545} INFO - Filling up the DagBag from /home/denys/airflow_venv/lib/python3.12/site-packages/airflow/example_dags/example_python_decorator.py
[2024-05-08T13:33:42.299+0000] {logging_mixin.py:188} INFO - [2024-05-08T13:33:42.299+0000] {example_python_decorator.py:80} WARNING - The virtalenv_python example task requires virtualenv, please install it.
[2024-05-08T13:33:42.299+0000] {processor.py:840} INFO - DAG(s) 'example_python_decorator' retrieved from /home/denys/airflow_venv/lib/python3.12/site-packages/airflow/example_dags/example_python_decorator.py
[2024-05-08T13:33:42.308+0000] {logging_mixin.py:188} INFO - [2024-05-08T13:33:42.308+0000] {dag.py:3096} INFO - Sync 1 DAGs
[2024-05-08T13:33:42.314+0000] {logging_mixin.py:188} INFO - [2024-05-08T13:33:42.314+0000] {dag.py:3954} INFO - Setting next_dagrun for example_python_decorator to None, run_after=None
[2024-05-08T13:33:42.336+0000] {processor.py:183} INFO - Processing /home/denys/airflow_venv/lib/python3.12/site-packages/airflow/example_dags/example_python_decorator.py took 0.048 seconds
[2024-05-08T13:34:44.159+0000] {processor.py:161} INFO - Started process (PID=3422) to work on /home/denys/airflow_venv/lib/python3.12/site-packages/airflow/example_dags/example_python_decorator.py
[2024-05-08T13:34:44.161+0000] {processor.py:830} INFO - Processing file /home/denys/airflow_venv/lib/python3.12/site-packages/airflow/example_dags/example_python_decorator.py for tasks to queue
[2024-05-08T13:34:44.162+0000] {logging_mixin.py:188} INFO - [2024-05-08T13:34:44.161+0000] {dagbag.py:545} INFO - Filling up the DagBag from /home/denys/airflow_venv/lib/python3.12/site-packages/airflow/example_dags/example_python_decorator.py
[2024-05-08T13:34:44.166+0000] {logging_mixin.py:188} INFO - [2024-05-08T13:34:44.166+0000] {example_python_decorator.py:80} WARNING - The virtalenv_python example task requires virtualenv, please install it.
[2024-05-08T13:34:44.167+0000] {processor.py:840} INFO - DAG(s) 'example_python_decorator' retrieved from /home/denys/airflow_venv/lib/python3.12/site-packages/airflow/example_dags/example_python_decorator.py
[2024-05-08T13:34:44.176+0000] {logging_mixin.py:188} INFO - [2024-05-08T13:34:44.176+0000] {dag.py:3096} INFO - Sync 1 DAGs
[2024-05-08T13:34:44.183+0000] {logging_mixin.py:188} INFO - [2024-05-08T13:34:44.183+0000] {dag.py:3954} INFO - Setting next_dagrun for example_python_decorator to None, run_after=None
[2024-05-08T13:34:44.199+0000] {processor.py:183} INFO - Processing /home/denys/airflow_venv/lib/python3.12/site-packages/airflow/example_dags/example_python_decorator.py took 0.044 seconds
[2024-05-08T13:35:42.690+0000] {processor.py:161} INFO - Started process (PID=3487) to work on /home/denys/airflow_venv/lib/python3.12/site-packages/airflow/example_dags/example_python_decorator.py
[2024-05-08T13:35:42.692+0000] {processor.py:830} INFO - Processing file /home/denys/airflow_venv/lib/python3.12/site-packages/airflow/example_dags/example_python_decorator.py for tasks to queue
[2024-05-08T13:35:42.693+0000] {logging_mixin.py:188} INFO - [2024-05-08T13:35:42.692+0000] {dagbag.py:545} INFO - Filling up the DagBag from /home/denys/airflow_venv/lib/python3.12/site-packages/airflow/example_dags/example_python_decorator.py
[2024-05-08T13:35:42.698+0000] {logging_mixin.py:188} INFO - [2024-05-08T13:35:42.698+0000] {example_python_decorator.py:80} WARNING - The virtalenv_python example task requires virtualenv, please install it.
[2024-05-08T13:35:42.698+0000] {processor.py:840} INFO - DAG(s) 'example_python_decorator' retrieved from /home/denys/airflow_venv/lib/python3.12/site-packages/airflow/example_dags/example_python_decorator.py
[2024-05-08T13:35:42.708+0000] {logging_mixin.py:188} INFO - [2024-05-08T13:35:42.708+0000] {dag.py:3096} INFO - Sync 1 DAGs
[2024-05-08T13:35:42.714+0000] {logging_mixin.py:188} INFO - [2024-05-08T13:35:42.714+0000] {dag.py:3954} INFO - Setting next_dagrun for example_python_decorator to None, run_after=None
[2024-05-08T13:35:42.737+0000] {processor.py:183} INFO - Processing /home/denys/airflow_venv/lib/python3.12/site-packages/airflow/example_dags/example_python_decorator.py took 0.050 seconds
[2024-05-08T13:36:43.635+0000] {processor.py:161} INFO - Started process (PID=3550) to work on /home/denys/airflow_venv/lib/python3.12/site-packages/airflow/example_dags/example_python_decorator.py
[2024-05-08T13:36:43.637+0000] {processor.py:830} INFO - Processing file /home/denys/airflow_venv/lib/python3.12/site-packages/airflow/example_dags/example_python_decorator.py for tasks to queue
[2024-05-08T13:36:43.638+0000] {logging_mixin.py:188} INFO - [2024-05-08T13:36:43.638+0000] {dagbag.py:545} INFO - Filling up the DagBag from /home/denys/airflow_venv/lib/python3.12/site-packages/airflow/example_dags/example_python_decorator.py
[2024-05-08T13:36:43.643+0000] {logging_mixin.py:188} INFO - [2024-05-08T13:36:43.643+0000] {example_python_decorator.py:80} WARNING - The virtalenv_python example task requires virtualenv, please install it.
[2024-05-08T13:36:43.643+0000] {processor.py:840} INFO - DAG(s) 'example_python_decorator' retrieved from /home/denys/airflow_venv/lib/python3.12/site-packages/airflow/example_dags/example_python_decorator.py
[2024-05-08T13:36:43.653+0000] {logging_mixin.py:188} INFO - [2024-05-08T13:36:43.653+0000] {dag.py:3096} INFO - Sync 1 DAGs
[2024-05-08T13:36:43.660+0000] {logging_mixin.py:188} INFO - [2024-05-08T13:36:43.660+0000] {dag.py:3954} INFO - Setting next_dagrun for example_python_decorator to None, run_after=None
[2024-05-08T13:36:43.677+0000] {processor.py:183} INFO - Processing /home/denys/airflow_venv/lib/python3.12/site-packages/airflow/example_dags/example_python_decorator.py took 0.045 seconds
[2024-05-08T13:37:26.653+0000] {processor.py:161} INFO - Started process (PID=3595) to work on /home/denys/airflow_venv/lib/python3.12/site-packages/airflow/example_dags/example_python_decorator.py
[2024-05-08T13:37:26.654+0000] {processor.py:830} INFO - Processing file /home/denys/airflow_venv/lib/python3.12/site-packages/airflow/example_dags/example_python_decorator.py for tasks to queue
[2024-05-08T13:37:26.655+0000] {logging_mixin.py:188} INFO - [2024-05-08T13:37:26.655+0000] {dagbag.py:545} INFO - Filling up the DagBag from /home/denys/airflow_venv/lib/python3.12/site-packages/airflow/example_dags/example_python_decorator.py
[2024-05-08T13:37:26.660+0000] {logging_mixin.py:188} INFO - [2024-05-08T13:37:26.660+0000] {example_python_decorator.py:80} WARNING - The virtalenv_python example task requires virtualenv, please install it.
[2024-05-08T13:37:26.660+0000] {processor.py:840} INFO - DAG(s) 'example_python_decorator' retrieved from /home/denys/airflow_venv/lib/python3.12/site-packages/airflow/example_dags/example_python_decorator.py
[2024-05-08T13:37:26.670+0000] {logging_mixin.py:188} INFO - [2024-05-08T13:37:26.670+0000] {dag.py:3096} INFO - Sync 1 DAGs
[2024-05-08T13:37:26.676+0000] {logging_mixin.py:188} INFO - [2024-05-08T13:37:26.676+0000] {dag.py:3954} INFO - Setting next_dagrun for example_python_decorator to None, run_after=None
[2024-05-08T13:37:26.694+0000] {processor.py:183} INFO - Processing /home/denys/airflow_venv/lib/python3.12/site-packages/airflow/example_dags/example_python_decorator.py took 0.045 seconds
[2024-05-08T13:38:15.301+0000] {processor.py:161} INFO - Started process (PID=3643) to work on /home/denys/airflow_venv/lib/python3.12/site-packages/airflow/example_dags/example_python_decorator.py
[2024-05-08T13:38:15.304+0000] {processor.py:830} INFO - Processing file /home/denys/airflow_venv/lib/python3.12/site-packages/airflow/example_dags/example_python_decorator.py for tasks to queue
[2024-05-08T13:38:15.305+0000] {logging_mixin.py:188} INFO - [2024-05-08T13:38:15.304+0000] {dagbag.py:545} INFO - Filling up the DagBag from /home/denys/airflow_venv/lib/python3.12/site-packages/airflow/example_dags/example_python_decorator.py
[2024-05-08T13:38:15.310+0000] {logging_mixin.py:188} INFO - [2024-05-08T13:38:15.310+0000] {example_python_decorator.py:80} WARNING - The virtalenv_python example task requires virtualenv, please install it.
[2024-05-08T13:38:15.310+0000] {processor.py:840} INFO - DAG(s) 'example_python_decorator' retrieved from /home/denys/airflow_venv/lib/python3.12/site-packages/airflow/example_dags/example_python_decorator.py
[2024-05-08T13:38:15.320+0000] {logging_mixin.py:188} INFO - [2024-05-08T13:38:15.320+0000] {dag.py:3096} INFO - Sync 1 DAGs
[2024-05-08T13:38:15.326+0000] {logging_mixin.py:188} INFO - [2024-05-08T13:38:15.326+0000] {dag.py:3954} INFO - Setting next_dagrun for example_python_decorator to None, run_after=None
[2024-05-08T13:38:15.350+0000] {processor.py:183} INFO - Processing /home/denys/airflow_venv/lib/python3.12/site-packages/airflow/example_dags/example_python_decorator.py took 0.053 seconds
[2024-05-08T13:39:00.163+0000] {processor.py:161} INFO - Started process (PID=3690) to work on /home/denys/airflow_venv/lib/python3.12/site-packages/airflow/example_dags/example_python_decorator.py
[2024-05-08T13:39:00.165+0000] {processor.py:830} INFO - Processing file /home/denys/airflow_venv/lib/python3.12/site-packages/airflow/example_dags/example_python_decorator.py for tasks to queue
[2024-05-08T13:39:00.166+0000] {logging_mixin.py:188} INFO - [2024-05-08T13:39:00.166+0000] {dagbag.py:545} INFO - Filling up the DagBag from /home/denys/airflow_venv/lib/python3.12/site-packages/airflow/example_dags/example_python_decorator.py
[2024-05-08T13:39:00.172+0000] {logging_mixin.py:188} INFO - [2024-05-08T13:39:00.172+0000] {example_python_decorator.py:80} WARNING - The virtalenv_python example task requires virtualenv, please install it.
[2024-05-08T13:39:00.172+0000] {processor.py:840} INFO - DAG(s) 'example_python_decorator' retrieved from /home/denys/airflow_venv/lib/python3.12/site-packages/airflow/example_dags/example_python_decorator.py
[2024-05-08T13:39:00.182+0000] {logging_mixin.py:188} INFO - [2024-05-08T13:39:00.182+0000] {dag.py:3096} INFO - Sync 1 DAGs
[2024-05-08T13:39:00.189+0000] {logging_mixin.py:188} INFO - [2024-05-08T13:39:00.189+0000] {dag.py:3954} INFO - Setting next_dagrun for example_python_decorator to None, run_after=None
[2024-05-08T13:39:00.212+0000] {processor.py:183} INFO - Processing /home/denys/airflow_venv/lib/python3.12/site-packages/airflow/example_dags/example_python_decorator.py took 0.052 seconds
[2024-05-08T13:40:05.571+0000] {processor.py:161} INFO - Started process (PID=3754) to work on /home/denys/airflow_venv/lib/python3.12/site-packages/airflow/example_dags/example_python_decorator.py
[2024-05-08T13:40:05.572+0000] {processor.py:830} INFO - Processing file /home/denys/airflow_venv/lib/python3.12/site-packages/airflow/example_dags/example_python_decorator.py for tasks to queue
[2024-05-08T13:40:05.573+0000] {logging_mixin.py:188} INFO - [2024-05-08T13:40:05.573+0000] {dagbag.py:545} INFO - Filling up the DagBag from /home/denys/airflow_venv/lib/python3.12/site-packages/airflow/example_dags/example_python_decorator.py
[2024-05-08T13:40:05.578+0000] {logging_mixin.py:188} INFO - [2024-05-08T13:40:05.578+0000] {example_python_decorator.py:80} WARNING - The virtalenv_python example task requires virtualenv, please install it.
[2024-05-08T13:40:05.579+0000] {processor.py:840} INFO - DAG(s) 'example_python_decorator' retrieved from /home/denys/airflow_venv/lib/python3.12/site-packages/airflow/example_dags/example_python_decorator.py
[2024-05-08T13:40:05.589+0000] {logging_mixin.py:188} INFO - [2024-05-08T13:40:05.588+0000] {dag.py:3096} INFO - Sync 1 DAGs
[2024-05-08T13:40:05.594+0000] {logging_mixin.py:188} INFO - [2024-05-08T13:40:05.594+0000] {dag.py:3954} INFO - Setting next_dagrun for example_python_decorator to None, run_after=None
[2024-05-08T13:40:05.616+0000] {processor.py:183} INFO - Processing /home/denys/airflow_venv/lib/python3.12/site-packages/airflow/example_dags/example_python_decorator.py took 0.050 seconds
[2024-05-08T13:40:54.206+0000] {processor.py:161} INFO - Started process (PID=3803) to work on /home/denys/airflow_venv/lib/python3.12/site-packages/airflow/example_dags/example_python_decorator.py
[2024-05-08T13:40:54.207+0000] {processor.py:830} INFO - Processing file /home/denys/airflow_venv/lib/python3.12/site-packages/airflow/example_dags/example_python_decorator.py for tasks to queue
[2024-05-08T13:40:54.208+0000] {logging_mixin.py:188} INFO - [2024-05-08T13:40:54.208+0000] {dagbag.py:545} INFO - Filling up the DagBag from /home/denys/airflow_venv/lib/python3.12/site-packages/airflow/example_dags/example_python_decorator.py
[2024-05-08T13:40:54.214+0000] {logging_mixin.py:188} INFO - [2024-05-08T13:40:54.213+0000] {example_python_decorator.py:80} WARNING - The virtalenv_python example task requires virtualenv, please install it.
[2024-05-08T13:40:54.214+0000] {processor.py:840} INFO - DAG(s) 'example_python_decorator' retrieved from /home/denys/airflow_venv/lib/python3.12/site-packages/airflow/example_dags/example_python_decorator.py
[2024-05-08T13:40:54.225+0000] {logging_mixin.py:188} INFO - [2024-05-08T13:40:54.225+0000] {dag.py:3096} INFO - Sync 1 DAGs
[2024-05-08T13:40:54.231+0000] {logging_mixin.py:188} INFO - [2024-05-08T13:40:54.231+0000] {dag.py:3954} INFO - Setting next_dagrun for example_python_decorator to None, run_after=None
[2024-05-08T13:40:54.252+0000] {processor.py:183} INFO - Processing /home/denys/airflow_venv/lib/python3.12/site-packages/airflow/example_dags/example_python_decorator.py took 0.050 seconds
[2024-05-08T13:41:42.116+0000] {processor.py:161} INFO - Started process (PID=3851) to work on /home/denys/airflow_venv/lib/python3.12/site-packages/airflow/example_dags/example_python_decorator.py
[2024-05-08T13:41:42.118+0000] {processor.py:830} INFO - Processing file /home/denys/airflow_venv/lib/python3.12/site-packages/airflow/example_dags/example_python_decorator.py for tasks to queue
[2024-05-08T13:41:42.120+0000] {logging_mixin.py:188} INFO - [2024-05-08T13:41:42.119+0000] {dagbag.py:545} INFO - Filling up the DagBag from /home/denys/airflow_venv/lib/python3.12/site-packages/airflow/example_dags/example_python_decorator.py
[2024-05-08T13:41:42.125+0000] {logging_mixin.py:188} INFO - [2024-05-08T13:41:42.125+0000] {example_python_decorator.py:80} WARNING - The virtalenv_python example task requires virtualenv, please install it.
[2024-05-08T13:41:42.125+0000] {processor.py:840} INFO - DAG(s) 'example_python_decorator' retrieved from /home/denys/airflow_venv/lib/python3.12/site-packages/airflow/example_dags/example_python_decorator.py
[2024-05-08T13:41:42.136+0000] {logging_mixin.py:188} INFO - [2024-05-08T13:41:42.136+0000] {dag.py:3096} INFO - Sync 1 DAGs
[2024-05-08T13:41:42.143+0000] {logging_mixin.py:188} INFO - [2024-05-08T13:41:42.143+0000] {dag.py:3954} INFO - Setting next_dagrun for example_python_decorator to None, run_after=None
[2024-05-08T13:41:42.164+0000] {processor.py:183} INFO - Processing /home/denys/airflow_venv/lib/python3.12/site-packages/airflow/example_dags/example_python_decorator.py took 0.051 seconds
[2024-05-08T13:42:26.152+0000] {processor.py:161} INFO - Started process (PID=3895) to work on /home/denys/airflow_venv/lib/python3.12/site-packages/airflow/example_dags/example_python_decorator.py
[2024-05-08T13:42:26.154+0000] {processor.py:830} INFO - Processing file /home/denys/airflow_venv/lib/python3.12/site-packages/airflow/example_dags/example_python_decorator.py for tasks to queue
[2024-05-08T13:42:26.155+0000] {logging_mixin.py:188} INFO - [2024-05-08T13:42:26.154+0000] {dagbag.py:545} INFO - Filling up the DagBag from /home/denys/airflow_venv/lib/python3.12/site-packages/airflow/example_dags/example_python_decorator.py
[2024-05-08T13:42:26.160+0000] {logging_mixin.py:188} INFO - [2024-05-08T13:42:26.160+0000] {example_python_decorator.py:80} WARNING - The virtalenv_python example task requires virtualenv, please install it.
[2024-05-08T13:42:26.160+0000] {processor.py:840} INFO - DAG(s) 'example_python_decorator' retrieved from /home/denys/airflow_venv/lib/python3.12/site-packages/airflow/example_dags/example_python_decorator.py
[2024-05-08T13:42:26.171+0000] {logging_mixin.py:188} INFO - [2024-05-08T13:42:26.170+0000] {dag.py:3096} INFO - Sync 1 DAGs
[2024-05-08T13:42:26.239+0000] {logging_mixin.py:188} INFO - [2024-05-08T13:42:26.239+0000] {dag.py:3954} INFO - Setting next_dagrun for example_python_decorator to None, run_after=None
[2024-05-08T13:42:26.264+0000] {processor.py:183} INFO - Processing /home/denys/airflow_venv/lib/python3.12/site-packages/airflow/example_dags/example_python_decorator.py took 0.115 seconds
[2024-05-08T13:43:11.180+0000] {processor.py:161} INFO - Started process (PID=3941) to work on /home/denys/airflow_venv/lib/python3.12/site-packages/airflow/example_dags/example_python_decorator.py
[2024-05-08T13:43:11.182+0000] {processor.py:830} INFO - Processing file /home/denys/airflow_venv/lib/python3.12/site-packages/airflow/example_dags/example_python_decorator.py for tasks to queue
[2024-05-08T13:43:11.183+0000] {logging_mixin.py:188} INFO - [2024-05-08T13:43:11.183+0000] {dagbag.py:545} INFO - Filling up the DagBag from /home/denys/airflow_venv/lib/python3.12/site-packages/airflow/example_dags/example_python_decorator.py
[2024-05-08T13:43:11.190+0000] {logging_mixin.py:188} INFO - [2024-05-08T13:43:11.190+0000] {example_python_decorator.py:80} WARNING - The virtalenv_python example task requires virtualenv, please install it.
[2024-05-08T13:43:11.191+0000] {processor.py:840} INFO - DAG(s) 'example_python_decorator' retrieved from /home/denys/airflow_venv/lib/python3.12/site-packages/airflow/example_dags/example_python_decorator.py
[2024-05-08T13:43:11.204+0000] {logging_mixin.py:188} INFO - [2024-05-08T13:43:11.204+0000] {dag.py:3096} INFO - Sync 1 DAGs
[2024-05-08T13:43:11.212+0000] {logging_mixin.py:188} INFO - [2024-05-08T13:43:11.211+0000] {dag.py:3954} INFO - Setting next_dagrun for example_python_decorator to None, run_after=None
[2024-05-08T13:43:11.264+0000] {processor.py:183} INFO - Processing /home/denys/airflow_venv/lib/python3.12/site-packages/airflow/example_dags/example_python_decorator.py took 0.089 seconds
