[2024-05-08T13:12:19.611+0000] {processor.py:161} INFO - Started process (PID=1894) to work on /home/denys/airflow_venv/lib/python3.12/site-packages/airflow/example_dags/example_external_task_marker_dag.py
[2024-05-08T13:12:19.611+0000] {processor.py:830} INFO - Processing file /home/denys/airflow_venv/lib/python3.12/site-packages/airflow/example_dags/example_external_task_marker_dag.py for tasks to queue
[2024-05-08T13:12:19.612+0000] {logging_mixin.py:188} INFO - [2024-05-08T13:12:19.612+0000] {dagbag.py:545} INFO - Filling up the DagBag from /home/denys/airflow_venv/lib/python3.12/site-packages/airflow/example_dags/example_external_task_marker_dag.py
[2024-05-08T13:12:19.616+0000] {processor.py:840} INFO - DAG(s) 'example_external_task_marker_parent', 'example_external_task_marker_child' retrieved from /home/denys/airflow_venv/lib/python3.12/site-packages/airflow/example_dags/example_external_task_marker_dag.py
[2024-05-08T13:12:19.680+0000] {logging_mixin.py:188} INFO - [2024-05-08T13:12:19.679+0000] {override.py:1829} INFO - Created Permission View: can delete on DAG:example_external_task_marker_parent
[2024-05-08T13:12:19.688+0000] {logging_mixin.py:188} INFO - [2024-05-08T13:12:19.688+0000] {override.py:1829} INFO - Created Permission View: can edit on DAG:example_external_task_marker_parent
[2024-05-08T13:12:19.696+0000] {logging_mixin.py:188} INFO - [2024-05-08T13:12:19.696+0000] {override.py:1829} INFO - Created Permission View: can read on DAG:example_external_task_marker_parent
[2024-05-08T13:12:19.713+0000] {logging_mixin.py:188} INFO - [2024-05-08T13:12:19.713+0000] {override.py:1829} INFO - Created Permission View: can delete on DAG:example_external_task_marker_child
[2024-05-08T13:12:19.721+0000] {logging_mixin.py:188} INFO - [2024-05-08T13:12:19.721+0000] {override.py:1829} INFO - Created Permission View: can edit on DAG:example_external_task_marker_child
[2024-05-08T13:12:19.729+0000] {logging_mixin.py:188} INFO - [2024-05-08T13:12:19.729+0000] {override.py:1829} INFO - Created Permission View: can read on DAG:example_external_task_marker_child
[2024-05-08T13:12:19.729+0000] {logging_mixin.py:188} INFO - [2024-05-08T13:12:19.729+0000] {dag.py:3096} INFO - Sync 2 DAGs
[2024-05-08T13:12:19.735+0000] {logging_mixin.py:188} INFO - [2024-05-08T13:12:19.735+0000] {dag.py:3118} INFO - Creating ORM DAG for example_external_task_marker_child
[2024-05-08T13:12:19.736+0000] {logging_mixin.py:188} INFO - [2024-05-08T13:12:19.735+0000] {dag.py:3118} INFO - Creating ORM DAG for example_external_task_marker_parent
[2024-05-08T13:12:19.736+0000] {logging_mixin.py:188} INFO - [2024-05-08T13:12:19.736+0000] {dag.py:3954} INFO - Setting next_dagrun for example_external_task_marker_child to None, run_after=None
[2024-05-08T13:12:19.736+0000] {logging_mixin.py:188} INFO - [2024-05-08T13:12:19.736+0000] {dag.py:3954} INFO - Setting next_dagrun for example_external_task_marker_parent to None, run_after=None
[2024-05-08T13:12:19.752+0000] {processor.py:183} INFO - Processing /home/denys/airflow_venv/lib/python3.12/site-packages/airflow/example_dags/example_external_task_marker_dag.py took 0.145 seconds
[2024-05-08T13:13:10.795+0000] {processor.py:161} INFO - Started process (PID=1950) to work on /home/denys/airflow_venv/lib/python3.12/site-packages/airflow/example_dags/example_external_task_marker_dag.py
[2024-05-08T13:13:10.797+0000] {processor.py:830} INFO - Processing file /home/denys/airflow_venv/lib/python3.12/site-packages/airflow/example_dags/example_external_task_marker_dag.py for tasks to queue
[2024-05-08T13:13:10.798+0000] {logging_mixin.py:188} INFO - [2024-05-08T13:13:10.798+0000] {dagbag.py:545} INFO - Filling up the DagBag from /home/denys/airflow_venv/lib/python3.12/site-packages/airflow/example_dags/example_external_task_marker_dag.py
[2024-05-08T13:13:10.802+0000] {processor.py:840} INFO - DAG(s) 'example_external_task_marker_parent', 'example_external_task_marker_child' retrieved from /home/denys/airflow_venv/lib/python3.12/site-packages/airflow/example_dags/example_external_task_marker_dag.py
[2024-05-08T13:13:10.812+0000] {logging_mixin.py:188} INFO - [2024-05-08T13:13:10.812+0000] {dag.py:3096} INFO - Sync 2 DAGs
[2024-05-08T13:13:10.819+0000] {logging_mixin.py:188} INFO - [2024-05-08T13:13:10.818+0000] {dag.py:3954} INFO - Setting next_dagrun for example_external_task_marker_child to None, run_after=None
[2024-05-08T13:13:10.820+0000] {logging_mixin.py:188} INFO - [2024-05-08T13:13:10.820+0000] {dag.py:3954} INFO - Setting next_dagrun for example_external_task_marker_parent to None, run_after=None
[2024-05-08T13:13:10.842+0000] {processor.py:183} INFO - Processing /home/denys/airflow_venv/lib/python3.12/site-packages/airflow/example_dags/example_external_task_marker_dag.py took 0.050 seconds
[2024-05-08T13:14:14.533+0000] {processor.py:161} INFO - Started process (PID=2016) to work on /home/denys/airflow_venv/lib/python3.12/site-packages/airflow/example_dags/example_external_task_marker_dag.py
[2024-05-08T13:14:14.534+0000] {processor.py:830} INFO - Processing file /home/denys/airflow_venv/lib/python3.12/site-packages/airflow/example_dags/example_external_task_marker_dag.py for tasks to queue
[2024-05-08T13:14:14.535+0000] {logging_mixin.py:188} INFO - [2024-05-08T13:14:14.535+0000] {dagbag.py:545} INFO - Filling up the DagBag from /home/denys/airflow_venv/lib/python3.12/site-packages/airflow/example_dags/example_external_task_marker_dag.py
[2024-05-08T13:14:14.540+0000] {processor.py:840} INFO - DAG(s) 'example_external_task_marker_parent', 'example_external_task_marker_child' retrieved from /home/denys/airflow_venv/lib/python3.12/site-packages/airflow/example_dags/example_external_task_marker_dag.py
[2024-05-08T13:14:14.550+0000] {logging_mixin.py:188} INFO - [2024-05-08T13:14:14.550+0000] {dag.py:3096} INFO - Sync 2 DAGs
[2024-05-08T13:14:14.556+0000] {logging_mixin.py:188} INFO - [2024-05-08T13:14:14.556+0000] {dag.py:3954} INFO - Setting next_dagrun for example_external_task_marker_child to None, run_after=None
[2024-05-08T13:14:14.558+0000] {logging_mixin.py:188} INFO - [2024-05-08T13:14:14.558+0000] {dag.py:3954} INFO - Setting next_dagrun for example_external_task_marker_parent to None, run_after=None
[2024-05-08T13:14:14.581+0000] {processor.py:183} INFO - Processing /home/denys/airflow_venv/lib/python3.12/site-packages/airflow/example_dags/example_external_task_marker_dag.py took 0.052 seconds
[2024-05-08T13:15:18.532+0000] {processor.py:161} INFO - Started process (PID=2084) to work on /home/denys/airflow_venv/lib/python3.12/site-packages/airflow/example_dags/example_external_task_marker_dag.py
[2024-05-08T13:15:18.533+0000] {processor.py:830} INFO - Processing file /home/denys/airflow_venv/lib/python3.12/site-packages/airflow/example_dags/example_external_task_marker_dag.py for tasks to queue
[2024-05-08T13:15:18.535+0000] {logging_mixin.py:188} INFO - [2024-05-08T13:15:18.534+0000] {dagbag.py:545} INFO - Filling up the DagBag from /home/denys/airflow_venv/lib/python3.12/site-packages/airflow/example_dags/example_external_task_marker_dag.py
[2024-05-08T13:15:18.538+0000] {processor.py:840} INFO - DAG(s) 'example_external_task_marker_parent', 'example_external_task_marker_child' retrieved from /home/denys/airflow_venv/lib/python3.12/site-packages/airflow/example_dags/example_external_task_marker_dag.py
[2024-05-08T13:15:18.549+0000] {logging_mixin.py:188} INFO - [2024-05-08T13:15:18.549+0000] {dag.py:3096} INFO - Sync 2 DAGs
[2024-05-08T13:15:18.555+0000] {logging_mixin.py:188} INFO - [2024-05-08T13:15:18.554+0000] {dag.py:3954} INFO - Setting next_dagrun for example_external_task_marker_child to None, run_after=None
[2024-05-08T13:15:18.556+0000] {logging_mixin.py:188} INFO - [2024-05-08T13:15:18.556+0000] {dag.py:3954} INFO - Setting next_dagrun for example_external_task_marker_parent to None, run_after=None
[2024-05-08T13:15:18.577+0000] {processor.py:183} INFO - Processing /home/denys/airflow_venv/lib/python3.12/site-packages/airflow/example_dags/example_external_task_marker_dag.py took 0.048 seconds
[2024-05-08T13:16:21.573+0000] {processor.py:161} INFO - Started process (PID=2149) to work on /home/denys/airflow_venv/lib/python3.12/site-packages/airflow/example_dags/example_external_task_marker_dag.py
[2024-05-08T13:16:21.574+0000] {processor.py:830} INFO - Processing file /home/denys/airflow_venv/lib/python3.12/site-packages/airflow/example_dags/example_external_task_marker_dag.py for tasks to queue
[2024-05-08T13:16:21.575+0000] {logging_mixin.py:188} INFO - [2024-05-08T13:16:21.574+0000] {dagbag.py:545} INFO - Filling up the DagBag from /home/denys/airflow_venv/lib/python3.12/site-packages/airflow/example_dags/example_external_task_marker_dag.py
[2024-05-08T13:16:21.578+0000] {processor.py:840} INFO - DAG(s) 'example_external_task_marker_parent', 'example_external_task_marker_child' retrieved from /home/denys/airflow_venv/lib/python3.12/site-packages/airflow/example_dags/example_external_task_marker_dag.py
[2024-05-08T13:16:21.590+0000] {logging_mixin.py:188} INFO - [2024-05-08T13:16:21.590+0000] {dag.py:3096} INFO - Sync 2 DAGs
[2024-05-08T13:16:21.597+0000] {logging_mixin.py:188} INFO - [2024-05-08T13:16:21.597+0000] {dag.py:3954} INFO - Setting next_dagrun for example_external_task_marker_child to None, run_after=None
[2024-05-08T13:16:21.599+0000] {logging_mixin.py:188} INFO - [2024-05-08T13:16:21.599+0000] {dag.py:3954} INFO - Setting next_dagrun for example_external_task_marker_parent to None, run_after=None
[2024-05-08T13:16:21.620+0000] {processor.py:183} INFO - Processing /home/denys/airflow_venv/lib/python3.12/site-packages/airflow/example_dags/example_external_task_marker_dag.py took 0.051 seconds
[2024-05-08T13:17:24.829+0000] {processor.py:161} INFO - Started process (PID=2219) to work on /home/denys/airflow_venv/lib/python3.12/site-packages/airflow/example_dags/example_external_task_marker_dag.py
[2024-05-08T13:17:24.830+0000] {processor.py:830} INFO - Processing file /home/denys/airflow_venv/lib/python3.12/site-packages/airflow/example_dags/example_external_task_marker_dag.py for tasks to queue
[2024-05-08T13:17:24.831+0000] {logging_mixin.py:188} INFO - [2024-05-08T13:17:24.831+0000] {dagbag.py:545} INFO - Filling up the DagBag from /home/denys/airflow_venv/lib/python3.12/site-packages/airflow/example_dags/example_external_task_marker_dag.py
[2024-05-08T13:17:24.835+0000] {processor.py:840} INFO - DAG(s) 'example_external_task_marker_parent', 'example_external_task_marker_child' retrieved from /home/denys/airflow_venv/lib/python3.12/site-packages/airflow/example_dags/example_external_task_marker_dag.py
[2024-05-08T13:17:24.846+0000] {logging_mixin.py:188} INFO - [2024-05-08T13:17:24.846+0000] {dag.py:3096} INFO - Sync 2 DAGs
[2024-05-08T13:17:24.852+0000] {logging_mixin.py:188} INFO - [2024-05-08T13:17:24.852+0000] {dag.py:3954} INFO - Setting next_dagrun for example_external_task_marker_child to None, run_after=None
[2024-05-08T13:17:24.853+0000] {logging_mixin.py:188} INFO - [2024-05-08T13:17:24.853+0000] {dag.py:3954} INFO - Setting next_dagrun for example_external_task_marker_parent to None, run_after=None
[2024-05-08T13:17:24.874+0000] {processor.py:183} INFO - Processing /home/denys/airflow_venv/lib/python3.12/site-packages/airflow/example_dags/example_external_task_marker_dag.py took 0.049 seconds
[2024-05-08T13:19:46.922+0000] {processor.py:161} INFO - Started process (PID=2349) to work on /home/denys/airflow_venv/lib/python3.12/site-packages/airflow/example_dags/example_external_task_marker_dag.py
[2024-05-08T13:19:46.923+0000] {processor.py:830} INFO - Processing file /home/denys/airflow_venv/lib/python3.12/site-packages/airflow/example_dags/example_external_task_marker_dag.py for tasks to queue
[2024-05-08T13:19:46.924+0000] {logging_mixin.py:188} INFO - [2024-05-08T13:19:46.924+0000] {dagbag.py:545} INFO - Filling up the DagBag from /home/denys/airflow_venv/lib/python3.12/site-packages/airflow/example_dags/example_external_task_marker_dag.py
[2024-05-08T13:19:46.928+0000] {processor.py:840} INFO - DAG(s) 'example_external_task_marker_parent', 'example_external_task_marker_child' retrieved from /home/denys/airflow_venv/lib/python3.12/site-packages/airflow/example_dags/example_external_task_marker_dag.py
[2024-05-08T13:19:46.977+0000] {logging_mixin.py:188} INFO - [2024-05-08T13:19:46.977+0000] {dag.py:3096} INFO - Sync 2 DAGs
[2024-05-08T13:19:46.982+0000] {logging_mixin.py:188} INFO - [2024-05-08T13:19:46.982+0000] {dag.py:3954} INFO - Setting next_dagrun for example_external_task_marker_child to None, run_after=None
[2024-05-08T13:19:46.983+0000] {logging_mixin.py:188} INFO - [2024-05-08T13:19:46.983+0000] {dag.py:3954} INFO - Setting next_dagrun for example_external_task_marker_parent to None, run_after=None
[2024-05-08T13:19:47.002+0000] {processor.py:183} INFO - Processing /home/denys/airflow_venv/lib/python3.12/site-packages/airflow/example_dags/example_external_task_marker_dag.py took 0.083 seconds
[2024-05-08T13:20:37.217+0000] {processor.py:161} INFO - Started process (PID=2406) to work on /home/denys/airflow_venv/lib/python3.12/site-packages/airflow/example_dags/example_external_task_marker_dag.py
[2024-05-08T13:20:37.220+0000] {processor.py:830} INFO - Processing file /home/denys/airflow_venv/lib/python3.12/site-packages/airflow/example_dags/example_external_task_marker_dag.py for tasks to queue
[2024-05-08T13:20:37.221+0000] {logging_mixin.py:188} INFO - [2024-05-08T13:20:37.220+0000] {dagbag.py:545} INFO - Filling up the DagBag from /home/denys/airflow_venv/lib/python3.12/site-packages/airflow/example_dags/example_external_task_marker_dag.py
[2024-05-08T13:20:37.224+0000] {processor.py:840} INFO - DAG(s) 'example_external_task_marker_parent', 'example_external_task_marker_child' retrieved from /home/denys/airflow_venv/lib/python3.12/site-packages/airflow/example_dags/example_external_task_marker_dag.py
[2024-05-08T13:20:37.235+0000] {logging_mixin.py:188} INFO - [2024-05-08T13:20:37.235+0000] {dag.py:3096} INFO - Sync 2 DAGs
[2024-05-08T13:20:37.242+0000] {logging_mixin.py:188} INFO - [2024-05-08T13:20:37.242+0000] {dag.py:3954} INFO - Setting next_dagrun for example_external_task_marker_child to None, run_after=None
[2024-05-08T13:20:37.243+0000] {logging_mixin.py:188} INFO - [2024-05-08T13:20:37.243+0000] {dag.py:3954} INFO - Setting next_dagrun for example_external_task_marker_parent to None, run_after=None
[2024-05-08T13:20:37.265+0000] {processor.py:183} INFO - Processing /home/denys/airflow_venv/lib/python3.12/site-packages/airflow/example_dags/example_external_task_marker_dag.py took 0.052 seconds
[2024-05-08T13:21:42.038+0000] {processor.py:161} INFO - Started process (PID=2470) to work on /home/denys/airflow_venv/lib/python3.12/site-packages/airflow/example_dags/example_external_task_marker_dag.py
[2024-05-08T13:21:42.045+0000] {processor.py:830} INFO - Processing file /home/denys/airflow_venv/lib/python3.12/site-packages/airflow/example_dags/example_external_task_marker_dag.py for tasks to queue
[2024-05-08T13:21:42.046+0000] {logging_mixin.py:188} INFO - [2024-05-08T13:21:42.046+0000] {dagbag.py:545} INFO - Filling up the DagBag from /home/denys/airflow_venv/lib/python3.12/site-packages/airflow/example_dags/example_external_task_marker_dag.py
[2024-05-08T13:21:42.050+0000] {processor.py:840} INFO - DAG(s) 'example_external_task_marker_parent', 'example_external_task_marker_child' retrieved from /home/denys/airflow_venv/lib/python3.12/site-packages/airflow/example_dags/example_external_task_marker_dag.py
[2024-05-08T13:21:42.060+0000] {logging_mixin.py:188} INFO - [2024-05-08T13:21:42.060+0000] {dag.py:3096} INFO - Sync 2 DAGs
[2024-05-08T13:21:42.066+0000] {logging_mixin.py:188} INFO - [2024-05-08T13:21:42.066+0000] {dag.py:3954} INFO - Setting next_dagrun for example_external_task_marker_child to None, run_after=None
[2024-05-08T13:21:42.068+0000] {logging_mixin.py:188} INFO - [2024-05-08T13:21:42.068+0000] {dag.py:3954} INFO - Setting next_dagrun for example_external_task_marker_parent to None, run_after=None
[2024-05-08T13:21:42.085+0000] {processor.py:183} INFO - Processing /home/denys/airflow_venv/lib/python3.12/site-packages/airflow/example_dags/example_external_task_marker_dag.py took 0.049 seconds
[2024-05-08T13:22:46.541+0000] {processor.py:161} INFO - Started process (PID=2537) to work on /home/denys/airflow_venv/lib/python3.12/site-packages/airflow/example_dags/example_external_task_marker_dag.py
[2024-05-08T13:22:46.542+0000] {processor.py:830} INFO - Processing file /home/denys/airflow_venv/lib/python3.12/site-packages/airflow/example_dags/example_external_task_marker_dag.py for tasks to queue
[2024-05-08T13:22:46.543+0000] {logging_mixin.py:188} INFO - [2024-05-08T13:22:46.542+0000] {dagbag.py:545} INFO - Filling up the DagBag from /home/denys/airflow_venv/lib/python3.12/site-packages/airflow/example_dags/example_external_task_marker_dag.py
[2024-05-08T13:22:46.546+0000] {processor.py:840} INFO - DAG(s) 'example_external_task_marker_child', 'example_external_task_marker_parent' retrieved from /home/denys/airflow_venv/lib/python3.12/site-packages/airflow/example_dags/example_external_task_marker_dag.py
[2024-05-08T13:22:46.557+0000] {logging_mixin.py:188} INFO - [2024-05-08T13:22:46.557+0000] {dag.py:3096} INFO - Sync 2 DAGs
[2024-05-08T13:22:46.563+0000] {logging_mixin.py:188} INFO - [2024-05-08T13:22:46.563+0000] {dag.py:3954} INFO - Setting next_dagrun for example_external_task_marker_child to None, run_after=None
[2024-05-08T13:22:46.565+0000] {logging_mixin.py:188} INFO - [2024-05-08T13:22:46.565+0000] {dag.py:3954} INFO - Setting next_dagrun for example_external_task_marker_parent to None, run_after=None
[2024-05-08T13:22:46.590+0000] {processor.py:183} INFO - Processing /home/denys/airflow_venv/lib/python3.12/site-packages/airflow/example_dags/example_external_task_marker_dag.py took 0.053 seconds
[2024-05-08T13:23:48.184+0000] {processor.py:161} INFO - Started process (PID=2671) to work on /home/denys/airflow_venv/lib/python3.12/site-packages/airflow/example_dags/example_external_task_marker_dag.py
[2024-05-08T13:23:48.186+0000] {processor.py:830} INFO - Processing file /home/denys/airflow_venv/lib/python3.12/site-packages/airflow/example_dags/example_external_task_marker_dag.py for tasks to queue
[2024-05-08T13:23:48.187+0000] {logging_mixin.py:188} INFO - [2024-05-08T13:23:48.186+0000] {dagbag.py:545} INFO - Filling up the DagBag from /home/denys/airflow_venv/lib/python3.12/site-packages/airflow/example_dags/example_external_task_marker_dag.py
[2024-05-08T13:23:48.191+0000] {processor.py:840} INFO - DAG(s) 'example_external_task_marker_parent', 'example_external_task_marker_child' retrieved from /home/denys/airflow_venv/lib/python3.12/site-packages/airflow/example_dags/example_external_task_marker_dag.py
[2024-05-08T13:23:48.201+0000] {logging_mixin.py:188} INFO - [2024-05-08T13:23:48.201+0000] {dag.py:3096} INFO - Sync 2 DAGs
[2024-05-08T13:23:48.207+0000] {logging_mixin.py:188} INFO - [2024-05-08T13:23:48.207+0000] {dag.py:3954} INFO - Setting next_dagrun for example_external_task_marker_child to None, run_after=None
[2024-05-08T13:23:48.209+0000] {logging_mixin.py:188} INFO - [2024-05-08T13:23:48.208+0000] {dag.py:3954} INFO - Setting next_dagrun for example_external_task_marker_parent to None, run_after=None
[2024-05-08T13:23:48.228+0000] {processor.py:183} INFO - Processing /home/denys/airflow_venv/lib/python3.12/site-packages/airflow/example_dags/example_external_task_marker_dag.py took 0.047 seconds
[2024-05-08T13:24:43.772+0000] {processor.py:161} INFO - Started process (PID=2735) to work on /home/denys/airflow_venv/lib/python3.12/site-packages/airflow/example_dags/example_external_task_marker_dag.py
[2024-05-08T13:24:43.774+0000] {processor.py:830} INFO - Processing file /home/denys/airflow_venv/lib/python3.12/site-packages/airflow/example_dags/example_external_task_marker_dag.py for tasks to queue
[2024-05-08T13:24:43.775+0000] {logging_mixin.py:188} INFO - [2024-05-08T13:24:43.774+0000] {dagbag.py:545} INFO - Filling up the DagBag from /home/denys/airflow_venv/lib/python3.12/site-packages/airflow/example_dags/example_external_task_marker_dag.py
[2024-05-08T13:24:43.778+0000] {processor.py:840} INFO - DAG(s) 'example_external_task_marker_parent', 'example_external_task_marker_child' retrieved from /home/denys/airflow_venv/lib/python3.12/site-packages/airflow/example_dags/example_external_task_marker_dag.py
[2024-05-08T13:24:43.789+0000] {logging_mixin.py:188} INFO - [2024-05-08T13:24:43.789+0000] {dag.py:3096} INFO - Sync 2 DAGs
[2024-05-08T13:24:43.795+0000] {logging_mixin.py:188} INFO - [2024-05-08T13:24:43.795+0000] {dag.py:3954} INFO - Setting next_dagrun for example_external_task_marker_child to None, run_after=None
[2024-05-08T13:24:43.797+0000] {logging_mixin.py:188} INFO - [2024-05-08T13:24:43.797+0000] {dag.py:3954} INFO - Setting next_dagrun for example_external_task_marker_parent to None, run_after=None
[2024-05-08T13:24:43.822+0000] {processor.py:183} INFO - Processing /home/denys/airflow_venv/lib/python3.12/site-packages/airflow/example_dags/example_external_task_marker_dag.py took 0.054 seconds
[2024-05-08T13:25:44.874+0000] {processor.py:161} INFO - Started process (PID=2805) to work on /home/denys/airflow_venv/lib/python3.12/site-packages/airflow/example_dags/example_external_task_marker_dag.py
[2024-05-08T13:25:44.875+0000] {processor.py:830} INFO - Processing file /home/denys/airflow_venv/lib/python3.12/site-packages/airflow/example_dags/example_external_task_marker_dag.py for tasks to queue
[2024-05-08T13:25:44.877+0000] {logging_mixin.py:188} INFO - [2024-05-08T13:25:44.876+0000] {dagbag.py:545} INFO - Filling up the DagBag from /home/denys/airflow_venv/lib/python3.12/site-packages/airflow/example_dags/example_external_task_marker_dag.py
[2024-05-08T13:25:44.880+0000] {processor.py:840} INFO - DAG(s) 'example_external_task_marker_child', 'example_external_task_marker_parent' retrieved from /home/denys/airflow_venv/lib/python3.12/site-packages/airflow/example_dags/example_external_task_marker_dag.py
[2024-05-08T13:25:44.891+0000] {logging_mixin.py:188} INFO - [2024-05-08T13:25:44.891+0000] {dag.py:3096} INFO - Sync 2 DAGs
[2024-05-08T13:25:44.899+0000] {logging_mixin.py:188} INFO - [2024-05-08T13:25:44.899+0000] {dag.py:3954} INFO - Setting next_dagrun for example_external_task_marker_child to None, run_after=None
[2024-05-08T13:25:44.901+0000] {logging_mixin.py:188} INFO - [2024-05-08T13:25:44.901+0000] {dag.py:3954} INFO - Setting next_dagrun for example_external_task_marker_parent to None, run_after=None
[2024-05-08T13:25:44.917+0000] {processor.py:183} INFO - Processing /home/denys/airflow_venv/lib/python3.12/site-packages/airflow/example_dags/example_external_task_marker_dag.py took 0.047 seconds
[2024-05-08T13:26:49.792+0000] {processor.py:161} INFO - Started process (PID=2869) to work on /home/denys/airflow_venv/lib/python3.12/site-packages/airflow/example_dags/example_external_task_marker_dag.py
[2024-05-08T13:26:49.793+0000] {processor.py:830} INFO - Processing file /home/denys/airflow_venv/lib/python3.12/site-packages/airflow/example_dags/example_external_task_marker_dag.py for tasks to queue
[2024-05-08T13:26:49.794+0000] {logging_mixin.py:188} INFO - [2024-05-08T13:26:49.794+0000] {dagbag.py:545} INFO - Filling up the DagBag from /home/denys/airflow_venv/lib/python3.12/site-packages/airflow/example_dags/example_external_task_marker_dag.py
[2024-05-08T13:26:49.798+0000] {processor.py:840} INFO - DAG(s) 'example_external_task_marker_parent', 'example_external_task_marker_child' retrieved from /home/denys/airflow_venv/lib/python3.12/site-packages/airflow/example_dags/example_external_task_marker_dag.py
[2024-05-08T13:26:49.809+0000] {logging_mixin.py:188} INFO - [2024-05-08T13:26:49.808+0000] {dag.py:3096} INFO - Sync 2 DAGs
[2024-05-08T13:26:49.815+0000] {logging_mixin.py:188} INFO - [2024-05-08T13:26:49.814+0000] {dag.py:3954} INFO - Setting next_dagrun for example_external_task_marker_child to None, run_after=None
[2024-05-08T13:26:49.816+0000] {logging_mixin.py:188} INFO - [2024-05-08T13:26:49.816+0000] {dag.py:3954} INFO - Setting next_dagrun for example_external_task_marker_parent to None, run_after=None
[2024-05-08T13:26:49.833+0000] {processor.py:183} INFO - Processing /home/denys/airflow_venv/lib/python3.12/site-packages/airflow/example_dags/example_external_task_marker_dag.py took 0.044 seconds
[2024-05-08T13:27:53.979+0000] {processor.py:161} INFO - Started process (PID=2936) to work on /home/denys/airflow_venv/lib/python3.12/site-packages/airflow/example_dags/example_external_task_marker_dag.py
[2024-05-08T13:27:53.980+0000] {processor.py:830} INFO - Processing file /home/denys/airflow_venv/lib/python3.12/site-packages/airflow/example_dags/example_external_task_marker_dag.py for tasks to queue
[2024-05-08T13:27:53.981+0000] {logging_mixin.py:188} INFO - [2024-05-08T13:27:53.981+0000] {dagbag.py:545} INFO - Filling up the DagBag from /home/denys/airflow_venv/lib/python3.12/site-packages/airflow/example_dags/example_external_task_marker_dag.py
[2024-05-08T13:27:53.986+0000] {processor.py:840} INFO - DAG(s) 'example_external_task_marker_child', 'example_external_task_marker_parent' retrieved from /home/denys/airflow_venv/lib/python3.12/site-packages/airflow/example_dags/example_external_task_marker_dag.py
[2024-05-08T13:27:53.998+0000] {logging_mixin.py:188} INFO - [2024-05-08T13:27:53.998+0000] {dag.py:3096} INFO - Sync 2 DAGs
[2024-05-08T13:27:54.006+0000] {logging_mixin.py:188} INFO - [2024-05-08T13:27:54.006+0000] {dag.py:3954} INFO - Setting next_dagrun for example_external_task_marker_child to None, run_after=None
[2024-05-08T13:27:54.008+0000] {logging_mixin.py:188} INFO - [2024-05-08T13:27:54.008+0000] {dag.py:3954} INFO - Setting next_dagrun for example_external_task_marker_parent to None, run_after=None
[2024-05-08T13:27:54.031+0000] {processor.py:183} INFO - Processing /home/denys/airflow_venv/lib/python3.12/site-packages/airflow/example_dags/example_external_task_marker_dag.py took 0.055 seconds
[2024-05-08T13:28:58.003+0000] {processor.py:161} INFO - Started process (PID=3057) to work on /home/denys/airflow_venv/lib/python3.12/site-packages/airflow/example_dags/example_external_task_marker_dag.py
[2024-05-08T13:28:58.010+0000] {processor.py:830} INFO - Processing file /home/denys/airflow_venv/lib/python3.12/site-packages/airflow/example_dags/example_external_task_marker_dag.py for tasks to queue
[2024-05-08T13:28:58.011+0000] {logging_mixin.py:188} INFO - [2024-05-08T13:28:58.011+0000] {dagbag.py:545} INFO - Filling up the DagBag from /home/denys/airflow_venv/lib/python3.12/site-packages/airflow/example_dags/example_external_task_marker_dag.py
[2024-05-08T13:28:58.016+0000] {processor.py:840} INFO - DAG(s) 'example_external_task_marker_child', 'example_external_task_marker_parent' retrieved from /home/denys/airflow_venv/lib/python3.12/site-packages/airflow/example_dags/example_external_task_marker_dag.py
[2024-05-08T13:28:58.026+0000] {logging_mixin.py:188} INFO - [2024-05-08T13:28:58.026+0000] {dag.py:3096} INFO - Sync 2 DAGs
[2024-05-08T13:28:58.032+0000] {logging_mixin.py:188} INFO - [2024-05-08T13:28:58.032+0000] {dag.py:3954} INFO - Setting next_dagrun for example_external_task_marker_child to None, run_after=None
[2024-05-08T13:28:58.034+0000] {logging_mixin.py:188} INFO - [2024-05-08T13:28:58.034+0000] {dag.py:3954} INFO - Setting next_dagrun for example_external_task_marker_parent to None, run_after=None
[2024-05-08T13:28:58.048+0000] {processor.py:183} INFO - Processing /home/denys/airflow_venv/lib/python3.12/site-packages/airflow/example_dags/example_external_task_marker_dag.py took 0.048 seconds
[2024-05-08T13:29:55.655+0000] {processor.py:161} INFO - Started process (PID=3119) to work on /home/denys/airflow_venv/lib/python3.12/site-packages/airflow/example_dags/example_external_task_marker_dag.py
[2024-05-08T13:29:55.656+0000] {processor.py:830} INFO - Processing file /home/denys/airflow_venv/lib/python3.12/site-packages/airflow/example_dags/example_external_task_marker_dag.py for tasks to queue
[2024-05-08T13:29:55.657+0000] {logging_mixin.py:188} INFO - [2024-05-08T13:29:55.657+0000] {dagbag.py:545} INFO - Filling up the DagBag from /home/denys/airflow_venv/lib/python3.12/site-packages/airflow/example_dags/example_external_task_marker_dag.py
[2024-05-08T13:29:55.661+0000] {processor.py:840} INFO - DAG(s) 'example_external_task_marker_parent', 'example_external_task_marker_child' retrieved from /home/denys/airflow_venv/lib/python3.12/site-packages/airflow/example_dags/example_external_task_marker_dag.py
[2024-05-08T13:29:55.672+0000] {logging_mixin.py:188} INFO - [2024-05-08T13:29:55.672+0000] {dag.py:3096} INFO - Sync 2 DAGs
[2024-05-08T13:29:55.678+0000] {logging_mixin.py:188} INFO - [2024-05-08T13:29:55.678+0000] {dag.py:3954} INFO - Setting next_dagrun for example_external_task_marker_child to None, run_after=None
[2024-05-08T13:29:55.680+0000] {logging_mixin.py:188} INFO - [2024-05-08T13:29:55.680+0000] {dag.py:3954} INFO - Setting next_dagrun for example_external_task_marker_parent to None, run_after=None
[2024-05-08T13:29:55.701+0000] {processor.py:183} INFO - Processing /home/denys/airflow_venv/lib/python3.12/site-packages/airflow/example_dags/example_external_task_marker_dag.py took 0.049 seconds
[2024-05-08T13:30:57.639+0000] {processor.py:161} INFO - Started process (PID=3186) to work on /home/denys/airflow_venv/lib/python3.12/site-packages/airflow/example_dags/example_external_task_marker_dag.py
[2024-05-08T13:30:57.641+0000] {processor.py:830} INFO - Processing file /home/denys/airflow_venv/lib/python3.12/site-packages/airflow/example_dags/example_external_task_marker_dag.py for tasks to queue
[2024-05-08T13:30:57.642+0000] {logging_mixin.py:188} INFO - [2024-05-08T13:30:57.642+0000] {dagbag.py:545} INFO - Filling up the DagBag from /home/denys/airflow_venv/lib/python3.12/site-packages/airflow/example_dags/example_external_task_marker_dag.py
[2024-05-08T13:30:57.645+0000] {processor.py:840} INFO - DAG(s) 'example_external_task_marker_parent', 'example_external_task_marker_child' retrieved from /home/denys/airflow_venv/lib/python3.12/site-packages/airflow/example_dags/example_external_task_marker_dag.py
[2024-05-08T13:30:57.657+0000] {logging_mixin.py:188} INFO - [2024-05-08T13:30:57.657+0000] {dag.py:3096} INFO - Sync 2 DAGs
[2024-05-08T13:30:57.664+0000] {logging_mixin.py:188} INFO - [2024-05-08T13:30:57.664+0000] {dag.py:3954} INFO - Setting next_dagrun for example_external_task_marker_child to None, run_after=None
[2024-05-08T13:30:57.666+0000] {logging_mixin.py:188} INFO - [2024-05-08T13:30:57.666+0000] {dag.py:3954} INFO - Setting next_dagrun for example_external_task_marker_parent to None, run_after=None
[2024-05-08T13:30:57.687+0000] {processor.py:183} INFO - Processing /home/denys/airflow_venv/lib/python3.12/site-packages/airflow/example_dags/example_external_task_marker_dag.py took 0.051 seconds
[2024-05-08T13:31:57.550+0000] {processor.py:161} INFO - Started process (PID=3249) to work on /home/denys/airflow_venv/lib/python3.12/site-packages/airflow/example_dags/example_external_task_marker_dag.py
[2024-05-08T13:31:57.553+0000] {processor.py:830} INFO - Processing file /home/denys/airflow_venv/lib/python3.12/site-packages/airflow/example_dags/example_external_task_marker_dag.py for tasks to queue
[2024-05-08T13:31:57.554+0000] {logging_mixin.py:188} INFO - [2024-05-08T13:31:57.553+0000] {dagbag.py:545} INFO - Filling up the DagBag from /home/denys/airflow_venv/lib/python3.12/site-packages/airflow/example_dags/example_external_task_marker_dag.py
[2024-05-08T13:31:57.558+0000] {processor.py:840} INFO - DAG(s) 'example_external_task_marker_child', 'example_external_task_marker_parent' retrieved from /home/denys/airflow_venv/lib/python3.12/site-packages/airflow/example_dags/example_external_task_marker_dag.py
[2024-05-08T13:31:57.569+0000] {logging_mixin.py:188} INFO - [2024-05-08T13:31:57.569+0000] {dag.py:3096} INFO - Sync 2 DAGs
[2024-05-08T13:31:57.575+0000] {logging_mixin.py:188} INFO - [2024-05-08T13:31:57.575+0000] {dag.py:3954} INFO - Setting next_dagrun for example_external_task_marker_child to None, run_after=None
[2024-05-08T13:31:57.576+0000] {logging_mixin.py:188} INFO - [2024-05-08T13:31:57.576+0000] {dag.py:3954} INFO - Setting next_dagrun for example_external_task_marker_parent to None, run_after=None
[2024-05-08T13:31:57.595+0000] {processor.py:183} INFO - Processing /home/denys/airflow_venv/lib/python3.12/site-packages/airflow/example_dags/example_external_task_marker_dag.py took 0.048 seconds
[2024-05-08T13:33:05.055+0000] {processor.py:161} INFO - Started process (PID=3316) to work on /home/denys/airflow_venv/lib/python3.12/site-packages/airflow/example_dags/example_external_task_marker_dag.py
[2024-05-08T13:33:05.057+0000] {processor.py:830} INFO - Processing file /home/denys/airflow_venv/lib/python3.12/site-packages/airflow/example_dags/example_external_task_marker_dag.py for tasks to queue
[2024-05-08T13:33:05.058+0000] {logging_mixin.py:188} INFO - [2024-05-08T13:33:05.058+0000] {dagbag.py:545} INFO - Filling up the DagBag from /home/denys/airflow_venv/lib/python3.12/site-packages/airflow/example_dags/example_external_task_marker_dag.py
[2024-05-08T13:33:05.062+0000] {processor.py:840} INFO - DAG(s) 'example_external_task_marker_child', 'example_external_task_marker_parent' retrieved from /home/denys/airflow_venv/lib/python3.12/site-packages/airflow/example_dags/example_external_task_marker_dag.py
[2024-05-08T13:33:05.072+0000] {logging_mixin.py:188} INFO - [2024-05-08T13:33:05.072+0000] {dag.py:3096} INFO - Sync 2 DAGs
[2024-05-08T13:33:05.078+0000] {logging_mixin.py:188} INFO - [2024-05-08T13:33:05.078+0000] {dag.py:3954} INFO - Setting next_dagrun for example_external_task_marker_child to None, run_after=None
[2024-05-08T13:33:05.080+0000] {logging_mixin.py:188} INFO - [2024-05-08T13:33:05.080+0000] {dag.py:3954} INFO - Setting next_dagrun for example_external_task_marker_parent to None, run_after=None
[2024-05-08T13:33:05.100+0000] {processor.py:183} INFO - Processing /home/denys/airflow_venv/lib/python3.12/site-packages/airflow/example_dags/example_external_task_marker_dag.py took 0.048 seconds
[2024-05-08T13:34:08.024+0000] {processor.py:161} INFO - Started process (PID=3386) to work on /home/denys/airflow_venv/lib/python3.12/site-packages/airflow/example_dags/example_external_task_marker_dag.py
[2024-05-08T13:34:08.025+0000] {processor.py:830} INFO - Processing file /home/denys/airflow_venv/lib/python3.12/site-packages/airflow/example_dags/example_external_task_marker_dag.py for tasks to queue
[2024-05-08T13:34:08.026+0000] {logging_mixin.py:188} INFO - [2024-05-08T13:34:08.026+0000] {dagbag.py:545} INFO - Filling up the DagBag from /home/denys/airflow_venv/lib/python3.12/site-packages/airflow/example_dags/example_external_task_marker_dag.py
[2024-05-08T13:34:08.030+0000] {processor.py:840} INFO - DAG(s) 'example_external_task_marker_child', 'example_external_task_marker_parent' retrieved from /home/denys/airflow_venv/lib/python3.12/site-packages/airflow/example_dags/example_external_task_marker_dag.py
[2024-05-08T13:34:08.041+0000] {logging_mixin.py:188} INFO - [2024-05-08T13:34:08.041+0000] {dag.py:3096} INFO - Sync 2 DAGs
[2024-05-08T13:34:08.050+0000] {logging_mixin.py:188} INFO - [2024-05-08T13:34:08.050+0000] {dag.py:3954} INFO - Setting next_dagrun for example_external_task_marker_child to None, run_after=None
[2024-05-08T13:34:08.052+0000] {logging_mixin.py:188} INFO - [2024-05-08T13:34:08.052+0000] {dag.py:3954} INFO - Setting next_dagrun for example_external_task_marker_parent to None, run_after=None
[2024-05-08T13:34:08.068+0000] {processor.py:183} INFO - Processing /home/denys/airflow_venv/lib/python3.12/site-packages/airflow/example_dags/example_external_task_marker_dag.py took 0.048 seconds
[2024-05-08T13:35:09.327+0000] {processor.py:161} INFO - Started process (PID=3452) to work on /home/denys/airflow_venv/lib/python3.12/site-packages/airflow/example_dags/example_external_task_marker_dag.py
[2024-05-08T13:35:09.328+0000] {processor.py:830} INFO - Processing file /home/denys/airflow_venv/lib/python3.12/site-packages/airflow/example_dags/example_external_task_marker_dag.py for tasks to queue
[2024-05-08T13:35:09.329+0000] {logging_mixin.py:188} INFO - [2024-05-08T13:35:09.329+0000] {dagbag.py:545} INFO - Filling up the DagBag from /home/denys/airflow_venv/lib/python3.12/site-packages/airflow/example_dags/example_external_task_marker_dag.py
[2024-05-08T13:35:09.333+0000] {processor.py:840} INFO - DAG(s) 'example_external_task_marker_child', 'example_external_task_marker_parent' retrieved from /home/denys/airflow_venv/lib/python3.12/site-packages/airflow/example_dags/example_external_task_marker_dag.py
[2024-05-08T13:35:09.343+0000] {logging_mixin.py:188} INFO - [2024-05-08T13:35:09.343+0000] {dag.py:3096} INFO - Sync 2 DAGs
[2024-05-08T13:35:09.349+0000] {logging_mixin.py:188} INFO - [2024-05-08T13:35:09.349+0000] {dag.py:3954} INFO - Setting next_dagrun for example_external_task_marker_child to None, run_after=None
[2024-05-08T13:35:09.351+0000] {logging_mixin.py:188} INFO - [2024-05-08T13:35:09.351+0000] {dag.py:3954} INFO - Setting next_dagrun for example_external_task_marker_parent to None, run_after=None
[2024-05-08T13:35:09.373+0000] {processor.py:183} INFO - Processing /home/denys/airflow_venv/lib/python3.12/site-packages/airflow/example_dags/example_external_task_marker_dag.py took 0.049 seconds
[2024-05-08T13:36:09.490+0000] {processor.py:161} INFO - Started process (PID=3514) to work on /home/denys/airflow_venv/lib/python3.12/site-packages/airflow/example_dags/example_external_task_marker_dag.py
[2024-05-08T13:36:09.492+0000] {processor.py:830} INFO - Processing file /home/denys/airflow_venv/lib/python3.12/site-packages/airflow/example_dags/example_external_task_marker_dag.py for tasks to queue
[2024-05-08T13:36:09.493+0000] {logging_mixin.py:188} INFO - [2024-05-08T13:36:09.493+0000] {dagbag.py:545} INFO - Filling up the DagBag from /home/denys/airflow_venv/lib/python3.12/site-packages/airflow/example_dags/example_external_task_marker_dag.py
[2024-05-08T13:36:09.498+0000] {processor.py:840} INFO - DAG(s) 'example_external_task_marker_child', 'example_external_task_marker_parent' retrieved from /home/denys/airflow_venv/lib/python3.12/site-packages/airflow/example_dags/example_external_task_marker_dag.py
[2024-05-08T13:36:09.509+0000] {logging_mixin.py:188} INFO - [2024-05-08T13:36:09.509+0000] {dag.py:3096} INFO - Sync 2 DAGs
[2024-05-08T13:36:09.515+0000] {logging_mixin.py:188} INFO - [2024-05-08T13:36:09.515+0000] {dag.py:3954} INFO - Setting next_dagrun for example_external_task_marker_child to None, run_after=None
[2024-05-08T13:36:09.517+0000] {logging_mixin.py:188} INFO - [2024-05-08T13:36:09.517+0000] {dag.py:3954} INFO - Setting next_dagrun for example_external_task_marker_parent to None, run_after=None
[2024-05-08T13:36:09.531+0000] {processor.py:183} INFO - Processing /home/denys/airflow_venv/lib/python3.12/site-packages/airflow/example_dags/example_external_task_marker_dag.py took 0.045 seconds
[2024-05-08T13:37:12.562+0000] {processor.py:161} INFO - Started process (PID=3580) to work on /home/denys/airflow_venv/lib/python3.12/site-packages/airflow/example_dags/example_external_task_marker_dag.py
[2024-05-08T13:37:12.564+0000] {processor.py:830} INFO - Processing file /home/denys/airflow_venv/lib/python3.12/site-packages/airflow/example_dags/example_external_task_marker_dag.py for tasks to queue
[2024-05-08T13:37:12.565+0000] {logging_mixin.py:188} INFO - [2024-05-08T13:37:12.564+0000] {dagbag.py:545} INFO - Filling up the DagBag from /home/denys/airflow_venv/lib/python3.12/site-packages/airflow/example_dags/example_external_task_marker_dag.py
[2024-05-08T13:37:12.569+0000] {processor.py:840} INFO - DAG(s) 'example_external_task_marker_parent', 'example_external_task_marker_child' retrieved from /home/denys/airflow_venv/lib/python3.12/site-packages/airflow/example_dags/example_external_task_marker_dag.py
[2024-05-08T13:37:12.580+0000] {logging_mixin.py:188} INFO - [2024-05-08T13:37:12.579+0000] {dag.py:3096} INFO - Sync 2 DAGs
[2024-05-08T13:37:12.585+0000] {logging_mixin.py:188} INFO - [2024-05-08T13:37:12.585+0000] {dag.py:3954} INFO - Setting next_dagrun for example_external_task_marker_child to None, run_after=None
[2024-05-08T13:37:12.587+0000] {logging_mixin.py:188} INFO - [2024-05-08T13:37:12.587+0000] {dag.py:3954} INFO - Setting next_dagrun for example_external_task_marker_parent to None, run_after=None
[2024-05-08T13:37:12.610+0000] {processor.py:183} INFO - Processing /home/denys/airflow_venv/lib/python3.12/site-packages/airflow/example_dags/example_external_task_marker_dag.py took 0.051 seconds
[2024-05-08T13:38:21.595+0000] {processor.py:161} INFO - Started process (PID=3649) to work on /home/denys/airflow_venv/lib/python3.12/site-packages/airflow/example_dags/example_external_task_marker_dag.py
[2024-05-08T13:38:21.596+0000] {processor.py:830} INFO - Processing file /home/denys/airflow_venv/lib/python3.12/site-packages/airflow/example_dags/example_external_task_marker_dag.py for tasks to queue
[2024-05-08T13:38:21.597+0000] {logging_mixin.py:188} INFO - [2024-05-08T13:38:21.596+0000] {dagbag.py:545} INFO - Filling up the DagBag from /home/denys/airflow_venv/lib/python3.12/site-packages/airflow/example_dags/example_external_task_marker_dag.py
[2024-05-08T13:38:21.600+0000] {processor.py:840} INFO - DAG(s) 'example_external_task_marker_parent', 'example_external_task_marker_child' retrieved from /home/denys/airflow_venv/lib/python3.12/site-packages/airflow/example_dags/example_external_task_marker_dag.py
[2024-05-08T13:38:21.611+0000] {logging_mixin.py:188} INFO - [2024-05-08T13:38:21.611+0000] {dag.py:3096} INFO - Sync 2 DAGs
[2024-05-08T13:38:21.617+0000] {logging_mixin.py:188} INFO - [2024-05-08T13:38:21.617+0000] {dag.py:3954} INFO - Setting next_dagrun for example_external_task_marker_child to None, run_after=None
[2024-05-08T13:38:21.619+0000] {logging_mixin.py:188} INFO - [2024-05-08T13:38:21.619+0000] {dag.py:3954} INFO - Setting next_dagrun for example_external_task_marker_parent to None, run_after=None
[2024-05-08T13:38:21.642+0000] {processor.py:183} INFO - Processing /home/denys/airflow_venv/lib/python3.12/site-packages/airflow/example_dags/example_external_task_marker_dag.py took 0.051 seconds
[2024-05-08T13:39:23.156+0000] {processor.py:161} INFO - Started process (PID=3714) to work on /home/denys/airflow_venv/lib/python3.12/site-packages/airflow/example_dags/example_external_task_marker_dag.py
[2024-05-08T13:39:23.157+0000] {processor.py:830} INFO - Processing file /home/denys/airflow_venv/lib/python3.12/site-packages/airflow/example_dags/example_external_task_marker_dag.py for tasks to queue
[2024-05-08T13:39:23.158+0000] {logging_mixin.py:188} INFO - [2024-05-08T13:39:23.158+0000] {dagbag.py:545} INFO - Filling up the DagBag from /home/denys/airflow_venv/lib/python3.12/site-packages/airflow/example_dags/example_external_task_marker_dag.py
[2024-05-08T13:39:23.162+0000] {processor.py:840} INFO - DAG(s) 'example_external_task_marker_child', 'example_external_task_marker_parent' retrieved from /home/denys/airflow_venv/lib/python3.12/site-packages/airflow/example_dags/example_external_task_marker_dag.py
[2024-05-08T13:39:23.172+0000] {logging_mixin.py:188} INFO - [2024-05-08T13:39:23.172+0000] {dag.py:3096} INFO - Sync 2 DAGs
[2024-05-08T13:39:23.178+0000] {logging_mixin.py:188} INFO - [2024-05-08T13:39:23.178+0000] {dag.py:3954} INFO - Setting next_dagrun for example_external_task_marker_child to None, run_after=None
[2024-05-08T13:39:23.180+0000] {logging_mixin.py:188} INFO - [2024-05-08T13:39:23.180+0000] {dag.py:3954} INFO - Setting next_dagrun for example_external_task_marker_parent to None, run_after=None
[2024-05-08T13:39:23.201+0000] {processor.py:183} INFO - Processing /home/denys/airflow_venv/lib/python3.12/site-packages/airflow/example_dags/example_external_task_marker_dag.py took 0.049 seconds
[2024-05-08T13:40:35.847+0000] {processor.py:161} INFO - Started process (PID=3785) to work on /home/denys/airflow_venv/lib/python3.12/site-packages/airflow/example_dags/example_external_task_marker_dag.py
[2024-05-08T13:40:35.848+0000] {processor.py:830} INFO - Processing file /home/denys/airflow_venv/lib/python3.12/site-packages/airflow/example_dags/example_external_task_marker_dag.py for tasks to queue
[2024-05-08T13:40:35.849+0000] {logging_mixin.py:188} INFO - [2024-05-08T13:40:35.849+0000] {dagbag.py:545} INFO - Filling up the DagBag from /home/denys/airflow_venv/lib/python3.12/site-packages/airflow/example_dags/example_external_task_marker_dag.py
[2024-05-08T13:40:35.853+0000] {processor.py:840} INFO - DAG(s) 'example_external_task_marker_child', 'example_external_task_marker_parent' retrieved from /home/denys/airflow_venv/lib/python3.12/site-packages/airflow/example_dags/example_external_task_marker_dag.py
[2024-05-08T13:40:35.864+0000] {logging_mixin.py:188} INFO - [2024-05-08T13:40:35.864+0000] {dag.py:3096} INFO - Sync 2 DAGs
[2024-05-08T13:40:35.872+0000] {logging_mixin.py:188} INFO - [2024-05-08T13:40:35.872+0000] {dag.py:3954} INFO - Setting next_dagrun for example_external_task_marker_child to None, run_after=None
[2024-05-08T13:40:35.873+0000] {logging_mixin.py:188} INFO - [2024-05-08T13:40:35.873+0000] {dag.py:3954} INFO - Setting next_dagrun for example_external_task_marker_parent to None, run_after=None
[2024-05-08T13:40:35.894+0000] {processor.py:183} INFO - Processing /home/denys/airflow_venv/lib/python3.12/site-packages/airflow/example_dags/example_external_task_marker_dag.py took 0.050 seconds
[2024-05-08T13:41:27.869+0000] {processor.py:161} INFO - Started process (PID=3837) to work on /home/denys/airflow_venv/lib/python3.12/site-packages/airflow/example_dags/example_external_task_marker_dag.py
[2024-05-08T13:41:27.870+0000] {processor.py:830} INFO - Processing file /home/denys/airflow_venv/lib/python3.12/site-packages/airflow/example_dags/example_external_task_marker_dag.py for tasks to queue
[2024-05-08T13:41:27.871+0000] {logging_mixin.py:188} INFO - [2024-05-08T13:41:27.871+0000] {dagbag.py:545} INFO - Filling up the DagBag from /home/denys/airflow_venv/lib/python3.12/site-packages/airflow/example_dags/example_external_task_marker_dag.py
[2024-05-08T13:41:27.875+0000] {processor.py:840} INFO - DAG(s) 'example_external_task_marker_parent', 'example_external_task_marker_child' retrieved from /home/denys/airflow_venv/lib/python3.12/site-packages/airflow/example_dags/example_external_task_marker_dag.py
[2024-05-08T13:41:27.886+0000] {logging_mixin.py:188} INFO - [2024-05-08T13:41:27.886+0000] {dag.py:3096} INFO - Sync 2 DAGs
[2024-05-08T13:41:27.894+0000] {logging_mixin.py:188} INFO - [2024-05-08T13:41:27.894+0000] {dag.py:3954} INFO - Setting next_dagrun for example_external_task_marker_child to None, run_after=None
[2024-05-08T13:41:27.895+0000] {logging_mixin.py:188} INFO - [2024-05-08T13:41:27.895+0000] {dag.py:3954} INFO - Setting next_dagrun for example_external_task_marker_parent to None, run_after=None
[2024-05-08T13:41:27.915+0000] {processor.py:183} INFO - Processing /home/denys/airflow_venv/lib/python3.12/site-packages/airflow/example_dags/example_external_task_marker_dag.py took 0.050 seconds
[2024-05-08T13:42:34.463+0000] {processor.py:161} INFO - Started process (PID=3903) to work on /home/denys/airflow_venv/lib/python3.12/site-packages/airflow/example_dags/example_external_task_marker_dag.py
[2024-05-08T13:42:34.464+0000] {processor.py:830} INFO - Processing file /home/denys/airflow_venv/lib/python3.12/site-packages/airflow/example_dags/example_external_task_marker_dag.py for tasks to queue
[2024-05-08T13:42:34.465+0000] {logging_mixin.py:188} INFO - [2024-05-08T13:42:34.465+0000] {dagbag.py:545} INFO - Filling up the DagBag from /home/denys/airflow_venv/lib/python3.12/site-packages/airflow/example_dags/example_external_task_marker_dag.py
[2024-05-08T13:42:34.470+0000] {processor.py:840} INFO - DAG(s) 'example_external_task_marker_parent', 'example_external_task_marker_child' retrieved from /home/denys/airflow_venv/lib/python3.12/site-packages/airflow/example_dags/example_external_task_marker_dag.py
[2024-05-08T13:42:34.480+0000] {logging_mixin.py:188} INFO - [2024-05-08T13:42:34.480+0000] {dag.py:3096} INFO - Sync 2 DAGs
[2024-05-08T13:42:34.486+0000] {logging_mixin.py:188} INFO - [2024-05-08T13:42:34.486+0000] {dag.py:3954} INFO - Setting next_dagrun for example_external_task_marker_child to None, run_after=None
[2024-05-08T13:42:34.488+0000] {logging_mixin.py:188} INFO - [2024-05-08T13:42:34.488+0000] {dag.py:3954} INFO - Setting next_dagrun for example_external_task_marker_parent to None, run_after=None
[2024-05-08T13:42:34.510+0000] {processor.py:183} INFO - Processing /home/denys/airflow_venv/lib/python3.12/site-packages/airflow/example_dags/example_external_task_marker_dag.py took 0.051 seconds
