[2024-05-08T13:12:06.592+0000] {processor.py:161} INFO - Started process (PID=1883) to work on /home/denys/airflow_venv/lib/python3.12/site-packages/airflow/example_dags/example_dag_decorator.py
[2024-05-08T13:12:06.593+0000] {processor.py:830} INFO - Processing file /home/denys/airflow_venv/lib/python3.12/site-packages/airflow/example_dags/example_dag_decorator.py for tasks to queue
[2024-05-08T13:12:06.594+0000] {logging_mixin.py:188} INFO - [2024-05-08T13:12:06.593+0000] {dagbag.py:545} INFO - Filling up the DagBag from /home/denys/airflow_venv/lib/python3.12/site-packages/airflow/example_dags/example_dag_decorator.py
[2024-05-08T13:12:06.634+0000] {processor.py:840} INFO - DAG(s) 'example_dag_decorator' retrieved from /home/denys/airflow_venv/lib/python3.12/site-packages/airflow/example_dags/example_dag_decorator.py
[2024-05-08T13:12:06.708+0000] {logging_mixin.py:188} INFO - [2024-05-08T13:12:06.708+0000] {override.py:1829} INFO - Created Permission View: can delete on DAG:example_dag_decorator
[2024-05-08T13:12:06.718+0000] {logging_mixin.py:188} INFO - [2024-05-08T13:12:06.718+0000] {override.py:1829} INFO - Created Permission View: can edit on DAG:example_dag_decorator
[2024-05-08T13:12:06.728+0000] {logging_mixin.py:188} INFO - [2024-05-08T13:12:06.728+0000] {override.py:1829} INFO - Created Permission View: can read on DAG:example_dag_decorator
[2024-05-08T13:12:06.728+0000] {logging_mixin.py:188} INFO - [2024-05-08T13:12:06.728+0000] {dag.py:3096} INFO - Sync 1 DAGs
[2024-05-08T13:12:06.737+0000] {logging_mixin.py:188} INFO - [2024-05-08T13:12:06.737+0000] {dag.py:3118} INFO - Creating ORM DAG for example_dag_decorator
[2024-05-08T13:12:06.738+0000] {logging_mixin.py:188} INFO - [2024-05-08T13:12:06.738+0000] {dag.py:3954} INFO - Setting next_dagrun for example_dag_decorator to None, run_after=None
[2024-05-08T13:12:06.759+0000] {processor.py:183} INFO - Processing /home/denys/airflow_venv/lib/python3.12/site-packages/airflow/example_dags/example_dag_decorator.py took 0.169 seconds
[2024-05-08T13:12:59.308+0000] {processor.py:161} INFO - Started process (PID=1939) to work on /home/denys/airflow_venv/lib/python3.12/site-packages/airflow/example_dags/example_dag_decorator.py
[2024-05-08T13:12:59.310+0000] {processor.py:830} INFO - Processing file /home/denys/airflow_venv/lib/python3.12/site-packages/airflow/example_dags/example_dag_decorator.py for tasks to queue
[2024-05-08T13:12:59.311+0000] {logging_mixin.py:188} INFO - [2024-05-08T13:12:59.310+0000] {dagbag.py:545} INFO - Filling up the DagBag from /home/denys/airflow_venv/lib/python3.12/site-packages/airflow/example_dags/example_dag_decorator.py
[2024-05-08T13:12:59.359+0000] {processor.py:840} INFO - DAG(s) 'example_dag_decorator' retrieved from /home/denys/airflow_venv/lib/python3.12/site-packages/airflow/example_dags/example_dag_decorator.py
[2024-05-08T13:12:59.408+0000] {logging_mixin.py:188} INFO - [2024-05-08T13:12:59.408+0000] {dag.py:3096} INFO - Sync 1 DAGs
[2024-05-08T13:12:59.412+0000] {logging_mixin.py:188} INFO - [2024-05-08T13:12:59.412+0000] {dag.py:3954} INFO - Setting next_dagrun for example_dag_decorator to None, run_after=None
[2024-05-08T13:12:59.436+0000] {processor.py:183} INFO - Processing /home/denys/airflow_venv/lib/python3.12/site-packages/airflow/example_dags/example_dag_decorator.py took 0.131 seconds
[2024-05-08T13:13:50.004+0000] {processor.py:161} INFO - Started process (PID=1991) to work on /home/denys/airflow_venv/lib/python3.12/site-packages/airflow/example_dags/example_dag_decorator.py
[2024-05-08T13:13:50.005+0000] {processor.py:830} INFO - Processing file /home/denys/airflow_venv/lib/python3.12/site-packages/airflow/example_dags/example_dag_decorator.py for tasks to queue
[2024-05-08T13:13:50.007+0000] {logging_mixin.py:188} INFO - [2024-05-08T13:13:50.006+0000] {dagbag.py:545} INFO - Filling up the DagBag from /home/denys/airflow_venv/lib/python3.12/site-packages/airflow/example_dags/example_dag_decorator.py
[2024-05-08T13:13:50.054+0000] {processor.py:840} INFO - DAG(s) 'example_dag_decorator' retrieved from /home/denys/airflow_venv/lib/python3.12/site-packages/airflow/example_dags/example_dag_decorator.py
[2024-05-08T13:13:50.105+0000] {logging_mixin.py:188} INFO - [2024-05-08T13:13:50.105+0000] {dag.py:3096} INFO - Sync 1 DAGs
[2024-05-08T13:13:50.110+0000] {logging_mixin.py:188} INFO - [2024-05-08T13:13:50.110+0000] {dag.py:3954} INFO - Setting next_dagrun for example_dag_decorator to None, run_after=None
[2024-05-08T13:13:50.133+0000] {processor.py:183} INFO - Processing /home/denys/airflow_venv/lib/python3.12/site-packages/airflow/example_dags/example_dag_decorator.py took 0.132 seconds
[2024-05-08T13:14:54.622+0000] {processor.py:161} INFO - Started process (PID=2057) to work on /home/denys/airflow_venv/lib/python3.12/site-packages/airflow/example_dags/example_dag_decorator.py
[2024-05-08T13:14:54.624+0000] {processor.py:830} INFO - Processing file /home/denys/airflow_venv/lib/python3.12/site-packages/airflow/example_dags/example_dag_decorator.py for tasks to queue
[2024-05-08T13:14:54.624+0000] {logging_mixin.py:188} INFO - [2024-05-08T13:14:54.624+0000] {dagbag.py:545} INFO - Filling up the DagBag from /home/denys/airflow_venv/lib/python3.12/site-packages/airflow/example_dags/example_dag_decorator.py
[2024-05-08T13:14:54.669+0000] {processor.py:840} INFO - DAG(s) 'example_dag_decorator' retrieved from /home/denys/airflow_venv/lib/python3.12/site-packages/airflow/example_dags/example_dag_decorator.py
[2024-05-08T13:14:54.715+0000] {logging_mixin.py:188} INFO - [2024-05-08T13:14:54.715+0000] {dag.py:3096} INFO - Sync 1 DAGs
[2024-05-08T13:14:54.720+0000] {logging_mixin.py:188} INFO - [2024-05-08T13:14:54.720+0000] {dag.py:3954} INFO - Setting next_dagrun for example_dag_decorator to None, run_after=None
[2024-05-08T13:14:54.743+0000] {processor.py:183} INFO - Processing /home/denys/airflow_venv/lib/python3.12/site-packages/airflow/example_dags/example_dag_decorator.py took 0.124 seconds
[2024-05-08T13:15:57.080+0000] {processor.py:161} INFO - Started process (PID=2124) to work on /home/denys/airflow_venv/lib/python3.12/site-packages/airflow/example_dags/example_dag_decorator.py
[2024-05-08T13:15:57.081+0000] {processor.py:830} INFO - Processing file /home/denys/airflow_venv/lib/python3.12/site-packages/airflow/example_dags/example_dag_decorator.py for tasks to queue
[2024-05-08T13:15:57.082+0000] {logging_mixin.py:188} INFO - [2024-05-08T13:15:57.082+0000] {dagbag.py:545} INFO - Filling up the DagBag from /home/denys/airflow_venv/lib/python3.12/site-packages/airflow/example_dags/example_dag_decorator.py
[2024-05-08T13:15:57.127+0000] {processor.py:840} INFO - DAG(s) 'example_dag_decorator' retrieved from /home/denys/airflow_venv/lib/python3.12/site-packages/airflow/example_dags/example_dag_decorator.py
[2024-05-08T13:15:57.179+0000] {logging_mixin.py:188} INFO - [2024-05-08T13:15:57.179+0000] {dag.py:3096} INFO - Sync 1 DAGs
[2024-05-08T13:15:57.184+0000] {logging_mixin.py:188} INFO - [2024-05-08T13:15:57.184+0000] {dag.py:3954} INFO - Setting next_dagrun for example_dag_decorator to None, run_after=None
[2024-05-08T13:15:57.200+0000] {processor.py:183} INFO - Processing /home/denys/airflow_venv/lib/python3.12/site-packages/airflow/example_dags/example_dag_decorator.py took 0.123 seconds
[2024-05-08T13:17:01.344+0000] {processor.py:161} INFO - Started process (PID=2192) to work on /home/denys/airflow_venv/lib/python3.12/site-packages/airflow/example_dags/example_dag_decorator.py
[2024-05-08T13:17:01.347+0000] {processor.py:830} INFO - Processing file /home/denys/airflow_venv/lib/python3.12/site-packages/airflow/example_dags/example_dag_decorator.py for tasks to queue
[2024-05-08T13:17:01.348+0000] {logging_mixin.py:188} INFO - [2024-05-08T13:17:01.347+0000] {dagbag.py:545} INFO - Filling up the DagBag from /home/denys/airflow_venv/lib/python3.12/site-packages/airflow/example_dags/example_dag_decorator.py
[2024-05-08T13:17:01.390+0000] {processor.py:840} INFO - DAG(s) 'example_dag_decorator' retrieved from /home/denys/airflow_venv/lib/python3.12/site-packages/airflow/example_dags/example_dag_decorator.py
[2024-05-08T13:17:01.442+0000] {logging_mixin.py:188} INFO - [2024-05-08T13:17:01.442+0000] {dag.py:3096} INFO - Sync 1 DAGs
[2024-05-08T13:17:01.446+0000] {logging_mixin.py:188} INFO - [2024-05-08T13:17:01.446+0000] {dag.py:3954} INFO - Setting next_dagrun for example_dag_decorator to None, run_after=None
[2024-05-08T13:17:01.467+0000] {processor.py:183} INFO - Processing /home/denys/airflow_venv/lib/python3.12/site-packages/airflow/example_dags/example_dag_decorator.py took 0.126 seconds
[2024-05-08T13:18:06.084+0000] {processor.py:161} INFO - Started process (PID=2261) to work on /home/denys/airflow_venv/lib/python3.12/site-packages/airflow/example_dags/example_dag_decorator.py
[2024-05-08T13:18:06.086+0000] {processor.py:830} INFO - Processing file /home/denys/airflow_venv/lib/python3.12/site-packages/airflow/example_dags/example_dag_decorator.py for tasks to queue
[2024-05-08T13:18:06.087+0000] {logging_mixin.py:188} INFO - [2024-05-08T13:18:06.087+0000] {dagbag.py:545} INFO - Filling up the DagBag from /home/denys/airflow_venv/lib/python3.12/site-packages/airflow/example_dags/example_dag_decorator.py
[2024-05-08T13:18:06.134+0000] {processor.py:840} INFO - DAG(s) 'example_dag_decorator' retrieved from /home/denys/airflow_venv/lib/python3.12/site-packages/airflow/example_dags/example_dag_decorator.py
[2024-05-08T13:18:06.249+0000] {logging_mixin.py:188} INFO - [2024-05-08T13:18:06.249+0000] {dag.py:3096} INFO - Sync 1 DAGs
[2024-05-08T13:18:06.253+0000] {logging_mixin.py:188} INFO - [2024-05-08T13:18:06.253+0000] {dag.py:3954} INFO - Setting next_dagrun for example_dag_decorator to None, run_after=None
[2024-05-08T13:18:06.279+0000] {processor.py:183} INFO - Processing /home/denys/airflow_venv/lib/python3.12/site-packages/airflow/example_dags/example_dag_decorator.py took 0.198 seconds
[2024-05-08T13:19:36.111+0000] {processor.py:161} INFO - Started process (PID=2338) to work on /home/denys/airflow_venv/lib/python3.12/site-packages/airflow/example_dags/example_dag_decorator.py
[2024-05-08T13:19:36.113+0000] {processor.py:830} INFO - Processing file /home/denys/airflow_venv/lib/python3.12/site-packages/airflow/example_dags/example_dag_decorator.py for tasks to queue
[2024-05-08T13:19:36.114+0000] {logging_mixin.py:188} INFO - [2024-05-08T13:19:36.114+0000] {dagbag.py:545} INFO - Filling up the DagBag from /home/denys/airflow_venv/lib/python3.12/site-packages/airflow/example_dags/example_dag_decorator.py
[2024-05-08T13:19:36.159+0000] {processor.py:840} INFO - DAG(s) 'example_dag_decorator' retrieved from /home/denys/airflow_venv/lib/python3.12/site-packages/airflow/example_dags/example_dag_decorator.py
[2024-05-08T13:19:36.211+0000] {logging_mixin.py:188} INFO - [2024-05-08T13:19:36.210+0000] {dag.py:3096} INFO - Sync 1 DAGs
[2024-05-08T13:19:36.215+0000] {logging_mixin.py:188} INFO - [2024-05-08T13:19:36.215+0000] {dag.py:3954} INFO - Setting next_dagrun for example_dag_decorator to None, run_after=None
[2024-05-08T13:19:36.232+0000] {processor.py:183} INFO - Processing /home/denys/airflow_venv/lib/python3.12/site-packages/airflow/example_dags/example_dag_decorator.py took 0.124 seconds
[2024-05-08T13:20:26.965+0000] {processor.py:161} INFO - Started process (PID=2395) to work on /home/denys/airflow_venv/lib/python3.12/site-packages/airflow/example_dags/example_dag_decorator.py
[2024-05-08T13:20:26.967+0000] {processor.py:830} INFO - Processing file /home/denys/airflow_venv/lib/python3.12/site-packages/airflow/example_dags/example_dag_decorator.py for tasks to queue
[2024-05-08T13:20:26.968+0000] {logging_mixin.py:188} INFO - [2024-05-08T13:20:26.968+0000] {dagbag.py:545} INFO - Filling up the DagBag from /home/denys/airflow_venv/lib/python3.12/site-packages/airflow/example_dags/example_dag_decorator.py
[2024-05-08T13:20:27.014+0000] {processor.py:840} INFO - DAG(s) 'example_dag_decorator' retrieved from /home/denys/airflow_venv/lib/python3.12/site-packages/airflow/example_dags/example_dag_decorator.py
[2024-05-08T13:20:27.064+0000] {logging_mixin.py:188} INFO - [2024-05-08T13:20:27.063+0000] {dag.py:3096} INFO - Sync 1 DAGs
[2024-05-08T13:20:27.068+0000] {logging_mixin.py:188} INFO - [2024-05-08T13:20:27.068+0000] {dag.py:3954} INFO - Setting next_dagrun for example_dag_decorator to None, run_after=None
[2024-05-08T13:20:27.087+0000] {processor.py:183} INFO - Processing /home/denys/airflow_venv/lib/python3.12/site-packages/airflow/example_dags/example_dag_decorator.py took 0.125 seconds
[2024-05-08T13:21:17.442+0000] {processor.py:161} INFO - Started process (PID=2447) to work on /home/denys/airflow_venv/lib/python3.12/site-packages/airflow/example_dags/example_dag_decorator.py
[2024-05-08T13:21:17.443+0000] {processor.py:830} INFO - Processing file /home/denys/airflow_venv/lib/python3.12/site-packages/airflow/example_dags/example_dag_decorator.py for tasks to queue
[2024-05-08T13:21:17.444+0000] {logging_mixin.py:188} INFO - [2024-05-08T13:21:17.444+0000] {dagbag.py:545} INFO - Filling up the DagBag from /home/denys/airflow_venv/lib/python3.12/site-packages/airflow/example_dags/example_dag_decorator.py
[2024-05-08T13:21:17.485+0000] {processor.py:840} INFO - DAG(s) 'example_dag_decorator' retrieved from /home/denys/airflow_venv/lib/python3.12/site-packages/airflow/example_dags/example_dag_decorator.py
[2024-05-08T13:21:17.537+0000] {logging_mixin.py:188} INFO - [2024-05-08T13:21:17.537+0000] {dag.py:3096} INFO - Sync 1 DAGs
[2024-05-08T13:21:17.542+0000] {logging_mixin.py:188} INFO - [2024-05-08T13:21:17.542+0000] {dag.py:3954} INFO - Setting next_dagrun for example_dag_decorator to None, run_after=None
[2024-05-08T13:21:17.564+0000] {processor.py:183} INFO - Processing /home/denys/airflow_venv/lib/python3.12/site-packages/airflow/example_dags/example_dag_decorator.py took 0.125 seconds
[2024-05-08T13:22:21.817+0000] {processor.py:161} INFO - Started process (PID=2512) to work on /home/denys/airflow_venv/lib/python3.12/site-packages/airflow/example_dags/example_dag_decorator.py
[2024-05-08T13:22:21.818+0000] {processor.py:830} INFO - Processing file /home/denys/airflow_venv/lib/python3.12/site-packages/airflow/example_dags/example_dag_decorator.py for tasks to queue
[2024-05-08T13:22:21.819+0000] {logging_mixin.py:188} INFO - [2024-05-08T13:22:21.819+0000] {dagbag.py:545} INFO - Filling up the DagBag from /home/denys/airflow_venv/lib/python3.12/site-packages/airflow/example_dags/example_dag_decorator.py
[2024-05-08T13:22:21.862+0000] {processor.py:840} INFO - DAG(s) 'example_dag_decorator' retrieved from /home/denys/airflow_venv/lib/python3.12/site-packages/airflow/example_dags/example_dag_decorator.py
[2024-05-08T13:22:21.914+0000] {logging_mixin.py:188} INFO - [2024-05-08T13:22:21.914+0000] {dag.py:3096} INFO - Sync 1 DAGs
[2024-05-08T13:22:21.919+0000] {logging_mixin.py:188} INFO - [2024-05-08T13:22:21.919+0000] {dag.py:3954} INFO - Setting next_dagrun for example_dag_decorator to None, run_after=None
[2024-05-08T13:22:21.940+0000] {processor.py:183} INFO - Processing /home/denys/airflow_venv/lib/python3.12/site-packages/airflow/example_dags/example_dag_decorator.py took 0.126 seconds
[2024-05-08T13:23:23.584+0000] {processor.py:161} INFO - Started process (PID=2578) to work on /home/denys/airflow_venv/lib/python3.12/site-packages/airflow/example_dags/example_dag_decorator.py
[2024-05-08T13:23:23.585+0000] {processor.py:830} INFO - Processing file /home/denys/airflow_venv/lib/python3.12/site-packages/airflow/example_dags/example_dag_decorator.py for tasks to queue
[2024-05-08T13:23:23.586+0000] {logging_mixin.py:188} INFO - [2024-05-08T13:23:23.586+0000] {dagbag.py:545} INFO - Filling up the DagBag from /home/denys/airflow_venv/lib/python3.12/site-packages/airflow/example_dags/example_dag_decorator.py
[2024-05-08T13:23:23.631+0000] {processor.py:840} INFO - DAG(s) 'example_dag_decorator' retrieved from /home/denys/airflow_venv/lib/python3.12/site-packages/airflow/example_dags/example_dag_decorator.py
[2024-05-08T13:23:23.681+0000] {logging_mixin.py:188} INFO - [2024-05-08T13:23:23.681+0000] {dag.py:3096} INFO - Sync 1 DAGs
[2024-05-08T13:23:23.686+0000] {logging_mixin.py:188} INFO - [2024-05-08T13:23:23.686+0000] {dag.py:3954} INFO - Setting next_dagrun for example_dag_decorator to None, run_after=None
[2024-05-08T13:23:23.710+0000] {processor.py:183} INFO - Processing /home/denys/airflow_venv/lib/python3.12/site-packages/airflow/example_dags/example_dag_decorator.py took 0.130 seconds
[2024-05-08T13:24:21.982+0000] {processor.py:161} INFO - Started process (PID=2712) to work on /home/denys/airflow_venv/lib/python3.12/site-packages/airflow/example_dags/example_dag_decorator.py
[2024-05-08T13:24:21.983+0000] {processor.py:830} INFO - Processing file /home/denys/airflow_venv/lib/python3.12/site-packages/airflow/example_dags/example_dag_decorator.py for tasks to queue
[2024-05-08T13:24:21.984+0000] {logging_mixin.py:188} INFO - [2024-05-08T13:24:21.984+0000] {dagbag.py:545} INFO - Filling up the DagBag from /home/denys/airflow_venv/lib/python3.12/site-packages/airflow/example_dags/example_dag_decorator.py
[2024-05-08T13:24:22.028+0000] {processor.py:840} INFO - DAG(s) 'example_dag_decorator' retrieved from /home/denys/airflow_venv/lib/python3.12/site-packages/airflow/example_dags/example_dag_decorator.py
[2024-05-08T13:24:22.129+0000] {logging_mixin.py:188} INFO - [2024-05-08T13:24:22.129+0000] {dag.py:3096} INFO - Sync 1 DAGs
[2024-05-08T13:24:22.133+0000] {logging_mixin.py:188} INFO - [2024-05-08T13:24:22.133+0000] {dag.py:3954} INFO - Setting next_dagrun for example_dag_decorator to None, run_after=None
[2024-05-08T13:24:22.156+0000] {processor.py:183} INFO - Processing /home/denys/airflow_venv/lib/python3.12/site-packages/airflow/example_dags/example_dag_decorator.py took 0.177 seconds
[2024-05-08T13:25:21.688+0000] {processor.py:161} INFO - Started process (PID=2780) to work on /home/denys/airflow_venv/lib/python3.12/site-packages/airflow/example_dags/example_dag_decorator.py
[2024-05-08T13:25:21.689+0000] {processor.py:830} INFO - Processing file /home/denys/airflow_venv/lib/python3.12/site-packages/airflow/example_dags/example_dag_decorator.py for tasks to queue
[2024-05-08T13:25:21.690+0000] {logging_mixin.py:188} INFO - [2024-05-08T13:25:21.690+0000] {dagbag.py:545} INFO - Filling up the DagBag from /home/denys/airflow_venv/lib/python3.12/site-packages/airflow/example_dags/example_dag_decorator.py
[2024-05-08T13:25:21.735+0000] {processor.py:840} INFO - DAG(s) 'example_dag_decorator' retrieved from /home/denys/airflow_venv/lib/python3.12/site-packages/airflow/example_dags/example_dag_decorator.py
[2024-05-08T13:25:21.744+0000] {logging_mixin.py:188} INFO - [2024-05-08T13:25:21.744+0000] {dag.py:3096} INFO - Sync 1 DAGs
[2024-05-08T13:25:21.751+0000] {logging_mixin.py:188} INFO - [2024-05-08T13:25:21.751+0000] {dag.py:3954} INFO - Setting next_dagrun for example_dag_decorator to None, run_after=None
[2024-05-08T13:25:21.773+0000] {processor.py:183} INFO - Processing /home/denys/airflow_venv/lib/python3.12/site-packages/airflow/example_dags/example_dag_decorator.py took 0.089 seconds
[2024-05-08T13:26:23.788+0000] {processor.py:161} INFO - Started process (PID=2844) to work on /home/denys/airflow_venv/lib/python3.12/site-packages/airflow/example_dags/example_dag_decorator.py
[2024-05-08T13:26:23.790+0000] {processor.py:830} INFO - Processing file /home/denys/airflow_venv/lib/python3.12/site-packages/airflow/example_dags/example_dag_decorator.py for tasks to queue
[2024-05-08T13:26:23.791+0000] {logging_mixin.py:188} INFO - [2024-05-08T13:26:23.791+0000] {dagbag.py:545} INFO - Filling up the DagBag from /home/denys/airflow_venv/lib/python3.12/site-packages/airflow/example_dags/example_dag_decorator.py
[2024-05-08T13:26:23.840+0000] {processor.py:840} INFO - DAG(s) 'example_dag_decorator' retrieved from /home/denys/airflow_venv/lib/python3.12/site-packages/airflow/example_dags/example_dag_decorator.py
[2024-05-08T13:26:23.851+0000] {logging_mixin.py:188} INFO - [2024-05-08T13:26:23.851+0000] {dag.py:3096} INFO - Sync 1 DAGs
[2024-05-08T13:26:23.857+0000] {logging_mixin.py:188} INFO - [2024-05-08T13:26:23.857+0000] {dag.py:3954} INFO - Setting next_dagrun for example_dag_decorator to None, run_after=None
[2024-05-08T13:26:23.876+0000] {processor.py:183} INFO - Processing /home/denys/airflow_venv/lib/python3.12/site-packages/airflow/example_dags/example_dag_decorator.py took 0.091 seconds
[2024-05-08T13:27:28.838+0000] {processor.py:161} INFO - Started process (PID=2910) to work on /home/denys/airflow_venv/lib/python3.12/site-packages/airflow/example_dags/example_dag_decorator.py
[2024-05-08T13:27:28.839+0000] {processor.py:830} INFO - Processing file /home/denys/airflow_venv/lib/python3.12/site-packages/airflow/example_dags/example_dag_decorator.py for tasks to queue
[2024-05-08T13:27:28.840+0000] {logging_mixin.py:188} INFO - [2024-05-08T13:27:28.840+0000] {dagbag.py:545} INFO - Filling up the DagBag from /home/denys/airflow_venv/lib/python3.12/site-packages/airflow/example_dags/example_dag_decorator.py
[2024-05-08T13:27:28.886+0000] {processor.py:840} INFO - DAG(s) 'example_dag_decorator' retrieved from /home/denys/airflow_venv/lib/python3.12/site-packages/airflow/example_dags/example_dag_decorator.py
[2024-05-08T13:27:28.934+0000] {logging_mixin.py:188} INFO - [2024-05-08T13:27:28.934+0000] {dag.py:3096} INFO - Sync 1 DAGs
[2024-05-08T13:27:28.939+0000] {logging_mixin.py:188} INFO - [2024-05-08T13:27:28.939+0000] {dag.py:3954} INFO - Setting next_dagrun for example_dag_decorator to None, run_after=None
[2024-05-08T13:27:28.961+0000] {processor.py:183} INFO - Processing /home/denys/airflow_venv/lib/python3.12/site-packages/airflow/example_dags/example_dag_decorator.py took 0.127 seconds
[2024-05-08T13:28:34.455+0000] {processor.py:161} INFO - Started process (PID=2978) to work on /home/denys/airflow_venv/lib/python3.12/site-packages/airflow/example_dags/example_dag_decorator.py
[2024-05-08T13:28:34.456+0000] {processor.py:830} INFO - Processing file /home/denys/airflow_venv/lib/python3.12/site-packages/airflow/example_dags/example_dag_decorator.py for tasks to queue
[2024-05-08T13:28:34.457+0000] {logging_mixin.py:188} INFO - [2024-05-08T13:28:34.457+0000] {dagbag.py:545} INFO - Filling up the DagBag from /home/denys/airflow_venv/lib/python3.12/site-packages/airflow/example_dags/example_dag_decorator.py
[2024-05-08T13:28:34.506+0000] {processor.py:840} INFO - DAG(s) 'example_dag_decorator' retrieved from /home/denys/airflow_venv/lib/python3.12/site-packages/airflow/example_dags/example_dag_decorator.py
[2024-05-08T13:28:34.623+0000] {logging_mixin.py:188} INFO - [2024-05-08T13:28:34.622+0000] {dag.py:3096} INFO - Sync 1 DAGs
[2024-05-08T13:28:34.627+0000] {logging_mixin.py:188} INFO - [2024-05-08T13:28:34.627+0000] {dag.py:3954} INFO - Setting next_dagrun for example_dag_decorator to None, run_after=None
[2024-05-08T13:28:34.644+0000] {processor.py:183} INFO - Processing /home/denys/airflow_venv/lib/python3.12/site-packages/airflow/example_dags/example_dag_decorator.py took 0.192 seconds
[2024-05-08T13:29:31.807+0000] {processor.py:161} INFO - Started process (PID=3096) to work on /home/denys/airflow_venv/lib/python3.12/site-packages/airflow/example_dags/example_dag_decorator.py
[2024-05-08T13:29:31.808+0000] {processor.py:830} INFO - Processing file /home/denys/airflow_venv/lib/python3.12/site-packages/airflow/example_dags/example_dag_decorator.py for tasks to queue
[2024-05-08T13:29:31.809+0000] {logging_mixin.py:188} INFO - [2024-05-08T13:29:31.809+0000] {dagbag.py:545} INFO - Filling up the DagBag from /home/denys/airflow_venv/lib/python3.12/site-packages/airflow/example_dags/example_dag_decorator.py
[2024-05-08T13:29:31.855+0000] {processor.py:840} INFO - DAG(s) 'example_dag_decorator' retrieved from /home/denys/airflow_venv/lib/python3.12/site-packages/airflow/example_dags/example_dag_decorator.py
[2024-05-08T13:29:31.957+0000] {logging_mixin.py:188} INFO - [2024-05-08T13:29:31.957+0000] {dag.py:3096} INFO - Sync 1 DAGs
[2024-05-08T13:29:31.961+0000] {logging_mixin.py:188} INFO - [2024-05-08T13:29:31.961+0000] {dag.py:3954} INFO - Setting next_dagrun for example_dag_decorator to None, run_after=None
[2024-05-08T13:29:31.980+0000] {processor.py:183} INFO - Processing /home/denys/airflow_venv/lib/python3.12/site-packages/airflow/example_dags/example_dag_decorator.py took 0.177 seconds
[2024-05-08T13:30:32.179+0000] {processor.py:161} INFO - Started process (PID=3161) to work on /home/denys/airflow_venv/lib/python3.12/site-packages/airflow/example_dags/example_dag_decorator.py
[2024-05-08T13:30:32.181+0000] {processor.py:830} INFO - Processing file /home/denys/airflow_venv/lib/python3.12/site-packages/airflow/example_dags/example_dag_decorator.py for tasks to queue
[2024-05-08T13:30:32.182+0000] {logging_mixin.py:188} INFO - [2024-05-08T13:30:32.182+0000] {dagbag.py:545} INFO - Filling up the DagBag from /home/denys/airflow_venv/lib/python3.12/site-packages/airflow/example_dags/example_dag_decorator.py
[2024-05-08T13:30:32.223+0000] {processor.py:840} INFO - DAG(s) 'example_dag_decorator' retrieved from /home/denys/airflow_venv/lib/python3.12/site-packages/airflow/example_dags/example_dag_decorator.py
[2024-05-08T13:30:32.319+0000] {logging_mixin.py:188} INFO - [2024-05-08T13:30:32.319+0000] {dag.py:3096} INFO - Sync 1 DAGs
[2024-05-08T13:30:32.323+0000] {logging_mixin.py:188} INFO - [2024-05-08T13:30:32.323+0000] {dag.py:3954} INFO - Setting next_dagrun for example_dag_decorator to None, run_after=None
[2024-05-08T13:30:32.345+0000] {processor.py:183} INFO - Processing /home/denys/airflow_venv/lib/python3.12/site-packages/airflow/example_dags/example_dag_decorator.py took 0.169 seconds
[2024-05-08T13:31:34.317+0000] {processor.py:161} INFO - Started process (PID=3225) to work on /home/denys/airflow_venv/lib/python3.12/site-packages/airflow/example_dags/example_dag_decorator.py
[2024-05-08T13:31:34.319+0000] {processor.py:830} INFO - Processing file /home/denys/airflow_venv/lib/python3.12/site-packages/airflow/example_dags/example_dag_decorator.py for tasks to queue
[2024-05-08T13:31:34.320+0000] {logging_mixin.py:188} INFO - [2024-05-08T13:31:34.320+0000] {dagbag.py:545} INFO - Filling up the DagBag from /home/denys/airflow_venv/lib/python3.12/site-packages/airflow/example_dags/example_dag_decorator.py
[2024-05-08T13:31:34.365+0000] {processor.py:840} INFO - DAG(s) 'example_dag_decorator' retrieved from /home/denys/airflow_venv/lib/python3.12/site-packages/airflow/example_dags/example_dag_decorator.py
[2024-05-08T13:31:34.464+0000] {logging_mixin.py:188} INFO - [2024-05-08T13:31:34.464+0000] {dag.py:3096} INFO - Sync 1 DAGs
[2024-05-08T13:31:34.468+0000] {logging_mixin.py:188} INFO - [2024-05-08T13:31:34.468+0000] {dag.py:3954} INFO - Setting next_dagrun for example_dag_decorator to None, run_after=None
[2024-05-08T13:31:34.491+0000] {processor.py:183} INFO - Processing /home/denys/airflow_venv/lib/python3.12/site-packages/airflow/example_dags/example_dag_decorator.py took 0.178 seconds
[2024-05-08T13:32:38.045+0000] {processor.py:161} INFO - Started process (PID=3290) to work on /home/denys/airflow_venv/lib/python3.12/site-packages/airflow/example_dags/example_dag_decorator.py
[2024-05-08T13:32:38.046+0000] {processor.py:830} INFO - Processing file /home/denys/airflow_venv/lib/python3.12/site-packages/airflow/example_dags/example_dag_decorator.py for tasks to queue
[2024-05-08T13:32:38.047+0000] {logging_mixin.py:188} INFO - [2024-05-08T13:32:38.046+0000] {dagbag.py:545} INFO - Filling up the DagBag from /home/denys/airflow_venv/lib/python3.12/site-packages/airflow/example_dags/example_dag_decorator.py
[2024-05-08T13:32:38.092+0000] {processor.py:840} INFO - DAG(s) 'example_dag_decorator' retrieved from /home/denys/airflow_venv/lib/python3.12/site-packages/airflow/example_dags/example_dag_decorator.py
[2024-05-08T13:32:38.193+0000] {logging_mixin.py:188} INFO - [2024-05-08T13:32:38.193+0000] {dag.py:3096} INFO - Sync 1 DAGs
[2024-05-08T13:32:38.197+0000] {logging_mixin.py:188} INFO - [2024-05-08T13:32:38.197+0000] {dag.py:3954} INFO - Setting next_dagrun for example_dag_decorator to None, run_after=None
[2024-05-08T13:32:38.213+0000] {processor.py:183} INFO - Processing /home/denys/airflow_venv/lib/python3.12/site-packages/airflow/example_dags/example_dag_decorator.py took 0.172 seconds
[2024-05-08T13:33:43.427+0000] {processor.py:161} INFO - Started process (PID=3356) to work on /home/denys/airflow_venv/lib/python3.12/site-packages/airflow/example_dags/example_dag_decorator.py
[2024-05-08T13:33:43.429+0000] {processor.py:830} INFO - Processing file /home/denys/airflow_venv/lib/python3.12/site-packages/airflow/example_dags/example_dag_decorator.py for tasks to queue
[2024-05-08T13:33:43.430+0000] {logging_mixin.py:188} INFO - [2024-05-08T13:33:43.430+0000] {dagbag.py:545} INFO - Filling up the DagBag from /home/denys/airflow_venv/lib/python3.12/site-packages/airflow/example_dags/example_dag_decorator.py
[2024-05-08T13:33:43.490+0000] {processor.py:840} INFO - DAG(s) 'example_dag_decorator' retrieved from /home/denys/airflow_venv/lib/python3.12/site-packages/airflow/example_dags/example_dag_decorator.py
[2024-05-08T13:33:43.642+0000] {logging_mixin.py:188} INFO - [2024-05-08T13:33:43.642+0000] {dag.py:3096} INFO - Sync 1 DAGs
[2024-05-08T13:33:43.647+0000] {logging_mixin.py:188} INFO - [2024-05-08T13:33:43.647+0000] {dag.py:3954} INFO - Setting next_dagrun for example_dag_decorator to None, run_after=None
[2024-05-08T13:33:43.671+0000] {processor.py:183} INFO - Processing /home/denys/airflow_venv/lib/python3.12/site-packages/airflow/example_dags/example_dag_decorator.py took 0.247 seconds
[2024-05-08T13:34:46.472+0000] {processor.py:161} INFO - Started process (PID=3424) to work on /home/denys/airflow_venv/lib/python3.12/site-packages/airflow/example_dags/example_dag_decorator.py
[2024-05-08T13:34:46.473+0000] {processor.py:830} INFO - Processing file /home/denys/airflow_venv/lib/python3.12/site-packages/airflow/example_dags/example_dag_decorator.py for tasks to queue
[2024-05-08T13:34:46.474+0000] {logging_mixin.py:188} INFO - [2024-05-08T13:34:46.474+0000] {dagbag.py:545} INFO - Filling up the DagBag from /home/denys/airflow_venv/lib/python3.12/site-packages/airflow/example_dags/example_dag_decorator.py
[2024-05-08T13:34:46.519+0000] {processor.py:840} INFO - DAG(s) 'example_dag_decorator' retrieved from /home/denys/airflow_venv/lib/python3.12/site-packages/airflow/example_dags/example_dag_decorator.py
[2024-05-08T13:34:46.618+0000] {logging_mixin.py:188} INFO - [2024-05-08T13:34:46.618+0000] {dag.py:3096} INFO - Sync 1 DAGs
[2024-05-08T13:34:46.622+0000] {logging_mixin.py:188} INFO - [2024-05-08T13:34:46.622+0000] {dag.py:3954} INFO - Setting next_dagrun for example_dag_decorator to None, run_after=None
[2024-05-08T13:34:46.650+0000] {processor.py:183} INFO - Processing /home/denys/airflow_venv/lib/python3.12/site-packages/airflow/example_dags/example_dag_decorator.py took 0.182 seconds
[2024-05-08T13:35:44.503+0000] {processor.py:161} INFO - Started process (PID=3489) to work on /home/denys/airflow_venv/lib/python3.12/site-packages/airflow/example_dags/example_dag_decorator.py
[2024-05-08T13:35:44.505+0000] {processor.py:830} INFO - Processing file /home/denys/airflow_venv/lib/python3.12/site-packages/airflow/example_dags/example_dag_decorator.py for tasks to queue
[2024-05-08T13:35:44.506+0000] {logging_mixin.py:188} INFO - [2024-05-08T13:35:44.506+0000] {dagbag.py:545} INFO - Filling up the DagBag from /home/denys/airflow_venv/lib/python3.12/site-packages/airflow/example_dags/example_dag_decorator.py
[2024-05-08T13:35:44.606+0000] {processor.py:840} INFO - DAG(s) 'example_dag_decorator' retrieved from /home/denys/airflow_venv/lib/python3.12/site-packages/airflow/example_dags/example_dag_decorator.py
[2024-05-08T13:35:44.647+0000] {logging_mixin.py:188} INFO - [2024-05-08T13:35:44.647+0000] {dag.py:3096} INFO - Sync 1 DAGs
[2024-05-08T13:35:44.651+0000] {logging_mixin.py:188} INFO - [2024-05-08T13:35:44.651+0000] {dag.py:3954} INFO - Setting next_dagrun for example_dag_decorator to None, run_after=None
[2024-05-08T13:35:44.673+0000] {processor.py:183} INFO - Processing /home/denys/airflow_venv/lib/python3.12/site-packages/airflow/example_dags/example_dag_decorator.py took 0.174 seconds
[2024-05-08T13:36:46.488+0000] {processor.py:161} INFO - Started process (PID=3554) to work on /home/denys/airflow_venv/lib/python3.12/site-packages/airflow/example_dags/example_dag_decorator.py
[2024-05-08T13:36:46.490+0000] {processor.py:830} INFO - Processing file /home/denys/airflow_venv/lib/python3.12/site-packages/airflow/example_dags/example_dag_decorator.py for tasks to queue
[2024-05-08T13:36:46.491+0000] {logging_mixin.py:188} INFO - [2024-05-08T13:36:46.491+0000] {dagbag.py:545} INFO - Filling up the DagBag from /home/denys/airflow_venv/lib/python3.12/site-packages/airflow/example_dags/example_dag_decorator.py
[2024-05-08T13:36:46.619+0000] {processor.py:840} INFO - DAG(s) 'example_dag_decorator' retrieved from /home/denys/airflow_venv/lib/python3.12/site-packages/airflow/example_dags/example_dag_decorator.py
[2024-05-08T13:36:46.664+0000] {logging_mixin.py:188} INFO - [2024-05-08T13:36:46.664+0000] {dag.py:3096} INFO - Sync 1 DAGs
[2024-05-08T13:36:46.668+0000] {logging_mixin.py:188} INFO - [2024-05-08T13:36:46.668+0000] {dag.py:3954} INFO - Setting next_dagrun for example_dag_decorator to None, run_after=None
[2024-05-08T13:36:46.687+0000] {processor.py:183} INFO - Processing /home/denys/airflow_venv/lib/python3.12/site-packages/airflow/example_dags/example_dag_decorator.py took 0.203 seconds
[2024-05-08T13:37:55.007+0000] {processor.py:161} INFO - Started process (PID=3622) to work on /home/denys/airflow_venv/lib/python3.12/site-packages/airflow/example_dags/example_dag_decorator.py
[2024-05-08T13:37:55.008+0000] {processor.py:830} INFO - Processing file /home/denys/airflow_venv/lib/python3.12/site-packages/airflow/example_dags/example_dag_decorator.py for tasks to queue
[2024-05-08T13:37:55.009+0000] {logging_mixin.py:188} INFO - [2024-05-08T13:37:55.009+0000] {dagbag.py:545} INFO - Filling up the DagBag from /home/denys/airflow_venv/lib/python3.12/site-packages/airflow/example_dags/example_dag_decorator.py
[2024-05-08T13:37:55.114+0000] {processor.py:840} INFO - DAG(s) 'example_dag_decorator' retrieved from /home/denys/airflow_venv/lib/python3.12/site-packages/airflow/example_dags/example_dag_decorator.py
[2024-05-08T13:37:55.157+0000] {logging_mixin.py:188} INFO - [2024-05-08T13:37:55.157+0000] {dag.py:3096} INFO - Sync 1 DAGs
[2024-05-08T13:37:55.161+0000] {logging_mixin.py:188} INFO - [2024-05-08T13:37:55.161+0000] {dag.py:3954} INFO - Setting next_dagrun for example_dag_decorator to None, run_after=None
[2024-05-08T13:37:55.181+0000] {processor.py:183} INFO - Processing /home/denys/airflow_venv/lib/python3.12/site-packages/airflow/example_dags/example_dag_decorator.py took 0.178 seconds
[2024-05-08T13:38:41.777+0000] {processor.py:161} INFO - Started process (PID=3670) to work on /home/denys/airflow_venv/lib/python3.12/site-packages/airflow/example_dags/example_dag_decorator.py
[2024-05-08T13:38:41.779+0000] {processor.py:830} INFO - Processing file /home/denys/airflow_venv/lib/python3.12/site-packages/airflow/example_dags/example_dag_decorator.py for tasks to queue
[2024-05-08T13:38:41.780+0000] {logging_mixin.py:188} INFO - [2024-05-08T13:38:41.780+0000] {dagbag.py:545} INFO - Filling up the DagBag from /home/denys/airflow_venv/lib/python3.12/site-packages/airflow/example_dags/example_dag_decorator.py
[2024-05-08T13:38:41.829+0000] {processor.py:840} INFO - DAG(s) 'example_dag_decorator' retrieved from /home/denys/airflow_venv/lib/python3.12/site-packages/airflow/example_dags/example_dag_decorator.py
[2024-05-08T13:38:41.944+0000] {logging_mixin.py:188} INFO - [2024-05-08T13:38:41.944+0000] {dag.py:3096} INFO - Sync 1 DAGs
[2024-05-08T13:38:41.948+0000] {logging_mixin.py:188} INFO - [2024-05-08T13:38:41.948+0000] {dag.py:3954} INFO - Setting next_dagrun for example_dag_decorator to None, run_after=None
[2024-05-08T13:38:41.976+0000] {processor.py:183} INFO - Processing /home/denys/airflow_venv/lib/python3.12/site-packages/airflow/example_dags/example_dag_decorator.py took 0.202 seconds
[2024-05-08T13:39:45.882+0000] {processor.py:161} INFO - Started process (PID=3735) to work on /home/denys/airflow_venv/lib/python3.12/site-packages/airflow/example_dags/example_dag_decorator.py
[2024-05-08T13:39:45.884+0000] {processor.py:830} INFO - Processing file /home/denys/airflow_venv/lib/python3.12/site-packages/airflow/example_dags/example_dag_decorator.py for tasks to queue
[2024-05-08T13:39:45.885+0000] {logging_mixin.py:188} INFO - [2024-05-08T13:39:45.885+0000] {dagbag.py:545} INFO - Filling up the DagBag from /home/denys/airflow_venv/lib/python3.12/site-packages/airflow/example_dags/example_dag_decorator.py
[2024-05-08T13:39:45.933+0000] {processor.py:840} INFO - DAG(s) 'example_dag_decorator' retrieved from /home/denys/airflow_venv/lib/python3.12/site-packages/airflow/example_dags/example_dag_decorator.py
[2024-05-08T13:39:46.052+0000] {logging_mixin.py:188} INFO - [2024-05-08T13:39:46.052+0000] {dag.py:3096} INFO - Sync 1 DAGs
[2024-05-08T13:39:46.056+0000] {logging_mixin.py:188} INFO - [2024-05-08T13:39:46.056+0000] {dag.py:3954} INFO - Setting next_dagrun for example_dag_decorator to None, run_after=None
[2024-05-08T13:39:46.079+0000] {processor.py:183} INFO - Processing /home/denys/airflow_venv/lib/python3.12/site-packages/airflow/example_dags/example_dag_decorator.py took 0.201 seconds
[2024-05-08T13:40:33.320+0000] {processor.py:161} INFO - Started process (PID=3783) to work on /home/denys/airflow_venv/lib/python3.12/site-packages/airflow/example_dags/example_dag_decorator.py
[2024-05-08T13:40:33.321+0000] {processor.py:830} INFO - Processing file /home/denys/airflow_venv/lib/python3.12/site-packages/airflow/example_dags/example_dag_decorator.py for tasks to queue
[2024-05-08T13:40:33.322+0000] {logging_mixin.py:188} INFO - [2024-05-08T13:40:33.322+0000] {dagbag.py:545} INFO - Filling up the DagBag from /home/denys/airflow_venv/lib/python3.12/site-packages/airflow/example_dags/example_dag_decorator.py
[2024-05-08T13:40:33.437+0000] {processor.py:840} INFO - DAG(s) 'example_dag_decorator' retrieved from /home/denys/airflow_venv/lib/python3.12/site-packages/airflow/example_dags/example_dag_decorator.py
[2024-05-08T13:40:33.486+0000] {logging_mixin.py:188} INFO - [2024-05-08T13:40:33.486+0000] {dag.py:3096} INFO - Sync 1 DAGs
[2024-05-08T13:40:33.491+0000] {logging_mixin.py:188} INFO - [2024-05-08T13:40:33.491+0000] {dag.py:3954} INFO - Setting next_dagrun for example_dag_decorator to None, run_after=None
[2024-05-08T13:40:33.508+0000] {processor.py:183} INFO - Processing /home/denys/airflow_venv/lib/python3.12/site-packages/airflow/example_dags/example_dag_decorator.py took 0.193 seconds
[2024-05-08T13:41:21.453+0000] {processor.py:161} INFO - Started process (PID=3830) to work on /home/denys/airflow_venv/lib/python3.12/site-packages/airflow/example_dags/example_dag_decorator.py
[2024-05-08T13:41:21.460+0000] {processor.py:830} INFO - Processing file /home/denys/airflow_venv/lib/python3.12/site-packages/airflow/example_dags/example_dag_decorator.py for tasks to queue
[2024-05-08T13:41:21.461+0000] {logging_mixin.py:188} INFO - [2024-05-08T13:41:21.461+0000] {dagbag.py:545} INFO - Filling up the DagBag from /home/denys/airflow_venv/lib/python3.12/site-packages/airflow/example_dags/example_dag_decorator.py
[2024-05-08T13:41:21.567+0000] {processor.py:840} INFO - DAG(s) 'example_dag_decorator' retrieved from /home/denys/airflow_venv/lib/python3.12/site-packages/airflow/example_dags/example_dag_decorator.py
[2024-05-08T13:41:21.608+0000] {logging_mixin.py:188} INFO - [2024-05-08T13:41:21.608+0000] {dag.py:3096} INFO - Sync 1 DAGs
[2024-05-08T13:41:21.612+0000] {logging_mixin.py:188} INFO - [2024-05-08T13:41:21.612+0000] {dag.py:3954} INFO - Setting next_dagrun for example_dag_decorator to None, run_after=None
[2024-05-08T13:41:21.629+0000] {processor.py:183} INFO - Processing /home/denys/airflow_venv/lib/python3.12/site-packages/airflow/example_dags/example_dag_decorator.py took 0.180 seconds
[2024-05-08T13:42:26.580+0000] {processor.py:161} INFO - Started process (PID=3896) to work on /home/denys/airflow_venv/lib/python3.12/site-packages/airflow/example_dags/example_dag_decorator.py
[2024-05-08T13:42:26.581+0000] {processor.py:830} INFO - Processing file /home/denys/airflow_venv/lib/python3.12/site-packages/airflow/example_dags/example_dag_decorator.py for tasks to queue
[2024-05-08T13:42:26.582+0000] {logging_mixin.py:188} INFO - [2024-05-08T13:42:26.582+0000] {dagbag.py:545} INFO - Filling up the DagBag from /home/denys/airflow_venv/lib/python3.12/site-packages/airflow/example_dags/example_dag_decorator.py
[2024-05-08T13:42:26.692+0000] {processor.py:840} INFO - DAG(s) 'example_dag_decorator' retrieved from /home/denys/airflow_venv/lib/python3.12/site-packages/airflow/example_dags/example_dag_decorator.py
[2024-05-08T13:42:26.915+0000] {logging_mixin.py:188} INFO - [2024-05-08T13:42:26.915+0000] {dag.py:3096} INFO - Sync 1 DAGs
[2024-05-08T13:42:26.920+0000] {logging_mixin.py:188} INFO - [2024-05-08T13:42:26.919+0000] {dag.py:3954} INFO - Setting next_dagrun for example_dag_decorator to None, run_after=None
[2024-05-08T13:42:26.941+0000] {processor.py:183} INFO - Processing /home/denys/airflow_venv/lib/python3.12/site-packages/airflow/example_dags/example_dag_decorator.py took 0.365 seconds
[2024-05-08T13:43:12.324+0000] {processor.py:161} INFO - Started process (PID=3942) to work on /home/denys/airflow_venv/lib/python3.12/site-packages/airflow/example_dags/example_dag_decorator.py
[2024-05-08T13:43:12.325+0000] {processor.py:830} INFO - Processing file /home/denys/airflow_venv/lib/python3.12/site-packages/airflow/example_dags/example_dag_decorator.py for tasks to queue
[2024-05-08T13:43:12.326+0000] {logging_mixin.py:188} INFO - [2024-05-08T13:43:12.326+0000] {dagbag.py:545} INFO - Filling up the DagBag from /home/denys/airflow_venv/lib/python3.12/site-packages/airflow/example_dags/example_dag_decorator.py
[2024-05-08T13:43:12.373+0000] {processor.py:840} INFO - DAG(s) 'example_dag_decorator' retrieved from /home/denys/airflow_venv/lib/python3.12/site-packages/airflow/example_dags/example_dag_decorator.py
[2024-05-08T13:43:12.423+0000] {logging_mixin.py:188} INFO - [2024-05-08T13:43:12.422+0000] {dag.py:3096} INFO - Sync 1 DAGs
[2024-05-08T13:43:12.427+0000] {logging_mixin.py:188} INFO - [2024-05-08T13:43:12.427+0000] {dag.py:3954} INFO - Setting next_dagrun for example_dag_decorator to None, run_after=None
[2024-05-08T13:43:12.447+0000] {processor.py:183} INFO - Processing /home/denys/airflow_venv/lib/python3.12/site-packages/airflow/example_dags/example_dag_decorator.py took 0.127 seconds
