[2024-05-08T13:11:42.925+0000] {processor.py:161} INFO - Started process (PID=1860) to work on /home/denys/airflow_venv/lib/python3.12/site-packages/airflow/example_dags/example_branch_day_of_week_operator.py
[2024-05-08T13:11:42.926+0000] {processor.py:830} INFO - Processing file /home/denys/airflow_venv/lib/python3.12/site-packages/airflow/example_dags/example_branch_day_of_week_operator.py for tasks to queue
[2024-05-08T13:11:42.927+0000] {logging_mixin.py:188} INFO - [2024-05-08T13:11:42.927+0000] {dagbag.py:545} INFO - Filling up the DagBag from /home/denys/airflow_venv/lib/python3.12/site-packages/airflow/example_dags/example_branch_day_of_week_operator.py
[2024-05-08T13:11:42.933+0000] {processor.py:840} INFO - DAG(s) 'example_weekday_branch_operator' retrieved from /home/denys/airflow_venv/lib/python3.12/site-packages/airflow/example_dags/example_branch_day_of_week_operator.py
[2024-05-08T13:11:43.004+0000] {logging_mixin.py:188} INFO - [2024-05-08T13:11:43.003+0000] {override.py:1829} INFO - Created Permission View: can delete on DAG:example_weekday_branch_operator
[2024-05-08T13:11:43.013+0000] {logging_mixin.py:188} INFO - [2024-05-08T13:11:43.013+0000] {override.py:1829} INFO - Created Permission View: can edit on DAG:example_weekday_branch_operator
[2024-05-08T13:11:43.020+0000] {logging_mixin.py:188} INFO - [2024-05-08T13:11:43.020+0000] {override.py:1829} INFO - Created Permission View: can read on DAG:example_weekday_branch_operator
[2024-05-08T13:11:43.020+0000] {logging_mixin.py:188} INFO - [2024-05-08T13:11:43.020+0000] {dag.py:3096} INFO - Sync 1 DAGs
[2024-05-08T13:11:43.026+0000] {logging_mixin.py:188} INFO - [2024-05-08T13:11:43.026+0000] {dag.py:3118} INFO - Creating ORM DAG for example_weekday_branch_operator
[2024-05-08T13:11:43.031+0000] {logging_mixin.py:188} INFO - [2024-05-08T13:11:43.031+0000] {dag.py:3954} INFO - Setting next_dagrun for example_weekday_branch_operator to 2024-05-07 00:00:00+00:00, run_after=2024-05-08 00:00:00+00:00
[2024-05-08T13:11:43.048+0000] {processor.py:183} INFO - Processing /home/denys/airflow_venv/lib/python3.12/site-packages/airflow/example_dags/example_branch_day_of_week_operator.py took 0.125 seconds
[2024-05-08T13:12:37.651+0000] {processor.py:161} INFO - Started process (PID=1913) to work on /home/denys/airflow_venv/lib/python3.12/site-packages/airflow/example_dags/example_branch_day_of_week_operator.py
[2024-05-08T13:12:37.658+0000] {processor.py:830} INFO - Processing file /home/denys/airflow_venv/lib/python3.12/site-packages/airflow/example_dags/example_branch_day_of_week_operator.py for tasks to queue
[2024-05-08T13:12:37.659+0000] {logging_mixin.py:188} INFO - [2024-05-08T13:12:37.659+0000] {dagbag.py:545} INFO - Filling up the DagBag from /home/denys/airflow_venv/lib/python3.12/site-packages/airflow/example_dags/example_branch_day_of_week_operator.py
[2024-05-08T13:12:37.663+0000] {processor.py:840} INFO - DAG(s) 'example_weekday_branch_operator' retrieved from /home/denys/airflow_venv/lib/python3.12/site-packages/airflow/example_dags/example_branch_day_of_week_operator.py
[2024-05-08T13:12:37.673+0000] {logging_mixin.py:188} INFO - [2024-05-08T13:12:37.672+0000] {dag.py:3096} INFO - Sync 1 DAGs
[2024-05-08T13:12:37.683+0000] {logging_mixin.py:188} INFO - [2024-05-08T13:12:37.683+0000] {dag.py:3954} INFO - Setting next_dagrun for example_weekday_branch_operator to 2024-05-07 00:00:00+00:00, run_after=2024-05-08 00:00:00+00:00
[2024-05-08T13:12:37.700+0000] {processor.py:183} INFO - Processing /home/denys/airflow_venv/lib/python3.12/site-packages/airflow/example_dags/example_branch_day_of_week_operator.py took 0.052 seconds
[2024-05-08T13:13:22.812+0000] {processor.py:161} INFO - Started process (PID=1962) to work on /home/denys/airflow_venv/lib/python3.12/site-packages/airflow/example_dags/example_branch_day_of_week_operator.py
[2024-05-08T13:13:22.813+0000] {processor.py:830} INFO - Processing file /home/denys/airflow_venv/lib/python3.12/site-packages/airflow/example_dags/example_branch_day_of_week_operator.py for tasks to queue
[2024-05-08T13:13:22.815+0000] {logging_mixin.py:188} INFO - [2024-05-08T13:13:22.814+0000] {dagbag.py:545} INFO - Filling up the DagBag from /home/denys/airflow_venv/lib/python3.12/site-packages/airflow/example_dags/example_branch_day_of_week_operator.py
[2024-05-08T13:13:22.819+0000] {processor.py:840} INFO - DAG(s) 'example_weekday_branch_operator' retrieved from /home/denys/airflow_venv/lib/python3.12/site-packages/airflow/example_dags/example_branch_day_of_week_operator.py
[2024-05-08T13:13:22.829+0000] {logging_mixin.py:188} INFO - [2024-05-08T13:13:22.829+0000] {dag.py:3096} INFO - Sync 1 DAGs
[2024-05-08T13:13:22.839+0000] {logging_mixin.py:188} INFO - [2024-05-08T13:13:22.839+0000] {dag.py:3954} INFO - Setting next_dagrun for example_weekday_branch_operator to 2024-05-07 00:00:00+00:00, run_after=2024-05-08 00:00:00+00:00
[2024-05-08T13:13:22.859+0000] {processor.py:183} INFO - Processing /home/denys/airflow_venv/lib/python3.12/site-packages/airflow/example_dags/example_branch_day_of_week_operator.py took 0.050 seconds
[2024-05-08T13:14:05.088+0000] {processor.py:161} INFO - Started process (PID=2007) to work on /home/denys/airflow_venv/lib/python3.12/site-packages/airflow/example_dags/example_branch_day_of_week_operator.py
[2024-05-08T13:14:05.090+0000] {processor.py:830} INFO - Processing file /home/denys/airflow_venv/lib/python3.12/site-packages/airflow/example_dags/example_branch_day_of_week_operator.py for tasks to queue
[2024-05-08T13:14:05.091+0000] {logging_mixin.py:188} INFO - [2024-05-08T13:14:05.090+0000] {dagbag.py:545} INFO - Filling up the DagBag from /home/denys/airflow_venv/lib/python3.12/site-packages/airflow/example_dags/example_branch_day_of_week_operator.py
[2024-05-08T13:14:05.096+0000] {processor.py:840} INFO - DAG(s) 'example_weekday_branch_operator' retrieved from /home/denys/airflow_venv/lib/python3.12/site-packages/airflow/example_dags/example_branch_day_of_week_operator.py
[2024-05-08T13:14:05.106+0000] {logging_mixin.py:188} INFO - [2024-05-08T13:14:05.106+0000] {dag.py:3096} INFO - Sync 1 DAGs
[2024-05-08T13:14:05.116+0000] {logging_mixin.py:188} INFO - [2024-05-08T13:14:05.116+0000] {dag.py:3954} INFO - Setting next_dagrun for example_weekday_branch_operator to 2024-05-07 00:00:00+00:00, run_after=2024-05-08 00:00:00+00:00
[2024-05-08T13:14:05.137+0000] {processor.py:183} INFO - Processing /home/denys/airflow_venv/lib/python3.12/site-packages/airflow/example_dags/example_branch_day_of_week_operator.py took 0.052 seconds
[2024-05-08T13:14:48.146+0000] {processor.py:161} INFO - Started process (PID=2050) to work on /home/denys/airflow_venv/lib/python3.12/site-packages/airflow/example_dags/example_branch_day_of_week_operator.py
[2024-05-08T13:14:48.147+0000] {processor.py:830} INFO - Processing file /home/denys/airflow_venv/lib/python3.12/site-packages/airflow/example_dags/example_branch_day_of_week_operator.py for tasks to queue
[2024-05-08T13:14:48.148+0000] {logging_mixin.py:188} INFO - [2024-05-08T13:14:48.148+0000] {dagbag.py:545} INFO - Filling up the DagBag from /home/denys/airflow_venv/lib/python3.12/site-packages/airflow/example_dags/example_branch_day_of_week_operator.py
[2024-05-08T13:14:48.153+0000] {processor.py:840} INFO - DAG(s) 'example_weekday_branch_operator' retrieved from /home/denys/airflow_venv/lib/python3.12/site-packages/airflow/example_dags/example_branch_day_of_week_operator.py
[2024-05-08T13:14:48.163+0000] {logging_mixin.py:188} INFO - [2024-05-08T13:14:48.163+0000] {dag.py:3096} INFO - Sync 1 DAGs
[2024-05-08T13:14:48.175+0000] {logging_mixin.py:188} INFO - [2024-05-08T13:14:48.175+0000] {dag.py:3954} INFO - Setting next_dagrun for example_weekday_branch_operator to 2024-05-07 00:00:00+00:00, run_after=2024-05-08 00:00:00+00:00
[2024-05-08T13:14:48.197+0000] {processor.py:183} INFO - Processing /home/denys/airflow_venv/lib/python3.12/site-packages/airflow/example_dags/example_branch_day_of_week_operator.py took 0.055 seconds
[2024-05-08T13:15:31.032+0000] {processor.py:161} INFO - Started process (PID=2096) to work on /home/denys/airflow_venv/lib/python3.12/site-packages/airflow/example_dags/example_branch_day_of_week_operator.py
[2024-05-08T13:15:31.034+0000] {processor.py:830} INFO - Processing file /home/denys/airflow_venv/lib/python3.12/site-packages/airflow/example_dags/example_branch_day_of_week_operator.py for tasks to queue
[2024-05-08T13:15:31.035+0000] {logging_mixin.py:188} INFO - [2024-05-08T13:15:31.034+0000] {dagbag.py:545} INFO - Filling up the DagBag from /home/denys/airflow_venv/lib/python3.12/site-packages/airflow/example_dags/example_branch_day_of_week_operator.py
[2024-05-08T13:15:31.039+0000] {processor.py:840} INFO - DAG(s) 'example_weekday_branch_operator' retrieved from /home/denys/airflow_venv/lib/python3.12/site-packages/airflow/example_dags/example_branch_day_of_week_operator.py
[2024-05-08T13:15:31.050+0000] {logging_mixin.py:188} INFO - [2024-05-08T13:15:31.050+0000] {dag.py:3096} INFO - Sync 1 DAGs
[2024-05-08T13:15:31.061+0000] {logging_mixin.py:188} INFO - [2024-05-08T13:15:31.061+0000] {dag.py:3954} INFO - Setting next_dagrun for example_weekday_branch_operator to 2024-05-07 00:00:00+00:00, run_after=2024-05-08 00:00:00+00:00
[2024-05-08T13:15:31.082+0000] {processor.py:183} INFO - Processing /home/denys/airflow_venv/lib/python3.12/site-packages/airflow/example_dags/example_branch_day_of_week_operator.py took 0.053 seconds
[2024-05-08T13:16:12.215+0000] {processor.py:161} INFO - Started process (PID=2140) to work on /home/denys/airflow_venv/lib/python3.12/site-packages/airflow/example_dags/example_branch_day_of_week_operator.py
[2024-05-08T13:16:12.216+0000] {processor.py:830} INFO - Processing file /home/denys/airflow_venv/lib/python3.12/site-packages/airflow/example_dags/example_branch_day_of_week_operator.py for tasks to queue
[2024-05-08T13:16:12.217+0000] {logging_mixin.py:188} INFO - [2024-05-08T13:16:12.217+0000] {dagbag.py:545} INFO - Filling up the DagBag from /home/denys/airflow_venv/lib/python3.12/site-packages/airflow/example_dags/example_branch_day_of_week_operator.py
[2024-05-08T13:16:12.222+0000] {processor.py:840} INFO - DAG(s) 'example_weekday_branch_operator' retrieved from /home/denys/airflow_venv/lib/python3.12/site-packages/airflow/example_dags/example_branch_day_of_week_operator.py
[2024-05-08T13:16:12.233+0000] {logging_mixin.py:188} INFO - [2024-05-08T13:16:12.232+0000] {dag.py:3096} INFO - Sync 1 DAGs
[2024-05-08T13:16:12.243+0000] {logging_mixin.py:188} INFO - [2024-05-08T13:16:12.243+0000] {dag.py:3954} INFO - Setting next_dagrun for example_weekday_branch_operator to 2024-05-07 00:00:00+00:00, run_after=2024-05-08 00:00:00+00:00
[2024-05-08T13:16:12.263+0000] {processor.py:183} INFO - Processing /home/denys/airflow_venv/lib/python3.12/site-packages/airflow/example_dags/example_branch_day_of_week_operator.py took 0.052 seconds
[2024-05-08T13:16:53.912+0000] {processor.py:161} INFO - Started process (PID=2182) to work on /home/denys/airflow_venv/lib/python3.12/site-packages/airflow/example_dags/example_branch_day_of_week_operator.py
[2024-05-08T13:16:53.914+0000] {processor.py:830} INFO - Processing file /home/denys/airflow_venv/lib/python3.12/site-packages/airflow/example_dags/example_branch_day_of_week_operator.py for tasks to queue
[2024-05-08T13:16:53.915+0000] {logging_mixin.py:188} INFO - [2024-05-08T13:16:53.914+0000] {dagbag.py:545} INFO - Filling up the DagBag from /home/denys/airflow_venv/lib/python3.12/site-packages/airflow/example_dags/example_branch_day_of_week_operator.py
[2024-05-08T13:16:53.919+0000] {processor.py:840} INFO - DAG(s) 'example_weekday_branch_operator' retrieved from /home/denys/airflow_venv/lib/python3.12/site-packages/airflow/example_dags/example_branch_day_of_week_operator.py
[2024-05-08T13:16:53.929+0000] {logging_mixin.py:188} INFO - [2024-05-08T13:16:53.929+0000] {dag.py:3096} INFO - Sync 1 DAGs
[2024-05-08T13:16:53.940+0000] {logging_mixin.py:188} INFO - [2024-05-08T13:16:53.940+0000] {dag.py:3954} INFO - Setting next_dagrun for example_weekday_branch_operator to 2024-05-07 00:00:00+00:00, run_after=2024-05-08 00:00:00+00:00
[2024-05-08T13:16:53.963+0000] {processor.py:183} INFO - Processing /home/denys/airflow_venv/lib/python3.12/site-packages/airflow/example_dags/example_branch_day_of_week_operator.py took 0.054 seconds
[2024-05-08T13:17:37.186+0000] {processor.py:161} INFO - Started process (PID=2231) to work on /home/denys/airflow_venv/lib/python3.12/site-packages/airflow/example_dags/example_branch_day_of_week_operator.py
[2024-05-08T13:17:37.187+0000] {processor.py:830} INFO - Processing file /home/denys/airflow_venv/lib/python3.12/site-packages/airflow/example_dags/example_branch_day_of_week_operator.py for tasks to queue
[2024-05-08T13:17:37.189+0000] {logging_mixin.py:188} INFO - [2024-05-08T13:17:37.189+0000] {dagbag.py:545} INFO - Filling up the DagBag from /home/denys/airflow_venv/lib/python3.12/site-packages/airflow/example_dags/example_branch_day_of_week_operator.py
[2024-05-08T13:17:37.194+0000] {processor.py:840} INFO - DAG(s) 'example_weekday_branch_operator' retrieved from /home/denys/airflow_venv/lib/python3.12/site-packages/airflow/example_dags/example_branch_day_of_week_operator.py
[2024-05-08T13:17:37.203+0000] {logging_mixin.py:188} INFO - [2024-05-08T13:17:37.203+0000] {dag.py:3096} INFO - Sync 1 DAGs
[2024-05-08T13:17:37.213+0000] {logging_mixin.py:188} INFO - [2024-05-08T13:17:37.213+0000] {dag.py:3954} INFO - Setting next_dagrun for example_weekday_branch_operator to 2024-05-07 00:00:00+00:00, run_after=2024-05-08 00:00:00+00:00
[2024-05-08T13:17:37.237+0000] {processor.py:183} INFO - Processing /home/denys/airflow_venv/lib/python3.12/site-packages/airflow/example_dags/example_branch_day_of_week_operator.py took 0.054 seconds
[2024-05-08T13:18:21.409+0000] {processor.py:161} INFO - Started process (PID=2276) to work on /home/denys/airflow_venv/lib/python3.12/site-packages/airflow/example_dags/example_branch_day_of_week_operator.py
[2024-05-08T13:18:21.410+0000] {processor.py:830} INFO - Processing file /home/denys/airflow_venv/lib/python3.12/site-packages/airflow/example_dags/example_branch_day_of_week_operator.py for tasks to queue
[2024-05-08T13:18:21.411+0000] {logging_mixin.py:188} INFO - [2024-05-08T13:18:21.411+0000] {dagbag.py:545} INFO - Filling up the DagBag from /home/denys/airflow_venv/lib/python3.12/site-packages/airflow/example_dags/example_branch_day_of_week_operator.py
[2024-05-08T13:18:21.416+0000] {processor.py:840} INFO - DAG(s) 'example_weekday_branch_operator' retrieved from /home/denys/airflow_venv/lib/python3.12/site-packages/airflow/example_dags/example_branch_day_of_week_operator.py
[2024-05-08T13:18:21.425+0000] {logging_mixin.py:188} INFO - [2024-05-08T13:18:21.425+0000] {dag.py:3096} INFO - Sync 1 DAGs
[2024-05-08T13:18:21.436+0000] {logging_mixin.py:188} INFO - [2024-05-08T13:18:21.436+0000] {dag.py:3954} INFO - Setting next_dagrun for example_weekday_branch_operator to 2024-05-07 00:00:00+00:00, run_after=2024-05-08 00:00:00+00:00
[2024-05-08T13:18:21.457+0000] {processor.py:183} INFO - Processing /home/denys/airflow_venv/lib/python3.12/site-packages/airflow/example_dags/example_branch_day_of_week_operator.py took 0.052 seconds
[2024-05-08T13:19:14.537+0000] {processor.py:161} INFO - Started process (PID=2316) to work on /home/denys/airflow_venv/lib/python3.12/site-packages/airflow/example_dags/example_branch_day_of_week_operator.py
[2024-05-08T13:19:14.539+0000] {processor.py:830} INFO - Processing file /home/denys/airflow_venv/lib/python3.12/site-packages/airflow/example_dags/example_branch_day_of_week_operator.py for tasks to queue
[2024-05-08T13:19:14.540+0000] {logging_mixin.py:188} INFO - [2024-05-08T13:19:14.539+0000] {dagbag.py:545} INFO - Filling up the DagBag from /home/denys/airflow_venv/lib/python3.12/site-packages/airflow/example_dags/example_branch_day_of_week_operator.py
[2024-05-08T13:19:14.546+0000] {processor.py:840} INFO - DAG(s) 'example_weekday_branch_operator' retrieved from /home/denys/airflow_venv/lib/python3.12/site-packages/airflow/example_dags/example_branch_day_of_week_operator.py
[2024-05-08T13:19:14.551+0000] {logging_mixin.py:188} INFO - [2024-05-08T13:19:14.551+0000] {dag.py:3096} INFO - Sync 1 DAGs
[2024-05-08T13:19:14.562+0000] {logging_mixin.py:188} INFO - [2024-05-08T13:19:14.562+0000] {dag.py:3954} INFO - Setting next_dagrun for example_weekday_branch_operator to 2024-05-07 00:00:00+00:00, run_after=2024-05-08 00:00:00+00:00
[2024-05-08T13:19:14.578+0000] {processor.py:183} INFO - Processing /home/denys/airflow_venv/lib/python3.12/site-packages/airflow/example_dags/example_branch_day_of_week_operator.py took 0.044 seconds
[2024-05-08T13:20:06.049+0000] {processor.py:161} INFO - Started process (PID=2370) to work on /home/denys/airflow_venv/lib/python3.12/site-packages/airflow/example_dags/example_branch_day_of_week_operator.py
[2024-05-08T13:20:06.051+0000] {processor.py:830} INFO - Processing file /home/denys/airflow_venv/lib/python3.12/site-packages/airflow/example_dags/example_branch_day_of_week_operator.py for tasks to queue
[2024-05-08T13:20:06.052+0000] {logging_mixin.py:188} INFO - [2024-05-08T13:20:06.052+0000] {dagbag.py:545} INFO - Filling up the DagBag from /home/denys/airflow_venv/lib/python3.12/site-packages/airflow/example_dags/example_branch_day_of_week_operator.py
[2024-05-08T13:20:06.057+0000] {processor.py:840} INFO - DAG(s) 'example_weekday_branch_operator' retrieved from /home/denys/airflow_venv/lib/python3.12/site-packages/airflow/example_dags/example_branch_day_of_week_operator.py
[2024-05-08T13:20:06.110+0000] {logging_mixin.py:188} INFO - [2024-05-08T13:20:06.110+0000] {dag.py:3096} INFO - Sync 1 DAGs
[2024-05-08T13:20:06.119+0000] {logging_mixin.py:188} INFO - [2024-05-08T13:20:06.119+0000] {dag.py:3954} INFO - Setting next_dagrun for example_weekday_branch_operator to 2024-05-07 00:00:00+00:00, run_after=2024-05-08 00:00:00+00:00
[2024-05-08T13:20:06.136+0000] {processor.py:183} INFO - Processing /home/denys/airflow_venv/lib/python3.12/site-packages/airflow/example_dags/example_branch_day_of_week_operator.py took 0.090 seconds
[2024-05-08T13:20:46.529+0000] {processor.py:161} INFO - Started process (PID=2415) to work on /home/denys/airflow_venv/lib/python3.12/site-packages/airflow/example_dags/example_branch_day_of_week_operator.py
[2024-05-08T13:20:46.531+0000] {processor.py:830} INFO - Processing file /home/denys/airflow_venv/lib/python3.12/site-packages/airflow/example_dags/example_branch_day_of_week_operator.py for tasks to queue
[2024-05-08T13:20:46.532+0000] {logging_mixin.py:188} INFO - [2024-05-08T13:20:46.531+0000] {dagbag.py:545} INFO - Filling up the DagBag from /home/denys/airflow_venv/lib/python3.12/site-packages/airflow/example_dags/example_branch_day_of_week_operator.py
[2024-05-08T13:20:46.536+0000] {processor.py:840} INFO - DAG(s) 'example_weekday_branch_operator' retrieved from /home/denys/airflow_venv/lib/python3.12/site-packages/airflow/example_dags/example_branch_day_of_week_operator.py
[2024-05-08T13:20:46.547+0000] {logging_mixin.py:188} INFO - [2024-05-08T13:20:46.546+0000] {dag.py:3096} INFO - Sync 1 DAGs
[2024-05-08T13:20:46.557+0000] {logging_mixin.py:188} INFO - [2024-05-08T13:20:46.557+0000] {dag.py:3954} INFO - Setting next_dagrun for example_weekday_branch_operator to 2024-05-07 00:00:00+00:00, run_after=2024-05-08 00:00:00+00:00
[2024-05-08T13:20:46.580+0000] {processor.py:183} INFO - Processing /home/denys/airflow_venv/lib/python3.12/site-packages/airflow/example_dags/example_branch_day_of_week_operator.py took 0.054 seconds
[2024-05-08T13:21:28.357+0000] {processor.py:161} INFO - Started process (PID=2458) to work on /home/denys/airflow_venv/lib/python3.12/site-packages/airflow/example_dags/example_branch_day_of_week_operator.py
[2024-05-08T13:21:28.359+0000] {processor.py:830} INFO - Processing file /home/denys/airflow_venv/lib/python3.12/site-packages/airflow/example_dags/example_branch_day_of_week_operator.py for tasks to queue
[2024-05-08T13:21:28.360+0000] {logging_mixin.py:188} INFO - [2024-05-08T13:21:28.359+0000] {dagbag.py:545} INFO - Filling up the DagBag from /home/denys/airflow_venv/lib/python3.12/site-packages/airflow/example_dags/example_branch_day_of_week_operator.py
[2024-05-08T13:21:28.364+0000] {processor.py:840} INFO - DAG(s) 'example_weekday_branch_operator' retrieved from /home/denys/airflow_venv/lib/python3.12/site-packages/airflow/example_dags/example_branch_day_of_week_operator.py
[2024-05-08T13:21:28.375+0000] {logging_mixin.py:188} INFO - [2024-05-08T13:21:28.375+0000] {dag.py:3096} INFO - Sync 1 DAGs
[2024-05-08T13:21:28.387+0000] {logging_mixin.py:188} INFO - [2024-05-08T13:21:28.387+0000] {dag.py:3954} INFO - Setting next_dagrun for example_weekday_branch_operator to 2024-05-07 00:00:00+00:00, run_after=2024-05-08 00:00:00+00:00
[2024-05-08T13:21:28.408+0000] {processor.py:183} INFO - Processing /home/denys/airflow_venv/lib/python3.12/site-packages/airflow/example_dags/example_branch_day_of_week_operator.py took 0.054 seconds
[2024-05-08T13:22:13.109+0000] {processor.py:161} INFO - Started process (PID=2503) to work on /home/denys/airflow_venv/lib/python3.12/site-packages/airflow/example_dags/example_branch_day_of_week_operator.py
[2024-05-08T13:22:13.110+0000] {processor.py:830} INFO - Processing file /home/denys/airflow_venv/lib/python3.12/site-packages/airflow/example_dags/example_branch_day_of_week_operator.py for tasks to queue
[2024-05-08T13:22:13.111+0000] {logging_mixin.py:188} INFO - [2024-05-08T13:22:13.111+0000] {dagbag.py:545} INFO - Filling up the DagBag from /home/denys/airflow_venv/lib/python3.12/site-packages/airflow/example_dags/example_branch_day_of_week_operator.py
[2024-05-08T13:22:13.116+0000] {processor.py:840} INFO - DAG(s) 'example_weekday_branch_operator' retrieved from /home/denys/airflow_venv/lib/python3.12/site-packages/airflow/example_dags/example_branch_day_of_week_operator.py
[2024-05-08T13:22:13.125+0000] {logging_mixin.py:188} INFO - [2024-05-08T13:22:13.125+0000] {dag.py:3096} INFO - Sync 1 DAGs
[2024-05-08T13:22:13.138+0000] {logging_mixin.py:188} INFO - [2024-05-08T13:22:13.138+0000] {dag.py:3954} INFO - Setting next_dagrun for example_weekday_branch_operator to 2024-05-07 00:00:00+00:00, run_after=2024-05-08 00:00:00+00:00
[2024-05-08T13:22:13.158+0000] {processor.py:183} INFO - Processing /home/denys/airflow_venv/lib/python3.12/site-packages/airflow/example_dags/example_branch_day_of_week_operator.py took 0.052 seconds
[2024-05-08T13:22:55.667+0000] {processor.py:161} INFO - Started process (PID=2547) to work on /home/denys/airflow_venv/lib/python3.12/site-packages/airflow/example_dags/example_branch_day_of_week_operator.py
[2024-05-08T13:22:55.668+0000] {processor.py:830} INFO - Processing file /home/denys/airflow_venv/lib/python3.12/site-packages/airflow/example_dags/example_branch_day_of_week_operator.py for tasks to queue
[2024-05-08T13:22:55.669+0000] {logging_mixin.py:188} INFO - [2024-05-08T13:22:55.669+0000] {dagbag.py:545} INFO - Filling up the DagBag from /home/denys/airflow_venv/lib/python3.12/site-packages/airflow/example_dags/example_branch_day_of_week_operator.py
[2024-05-08T13:22:55.674+0000] {processor.py:840} INFO - DAG(s) 'example_weekday_branch_operator' retrieved from /home/denys/airflow_venv/lib/python3.12/site-packages/airflow/example_dags/example_branch_day_of_week_operator.py
[2024-05-08T13:22:55.683+0000] {logging_mixin.py:188} INFO - [2024-05-08T13:22:55.683+0000] {dag.py:3096} INFO - Sync 1 DAGs
[2024-05-08T13:22:55.695+0000] {logging_mixin.py:188} INFO - [2024-05-08T13:22:55.694+0000] {dag.py:3954} INFO - Setting next_dagrun for example_weekday_branch_operator to 2024-05-07 00:00:00+00:00, run_after=2024-05-08 00:00:00+00:00
[2024-05-08T13:22:55.717+0000] {processor.py:183} INFO - Processing /home/denys/airflow_venv/lib/python3.12/site-packages/airflow/example_dags/example_branch_day_of_week_operator.py took 0.055 seconds
[2024-05-08T13:23:36.774+0000] {processor.py:161} INFO - Started process (PID=2659) to work on /home/denys/airflow_venv/lib/python3.12/site-packages/airflow/example_dags/example_branch_day_of_week_operator.py
[2024-05-08T13:23:36.776+0000] {processor.py:830} INFO - Processing file /home/denys/airflow_venv/lib/python3.12/site-packages/airflow/example_dags/example_branch_day_of_week_operator.py for tasks to queue
[2024-05-08T13:23:36.777+0000] {logging_mixin.py:188} INFO - [2024-05-08T13:23:36.776+0000] {dagbag.py:545} INFO - Filling up the DagBag from /home/denys/airflow_venv/lib/python3.12/site-packages/airflow/example_dags/example_branch_day_of_week_operator.py
[2024-05-08T13:23:36.781+0000] {processor.py:840} INFO - DAG(s) 'example_weekday_branch_operator' retrieved from /home/denys/airflow_venv/lib/python3.12/site-packages/airflow/example_dags/example_branch_day_of_week_operator.py
[2024-05-08T13:23:36.790+0000] {logging_mixin.py:188} INFO - [2024-05-08T13:23:36.790+0000] {dag.py:3096} INFO - Sync 1 DAGs
[2024-05-08T13:23:36.800+0000] {logging_mixin.py:188} INFO - [2024-05-08T13:23:36.800+0000] {dag.py:3954} INFO - Setting next_dagrun for example_weekday_branch_operator to 2024-05-07 00:00:00+00:00, run_after=2024-05-08 00:00:00+00:00
[2024-05-08T13:23:36.823+0000] {processor.py:183} INFO - Processing /home/denys/airflow_venv/lib/python3.12/site-packages/airflow/example_dags/example_branch_day_of_week_operator.py took 0.052 seconds
[2024-05-08T13:24:15.666+0000] {processor.py:161} INFO - Started process (PID=2705) to work on /home/denys/airflow_venv/lib/python3.12/site-packages/airflow/example_dags/example_branch_day_of_week_operator.py
[2024-05-08T13:24:15.669+0000] {processor.py:830} INFO - Processing file /home/denys/airflow_venv/lib/python3.12/site-packages/airflow/example_dags/example_branch_day_of_week_operator.py for tasks to queue
[2024-05-08T13:24:15.670+0000] {logging_mixin.py:188} INFO - [2024-05-08T13:24:15.670+0000] {dagbag.py:545} INFO - Filling up the DagBag from /home/denys/airflow_venv/lib/python3.12/site-packages/airflow/example_dags/example_branch_day_of_week_operator.py
[2024-05-08T13:24:15.674+0000] {processor.py:840} INFO - DAG(s) 'example_weekday_branch_operator' retrieved from /home/denys/airflow_venv/lib/python3.12/site-packages/airflow/example_dags/example_branch_day_of_week_operator.py
[2024-05-08T13:24:15.684+0000] {logging_mixin.py:188} INFO - [2024-05-08T13:24:15.684+0000] {dag.py:3096} INFO - Sync 1 DAGs
[2024-05-08T13:24:15.694+0000] {logging_mixin.py:188} INFO - [2024-05-08T13:24:15.694+0000] {dag.py:3954} INFO - Setting next_dagrun for example_weekday_branch_operator to 2024-05-07 00:00:00+00:00, run_after=2024-05-08 00:00:00+00:00
[2024-05-08T13:24:15.715+0000] {processor.py:183} INFO - Processing /home/denys/airflow_venv/lib/python3.12/site-packages/airflow/example_dags/example_branch_day_of_week_operator.py took 0.053 seconds
[2024-05-08T13:24:54.204+0000] {processor.py:161} INFO - Started process (PID=2745) to work on /home/denys/airflow_venv/lib/python3.12/site-packages/airflow/example_dags/example_branch_day_of_week_operator.py
[2024-05-08T13:24:54.205+0000] {processor.py:830} INFO - Processing file /home/denys/airflow_venv/lib/python3.12/site-packages/airflow/example_dags/example_branch_day_of_week_operator.py for tasks to queue
[2024-05-08T13:24:54.206+0000] {logging_mixin.py:188} INFO - [2024-05-08T13:24:54.206+0000] {dagbag.py:545} INFO - Filling up the DagBag from /home/denys/airflow_venv/lib/python3.12/site-packages/airflow/example_dags/example_branch_day_of_week_operator.py
[2024-05-08T13:24:54.211+0000] {processor.py:840} INFO - DAG(s) 'example_weekday_branch_operator' retrieved from /home/denys/airflow_venv/lib/python3.12/site-packages/airflow/example_dags/example_branch_day_of_week_operator.py
[2024-05-08T13:24:54.221+0000] {logging_mixin.py:188} INFO - [2024-05-08T13:24:54.221+0000] {dag.py:3096} INFO - Sync 1 DAGs
[2024-05-08T13:24:54.231+0000] {logging_mixin.py:188} INFO - [2024-05-08T13:24:54.231+0000] {dag.py:3954} INFO - Setting next_dagrun for example_weekday_branch_operator to 2024-05-07 00:00:00+00:00, run_after=2024-05-08 00:00:00+00:00
[2024-05-08T13:24:54.255+0000] {processor.py:183} INFO - Processing /home/denys/airflow_venv/lib/python3.12/site-packages/airflow/example_dags/example_branch_day_of_week_operator.py took 0.055 seconds
[2024-05-08T13:25:34.678+0000] {processor.py:161} INFO - Started process (PID=2793) to work on /home/denys/airflow_venv/lib/python3.12/site-packages/airflow/example_dags/example_branch_day_of_week_operator.py
[2024-05-08T13:25:34.680+0000] {processor.py:830} INFO - Processing file /home/denys/airflow_venv/lib/python3.12/site-packages/airflow/example_dags/example_branch_day_of_week_operator.py for tasks to queue
[2024-05-08T13:25:34.681+0000] {logging_mixin.py:188} INFO - [2024-05-08T13:25:34.680+0000] {dagbag.py:545} INFO - Filling up the DagBag from /home/denys/airflow_venv/lib/python3.12/site-packages/airflow/example_dags/example_branch_day_of_week_operator.py
[2024-05-08T13:25:34.685+0000] {processor.py:840} INFO - DAG(s) 'example_weekday_branch_operator' retrieved from /home/denys/airflow_venv/lib/python3.12/site-packages/airflow/example_dags/example_branch_day_of_week_operator.py
[2024-05-08T13:25:34.696+0000] {logging_mixin.py:188} INFO - [2024-05-08T13:25:34.695+0000] {dag.py:3096} INFO - Sync 1 DAGs
[2024-05-08T13:25:34.706+0000] {logging_mixin.py:188} INFO - [2024-05-08T13:25:34.706+0000] {dag.py:3954} INFO - Setting next_dagrun for example_weekday_branch_operator to 2024-05-07 00:00:00+00:00, run_after=2024-05-08 00:00:00+00:00
[2024-05-08T13:25:34.724+0000] {processor.py:183} INFO - Processing /home/denys/airflow_venv/lib/python3.12/site-packages/airflow/example_dags/example_branch_day_of_week_operator.py took 0.049 seconds
[2024-05-08T13:26:15.123+0000] {processor.py:161} INFO - Started process (PID=2836) to work on /home/denys/airflow_venv/lib/python3.12/site-packages/airflow/example_dags/example_branch_day_of_week_operator.py
[2024-05-08T13:26:15.125+0000] {processor.py:830} INFO - Processing file /home/denys/airflow_venv/lib/python3.12/site-packages/airflow/example_dags/example_branch_day_of_week_operator.py for tasks to queue
[2024-05-08T13:26:15.126+0000] {logging_mixin.py:188} INFO - [2024-05-08T13:26:15.126+0000] {dagbag.py:545} INFO - Filling up the DagBag from /home/denys/airflow_venv/lib/python3.12/site-packages/airflow/example_dags/example_branch_day_of_week_operator.py
[2024-05-08T13:26:15.131+0000] {processor.py:840} INFO - DAG(s) 'example_weekday_branch_operator' retrieved from /home/denys/airflow_venv/lib/python3.12/site-packages/airflow/example_dags/example_branch_day_of_week_operator.py
[2024-05-08T13:26:15.141+0000] {logging_mixin.py:188} INFO - [2024-05-08T13:26:15.141+0000] {dag.py:3096} INFO - Sync 1 DAGs
[2024-05-08T13:26:15.152+0000] {logging_mixin.py:188} INFO - [2024-05-08T13:26:15.152+0000] {dag.py:3954} INFO - Setting next_dagrun for example_weekday_branch_operator to 2024-05-07 00:00:00+00:00, run_after=2024-05-08 00:00:00+00:00
[2024-05-08T13:26:15.173+0000] {processor.py:183} INFO - Processing /home/denys/airflow_venv/lib/python3.12/site-packages/airflow/example_dags/example_branch_day_of_week_operator.py took 0.053 seconds
[2024-05-08T13:26:58.957+0000] {processor.py:161} INFO - Started process (PID=2879) to work on /home/denys/airflow_venv/lib/python3.12/site-packages/airflow/example_dags/example_branch_day_of_week_operator.py
[2024-05-08T13:26:58.964+0000] {processor.py:830} INFO - Processing file /home/denys/airflow_venv/lib/python3.12/site-packages/airflow/example_dags/example_branch_day_of_week_operator.py for tasks to queue
[2024-05-08T13:26:58.965+0000] {logging_mixin.py:188} INFO - [2024-05-08T13:26:58.965+0000] {dagbag.py:545} INFO - Filling up the DagBag from /home/denys/airflow_venv/lib/python3.12/site-packages/airflow/example_dags/example_branch_day_of_week_operator.py
[2024-05-08T13:26:58.970+0000] {processor.py:840} INFO - DAG(s) 'example_weekday_branch_operator' retrieved from /home/denys/airflow_venv/lib/python3.12/site-packages/airflow/example_dags/example_branch_day_of_week_operator.py
[2024-05-08T13:26:58.979+0000] {logging_mixin.py:188} INFO - [2024-05-08T13:26:58.979+0000] {dag.py:3096} INFO - Sync 1 DAGs
[2024-05-08T13:26:58.989+0000] {logging_mixin.py:188} INFO - [2024-05-08T13:26:58.989+0000] {dag.py:3954} INFO - Setting next_dagrun for example_weekday_branch_operator to 2024-05-07 00:00:00+00:00, run_after=2024-05-08 00:00:00+00:00
[2024-05-08T13:26:59.005+0000] {processor.py:183} INFO - Processing /home/denys/airflow_venv/lib/python3.12/site-packages/airflow/example_dags/example_branch_day_of_week_operator.py took 0.052 seconds
[2024-05-08T13:27:43.175+0000] {processor.py:161} INFO - Started process (PID=2924) to work on /home/denys/airflow_venv/lib/python3.12/site-packages/airflow/example_dags/example_branch_day_of_week_operator.py
[2024-05-08T13:27:43.177+0000] {processor.py:830} INFO - Processing file /home/denys/airflow_venv/lib/python3.12/site-packages/airflow/example_dags/example_branch_day_of_week_operator.py for tasks to queue
[2024-05-08T13:27:43.179+0000] {logging_mixin.py:188} INFO - [2024-05-08T13:27:43.178+0000] {dagbag.py:545} INFO - Filling up the DagBag from /home/denys/airflow_venv/lib/python3.12/site-packages/airflow/example_dags/example_branch_day_of_week_operator.py
[2024-05-08T13:27:43.184+0000] {processor.py:840} INFO - DAG(s) 'example_weekday_branch_operator' retrieved from /home/denys/airflow_venv/lib/python3.12/site-packages/airflow/example_dags/example_branch_day_of_week_operator.py
[2024-05-08T13:27:43.195+0000] {logging_mixin.py:188} INFO - [2024-05-08T13:27:43.195+0000] {dag.py:3096} INFO - Sync 1 DAGs
[2024-05-08T13:27:43.207+0000] {logging_mixin.py:188} INFO - [2024-05-08T13:27:43.207+0000] {dag.py:3954} INFO - Setting next_dagrun for example_weekday_branch_operator to 2024-05-07 00:00:00+00:00, run_after=2024-05-08 00:00:00+00:00
[2024-05-08T13:27:43.225+0000] {processor.py:183} INFO - Processing /home/denys/airflow_venv/lib/python3.12/site-packages/airflow/example_dags/example_branch_day_of_week_operator.py took 0.055 seconds
[2024-05-08T13:28:26.413+0000] {processor.py:161} INFO - Started process (PID=2970) to work on /home/denys/airflow_venv/lib/python3.12/site-packages/airflow/example_dags/example_branch_day_of_week_operator.py
[2024-05-08T13:28:26.416+0000] {processor.py:830} INFO - Processing file /home/denys/airflow_venv/lib/python3.12/site-packages/airflow/example_dags/example_branch_day_of_week_operator.py for tasks to queue
[2024-05-08T13:28:26.417+0000] {logging_mixin.py:188} INFO - [2024-05-08T13:28:26.417+0000] {dagbag.py:545} INFO - Filling up the DagBag from /home/denys/airflow_venv/lib/python3.12/site-packages/airflow/example_dags/example_branch_day_of_week_operator.py
[2024-05-08T13:28:26.422+0000] {processor.py:840} INFO - DAG(s) 'example_weekday_branch_operator' retrieved from /home/denys/airflow_venv/lib/python3.12/site-packages/airflow/example_dags/example_branch_day_of_week_operator.py
[2024-05-08T13:28:26.434+0000] {logging_mixin.py:188} INFO - [2024-05-08T13:28:26.434+0000] {dag.py:3096} INFO - Sync 1 DAGs
[2024-05-08T13:28:26.444+0000] {logging_mixin.py:188} INFO - [2024-05-08T13:28:26.444+0000] {dag.py:3954} INFO - Setting next_dagrun for example_weekday_branch_operator to 2024-05-07 00:00:00+00:00, run_after=2024-05-08 00:00:00+00:00
[2024-05-08T13:28:26.467+0000] {processor.py:183} INFO - Processing /home/denys/airflow_venv/lib/python3.12/site-packages/airflow/example_dags/example_branch_day_of_week_operator.py took 0.056 seconds
[2024-05-08T13:29:07.290+0000] {processor.py:161} INFO - Started process (PID=3068) to work on /home/denys/airflow_venv/lib/python3.12/site-packages/airflow/example_dags/example_branch_day_of_week_operator.py
[2024-05-08T13:29:07.292+0000] {processor.py:830} INFO - Processing file /home/denys/airflow_venv/lib/python3.12/site-packages/airflow/example_dags/example_branch_day_of_week_operator.py for tasks to queue
[2024-05-08T13:29:07.293+0000] {logging_mixin.py:188} INFO - [2024-05-08T13:29:07.292+0000] {dagbag.py:545} INFO - Filling up the DagBag from /home/denys/airflow_venv/lib/python3.12/site-packages/airflow/example_dags/example_branch_day_of_week_operator.py
[2024-05-08T13:29:07.297+0000] {processor.py:840} INFO - DAG(s) 'example_weekday_branch_operator' retrieved from /home/denys/airflow_venv/lib/python3.12/site-packages/airflow/example_dags/example_branch_day_of_week_operator.py
[2024-05-08T13:29:07.306+0000] {logging_mixin.py:188} INFO - [2024-05-08T13:29:07.306+0000] {dag.py:3096} INFO - Sync 1 DAGs
[2024-05-08T13:29:07.316+0000] {logging_mixin.py:188} INFO - [2024-05-08T13:29:07.316+0000] {dag.py:3954} INFO - Setting next_dagrun for example_weekday_branch_operator to 2024-05-07 00:00:00+00:00, run_after=2024-05-08 00:00:00+00:00
[2024-05-08T13:29:07.338+0000] {processor.py:183} INFO - Processing /home/denys/airflow_venv/lib/python3.12/site-packages/airflow/example_dags/example_branch_day_of_week_operator.py took 0.051 seconds
[2024-05-08T13:29:46.661+0000] {processor.py:161} INFO - Started process (PID=3110) to work on /home/denys/airflow_venv/lib/python3.12/site-packages/airflow/example_dags/example_branch_day_of_week_operator.py
[2024-05-08T13:29:46.663+0000] {processor.py:830} INFO - Processing file /home/denys/airflow_venv/lib/python3.12/site-packages/airflow/example_dags/example_branch_day_of_week_operator.py for tasks to queue
[2024-05-08T13:29:46.664+0000] {logging_mixin.py:188} INFO - [2024-05-08T13:29:46.664+0000] {dagbag.py:545} INFO - Filling up the DagBag from /home/denys/airflow_venv/lib/python3.12/site-packages/airflow/example_dags/example_branch_day_of_week_operator.py
[2024-05-08T13:29:46.673+0000] {processor.py:840} INFO - DAG(s) 'example_weekday_branch_operator' retrieved from /home/denys/airflow_venv/lib/python3.12/site-packages/airflow/example_dags/example_branch_day_of_week_operator.py
[2024-05-08T13:29:46.686+0000] {logging_mixin.py:188} INFO - [2024-05-08T13:29:46.686+0000] {dag.py:3096} INFO - Sync 1 DAGs
[2024-05-08T13:29:46.700+0000] {logging_mixin.py:188} INFO - [2024-05-08T13:29:46.699+0000] {dag.py:3954} INFO - Setting next_dagrun for example_weekday_branch_operator to 2024-05-07 00:00:00+00:00, run_after=2024-05-08 00:00:00+00:00
[2024-05-08T13:29:46.719+0000] {processor.py:183} INFO - Processing /home/denys/airflow_venv/lib/python3.12/site-packages/airflow/example_dags/example_branch_day_of_week_operator.py took 0.063 seconds
[2024-05-08T13:30:26.075+0000] {processor.py:161} INFO - Started process (PID=3155) to work on /home/denys/airflow_venv/lib/python3.12/site-packages/airflow/example_dags/example_branch_day_of_week_operator.py
[2024-05-08T13:30:26.076+0000] {processor.py:830} INFO - Processing file /home/denys/airflow_venv/lib/python3.12/site-packages/airflow/example_dags/example_branch_day_of_week_operator.py for tasks to queue
[2024-05-08T13:30:26.077+0000] {logging_mixin.py:188} INFO - [2024-05-08T13:30:26.077+0000] {dagbag.py:545} INFO - Filling up the DagBag from /home/denys/airflow_venv/lib/python3.12/site-packages/airflow/example_dags/example_branch_day_of_week_operator.py
[2024-05-08T13:30:26.082+0000] {processor.py:840} INFO - DAG(s) 'example_weekday_branch_operator' retrieved from /home/denys/airflow_venv/lib/python3.12/site-packages/airflow/example_dags/example_branch_day_of_week_operator.py
[2024-05-08T13:30:26.092+0000] {logging_mixin.py:188} INFO - [2024-05-08T13:30:26.091+0000] {dag.py:3096} INFO - Sync 1 DAGs
[2024-05-08T13:30:26.102+0000] {logging_mixin.py:188} INFO - [2024-05-08T13:30:26.102+0000] {dag.py:3954} INFO - Setting next_dagrun for example_weekday_branch_operator to 2024-05-07 00:00:00+00:00, run_after=2024-05-08 00:00:00+00:00
[2024-05-08T13:30:26.126+0000] {processor.py:183} INFO - Processing /home/denys/airflow_venv/lib/python3.12/site-packages/airflow/example_dags/example_branch_day_of_week_operator.py took 0.055 seconds
[2024-05-08T13:31:06.818+0000] {processor.py:161} INFO - Started process (PID=3197) to work on /home/denys/airflow_venv/lib/python3.12/site-packages/airflow/example_dags/example_branch_day_of_week_operator.py
[2024-05-08T13:31:06.819+0000] {processor.py:830} INFO - Processing file /home/denys/airflow_venv/lib/python3.12/site-packages/airflow/example_dags/example_branch_day_of_week_operator.py for tasks to queue
[2024-05-08T13:31:06.820+0000] {logging_mixin.py:188} INFO - [2024-05-08T13:31:06.820+0000] {dagbag.py:545} INFO - Filling up the DagBag from /home/denys/airflow_venv/lib/python3.12/site-packages/airflow/example_dags/example_branch_day_of_week_operator.py
[2024-05-08T13:31:06.825+0000] {processor.py:840} INFO - DAG(s) 'example_weekday_branch_operator' retrieved from /home/denys/airflow_venv/lib/python3.12/site-packages/airflow/example_dags/example_branch_day_of_week_operator.py
[2024-05-08T13:31:06.835+0000] {logging_mixin.py:188} INFO - [2024-05-08T13:31:06.835+0000] {dag.py:3096} INFO - Sync 1 DAGs
[2024-05-08T13:31:06.845+0000] {logging_mixin.py:188} INFO - [2024-05-08T13:31:06.844+0000] {dag.py:3954} INFO - Setting next_dagrun for example_weekday_branch_operator to 2024-05-07 00:00:00+00:00, run_after=2024-05-08 00:00:00+00:00
[2024-05-08T13:31:06.867+0000] {processor.py:183} INFO - Processing /home/denys/airflow_venv/lib/python3.12/site-packages/airflow/example_dags/example_branch_day_of_week_operator.py took 0.053 seconds
[2024-05-08T13:31:47.388+0000] {processor.py:161} INFO - Started process (PID=3239) to work on /home/denys/airflow_venv/lib/python3.12/site-packages/airflow/example_dags/example_branch_day_of_week_operator.py
[2024-05-08T13:31:47.390+0000] {processor.py:830} INFO - Processing file /home/denys/airflow_venv/lib/python3.12/site-packages/airflow/example_dags/example_branch_day_of_week_operator.py for tasks to queue
[2024-05-08T13:31:47.392+0000] {logging_mixin.py:188} INFO - [2024-05-08T13:31:47.391+0000] {dagbag.py:545} INFO - Filling up the DagBag from /home/denys/airflow_venv/lib/python3.12/site-packages/airflow/example_dags/example_branch_day_of_week_operator.py
[2024-05-08T13:31:47.396+0000] {processor.py:840} INFO - DAG(s) 'example_weekday_branch_operator' retrieved from /home/denys/airflow_venv/lib/python3.12/site-packages/airflow/example_dags/example_branch_day_of_week_operator.py
[2024-05-08T13:31:47.407+0000] {logging_mixin.py:188} INFO - [2024-05-08T13:31:47.407+0000] {dag.py:3096} INFO - Sync 1 DAGs
[2024-05-08T13:31:47.418+0000] {logging_mixin.py:188} INFO - [2024-05-08T13:31:47.418+0000] {dag.py:3954} INFO - Setting next_dagrun for example_weekday_branch_operator to 2024-05-07 00:00:00+00:00, run_after=2024-05-08 00:00:00+00:00
[2024-05-08T13:31:47.436+0000] {processor.py:183} INFO - Processing /home/denys/airflow_venv/lib/python3.12/site-packages/airflow/example_dags/example_branch_day_of_week_operator.py took 0.051 seconds
[2024-05-08T13:32:31.403+0000] {processor.py:161} INFO - Started process (PID=3283) to work on /home/denys/airflow_venv/lib/python3.12/site-packages/airflow/example_dags/example_branch_day_of_week_operator.py
[2024-05-08T13:32:31.404+0000] {processor.py:830} INFO - Processing file /home/denys/airflow_venv/lib/python3.12/site-packages/airflow/example_dags/example_branch_day_of_week_operator.py for tasks to queue
[2024-05-08T13:32:31.406+0000] {logging_mixin.py:188} INFO - [2024-05-08T13:32:31.405+0000] {dagbag.py:545} INFO - Filling up the DagBag from /home/denys/airflow_venv/lib/python3.12/site-packages/airflow/example_dags/example_branch_day_of_week_operator.py
[2024-05-08T13:32:31.410+0000] {processor.py:840} INFO - DAG(s) 'example_weekday_branch_operator' retrieved from /home/denys/airflow_venv/lib/python3.12/site-packages/airflow/example_dags/example_branch_day_of_week_operator.py
[2024-05-08T13:32:31.420+0000] {logging_mixin.py:188} INFO - [2024-05-08T13:32:31.420+0000] {dag.py:3096} INFO - Sync 1 DAGs
[2024-05-08T13:32:31.430+0000] {logging_mixin.py:188} INFO - [2024-05-08T13:32:31.429+0000] {dag.py:3954} INFO - Setting next_dagrun for example_weekday_branch_operator to 2024-05-07 00:00:00+00:00, run_after=2024-05-08 00:00:00+00:00
[2024-05-08T13:32:31.451+0000] {processor.py:183} INFO - Processing /home/denys/airflow_venv/lib/python3.12/site-packages/airflow/example_dags/example_branch_day_of_week_operator.py took 0.052 seconds
[2024-05-08T13:33:14.561+0000] {processor.py:161} INFO - Started process (PID=3327) to work on /home/denys/airflow_venv/lib/python3.12/site-packages/airflow/example_dags/example_branch_day_of_week_operator.py
[2024-05-08T13:33:14.563+0000] {processor.py:830} INFO - Processing file /home/denys/airflow_venv/lib/python3.12/site-packages/airflow/example_dags/example_branch_day_of_week_operator.py for tasks to queue
[2024-05-08T13:33:14.564+0000] {logging_mixin.py:188} INFO - [2024-05-08T13:33:14.563+0000] {dagbag.py:545} INFO - Filling up the DagBag from /home/denys/airflow_venv/lib/python3.12/site-packages/airflow/example_dags/example_branch_day_of_week_operator.py
[2024-05-08T13:33:14.568+0000] {processor.py:840} INFO - DAG(s) 'example_weekday_branch_operator' retrieved from /home/denys/airflow_venv/lib/python3.12/site-packages/airflow/example_dags/example_branch_day_of_week_operator.py
[2024-05-08T13:33:14.579+0000] {logging_mixin.py:188} INFO - [2024-05-08T13:33:14.579+0000] {dag.py:3096} INFO - Sync 1 DAGs
[2024-05-08T13:33:14.591+0000] {logging_mixin.py:188} INFO - [2024-05-08T13:33:14.590+0000] {dag.py:3954} INFO - Setting next_dagrun for example_weekday_branch_operator to 2024-05-07 00:00:00+00:00, run_after=2024-05-08 00:00:00+00:00
[2024-05-08T13:33:14.613+0000] {processor.py:183} INFO - Processing /home/denys/airflow_venv/lib/python3.12/site-packages/airflow/example_dags/example_branch_day_of_week_operator.py took 0.056 seconds
[2024-05-08T13:33:59.030+0000] {processor.py:161} INFO - Started process (PID=3375) to work on /home/denys/airflow_venv/lib/python3.12/site-packages/airflow/example_dags/example_branch_day_of_week_operator.py
[2024-05-08T13:33:59.032+0000] {processor.py:830} INFO - Processing file /home/denys/airflow_venv/lib/python3.12/site-packages/airflow/example_dags/example_branch_day_of_week_operator.py for tasks to queue
[2024-05-08T13:33:59.033+0000] {logging_mixin.py:188} INFO - [2024-05-08T13:33:59.033+0000] {dagbag.py:545} INFO - Filling up the DagBag from /home/denys/airflow_venv/lib/python3.12/site-packages/airflow/example_dags/example_branch_day_of_week_operator.py
[2024-05-08T13:33:59.038+0000] {processor.py:840} INFO - DAG(s) 'example_weekday_branch_operator' retrieved from /home/denys/airflow_venv/lib/python3.12/site-packages/airflow/example_dags/example_branch_day_of_week_operator.py
[2024-05-08T13:33:59.048+0000] {logging_mixin.py:188} INFO - [2024-05-08T13:33:59.048+0000] {dag.py:3096} INFO - Sync 1 DAGs
[2024-05-08T13:33:59.059+0000] {logging_mixin.py:188} INFO - [2024-05-08T13:33:59.059+0000] {dag.py:3954} INFO - Setting next_dagrun for example_weekday_branch_operator to 2024-05-07 00:00:00+00:00, run_after=2024-05-08 00:00:00+00:00
[2024-05-08T13:33:59.081+0000] {processor.py:183} INFO - Processing /home/denys/airflow_venv/lib/python3.12/site-packages/airflow/example_dags/example_branch_day_of_week_operator.py took 0.054 seconds
[2024-05-08T13:34:40.177+0000] {processor.py:161} INFO - Started process (PID=3418) to work on /home/denys/airflow_venv/lib/python3.12/site-packages/airflow/example_dags/example_branch_day_of_week_operator.py
[2024-05-08T13:34:40.178+0000] {processor.py:830} INFO - Processing file /home/denys/airflow_venv/lib/python3.12/site-packages/airflow/example_dags/example_branch_day_of_week_operator.py for tasks to queue
[2024-05-08T13:34:40.179+0000] {logging_mixin.py:188} INFO - [2024-05-08T13:34:40.179+0000] {dagbag.py:545} INFO - Filling up the DagBag from /home/denys/airflow_venv/lib/python3.12/site-packages/airflow/example_dags/example_branch_day_of_week_operator.py
[2024-05-08T13:34:40.184+0000] {processor.py:840} INFO - DAG(s) 'example_weekday_branch_operator' retrieved from /home/denys/airflow_venv/lib/python3.12/site-packages/airflow/example_dags/example_branch_day_of_week_operator.py
[2024-05-08T13:34:40.193+0000] {logging_mixin.py:188} INFO - [2024-05-08T13:34:40.193+0000] {dag.py:3096} INFO - Sync 1 DAGs
[2024-05-08T13:34:40.202+0000] {logging_mixin.py:188} INFO - [2024-05-08T13:34:40.202+0000] {dag.py:3954} INFO - Setting next_dagrun for example_weekday_branch_operator to 2024-05-07 00:00:00+00:00, run_after=2024-05-08 00:00:00+00:00
[2024-05-08T13:34:40.220+0000] {processor.py:183} INFO - Processing /home/denys/airflow_venv/lib/python3.12/site-packages/airflow/example_dags/example_branch_day_of_week_operator.py took 0.045 seconds
[2024-05-08T13:35:19.347+0000] {processor.py:161} INFO - Started process (PID=3463) to work on /home/denys/airflow_venv/lib/python3.12/site-packages/airflow/example_dags/example_branch_day_of_week_operator.py
[2024-05-08T13:35:19.349+0000] {processor.py:830} INFO - Processing file /home/denys/airflow_venv/lib/python3.12/site-packages/airflow/example_dags/example_branch_day_of_week_operator.py for tasks to queue
[2024-05-08T13:35:19.350+0000] {logging_mixin.py:188} INFO - [2024-05-08T13:35:19.349+0000] {dagbag.py:545} INFO - Filling up the DagBag from /home/denys/airflow_venv/lib/python3.12/site-packages/airflow/example_dags/example_branch_day_of_week_operator.py
[2024-05-08T13:35:19.354+0000] {processor.py:840} INFO - DAG(s) 'example_weekday_branch_operator' retrieved from /home/denys/airflow_venv/lib/python3.12/site-packages/airflow/example_dags/example_branch_day_of_week_operator.py
[2024-05-08T13:35:19.365+0000] {logging_mixin.py:188} INFO - [2024-05-08T13:35:19.365+0000] {dag.py:3096} INFO - Sync 1 DAGs
[2024-05-08T13:35:19.376+0000] {logging_mixin.py:188} INFO - [2024-05-08T13:35:19.376+0000] {dag.py:3954} INFO - Setting next_dagrun for example_weekday_branch_operator to 2024-05-07 00:00:00+00:00, run_after=2024-05-08 00:00:00+00:00
[2024-05-08T13:35:19.396+0000] {processor.py:183} INFO - Processing /home/denys/airflow_venv/lib/python3.12/site-packages/airflow/example_dags/example_branch_day_of_week_operator.py took 0.052 seconds
[2024-05-08T13:35:59.631+0000] {processor.py:161} INFO - Started process (PID=3504) to work on /home/denys/airflow_venv/lib/python3.12/site-packages/airflow/example_dags/example_branch_day_of_week_operator.py
[2024-05-08T13:35:59.633+0000] {processor.py:830} INFO - Processing file /home/denys/airflow_venv/lib/python3.12/site-packages/airflow/example_dags/example_branch_day_of_week_operator.py for tasks to queue
[2024-05-08T13:35:59.634+0000] {logging_mixin.py:188} INFO - [2024-05-08T13:35:59.634+0000] {dagbag.py:545} INFO - Filling up the DagBag from /home/denys/airflow_venv/lib/python3.12/site-packages/airflow/example_dags/example_branch_day_of_week_operator.py
[2024-05-08T13:35:59.639+0000] {processor.py:840} INFO - DAG(s) 'example_weekday_branch_operator' retrieved from /home/denys/airflow_venv/lib/python3.12/site-packages/airflow/example_dags/example_branch_day_of_week_operator.py
[2024-05-08T13:35:59.649+0000] {logging_mixin.py:188} INFO - [2024-05-08T13:35:59.649+0000] {dag.py:3096} INFO - Sync 1 DAGs
[2024-05-08T13:35:59.660+0000] {logging_mixin.py:188} INFO - [2024-05-08T13:35:59.659+0000] {dag.py:3954} INFO - Setting next_dagrun for example_weekday_branch_operator to 2024-05-07 00:00:00+00:00, run_after=2024-05-08 00:00:00+00:00
[2024-05-08T13:35:59.684+0000] {processor.py:183} INFO - Processing /home/denys/airflow_venv/lib/python3.12/site-packages/airflow/example_dags/example_branch_day_of_week_operator.py took 0.056 seconds
[2024-05-08T13:36:40.717+0000] {processor.py:161} INFO - Started process (PID=3547) to work on /home/denys/airflow_venv/lib/python3.12/site-packages/airflow/example_dags/example_branch_day_of_week_operator.py
[2024-05-08T13:36:40.719+0000] {processor.py:830} INFO - Processing file /home/denys/airflow_venv/lib/python3.12/site-packages/airflow/example_dags/example_branch_day_of_week_operator.py for tasks to queue
[2024-05-08T13:36:40.720+0000] {logging_mixin.py:188} INFO - [2024-05-08T13:36:40.719+0000] {dagbag.py:545} INFO - Filling up the DagBag from /home/denys/airflow_venv/lib/python3.12/site-packages/airflow/example_dags/example_branch_day_of_week_operator.py
[2024-05-08T13:36:40.724+0000] {processor.py:840} INFO - DAG(s) 'example_weekday_branch_operator' retrieved from /home/denys/airflow_venv/lib/python3.12/site-packages/airflow/example_dags/example_branch_day_of_week_operator.py
[2024-05-08T13:36:40.741+0000] {logging_mixin.py:188} INFO - [2024-05-08T13:36:40.740+0000] {dag.py:3096} INFO - Sync 1 DAGs
[2024-05-08T13:36:40.754+0000] {logging_mixin.py:188} INFO - [2024-05-08T13:36:40.754+0000] {dag.py:3954} INFO - Setting next_dagrun for example_weekday_branch_operator to 2024-05-07 00:00:00+00:00, run_after=2024-05-08 00:00:00+00:00
[2024-05-08T13:36:40.772+0000] {processor.py:183} INFO - Processing /home/denys/airflow_venv/lib/python3.12/site-packages/airflow/example_dags/example_branch_day_of_week_operator.py took 0.059 seconds
[2024-05-08T13:37:22.943+0000] {processor.py:161} INFO - Started process (PID=3591) to work on /home/denys/airflow_venv/lib/python3.12/site-packages/airflow/example_dags/example_branch_day_of_week_operator.py
[2024-05-08T13:37:22.944+0000] {processor.py:830} INFO - Processing file /home/denys/airflow_venv/lib/python3.12/site-packages/airflow/example_dags/example_branch_day_of_week_operator.py for tasks to queue
[2024-05-08T13:37:22.945+0000] {logging_mixin.py:188} INFO - [2024-05-08T13:37:22.945+0000] {dagbag.py:545} INFO - Filling up the DagBag from /home/denys/airflow_venv/lib/python3.12/site-packages/airflow/example_dags/example_branch_day_of_week_operator.py
[2024-05-08T13:37:22.949+0000] {processor.py:840} INFO - DAG(s) 'example_weekday_branch_operator' retrieved from /home/denys/airflow_venv/lib/python3.12/site-packages/airflow/example_dags/example_branch_day_of_week_operator.py
[2024-05-08T13:37:22.958+0000] {logging_mixin.py:188} INFO - [2024-05-08T13:37:22.958+0000] {dag.py:3096} INFO - Sync 1 DAGs
[2024-05-08T13:37:22.969+0000] {logging_mixin.py:188} INFO - [2024-05-08T13:37:22.969+0000] {dag.py:3954} INFO - Setting next_dagrun for example_weekday_branch_operator to 2024-05-07 00:00:00+00:00, run_after=2024-05-08 00:00:00+00:00
[2024-05-08T13:37:22.990+0000] {processor.py:183} INFO - Processing /home/denys/airflow_venv/lib/python3.12/site-packages/airflow/example_dags/example_branch_day_of_week_operator.py took 0.050 seconds
[2024-05-08T13:38:11.331+0000] {processor.py:161} INFO - Started process (PID=3639) to work on /home/denys/airflow_venv/lib/python3.12/site-packages/airflow/example_dags/example_branch_day_of_week_operator.py
[2024-05-08T13:38:11.333+0000] {processor.py:830} INFO - Processing file /home/denys/airflow_venv/lib/python3.12/site-packages/airflow/example_dags/example_branch_day_of_week_operator.py for tasks to queue
[2024-05-08T13:38:11.334+0000] {logging_mixin.py:188} INFO - [2024-05-08T13:38:11.334+0000] {dagbag.py:545} INFO - Filling up the DagBag from /home/denys/airflow_venv/lib/python3.12/site-packages/airflow/example_dags/example_branch_day_of_week_operator.py
[2024-05-08T13:38:11.339+0000] {processor.py:840} INFO - DAG(s) 'example_weekday_branch_operator' retrieved from /home/denys/airflow_venv/lib/python3.12/site-packages/airflow/example_dags/example_branch_day_of_week_operator.py
[2024-05-08T13:38:11.349+0000] {logging_mixin.py:188} INFO - [2024-05-08T13:38:11.349+0000] {dag.py:3096} INFO - Sync 1 DAGs
[2024-05-08T13:38:11.360+0000] {logging_mixin.py:188} INFO - [2024-05-08T13:38:11.360+0000] {dag.py:3954} INFO - Setting next_dagrun for example_weekday_branch_operator to 2024-05-07 00:00:00+00:00, run_after=2024-05-08 00:00:00+00:00
[2024-05-08T13:38:11.377+0000] {processor.py:183} INFO - Processing /home/denys/airflow_venv/lib/python3.12/site-packages/airflow/example_dags/example_branch_day_of_week_operator.py took 0.050 seconds
[2024-05-08T13:38:56.120+0000] {processor.py:161} INFO - Started process (PID=3686) to work on /home/denys/airflow_venv/lib/python3.12/site-packages/airflow/example_dags/example_branch_day_of_week_operator.py
[2024-05-08T13:38:56.122+0000] {processor.py:830} INFO - Processing file /home/denys/airflow_venv/lib/python3.12/site-packages/airflow/example_dags/example_branch_day_of_week_operator.py for tasks to queue
[2024-05-08T13:38:56.123+0000] {logging_mixin.py:188} INFO - [2024-05-08T13:38:56.122+0000] {dagbag.py:545} INFO - Filling up the DagBag from /home/denys/airflow_venv/lib/python3.12/site-packages/airflow/example_dags/example_branch_day_of_week_operator.py
[2024-05-08T13:38:56.128+0000] {processor.py:840} INFO - DAG(s) 'example_weekday_branch_operator' retrieved from /home/denys/airflow_venv/lib/python3.12/site-packages/airflow/example_dags/example_branch_day_of_week_operator.py
[2024-05-08T13:38:56.137+0000] {logging_mixin.py:188} INFO - [2024-05-08T13:38:56.137+0000] {dag.py:3096} INFO - Sync 1 DAGs
[2024-05-08T13:38:56.148+0000] {logging_mixin.py:188} INFO - [2024-05-08T13:38:56.147+0000] {dag.py:3954} INFO - Setting next_dagrun for example_weekday_branch_operator to 2024-05-07 00:00:00+00:00, run_after=2024-05-08 00:00:00+00:00
[2024-05-08T13:38:56.170+0000] {processor.py:183} INFO - Processing /home/denys/airflow_venv/lib/python3.12/site-packages/airflow/example_dags/example_branch_day_of_week_operator.py took 0.053 seconds
[2024-05-08T13:39:39.086+0000] {processor.py:161} INFO - Started process (PID=3728) to work on /home/denys/airflow_venv/lib/python3.12/site-packages/airflow/example_dags/example_branch_day_of_week_operator.py
[2024-05-08T13:39:39.087+0000] {processor.py:830} INFO - Processing file /home/denys/airflow_venv/lib/python3.12/site-packages/airflow/example_dags/example_branch_day_of_week_operator.py for tasks to queue
[2024-05-08T13:39:39.088+0000] {logging_mixin.py:188} INFO - [2024-05-08T13:39:39.088+0000] {dagbag.py:545} INFO - Filling up the DagBag from /home/denys/airflow_venv/lib/python3.12/site-packages/airflow/example_dags/example_branch_day_of_week_operator.py
[2024-05-08T13:39:39.093+0000] {processor.py:840} INFO - DAG(s) 'example_weekday_branch_operator' retrieved from /home/denys/airflow_venv/lib/python3.12/site-packages/airflow/example_dags/example_branch_day_of_week_operator.py
[2024-05-08T13:39:39.103+0000] {logging_mixin.py:188} INFO - [2024-05-08T13:39:39.103+0000] {dag.py:3096} INFO - Sync 1 DAGs
[2024-05-08T13:39:39.114+0000] {logging_mixin.py:188} INFO - [2024-05-08T13:39:39.114+0000] {dag.py:3954} INFO - Setting next_dagrun for example_weekday_branch_operator to 2024-05-07 00:00:00+00:00, run_after=2024-05-08 00:00:00+00:00
[2024-05-08T13:39:39.198+0000] {processor.py:183} INFO - Processing /home/denys/airflow_venv/lib/python3.12/site-packages/airflow/example_dags/example_branch_day_of_week_operator.py took 0.116 seconds
[2024-05-08T13:40:26.610+0000] {processor.py:161} INFO - Started process (PID=3776) to work on /home/denys/airflow_venv/lib/python3.12/site-packages/airflow/example_dags/example_branch_day_of_week_operator.py
[2024-05-08T13:40:26.612+0000] {processor.py:830} INFO - Processing file /home/denys/airflow_venv/lib/python3.12/site-packages/airflow/example_dags/example_branch_day_of_week_operator.py for tasks to queue
[2024-05-08T13:40:26.613+0000] {logging_mixin.py:188} INFO - [2024-05-08T13:40:26.613+0000] {dagbag.py:545} INFO - Filling up the DagBag from /home/denys/airflow_venv/lib/python3.12/site-packages/airflow/example_dags/example_branch_day_of_week_operator.py
[2024-05-08T13:40:26.618+0000] {processor.py:840} INFO - DAG(s) 'example_weekday_branch_operator' retrieved from /home/denys/airflow_venv/lib/python3.12/site-packages/airflow/example_dags/example_branch_day_of_week_operator.py
[2024-05-08T13:40:26.627+0000] {logging_mixin.py:188} INFO - [2024-05-08T13:40:26.627+0000] {dag.py:3096} INFO - Sync 1 DAGs
[2024-05-08T13:40:26.637+0000] {logging_mixin.py:188} INFO - [2024-05-08T13:40:26.637+0000] {dag.py:3954} INFO - Setting next_dagrun for example_weekday_branch_operator to 2024-05-07 00:00:00+00:00, run_after=2024-05-08 00:00:00+00:00
[2024-05-08T13:40:26.654+0000] {processor.py:183} INFO - Processing /home/denys/airflow_venv/lib/python3.12/site-packages/airflow/example_dags/example_branch_day_of_week_operator.py took 0.048 seconds
[2024-05-08T13:41:15.083+0000] {processor.py:161} INFO - Started process (PID=3823) to work on /home/denys/airflow_venv/lib/python3.12/site-packages/airflow/example_dags/example_branch_day_of_week_operator.py
[2024-05-08T13:41:15.084+0000] {processor.py:830} INFO - Processing file /home/denys/airflow_venv/lib/python3.12/site-packages/airflow/example_dags/example_branch_day_of_week_operator.py for tasks to queue
[2024-05-08T13:41:15.086+0000] {logging_mixin.py:188} INFO - [2024-05-08T13:41:15.085+0000] {dagbag.py:545} INFO - Filling up the DagBag from /home/denys/airflow_venv/lib/python3.12/site-packages/airflow/example_dags/example_branch_day_of_week_operator.py
[2024-05-08T13:41:15.090+0000] {processor.py:840} INFO - DAG(s) 'example_weekday_branch_operator' retrieved from /home/denys/airflow_venv/lib/python3.12/site-packages/airflow/example_dags/example_branch_day_of_week_operator.py
[2024-05-08T13:41:15.101+0000] {logging_mixin.py:188} INFO - [2024-05-08T13:41:15.101+0000] {dag.py:3096} INFO - Sync 1 DAGs
[2024-05-08T13:41:15.111+0000] {logging_mixin.py:188} INFO - [2024-05-08T13:41:15.111+0000] {dag.py:3954} INFO - Setting next_dagrun for example_weekday_branch_operator to 2024-05-07 00:00:00+00:00, run_after=2024-05-08 00:00:00+00:00
[2024-05-08T13:41:15.134+0000] {processor.py:183} INFO - Processing /home/denys/airflow_venv/lib/python3.12/site-packages/airflow/example_dags/example_branch_day_of_week_operator.py took 0.054 seconds
[2024-05-08T13:41:59.568+0000] {processor.py:161} INFO - Started process (PID=3868) to work on /home/denys/airflow_venv/lib/python3.12/site-packages/airflow/example_dags/example_branch_day_of_week_operator.py
[2024-05-08T13:41:59.569+0000] {processor.py:830} INFO - Processing file /home/denys/airflow_venv/lib/python3.12/site-packages/airflow/example_dags/example_branch_day_of_week_operator.py for tasks to queue
[2024-05-08T13:41:59.570+0000] {logging_mixin.py:188} INFO - [2024-05-08T13:41:59.570+0000] {dagbag.py:545} INFO - Filling up the DagBag from /home/denys/airflow_venv/lib/python3.12/site-packages/airflow/example_dags/example_branch_day_of_week_operator.py
[2024-05-08T13:41:59.575+0000] {processor.py:840} INFO - DAG(s) 'example_weekday_branch_operator' retrieved from /home/denys/airflow_venv/lib/python3.12/site-packages/airflow/example_dags/example_branch_day_of_week_operator.py
[2024-05-08T13:41:59.585+0000] {logging_mixin.py:188} INFO - [2024-05-08T13:41:59.584+0000] {dag.py:3096} INFO - Sync 1 DAGs
[2024-05-08T13:41:59.595+0000] {logging_mixin.py:188} INFO - [2024-05-08T13:41:59.595+0000] {dag.py:3954} INFO - Setting next_dagrun for example_weekday_branch_operator to 2024-05-07 00:00:00+00:00, run_after=2024-05-08 00:00:00+00:00
[2024-05-08T13:41:59.617+0000] {processor.py:183} INFO - Processing /home/denys/airflow_venv/lib/python3.12/site-packages/airflow/example_dags/example_branch_day_of_week_operator.py took 0.052 seconds
[2024-05-08T13:42:43.781+0000] {processor.py:161} INFO - Started process (PID=3913) to work on /home/denys/airflow_venv/lib/python3.12/site-packages/airflow/example_dags/example_branch_day_of_week_operator.py
[2024-05-08T13:42:43.788+0000] {processor.py:830} INFO - Processing file /home/denys/airflow_venv/lib/python3.12/site-packages/airflow/example_dags/example_branch_day_of_week_operator.py for tasks to queue
[2024-05-08T13:42:43.789+0000] {logging_mixin.py:188} INFO - [2024-05-08T13:42:43.788+0000] {dagbag.py:545} INFO - Filling up the DagBag from /home/denys/airflow_venv/lib/python3.12/site-packages/airflow/example_dags/example_branch_day_of_week_operator.py
[2024-05-08T13:42:43.794+0000] {processor.py:840} INFO - DAG(s) 'example_weekday_branch_operator' retrieved from /home/denys/airflow_venv/lib/python3.12/site-packages/airflow/example_dags/example_branch_day_of_week_operator.py
[2024-05-08T13:42:43.805+0000] {logging_mixin.py:188} INFO - [2024-05-08T13:42:43.805+0000] {dag.py:3096} INFO - Sync 1 DAGs
[2024-05-08T13:42:43.816+0000] {logging_mixin.py:188} INFO - [2024-05-08T13:42:43.816+0000] {dag.py:3954} INFO - Setting next_dagrun for example_weekday_branch_operator to 2024-05-07 00:00:00+00:00, run_after=2024-05-08 00:00:00+00:00
[2024-05-08T13:42:43.832+0000] {processor.py:183} INFO - Processing /home/denys/airflow_venv/lib/python3.12/site-packages/airflow/example_dags/example_branch_day_of_week_operator.py took 0.054 seconds
