[2024-05-08T13:11:41.512+0000] {processor.py:161} INFO - Started process (PID=1858) to work on /home/denys/airflow_venv/lib/python3.12/site-packages/airflow/example_dags/example_short_circuit_operator.py
[2024-05-08T13:11:41.513+0000] {processor.py:830} INFO - Processing file /home/denys/airflow_venv/lib/python3.12/site-packages/airflow/example_dags/example_short_circuit_operator.py for tasks to queue
[2024-05-08T13:11:41.514+0000] {logging_mixin.py:188} INFO - [2024-05-08T13:11:41.514+0000] {dagbag.py:545} INFO - Filling up the DagBag from /home/denys/airflow_venv/lib/python3.12/site-packages/airflow/example_dags/example_short_circuit_operator.py
[2024-05-08T13:11:41.520+0000] {processor.py:840} INFO - DAG(s) 'example_short_circuit_operator' retrieved from /home/denys/airflow_venv/lib/python3.12/site-packages/airflow/example_dags/example_short_circuit_operator.py
[2024-05-08T13:11:41.597+0000] {logging_mixin.py:188} INFO - [2024-05-08T13:11:41.597+0000] {override.py:1829} INFO - Created Permission View: can delete on DAG:example_short_circuit_operator
[2024-05-08T13:11:41.607+0000] {logging_mixin.py:188} INFO - [2024-05-08T13:11:41.607+0000] {override.py:1829} INFO - Created Permission View: can edit on DAG:example_short_circuit_operator
[2024-05-08T13:11:41.615+0000] {logging_mixin.py:188} INFO - [2024-05-08T13:11:41.615+0000] {override.py:1829} INFO - Created Permission View: can read on DAG:example_short_circuit_operator
[2024-05-08T13:11:41.615+0000] {logging_mixin.py:188} INFO - [2024-05-08T13:11:41.615+0000] {dag.py:3096} INFO - Sync 1 DAGs
[2024-05-08T13:11:41.620+0000] {logging_mixin.py:188} INFO - [2024-05-08T13:11:41.620+0000] {dag.py:3118} INFO - Creating ORM DAG for example_short_circuit_operator
[2024-05-08T13:11:41.625+0000] {logging_mixin.py:188} INFO - [2024-05-08T13:11:41.624+0000] {dag.py:3954} INFO - Setting next_dagrun for example_short_circuit_operator to 2024-05-07 00:00:00+00:00, run_after=2024-05-08 00:00:00+00:00
[2024-05-08T13:11:41.641+0000] {processor.py:183} INFO - Processing /home/denys/airflow_venv/lib/python3.12/site-packages/airflow/example_dags/example_short_circuit_operator.py took 0.132 seconds
[2024-05-08T13:12:35.259+0000] {processor.py:161} INFO - Started process (PID=1911) to work on /home/denys/airflow_venv/lib/python3.12/site-packages/airflow/example_dags/example_short_circuit_operator.py
[2024-05-08T13:12:35.265+0000] {processor.py:830} INFO - Processing file /home/denys/airflow_venv/lib/python3.12/site-packages/airflow/example_dags/example_short_circuit_operator.py for tasks to queue
[2024-05-08T13:12:35.266+0000] {logging_mixin.py:188} INFO - [2024-05-08T13:12:35.266+0000] {dagbag.py:545} INFO - Filling up the DagBag from /home/denys/airflow_venv/lib/python3.12/site-packages/airflow/example_dags/example_short_circuit_operator.py
[2024-05-08T13:12:35.270+0000] {processor.py:840} INFO - DAG(s) 'example_short_circuit_operator' retrieved from /home/denys/airflow_venv/lib/python3.12/site-packages/airflow/example_dags/example_short_circuit_operator.py
[2024-05-08T13:12:35.280+0000] {logging_mixin.py:188} INFO - [2024-05-08T13:12:35.280+0000] {dag.py:3096} INFO - Sync 1 DAGs
[2024-05-08T13:12:35.291+0000] {logging_mixin.py:188} INFO - [2024-05-08T13:12:35.291+0000] {dag.py:3954} INFO - Setting next_dagrun for example_short_circuit_operator to 2024-05-07 00:00:00+00:00, run_after=2024-05-08 00:00:00+00:00
[2024-05-08T13:12:35.309+0000] {processor.py:183} INFO - Processing /home/denys/airflow_venv/lib/python3.12/site-packages/airflow/example_dags/example_short_circuit_operator.py took 0.054 seconds
[2024-05-08T13:13:20.826+0000] {processor.py:161} INFO - Started process (PID=1960) to work on /home/denys/airflow_venv/lib/python3.12/site-packages/airflow/example_dags/example_short_circuit_operator.py
[2024-05-08T13:13:20.827+0000] {processor.py:830} INFO - Processing file /home/denys/airflow_venv/lib/python3.12/site-packages/airflow/example_dags/example_short_circuit_operator.py for tasks to queue
[2024-05-08T13:13:20.829+0000] {logging_mixin.py:188} INFO - [2024-05-08T13:13:20.828+0000] {dagbag.py:545} INFO - Filling up the DagBag from /home/denys/airflow_venv/lib/python3.12/site-packages/airflow/example_dags/example_short_circuit_operator.py
[2024-05-08T13:13:20.833+0000] {processor.py:840} INFO - DAG(s) 'example_short_circuit_operator' retrieved from /home/denys/airflow_venv/lib/python3.12/site-packages/airflow/example_dags/example_short_circuit_operator.py
[2024-05-08T13:13:20.844+0000] {logging_mixin.py:188} INFO - [2024-05-08T13:13:20.844+0000] {dag.py:3096} INFO - Sync 1 DAGs
[2024-05-08T13:13:20.854+0000] {logging_mixin.py:188} INFO - [2024-05-08T13:13:20.854+0000] {dag.py:3954} INFO - Setting next_dagrun for example_short_circuit_operator to 2024-05-07 00:00:00+00:00, run_after=2024-05-08 00:00:00+00:00
[2024-05-08T13:13:20.877+0000] {processor.py:183} INFO - Processing /home/denys/airflow_venv/lib/python3.12/site-packages/airflow/example_dags/example_short_circuit_operator.py took 0.055 seconds
[2024-05-08T13:14:02.996+0000] {processor.py:161} INFO - Started process (PID=2005) to work on /home/denys/airflow_venv/lib/python3.12/site-packages/airflow/example_dags/example_short_circuit_operator.py
[2024-05-08T13:14:02.998+0000] {processor.py:830} INFO - Processing file /home/denys/airflow_venv/lib/python3.12/site-packages/airflow/example_dags/example_short_circuit_operator.py for tasks to queue
[2024-05-08T13:14:02.999+0000] {logging_mixin.py:188} INFO - [2024-05-08T13:14:02.999+0000] {dagbag.py:545} INFO - Filling up the DagBag from /home/denys/airflow_venv/lib/python3.12/site-packages/airflow/example_dags/example_short_circuit_operator.py
[2024-05-08T13:14:03.003+0000] {processor.py:840} INFO - DAG(s) 'example_short_circuit_operator' retrieved from /home/denys/airflow_venv/lib/python3.12/site-packages/airflow/example_dags/example_short_circuit_operator.py
[2024-05-08T13:14:03.014+0000] {logging_mixin.py:188} INFO - [2024-05-08T13:14:03.014+0000] {dag.py:3096} INFO - Sync 1 DAGs
[2024-05-08T13:14:03.025+0000] {logging_mixin.py:188} INFO - [2024-05-08T13:14:03.025+0000] {dag.py:3954} INFO - Setting next_dagrun for example_short_circuit_operator to 2024-05-07 00:00:00+00:00, run_after=2024-05-08 00:00:00+00:00
[2024-05-08T13:14:03.047+0000] {processor.py:183} INFO - Processing /home/denys/airflow_venv/lib/python3.12/site-packages/airflow/example_dags/example_short_circuit_operator.py took 0.054 seconds
[2024-05-08T13:14:45.782+0000] {processor.py:161} INFO - Started process (PID=2048) to work on /home/denys/airflow_venv/lib/python3.12/site-packages/airflow/example_dags/example_short_circuit_operator.py
[2024-05-08T13:14:45.783+0000] {processor.py:830} INFO - Processing file /home/denys/airflow_venv/lib/python3.12/site-packages/airflow/example_dags/example_short_circuit_operator.py for tasks to queue
[2024-05-08T13:14:45.784+0000] {logging_mixin.py:188} INFO - [2024-05-08T13:14:45.784+0000] {dagbag.py:545} INFO - Filling up the DagBag from /home/denys/airflow_venv/lib/python3.12/site-packages/airflow/example_dags/example_short_circuit_operator.py
[2024-05-08T13:14:45.788+0000] {processor.py:840} INFO - DAG(s) 'example_short_circuit_operator' retrieved from /home/denys/airflow_venv/lib/python3.12/site-packages/airflow/example_dags/example_short_circuit_operator.py
[2024-05-08T13:14:45.799+0000] {logging_mixin.py:188} INFO - [2024-05-08T13:14:45.799+0000] {dag.py:3096} INFO - Sync 1 DAGs
[2024-05-08T13:14:45.810+0000] {logging_mixin.py:188} INFO - [2024-05-08T13:14:45.810+0000] {dag.py:3954} INFO - Setting next_dagrun for example_short_circuit_operator to 2024-05-07 00:00:00+00:00, run_after=2024-05-08 00:00:00+00:00
[2024-05-08T13:14:45.831+0000] {processor.py:183} INFO - Processing /home/denys/airflow_venv/lib/python3.12/site-packages/airflow/example_dags/example_short_circuit_operator.py took 0.053 seconds
[2024-05-08T13:15:28.821+0000] {processor.py:161} INFO - Started process (PID=2094) to work on /home/denys/airflow_venv/lib/python3.12/site-packages/airflow/example_dags/example_short_circuit_operator.py
[2024-05-08T13:15:28.822+0000] {processor.py:830} INFO - Processing file /home/denys/airflow_venv/lib/python3.12/site-packages/airflow/example_dags/example_short_circuit_operator.py for tasks to queue
[2024-05-08T13:15:28.823+0000] {logging_mixin.py:188} INFO - [2024-05-08T13:15:28.823+0000] {dagbag.py:545} INFO - Filling up the DagBag from /home/denys/airflow_venv/lib/python3.12/site-packages/airflow/example_dags/example_short_circuit_operator.py
[2024-05-08T13:15:28.827+0000] {processor.py:840} INFO - DAG(s) 'example_short_circuit_operator' retrieved from /home/denys/airflow_venv/lib/python3.12/site-packages/airflow/example_dags/example_short_circuit_operator.py
[2024-05-08T13:15:28.838+0000] {logging_mixin.py:188} INFO - [2024-05-08T13:15:28.838+0000] {dag.py:3096} INFO - Sync 1 DAGs
[2024-05-08T13:15:28.849+0000] {logging_mixin.py:188} INFO - [2024-05-08T13:15:28.849+0000] {dag.py:3954} INFO - Setting next_dagrun for example_short_circuit_operator to 2024-05-07 00:00:00+00:00, run_after=2024-05-08 00:00:00+00:00
[2024-05-08T13:15:28.872+0000] {processor.py:183} INFO - Processing /home/denys/airflow_venv/lib/python3.12/site-packages/airflow/example_dags/example_short_circuit_operator.py took 0.054 seconds
[2024-05-08T13:16:09.903+0000] {processor.py:161} INFO - Started process (PID=2138) to work on /home/denys/airflow_venv/lib/python3.12/site-packages/airflow/example_dags/example_short_circuit_operator.py
[2024-05-08T13:16:09.904+0000] {processor.py:830} INFO - Processing file /home/denys/airflow_venv/lib/python3.12/site-packages/airflow/example_dags/example_short_circuit_operator.py for tasks to queue
[2024-05-08T13:16:09.905+0000] {logging_mixin.py:188} INFO - [2024-05-08T13:16:09.905+0000] {dagbag.py:545} INFO - Filling up the DagBag from /home/denys/airflow_venv/lib/python3.12/site-packages/airflow/example_dags/example_short_circuit_operator.py
[2024-05-08T13:16:09.910+0000] {processor.py:840} INFO - DAG(s) 'example_short_circuit_operator' retrieved from /home/denys/airflow_venv/lib/python3.12/site-packages/airflow/example_dags/example_short_circuit_operator.py
[2024-05-08T13:16:09.922+0000] {logging_mixin.py:188} INFO - [2024-05-08T13:16:09.921+0000] {dag.py:3096} INFO - Sync 1 DAGs
[2024-05-08T13:16:09.934+0000] {logging_mixin.py:188} INFO - [2024-05-08T13:16:09.934+0000] {dag.py:3954} INFO - Setting next_dagrun for example_short_circuit_operator to 2024-05-07 00:00:00+00:00, run_after=2024-05-08 00:00:00+00:00
[2024-05-08T13:16:09.956+0000] {processor.py:183} INFO - Processing /home/denys/airflow_venv/lib/python3.12/site-packages/airflow/example_dags/example_short_circuit_operator.py took 0.057 seconds
[2024-05-08T13:16:51.852+0000] {processor.py:161} INFO - Started process (PID=2180) to work on /home/denys/airflow_venv/lib/python3.12/site-packages/airflow/example_dags/example_short_circuit_operator.py
[2024-05-08T13:16:51.855+0000] {processor.py:830} INFO - Processing file /home/denys/airflow_venv/lib/python3.12/site-packages/airflow/example_dags/example_short_circuit_operator.py for tasks to queue
[2024-05-08T13:16:51.856+0000] {logging_mixin.py:188} INFO - [2024-05-08T13:16:51.855+0000] {dagbag.py:545} INFO - Filling up the DagBag from /home/denys/airflow_venv/lib/python3.12/site-packages/airflow/example_dags/example_short_circuit_operator.py
[2024-05-08T13:16:51.860+0000] {processor.py:840} INFO - DAG(s) 'example_short_circuit_operator' retrieved from /home/denys/airflow_venv/lib/python3.12/site-packages/airflow/example_dags/example_short_circuit_operator.py
[2024-05-08T13:16:51.871+0000] {logging_mixin.py:188} INFO - [2024-05-08T13:16:51.871+0000] {dag.py:3096} INFO - Sync 1 DAGs
[2024-05-08T13:16:51.883+0000] {logging_mixin.py:188} INFO - [2024-05-08T13:16:51.883+0000] {dag.py:3954} INFO - Setting next_dagrun for example_short_circuit_operator to 2024-05-07 00:00:00+00:00, run_after=2024-05-08 00:00:00+00:00
[2024-05-08T13:16:51.905+0000] {processor.py:183} INFO - Processing /home/denys/airflow_venv/lib/python3.12/site-packages/airflow/example_dags/example_short_circuit_operator.py took 0.057 seconds
[2024-05-08T13:17:35.107+0000] {processor.py:161} INFO - Started process (PID=2229) to work on /home/denys/airflow_venv/lib/python3.12/site-packages/airflow/example_dags/example_short_circuit_operator.py
[2024-05-08T13:17:35.108+0000] {processor.py:830} INFO - Processing file /home/denys/airflow_venv/lib/python3.12/site-packages/airflow/example_dags/example_short_circuit_operator.py for tasks to queue
[2024-05-08T13:17:35.109+0000] {logging_mixin.py:188} INFO - [2024-05-08T13:17:35.108+0000] {dagbag.py:545} INFO - Filling up the DagBag from /home/denys/airflow_venv/lib/python3.12/site-packages/airflow/example_dags/example_short_circuit_operator.py
[2024-05-08T13:17:35.113+0000] {processor.py:840} INFO - DAG(s) 'example_short_circuit_operator' retrieved from /home/denys/airflow_venv/lib/python3.12/site-packages/airflow/example_dags/example_short_circuit_operator.py
[2024-05-08T13:17:35.123+0000] {logging_mixin.py:188} INFO - [2024-05-08T13:17:35.123+0000] {dag.py:3096} INFO - Sync 1 DAGs
[2024-05-08T13:17:35.134+0000] {logging_mixin.py:188} INFO - [2024-05-08T13:17:35.134+0000] {dag.py:3954} INFO - Setting next_dagrun for example_short_circuit_operator to 2024-05-07 00:00:00+00:00, run_after=2024-05-08 00:00:00+00:00
[2024-05-08T13:17:35.158+0000] {processor.py:183} INFO - Processing /home/denys/airflow_venv/lib/python3.12/site-packages/airflow/example_dags/example_short_circuit_operator.py took 0.055 seconds
[2024-05-08T13:18:19.955+0000] {processor.py:161} INFO - Started process (PID=2274) to work on /home/denys/airflow_venv/lib/python3.12/site-packages/airflow/example_dags/example_short_circuit_operator.py
[2024-05-08T13:18:19.956+0000] {processor.py:830} INFO - Processing file /home/denys/airflow_venv/lib/python3.12/site-packages/airflow/example_dags/example_short_circuit_operator.py for tasks to queue
[2024-05-08T13:18:19.957+0000] {logging_mixin.py:188} INFO - [2024-05-08T13:18:19.957+0000] {dagbag.py:545} INFO - Filling up the DagBag from /home/denys/airflow_venv/lib/python3.12/site-packages/airflow/example_dags/example_short_circuit_operator.py
[2024-05-08T13:18:19.962+0000] {processor.py:840} INFO - DAG(s) 'example_short_circuit_operator' retrieved from /home/denys/airflow_venv/lib/python3.12/site-packages/airflow/example_dags/example_short_circuit_operator.py
[2024-05-08T13:18:19.972+0000] {logging_mixin.py:188} INFO - [2024-05-08T13:18:19.972+0000] {dag.py:3096} INFO - Sync 1 DAGs
[2024-05-08T13:18:19.982+0000] {logging_mixin.py:188} INFO - [2024-05-08T13:18:19.982+0000] {dag.py:3954} INFO - Setting next_dagrun for example_short_circuit_operator to 2024-05-07 00:00:00+00:00, run_after=2024-05-08 00:00:00+00:00
[2024-05-08T13:18:20.004+0000] {processor.py:183} INFO - Processing /home/denys/airflow_venv/lib/python3.12/site-packages/airflow/example_dags/example_short_circuit_operator.py took 0.052 seconds
[2024-05-08T13:19:12.198+0000] {processor.py:161} INFO - Started process (PID=2314) to work on /home/denys/airflow_venv/lib/python3.12/site-packages/airflow/example_dags/example_short_circuit_operator.py
[2024-05-08T13:19:12.199+0000] {processor.py:830} INFO - Processing file /home/denys/airflow_venv/lib/python3.12/site-packages/airflow/example_dags/example_short_circuit_operator.py for tasks to queue
[2024-05-08T13:19:12.200+0000] {logging_mixin.py:188} INFO - [2024-05-08T13:19:12.199+0000] {dagbag.py:545} INFO - Filling up the DagBag from /home/denys/airflow_venv/lib/python3.12/site-packages/airflow/example_dags/example_short_circuit_operator.py
[2024-05-08T13:19:12.205+0000] {processor.py:840} INFO - DAG(s) 'example_short_circuit_operator' retrieved from /home/denys/airflow_venv/lib/python3.12/site-packages/airflow/example_dags/example_short_circuit_operator.py
[2024-05-08T13:19:12.210+0000] {logging_mixin.py:188} INFO - [2024-05-08T13:19:12.210+0000] {dag.py:3096} INFO - Sync 1 DAGs
[2024-05-08T13:19:12.221+0000] {logging_mixin.py:188} INFO - [2024-05-08T13:19:12.221+0000] {dag.py:3954} INFO - Setting next_dagrun for example_short_circuit_operator to 2024-05-07 00:00:00+00:00, run_after=2024-05-08 00:00:00+00:00
[2024-05-08T13:19:12.239+0000] {processor.py:183} INFO - Processing /home/denys/airflow_venv/lib/python3.12/site-packages/airflow/example_dags/example_short_circuit_operator.py took 0.045 seconds
[2024-05-08T13:20:03.782+0000] {processor.py:161} INFO - Started process (PID=2368) to work on /home/denys/airflow_venv/lib/python3.12/site-packages/airflow/example_dags/example_short_circuit_operator.py
[2024-05-08T13:20:03.784+0000] {processor.py:830} INFO - Processing file /home/denys/airflow_venv/lib/python3.12/site-packages/airflow/example_dags/example_short_circuit_operator.py for tasks to queue
[2024-05-08T13:20:03.785+0000] {logging_mixin.py:188} INFO - [2024-05-08T13:20:03.784+0000] {dagbag.py:545} INFO - Filling up the DagBag from /home/denys/airflow_venv/lib/python3.12/site-packages/airflow/example_dags/example_short_circuit_operator.py
[2024-05-08T13:20:03.789+0000] {processor.py:840} INFO - DAG(s) 'example_short_circuit_operator' retrieved from /home/denys/airflow_venv/lib/python3.12/site-packages/airflow/example_dags/example_short_circuit_operator.py
[2024-05-08T13:20:03.838+0000] {logging_mixin.py:188} INFO - [2024-05-08T13:20:03.838+0000] {dag.py:3096} INFO - Sync 1 DAGs
[2024-05-08T13:20:03.847+0000] {logging_mixin.py:188} INFO - [2024-05-08T13:20:03.847+0000] {dag.py:3954} INFO - Setting next_dagrun for example_short_circuit_operator to 2024-05-07 00:00:00+00:00, run_after=2024-05-08 00:00:00+00:00
[2024-05-08T13:20:03.864+0000] {processor.py:183} INFO - Processing /home/denys/airflow_venv/lib/python3.12/site-packages/airflow/example_dags/example_short_circuit_operator.py took 0.085 seconds
[2024-05-08T13:20:44.189+0000] {processor.py:161} INFO - Started process (PID=2413) to work on /home/denys/airflow_venv/lib/python3.12/site-packages/airflow/example_dags/example_short_circuit_operator.py
[2024-05-08T13:20:44.191+0000] {processor.py:830} INFO - Processing file /home/denys/airflow_venv/lib/python3.12/site-packages/airflow/example_dags/example_short_circuit_operator.py for tasks to queue
[2024-05-08T13:20:44.192+0000] {logging_mixin.py:188} INFO - [2024-05-08T13:20:44.191+0000] {dagbag.py:545} INFO - Filling up the DagBag from /home/denys/airflow_venv/lib/python3.12/site-packages/airflow/example_dags/example_short_circuit_operator.py
[2024-05-08T13:20:44.196+0000] {processor.py:840} INFO - DAG(s) 'example_short_circuit_operator' retrieved from /home/denys/airflow_venv/lib/python3.12/site-packages/airflow/example_dags/example_short_circuit_operator.py
[2024-05-08T13:20:44.208+0000] {logging_mixin.py:188} INFO - [2024-05-08T13:20:44.208+0000] {dag.py:3096} INFO - Sync 1 DAGs
[2024-05-08T13:20:44.219+0000] {logging_mixin.py:188} INFO - [2024-05-08T13:20:44.219+0000] {dag.py:3954} INFO - Setting next_dagrun for example_short_circuit_operator to 2024-05-07 00:00:00+00:00, run_after=2024-05-08 00:00:00+00:00
[2024-05-08T13:20:44.240+0000] {processor.py:183} INFO - Processing /home/denys/airflow_venv/lib/python3.12/site-packages/airflow/example_dags/example_short_circuit_operator.py took 0.054 seconds
[2024-05-08T13:21:26.635+0000] {processor.py:161} INFO - Started process (PID=2456) to work on /home/denys/airflow_venv/lib/python3.12/site-packages/airflow/example_dags/example_short_circuit_operator.py
[2024-05-08T13:21:26.638+0000] {processor.py:830} INFO - Processing file /home/denys/airflow_venv/lib/python3.12/site-packages/airflow/example_dags/example_short_circuit_operator.py for tasks to queue
[2024-05-08T13:21:26.639+0000] {logging_mixin.py:188} INFO - [2024-05-08T13:21:26.639+0000] {dagbag.py:545} INFO - Filling up the DagBag from /home/denys/airflow_venv/lib/python3.12/site-packages/airflow/example_dags/example_short_circuit_operator.py
[2024-05-08T13:21:26.644+0000] {processor.py:840} INFO - DAG(s) 'example_short_circuit_operator' retrieved from /home/denys/airflow_venv/lib/python3.12/site-packages/airflow/example_dags/example_short_circuit_operator.py
[2024-05-08T13:21:26.655+0000] {logging_mixin.py:188} INFO - [2024-05-08T13:21:26.654+0000] {dag.py:3096} INFO - Sync 1 DAGs
[2024-05-08T13:21:26.665+0000] {logging_mixin.py:188} INFO - [2024-05-08T13:21:26.665+0000] {dag.py:3954} INFO - Setting next_dagrun for example_short_circuit_operator to 2024-05-07 00:00:00+00:00, run_after=2024-05-08 00:00:00+00:00
[2024-05-08T13:21:26.688+0000] {processor.py:183} INFO - Processing /home/denys/airflow_venv/lib/python3.12/site-packages/airflow/example_dags/example_short_circuit_operator.py took 0.056 seconds
[2024-05-08T13:22:11.230+0000] {processor.py:161} INFO - Started process (PID=2501) to work on /home/denys/airflow_venv/lib/python3.12/site-packages/airflow/example_dags/example_short_circuit_operator.py
[2024-05-08T13:22:11.232+0000] {processor.py:830} INFO - Processing file /home/denys/airflow_venv/lib/python3.12/site-packages/airflow/example_dags/example_short_circuit_operator.py for tasks to queue
[2024-05-08T13:22:11.233+0000] {logging_mixin.py:188} INFO - [2024-05-08T13:22:11.232+0000] {dagbag.py:545} INFO - Filling up the DagBag from /home/denys/airflow_venv/lib/python3.12/site-packages/airflow/example_dags/example_short_circuit_operator.py
[2024-05-08T13:22:11.237+0000] {processor.py:840} INFO - DAG(s) 'example_short_circuit_operator' retrieved from /home/denys/airflow_venv/lib/python3.12/site-packages/airflow/example_dags/example_short_circuit_operator.py
[2024-05-08T13:22:11.247+0000] {logging_mixin.py:188} INFO - [2024-05-08T13:22:11.247+0000] {dag.py:3096} INFO - Sync 1 DAGs
[2024-05-08T13:22:11.258+0000] {logging_mixin.py:188} INFO - [2024-05-08T13:22:11.258+0000] {dag.py:3954} INFO - Setting next_dagrun for example_short_circuit_operator to 2024-05-07 00:00:00+00:00, run_after=2024-05-08 00:00:00+00:00
[2024-05-08T13:22:11.280+0000] {processor.py:183} INFO - Processing /home/denys/airflow_venv/lib/python3.12/site-packages/airflow/example_dags/example_short_circuit_operator.py took 0.054 seconds
[2024-05-08T13:22:53.283+0000] {processor.py:161} INFO - Started process (PID=2545) to work on /home/denys/airflow_venv/lib/python3.12/site-packages/airflow/example_dags/example_short_circuit_operator.py
[2024-05-08T13:22:53.284+0000] {processor.py:830} INFO - Processing file /home/denys/airflow_venv/lib/python3.12/site-packages/airflow/example_dags/example_short_circuit_operator.py for tasks to queue
[2024-05-08T13:22:53.285+0000] {logging_mixin.py:188} INFO - [2024-05-08T13:22:53.285+0000] {dagbag.py:545} INFO - Filling up the DagBag from /home/denys/airflow_venv/lib/python3.12/site-packages/airflow/example_dags/example_short_circuit_operator.py
[2024-05-08T13:22:53.289+0000] {processor.py:840} INFO - DAG(s) 'example_short_circuit_operator' retrieved from /home/denys/airflow_venv/lib/python3.12/site-packages/airflow/example_dags/example_short_circuit_operator.py
[2024-05-08T13:22:53.299+0000] {logging_mixin.py:188} INFO - [2024-05-08T13:22:53.299+0000] {dag.py:3096} INFO - Sync 1 DAGs
[2024-05-08T13:22:53.309+0000] {logging_mixin.py:188} INFO - [2024-05-08T13:22:53.309+0000] {dag.py:3954} INFO - Setting next_dagrun for example_short_circuit_operator to 2024-05-07 00:00:00+00:00, run_after=2024-05-08 00:00:00+00:00
[2024-05-08T13:22:53.326+0000] {processor.py:183} INFO - Processing /home/denys/airflow_venv/lib/python3.12/site-packages/airflow/example_dags/example_short_circuit_operator.py took 0.046 seconds
[2024-05-08T13:23:34.494+0000] {processor.py:161} INFO - Started process (PID=2594) to work on /home/denys/airflow_venv/lib/python3.12/site-packages/airflow/example_dags/example_short_circuit_operator.py
[2024-05-08T13:23:34.496+0000] {processor.py:830} INFO - Processing file /home/denys/airflow_venv/lib/python3.12/site-packages/airflow/example_dags/example_short_circuit_operator.py for tasks to queue
[2024-05-08T13:23:34.497+0000] {logging_mixin.py:188} INFO - [2024-05-08T13:23:34.496+0000] {dagbag.py:545} INFO - Filling up the DagBag from /home/denys/airflow_venv/lib/python3.12/site-packages/airflow/example_dags/example_short_circuit_operator.py
[2024-05-08T13:23:34.501+0000] {processor.py:840} INFO - DAG(s) 'example_short_circuit_operator' retrieved from /home/denys/airflow_venv/lib/python3.12/site-packages/airflow/example_dags/example_short_circuit_operator.py
[2024-05-08T13:23:34.511+0000] {logging_mixin.py:188} INFO - [2024-05-08T13:23:34.511+0000] {dag.py:3096} INFO - Sync 1 DAGs
[2024-05-08T13:23:34.522+0000] {logging_mixin.py:188} INFO - [2024-05-08T13:23:34.522+0000] {dag.py:3954} INFO - Setting next_dagrun for example_short_circuit_operator to 2024-05-07 00:00:00+00:00, run_after=2024-05-08 00:00:00+00:00
[2024-05-08T13:23:34.539+0000] {processor.py:183} INFO - Processing /home/denys/airflow_venv/lib/python3.12/site-packages/airflow/example_dags/example_short_circuit_operator.py took 0.049 seconds
[2024-05-08T13:24:13.927+0000] {processor.py:161} INFO - Started process (PID=2703) to work on /home/denys/airflow_venv/lib/python3.12/site-packages/airflow/example_dags/example_short_circuit_operator.py
[2024-05-08T13:24:13.929+0000] {processor.py:830} INFO - Processing file /home/denys/airflow_venv/lib/python3.12/site-packages/airflow/example_dags/example_short_circuit_operator.py for tasks to queue
[2024-05-08T13:24:13.929+0000] {logging_mixin.py:188} INFO - [2024-05-08T13:24:13.929+0000] {dagbag.py:545} INFO - Filling up the DagBag from /home/denys/airflow_venv/lib/python3.12/site-packages/airflow/example_dags/example_short_circuit_operator.py
[2024-05-08T13:24:13.934+0000] {processor.py:840} INFO - DAG(s) 'example_short_circuit_operator' retrieved from /home/denys/airflow_venv/lib/python3.12/site-packages/airflow/example_dags/example_short_circuit_operator.py
[2024-05-08T13:24:13.943+0000] {logging_mixin.py:188} INFO - [2024-05-08T13:24:13.943+0000] {dag.py:3096} INFO - Sync 1 DAGs
[2024-05-08T13:24:13.953+0000] {logging_mixin.py:188} INFO - [2024-05-08T13:24:13.953+0000] {dag.py:3954} INFO - Setting next_dagrun for example_short_circuit_operator to 2024-05-07 00:00:00+00:00, run_after=2024-05-08 00:00:00+00:00
[2024-05-08T13:24:13.975+0000] {processor.py:183} INFO - Processing /home/denys/airflow_venv/lib/python3.12/site-packages/airflow/example_dags/example_short_circuit_operator.py took 0.051 seconds
[2024-05-08T13:24:51.817+0000] {processor.py:161} INFO - Started process (PID=2743) to work on /home/denys/airflow_venv/lib/python3.12/site-packages/airflow/example_dags/example_short_circuit_operator.py
[2024-05-08T13:24:51.819+0000] {processor.py:830} INFO - Processing file /home/denys/airflow_venv/lib/python3.12/site-packages/airflow/example_dags/example_short_circuit_operator.py for tasks to queue
[2024-05-08T13:24:51.820+0000] {logging_mixin.py:188} INFO - [2024-05-08T13:24:51.819+0000] {dagbag.py:545} INFO - Filling up the DagBag from /home/denys/airflow_venv/lib/python3.12/site-packages/airflow/example_dags/example_short_circuit_operator.py
[2024-05-08T13:24:51.824+0000] {processor.py:840} INFO - DAG(s) 'example_short_circuit_operator' retrieved from /home/denys/airflow_venv/lib/python3.12/site-packages/airflow/example_dags/example_short_circuit_operator.py
[2024-05-08T13:24:51.836+0000] {logging_mixin.py:188} INFO - [2024-05-08T13:24:51.836+0000] {dag.py:3096} INFO - Sync 1 DAGs
[2024-05-08T13:24:51.848+0000] {logging_mixin.py:188} INFO - [2024-05-08T13:24:51.847+0000] {dag.py:3954} INFO - Setting next_dagrun for example_short_circuit_operator to 2024-05-07 00:00:00+00:00, run_after=2024-05-08 00:00:00+00:00
[2024-05-08T13:24:51.871+0000] {processor.py:183} INFO - Processing /home/denys/airflow_venv/lib/python3.12/site-packages/airflow/example_dags/example_short_circuit_operator.py took 0.058 seconds
[2024-05-08T13:25:32.988+0000] {processor.py:161} INFO - Started process (PID=2791) to work on /home/denys/airflow_venv/lib/python3.12/site-packages/airflow/example_dags/example_short_circuit_operator.py
[2024-05-08T13:25:32.989+0000] {processor.py:830} INFO - Processing file /home/denys/airflow_venv/lib/python3.12/site-packages/airflow/example_dags/example_short_circuit_operator.py for tasks to queue
[2024-05-08T13:25:32.990+0000] {logging_mixin.py:188} INFO - [2024-05-08T13:25:32.990+0000] {dagbag.py:545} INFO - Filling up the DagBag from /home/denys/airflow_venv/lib/python3.12/site-packages/airflow/example_dags/example_short_circuit_operator.py
[2024-05-08T13:25:32.995+0000] {processor.py:840} INFO - DAG(s) 'example_short_circuit_operator' retrieved from /home/denys/airflow_venv/lib/python3.12/site-packages/airflow/example_dags/example_short_circuit_operator.py
[2024-05-08T13:25:33.005+0000] {logging_mixin.py:188} INFO - [2024-05-08T13:25:33.004+0000] {dag.py:3096} INFO - Sync 1 DAGs
[2024-05-08T13:25:33.014+0000] {logging_mixin.py:188} INFO - [2024-05-08T13:25:33.014+0000] {dag.py:3954} INFO - Setting next_dagrun for example_short_circuit_operator to 2024-05-07 00:00:00+00:00, run_after=2024-05-08 00:00:00+00:00
[2024-05-08T13:25:33.035+0000] {processor.py:183} INFO - Processing /home/denys/airflow_venv/lib/python3.12/site-packages/airflow/example_dags/example_short_circuit_operator.py took 0.051 seconds
[2024-05-08T13:26:13.645+0000] {processor.py:161} INFO - Started process (PID=2834) to work on /home/denys/airflow_venv/lib/python3.12/site-packages/airflow/example_dags/example_short_circuit_operator.py
[2024-05-08T13:26:13.647+0000] {processor.py:830} INFO - Processing file /home/denys/airflow_venv/lib/python3.12/site-packages/airflow/example_dags/example_short_circuit_operator.py for tasks to queue
[2024-05-08T13:26:13.648+0000] {logging_mixin.py:188} INFO - [2024-05-08T13:26:13.648+0000] {dagbag.py:545} INFO - Filling up the DagBag from /home/denys/airflow_venv/lib/python3.12/site-packages/airflow/example_dags/example_short_circuit_operator.py
[2024-05-08T13:26:13.652+0000] {processor.py:840} INFO - DAG(s) 'example_short_circuit_operator' retrieved from /home/denys/airflow_venv/lib/python3.12/site-packages/airflow/example_dags/example_short_circuit_operator.py
[2024-05-08T13:26:13.662+0000] {logging_mixin.py:188} INFO - [2024-05-08T13:26:13.662+0000] {dag.py:3096} INFO - Sync 1 DAGs
[2024-05-08T13:26:13.673+0000] {logging_mixin.py:188} INFO - [2024-05-08T13:26:13.673+0000] {dag.py:3954} INFO - Setting next_dagrun for example_short_circuit_operator to 2024-05-07 00:00:00+00:00, run_after=2024-05-08 00:00:00+00:00
[2024-05-08T13:26:13.695+0000] {processor.py:183} INFO - Processing /home/denys/airflow_venv/lib/python3.12/site-packages/airflow/example_dags/example_short_circuit_operator.py took 0.053 seconds
[2024-05-08T13:26:56.687+0000] {processor.py:161} INFO - Started process (PID=2877) to work on /home/denys/airflow_venv/lib/python3.12/site-packages/airflow/example_dags/example_short_circuit_operator.py
[2024-05-08T13:26:56.688+0000] {processor.py:830} INFO - Processing file /home/denys/airflow_venv/lib/python3.12/site-packages/airflow/example_dags/example_short_circuit_operator.py for tasks to queue
[2024-05-08T13:26:56.689+0000] {logging_mixin.py:188} INFO - [2024-05-08T13:26:56.689+0000] {dagbag.py:545} INFO - Filling up the DagBag from /home/denys/airflow_venv/lib/python3.12/site-packages/airflow/example_dags/example_short_circuit_operator.py
[2024-05-08T13:26:56.694+0000] {processor.py:840} INFO - DAG(s) 'example_short_circuit_operator' retrieved from /home/denys/airflow_venv/lib/python3.12/site-packages/airflow/example_dags/example_short_circuit_operator.py
[2024-05-08T13:26:56.703+0000] {logging_mixin.py:188} INFO - [2024-05-08T13:26:56.703+0000] {dag.py:3096} INFO - Sync 1 DAGs
[2024-05-08T13:26:56.713+0000] {logging_mixin.py:188} INFO - [2024-05-08T13:26:56.713+0000] {dag.py:3954} INFO - Setting next_dagrun for example_short_circuit_operator to 2024-05-07 00:00:00+00:00, run_after=2024-05-08 00:00:00+00:00
[2024-05-08T13:26:56.738+0000] {processor.py:183} INFO - Processing /home/denys/airflow_venv/lib/python3.12/site-packages/airflow/example_dags/example_short_circuit_operator.py took 0.054 seconds
[2024-05-08T13:27:40.983+0000] {processor.py:161} INFO - Started process (PID=2922) to work on /home/denys/airflow_venv/lib/python3.12/site-packages/airflow/example_dags/example_short_circuit_operator.py
[2024-05-08T13:27:40.985+0000] {processor.py:830} INFO - Processing file /home/denys/airflow_venv/lib/python3.12/site-packages/airflow/example_dags/example_short_circuit_operator.py for tasks to queue
[2024-05-08T13:27:40.986+0000] {logging_mixin.py:188} INFO - [2024-05-08T13:27:40.985+0000] {dagbag.py:545} INFO - Filling up the DagBag from /home/denys/airflow_venv/lib/python3.12/site-packages/airflow/example_dags/example_short_circuit_operator.py
[2024-05-08T13:27:40.991+0000] {processor.py:840} INFO - DAG(s) 'example_short_circuit_operator' retrieved from /home/denys/airflow_venv/lib/python3.12/site-packages/airflow/example_dags/example_short_circuit_operator.py
[2024-05-08T13:27:41.004+0000] {logging_mixin.py:188} INFO - [2024-05-08T13:27:41.004+0000] {dag.py:3096} INFO - Sync 1 DAGs
[2024-05-08T13:27:41.015+0000] {logging_mixin.py:188} INFO - [2024-05-08T13:27:41.014+0000] {dag.py:3954} INFO - Setting next_dagrun for example_short_circuit_operator to 2024-05-07 00:00:00+00:00, run_after=2024-05-08 00:00:00+00:00
[2024-05-08T13:27:41.035+0000] {processor.py:183} INFO - Processing /home/denys/airflow_venv/lib/python3.12/site-packages/airflow/example_dags/example_short_circuit_operator.py took 0.056 seconds
[2024-05-08T13:28:24.459+0000] {processor.py:161} INFO - Started process (PID=2968) to work on /home/denys/airflow_venv/lib/python3.12/site-packages/airflow/example_dags/example_short_circuit_operator.py
[2024-05-08T13:28:24.461+0000] {processor.py:830} INFO - Processing file /home/denys/airflow_venv/lib/python3.12/site-packages/airflow/example_dags/example_short_circuit_operator.py for tasks to queue
[2024-05-08T13:28:24.462+0000] {logging_mixin.py:188} INFO - [2024-05-08T13:28:24.462+0000] {dagbag.py:545} INFO - Filling up the DagBag from /home/denys/airflow_venv/lib/python3.12/site-packages/airflow/example_dags/example_short_circuit_operator.py
[2024-05-08T13:28:24.467+0000] {processor.py:840} INFO - DAG(s) 'example_short_circuit_operator' retrieved from /home/denys/airflow_venv/lib/python3.12/site-packages/airflow/example_dags/example_short_circuit_operator.py
[2024-05-08T13:28:24.479+0000] {logging_mixin.py:188} INFO - [2024-05-08T13:28:24.478+0000] {dag.py:3096} INFO - Sync 1 DAGs
[2024-05-08T13:28:24.491+0000] {logging_mixin.py:188} INFO - [2024-05-08T13:28:24.490+0000] {dag.py:3954} INFO - Setting next_dagrun for example_short_circuit_operator to 2024-05-07 00:00:00+00:00, run_after=2024-05-08 00:00:00+00:00
[2024-05-08T13:28:24.509+0000] {processor.py:183} INFO - Processing /home/denys/airflow_venv/lib/python3.12/site-packages/airflow/example_dags/example_short_circuit_operator.py took 0.054 seconds
[2024-05-08T13:29:06.470+0000] {processor.py:161} INFO - Started process (PID=3066) to work on /home/denys/airflow_venv/lib/python3.12/site-packages/airflow/example_dags/example_short_circuit_operator.py
[2024-05-08T13:29:06.471+0000] {processor.py:830} INFO - Processing file /home/denys/airflow_venv/lib/python3.12/site-packages/airflow/example_dags/example_short_circuit_operator.py for tasks to queue
[2024-05-08T13:29:06.473+0000] {logging_mixin.py:188} INFO - [2024-05-08T13:29:06.472+0000] {dagbag.py:545} INFO - Filling up the DagBag from /home/denys/airflow_venv/lib/python3.12/site-packages/airflow/example_dags/example_short_circuit_operator.py
[2024-05-08T13:29:06.477+0000] {processor.py:840} INFO - DAG(s) 'example_short_circuit_operator' retrieved from /home/denys/airflow_venv/lib/python3.12/site-packages/airflow/example_dags/example_short_circuit_operator.py
[2024-05-08T13:29:06.488+0000] {logging_mixin.py:188} INFO - [2024-05-08T13:29:06.488+0000] {dag.py:3096} INFO - Sync 1 DAGs
[2024-05-08T13:29:06.498+0000] {logging_mixin.py:188} INFO - [2024-05-08T13:29:06.497+0000] {dag.py:3954} INFO - Setting next_dagrun for example_short_circuit_operator to 2024-05-07 00:00:00+00:00, run_after=2024-05-08 00:00:00+00:00
[2024-05-08T13:29:06.515+0000] {processor.py:183} INFO - Processing /home/denys/airflow_venv/lib/python3.12/site-packages/airflow/example_dags/example_short_circuit_operator.py took 0.048 seconds
[2024-05-08T13:29:44.643+0000] {processor.py:161} INFO - Started process (PID=3108) to work on /home/denys/airflow_venv/lib/python3.12/site-packages/airflow/example_dags/example_short_circuit_operator.py
[2024-05-08T13:29:44.645+0000] {processor.py:830} INFO - Processing file /home/denys/airflow_venv/lib/python3.12/site-packages/airflow/example_dags/example_short_circuit_operator.py for tasks to queue
[2024-05-08T13:29:44.646+0000] {logging_mixin.py:188} INFO - [2024-05-08T13:29:44.645+0000] {dagbag.py:545} INFO - Filling up the DagBag from /home/denys/airflow_venv/lib/python3.12/site-packages/airflow/example_dags/example_short_circuit_operator.py
[2024-05-08T13:29:44.650+0000] {processor.py:840} INFO - DAG(s) 'example_short_circuit_operator' retrieved from /home/denys/airflow_venv/lib/python3.12/site-packages/airflow/example_dags/example_short_circuit_operator.py
[2024-05-08T13:29:44.662+0000] {logging_mixin.py:188} INFO - [2024-05-08T13:29:44.662+0000] {dag.py:3096} INFO - Sync 1 DAGs
[2024-05-08T13:29:44.674+0000] {logging_mixin.py:188} INFO - [2024-05-08T13:29:44.673+0000] {dag.py:3954} INFO - Setting next_dagrun for example_short_circuit_operator to 2024-05-07 00:00:00+00:00, run_after=2024-05-08 00:00:00+00:00
[2024-05-08T13:29:44.691+0000] {processor.py:183} INFO - Processing /home/denys/airflow_venv/lib/python3.12/site-packages/airflow/example_dags/example_short_circuit_operator.py took 0.052 seconds
[2024-05-08T13:30:24.653+0000] {processor.py:161} INFO - Started process (PID=3153) to work on /home/denys/airflow_venv/lib/python3.12/site-packages/airflow/example_dags/example_short_circuit_operator.py
[2024-05-08T13:30:24.654+0000] {processor.py:830} INFO - Processing file /home/denys/airflow_venv/lib/python3.12/site-packages/airflow/example_dags/example_short_circuit_operator.py for tasks to queue
[2024-05-08T13:30:24.655+0000] {logging_mixin.py:188} INFO - [2024-05-08T13:30:24.655+0000] {dagbag.py:545} INFO - Filling up the DagBag from /home/denys/airflow_venv/lib/python3.12/site-packages/airflow/example_dags/example_short_circuit_operator.py
[2024-05-08T13:30:24.660+0000] {processor.py:840} INFO - DAG(s) 'example_short_circuit_operator' retrieved from /home/denys/airflow_venv/lib/python3.12/site-packages/airflow/example_dags/example_short_circuit_operator.py
[2024-05-08T13:30:24.671+0000] {logging_mixin.py:188} INFO - [2024-05-08T13:30:24.671+0000] {dag.py:3096} INFO - Sync 1 DAGs
[2024-05-08T13:30:24.682+0000] {logging_mixin.py:188} INFO - [2024-05-08T13:30:24.682+0000] {dag.py:3954} INFO - Setting next_dagrun for example_short_circuit_operator to 2024-05-07 00:00:00+00:00, run_after=2024-05-08 00:00:00+00:00
[2024-05-08T13:30:24.705+0000] {processor.py:183} INFO - Processing /home/denys/airflow_venv/lib/python3.12/site-packages/airflow/example_dags/example_short_circuit_operator.py took 0.057 seconds
[2024-05-08T13:31:06.025+0000] {processor.py:161} INFO - Started process (PID=3195) to work on /home/denys/airflow_venv/lib/python3.12/site-packages/airflow/example_dags/example_short_circuit_operator.py
[2024-05-08T13:31:06.026+0000] {processor.py:830} INFO - Processing file /home/denys/airflow_venv/lib/python3.12/site-packages/airflow/example_dags/example_short_circuit_operator.py for tasks to queue
[2024-05-08T13:31:06.027+0000] {logging_mixin.py:188} INFO - [2024-05-08T13:31:06.027+0000] {dagbag.py:545} INFO - Filling up the DagBag from /home/denys/airflow_venv/lib/python3.12/site-packages/airflow/example_dags/example_short_circuit_operator.py
[2024-05-08T13:31:06.032+0000] {processor.py:840} INFO - DAG(s) 'example_short_circuit_operator' retrieved from /home/denys/airflow_venv/lib/python3.12/site-packages/airflow/example_dags/example_short_circuit_operator.py
[2024-05-08T13:31:06.043+0000] {logging_mixin.py:188} INFO - [2024-05-08T13:31:06.043+0000] {dag.py:3096} INFO - Sync 1 DAGs
[2024-05-08T13:31:06.053+0000] {logging_mixin.py:188} INFO - [2024-05-08T13:31:06.053+0000] {dag.py:3954} INFO - Setting next_dagrun for example_short_circuit_operator to 2024-05-07 00:00:00+00:00, run_after=2024-05-08 00:00:00+00:00
[2024-05-08T13:31:06.075+0000] {processor.py:183} INFO - Processing /home/denys/airflow_venv/lib/python3.12/site-packages/airflow/example_dags/example_short_circuit_operator.py took 0.053 seconds
[2024-05-08T13:31:45.860+0000] {processor.py:161} INFO - Started process (PID=3237) to work on /home/denys/airflow_venv/lib/python3.12/site-packages/airflow/example_dags/example_short_circuit_operator.py
[2024-05-08T13:31:45.861+0000] {processor.py:830} INFO - Processing file /home/denys/airflow_venv/lib/python3.12/site-packages/airflow/example_dags/example_short_circuit_operator.py for tasks to queue
[2024-05-08T13:31:45.862+0000] {logging_mixin.py:188} INFO - [2024-05-08T13:31:45.862+0000] {dagbag.py:545} INFO - Filling up the DagBag from /home/denys/airflow_venv/lib/python3.12/site-packages/airflow/example_dags/example_short_circuit_operator.py
[2024-05-08T13:31:45.867+0000] {processor.py:840} INFO - DAG(s) 'example_short_circuit_operator' retrieved from /home/denys/airflow_venv/lib/python3.12/site-packages/airflow/example_dags/example_short_circuit_operator.py
[2024-05-08T13:31:45.877+0000] {logging_mixin.py:188} INFO - [2024-05-08T13:31:45.877+0000] {dag.py:3096} INFO - Sync 1 DAGs
[2024-05-08T13:31:45.889+0000] {logging_mixin.py:188} INFO - [2024-05-08T13:31:45.889+0000] {dag.py:3954} INFO - Setting next_dagrun for example_short_circuit_operator to 2024-05-07 00:00:00+00:00, run_after=2024-05-08 00:00:00+00:00
[2024-05-08T13:31:45.910+0000] {processor.py:183} INFO - Processing /home/denys/airflow_venv/lib/python3.12/site-packages/airflow/example_dags/example_short_circuit_operator.py took 0.054 seconds
[2024-05-08T13:32:29.056+0000] {processor.py:161} INFO - Started process (PID=3281) to work on /home/denys/airflow_venv/lib/python3.12/site-packages/airflow/example_dags/example_short_circuit_operator.py
[2024-05-08T13:32:29.058+0000] {processor.py:830} INFO - Processing file /home/denys/airflow_venv/lib/python3.12/site-packages/airflow/example_dags/example_short_circuit_operator.py for tasks to queue
[2024-05-08T13:32:29.059+0000] {logging_mixin.py:188} INFO - [2024-05-08T13:32:29.059+0000] {dagbag.py:545} INFO - Filling up the DagBag from /home/denys/airflow_venv/lib/python3.12/site-packages/airflow/example_dags/example_short_circuit_operator.py
[2024-05-08T13:32:29.063+0000] {processor.py:840} INFO - DAG(s) 'example_short_circuit_operator' retrieved from /home/denys/airflow_venv/lib/python3.12/site-packages/airflow/example_dags/example_short_circuit_operator.py
[2024-05-08T13:32:29.073+0000] {logging_mixin.py:188} INFO - [2024-05-08T13:32:29.073+0000] {dag.py:3096} INFO - Sync 1 DAGs
[2024-05-08T13:32:29.082+0000] {logging_mixin.py:188} INFO - [2024-05-08T13:32:29.082+0000] {dag.py:3954} INFO - Setting next_dagrun for example_short_circuit_operator to 2024-05-07 00:00:00+00:00, run_after=2024-05-08 00:00:00+00:00
[2024-05-08T13:32:29.103+0000] {processor.py:183} INFO - Processing /home/denys/airflow_venv/lib/python3.12/site-packages/airflow/example_dags/example_short_circuit_operator.py took 0.050 seconds
[2024-05-08T13:33:13.709+0000] {processor.py:161} INFO - Started process (PID=3325) to work on /home/denys/airflow_venv/lib/python3.12/site-packages/airflow/example_dags/example_short_circuit_operator.py
[2024-05-08T13:33:13.710+0000] {processor.py:830} INFO - Processing file /home/denys/airflow_venv/lib/python3.12/site-packages/airflow/example_dags/example_short_circuit_operator.py for tasks to queue
[2024-05-08T13:33:13.711+0000] {logging_mixin.py:188} INFO - [2024-05-08T13:33:13.711+0000] {dagbag.py:545} INFO - Filling up the DagBag from /home/denys/airflow_venv/lib/python3.12/site-packages/airflow/example_dags/example_short_circuit_operator.py
[2024-05-08T13:33:13.717+0000] {processor.py:840} INFO - DAG(s) 'example_short_circuit_operator' retrieved from /home/denys/airflow_venv/lib/python3.12/site-packages/airflow/example_dags/example_short_circuit_operator.py
[2024-05-08T13:33:13.729+0000] {logging_mixin.py:188} INFO - [2024-05-08T13:33:13.728+0000] {dag.py:3096} INFO - Sync 1 DAGs
[2024-05-08T13:33:13.752+0000] {logging_mixin.py:188} INFO - [2024-05-08T13:33:13.752+0000] {dag.py:3954} INFO - Setting next_dagrun for example_short_circuit_operator to 2024-05-07 00:00:00+00:00, run_after=2024-05-08 00:00:00+00:00
[2024-05-08T13:33:13.769+0000] {processor.py:183} INFO - Processing /home/denys/airflow_venv/lib/python3.12/site-packages/airflow/example_dags/example_short_circuit_operator.py took 0.064 seconds
[2024-05-08T13:33:56.710+0000] {processor.py:161} INFO - Started process (PID=3373) to work on /home/denys/airflow_venv/lib/python3.12/site-packages/airflow/example_dags/example_short_circuit_operator.py
[2024-05-08T13:33:56.711+0000] {processor.py:830} INFO - Processing file /home/denys/airflow_venv/lib/python3.12/site-packages/airflow/example_dags/example_short_circuit_operator.py for tasks to queue
[2024-05-08T13:33:56.712+0000] {logging_mixin.py:188} INFO - [2024-05-08T13:33:56.712+0000] {dagbag.py:545} INFO - Filling up the DagBag from /home/denys/airflow_venv/lib/python3.12/site-packages/airflow/example_dags/example_short_circuit_operator.py
[2024-05-08T13:33:56.717+0000] {processor.py:840} INFO - DAG(s) 'example_short_circuit_operator' retrieved from /home/denys/airflow_venv/lib/python3.12/site-packages/airflow/example_dags/example_short_circuit_operator.py
[2024-05-08T13:33:56.727+0000] {logging_mixin.py:188} INFO - [2024-05-08T13:33:56.727+0000] {dag.py:3096} INFO - Sync 1 DAGs
[2024-05-08T13:33:56.738+0000] {logging_mixin.py:188} INFO - [2024-05-08T13:33:56.738+0000] {dag.py:3954} INFO - Setting next_dagrun for example_short_circuit_operator to 2024-05-07 00:00:00+00:00, run_after=2024-05-08 00:00:00+00:00
[2024-05-08T13:33:56.759+0000] {processor.py:183} INFO - Processing /home/denys/airflow_venv/lib/python3.12/site-packages/airflow/example_dags/example_short_circuit_operator.py took 0.052 seconds
[2024-05-08T13:34:37.795+0000] {processor.py:161} INFO - Started process (PID=3416) to work on /home/denys/airflow_venv/lib/python3.12/site-packages/airflow/example_dags/example_short_circuit_operator.py
[2024-05-08T13:34:37.796+0000] {processor.py:830} INFO - Processing file /home/denys/airflow_venv/lib/python3.12/site-packages/airflow/example_dags/example_short_circuit_operator.py for tasks to queue
[2024-05-08T13:34:37.797+0000] {logging_mixin.py:188} INFO - [2024-05-08T13:34:37.797+0000] {dagbag.py:545} INFO - Filling up the DagBag from /home/denys/airflow_venv/lib/python3.12/site-packages/airflow/example_dags/example_short_circuit_operator.py
[2024-05-08T13:34:37.801+0000] {processor.py:840} INFO - DAG(s) 'example_short_circuit_operator' retrieved from /home/denys/airflow_venv/lib/python3.12/site-packages/airflow/example_dags/example_short_circuit_operator.py
[2024-05-08T13:34:37.811+0000] {logging_mixin.py:188} INFO - [2024-05-08T13:34:37.811+0000] {dag.py:3096} INFO - Sync 1 DAGs
[2024-05-08T13:34:37.820+0000] {logging_mixin.py:188} INFO - [2024-05-08T13:34:37.820+0000] {dag.py:3954} INFO - Setting next_dagrun for example_short_circuit_operator to 2024-05-07 00:00:00+00:00, run_after=2024-05-08 00:00:00+00:00
[2024-05-08T13:34:37.842+0000] {processor.py:183} INFO - Processing /home/denys/airflow_venv/lib/python3.12/site-packages/airflow/example_dags/example_short_circuit_operator.py took 0.051 seconds
[2024-05-08T13:35:17.944+0000] {processor.py:161} INFO - Started process (PID=3461) to work on /home/denys/airflow_venv/lib/python3.12/site-packages/airflow/example_dags/example_short_circuit_operator.py
[2024-05-08T13:35:17.945+0000] {processor.py:830} INFO - Processing file /home/denys/airflow_venv/lib/python3.12/site-packages/airflow/example_dags/example_short_circuit_operator.py for tasks to queue
[2024-05-08T13:35:17.946+0000] {logging_mixin.py:188} INFO - [2024-05-08T13:35:17.946+0000] {dagbag.py:545} INFO - Filling up the DagBag from /home/denys/airflow_venv/lib/python3.12/site-packages/airflow/example_dags/example_short_circuit_operator.py
[2024-05-08T13:35:17.950+0000] {processor.py:840} INFO - DAG(s) 'example_short_circuit_operator' retrieved from /home/denys/airflow_venv/lib/python3.12/site-packages/airflow/example_dags/example_short_circuit_operator.py
[2024-05-08T13:35:17.964+0000] {logging_mixin.py:188} INFO - [2024-05-08T13:35:17.963+0000] {dag.py:3096} INFO - Sync 1 DAGs
[2024-05-08T13:35:17.977+0000] {logging_mixin.py:188} INFO - [2024-05-08T13:35:17.976+0000] {dag.py:3954} INFO - Setting next_dagrun for example_short_circuit_operator to 2024-05-07 00:00:00+00:00, run_after=2024-05-08 00:00:00+00:00
[2024-05-08T13:35:17.998+0000] {processor.py:183} INFO - Processing /home/denys/airflow_venv/lib/python3.12/site-packages/airflow/example_dags/example_short_circuit_operator.py took 0.059 seconds
[2024-05-08T13:35:57.357+0000] {processor.py:161} INFO - Started process (PID=3502) to work on /home/denys/airflow_venv/lib/python3.12/site-packages/airflow/example_dags/example_short_circuit_operator.py
[2024-05-08T13:35:57.359+0000] {processor.py:830} INFO - Processing file /home/denys/airflow_venv/lib/python3.12/site-packages/airflow/example_dags/example_short_circuit_operator.py for tasks to queue
[2024-05-08T13:35:57.360+0000] {logging_mixin.py:188} INFO - [2024-05-08T13:35:57.359+0000] {dagbag.py:545} INFO - Filling up the DagBag from /home/denys/airflow_venv/lib/python3.12/site-packages/airflow/example_dags/example_short_circuit_operator.py
[2024-05-08T13:35:57.364+0000] {processor.py:840} INFO - DAG(s) 'example_short_circuit_operator' retrieved from /home/denys/airflow_venv/lib/python3.12/site-packages/airflow/example_dags/example_short_circuit_operator.py
[2024-05-08T13:35:57.374+0000] {logging_mixin.py:188} INFO - [2024-05-08T13:35:57.374+0000] {dag.py:3096} INFO - Sync 1 DAGs
[2024-05-08T13:35:57.385+0000] {logging_mixin.py:188} INFO - [2024-05-08T13:35:57.385+0000] {dag.py:3954} INFO - Setting next_dagrun for example_short_circuit_operator to 2024-05-07 00:00:00+00:00, run_after=2024-05-08 00:00:00+00:00
[2024-05-08T13:35:57.408+0000] {processor.py:183} INFO - Processing /home/denys/airflow_venv/lib/python3.12/site-packages/airflow/example_dags/example_short_circuit_operator.py took 0.054 seconds
[2024-05-08T13:36:38.417+0000] {processor.py:161} INFO - Started process (PID=3545) to work on /home/denys/airflow_venv/lib/python3.12/site-packages/airflow/example_dags/example_short_circuit_operator.py
[2024-05-08T13:36:38.418+0000] {processor.py:830} INFO - Processing file /home/denys/airflow_venv/lib/python3.12/site-packages/airflow/example_dags/example_short_circuit_operator.py for tasks to queue
[2024-05-08T13:36:38.419+0000] {logging_mixin.py:188} INFO - [2024-05-08T13:36:38.419+0000] {dagbag.py:545} INFO - Filling up the DagBag from /home/denys/airflow_venv/lib/python3.12/site-packages/airflow/example_dags/example_short_circuit_operator.py
[2024-05-08T13:36:38.424+0000] {processor.py:840} INFO - DAG(s) 'example_short_circuit_operator' retrieved from /home/denys/airflow_venv/lib/python3.12/site-packages/airflow/example_dags/example_short_circuit_operator.py
[2024-05-08T13:36:38.435+0000] {logging_mixin.py:188} INFO - [2024-05-08T13:36:38.435+0000] {dag.py:3096} INFO - Sync 1 DAGs
[2024-05-08T13:36:38.444+0000] {logging_mixin.py:188} INFO - [2024-05-08T13:36:38.444+0000] {dag.py:3954} INFO - Setting next_dagrun for example_short_circuit_operator to 2024-05-07 00:00:00+00:00, run_after=2024-05-08 00:00:00+00:00
[2024-05-08T13:36:38.468+0000] {processor.py:183} INFO - Processing /home/denys/airflow_venv/lib/python3.12/site-packages/airflow/example_dags/example_short_circuit_operator.py took 0.054 seconds
[2024-05-08T13:37:21.217+0000] {processor.py:161} INFO - Started process (PID=3589) to work on /home/denys/airflow_venv/lib/python3.12/site-packages/airflow/example_dags/example_short_circuit_operator.py
[2024-05-08T13:37:21.219+0000] {processor.py:830} INFO - Processing file /home/denys/airflow_venv/lib/python3.12/site-packages/airflow/example_dags/example_short_circuit_operator.py for tasks to queue
[2024-05-08T13:37:21.220+0000] {logging_mixin.py:188} INFO - [2024-05-08T13:37:21.219+0000] {dagbag.py:545} INFO - Filling up the DagBag from /home/denys/airflow_venv/lib/python3.12/site-packages/airflow/example_dags/example_short_circuit_operator.py
[2024-05-08T13:37:21.224+0000] {processor.py:840} INFO - DAG(s) 'example_short_circuit_operator' retrieved from /home/denys/airflow_venv/lib/python3.12/site-packages/airflow/example_dags/example_short_circuit_operator.py
[2024-05-08T13:37:21.235+0000] {logging_mixin.py:188} INFO - [2024-05-08T13:37:21.235+0000] {dag.py:3096} INFO - Sync 1 DAGs
[2024-05-08T13:37:21.246+0000] {logging_mixin.py:188} INFO - [2024-05-08T13:37:21.246+0000] {dag.py:3954} INFO - Setting next_dagrun for example_short_circuit_operator to 2024-05-07 00:00:00+00:00, run_after=2024-05-08 00:00:00+00:00
[2024-05-08T13:37:21.263+0000] {processor.py:183} INFO - Processing /home/denys/airflow_venv/lib/python3.12/site-packages/airflow/example_dags/example_short_circuit_operator.py took 0.049 seconds
[2024-05-08T13:38:09.807+0000] {processor.py:161} INFO - Started process (PID=3637) to work on /home/denys/airflow_venv/lib/python3.12/site-packages/airflow/example_dags/example_short_circuit_operator.py
[2024-05-08T13:38:09.808+0000] {processor.py:830} INFO - Processing file /home/denys/airflow_venv/lib/python3.12/site-packages/airflow/example_dags/example_short_circuit_operator.py for tasks to queue
[2024-05-08T13:38:09.809+0000] {logging_mixin.py:188} INFO - [2024-05-08T13:38:09.809+0000] {dagbag.py:545} INFO - Filling up the DagBag from /home/denys/airflow_venv/lib/python3.12/site-packages/airflow/example_dags/example_short_circuit_operator.py
[2024-05-08T13:38:09.813+0000] {processor.py:840} INFO - DAG(s) 'example_short_circuit_operator' retrieved from /home/denys/airflow_venv/lib/python3.12/site-packages/airflow/example_dags/example_short_circuit_operator.py
[2024-05-08T13:38:09.824+0000] {logging_mixin.py:188} INFO - [2024-05-08T13:38:09.824+0000] {dag.py:3096} INFO - Sync 1 DAGs
[2024-05-08T13:38:09.835+0000] {logging_mixin.py:188} INFO - [2024-05-08T13:38:09.835+0000] {dag.py:3954} INFO - Setting next_dagrun for example_short_circuit_operator to 2024-05-07 00:00:00+00:00, run_after=2024-05-08 00:00:00+00:00
[2024-05-08T13:38:09.859+0000] {processor.py:183} INFO - Processing /home/denys/airflow_venv/lib/python3.12/site-packages/airflow/example_dags/example_short_circuit_operator.py took 0.056 seconds
[2024-05-08T13:38:53.824+0000] {processor.py:161} INFO - Started process (PID=3683) to work on /home/denys/airflow_venv/lib/python3.12/site-packages/airflow/example_dags/example_short_circuit_operator.py
[2024-05-08T13:38:53.826+0000] {processor.py:830} INFO - Processing file /home/denys/airflow_venv/lib/python3.12/site-packages/airflow/example_dags/example_short_circuit_operator.py for tasks to queue
[2024-05-08T13:38:53.827+0000] {logging_mixin.py:188} INFO - [2024-05-08T13:38:53.826+0000] {dagbag.py:545} INFO - Filling up the DagBag from /home/denys/airflow_venv/lib/python3.12/site-packages/airflow/example_dags/example_short_circuit_operator.py
[2024-05-08T13:38:53.831+0000] {processor.py:840} INFO - DAG(s) 'example_short_circuit_operator' retrieved from /home/denys/airflow_venv/lib/python3.12/site-packages/airflow/example_dags/example_short_circuit_operator.py
[2024-05-08T13:38:53.842+0000] {logging_mixin.py:188} INFO - [2024-05-08T13:38:53.841+0000] {dag.py:3096} INFO - Sync 1 DAGs
[2024-05-08T13:38:53.853+0000] {logging_mixin.py:188} INFO - [2024-05-08T13:38:53.853+0000] {dag.py:3954} INFO - Setting next_dagrun for example_short_circuit_operator to 2024-05-07 00:00:00+00:00, run_after=2024-05-08 00:00:00+00:00
[2024-05-08T13:38:53.869+0000] {processor.py:183} INFO - Processing /home/denys/airflow_venv/lib/python3.12/site-packages/airflow/example_dags/example_short_circuit_operator.py took 0.051 seconds
[2024-05-08T13:39:36.652+0000] {processor.py:161} INFO - Started process (PID=3726) to work on /home/denys/airflow_venv/lib/python3.12/site-packages/airflow/example_dags/example_short_circuit_operator.py
[2024-05-08T13:39:36.654+0000] {processor.py:830} INFO - Processing file /home/denys/airflow_venv/lib/python3.12/site-packages/airflow/example_dags/example_short_circuit_operator.py for tasks to queue
[2024-05-08T13:39:36.655+0000] {logging_mixin.py:188} INFO - [2024-05-08T13:39:36.654+0000] {dagbag.py:545} INFO - Filling up the DagBag from /home/denys/airflow_venv/lib/python3.12/site-packages/airflow/example_dags/example_short_circuit_operator.py
[2024-05-08T13:39:36.659+0000] {processor.py:840} INFO - DAG(s) 'example_short_circuit_operator' retrieved from /home/denys/airflow_venv/lib/python3.12/site-packages/airflow/example_dags/example_short_circuit_operator.py
[2024-05-08T13:39:36.670+0000] {logging_mixin.py:188} INFO - [2024-05-08T13:39:36.670+0000] {dag.py:3096} INFO - Sync 1 DAGs
[2024-05-08T13:39:36.680+0000] {logging_mixin.py:188} INFO - [2024-05-08T13:39:36.680+0000] {dag.py:3954} INFO - Setting next_dagrun for example_short_circuit_operator to 2024-05-07 00:00:00+00:00, run_after=2024-05-08 00:00:00+00:00
[2024-05-08T13:39:36.769+0000] {processor.py:183} INFO - Processing /home/denys/airflow_venv/lib/python3.12/site-packages/airflow/example_dags/example_short_circuit_operator.py took 0.121 seconds
[2024-05-08T13:40:24.245+0000] {processor.py:161} INFO - Started process (PID=3774) to work on /home/denys/airflow_venv/lib/python3.12/site-packages/airflow/example_dags/example_short_circuit_operator.py
[2024-05-08T13:40:24.247+0000] {processor.py:830} INFO - Processing file /home/denys/airflow_venv/lib/python3.12/site-packages/airflow/example_dags/example_short_circuit_operator.py for tasks to queue
[2024-05-08T13:40:24.248+0000] {logging_mixin.py:188} INFO - [2024-05-08T13:40:24.248+0000] {dagbag.py:545} INFO - Filling up the DagBag from /home/denys/airflow_venv/lib/python3.12/site-packages/airflow/example_dags/example_short_circuit_operator.py
[2024-05-08T13:40:24.253+0000] {processor.py:840} INFO - DAG(s) 'example_short_circuit_operator' retrieved from /home/denys/airflow_venv/lib/python3.12/site-packages/airflow/example_dags/example_short_circuit_operator.py
[2024-05-08T13:40:24.264+0000] {logging_mixin.py:188} INFO - [2024-05-08T13:40:24.264+0000] {dag.py:3096} INFO - Sync 1 DAGs
[2024-05-08T13:40:24.274+0000] {logging_mixin.py:188} INFO - [2024-05-08T13:40:24.274+0000] {dag.py:3954} INFO - Setting next_dagrun for example_short_circuit_operator to 2024-05-07 00:00:00+00:00, run_after=2024-05-08 00:00:00+00:00
[2024-05-08T13:40:24.297+0000] {processor.py:183} INFO - Processing /home/denys/airflow_venv/lib/python3.12/site-packages/airflow/example_dags/example_short_circuit_operator.py took 0.055 seconds
[2024-05-08T13:41:12.865+0000] {processor.py:161} INFO - Started process (PID=3821) to work on /home/denys/airflow_venv/lib/python3.12/site-packages/airflow/example_dags/example_short_circuit_operator.py
[2024-05-08T13:41:12.872+0000] {processor.py:830} INFO - Processing file /home/denys/airflow_venv/lib/python3.12/site-packages/airflow/example_dags/example_short_circuit_operator.py for tasks to queue
[2024-05-08T13:41:12.874+0000] {logging_mixin.py:188} INFO - [2024-05-08T13:41:12.873+0000] {dagbag.py:545} INFO - Filling up the DagBag from /home/denys/airflow_venv/lib/python3.12/site-packages/airflow/example_dags/example_short_circuit_operator.py
[2024-05-08T13:41:12.878+0000] {processor.py:840} INFO - DAG(s) 'example_short_circuit_operator' retrieved from /home/denys/airflow_venv/lib/python3.12/site-packages/airflow/example_dags/example_short_circuit_operator.py
[2024-05-08T13:41:12.888+0000] {logging_mixin.py:188} INFO - [2024-05-08T13:41:12.888+0000] {dag.py:3096} INFO - Sync 1 DAGs
[2024-05-08T13:41:12.955+0000] {logging_mixin.py:188} INFO - [2024-05-08T13:41:12.955+0000] {dag.py:3954} INFO - Setting next_dagrun for example_short_circuit_operator to 2024-05-07 00:00:00+00:00, run_after=2024-05-08 00:00:00+00:00
[2024-05-08T13:41:12.972+0000] {processor.py:183} INFO - Processing /home/denys/airflow_venv/lib/python3.12/site-packages/airflow/example_dags/example_short_circuit_operator.py took 0.110 seconds
[2024-05-08T13:41:57.562+0000] {processor.py:161} INFO - Started process (PID=3866) to work on /home/denys/airflow_venv/lib/python3.12/site-packages/airflow/example_dags/example_short_circuit_operator.py
[2024-05-08T13:41:57.563+0000] {processor.py:830} INFO - Processing file /home/denys/airflow_venv/lib/python3.12/site-packages/airflow/example_dags/example_short_circuit_operator.py for tasks to queue
[2024-05-08T13:41:57.564+0000] {logging_mixin.py:188} INFO - [2024-05-08T13:41:57.564+0000] {dagbag.py:545} INFO - Filling up the DagBag from /home/denys/airflow_venv/lib/python3.12/site-packages/airflow/example_dags/example_short_circuit_operator.py
[2024-05-08T13:41:57.568+0000] {processor.py:840} INFO - DAG(s) 'example_short_circuit_operator' retrieved from /home/denys/airflow_venv/lib/python3.12/site-packages/airflow/example_dags/example_short_circuit_operator.py
[2024-05-08T13:41:57.578+0000] {logging_mixin.py:188} INFO - [2024-05-08T13:41:57.578+0000] {dag.py:3096} INFO - Sync 1 DAGs
[2024-05-08T13:41:57.588+0000] {logging_mixin.py:188} INFO - [2024-05-08T13:41:57.588+0000] {dag.py:3954} INFO - Setting next_dagrun for example_short_circuit_operator to 2024-05-07 00:00:00+00:00, run_after=2024-05-08 00:00:00+00:00
[2024-05-08T13:41:57.611+0000] {processor.py:183} INFO - Processing /home/denys/airflow_venv/lib/python3.12/site-packages/airflow/example_dags/example_short_circuit_operator.py took 0.053 seconds
[2024-05-08T13:42:41.656+0000] {processor.py:161} INFO - Started process (PID=3911) to work on /home/denys/airflow_venv/lib/python3.12/site-packages/airflow/example_dags/example_short_circuit_operator.py
[2024-05-08T13:42:41.658+0000] {processor.py:830} INFO - Processing file /home/denys/airflow_venv/lib/python3.12/site-packages/airflow/example_dags/example_short_circuit_operator.py for tasks to queue
[2024-05-08T13:42:41.659+0000] {logging_mixin.py:188} INFO - [2024-05-08T13:42:41.658+0000] {dagbag.py:545} INFO - Filling up the DagBag from /home/denys/airflow_venv/lib/python3.12/site-packages/airflow/example_dags/example_short_circuit_operator.py
[2024-05-08T13:42:41.739+0000] {processor.py:840} INFO - DAG(s) 'example_short_circuit_operator' retrieved from /home/denys/airflow_venv/lib/python3.12/site-packages/airflow/example_dags/example_short_circuit_operator.py
[2024-05-08T13:42:41.748+0000] {logging_mixin.py:188} INFO - [2024-05-08T13:42:41.748+0000] {dag.py:3096} INFO - Sync 1 DAGs
[2024-05-08T13:42:41.757+0000] {logging_mixin.py:188} INFO - [2024-05-08T13:42:41.757+0000] {dag.py:3954} INFO - Setting next_dagrun for example_short_circuit_operator to 2024-05-07 00:00:00+00:00, run_after=2024-05-08 00:00:00+00:00
[2024-05-08T13:42:41.775+0000] {processor.py:183} INFO - Processing /home/denys/airflow_venv/lib/python3.12/site-packages/airflow/example_dags/example_short_circuit_operator.py took 0.122 seconds
