[2024-05-08T13:11:58.380+0000] {processor.py:161} INFO - Started process (PID=1875) to work on /home/denys/airflow_venv/lib/python3.12/site-packages/airflow/example_dags/example_branch_operator_decorator.py
[2024-05-08T13:11:58.381+0000] {processor.py:830} INFO - Processing file /home/denys/airflow_venv/lib/python3.12/site-packages/airflow/example_dags/example_branch_operator_decorator.py for tasks to queue
[2024-05-08T13:11:58.382+0000] {logging_mixin.py:188} INFO - [2024-05-08T13:11:58.382+0000] {dagbag.py:545} INFO - Filling up the DagBag from /home/denys/airflow_venv/lib/python3.12/site-packages/airflow/example_dags/example_branch_operator_decorator.py
[2024-05-08T13:11:58.383+0000] {processor.py:842} WARNING - No viable dags retrieved from /home/denys/airflow_venv/lib/python3.12/site-packages/airflow/example_dags/example_branch_operator_decorator.py
[2024-05-08T13:11:58.389+0000] {processor.py:183} INFO - Processing /home/denys/airflow_venv/lib/python3.12/site-packages/airflow/example_dags/example_branch_operator_decorator.py took 0.012 seconds
[2024-05-08T13:12:50.741+0000] {processor.py:161} INFO - Started process (PID=1931) to work on /home/denys/airflow_venv/lib/python3.12/site-packages/airflow/example_dags/example_branch_operator_decorator.py
[2024-05-08T13:12:50.742+0000] {processor.py:830} INFO - Processing file /home/denys/airflow_venv/lib/python3.12/site-packages/airflow/example_dags/example_branch_operator_decorator.py for tasks to queue
[2024-05-08T13:12:50.743+0000] {logging_mixin.py:188} INFO - [2024-05-08T13:12:50.743+0000] {dagbag.py:545} INFO - Filling up the DagBag from /home/denys/airflow_venv/lib/python3.12/site-packages/airflow/example_dags/example_branch_operator_decorator.py
[2024-05-08T13:12:50.745+0000] {processor.py:842} WARNING - No viable dags retrieved from /home/denys/airflow_venv/lib/python3.12/site-packages/airflow/example_dags/example_branch_operator_decorator.py
[2024-05-08T13:12:50.750+0000] {processor.py:183} INFO - Processing /home/denys/airflow_venv/lib/python3.12/site-packages/airflow/example_dags/example_branch_operator_decorator.py took 0.013 seconds
[2024-05-08T13:13:43.439+0000] {processor.py:161} INFO - Started process (PID=1983) to work on /home/denys/airflow_venv/lib/python3.12/site-packages/airflow/example_dags/example_branch_operator_decorator.py
[2024-05-08T13:13:43.441+0000] {processor.py:830} INFO - Processing file /home/denys/airflow_venv/lib/python3.12/site-packages/airflow/example_dags/example_branch_operator_decorator.py for tasks to queue
[2024-05-08T13:13:43.442+0000] {logging_mixin.py:188} INFO - [2024-05-08T13:13:43.442+0000] {dagbag.py:545} INFO - Filling up the DagBag from /home/denys/airflow_venv/lib/python3.12/site-packages/airflow/example_dags/example_branch_operator_decorator.py
[2024-05-08T13:13:43.444+0000] {processor.py:842} WARNING - No viable dags retrieved from /home/denys/airflow_venv/lib/python3.12/site-packages/airflow/example_dags/example_branch_operator_decorator.py
[2024-05-08T13:13:43.450+0000] {processor.py:183} INFO - Processing /home/denys/airflow_venv/lib/python3.12/site-packages/airflow/example_dags/example_branch_operator_decorator.py took 0.013 seconds
[2024-05-08T13:14:27.668+0000] {processor.py:161} INFO - Started process (PID=2029) to work on /home/denys/airflow_venv/lib/python3.12/site-packages/airflow/example_dags/example_branch_operator_decorator.py
[2024-05-08T13:14:27.670+0000] {processor.py:830} INFO - Processing file /home/denys/airflow_venv/lib/python3.12/site-packages/airflow/example_dags/example_branch_operator_decorator.py for tasks to queue
[2024-05-08T13:14:27.671+0000] {logging_mixin.py:188} INFO - [2024-05-08T13:14:27.670+0000] {dagbag.py:545} INFO - Filling up the DagBag from /home/denys/airflow_venv/lib/python3.12/site-packages/airflow/example_dags/example_branch_operator_decorator.py
[2024-05-08T13:14:27.672+0000] {processor.py:842} WARNING - No viable dags retrieved from /home/denys/airflow_venv/lib/python3.12/site-packages/airflow/example_dags/example_branch_operator_decorator.py
[2024-05-08T13:14:27.679+0000] {processor.py:183} INFO - Processing /home/denys/airflow_venv/lib/python3.12/site-packages/airflow/example_dags/example_branch_operator_decorator.py took 0.014 seconds
[2024-05-08T13:15:10.249+0000] {processor.py:161} INFO - Started process (PID=2076) to work on /home/denys/airflow_venv/lib/python3.12/site-packages/airflow/example_dags/example_branch_operator_decorator.py
[2024-05-08T13:15:10.250+0000] {processor.py:830} INFO - Processing file /home/denys/airflow_venv/lib/python3.12/site-packages/airflow/example_dags/example_branch_operator_decorator.py for tasks to queue
[2024-05-08T13:15:10.251+0000] {logging_mixin.py:188} INFO - [2024-05-08T13:15:10.251+0000] {dagbag.py:545} INFO - Filling up the DagBag from /home/denys/airflow_venv/lib/python3.12/site-packages/airflow/example_dags/example_branch_operator_decorator.py
[2024-05-08T13:15:10.252+0000] {processor.py:842} WARNING - No viable dags retrieved from /home/denys/airflow_venv/lib/python3.12/site-packages/airflow/example_dags/example_branch_operator_decorator.py
[2024-05-08T13:15:10.259+0000] {processor.py:183} INFO - Processing /home/denys/airflow_venv/lib/python3.12/site-packages/airflow/example_dags/example_branch_operator_decorator.py took 0.013 seconds
[2024-05-08T13:15:53.082+0000] {processor.py:161} INFO - Started process (PID=2119) to work on /home/denys/airflow_venv/lib/python3.12/site-packages/airflow/example_dags/example_branch_operator_decorator.py
[2024-05-08T13:15:53.083+0000] {processor.py:830} INFO - Processing file /home/denys/airflow_venv/lib/python3.12/site-packages/airflow/example_dags/example_branch_operator_decorator.py for tasks to queue
[2024-05-08T13:15:53.084+0000] {logging_mixin.py:188} INFO - [2024-05-08T13:15:53.084+0000] {dagbag.py:545} INFO - Filling up the DagBag from /home/denys/airflow_venv/lib/python3.12/site-packages/airflow/example_dags/example_branch_operator_decorator.py
[2024-05-08T13:15:53.086+0000] {processor.py:842} WARNING - No viable dags retrieved from /home/denys/airflow_venv/lib/python3.12/site-packages/airflow/example_dags/example_branch_operator_decorator.py
[2024-05-08T13:15:53.092+0000] {processor.py:183} INFO - Processing /home/denys/airflow_venv/lib/python3.12/site-packages/airflow/example_dags/example_branch_operator_decorator.py took 0.014 seconds
[2024-05-08T13:16:35.498+0000] {processor.py:161} INFO - Started process (PID=2163) to work on /home/denys/airflow_venv/lib/python3.12/site-packages/airflow/example_dags/example_branch_operator_decorator.py
[2024-05-08T13:16:35.500+0000] {processor.py:830} INFO - Processing file /home/denys/airflow_venv/lib/python3.12/site-packages/airflow/example_dags/example_branch_operator_decorator.py for tasks to queue
[2024-05-08T13:16:35.501+0000] {logging_mixin.py:188} INFO - [2024-05-08T13:16:35.500+0000] {dagbag.py:545} INFO - Filling up the DagBag from /home/denys/airflow_venv/lib/python3.12/site-packages/airflow/example_dags/example_branch_operator_decorator.py
[2024-05-08T13:16:35.502+0000] {processor.py:842} WARNING - No viable dags retrieved from /home/denys/airflow_venv/lib/python3.12/site-packages/airflow/example_dags/example_branch_operator_decorator.py
[2024-05-08T13:16:35.508+0000] {processor.py:183} INFO - Processing /home/denys/airflow_venv/lib/python3.12/site-packages/airflow/example_dags/example_branch_operator_decorator.py took 0.014 seconds
[2024-05-08T13:17:17.925+0000] {processor.py:161} INFO - Started process (PID=2210) to work on /home/denys/airflow_venv/lib/python3.12/site-packages/airflow/example_dags/example_branch_operator_decorator.py
[2024-05-08T13:17:17.927+0000] {processor.py:830} INFO - Processing file /home/denys/airflow_venv/lib/python3.12/site-packages/airflow/example_dags/example_branch_operator_decorator.py for tasks to queue
[2024-05-08T13:17:17.929+0000] {logging_mixin.py:188} INFO - [2024-05-08T13:17:17.928+0000] {dagbag.py:545} INFO - Filling up the DagBag from /home/denys/airflow_venv/lib/python3.12/site-packages/airflow/example_dags/example_branch_operator_decorator.py
[2024-05-08T13:17:17.930+0000] {processor.py:842} WARNING - No viable dags retrieved from /home/denys/airflow_venv/lib/python3.12/site-packages/airflow/example_dags/example_branch_operator_decorator.py
[2024-05-08T13:17:17.938+0000] {processor.py:183} INFO - Processing /home/denys/airflow_venv/lib/python3.12/site-packages/airflow/example_dags/example_branch_operator_decorator.py took 0.016 seconds
[2024-05-08T13:18:00.901+0000] {processor.py:161} INFO - Started process (PID=2256) to work on /home/denys/airflow_venv/lib/python3.12/site-packages/airflow/example_dags/example_branch_operator_decorator.py
[2024-05-08T13:18:00.903+0000] {processor.py:830} INFO - Processing file /home/denys/airflow_venv/lib/python3.12/site-packages/airflow/example_dags/example_branch_operator_decorator.py for tasks to queue
[2024-05-08T13:18:00.904+0000] {logging_mixin.py:188} INFO - [2024-05-08T13:18:00.903+0000] {dagbag.py:545} INFO - Filling up the DagBag from /home/denys/airflow_venv/lib/python3.12/site-packages/airflow/example_dags/example_branch_operator_decorator.py
[2024-05-08T13:18:00.905+0000] {processor.py:842} WARNING - No viable dags retrieved from /home/denys/airflow_venv/lib/python3.12/site-packages/airflow/example_dags/example_branch_operator_decorator.py
[2024-05-08T13:18:00.912+0000] {processor.py:183} INFO - Processing /home/denys/airflow_venv/lib/python3.12/site-packages/airflow/example_dags/example_branch_operator_decorator.py took 0.015 seconds
[2024-05-08T13:19:27.435+0000] {processor.py:161} INFO - Started process (PID=2330) to work on /home/denys/airflow_venv/lib/python3.12/site-packages/airflow/example_dags/example_branch_operator_decorator.py
[2024-05-08T13:19:27.441+0000] {processor.py:830} INFO - Processing file /home/denys/airflow_venv/lib/python3.12/site-packages/airflow/example_dags/example_branch_operator_decorator.py for tasks to queue
[2024-05-08T13:19:27.442+0000] {logging_mixin.py:188} INFO - [2024-05-08T13:19:27.442+0000] {dagbag.py:545} INFO - Filling up the DagBag from /home/denys/airflow_venv/lib/python3.12/site-packages/airflow/example_dags/example_branch_operator_decorator.py
[2024-05-08T13:19:27.443+0000] {processor.py:842} WARNING - No viable dags retrieved from /home/denys/airflow_venv/lib/python3.12/site-packages/airflow/example_dags/example_branch_operator_decorator.py
[2024-05-08T13:19:27.450+0000] {processor.py:183} INFO - Processing /home/denys/airflow_venv/lib/python3.12/site-packages/airflow/example_dags/example_branch_operator_decorator.py took 0.019 seconds
[2024-05-08T13:20:18.227+0000] {processor.py:161} INFO - Started process (PID=2387) to work on /home/denys/airflow_venv/lib/python3.12/site-packages/airflow/example_dags/example_branch_operator_decorator.py
[2024-05-08T13:20:18.229+0000] {processor.py:830} INFO - Processing file /home/denys/airflow_venv/lib/python3.12/site-packages/airflow/example_dags/example_branch_operator_decorator.py for tasks to queue
[2024-05-08T13:20:18.230+0000] {logging_mixin.py:188} INFO - [2024-05-08T13:20:18.229+0000] {dagbag.py:545} INFO - Filling up the DagBag from /home/denys/airflow_venv/lib/python3.12/site-packages/airflow/example_dags/example_branch_operator_decorator.py
[2024-05-08T13:20:18.232+0000] {processor.py:842} WARNING - No viable dags retrieved from /home/denys/airflow_venv/lib/python3.12/site-packages/airflow/example_dags/example_branch_operator_decorator.py
[2024-05-08T13:20:18.239+0000] {processor.py:183} INFO - Processing /home/denys/airflow_venv/lib/python3.12/site-packages/airflow/example_dags/example_branch_operator_decorator.py took 0.015 seconds
[2024-05-08T13:21:09.219+0000] {processor.py:161} INFO - Started process (PID=2439) to work on /home/denys/airflow_venv/lib/python3.12/site-packages/airflow/example_dags/example_branch_operator_decorator.py
[2024-05-08T13:21:09.220+0000] {processor.py:830} INFO - Processing file /home/denys/airflow_venv/lib/python3.12/site-packages/airflow/example_dags/example_branch_operator_decorator.py for tasks to queue
[2024-05-08T13:21:09.221+0000] {logging_mixin.py:188} INFO - [2024-05-08T13:21:09.221+0000] {dagbag.py:545} INFO - Filling up the DagBag from /home/denys/airflow_venv/lib/python3.12/site-packages/airflow/example_dags/example_branch_operator_decorator.py
[2024-05-08T13:21:09.223+0000] {processor.py:842} WARNING - No viable dags retrieved from /home/denys/airflow_venv/lib/python3.12/site-packages/airflow/example_dags/example_branch_operator_decorator.py
[2024-05-08T13:21:09.229+0000] {processor.py:183} INFO - Processing /home/denys/airflow_venv/lib/python3.12/site-packages/airflow/example_dags/example_branch_operator_decorator.py took 0.013 seconds
[2024-05-08T13:21:52.280+0000] {processor.py:161} INFO - Started process (PID=2481) to work on /home/denys/airflow_venv/lib/python3.12/site-packages/airflow/example_dags/example_branch_operator_decorator.py
[2024-05-08T13:21:52.282+0000] {processor.py:830} INFO - Processing file /home/denys/airflow_venv/lib/python3.12/site-packages/airflow/example_dags/example_branch_operator_decorator.py for tasks to queue
[2024-05-08T13:21:52.283+0000] {logging_mixin.py:188} INFO - [2024-05-08T13:21:52.282+0000] {dagbag.py:545} INFO - Filling up the DagBag from /home/denys/airflow_venv/lib/python3.12/site-packages/airflow/example_dags/example_branch_operator_decorator.py
[2024-05-08T13:21:52.284+0000] {processor.py:842} WARNING - No viable dags retrieved from /home/denys/airflow_venv/lib/python3.12/site-packages/airflow/example_dags/example_branch_operator_decorator.py
[2024-05-08T13:21:52.291+0000] {processor.py:183} INFO - Processing /home/denys/airflow_venv/lib/python3.12/site-packages/airflow/example_dags/example_branch_operator_decorator.py took 0.014 seconds
[2024-05-08T13:22:37.231+0000] {processor.py:161} INFO - Started process (PID=2527) to work on /home/denys/airflow_venv/lib/python3.12/site-packages/airflow/example_dags/example_branch_operator_decorator.py
[2024-05-08T13:22:37.233+0000] {processor.py:830} INFO - Processing file /home/denys/airflow_venv/lib/python3.12/site-packages/airflow/example_dags/example_branch_operator_decorator.py for tasks to queue
[2024-05-08T13:22:37.233+0000] {logging_mixin.py:188} INFO - [2024-05-08T13:22:37.233+0000] {dagbag.py:545} INFO - Filling up the DagBag from /home/denys/airflow_venv/lib/python3.12/site-packages/airflow/example_dags/example_branch_operator_decorator.py
[2024-05-08T13:22:37.235+0000] {processor.py:842} WARNING - No viable dags retrieved from /home/denys/airflow_venv/lib/python3.12/site-packages/airflow/example_dags/example_branch_operator_decorator.py
[2024-05-08T13:22:37.241+0000] {processor.py:183} INFO - Processing /home/denys/airflow_venv/lib/python3.12/site-packages/airflow/example_dags/example_branch_operator_decorator.py took 0.013 seconds
[2024-05-08T13:23:18.439+0000] {processor.py:161} INFO - Started process (PID=2572) to work on /home/denys/airflow_venv/lib/python3.12/site-packages/airflow/example_dags/example_branch_operator_decorator.py
[2024-05-08T13:23:18.440+0000] {processor.py:830} INFO - Processing file /home/denys/airflow_venv/lib/python3.12/site-packages/airflow/example_dags/example_branch_operator_decorator.py for tasks to queue
[2024-05-08T13:23:18.441+0000] {logging_mixin.py:188} INFO - [2024-05-08T13:23:18.441+0000] {dagbag.py:545} INFO - Filling up the DagBag from /home/denys/airflow_venv/lib/python3.12/site-packages/airflow/example_dags/example_branch_operator_decorator.py
[2024-05-08T13:23:18.443+0000] {processor.py:842} WARNING - No viable dags retrieved from /home/denys/airflow_venv/lib/python3.12/site-packages/airflow/example_dags/example_branch_operator_decorator.py
[2024-05-08T13:23:18.450+0000] {processor.py:183} INFO - Processing /home/denys/airflow_venv/lib/python3.12/site-packages/airflow/example_dags/example_branch_operator_decorator.py took 0.014 seconds
[2024-05-08T13:23:59.709+0000] {processor.py:161} INFO - Started process (PID=2684) to work on /home/denys/airflow_venv/lib/python3.12/site-packages/airflow/example_dags/example_branch_operator_decorator.py
[2024-05-08T13:23:59.710+0000] {processor.py:830} INFO - Processing file /home/denys/airflow_venv/lib/python3.12/site-packages/airflow/example_dags/example_branch_operator_decorator.py for tasks to queue
[2024-05-08T13:23:59.711+0000] {logging_mixin.py:188} INFO - [2024-05-08T13:23:59.711+0000] {dagbag.py:545} INFO - Filling up the DagBag from /home/denys/airflow_venv/lib/python3.12/site-packages/airflow/example_dags/example_branch_operator_decorator.py
[2024-05-08T13:23:59.713+0000] {processor.py:842} WARNING - No viable dags retrieved from /home/denys/airflow_venv/lib/python3.12/site-packages/airflow/example_dags/example_branch_operator_decorator.py
[2024-05-08T13:23:59.720+0000] {processor.py:183} INFO - Processing /home/denys/airflow_venv/lib/python3.12/site-packages/airflow/example_dags/example_branch_operator_decorator.py took 0.014 seconds
[2024-05-08T13:24:56.836+0000] {processor.py:161} INFO - Started process (PID=2748) to work on /home/denys/airflow_venv/lib/python3.12/site-packages/airflow/example_dags/example_branch_operator_decorator.py
[2024-05-08T13:24:56.837+0000] {processor.py:830} INFO - Processing file /home/denys/airflow_venv/lib/python3.12/site-packages/airflow/example_dags/example_branch_operator_decorator.py for tasks to queue
[2024-05-08T13:24:56.838+0000] {logging_mixin.py:188} INFO - [2024-05-08T13:24:56.838+0000] {dagbag.py:545} INFO - Filling up the DagBag from /home/denys/airflow_venv/lib/python3.12/site-packages/airflow/example_dags/example_branch_operator_decorator.py
[2024-05-08T13:24:56.840+0000] {processor.py:842} WARNING - No viable dags retrieved from /home/denys/airflow_venv/lib/python3.12/site-packages/airflow/example_dags/example_branch_operator_decorator.py
[2024-05-08T13:24:56.846+0000] {processor.py:183} INFO - Processing /home/denys/airflow_venv/lib/python3.12/site-packages/airflow/example_dags/example_branch_operator_decorator.py took 0.014 seconds
[2024-05-08T13:25:38.216+0000] {processor.py:161} INFO - Started process (PID=2796) to work on /home/denys/airflow_venv/lib/python3.12/site-packages/airflow/example_dags/example_branch_operator_decorator.py
[2024-05-08T13:25:38.217+0000] {processor.py:830} INFO - Processing file /home/denys/airflow_venv/lib/python3.12/site-packages/airflow/example_dags/example_branch_operator_decorator.py for tasks to queue
[2024-05-08T13:25:38.218+0000] {logging_mixin.py:188} INFO - [2024-05-08T13:25:38.218+0000] {dagbag.py:545} INFO - Filling up the DagBag from /home/denys/airflow_venv/lib/python3.12/site-packages/airflow/example_dags/example_branch_operator_decorator.py
[2024-05-08T13:25:38.220+0000] {processor.py:842} WARNING - No viable dags retrieved from /home/denys/airflow_venv/lib/python3.12/site-packages/airflow/example_dags/example_branch_operator_decorator.py
[2024-05-08T13:25:38.226+0000] {processor.py:183} INFO - Processing /home/denys/airflow_venv/lib/python3.12/site-packages/airflow/example_dags/example_branch_operator_decorator.py took 0.014 seconds
[2024-05-08T13:26:39.506+0000] {processor.py:161} INFO - Started process (PID=2859) to work on /home/denys/airflow_venv/lib/python3.12/site-packages/airflow/example_dags/example_branch_operator_decorator.py
[2024-05-08T13:26:39.508+0000] {processor.py:830} INFO - Processing file /home/denys/airflow_venv/lib/python3.12/site-packages/airflow/example_dags/example_branch_operator_decorator.py for tasks to queue
[2024-05-08T13:26:39.509+0000] {logging_mixin.py:188} INFO - [2024-05-08T13:26:39.509+0000] {dagbag.py:545} INFO - Filling up the DagBag from /home/denys/airflow_venv/lib/python3.12/site-packages/airflow/example_dags/example_branch_operator_decorator.py
[2024-05-08T13:26:39.511+0000] {processor.py:842} WARNING - No viable dags retrieved from /home/denys/airflow_venv/lib/python3.12/site-packages/airflow/example_dags/example_branch_operator_decorator.py
[2024-05-08T13:26:39.517+0000] {processor.py:183} INFO - Processing /home/denys/airflow_venv/lib/python3.12/site-packages/airflow/example_dags/example_branch_operator_decorator.py took 0.013 seconds
[2024-05-08T13:27:22.414+0000] {processor.py:161} INFO - Started process (PID=2904) to work on /home/denys/airflow_venv/lib/python3.12/site-packages/airflow/example_dags/example_branch_operator_decorator.py
[2024-05-08T13:27:22.415+0000] {processor.py:830} INFO - Processing file /home/denys/airflow_venv/lib/python3.12/site-packages/airflow/example_dags/example_branch_operator_decorator.py for tasks to queue
[2024-05-08T13:27:22.416+0000] {logging_mixin.py:188} INFO - [2024-05-08T13:27:22.416+0000] {dagbag.py:545} INFO - Filling up the DagBag from /home/denys/airflow_venv/lib/python3.12/site-packages/airflow/example_dags/example_branch_operator_decorator.py
[2024-05-08T13:27:22.417+0000] {processor.py:842} WARNING - No viable dags retrieved from /home/denys/airflow_venv/lib/python3.12/site-packages/airflow/example_dags/example_branch_operator_decorator.py
[2024-05-08T13:27:22.424+0000] {processor.py:183} INFO - Processing /home/denys/airflow_venv/lib/python3.12/site-packages/airflow/example_dags/example_branch_operator_decorator.py took 0.014 seconds
[2024-05-08T13:28:06.446+0000] {processor.py:161} INFO - Started process (PID=2949) to work on /home/denys/airflow_venv/lib/python3.12/site-packages/airflow/example_dags/example_branch_operator_decorator.py
[2024-05-08T13:28:06.447+0000] {processor.py:830} INFO - Processing file /home/denys/airflow_venv/lib/python3.12/site-packages/airflow/example_dags/example_branch_operator_decorator.py for tasks to queue
[2024-05-08T13:28:06.448+0000] {logging_mixin.py:188} INFO - [2024-05-08T13:28:06.448+0000] {dagbag.py:545} INFO - Filling up the DagBag from /home/denys/airflow_venv/lib/python3.12/site-packages/airflow/example_dags/example_branch_operator_decorator.py
[2024-05-08T13:28:06.450+0000] {processor.py:842} WARNING - No viable dags retrieved from /home/denys/airflow_venv/lib/python3.12/site-packages/airflow/example_dags/example_branch_operator_decorator.py
[2024-05-08T13:28:06.458+0000] {processor.py:183} INFO - Processing /home/denys/airflow_venv/lib/python3.12/site-packages/airflow/example_dags/example_branch_operator_decorator.py took 0.017 seconds
[2024-05-08T13:28:49.736+0000] {processor.py:161} INFO - Started process (PID=2994) to work on /home/denys/airflow_venv/lib/python3.12/site-packages/airflow/example_dags/example_branch_operator_decorator.py
[2024-05-08T13:28:49.737+0000] {processor.py:830} INFO - Processing file /home/denys/airflow_venv/lib/python3.12/site-packages/airflow/example_dags/example_branch_operator_decorator.py for tasks to queue
[2024-05-08T13:28:49.738+0000] {logging_mixin.py:188} INFO - [2024-05-08T13:28:49.738+0000] {dagbag.py:545} INFO - Filling up the DagBag from /home/denys/airflow_venv/lib/python3.12/site-packages/airflow/example_dags/example_branch_operator_decorator.py
[2024-05-08T13:28:49.740+0000] {processor.py:842} WARNING - No viable dags retrieved from /home/denys/airflow_venv/lib/python3.12/site-packages/airflow/example_dags/example_branch_operator_decorator.py
[2024-05-08T13:28:49.747+0000] {processor.py:183} INFO - Processing /home/denys/airflow_venv/lib/python3.12/site-packages/airflow/example_dags/example_branch_operator_decorator.py took 0.014 seconds
[2024-05-08T13:29:28.253+0000] {processor.py:161} INFO - Started process (PID=3092) to work on /home/denys/airflow_venv/lib/python3.12/site-packages/airflow/example_dags/example_branch_operator_decorator.py
[2024-05-08T13:29:28.254+0000] {processor.py:830} INFO - Processing file /home/denys/airflow_venv/lib/python3.12/site-packages/airflow/example_dags/example_branch_operator_decorator.py for tasks to queue
[2024-05-08T13:29:28.255+0000] {logging_mixin.py:188} INFO - [2024-05-08T13:29:28.255+0000] {dagbag.py:545} INFO - Filling up the DagBag from /home/denys/airflow_venv/lib/python3.12/site-packages/airflow/example_dags/example_branch_operator_decorator.py
[2024-05-08T13:29:28.257+0000] {processor.py:842} WARNING - No viable dags retrieved from /home/denys/airflow_venv/lib/python3.12/site-packages/airflow/example_dags/example_branch_operator_decorator.py
[2024-05-08T13:29:28.263+0000] {processor.py:183} INFO - Processing /home/denys/airflow_venv/lib/python3.12/site-packages/airflow/example_dags/example_branch_operator_decorator.py took 0.014 seconds
[2024-05-08T13:30:27.242+0000] {processor.py:161} INFO - Started process (PID=3156) to work on /home/denys/airflow_venv/lib/python3.12/site-packages/airflow/example_dags/example_branch_operator_decorator.py
[2024-05-08T13:30:27.249+0000] {processor.py:830} INFO - Processing file /home/denys/airflow_venv/lib/python3.12/site-packages/airflow/example_dags/example_branch_operator_decorator.py for tasks to queue
[2024-05-08T13:30:27.251+0000] {logging_mixin.py:188} INFO - [2024-05-08T13:30:27.250+0000] {dagbag.py:545} INFO - Filling up the DagBag from /home/denys/airflow_venv/lib/python3.12/site-packages/airflow/example_dags/example_branch_operator_decorator.py
[2024-05-08T13:30:27.252+0000] {processor.py:842} WARNING - No viable dags retrieved from /home/denys/airflow_venv/lib/python3.12/site-packages/airflow/example_dags/example_branch_operator_decorator.py
[2024-05-08T13:30:27.259+0000] {processor.py:183} INFO - Processing /home/denys/airflow_venv/lib/python3.12/site-packages/airflow/example_dags/example_branch_operator_decorator.py took 0.020 seconds
[2024-05-08T13:31:08.768+0000] {processor.py:161} INFO - Started process (PID=3199) to work on /home/denys/airflow_venv/lib/python3.12/site-packages/airflow/example_dags/example_branch_operator_decorator.py
[2024-05-08T13:31:08.769+0000] {processor.py:830} INFO - Processing file /home/denys/airflow_venv/lib/python3.12/site-packages/airflow/example_dags/example_branch_operator_decorator.py for tasks to queue
[2024-05-08T13:31:08.770+0000] {logging_mixin.py:188} INFO - [2024-05-08T13:31:08.770+0000] {dagbag.py:545} INFO - Filling up the DagBag from /home/denys/airflow_venv/lib/python3.12/site-packages/airflow/example_dags/example_branch_operator_decorator.py
[2024-05-08T13:31:08.771+0000] {processor.py:842} WARNING - No viable dags retrieved from /home/denys/airflow_venv/lib/python3.12/site-packages/airflow/example_dags/example_branch_operator_decorator.py
[2024-05-08T13:31:08.777+0000] {processor.py:183} INFO - Processing /home/denys/airflow_venv/lib/python3.12/site-packages/airflow/example_dags/example_branch_operator_decorator.py took 0.013 seconds
[2024-05-08T13:31:49.716+0000] {processor.py:161} INFO - Started process (PID=3241) to work on /home/denys/airflow_venv/lib/python3.12/site-packages/airflow/example_dags/example_branch_operator_decorator.py
[2024-05-08T13:31:49.716+0000] {processor.py:830} INFO - Processing file /home/denys/airflow_venv/lib/python3.12/site-packages/airflow/example_dags/example_branch_operator_decorator.py for tasks to queue
[2024-05-08T13:31:49.717+0000] {logging_mixin.py:188} INFO - [2024-05-08T13:31:49.717+0000] {dagbag.py:545} INFO - Filling up the DagBag from /home/denys/airflow_venv/lib/python3.12/site-packages/airflow/example_dags/example_branch_operator_decorator.py
[2024-05-08T13:31:49.719+0000] {processor.py:842} WARNING - No viable dags retrieved from /home/denys/airflow_venv/lib/python3.12/site-packages/airflow/example_dags/example_branch_operator_decorator.py
[2024-05-08T13:31:49.726+0000] {processor.py:183} INFO - Processing /home/denys/airflow_venv/lib/python3.12/site-packages/airflow/example_dags/example_branch_operator_decorator.py took 0.014 seconds
[2024-05-08T13:32:32.880+0000] {processor.py:161} INFO - Started process (PID=3285) to work on /home/denys/airflow_venv/lib/python3.12/site-packages/airflow/example_dags/example_branch_operator_decorator.py
[2024-05-08T13:32:32.881+0000] {processor.py:830} INFO - Processing file /home/denys/airflow_venv/lib/python3.12/site-packages/airflow/example_dags/example_branch_operator_decorator.py for tasks to queue
[2024-05-08T13:32:32.882+0000] {logging_mixin.py:188} INFO - [2024-05-08T13:32:32.881+0000] {dagbag.py:545} INFO - Filling up the DagBag from /home/denys/airflow_venv/lib/python3.12/site-packages/airflow/example_dags/example_branch_operator_decorator.py
[2024-05-08T13:32:32.883+0000] {processor.py:842} WARNING - No viable dags retrieved from /home/denys/airflow_venv/lib/python3.12/site-packages/airflow/example_dags/example_branch_operator_decorator.py
[2024-05-08T13:32:32.889+0000] {processor.py:183} INFO - Processing /home/denys/airflow_venv/lib/python3.12/site-packages/airflow/example_dags/example_branch_operator_decorator.py took 0.013 seconds
[2024-05-08T13:33:16.912+0000] {processor.py:161} INFO - Started process (PID=3329) to work on /home/denys/airflow_venv/lib/python3.12/site-packages/airflow/example_dags/example_branch_operator_decorator.py
[2024-05-08T13:33:16.913+0000] {processor.py:830} INFO - Processing file /home/denys/airflow_venv/lib/python3.12/site-packages/airflow/example_dags/example_branch_operator_decorator.py for tasks to queue
[2024-05-08T13:33:16.915+0000] {logging_mixin.py:188} INFO - [2024-05-08T13:33:16.914+0000] {dagbag.py:545} INFO - Filling up the DagBag from /home/denys/airflow_venv/lib/python3.12/site-packages/airflow/example_dags/example_branch_operator_decorator.py
[2024-05-08T13:33:16.916+0000] {processor.py:842} WARNING - No viable dags retrieved from /home/denys/airflow_venv/lib/python3.12/site-packages/airflow/example_dags/example_branch_operator_decorator.py
[2024-05-08T13:33:16.923+0000] {processor.py:183} INFO - Processing /home/denys/airflow_venv/lib/python3.12/site-packages/airflow/example_dags/example_branch_operator_decorator.py took 0.015 seconds
[2024-05-08T13:34:00.044+0000] {processor.py:161} INFO - Started process (PID=3377) to work on /home/denys/airflow_venv/lib/python3.12/site-packages/airflow/example_dags/example_branch_operator_decorator.py
[2024-05-08T13:34:00.046+0000] {processor.py:830} INFO - Processing file /home/denys/airflow_venv/lib/python3.12/site-packages/airflow/example_dags/example_branch_operator_decorator.py for tasks to queue
[2024-05-08T13:34:00.047+0000] {logging_mixin.py:188} INFO - [2024-05-08T13:34:00.046+0000] {dagbag.py:545} INFO - Filling up the DagBag from /home/denys/airflow_venv/lib/python3.12/site-packages/airflow/example_dags/example_branch_operator_decorator.py
[2024-05-08T13:34:00.048+0000] {processor.py:842} WARNING - No viable dags retrieved from /home/denys/airflow_venv/lib/python3.12/site-packages/airflow/example_dags/example_branch_operator_decorator.py
[2024-05-08T13:34:00.055+0000] {processor.py:183} INFO - Processing /home/denys/airflow_venv/lib/python3.12/site-packages/airflow/example_dags/example_branch_operator_decorator.py took 0.016 seconds
[2024-05-08T13:34:41.791+0000] {processor.py:161} INFO - Started process (PID=3420) to work on /home/denys/airflow_venv/lib/python3.12/site-packages/airflow/example_dags/example_branch_operator_decorator.py
[2024-05-08T13:34:41.792+0000] {processor.py:830} INFO - Processing file /home/denys/airflow_venv/lib/python3.12/site-packages/airflow/example_dags/example_branch_operator_decorator.py for tasks to queue
[2024-05-08T13:34:41.793+0000] {logging_mixin.py:188} INFO - [2024-05-08T13:34:41.793+0000] {dagbag.py:545} INFO - Filling up the DagBag from /home/denys/airflow_venv/lib/python3.12/site-packages/airflow/example_dags/example_branch_operator_decorator.py
[2024-05-08T13:34:41.794+0000] {processor.py:842} WARNING - No viable dags retrieved from /home/denys/airflow_venv/lib/python3.12/site-packages/airflow/example_dags/example_branch_operator_decorator.py
[2024-05-08T13:34:41.801+0000] {processor.py:183} INFO - Processing /home/denys/airflow_venv/lib/python3.12/site-packages/airflow/example_dags/example_branch_operator_decorator.py took 0.013 seconds
[2024-05-08T13:35:22.416+0000] {processor.py:161} INFO - Started process (PID=3466) to work on /home/denys/airflow_venv/lib/python3.12/site-packages/airflow/example_dags/example_branch_operator_decorator.py
[2024-05-08T13:35:22.417+0000] {processor.py:830} INFO - Processing file /home/denys/airflow_venv/lib/python3.12/site-packages/airflow/example_dags/example_branch_operator_decorator.py for tasks to queue
[2024-05-08T13:35:22.419+0000] {logging_mixin.py:188} INFO - [2024-05-08T13:35:22.418+0000] {dagbag.py:545} INFO - Filling up the DagBag from /home/denys/airflow_venv/lib/python3.12/site-packages/airflow/example_dags/example_branch_operator_decorator.py
[2024-05-08T13:35:22.420+0000] {processor.py:842} WARNING - No viable dags retrieved from /home/denys/airflow_venv/lib/python3.12/site-packages/airflow/example_dags/example_branch_operator_decorator.py
[2024-05-08T13:35:22.427+0000] {processor.py:183} INFO - Processing /home/denys/airflow_venv/lib/python3.12/site-packages/airflow/example_dags/example_branch_operator_decorator.py took 0.014 seconds
[2024-05-08T13:36:23.319+0000] {processor.py:161} INFO - Started process (PID=3528) to work on /home/denys/airflow_venv/lib/python3.12/site-packages/airflow/example_dags/example_branch_operator_decorator.py
[2024-05-08T13:36:23.321+0000] {processor.py:830} INFO - Processing file /home/denys/airflow_venv/lib/python3.12/site-packages/airflow/example_dags/example_branch_operator_decorator.py for tasks to queue
[2024-05-08T13:36:23.322+0000] {logging_mixin.py:188} INFO - [2024-05-08T13:36:23.322+0000] {dagbag.py:545} INFO - Filling up the DagBag from /home/denys/airflow_venv/lib/python3.12/site-packages/airflow/example_dags/example_branch_operator_decorator.py
[2024-05-08T13:36:23.323+0000] {processor.py:842} WARNING - No viable dags retrieved from /home/denys/airflow_venv/lib/python3.12/site-packages/airflow/example_dags/example_branch_operator_decorator.py
[2024-05-08T13:36:23.330+0000] {processor.py:183} INFO - Processing /home/denys/airflow_venv/lib/python3.12/site-packages/airflow/example_dags/example_branch_operator_decorator.py took 0.015 seconds
[2024-05-08T13:37:05.175+0000] {processor.py:161} INFO - Started process (PID=3572) to work on /home/denys/airflow_venv/lib/python3.12/site-packages/airflow/example_dags/example_branch_operator_decorator.py
[2024-05-08T13:37:05.178+0000] {processor.py:830} INFO - Processing file /home/denys/airflow_venv/lib/python3.12/site-packages/airflow/example_dags/example_branch_operator_decorator.py for tasks to queue
[2024-05-08T13:37:05.179+0000] {logging_mixin.py:188} INFO - [2024-05-08T13:37:05.179+0000] {dagbag.py:545} INFO - Filling up the DagBag from /home/denys/airflow_venv/lib/python3.12/site-packages/airflow/example_dags/example_branch_operator_decorator.py
[2024-05-08T13:37:05.181+0000] {processor.py:842} WARNING - No viable dags retrieved from /home/denys/airflow_venv/lib/python3.12/site-packages/airflow/example_dags/example_branch_operator_decorator.py
[2024-05-08T13:37:05.188+0000] {processor.py:183} INFO - Processing /home/denys/airflow_venv/lib/python3.12/site-packages/airflow/example_dags/example_branch_operator_decorator.py took 0.018 seconds
[2024-05-08T13:37:50.563+0000] {processor.py:161} INFO - Started process (PID=3618) to work on /home/denys/airflow_venv/lib/python3.12/site-packages/airflow/example_dags/example_branch_operator_decorator.py
[2024-05-08T13:37:50.564+0000] {processor.py:830} INFO - Processing file /home/denys/airflow_venv/lib/python3.12/site-packages/airflow/example_dags/example_branch_operator_decorator.py for tasks to queue
[2024-05-08T13:37:50.565+0000] {logging_mixin.py:188} INFO - [2024-05-08T13:37:50.564+0000] {dagbag.py:545} INFO - Filling up the DagBag from /home/denys/airflow_venv/lib/python3.12/site-packages/airflow/example_dags/example_branch_operator_decorator.py
[2024-05-08T13:37:50.566+0000] {processor.py:842} WARNING - No viable dags retrieved from /home/denys/airflow_venv/lib/python3.12/site-packages/airflow/example_dags/example_branch_operator_decorator.py
[2024-05-08T13:37:50.572+0000] {processor.py:183} INFO - Processing /home/denys/airflow_venv/lib/python3.12/site-packages/airflow/example_dags/example_branch_operator_decorator.py took 0.013 seconds
[2024-05-08T13:38:37.208+0000] {processor.py:161} INFO - Started process (PID=3666) to work on /home/denys/airflow_venv/lib/python3.12/site-packages/airflow/example_dags/example_branch_operator_decorator.py
[2024-05-08T13:38:37.209+0000] {processor.py:830} INFO - Processing file /home/denys/airflow_venv/lib/python3.12/site-packages/airflow/example_dags/example_branch_operator_decorator.py for tasks to queue
[2024-05-08T13:38:37.210+0000] {logging_mixin.py:188} INFO - [2024-05-08T13:38:37.210+0000] {dagbag.py:545} INFO - Filling up the DagBag from /home/denys/airflow_venv/lib/python3.12/site-packages/airflow/example_dags/example_branch_operator_decorator.py
[2024-05-08T13:38:37.212+0000] {processor.py:842} WARNING - No viable dags retrieved from /home/denys/airflow_venv/lib/python3.12/site-packages/airflow/example_dags/example_branch_operator_decorator.py
[2024-05-08T13:38:37.219+0000] {processor.py:183} INFO - Processing /home/denys/airflow_venv/lib/python3.12/site-packages/airflow/example_dags/example_branch_operator_decorator.py took 0.015 seconds
[2024-05-08T13:39:18.518+0000] {processor.py:161} INFO - Started process (PID=3710) to work on /home/denys/airflow_venv/lib/python3.12/site-packages/airflow/example_dags/example_branch_operator_decorator.py
[2024-05-08T13:39:18.519+0000] {processor.py:830} INFO - Processing file /home/denys/airflow_venv/lib/python3.12/site-packages/airflow/example_dags/example_branch_operator_decorator.py for tasks to queue
[2024-05-08T13:39:18.520+0000] {logging_mixin.py:188} INFO - [2024-05-08T13:39:18.520+0000] {dagbag.py:545} INFO - Filling up the DagBag from /home/denys/airflow_venv/lib/python3.12/site-packages/airflow/example_dags/example_branch_operator_decorator.py
[2024-05-08T13:39:18.521+0000] {processor.py:842} WARNING - No viable dags retrieved from /home/denys/airflow_venv/lib/python3.12/site-packages/airflow/example_dags/example_branch_operator_decorator.py
[2024-05-08T13:39:18.528+0000] {processor.py:183} INFO - Processing /home/denys/airflow_venv/lib/python3.12/site-packages/airflow/example_dags/example_branch_operator_decorator.py took 0.014 seconds
[2024-05-08T13:40:04.378+0000] {processor.py:161} INFO - Started process (PID=3753) to work on /home/denys/airflow_venv/lib/python3.12/site-packages/airflow/example_dags/example_branch_operator_decorator.py
[2024-05-08T13:40:04.379+0000] {processor.py:830} INFO - Processing file /home/denys/airflow_venv/lib/python3.12/site-packages/airflow/example_dags/example_branch_operator_decorator.py for tasks to queue
[2024-05-08T13:40:04.380+0000] {logging_mixin.py:188} INFO - [2024-05-08T13:40:04.380+0000] {dagbag.py:545} INFO - Filling up the DagBag from /home/denys/airflow_venv/lib/python3.12/site-packages/airflow/example_dags/example_branch_operator_decorator.py
[2024-05-08T13:40:04.382+0000] {processor.py:842} WARNING - No viable dags retrieved from /home/denys/airflow_venv/lib/python3.12/site-packages/airflow/example_dags/example_branch_operator_decorator.py
[2024-05-08T13:40:04.389+0000] {processor.py:183} INFO - Processing /home/denys/airflow_venv/lib/python3.12/site-packages/airflow/example_dags/example_branch_operator_decorator.py took 0.015 seconds
[2024-05-08T13:40:52.908+0000] {processor.py:161} INFO - Started process (PID=3802) to work on /home/denys/airflow_venv/lib/python3.12/site-packages/airflow/example_dags/example_branch_operator_decorator.py
[2024-05-08T13:40:52.909+0000] {processor.py:830} INFO - Processing file /home/denys/airflow_venv/lib/python3.12/site-packages/airflow/example_dags/example_branch_operator_decorator.py for tasks to queue
[2024-05-08T13:40:52.910+0000] {logging_mixin.py:188} INFO - [2024-05-08T13:40:52.910+0000] {dagbag.py:545} INFO - Filling up the DagBag from /home/denys/airflow_venv/lib/python3.12/site-packages/airflow/example_dags/example_branch_operator_decorator.py
[2024-05-08T13:40:52.912+0000] {processor.py:842} WARNING - No viable dags retrieved from /home/denys/airflow_venv/lib/python3.12/site-packages/airflow/example_dags/example_branch_operator_decorator.py
[2024-05-08T13:40:52.918+0000] {processor.py:183} INFO - Processing /home/denys/airflow_venv/lib/python3.12/site-packages/airflow/example_dags/example_branch_operator_decorator.py took 0.014 seconds
[2024-05-08T13:41:40.969+0000] {processor.py:161} INFO - Started process (PID=3850) to work on /home/denys/airflow_venv/lib/python3.12/site-packages/airflow/example_dags/example_branch_operator_decorator.py
[2024-05-08T13:41:40.970+0000] {processor.py:830} INFO - Processing file /home/denys/airflow_venv/lib/python3.12/site-packages/airflow/example_dags/example_branch_operator_decorator.py for tasks to queue
[2024-05-08T13:41:40.972+0000] {logging_mixin.py:188} INFO - [2024-05-08T13:41:40.971+0000] {dagbag.py:545} INFO - Filling up the DagBag from /home/denys/airflow_venv/lib/python3.12/site-packages/airflow/example_dags/example_branch_operator_decorator.py
[2024-05-08T13:41:40.974+0000] {processor.py:842} WARNING - No viable dags retrieved from /home/denys/airflow_venv/lib/python3.12/site-packages/airflow/example_dags/example_branch_operator_decorator.py
[2024-05-08T13:41:40.981+0000] {processor.py:183} INFO - Processing /home/denys/airflow_venv/lib/python3.12/site-packages/airflow/example_dags/example_branch_operator_decorator.py took 0.016 seconds
[2024-05-08T13:42:25.020+0000] {processor.py:161} INFO - Started process (PID=3894) to work on /home/denys/airflow_venv/lib/python3.12/site-packages/airflow/example_dags/example_branch_operator_decorator.py
[2024-05-08T13:42:25.021+0000] {processor.py:830} INFO - Processing file /home/denys/airflow_venv/lib/python3.12/site-packages/airflow/example_dags/example_branch_operator_decorator.py for tasks to queue
[2024-05-08T13:42:25.023+0000] {logging_mixin.py:188} INFO - [2024-05-08T13:42:25.022+0000] {dagbag.py:545} INFO - Filling up the DagBag from /home/denys/airflow_venv/lib/python3.12/site-packages/airflow/example_dags/example_branch_operator_decorator.py
[2024-05-08T13:42:25.024+0000] {processor.py:842} WARNING - No viable dags retrieved from /home/denys/airflow_venv/lib/python3.12/site-packages/airflow/example_dags/example_branch_operator_decorator.py
[2024-05-08T13:42:25.030+0000] {processor.py:183} INFO - Processing /home/denys/airflow_venv/lib/python3.12/site-packages/airflow/example_dags/example_branch_operator_decorator.py took 0.014 seconds
[2024-05-08T13:43:09.562+0000] {processor.py:161} INFO - Started process (PID=3940) to work on /home/denys/airflow_venv/lib/python3.12/site-packages/airflow/example_dags/example_branch_operator_decorator.py
[2024-05-08T13:43:09.563+0000] {processor.py:830} INFO - Processing file /home/denys/airflow_venv/lib/python3.12/site-packages/airflow/example_dags/example_branch_operator_decorator.py for tasks to queue
[2024-05-08T13:43:09.564+0000] {logging_mixin.py:188} INFO - [2024-05-08T13:43:09.564+0000] {dagbag.py:545} INFO - Filling up the DagBag from /home/denys/airflow_venv/lib/python3.12/site-packages/airflow/example_dags/example_branch_operator_decorator.py
[2024-05-08T13:43:09.566+0000] {processor.py:842} WARNING - No viable dags retrieved from /home/denys/airflow_venv/lib/python3.12/site-packages/airflow/example_dags/example_branch_operator_decorator.py
[2024-05-08T13:43:09.573+0000] {processor.py:183} INFO - Processing /home/denys/airflow_venv/lib/python3.12/site-packages/airflow/example_dags/example_branch_operator_decorator.py took 0.014 seconds
