[2024-05-08T13:12:10.363+0000] {processor.py:161} INFO - Started process (PID=1886) to work on /home/denys/airflow_venv/lib/python3.12/site-packages/airflow/example_dags/example_latest_only_with_trigger.py
[2024-05-08T13:12:10.363+0000] {processor.py:830} INFO - Processing file /home/denys/airflow_venv/lib/python3.12/site-packages/airflow/example_dags/example_latest_only_with_trigger.py for tasks to queue
[2024-05-08T13:12:10.364+0000] {logging_mixin.py:188} INFO - [2024-05-08T13:12:10.364+0000] {dagbag.py:545} INFO - Filling up the DagBag from /home/denys/airflow_venv/lib/python3.12/site-packages/airflow/example_dags/example_latest_only_with_trigger.py
[2024-05-08T13:12:10.368+0000] {processor.py:840} INFO - DAG(s) 'latest_only_with_trigger' retrieved from /home/denys/airflow_venv/lib/python3.12/site-packages/airflow/example_dags/example_latest_only_with_trigger.py
[2024-05-08T13:12:10.440+0000] {logging_mixin.py:188} INFO - [2024-05-08T13:12:10.440+0000] {override.py:1829} INFO - Created Permission View: can delete on DAG:latest_only_with_trigger
[2024-05-08T13:12:10.451+0000] {logging_mixin.py:188} INFO - [2024-05-08T13:12:10.451+0000] {override.py:1829} INFO - Created Permission View: can edit on DAG:latest_only_with_trigger
[2024-05-08T13:12:10.459+0000] {logging_mixin.py:188} INFO - [2024-05-08T13:12:10.459+0000] {override.py:1829} INFO - Created Permission View: can read on DAG:latest_only_with_trigger
[2024-05-08T13:12:10.460+0000] {logging_mixin.py:188} INFO - [2024-05-08T13:12:10.460+0000] {dag.py:3096} INFO - Sync 1 DAGs
[2024-05-08T13:12:10.465+0000] {logging_mixin.py:188} INFO - [2024-05-08T13:12:10.465+0000] {dag.py:3118} INFO - Creating ORM DAG for latest_only_with_trigger
[2024-05-08T13:12:10.471+0000] {logging_mixin.py:188} INFO - [2024-05-08T13:12:10.471+0000] {dag.py:3954} INFO - Setting next_dagrun for latest_only_with_trigger to 2024-05-08 08:00:00+00:00, run_after=2024-05-08 12:00:00+00:00
[2024-05-08T13:12:10.485+0000] {processor.py:183} INFO - Processing /home/denys/airflow_venv/lib/python3.12/site-packages/airflow/example_dags/example_latest_only_with_trigger.py took 0.125 seconds
[2024-05-08T13:13:02.212+0000] {processor.py:161} INFO - Started process (PID=1942) to work on /home/denys/airflow_venv/lib/python3.12/site-packages/airflow/example_dags/example_latest_only_with_trigger.py
[2024-05-08T13:13:02.213+0000] {processor.py:830} INFO - Processing file /home/denys/airflow_venv/lib/python3.12/site-packages/airflow/example_dags/example_latest_only_with_trigger.py for tasks to queue
[2024-05-08T13:13:02.214+0000] {logging_mixin.py:188} INFO - [2024-05-08T13:13:02.214+0000] {dagbag.py:545} INFO - Filling up the DagBag from /home/denys/airflow_venv/lib/python3.12/site-packages/airflow/example_dags/example_latest_only_with_trigger.py
[2024-05-08T13:13:02.218+0000] {processor.py:840} INFO - DAG(s) 'latest_only_with_trigger' retrieved from /home/denys/airflow_venv/lib/python3.12/site-packages/airflow/example_dags/example_latest_only_with_trigger.py
[2024-05-08T13:13:02.228+0000] {logging_mixin.py:188} INFO - [2024-05-08T13:13:02.228+0000] {dag.py:3096} INFO - Sync 1 DAGs
[2024-05-08T13:13:02.239+0000] {logging_mixin.py:188} INFO - [2024-05-08T13:13:02.238+0000] {dag.py:3954} INFO - Setting next_dagrun for latest_only_with_trigger to 2024-05-08 08:00:00+00:00, run_after=2024-05-08 12:00:00+00:00
[2024-05-08T13:13:02.260+0000] {processor.py:183} INFO - Processing /home/denys/airflow_venv/lib/python3.12/site-packages/airflow/example_dags/example_latest_only_with_trigger.py took 0.052 seconds
[2024-05-08T13:13:52.607+0000] {processor.py:161} INFO - Started process (PID=1994) to work on /home/denys/airflow_venv/lib/python3.12/site-packages/airflow/example_dags/example_latest_only_with_trigger.py
[2024-05-08T13:13:52.609+0000] {processor.py:830} INFO - Processing file /home/denys/airflow_venv/lib/python3.12/site-packages/airflow/example_dags/example_latest_only_with_trigger.py for tasks to queue
[2024-05-08T13:13:52.610+0000] {logging_mixin.py:188} INFO - [2024-05-08T13:13:52.610+0000] {dagbag.py:545} INFO - Filling up the DagBag from /home/denys/airflow_venv/lib/python3.12/site-packages/airflow/example_dags/example_latest_only_with_trigger.py
[2024-05-08T13:13:52.614+0000] {processor.py:840} INFO - DAG(s) 'latest_only_with_trigger' retrieved from /home/denys/airflow_venv/lib/python3.12/site-packages/airflow/example_dags/example_latest_only_with_trigger.py
[2024-05-08T13:13:52.627+0000] {logging_mixin.py:188} INFO - [2024-05-08T13:13:52.626+0000] {dag.py:3096} INFO - Sync 1 DAGs
[2024-05-08T13:13:52.640+0000] {logging_mixin.py:188} INFO - [2024-05-08T13:13:52.640+0000] {dag.py:3954} INFO - Setting next_dagrun for latest_only_with_trigger to 2024-05-08 08:00:00+00:00, run_after=2024-05-08 12:00:00+00:00
[2024-05-08T13:13:52.658+0000] {processor.py:183} INFO - Processing /home/denys/airflow_venv/lib/python3.12/site-packages/airflow/example_dags/example_latest_only_with_trigger.py took 0.054 seconds
[2024-05-08T13:14:58.222+0000] {processor.py:161} INFO - Started process (PID=2060) to work on /home/denys/airflow_venv/lib/python3.12/site-packages/airflow/example_dags/example_latest_only_with_trigger.py
[2024-05-08T13:14:58.223+0000] {processor.py:830} INFO - Processing file /home/denys/airflow_venv/lib/python3.12/site-packages/airflow/example_dags/example_latest_only_with_trigger.py for tasks to queue
[2024-05-08T13:14:58.224+0000] {logging_mixin.py:188} INFO - [2024-05-08T13:14:58.224+0000] {dagbag.py:545} INFO - Filling up the DagBag from /home/denys/airflow_venv/lib/python3.12/site-packages/airflow/example_dags/example_latest_only_with_trigger.py
[2024-05-08T13:14:58.228+0000] {processor.py:840} INFO - DAG(s) 'latest_only_with_trigger' retrieved from /home/denys/airflow_venv/lib/python3.12/site-packages/airflow/example_dags/example_latest_only_with_trigger.py
[2024-05-08T13:14:58.237+0000] {logging_mixin.py:188} INFO - [2024-05-08T13:14:58.237+0000] {dag.py:3096} INFO - Sync 1 DAGs
[2024-05-08T13:14:58.247+0000] {logging_mixin.py:188} INFO - [2024-05-08T13:14:58.247+0000] {dag.py:3954} INFO - Setting next_dagrun for latest_only_with_trigger to 2024-05-08 08:00:00+00:00, run_after=2024-05-08 12:00:00+00:00
[2024-05-08T13:14:58.263+0000] {processor.py:183} INFO - Processing /home/denys/airflow_venv/lib/python3.12/site-packages/airflow/example_dags/example_latest_only_with_trigger.py took 0.044 seconds
[2024-05-08T13:16:00.608+0000] {processor.py:161} INFO - Started process (PID=2127) to work on /home/denys/airflow_venv/lib/python3.12/site-packages/airflow/example_dags/example_latest_only_with_trigger.py
[2024-05-08T13:16:00.610+0000] {processor.py:830} INFO - Processing file /home/denys/airflow_venv/lib/python3.12/site-packages/airflow/example_dags/example_latest_only_with_trigger.py for tasks to queue
[2024-05-08T13:16:00.611+0000] {logging_mixin.py:188} INFO - [2024-05-08T13:16:00.610+0000] {dagbag.py:545} INFO - Filling up the DagBag from /home/denys/airflow_venv/lib/python3.12/site-packages/airflow/example_dags/example_latest_only_with_trigger.py
[2024-05-08T13:16:00.615+0000] {processor.py:840} INFO - DAG(s) 'latest_only_with_trigger' retrieved from /home/denys/airflow_venv/lib/python3.12/site-packages/airflow/example_dags/example_latest_only_with_trigger.py
[2024-05-08T13:16:00.624+0000] {logging_mixin.py:188} INFO - [2024-05-08T13:16:00.624+0000] {dag.py:3096} INFO - Sync 1 DAGs
[2024-05-08T13:16:00.634+0000] {logging_mixin.py:188} INFO - [2024-05-08T13:16:00.634+0000] {dag.py:3954} INFO - Setting next_dagrun for latest_only_with_trigger to 2024-05-08 08:00:00+00:00, run_after=2024-05-08 12:00:00+00:00
[2024-05-08T13:16:00.650+0000] {processor.py:183} INFO - Processing /home/denys/airflow_venv/lib/python3.12/site-packages/airflow/example_dags/example_latest_only_with_trigger.py took 0.046 seconds
[2024-05-08T13:17:04.144+0000] {processor.py:161} INFO - Started process (PID=2195) to work on /home/denys/airflow_venv/lib/python3.12/site-packages/airflow/example_dags/example_latest_only_with_trigger.py
[2024-05-08T13:17:04.146+0000] {processor.py:830} INFO - Processing file /home/denys/airflow_venv/lib/python3.12/site-packages/airflow/example_dags/example_latest_only_with_trigger.py for tasks to queue
[2024-05-08T13:17:04.147+0000] {logging_mixin.py:188} INFO - [2024-05-08T13:17:04.147+0000] {dagbag.py:545} INFO - Filling up the DagBag from /home/denys/airflow_venv/lib/python3.12/site-packages/airflow/example_dags/example_latest_only_with_trigger.py
[2024-05-08T13:17:04.151+0000] {processor.py:840} INFO - DAG(s) 'latest_only_with_trigger' retrieved from /home/denys/airflow_venv/lib/python3.12/site-packages/airflow/example_dags/example_latest_only_with_trigger.py
[2024-05-08T13:17:04.160+0000] {logging_mixin.py:188} INFO - [2024-05-08T13:17:04.159+0000] {dag.py:3096} INFO - Sync 1 DAGs
[2024-05-08T13:17:04.172+0000] {logging_mixin.py:188} INFO - [2024-05-08T13:17:04.172+0000] {dag.py:3954} INFO - Setting next_dagrun for latest_only_with_trigger to 2024-05-08 08:00:00+00:00, run_after=2024-05-08 12:00:00+00:00
[2024-05-08T13:17:04.187+0000] {processor.py:183} INFO - Processing /home/denys/airflow_venv/lib/python3.12/site-packages/airflow/example_dags/example_latest_only_with_trigger.py took 0.046 seconds
[2024-05-08T13:18:09.819+0000] {processor.py:161} INFO - Started process (PID=2264) to work on /home/denys/airflow_venv/lib/python3.12/site-packages/airflow/example_dags/example_latest_only_with_trigger.py
[2024-05-08T13:18:09.820+0000] {processor.py:830} INFO - Processing file /home/denys/airflow_venv/lib/python3.12/site-packages/airflow/example_dags/example_latest_only_with_trigger.py for tasks to queue
[2024-05-08T13:18:09.821+0000] {logging_mixin.py:188} INFO - [2024-05-08T13:18:09.821+0000] {dagbag.py:545} INFO - Filling up the DagBag from /home/denys/airflow_venv/lib/python3.12/site-packages/airflow/example_dags/example_latest_only_with_trigger.py
[2024-05-08T13:18:09.825+0000] {processor.py:840} INFO - DAG(s) 'latest_only_with_trigger' retrieved from /home/denys/airflow_venv/lib/python3.12/site-packages/airflow/example_dags/example_latest_only_with_trigger.py
[2024-05-08T13:18:09.835+0000] {logging_mixin.py:188} INFO - [2024-05-08T13:18:09.835+0000] {dag.py:3096} INFO - Sync 1 DAGs
[2024-05-08T13:18:09.846+0000] {logging_mixin.py:188} INFO - [2024-05-08T13:18:09.846+0000] {dag.py:3954} INFO - Setting next_dagrun for latest_only_with_trigger to 2024-05-08 08:00:00+00:00, run_after=2024-05-08 12:00:00+00:00
[2024-05-08T13:18:09.866+0000] {processor.py:183} INFO - Processing /home/denys/airflow_venv/lib/python3.12/site-packages/airflow/example_dags/example_latest_only_with_trigger.py took 0.051 seconds
[2024-05-08T13:19:38.922+0000] {processor.py:161} INFO - Started process (PID=2341) to work on /home/denys/airflow_venv/lib/python3.12/site-packages/airflow/example_dags/example_latest_only_with_trigger.py
[2024-05-08T13:19:38.923+0000] {processor.py:830} INFO - Processing file /home/denys/airflow_venv/lib/python3.12/site-packages/airflow/example_dags/example_latest_only_with_trigger.py for tasks to queue
[2024-05-08T13:19:38.924+0000] {logging_mixin.py:188} INFO - [2024-05-08T13:19:38.924+0000] {dagbag.py:545} INFO - Filling up the DagBag from /home/denys/airflow_venv/lib/python3.12/site-packages/airflow/example_dags/example_latest_only_with_trigger.py
[2024-05-08T13:19:38.928+0000] {processor.py:840} INFO - DAG(s) 'latest_only_with_trigger' retrieved from /home/denys/airflow_venv/lib/python3.12/site-packages/airflow/example_dags/example_latest_only_with_trigger.py
[2024-05-08T13:19:38.976+0000] {logging_mixin.py:188} INFO - [2024-05-08T13:19:38.975+0000] {dag.py:3096} INFO - Sync 1 DAGs
[2024-05-08T13:19:38.984+0000] {logging_mixin.py:188} INFO - [2024-05-08T13:19:38.984+0000] {dag.py:3954} INFO - Setting next_dagrun for latest_only_with_trigger to 2024-05-08 08:00:00+00:00, run_after=2024-05-08 12:00:00+00:00
[2024-05-08T13:19:39.002+0000] {processor.py:183} INFO - Processing /home/denys/airflow_venv/lib/python3.12/site-packages/airflow/example_dags/example_latest_only_with_trigger.py took 0.083 seconds
[2024-05-08T13:20:29.897+0000] {processor.py:161} INFO - Started process (PID=2398) to work on /home/denys/airflow_venv/lib/python3.12/site-packages/airflow/example_dags/example_latest_only_with_trigger.py
[2024-05-08T13:20:29.904+0000] {processor.py:830} INFO - Processing file /home/denys/airflow_venv/lib/python3.12/site-packages/airflow/example_dags/example_latest_only_with_trigger.py for tasks to queue
[2024-05-08T13:20:29.905+0000] {logging_mixin.py:188} INFO - [2024-05-08T13:20:29.904+0000] {dagbag.py:545} INFO - Filling up the DagBag from /home/denys/airflow_venv/lib/python3.12/site-packages/airflow/example_dags/example_latest_only_with_trigger.py
[2024-05-08T13:20:29.909+0000] {processor.py:840} INFO - DAG(s) 'latest_only_with_trigger' retrieved from /home/denys/airflow_venv/lib/python3.12/site-packages/airflow/example_dags/example_latest_only_with_trigger.py
[2024-05-08T13:20:29.918+0000] {logging_mixin.py:188} INFO - [2024-05-08T13:20:29.918+0000] {dag.py:3096} INFO - Sync 1 DAGs
[2024-05-08T13:20:29.928+0000] {logging_mixin.py:188} INFO - [2024-05-08T13:20:29.928+0000] {dag.py:3954} INFO - Setting next_dagrun for latest_only_with_trigger to 2024-05-08 08:00:00+00:00, run_after=2024-05-08 12:00:00+00:00
[2024-05-08T13:20:29.950+0000] {processor.py:183} INFO - Processing /home/denys/airflow_venv/lib/python3.12/site-packages/airflow/example_dags/example_latest_only_with_trigger.py took 0.057 seconds
[2024-05-08T13:21:33.330+0000] {processor.py:161} INFO - Started process (PID=2462) to work on /home/denys/airflow_venv/lib/python3.12/site-packages/airflow/example_dags/example_latest_only_with_trigger.py
[2024-05-08T13:21:33.333+0000] {processor.py:830} INFO - Processing file /home/denys/airflow_venv/lib/python3.12/site-packages/airflow/example_dags/example_latest_only_with_trigger.py for tasks to queue
[2024-05-08T13:21:33.334+0000] {logging_mixin.py:188} INFO - [2024-05-08T13:21:33.334+0000] {dagbag.py:545} INFO - Filling up the DagBag from /home/denys/airflow_venv/lib/python3.12/site-packages/airflow/example_dags/example_latest_only_with_trigger.py
[2024-05-08T13:21:33.337+0000] {processor.py:840} INFO - DAG(s) 'latest_only_with_trigger' retrieved from /home/denys/airflow_venv/lib/python3.12/site-packages/airflow/example_dags/example_latest_only_with_trigger.py
[2024-05-08T13:21:33.348+0000] {logging_mixin.py:188} INFO - [2024-05-08T13:21:33.348+0000] {dag.py:3096} INFO - Sync 1 DAGs
[2024-05-08T13:21:33.358+0000] {logging_mixin.py:188} INFO - [2024-05-08T13:21:33.357+0000] {dag.py:3954} INFO - Setting next_dagrun for latest_only_with_trigger to 2024-05-08 08:00:00+00:00, run_after=2024-05-08 12:00:00+00:00
[2024-05-08T13:21:33.374+0000] {processor.py:183} INFO - Processing /home/denys/airflow_venv/lib/python3.12/site-packages/airflow/example_dags/example_latest_only_with_trigger.py took 0.047 seconds
[2024-05-08T13:22:24.139+0000] {processor.py:161} INFO - Started process (PID=2515) to work on /home/denys/airflow_venv/lib/python3.12/site-packages/airflow/example_dags/example_latest_only_with_trigger.py
[2024-05-08T13:22:24.141+0000] {processor.py:830} INFO - Processing file /home/denys/airflow_venv/lib/python3.12/site-packages/airflow/example_dags/example_latest_only_with_trigger.py for tasks to queue
[2024-05-08T13:22:24.142+0000] {logging_mixin.py:188} INFO - [2024-05-08T13:22:24.142+0000] {dagbag.py:545} INFO - Filling up the DagBag from /home/denys/airflow_venv/lib/python3.12/site-packages/airflow/example_dags/example_latest_only_with_trigger.py
[2024-05-08T13:22:24.146+0000] {processor.py:840} INFO - DAG(s) 'latest_only_with_trigger' retrieved from /home/denys/airflow_venv/lib/python3.12/site-packages/airflow/example_dags/example_latest_only_with_trigger.py
[2024-05-08T13:22:24.155+0000] {logging_mixin.py:188} INFO - [2024-05-08T13:22:24.155+0000] {dag.py:3096} INFO - Sync 1 DAGs
[2024-05-08T13:22:24.165+0000] {logging_mixin.py:188} INFO - [2024-05-08T13:22:24.165+0000] {dag.py:3954} INFO - Setting next_dagrun for latest_only_with_trigger to 2024-05-08 08:00:00+00:00, run_after=2024-05-08 12:00:00+00:00
[2024-05-08T13:22:24.187+0000] {processor.py:183} INFO - Processing /home/denys/airflow_venv/lib/python3.12/site-packages/airflow/example_dags/example_latest_only_with_trigger.py took 0.050 seconds
[2024-05-08T13:23:26.499+0000] {processor.py:161} INFO - Started process (PID=2581) to work on /home/denys/airflow_venv/lib/python3.12/site-packages/airflow/example_dags/example_latest_only_with_trigger.py
[2024-05-08T13:23:26.500+0000] {processor.py:830} INFO - Processing file /home/denys/airflow_venv/lib/python3.12/site-packages/airflow/example_dags/example_latest_only_with_trigger.py for tasks to queue
[2024-05-08T13:23:26.501+0000] {logging_mixin.py:188} INFO - [2024-05-08T13:23:26.501+0000] {dagbag.py:545} INFO - Filling up the DagBag from /home/denys/airflow_venv/lib/python3.12/site-packages/airflow/example_dags/example_latest_only_with_trigger.py
[2024-05-08T13:23:26.505+0000] {processor.py:840} INFO - DAG(s) 'latest_only_with_trigger' retrieved from /home/denys/airflow_venv/lib/python3.12/site-packages/airflow/example_dags/example_latest_only_with_trigger.py
[2024-05-08T13:23:26.514+0000] {logging_mixin.py:188} INFO - [2024-05-08T13:23:26.514+0000] {dag.py:3096} INFO - Sync 1 DAGs
[2024-05-08T13:23:26.524+0000] {logging_mixin.py:188} INFO - [2024-05-08T13:23:26.524+0000] {dag.py:3954} INFO - Setting next_dagrun for latest_only_with_trigger to 2024-05-08 08:00:00+00:00, run_after=2024-05-08 12:00:00+00:00
[2024-05-08T13:23:26.541+0000] {processor.py:183} INFO - Processing /home/denys/airflow_venv/lib/python3.12/site-packages/airflow/example_dags/example_latest_only_with_trigger.py took 0.046 seconds
[2024-05-08T13:24:25.424+0000] {processor.py:161} INFO - Started process (PID=2715) to work on /home/denys/airflow_venv/lib/python3.12/site-packages/airflow/example_dags/example_latest_only_with_trigger.py
[2024-05-08T13:24:25.426+0000] {processor.py:830} INFO - Processing file /home/denys/airflow_venv/lib/python3.12/site-packages/airflow/example_dags/example_latest_only_with_trigger.py for tasks to queue
[2024-05-08T13:24:25.427+0000] {logging_mixin.py:188} INFO - [2024-05-08T13:24:25.426+0000] {dagbag.py:545} INFO - Filling up the DagBag from /home/denys/airflow_venv/lib/python3.12/site-packages/airflow/example_dags/example_latest_only_with_trigger.py
[2024-05-08T13:24:25.430+0000] {processor.py:840} INFO - DAG(s) 'latest_only_with_trigger' retrieved from /home/denys/airflow_venv/lib/python3.12/site-packages/airflow/example_dags/example_latest_only_with_trigger.py
[2024-05-08T13:24:25.440+0000] {logging_mixin.py:188} INFO - [2024-05-08T13:24:25.439+0000] {dag.py:3096} INFO - Sync 1 DAGs
[2024-05-08T13:24:25.449+0000] {logging_mixin.py:188} INFO - [2024-05-08T13:24:25.449+0000] {dag.py:3954} INFO - Setting next_dagrun for latest_only_with_trigger to 2024-05-08 08:00:00+00:00, run_after=2024-05-08 12:00:00+00:00
[2024-05-08T13:24:25.473+0000] {processor.py:183} INFO - Processing /home/denys/airflow_venv/lib/python3.12/site-packages/airflow/example_dags/example_latest_only_with_trigger.py took 0.052 seconds
[2024-05-08T13:25:24.847+0000] {processor.py:161} INFO - Started process (PID=2783) to work on /home/denys/airflow_venv/lib/python3.12/site-packages/airflow/example_dags/example_latest_only_with_trigger.py
[2024-05-08T13:25:24.848+0000] {processor.py:830} INFO - Processing file /home/denys/airflow_venv/lib/python3.12/site-packages/airflow/example_dags/example_latest_only_with_trigger.py for tasks to queue
[2024-05-08T13:25:24.849+0000] {logging_mixin.py:188} INFO - [2024-05-08T13:25:24.849+0000] {dagbag.py:545} INFO - Filling up the DagBag from /home/denys/airflow_venv/lib/python3.12/site-packages/airflow/example_dags/example_latest_only_with_trigger.py
[2024-05-08T13:25:24.853+0000] {processor.py:840} INFO - DAG(s) 'latest_only_with_trigger' retrieved from /home/denys/airflow_venv/lib/python3.12/site-packages/airflow/example_dags/example_latest_only_with_trigger.py
[2024-05-08T13:25:24.862+0000] {logging_mixin.py:188} INFO - [2024-05-08T13:25:24.861+0000] {dag.py:3096} INFO - Sync 1 DAGs
[2024-05-08T13:25:24.871+0000] {logging_mixin.py:188} INFO - [2024-05-08T13:25:24.871+0000] {dag.py:3954} INFO - Setting next_dagrun for latest_only_with_trigger to 2024-05-08 08:00:00+00:00, run_after=2024-05-08 12:00:00+00:00
[2024-05-08T13:25:24.891+0000] {processor.py:183} INFO - Processing /home/denys/airflow_venv/lib/python3.12/site-packages/airflow/example_dags/example_latest_only_with_trigger.py took 0.047 seconds
[2024-05-08T13:26:26.661+0000] {processor.py:161} INFO - Started process (PID=2847) to work on /home/denys/airflow_venv/lib/python3.12/site-packages/airflow/example_dags/example_latest_only_with_trigger.py
[2024-05-08T13:26:26.663+0000] {processor.py:830} INFO - Processing file /home/denys/airflow_venv/lib/python3.12/site-packages/airflow/example_dags/example_latest_only_with_trigger.py for tasks to queue
[2024-05-08T13:26:26.665+0000] {logging_mixin.py:188} INFO - [2024-05-08T13:26:26.664+0000] {dagbag.py:545} INFO - Filling up the DagBag from /home/denys/airflow_venv/lib/python3.12/site-packages/airflow/example_dags/example_latest_only_with_trigger.py
[2024-05-08T13:26:26.668+0000] {processor.py:840} INFO - DAG(s) 'latest_only_with_trigger' retrieved from /home/denys/airflow_venv/lib/python3.12/site-packages/airflow/example_dags/example_latest_only_with_trigger.py
[2024-05-08T13:26:26.678+0000] {logging_mixin.py:188} INFO - [2024-05-08T13:26:26.678+0000] {dag.py:3096} INFO - Sync 1 DAGs
[2024-05-08T13:26:26.690+0000] {logging_mixin.py:188} INFO - [2024-05-08T13:26:26.690+0000] {dag.py:3954} INFO - Setting next_dagrun for latest_only_with_trigger to 2024-05-08 08:00:00+00:00, run_after=2024-05-08 12:00:00+00:00
[2024-05-08T13:26:26.712+0000] {processor.py:183} INFO - Processing /home/denys/airflow_venv/lib/python3.12/site-packages/airflow/example_dags/example_latest_only_with_trigger.py took 0.054 seconds
[2024-05-08T13:27:32.407+0000] {processor.py:161} INFO - Started process (PID=2913) to work on /home/denys/airflow_venv/lib/python3.12/site-packages/airflow/example_dags/example_latest_only_with_trigger.py
[2024-05-08T13:27:32.409+0000] {processor.py:830} INFO - Processing file /home/denys/airflow_venv/lib/python3.12/site-packages/airflow/example_dags/example_latest_only_with_trigger.py for tasks to queue
[2024-05-08T13:27:32.410+0000] {logging_mixin.py:188} INFO - [2024-05-08T13:27:32.409+0000] {dagbag.py:545} INFO - Filling up the DagBag from /home/denys/airflow_venv/lib/python3.12/site-packages/airflow/example_dags/example_latest_only_with_trigger.py
[2024-05-08T13:27:32.414+0000] {processor.py:840} INFO - DAG(s) 'latest_only_with_trigger' retrieved from /home/denys/airflow_venv/lib/python3.12/site-packages/airflow/example_dags/example_latest_only_with_trigger.py
[2024-05-08T13:27:32.423+0000] {logging_mixin.py:188} INFO - [2024-05-08T13:27:32.423+0000] {dag.py:3096} INFO - Sync 1 DAGs
[2024-05-08T13:27:32.433+0000] {logging_mixin.py:188} INFO - [2024-05-08T13:27:32.433+0000] {dag.py:3954} INFO - Setting next_dagrun for latest_only_with_trigger to 2024-05-08 08:00:00+00:00, run_after=2024-05-08 12:00:00+00:00
[2024-05-08T13:27:32.454+0000] {processor.py:183} INFO - Processing /home/denys/airflow_venv/lib/python3.12/site-packages/airflow/example_dags/example_latest_only_with_trigger.py took 0.050 seconds
[2024-05-08T13:28:37.137+0000] {processor.py:161} INFO - Started process (PID=2981) to work on /home/denys/airflow_venv/lib/python3.12/site-packages/airflow/example_dags/example_latest_only_with_trigger.py
[2024-05-08T13:28:37.138+0000] {processor.py:830} INFO - Processing file /home/denys/airflow_venv/lib/python3.12/site-packages/airflow/example_dags/example_latest_only_with_trigger.py for tasks to queue
[2024-05-08T13:28:37.139+0000] {logging_mixin.py:188} INFO - [2024-05-08T13:28:37.139+0000] {dagbag.py:545} INFO - Filling up the DagBag from /home/denys/airflow_venv/lib/python3.12/site-packages/airflow/example_dags/example_latest_only_with_trigger.py
[2024-05-08T13:28:37.143+0000] {processor.py:840} INFO - DAG(s) 'latest_only_with_trigger' retrieved from /home/denys/airflow_venv/lib/python3.12/site-packages/airflow/example_dags/example_latest_only_with_trigger.py
[2024-05-08T13:28:37.153+0000] {logging_mixin.py:188} INFO - [2024-05-08T13:28:37.153+0000] {dag.py:3096} INFO - Sync 1 DAGs
[2024-05-08T13:28:37.163+0000] {logging_mixin.py:188} INFO - [2024-05-08T13:28:37.163+0000] {dag.py:3954} INFO - Setting next_dagrun for latest_only_with_trigger to 2024-05-08 08:00:00+00:00, run_after=2024-05-08 12:00:00+00:00
[2024-05-08T13:28:37.185+0000] {processor.py:183} INFO - Processing /home/denys/airflow_venv/lib/python3.12/site-packages/airflow/example_dags/example_latest_only_with_trigger.py took 0.053 seconds
[2024-05-08T13:29:35.388+0000] {processor.py:161} INFO - Started process (PID=3099) to work on /home/denys/airflow_venv/lib/python3.12/site-packages/airflow/example_dags/example_latest_only_with_trigger.py
[2024-05-08T13:29:35.390+0000] {processor.py:830} INFO - Processing file /home/denys/airflow_venv/lib/python3.12/site-packages/airflow/example_dags/example_latest_only_with_trigger.py for tasks to queue
[2024-05-08T13:29:35.391+0000] {logging_mixin.py:188} INFO - [2024-05-08T13:29:35.390+0000] {dagbag.py:545} INFO - Filling up the DagBag from /home/denys/airflow_venv/lib/python3.12/site-packages/airflow/example_dags/example_latest_only_with_trigger.py
[2024-05-08T13:29:35.394+0000] {processor.py:840} INFO - DAG(s) 'latest_only_with_trigger' retrieved from /home/denys/airflow_venv/lib/python3.12/site-packages/airflow/example_dags/example_latest_only_with_trigger.py
[2024-05-08T13:29:35.404+0000] {logging_mixin.py:188} INFO - [2024-05-08T13:29:35.404+0000] {dag.py:3096} INFO - Sync 1 DAGs
[2024-05-08T13:29:35.414+0000] {logging_mixin.py:188} INFO - [2024-05-08T13:29:35.414+0000] {dag.py:3954} INFO - Setting next_dagrun for latest_only_with_trigger to 2024-05-08 08:00:00+00:00, run_after=2024-05-08 12:00:00+00:00
[2024-05-08T13:29:35.438+0000] {processor.py:183} INFO - Processing /home/denys/airflow_venv/lib/python3.12/site-packages/airflow/example_dags/example_latest_only_with_trigger.py took 0.053 seconds
[2024-05-08T13:30:34.990+0000] {processor.py:161} INFO - Started process (PID=3164) to work on /home/denys/airflow_venv/lib/python3.12/site-packages/airflow/example_dags/example_latest_only_with_trigger.py
[2024-05-08T13:30:34.991+0000] {processor.py:830} INFO - Processing file /home/denys/airflow_venv/lib/python3.12/site-packages/airflow/example_dags/example_latest_only_with_trigger.py for tasks to queue
[2024-05-08T13:30:34.992+0000] {logging_mixin.py:188} INFO - [2024-05-08T13:30:34.992+0000] {dagbag.py:545} INFO - Filling up the DagBag from /home/denys/airflow_venv/lib/python3.12/site-packages/airflow/example_dags/example_latest_only_with_trigger.py
[2024-05-08T13:30:34.996+0000] {processor.py:840} INFO - DAG(s) 'latest_only_with_trigger' retrieved from /home/denys/airflow_venv/lib/python3.12/site-packages/airflow/example_dags/example_latest_only_with_trigger.py
[2024-05-08T13:30:35.005+0000] {logging_mixin.py:188} INFO - [2024-05-08T13:30:35.005+0000] {dag.py:3096} INFO - Sync 1 DAGs
[2024-05-08T13:30:35.015+0000] {logging_mixin.py:188} INFO - [2024-05-08T13:30:35.014+0000] {dag.py:3954} INFO - Setting next_dagrun for latest_only_with_trigger to 2024-05-08 08:00:00+00:00, run_after=2024-05-08 12:00:00+00:00
[2024-05-08T13:30:35.038+0000] {processor.py:183} INFO - Processing /home/denys/airflow_venv/lib/python3.12/site-packages/airflow/example_dags/example_latest_only_with_trigger.py took 0.052 seconds
[2024-05-08T13:31:37.124+0000] {processor.py:161} INFO - Started process (PID=3228) to work on /home/denys/airflow_venv/lib/python3.12/site-packages/airflow/example_dags/example_latest_only_with_trigger.py
[2024-05-08T13:31:37.126+0000] {processor.py:830} INFO - Processing file /home/denys/airflow_venv/lib/python3.12/site-packages/airflow/example_dags/example_latest_only_with_trigger.py for tasks to queue
[2024-05-08T13:31:37.127+0000] {logging_mixin.py:188} INFO - [2024-05-08T13:31:37.126+0000] {dagbag.py:545} INFO - Filling up the DagBag from /home/denys/airflow_venv/lib/python3.12/site-packages/airflow/example_dags/example_latest_only_with_trigger.py
[2024-05-08T13:31:37.130+0000] {processor.py:840} INFO - DAG(s) 'latest_only_with_trigger' retrieved from /home/denys/airflow_venv/lib/python3.12/site-packages/airflow/example_dags/example_latest_only_with_trigger.py
[2024-05-08T13:31:37.140+0000] {logging_mixin.py:188} INFO - [2024-05-08T13:31:37.140+0000] {dag.py:3096} INFO - Sync 1 DAGs
[2024-05-08T13:31:37.150+0000] {logging_mixin.py:188} INFO - [2024-05-08T13:31:37.150+0000] {dag.py:3954} INFO - Setting next_dagrun for latest_only_with_trigger to 2024-05-08 08:00:00+00:00, run_after=2024-05-08 12:00:00+00:00
[2024-05-08T13:31:37.167+0000] {processor.py:183} INFO - Processing /home/denys/airflow_venv/lib/python3.12/site-packages/airflow/example_dags/example_latest_only_with_trigger.py took 0.046 seconds
[2024-05-08T13:32:41.828+0000] {processor.py:161} INFO - Started process (PID=3293) to work on /home/denys/airflow_venv/lib/python3.12/site-packages/airflow/example_dags/example_latest_only_with_trigger.py
[2024-05-08T13:32:41.829+0000] {processor.py:830} INFO - Processing file /home/denys/airflow_venv/lib/python3.12/site-packages/airflow/example_dags/example_latest_only_with_trigger.py for tasks to queue
[2024-05-08T13:32:41.830+0000] {logging_mixin.py:188} INFO - [2024-05-08T13:32:41.830+0000] {dagbag.py:545} INFO - Filling up the DagBag from /home/denys/airflow_venv/lib/python3.12/site-packages/airflow/example_dags/example_latest_only_with_trigger.py
[2024-05-08T13:32:41.834+0000] {processor.py:840} INFO - DAG(s) 'latest_only_with_trigger' retrieved from /home/denys/airflow_venv/lib/python3.12/site-packages/airflow/example_dags/example_latest_only_with_trigger.py
[2024-05-08T13:32:41.844+0000] {logging_mixin.py:188} INFO - [2024-05-08T13:32:41.843+0000] {dag.py:3096} INFO - Sync 1 DAGs
[2024-05-08T13:32:41.854+0000] {logging_mixin.py:188} INFO - [2024-05-08T13:32:41.854+0000] {dag.py:3954} INFO - Setting next_dagrun for latest_only_with_trigger to 2024-05-08 08:00:00+00:00, run_after=2024-05-08 12:00:00+00:00
[2024-05-08T13:32:41.875+0000] {processor.py:183} INFO - Processing /home/denys/airflow_venv/lib/python3.12/site-packages/airflow/example_dags/example_latest_only_with_trigger.py took 0.050 seconds
[2024-05-08T13:33:46.450+0000] {processor.py:161} INFO - Started process (PID=3359) to work on /home/denys/airflow_venv/lib/python3.12/site-packages/airflow/example_dags/example_latest_only_with_trigger.py
[2024-05-08T13:33:46.451+0000] {processor.py:830} INFO - Processing file /home/denys/airflow_venv/lib/python3.12/site-packages/airflow/example_dags/example_latest_only_with_trigger.py for tasks to queue
[2024-05-08T13:33:46.453+0000] {logging_mixin.py:188} INFO - [2024-05-08T13:33:46.452+0000] {dagbag.py:545} INFO - Filling up the DagBag from /home/denys/airflow_venv/lib/python3.12/site-packages/airflow/example_dags/example_latest_only_with_trigger.py
[2024-05-08T13:33:46.456+0000] {processor.py:840} INFO - DAG(s) 'latest_only_with_trigger' retrieved from /home/denys/airflow_venv/lib/python3.12/site-packages/airflow/example_dags/example_latest_only_with_trigger.py
[2024-05-08T13:33:46.466+0000] {logging_mixin.py:188} INFO - [2024-05-08T13:33:46.465+0000] {dag.py:3096} INFO - Sync 1 DAGs
[2024-05-08T13:33:46.476+0000] {logging_mixin.py:188} INFO - [2024-05-08T13:33:46.476+0000] {dag.py:3954} INFO - Setting next_dagrun for latest_only_with_trigger to 2024-05-08 08:00:00+00:00, run_after=2024-05-08 12:00:00+00:00
[2024-05-08T13:33:46.500+0000] {processor.py:183} INFO - Processing /home/denys/airflow_venv/lib/python3.12/site-packages/airflow/example_dags/example_latest_only_with_trigger.py took 0.053 seconds
[2024-05-08T13:34:49.263+0000] {processor.py:161} INFO - Started process (PID=3427) to work on /home/denys/airflow_venv/lib/python3.12/site-packages/airflow/example_dags/example_latest_only_with_trigger.py
[2024-05-08T13:34:49.264+0000] {processor.py:830} INFO - Processing file /home/denys/airflow_venv/lib/python3.12/site-packages/airflow/example_dags/example_latest_only_with_trigger.py for tasks to queue
[2024-05-08T13:34:49.265+0000] {logging_mixin.py:188} INFO - [2024-05-08T13:34:49.265+0000] {dagbag.py:545} INFO - Filling up the DagBag from /home/denys/airflow_venv/lib/python3.12/site-packages/airflow/example_dags/example_latest_only_with_trigger.py
[2024-05-08T13:34:49.269+0000] {processor.py:840} INFO - DAG(s) 'latest_only_with_trigger' retrieved from /home/denys/airflow_venv/lib/python3.12/site-packages/airflow/example_dags/example_latest_only_with_trigger.py
[2024-05-08T13:34:49.280+0000] {logging_mixin.py:188} INFO - [2024-05-08T13:34:49.279+0000] {dag.py:3096} INFO - Sync 1 DAGs
[2024-05-08T13:34:49.291+0000] {logging_mixin.py:188} INFO - [2024-05-08T13:34:49.291+0000] {dag.py:3954} INFO - Setting next_dagrun for latest_only_with_trigger to 2024-05-08 08:00:00+00:00, run_after=2024-05-08 12:00:00+00:00
[2024-05-08T13:34:49.313+0000] {processor.py:183} INFO - Processing /home/denys/airflow_venv/lib/python3.12/site-packages/airflow/example_dags/example_latest_only_with_trigger.py took 0.053 seconds
[2024-05-08T13:35:47.101+0000] {processor.py:161} INFO - Started process (PID=3492) to work on /home/denys/airflow_venv/lib/python3.12/site-packages/airflow/example_dags/example_latest_only_with_trigger.py
[2024-05-08T13:35:47.105+0000] {processor.py:830} INFO - Processing file /home/denys/airflow_venv/lib/python3.12/site-packages/airflow/example_dags/example_latest_only_with_trigger.py for tasks to queue
[2024-05-08T13:35:47.107+0000] {logging_mixin.py:188} INFO - [2024-05-08T13:35:47.106+0000] {dagbag.py:545} INFO - Filling up the DagBag from /home/denys/airflow_venv/lib/python3.12/site-packages/airflow/example_dags/example_latest_only_with_trigger.py
[2024-05-08T13:35:47.110+0000] {processor.py:840} INFO - DAG(s) 'latest_only_with_trigger' retrieved from /home/denys/airflow_venv/lib/python3.12/site-packages/airflow/example_dags/example_latest_only_with_trigger.py
[2024-05-08T13:35:47.121+0000] {logging_mixin.py:188} INFO - [2024-05-08T13:35:47.120+0000] {dag.py:3096} INFO - Sync 1 DAGs
[2024-05-08T13:35:47.131+0000] {logging_mixin.py:188} INFO - [2024-05-08T13:35:47.131+0000] {dag.py:3954} INFO - Setting next_dagrun for latest_only_with_trigger to 2024-05-08 08:00:00+00:00, run_after=2024-05-08 12:00:00+00:00
[2024-05-08T13:35:47.150+0000] {processor.py:183} INFO - Processing /home/denys/airflow_venv/lib/python3.12/site-packages/airflow/example_dags/example_latest_only_with_trigger.py took 0.052 seconds
[2024-05-08T13:36:50.090+0000] {processor.py:161} INFO - Started process (PID=3557) to work on /home/denys/airflow_venv/lib/python3.12/site-packages/airflow/example_dags/example_latest_only_with_trigger.py
[2024-05-08T13:36:50.091+0000] {processor.py:830} INFO - Processing file /home/denys/airflow_venv/lib/python3.12/site-packages/airflow/example_dags/example_latest_only_with_trigger.py for tasks to queue
[2024-05-08T13:36:50.092+0000] {logging_mixin.py:188} INFO - [2024-05-08T13:36:50.092+0000] {dagbag.py:545} INFO - Filling up the DagBag from /home/denys/airflow_venv/lib/python3.12/site-packages/airflow/example_dags/example_latest_only_with_trigger.py
[2024-05-08T13:36:50.096+0000] {processor.py:840} INFO - DAG(s) 'latest_only_with_trigger' retrieved from /home/denys/airflow_venv/lib/python3.12/site-packages/airflow/example_dags/example_latest_only_with_trigger.py
[2024-05-08T13:36:50.107+0000] {logging_mixin.py:188} INFO - [2024-05-08T13:36:50.107+0000] {dag.py:3096} INFO - Sync 1 DAGs
[2024-05-08T13:36:50.117+0000] {logging_mixin.py:188} INFO - [2024-05-08T13:36:50.117+0000] {dag.py:3954} INFO - Setting next_dagrun for latest_only_with_trigger to 2024-05-08 08:00:00+00:00, run_after=2024-05-08 12:00:00+00:00
[2024-05-08T13:36:50.134+0000] {processor.py:183} INFO - Processing /home/denys/airflow_venv/lib/python3.12/site-packages/airflow/example_dags/example_latest_only_with_trigger.py took 0.048 seconds
[2024-05-08T13:37:58.743+0000] {processor.py:161} INFO - Started process (PID=3626) to work on /home/denys/airflow_venv/lib/python3.12/site-packages/airflow/example_dags/example_latest_only_with_trigger.py
[2024-05-08T13:37:58.745+0000] {processor.py:830} INFO - Processing file /home/denys/airflow_venv/lib/python3.12/site-packages/airflow/example_dags/example_latest_only_with_trigger.py for tasks to queue
[2024-05-08T13:37:58.746+0000] {logging_mixin.py:188} INFO - [2024-05-08T13:37:58.746+0000] {dagbag.py:545} INFO - Filling up the DagBag from /home/denys/airflow_venv/lib/python3.12/site-packages/airflow/example_dags/example_latest_only_with_trigger.py
[2024-05-08T13:37:58.750+0000] {processor.py:840} INFO - DAG(s) 'latest_only_with_trigger' retrieved from /home/denys/airflow_venv/lib/python3.12/site-packages/airflow/example_dags/example_latest_only_with_trigger.py
[2024-05-08T13:37:58.760+0000] {logging_mixin.py:188} INFO - [2024-05-08T13:37:58.760+0000] {dag.py:3096} INFO - Sync 1 DAGs
[2024-05-08T13:37:58.771+0000] {logging_mixin.py:188} INFO - [2024-05-08T13:37:58.771+0000] {dag.py:3954} INFO - Setting next_dagrun for latest_only_with_trigger to 2024-05-08 08:00:00+00:00, run_after=2024-05-08 12:00:00+00:00
[2024-05-08T13:37:58.792+0000] {processor.py:183} INFO - Processing /home/denys/airflow_venv/lib/python3.12/site-packages/airflow/example_dags/example_latest_only_with_trigger.py took 0.052 seconds
[2024-05-08T13:39:03.018+0000] {processor.py:161} INFO - Started process (PID=3694) to work on /home/denys/airflow_venv/lib/python3.12/site-packages/airflow/example_dags/example_latest_only_with_trigger.py
[2024-05-08T13:39:03.020+0000] {processor.py:830} INFO - Processing file /home/denys/airflow_venv/lib/python3.12/site-packages/airflow/example_dags/example_latest_only_with_trigger.py for tasks to queue
[2024-05-08T13:39:03.021+0000] {logging_mixin.py:188} INFO - [2024-05-08T13:39:03.020+0000] {dagbag.py:545} INFO - Filling up the DagBag from /home/denys/airflow_venv/lib/python3.12/site-packages/airflow/example_dags/example_latest_only_with_trigger.py
[2024-05-08T13:39:03.025+0000] {processor.py:840} INFO - DAG(s) 'latest_only_with_trigger' retrieved from /home/denys/airflow_venv/lib/python3.12/site-packages/airflow/example_dags/example_latest_only_with_trigger.py
[2024-05-08T13:39:03.038+0000] {logging_mixin.py:188} INFO - [2024-05-08T13:39:03.037+0000] {dag.py:3096} INFO - Sync 1 DAGs
[2024-05-08T13:39:03.049+0000] {logging_mixin.py:188} INFO - [2024-05-08T13:39:03.048+0000] {dag.py:3954} INFO - Setting next_dagrun for latest_only_with_trigger to 2024-05-08 08:00:00+00:00, run_after=2024-05-08 12:00:00+00:00
[2024-05-08T13:39:03.065+0000] {processor.py:183} INFO - Processing /home/denys/airflow_venv/lib/python3.12/site-packages/airflow/example_dags/example_latest_only_with_trigger.py took 0.051 seconds
[2024-05-08T13:40:08.934+0000] {processor.py:161} INFO - Started process (PID=3758) to work on /home/denys/airflow_venv/lib/python3.12/site-packages/airflow/example_dags/example_latest_only_with_trigger.py
[2024-05-08T13:40:08.935+0000] {processor.py:830} INFO - Processing file /home/denys/airflow_venv/lib/python3.12/site-packages/airflow/example_dags/example_latest_only_with_trigger.py for tasks to queue
[2024-05-08T13:40:08.936+0000] {logging_mixin.py:188} INFO - [2024-05-08T13:40:08.936+0000] {dagbag.py:545} INFO - Filling up the DagBag from /home/denys/airflow_venv/lib/python3.12/site-packages/airflow/example_dags/example_latest_only_with_trigger.py
[2024-05-08T13:40:08.939+0000] {processor.py:840} INFO - DAG(s) 'latest_only_with_trigger' retrieved from /home/denys/airflow_venv/lib/python3.12/site-packages/airflow/example_dags/example_latest_only_with_trigger.py
[2024-05-08T13:40:08.950+0000] {logging_mixin.py:188} INFO - [2024-05-08T13:40:08.950+0000] {dag.py:3096} INFO - Sync 1 DAGs
[2024-05-08T13:40:08.960+0000] {logging_mixin.py:188} INFO - [2024-05-08T13:40:08.960+0000] {dag.py:3954} INFO - Setting next_dagrun for latest_only_with_trigger to 2024-05-08 08:00:00+00:00, run_after=2024-05-08 12:00:00+00:00
[2024-05-08T13:40:08.980+0000] {processor.py:183} INFO - Processing /home/denys/airflow_venv/lib/python3.12/site-packages/airflow/example_dags/example_latest_only_with_trigger.py took 0.050 seconds
[2024-05-08T13:40:58.202+0000] {processor.py:161} INFO - Started process (PID=3807) to work on /home/denys/airflow_venv/lib/python3.12/site-packages/airflow/example_dags/example_latest_only_with_trigger.py
[2024-05-08T13:40:58.203+0000] {processor.py:830} INFO - Processing file /home/denys/airflow_venv/lib/python3.12/site-packages/airflow/example_dags/example_latest_only_with_trigger.py for tasks to queue
[2024-05-08T13:40:58.204+0000] {logging_mixin.py:188} INFO - [2024-05-08T13:40:58.204+0000] {dagbag.py:545} INFO - Filling up the DagBag from /home/denys/airflow_venv/lib/python3.12/site-packages/airflow/example_dags/example_latest_only_with_trigger.py
[2024-05-08T13:40:58.208+0000] {processor.py:840} INFO - DAG(s) 'latest_only_with_trigger' retrieved from /home/denys/airflow_venv/lib/python3.12/site-packages/airflow/example_dags/example_latest_only_with_trigger.py
[2024-05-08T13:40:58.217+0000] {logging_mixin.py:188} INFO - [2024-05-08T13:40:58.217+0000] {dag.py:3096} INFO - Sync 1 DAGs
[2024-05-08T13:40:58.226+0000] {logging_mixin.py:188} INFO - [2024-05-08T13:40:58.226+0000] {dag.py:3954} INFO - Setting next_dagrun for latest_only_with_trigger to 2024-05-08 08:00:00+00:00, run_after=2024-05-08 12:00:00+00:00
[2024-05-08T13:40:58.310+0000] {processor.py:183} INFO - Processing /home/denys/airflow_venv/lib/python3.12/site-packages/airflow/example_dags/example_latest_only_with_trigger.py took 0.112 seconds
[2024-05-08T13:41:46.141+0000] {processor.py:161} INFO - Started process (PID=3855) to work on /home/denys/airflow_venv/lib/python3.12/site-packages/airflow/example_dags/example_latest_only_with_trigger.py
[2024-05-08T13:41:46.143+0000] {processor.py:830} INFO - Processing file /home/denys/airflow_venv/lib/python3.12/site-packages/airflow/example_dags/example_latest_only_with_trigger.py for tasks to queue
[2024-05-08T13:41:46.144+0000] {logging_mixin.py:188} INFO - [2024-05-08T13:41:46.144+0000] {dagbag.py:545} INFO - Filling up the DagBag from /home/denys/airflow_venv/lib/python3.12/site-packages/airflow/example_dags/example_latest_only_with_trigger.py
[2024-05-08T13:41:46.147+0000] {processor.py:840} INFO - DAG(s) 'latest_only_with_trigger' retrieved from /home/denys/airflow_venv/lib/python3.12/site-packages/airflow/example_dags/example_latest_only_with_trigger.py
[2024-05-08T13:41:46.157+0000] {logging_mixin.py:188} INFO - [2024-05-08T13:41:46.157+0000] {dag.py:3096} INFO - Sync 1 DAGs
[2024-05-08T13:41:46.167+0000] {logging_mixin.py:188} INFO - [2024-05-08T13:41:46.167+0000] {dag.py:3954} INFO - Setting next_dagrun for latest_only_with_trigger to 2024-05-08 08:00:00+00:00, run_after=2024-05-08 12:00:00+00:00
[2024-05-08T13:41:46.189+0000] {processor.py:183} INFO - Processing /home/denys/airflow_venv/lib/python3.12/site-packages/airflow/example_dags/example_latest_only_with_trigger.py took 0.051 seconds
[2024-05-08T13:42:54.329+0000] {processor.py:161} INFO - Started process (PID=3923) to work on /home/denys/airflow_venv/lib/python3.12/site-packages/airflow/example_dags/example_latest_only_with_trigger.py
[2024-05-08T13:42:54.336+0000] {processor.py:830} INFO - Processing file /home/denys/airflow_venv/lib/python3.12/site-packages/airflow/example_dags/example_latest_only_with_trigger.py for tasks to queue
[2024-05-08T13:42:54.337+0000] {logging_mixin.py:188} INFO - [2024-05-08T13:42:54.336+0000] {dagbag.py:545} INFO - Filling up the DagBag from /home/denys/airflow_venv/lib/python3.12/site-packages/airflow/example_dags/example_latest_only_with_trigger.py
[2024-05-08T13:42:54.340+0000] {processor.py:840} INFO - DAG(s) 'latest_only_with_trigger' retrieved from /home/denys/airflow_venv/lib/python3.12/site-packages/airflow/example_dags/example_latest_only_with_trigger.py
[2024-05-08T13:42:54.350+0000] {logging_mixin.py:188} INFO - [2024-05-08T13:42:54.350+0000] {dag.py:3096} INFO - Sync 1 DAGs
[2024-05-08T13:42:54.362+0000] {logging_mixin.py:188} INFO - [2024-05-08T13:42:54.362+0000] {dag.py:3954} INFO - Setting next_dagrun for latest_only_with_trigger to 2024-05-08 08:00:00+00:00, run_after=2024-05-08 12:00:00+00:00
[2024-05-08T13:42:54.378+0000] {processor.py:183} INFO - Processing /home/denys/airflow_venv/lib/python3.12/site-packages/airflow/example_dags/example_latest_only_with_trigger.py took 0.052 seconds
