[2024-05-08T13:11:49.433+0000] {processor.py:161} INFO - Started process (PID=1866) to work on /home/denys/airflow_venv/lib/python3.12/site-packages/airflow/example_dags/example_bash_operator.py
[2024-05-08T13:11:49.433+0000] {processor.py:830} INFO - Processing file /home/denys/airflow_venv/lib/python3.12/site-packages/airflow/example_dags/example_bash_operator.py for tasks to queue
[2024-05-08T13:11:49.434+0000] {logging_mixin.py:188} INFO - [2024-05-08T13:11:49.434+0000] {dagbag.py:545} INFO - Filling up the DagBag from /home/denys/airflow_venv/lib/python3.12/site-packages/airflow/example_dags/example_bash_operator.py
[2024-05-08T13:11:49.440+0000] {processor.py:840} INFO - DAG(s) 'example_bash_operator' retrieved from /home/denys/airflow_venv/lib/python3.12/site-packages/airflow/example_dags/example_bash_operator.py
[2024-05-08T13:11:49.511+0000] {logging_mixin.py:188} INFO - [2024-05-08T13:11:49.511+0000] {override.py:1829} INFO - Created Permission View: can delete on DAG:example_bash_operator
[2024-05-08T13:11:49.521+0000] {logging_mixin.py:188} INFO - [2024-05-08T13:11:49.520+0000] {override.py:1829} INFO - Created Permission View: can edit on DAG:example_bash_operator
[2024-05-08T13:11:49.528+0000] {logging_mixin.py:188} INFO - [2024-05-08T13:11:49.528+0000] {override.py:1829} INFO - Created Permission View: can read on DAG:example_bash_operator
[2024-05-08T13:11:49.528+0000] {logging_mixin.py:188} INFO - [2024-05-08T13:11:49.528+0000] {dag.py:3096} INFO - Sync 1 DAGs
[2024-05-08T13:11:49.533+0000] {logging_mixin.py:188} INFO - [2024-05-08T13:11:49.533+0000] {dag.py:3118} INFO - Creating ORM DAG for example_bash_operator
[2024-05-08T13:11:49.538+0000] {logging_mixin.py:188} INFO - [2024-05-08T13:11:49.538+0000] {dag.py:3954} INFO - Setting next_dagrun for example_bash_operator to 2024-05-07 00:00:00+00:00, run_after=2024-05-08 00:00:00+00:00
[2024-05-08T13:11:49.553+0000] {processor.py:183} INFO - Processing /home/denys/airflow_venv/lib/python3.12/site-packages/airflow/example_dags/example_bash_operator.py took 0.124 seconds
[2024-05-08T13:12:43.751+0000] {processor.py:161} INFO - Started process (PID=1919) to work on /home/denys/airflow_venv/lib/python3.12/site-packages/airflow/example_dags/example_bash_operator.py
[2024-05-08T13:12:43.753+0000] {processor.py:830} INFO - Processing file /home/denys/airflow_venv/lib/python3.12/site-packages/airflow/example_dags/example_bash_operator.py for tasks to queue
[2024-05-08T13:12:43.754+0000] {logging_mixin.py:188} INFO - [2024-05-08T13:12:43.753+0000] {dagbag.py:545} INFO - Filling up the DagBag from /home/denys/airflow_venv/lib/python3.12/site-packages/airflow/example_dags/example_bash_operator.py
[2024-05-08T13:12:43.763+0000] {processor.py:840} INFO - DAG(s) 'example_bash_operator' retrieved from /home/denys/airflow_venv/lib/python3.12/site-packages/airflow/example_dags/example_bash_operator.py
[2024-05-08T13:12:43.777+0000] {logging_mixin.py:188} INFO - [2024-05-08T13:12:43.776+0000] {dag.py:3096} INFO - Sync 1 DAGs
[2024-05-08T13:12:43.787+0000] {logging_mixin.py:188} INFO - [2024-05-08T13:12:43.787+0000] {dag.py:3954} INFO - Setting next_dagrun for example_bash_operator to 2024-05-07 00:00:00+00:00, run_after=2024-05-08 00:00:00+00:00
[2024-05-08T13:12:43.811+0000] {processor.py:183} INFO - Processing /home/denys/airflow_venv/lib/python3.12/site-packages/airflow/example_dags/example_bash_operator.py took 0.063 seconds
[2024-05-08T13:13:29.083+0000] {processor.py:161} INFO - Started process (PID=1968) to work on /home/denys/airflow_venv/lib/python3.12/site-packages/airflow/example_dags/example_bash_operator.py
[2024-05-08T13:13:29.084+0000] {processor.py:830} INFO - Processing file /home/denys/airflow_venv/lib/python3.12/site-packages/airflow/example_dags/example_bash_operator.py for tasks to queue
[2024-05-08T13:13:29.086+0000] {logging_mixin.py:188} INFO - [2024-05-08T13:13:29.085+0000] {dagbag.py:545} INFO - Filling up the DagBag from /home/denys/airflow_venv/lib/python3.12/site-packages/airflow/example_dags/example_bash_operator.py
[2024-05-08T13:13:29.092+0000] {processor.py:840} INFO - DAG(s) 'example_bash_operator' retrieved from /home/denys/airflow_venv/lib/python3.12/site-packages/airflow/example_dags/example_bash_operator.py
[2024-05-08T13:13:29.104+0000] {logging_mixin.py:188} INFO - [2024-05-08T13:13:29.104+0000] {dag.py:3096} INFO - Sync 1 DAGs
[2024-05-08T13:13:29.115+0000] {logging_mixin.py:188} INFO - [2024-05-08T13:13:29.115+0000] {dag.py:3954} INFO - Setting next_dagrun for example_bash_operator to 2024-05-07 00:00:00+00:00, run_after=2024-05-08 00:00:00+00:00
[2024-05-08T13:13:29.137+0000] {processor.py:183} INFO - Processing /home/denys/airflow_venv/lib/python3.12/site-packages/airflow/example_dags/example_bash_operator.py took 0.058 seconds
[2024-05-08T13:14:19.151+0000] {processor.py:161} INFO - Started process (PID=2021) to work on /home/denys/airflow_venv/lib/python3.12/site-packages/airflow/example_dags/example_bash_operator.py
[2024-05-08T13:14:19.152+0000] {processor.py:830} INFO - Processing file /home/denys/airflow_venv/lib/python3.12/site-packages/airflow/example_dags/example_bash_operator.py for tasks to queue
[2024-05-08T13:14:19.153+0000] {logging_mixin.py:188} INFO - [2024-05-08T13:14:19.152+0000] {dagbag.py:545} INFO - Filling up the DagBag from /home/denys/airflow_venv/lib/python3.12/site-packages/airflow/example_dags/example_bash_operator.py
[2024-05-08T13:14:19.160+0000] {processor.py:840} INFO - DAG(s) 'example_bash_operator' retrieved from /home/denys/airflow_venv/lib/python3.12/site-packages/airflow/example_dags/example_bash_operator.py
[2024-05-08T13:14:19.172+0000] {logging_mixin.py:188} INFO - [2024-05-08T13:14:19.171+0000] {dag.py:3096} INFO - Sync 1 DAGs
[2024-05-08T13:14:19.182+0000] {logging_mixin.py:188} INFO - [2024-05-08T13:14:19.181+0000] {dag.py:3954} INFO - Setting next_dagrun for example_bash_operator to 2024-05-07 00:00:00+00:00, run_after=2024-05-08 00:00:00+00:00
[2024-05-08T13:14:19.203+0000] {processor.py:183} INFO - Processing /home/denys/airflow_venv/lib/python3.12/site-packages/airflow/example_dags/example_bash_operator.py took 0.056 seconds
[2024-05-08T13:15:03.298+0000] {processor.py:161} INFO - Started process (PID=2068) to work on /home/denys/airflow_venv/lib/python3.12/site-packages/airflow/example_dags/example_bash_operator.py
[2024-05-08T13:15:03.300+0000] {processor.py:830} INFO - Processing file /home/denys/airflow_venv/lib/python3.12/site-packages/airflow/example_dags/example_bash_operator.py for tasks to queue
[2024-05-08T13:15:03.301+0000] {logging_mixin.py:188} INFO - [2024-05-08T13:15:03.300+0000] {dagbag.py:545} INFO - Filling up the DagBag from /home/denys/airflow_venv/lib/python3.12/site-packages/airflow/example_dags/example_bash_operator.py
[2024-05-08T13:15:03.307+0000] {processor.py:840} INFO - DAG(s) 'example_bash_operator' retrieved from /home/denys/airflow_venv/lib/python3.12/site-packages/airflow/example_dags/example_bash_operator.py
[2024-05-08T13:15:03.319+0000] {logging_mixin.py:188} INFO - [2024-05-08T13:15:03.318+0000] {dag.py:3096} INFO - Sync 1 DAGs
[2024-05-08T13:15:03.329+0000] {logging_mixin.py:188} INFO - [2024-05-08T13:15:03.329+0000] {dag.py:3954} INFO - Setting next_dagrun for example_bash_operator to 2024-05-07 00:00:00+00:00, run_after=2024-05-08 00:00:00+00:00
[2024-05-08T13:15:03.347+0000] {processor.py:183} INFO - Processing /home/denys/airflow_venv/lib/python3.12/site-packages/airflow/example_dags/example_bash_operator.py took 0.052 seconds
[2024-05-08T13:15:45.114+0000] {processor.py:161} INFO - Started process (PID=2111) to work on /home/denys/airflow_venv/lib/python3.12/site-packages/airflow/example_dags/example_bash_operator.py
[2024-05-08T13:15:45.115+0000] {processor.py:830} INFO - Processing file /home/denys/airflow_venv/lib/python3.12/site-packages/airflow/example_dags/example_bash_operator.py for tasks to queue
[2024-05-08T13:15:45.116+0000] {logging_mixin.py:188} INFO - [2024-05-08T13:15:45.116+0000] {dagbag.py:545} INFO - Filling up the DagBag from /home/denys/airflow_venv/lib/python3.12/site-packages/airflow/example_dags/example_bash_operator.py
[2024-05-08T13:15:45.122+0000] {processor.py:840} INFO - DAG(s) 'example_bash_operator' retrieved from /home/denys/airflow_venv/lib/python3.12/site-packages/airflow/example_dags/example_bash_operator.py
[2024-05-08T13:15:45.136+0000] {logging_mixin.py:188} INFO - [2024-05-08T13:15:45.136+0000] {dag.py:3096} INFO - Sync 1 DAGs
[2024-05-08T13:15:45.147+0000] {logging_mixin.py:188} INFO - [2024-05-08T13:15:45.146+0000] {dag.py:3954} INFO - Setting next_dagrun for example_bash_operator to 2024-05-07 00:00:00+00:00, run_after=2024-05-08 00:00:00+00:00
[2024-05-08T13:15:45.163+0000] {processor.py:183} INFO - Processing /home/denys/airflow_venv/lib/python3.12/site-packages/airflow/example_dags/example_bash_operator.py took 0.053 seconds
[2024-05-08T13:16:27.313+0000] {processor.py:161} INFO - Started process (PID=2155) to work on /home/denys/airflow_venv/lib/python3.12/site-packages/airflow/example_dags/example_bash_operator.py
[2024-05-08T13:16:27.314+0000] {processor.py:830} INFO - Processing file /home/denys/airflow_venv/lib/python3.12/site-packages/airflow/example_dags/example_bash_operator.py for tasks to queue
[2024-05-08T13:16:27.315+0000] {logging_mixin.py:188} INFO - [2024-05-08T13:16:27.315+0000] {dagbag.py:545} INFO - Filling up the DagBag from /home/denys/airflow_venv/lib/python3.12/site-packages/airflow/example_dags/example_bash_operator.py
[2024-05-08T13:16:27.322+0000] {processor.py:840} INFO - DAG(s) 'example_bash_operator' retrieved from /home/denys/airflow_venv/lib/python3.12/site-packages/airflow/example_dags/example_bash_operator.py
[2024-05-08T13:16:27.335+0000] {logging_mixin.py:188} INFO - [2024-05-08T13:16:27.335+0000] {dag.py:3096} INFO - Sync 1 DAGs
[2024-05-08T13:16:27.348+0000] {logging_mixin.py:188} INFO - [2024-05-08T13:16:27.348+0000] {dag.py:3954} INFO - Setting next_dagrun for example_bash_operator to 2024-05-07 00:00:00+00:00, run_after=2024-05-08 00:00:00+00:00
[2024-05-08T13:16:27.364+0000] {processor.py:183} INFO - Processing /home/denys/airflow_venv/lib/python3.12/site-packages/airflow/example_dags/example_bash_operator.py took 0.056 seconds
[2024-05-08T13:17:09.323+0000] {processor.py:161} INFO - Started process (PID=2201) to work on /home/denys/airflow_venv/lib/python3.12/site-packages/airflow/example_dags/example_bash_operator.py
[2024-05-08T13:17:09.324+0000] {processor.py:830} INFO - Processing file /home/denys/airflow_venv/lib/python3.12/site-packages/airflow/example_dags/example_bash_operator.py for tasks to queue
[2024-05-08T13:17:09.325+0000] {logging_mixin.py:188} INFO - [2024-05-08T13:17:09.325+0000] {dagbag.py:545} INFO - Filling up the DagBag from /home/denys/airflow_venv/lib/python3.12/site-packages/airflow/example_dags/example_bash_operator.py
[2024-05-08T13:17:09.332+0000] {processor.py:840} INFO - DAG(s) 'example_bash_operator' retrieved from /home/denys/airflow_venv/lib/python3.12/site-packages/airflow/example_dags/example_bash_operator.py
[2024-05-08T13:17:09.343+0000] {logging_mixin.py:188} INFO - [2024-05-08T13:17:09.343+0000] {dag.py:3096} INFO - Sync 1 DAGs
[2024-05-08T13:17:09.355+0000] {logging_mixin.py:188} INFO - [2024-05-08T13:17:09.355+0000] {dag.py:3954} INFO - Setting next_dagrun for example_bash_operator to 2024-05-07 00:00:00+00:00, run_after=2024-05-08 00:00:00+00:00
[2024-05-08T13:17:09.376+0000] {processor.py:183} INFO - Processing /home/denys/airflow_venv/lib/python3.12/site-packages/airflow/example_dags/example_bash_operator.py took 0.056 seconds
[2024-05-08T13:17:52.334+0000] {processor.py:161} INFO - Started process (PID=2248) to work on /home/denys/airflow_venv/lib/python3.12/site-packages/airflow/example_dags/example_bash_operator.py
[2024-05-08T13:17:52.335+0000] {processor.py:830} INFO - Processing file /home/denys/airflow_venv/lib/python3.12/site-packages/airflow/example_dags/example_bash_operator.py for tasks to queue
[2024-05-08T13:17:52.336+0000] {logging_mixin.py:188} INFO - [2024-05-08T13:17:52.336+0000] {dagbag.py:545} INFO - Filling up the DagBag from /home/denys/airflow_venv/lib/python3.12/site-packages/airflow/example_dags/example_bash_operator.py
[2024-05-08T13:17:52.343+0000] {processor.py:840} INFO - DAG(s) 'example_bash_operator' retrieved from /home/denys/airflow_venv/lib/python3.12/site-packages/airflow/example_dags/example_bash_operator.py
[2024-05-08T13:17:52.356+0000] {logging_mixin.py:188} INFO - [2024-05-08T13:17:52.355+0000] {dag.py:3096} INFO - Sync 1 DAGs
[2024-05-08T13:17:52.366+0000] {logging_mixin.py:188} INFO - [2024-05-08T13:17:52.366+0000] {dag.py:3954} INFO - Setting next_dagrun for example_bash_operator to 2024-05-07 00:00:00+00:00, run_after=2024-05-08 00:00:00+00:00
[2024-05-08T13:17:52.387+0000] {processor.py:183} INFO - Processing /home/denys/airflow_venv/lib/python3.12/site-packages/airflow/example_dags/example_bash_operator.py took 0.056 seconds
[2024-05-08T13:19:20.895+0000] {processor.py:161} INFO - Started process (PID=2322) to work on /home/denys/airflow_venv/lib/python3.12/site-packages/airflow/example_dags/example_bash_operator.py
[2024-05-08T13:19:20.903+0000] {processor.py:830} INFO - Processing file /home/denys/airflow_venv/lib/python3.12/site-packages/airflow/example_dags/example_bash_operator.py for tasks to queue
[2024-05-08T13:19:20.904+0000] {logging_mixin.py:188} INFO - [2024-05-08T13:19:20.903+0000] {dagbag.py:545} INFO - Filling up the DagBag from /home/denys/airflow_venv/lib/python3.12/site-packages/airflow/example_dags/example_bash_operator.py
[2024-05-08T13:19:20.910+0000] {processor.py:840} INFO - DAG(s) 'example_bash_operator' retrieved from /home/denys/airflow_venv/lib/python3.12/site-packages/airflow/example_dags/example_bash_operator.py
[2024-05-08T13:19:20.914+0000] {logging_mixin.py:188} INFO - [2024-05-08T13:19:20.914+0000] {dag.py:3096} INFO - Sync 1 DAGs
[2024-05-08T13:19:20.924+0000] {logging_mixin.py:188} INFO - [2024-05-08T13:19:20.924+0000] {dag.py:3954} INFO - Setting next_dagrun for example_bash_operator to 2024-05-07 00:00:00+00:00, run_after=2024-05-08 00:00:00+00:00
[2024-05-08T13:19:20.942+0000] {processor.py:183} INFO - Processing /home/denys/airflow_venv/lib/python3.12/site-packages/airflow/example_dags/example_bash_operator.py took 0.050 seconds
[2024-05-08T13:20:11.242+0000] {processor.py:161} INFO - Started process (PID=2378) to work on /home/denys/airflow_venv/lib/python3.12/site-packages/airflow/example_dags/example_bash_operator.py
[2024-05-08T13:20:11.243+0000] {processor.py:830} INFO - Processing file /home/denys/airflow_venv/lib/python3.12/site-packages/airflow/example_dags/example_bash_operator.py for tasks to queue
[2024-05-08T13:20:11.244+0000] {logging_mixin.py:188} INFO - [2024-05-08T13:20:11.244+0000] {dagbag.py:545} INFO - Filling up the DagBag from /home/denys/airflow_venv/lib/python3.12/site-packages/airflow/example_dags/example_bash_operator.py
[2024-05-08T13:20:11.251+0000] {processor.py:840} INFO - DAG(s) 'example_bash_operator' retrieved from /home/denys/airflow_venv/lib/python3.12/site-packages/airflow/example_dags/example_bash_operator.py
[2024-05-08T13:20:11.304+0000] {logging_mixin.py:188} INFO - [2024-05-08T13:20:11.304+0000] {dag.py:3096} INFO - Sync 1 DAGs
[2024-05-08T13:20:11.314+0000] {logging_mixin.py:188} INFO - [2024-05-08T13:20:11.313+0000] {dag.py:3954} INFO - Setting next_dagrun for example_bash_operator to 2024-05-07 00:00:00+00:00, run_after=2024-05-08 00:00:00+00:00
[2024-05-08T13:20:11.333+0000] {processor.py:183} INFO - Processing /home/denys/airflow_venv/lib/python3.12/site-packages/airflow/example_dags/example_bash_operator.py took 0.095 seconds
[2024-05-08T13:21:00.871+0000] {processor.py:161} INFO - Started process (PID=2431) to work on /home/denys/airflow_venv/lib/python3.12/site-packages/airflow/example_dags/example_bash_operator.py
[2024-05-08T13:21:00.872+0000] {processor.py:830} INFO - Processing file /home/denys/airflow_venv/lib/python3.12/site-packages/airflow/example_dags/example_bash_operator.py for tasks to queue
[2024-05-08T13:21:00.874+0000] {logging_mixin.py:188} INFO - [2024-05-08T13:21:00.873+0000] {dagbag.py:545} INFO - Filling up the DagBag from /home/denys/airflow_venv/lib/python3.12/site-packages/airflow/example_dags/example_bash_operator.py
[2024-05-08T13:21:00.881+0000] {processor.py:840} INFO - DAG(s) 'example_bash_operator' retrieved from /home/denys/airflow_venv/lib/python3.12/site-packages/airflow/example_dags/example_bash_operator.py
[2024-05-08T13:21:00.893+0000] {logging_mixin.py:188} INFO - [2024-05-08T13:21:00.893+0000] {dag.py:3096} INFO - Sync 1 DAGs
[2024-05-08T13:21:00.903+0000] {logging_mixin.py:188} INFO - [2024-05-08T13:21:00.903+0000] {dag.py:3954} INFO - Setting next_dagrun for example_bash_operator to 2024-05-07 00:00:00+00:00, run_after=2024-05-08 00:00:00+00:00
[2024-05-08T13:21:00.925+0000] {processor.py:183} INFO - Processing /home/denys/airflow_venv/lib/python3.12/site-packages/airflow/example_dags/example_bash_operator.py took 0.058 seconds
[2024-05-08T13:21:45.647+0000] {processor.py:161} INFO - Started process (PID=2473) to work on /home/denys/airflow_venv/lib/python3.12/site-packages/airflow/example_dags/example_bash_operator.py
[2024-05-08T13:21:45.649+0000] {processor.py:830} INFO - Processing file /home/denys/airflow_venv/lib/python3.12/site-packages/airflow/example_dags/example_bash_operator.py for tasks to queue
[2024-05-08T13:21:45.650+0000] {logging_mixin.py:188} INFO - [2024-05-08T13:21:45.650+0000] {dagbag.py:545} INFO - Filling up the DagBag from /home/denys/airflow_venv/lib/python3.12/site-packages/airflow/example_dags/example_bash_operator.py
[2024-05-08T13:21:45.657+0000] {processor.py:840} INFO - DAG(s) 'example_bash_operator' retrieved from /home/denys/airflow_venv/lib/python3.12/site-packages/airflow/example_dags/example_bash_operator.py
[2024-05-08T13:21:45.669+0000] {logging_mixin.py:188} INFO - [2024-05-08T13:21:45.669+0000] {dag.py:3096} INFO - Sync 1 DAGs
[2024-05-08T13:21:45.679+0000] {logging_mixin.py:188} INFO - [2024-05-08T13:21:45.678+0000] {dag.py:3954} INFO - Setting next_dagrun for example_bash_operator to 2024-05-07 00:00:00+00:00, run_after=2024-05-08 00:00:00+00:00
[2024-05-08T13:21:45.695+0000] {processor.py:183} INFO - Processing /home/denys/airflow_venv/lib/python3.12/site-packages/airflow/example_dags/example_bash_operator.py took 0.051 seconds
[2024-05-08T13:22:28.701+0000] {processor.py:161} INFO - Started process (PID=2519) to work on /home/denys/airflow_venv/lib/python3.12/site-packages/airflow/example_dags/example_bash_operator.py
[2024-05-08T13:22:28.704+0000] {processor.py:830} INFO - Processing file /home/denys/airflow_venv/lib/python3.12/site-packages/airflow/example_dags/example_bash_operator.py for tasks to queue
[2024-05-08T13:22:28.705+0000] {logging_mixin.py:188} INFO - [2024-05-08T13:22:28.704+0000] {dagbag.py:545} INFO - Filling up the DagBag from /home/denys/airflow_venv/lib/python3.12/site-packages/airflow/example_dags/example_bash_operator.py
[2024-05-08T13:22:28.711+0000] {processor.py:840} INFO - DAG(s) 'example_bash_operator' retrieved from /home/denys/airflow_venv/lib/python3.12/site-packages/airflow/example_dags/example_bash_operator.py
[2024-05-08T13:22:28.724+0000] {logging_mixin.py:188} INFO - [2024-05-08T13:22:28.724+0000] {dag.py:3096} INFO - Sync 1 DAGs
[2024-05-08T13:22:28.739+0000] {logging_mixin.py:188} INFO - [2024-05-08T13:22:28.739+0000] {dag.py:3954} INFO - Setting next_dagrun for example_bash_operator to 2024-05-07 00:00:00+00:00, run_after=2024-05-08 00:00:00+00:00
[2024-05-08T13:22:28.762+0000] {processor.py:183} INFO - Processing /home/denys/airflow_venv/lib/python3.12/site-packages/airflow/example_dags/example_bash_operator.py took 0.064 seconds
[2024-05-08T13:23:09.726+0000] {processor.py:161} INFO - Started process (PID=2564) to work on /home/denys/airflow_venv/lib/python3.12/site-packages/airflow/example_dags/example_bash_operator.py
[2024-05-08T13:23:09.727+0000] {processor.py:830} INFO - Processing file /home/denys/airflow_venv/lib/python3.12/site-packages/airflow/example_dags/example_bash_operator.py for tasks to queue
[2024-05-08T13:23:09.728+0000] {logging_mixin.py:188} INFO - [2024-05-08T13:23:09.728+0000] {dagbag.py:545} INFO - Filling up the DagBag from /home/denys/airflow_venv/lib/python3.12/site-packages/airflow/example_dags/example_bash_operator.py
[2024-05-08T13:23:09.735+0000] {processor.py:840} INFO - DAG(s) 'example_bash_operator' retrieved from /home/denys/airflow_venv/lib/python3.12/site-packages/airflow/example_dags/example_bash_operator.py
[2024-05-08T13:23:09.746+0000] {logging_mixin.py:188} INFO - [2024-05-08T13:23:09.746+0000] {dag.py:3096} INFO - Sync 1 DAGs
[2024-05-08T13:23:09.756+0000] {logging_mixin.py:188} INFO - [2024-05-08T13:23:09.756+0000] {dag.py:3954} INFO - Setting next_dagrun for example_bash_operator to 2024-05-07 00:00:00+00:00, run_after=2024-05-08 00:00:00+00:00
[2024-05-08T13:23:09.774+0000] {processor.py:183} INFO - Processing /home/denys/airflow_venv/lib/python3.12/site-packages/airflow/example_dags/example_bash_operator.py took 0.051 seconds
[2024-05-08T13:23:51.472+0000] {processor.py:161} INFO - Started process (PID=2675) to work on /home/denys/airflow_venv/lib/python3.12/site-packages/airflow/example_dags/example_bash_operator.py
[2024-05-08T13:23:51.473+0000] {processor.py:830} INFO - Processing file /home/denys/airflow_venv/lib/python3.12/site-packages/airflow/example_dags/example_bash_operator.py for tasks to queue
[2024-05-08T13:23:51.475+0000] {logging_mixin.py:188} INFO - [2024-05-08T13:23:51.474+0000] {dagbag.py:545} INFO - Filling up the DagBag from /home/denys/airflow_venv/lib/python3.12/site-packages/airflow/example_dags/example_bash_operator.py
[2024-05-08T13:23:51.481+0000] {processor.py:840} INFO - DAG(s) 'example_bash_operator' retrieved from /home/denys/airflow_venv/lib/python3.12/site-packages/airflow/example_dags/example_bash_operator.py
[2024-05-08T13:23:51.493+0000] {logging_mixin.py:188} INFO - [2024-05-08T13:23:51.492+0000] {dag.py:3096} INFO - Sync 1 DAGs
[2024-05-08T13:23:51.503+0000] {logging_mixin.py:188} INFO - [2024-05-08T13:23:51.502+0000] {dag.py:3954} INFO - Setting next_dagrun for example_bash_operator to 2024-05-07 00:00:00+00:00, run_after=2024-05-08 00:00:00+00:00
[2024-05-08T13:23:51.525+0000] {processor.py:183} INFO - Processing /home/denys/airflow_venv/lib/python3.12/site-packages/airflow/example_dags/example_bash_operator.py took 0.057 seconds
[2024-05-08T13:24:30.891+0000] {processor.py:161} INFO - Started process (PID=2721) to work on /home/denys/airflow_venv/lib/python3.12/site-packages/airflow/example_dags/example_bash_operator.py
[2024-05-08T13:24:30.892+0000] {processor.py:830} INFO - Processing file /home/denys/airflow_venv/lib/python3.12/site-packages/airflow/example_dags/example_bash_operator.py for tasks to queue
[2024-05-08T13:24:30.893+0000] {logging_mixin.py:188} INFO - [2024-05-08T13:24:30.893+0000] {dagbag.py:545} INFO - Filling up the DagBag from /home/denys/airflow_venv/lib/python3.12/site-packages/airflow/example_dags/example_bash_operator.py
[2024-05-08T13:24:30.899+0000] {processor.py:840} INFO - DAG(s) 'example_bash_operator' retrieved from /home/denys/airflow_venv/lib/python3.12/site-packages/airflow/example_dags/example_bash_operator.py
[2024-05-08T13:24:30.911+0000] {logging_mixin.py:188} INFO - [2024-05-08T13:24:30.911+0000] {dag.py:3096} INFO - Sync 1 DAGs
[2024-05-08T13:24:30.921+0000] {logging_mixin.py:188} INFO - [2024-05-08T13:24:30.921+0000] {dag.py:3954} INFO - Setting next_dagrun for example_bash_operator to 2024-05-07 00:00:00+00:00, run_after=2024-05-08 00:00:00+00:00
[2024-05-08T13:24:30.943+0000] {processor.py:183} INFO - Processing /home/denys/airflow_venv/lib/python3.12/site-packages/airflow/example_dags/example_bash_operator.py took 0.055 seconds
[2024-05-08T13:25:11.542+0000] {processor.py:161} INFO - Started process (PID=2770) to work on /home/denys/airflow_venv/lib/python3.12/site-packages/airflow/example_dags/example_bash_operator.py
[2024-05-08T13:25:11.543+0000] {processor.py:830} INFO - Processing file /home/denys/airflow_venv/lib/python3.12/site-packages/airflow/example_dags/example_bash_operator.py for tasks to queue
[2024-05-08T13:25:11.544+0000] {logging_mixin.py:188} INFO - [2024-05-08T13:25:11.544+0000] {dagbag.py:545} INFO - Filling up the DagBag from /home/denys/airflow_venv/lib/python3.12/site-packages/airflow/example_dags/example_bash_operator.py
[2024-05-08T13:25:11.551+0000] {processor.py:840} INFO - DAG(s) 'example_bash_operator' retrieved from /home/denys/airflow_venv/lib/python3.12/site-packages/airflow/example_dags/example_bash_operator.py
[2024-05-08T13:25:11.563+0000] {logging_mixin.py:188} INFO - [2024-05-08T13:25:11.563+0000] {dag.py:3096} INFO - Sync 1 DAGs
[2024-05-08T13:25:11.573+0000] {logging_mixin.py:188} INFO - [2024-05-08T13:25:11.573+0000] {dag.py:3954} INFO - Setting next_dagrun for example_bash_operator to 2024-05-07 00:00:00+00:00, run_after=2024-05-08 00:00:00+00:00
[2024-05-08T13:25:11.591+0000] {processor.py:183} INFO - Processing /home/denys/airflow_venv/lib/python3.12/site-packages/airflow/example_dags/example_bash_operator.py took 0.053 seconds
[2024-05-08T13:25:52.129+0000] {processor.py:161} INFO - Started process (PID=2812) to work on /home/denys/airflow_venv/lib/python3.12/site-packages/airflow/example_dags/example_bash_operator.py
[2024-05-08T13:25:52.131+0000] {processor.py:830} INFO - Processing file /home/denys/airflow_venv/lib/python3.12/site-packages/airflow/example_dags/example_bash_operator.py for tasks to queue
[2024-05-08T13:25:52.132+0000] {logging_mixin.py:188} INFO - [2024-05-08T13:25:52.131+0000] {dagbag.py:545} INFO - Filling up the DagBag from /home/denys/airflow_venv/lib/python3.12/site-packages/airflow/example_dags/example_bash_operator.py
[2024-05-08T13:25:52.138+0000] {processor.py:840} INFO - DAG(s) 'example_bash_operator' retrieved from /home/denys/airflow_venv/lib/python3.12/site-packages/airflow/example_dags/example_bash_operator.py
[2024-05-08T13:25:52.151+0000] {logging_mixin.py:188} INFO - [2024-05-08T13:25:52.150+0000] {dag.py:3096} INFO - Sync 1 DAGs
[2024-05-08T13:25:52.161+0000] {logging_mixin.py:188} INFO - [2024-05-08T13:25:52.161+0000] {dag.py:3954} INFO - Setting next_dagrun for example_bash_operator to 2024-05-07 00:00:00+00:00, run_after=2024-05-08 00:00:00+00:00
[2024-05-08T13:25:52.183+0000] {processor.py:183} INFO - Processing /home/denys/airflow_venv/lib/python3.12/site-packages/airflow/example_dags/example_bash_operator.py took 0.057 seconds
[2024-05-08T13:26:33.945+0000] {processor.py:161} INFO - Started process (PID=2854) to work on /home/denys/airflow_venv/lib/python3.12/site-packages/airflow/example_dags/example_bash_operator.py
[2024-05-08T13:26:33.947+0000] {processor.py:830} INFO - Processing file /home/denys/airflow_venv/lib/python3.12/site-packages/airflow/example_dags/example_bash_operator.py for tasks to queue
[2024-05-08T13:26:33.948+0000] {logging_mixin.py:188} INFO - [2024-05-08T13:26:33.948+0000] {dagbag.py:545} INFO - Filling up the DagBag from /home/denys/airflow_venv/lib/python3.12/site-packages/airflow/example_dags/example_bash_operator.py
[2024-05-08T13:26:33.955+0000] {processor.py:840} INFO - DAG(s) 'example_bash_operator' retrieved from /home/denys/airflow_venv/lib/python3.12/site-packages/airflow/example_dags/example_bash_operator.py
[2024-05-08T13:26:33.966+0000] {logging_mixin.py:188} INFO - [2024-05-08T13:26:33.966+0000] {dag.py:3096} INFO - Sync 1 DAGs
[2024-05-08T13:26:33.976+0000] {logging_mixin.py:188} INFO - [2024-05-08T13:26:33.976+0000] {dag.py:3954} INFO - Setting next_dagrun for example_bash_operator to 2024-05-07 00:00:00+00:00, run_after=2024-05-08 00:00:00+00:00
[2024-05-08T13:26:33.997+0000] {processor.py:183} INFO - Processing /home/denys/airflow_venv/lib/python3.12/site-packages/airflow/example_dags/example_bash_operator.py took 0.055 seconds
[2024-05-08T13:27:17.174+0000] {processor.py:161} INFO - Started process (PID=2899) to work on /home/denys/airflow_venv/lib/python3.12/site-packages/airflow/example_dags/example_bash_operator.py
[2024-05-08T13:27:17.176+0000] {processor.py:830} INFO - Processing file /home/denys/airflow_venv/lib/python3.12/site-packages/airflow/example_dags/example_bash_operator.py for tasks to queue
[2024-05-08T13:27:17.177+0000] {logging_mixin.py:188} INFO - [2024-05-08T13:27:17.176+0000] {dagbag.py:545} INFO - Filling up the DagBag from /home/denys/airflow_venv/lib/python3.12/site-packages/airflow/example_dags/example_bash_operator.py
[2024-05-08T13:27:17.183+0000] {processor.py:840} INFO - DAG(s) 'example_bash_operator' retrieved from /home/denys/airflow_venv/lib/python3.12/site-packages/airflow/example_dags/example_bash_operator.py
[2024-05-08T13:27:17.195+0000] {logging_mixin.py:188} INFO - [2024-05-08T13:27:17.195+0000] {dag.py:3096} INFO - Sync 1 DAGs
[2024-05-08T13:27:17.205+0000] {logging_mixin.py:188} INFO - [2024-05-08T13:27:17.205+0000] {dag.py:3954} INFO - Setting next_dagrun for example_bash_operator to 2024-05-07 00:00:00+00:00, run_after=2024-05-08 00:00:00+00:00
[2024-05-08T13:27:17.223+0000] {processor.py:183} INFO - Processing /home/denys/airflow_venv/lib/python3.12/site-packages/airflow/example_dags/example_bash_operator.py took 0.052 seconds
[2024-05-08T13:28:02.128+0000] {processor.py:161} INFO - Started process (PID=2944) to work on /home/denys/airflow_venv/lib/python3.12/site-packages/airflow/example_dags/example_bash_operator.py
[2024-05-08T13:28:02.129+0000] {processor.py:830} INFO - Processing file /home/denys/airflow_venv/lib/python3.12/site-packages/airflow/example_dags/example_bash_operator.py for tasks to queue
[2024-05-08T13:28:02.131+0000] {logging_mixin.py:188} INFO - [2024-05-08T13:28:02.130+0000] {dagbag.py:545} INFO - Filling up the DagBag from /home/denys/airflow_venv/lib/python3.12/site-packages/airflow/example_dags/example_bash_operator.py
[2024-05-08T13:28:02.138+0000] {processor.py:840} INFO - DAG(s) 'example_bash_operator' retrieved from /home/denys/airflow_venv/lib/python3.12/site-packages/airflow/example_dags/example_bash_operator.py
[2024-05-08T13:28:02.152+0000] {logging_mixin.py:188} INFO - [2024-05-08T13:28:02.152+0000] {dag.py:3096} INFO - Sync 1 DAGs
[2024-05-08T13:28:02.165+0000] {logging_mixin.py:188} INFO - [2024-05-08T13:28:02.165+0000] {dag.py:3954} INFO - Setting next_dagrun for example_bash_operator to 2024-05-07 00:00:00+00:00, run_after=2024-05-08 00:00:00+00:00
[2024-05-08T13:28:02.190+0000] {processor.py:183} INFO - Processing /home/denys/airflow_venv/lib/python3.12/site-packages/airflow/example_dags/example_bash_operator.py took 0.066 seconds
[2024-05-08T13:28:44.686+0000] {processor.py:161} INFO - Started process (PID=2989) to work on /home/denys/airflow_venv/lib/python3.12/site-packages/airflow/example_dags/example_bash_operator.py
[2024-05-08T13:28:44.687+0000] {processor.py:830} INFO - Processing file /home/denys/airflow_venv/lib/python3.12/site-packages/airflow/example_dags/example_bash_operator.py for tasks to queue
[2024-05-08T13:28:44.688+0000] {logging_mixin.py:188} INFO - [2024-05-08T13:28:44.688+0000] {dagbag.py:545} INFO - Filling up the DagBag from /home/denys/airflow_venv/lib/python3.12/site-packages/airflow/example_dags/example_bash_operator.py
[2024-05-08T13:28:44.695+0000] {processor.py:840} INFO - DAG(s) 'example_bash_operator' retrieved from /home/denys/airflow_venv/lib/python3.12/site-packages/airflow/example_dags/example_bash_operator.py
[2024-05-08T13:28:44.708+0000] {logging_mixin.py:188} INFO - [2024-05-08T13:28:44.707+0000] {dag.py:3096} INFO - Sync 1 DAGs
[2024-05-08T13:28:44.718+0000] {logging_mixin.py:188} INFO - [2024-05-08T13:28:44.718+0000] {dag.py:3954} INFO - Setting next_dagrun for example_bash_operator to 2024-05-07 00:00:00+00:00, run_after=2024-05-08 00:00:00+00:00
[2024-05-08T13:28:44.740+0000] {processor.py:183} INFO - Processing /home/denys/airflow_venv/lib/python3.12/site-packages/airflow/example_dags/example_bash_operator.py took 0.058 seconds
[2024-05-08T13:29:24.945+0000] {processor.py:161} INFO - Started process (PID=3087) to work on /home/denys/airflow_venv/lib/python3.12/site-packages/airflow/example_dags/example_bash_operator.py
[2024-05-08T13:29:24.946+0000] {processor.py:830} INFO - Processing file /home/denys/airflow_venv/lib/python3.12/site-packages/airflow/example_dags/example_bash_operator.py for tasks to queue
[2024-05-08T13:29:24.948+0000] {logging_mixin.py:188} INFO - [2024-05-08T13:29:24.947+0000] {dagbag.py:545} INFO - Filling up the DagBag from /home/denys/airflow_venv/lib/python3.12/site-packages/airflow/example_dags/example_bash_operator.py
[2024-05-08T13:29:24.954+0000] {processor.py:840} INFO - DAG(s) 'example_bash_operator' retrieved from /home/denys/airflow_venv/lib/python3.12/site-packages/airflow/example_dags/example_bash_operator.py
[2024-05-08T13:29:24.966+0000] {logging_mixin.py:188} INFO - [2024-05-08T13:29:24.966+0000] {dag.py:3096} INFO - Sync 1 DAGs
[2024-05-08T13:29:24.977+0000] {logging_mixin.py:188} INFO - [2024-05-08T13:29:24.977+0000] {dag.py:3954} INFO - Setting next_dagrun for example_bash_operator to 2024-05-07 00:00:00+00:00, run_after=2024-05-08 00:00:00+00:00
[2024-05-08T13:29:24.995+0000] {processor.py:183} INFO - Processing /home/denys/airflow_venv/lib/python3.12/site-packages/airflow/example_dags/example_bash_operator.py took 0.054 seconds
[2024-05-08T13:30:02.932+0000] {processor.py:161} INFO - Started process (PID=3127) to work on /home/denys/airflow_venv/lib/python3.12/site-packages/airflow/example_dags/example_bash_operator.py
[2024-05-08T13:30:02.934+0000] {processor.py:830} INFO - Processing file /home/denys/airflow_venv/lib/python3.12/site-packages/airflow/example_dags/example_bash_operator.py for tasks to queue
[2024-05-08T13:30:02.935+0000] {logging_mixin.py:188} INFO - [2024-05-08T13:30:02.935+0000] {dagbag.py:545} INFO - Filling up the DagBag from /home/denys/airflow_venv/lib/python3.12/site-packages/airflow/example_dags/example_bash_operator.py
[2024-05-08T13:30:02.942+0000] {processor.py:840} INFO - DAG(s) 'example_bash_operator' retrieved from /home/denys/airflow_venv/lib/python3.12/site-packages/airflow/example_dags/example_bash_operator.py
[2024-05-08T13:30:02.954+0000] {logging_mixin.py:188} INFO - [2024-05-08T13:30:02.954+0000] {dag.py:3096} INFO - Sync 1 DAGs
[2024-05-08T13:30:02.965+0000] {logging_mixin.py:188} INFO - [2024-05-08T13:30:02.964+0000] {dag.py:3954} INFO - Setting next_dagrun for example_bash_operator to 2024-05-07 00:00:00+00:00, run_after=2024-05-08 00:00:00+00:00
[2024-05-08T13:30:02.987+0000] {processor.py:183} INFO - Processing /home/denys/airflow_venv/lib/python3.12/site-packages/airflow/example_dags/example_bash_operator.py took 0.058 seconds
[2024-05-08T13:30:43.051+0000] {processor.py:161} INFO - Started process (PID=3172) to work on /home/denys/airflow_venv/lib/python3.12/site-packages/airflow/example_dags/example_bash_operator.py
[2024-05-08T13:30:43.053+0000] {processor.py:830} INFO - Processing file /home/denys/airflow_venv/lib/python3.12/site-packages/airflow/example_dags/example_bash_operator.py for tasks to queue
[2024-05-08T13:30:43.054+0000] {logging_mixin.py:188} INFO - [2024-05-08T13:30:43.054+0000] {dagbag.py:545} INFO - Filling up the DagBag from /home/denys/airflow_venv/lib/python3.12/site-packages/airflow/example_dags/example_bash_operator.py
[2024-05-08T13:30:43.061+0000] {processor.py:840} INFO - DAG(s) 'example_bash_operator' retrieved from /home/denys/airflow_venv/lib/python3.12/site-packages/airflow/example_dags/example_bash_operator.py
[2024-05-08T13:30:43.074+0000] {logging_mixin.py:188} INFO - [2024-05-08T13:30:43.074+0000] {dag.py:3096} INFO - Sync 1 DAGs
[2024-05-08T13:30:43.085+0000] {logging_mixin.py:188} INFO - [2024-05-08T13:30:43.085+0000] {dag.py:3954} INFO - Setting next_dagrun for example_bash_operator to 2024-05-07 00:00:00+00:00, run_after=2024-05-08 00:00:00+00:00
[2024-05-08T13:30:43.107+0000] {processor.py:183} INFO - Processing /home/denys/airflow_venv/lib/python3.12/site-packages/airflow/example_dags/example_bash_operator.py took 0.060 seconds
[2024-05-08T13:31:25.688+0000] {processor.py:161} INFO - Started process (PID=3216) to work on /home/denys/airflow_venv/lib/python3.12/site-packages/airflow/example_dags/example_bash_operator.py
[2024-05-08T13:31:25.690+0000] {processor.py:830} INFO - Processing file /home/denys/airflow_venv/lib/python3.12/site-packages/airflow/example_dags/example_bash_operator.py for tasks to queue
[2024-05-08T13:31:25.691+0000] {logging_mixin.py:188} INFO - [2024-05-08T13:31:25.690+0000] {dagbag.py:545} INFO - Filling up the DagBag from /home/denys/airflow_venv/lib/python3.12/site-packages/airflow/example_dags/example_bash_operator.py
[2024-05-08T13:31:25.699+0000] {processor.py:840} INFO - DAG(s) 'example_bash_operator' retrieved from /home/denys/airflow_venv/lib/python3.12/site-packages/airflow/example_dags/example_bash_operator.py
[2024-05-08T13:31:25.712+0000] {logging_mixin.py:188} INFO - [2024-05-08T13:31:25.711+0000] {dag.py:3096} INFO - Sync 1 DAGs
[2024-05-08T13:31:25.723+0000] {logging_mixin.py:188} INFO - [2024-05-08T13:31:25.723+0000] {dag.py:3954} INFO - Setting next_dagrun for example_bash_operator to 2024-05-07 00:00:00+00:00, run_after=2024-05-08 00:00:00+00:00
[2024-05-08T13:31:25.744+0000] {processor.py:183} INFO - Processing /home/denys/airflow_venv/lib/python3.12/site-packages/airflow/example_dags/example_bash_operator.py took 0.060 seconds
[2024-05-08T13:32:06.553+0000] {processor.py:161} INFO - Started process (PID=3257) to work on /home/denys/airflow_venv/lib/python3.12/site-packages/airflow/example_dags/example_bash_operator.py
[2024-05-08T13:32:06.555+0000] {processor.py:830} INFO - Processing file /home/denys/airflow_venv/lib/python3.12/site-packages/airflow/example_dags/example_bash_operator.py for tasks to queue
[2024-05-08T13:32:06.556+0000] {logging_mixin.py:188} INFO - [2024-05-08T13:32:06.555+0000] {dagbag.py:545} INFO - Filling up the DagBag from /home/denys/airflow_venv/lib/python3.12/site-packages/airflow/example_dags/example_bash_operator.py
[2024-05-08T13:32:06.563+0000] {processor.py:840} INFO - DAG(s) 'example_bash_operator' retrieved from /home/denys/airflow_venv/lib/python3.12/site-packages/airflow/example_dags/example_bash_operator.py
[2024-05-08T13:32:06.576+0000] {logging_mixin.py:188} INFO - [2024-05-08T13:32:06.576+0000] {dag.py:3096} INFO - Sync 1 DAGs
[2024-05-08T13:32:06.587+0000] {logging_mixin.py:188} INFO - [2024-05-08T13:32:06.587+0000] {dag.py:3954} INFO - Setting next_dagrun for example_bash_operator to 2024-05-07 00:00:00+00:00, run_after=2024-05-08 00:00:00+00:00
[2024-05-08T13:32:06.607+0000] {processor.py:183} INFO - Processing /home/denys/airflow_venv/lib/python3.12/site-packages/airflow/example_dags/example_bash_operator.py took 0.058 seconds
[2024-05-08T13:32:50.806+0000] {processor.py:161} INFO - Started process (PID=3302) to work on /home/denys/airflow_venv/lib/python3.12/site-packages/airflow/example_dags/example_bash_operator.py
[2024-05-08T13:32:50.807+0000] {processor.py:830} INFO - Processing file /home/denys/airflow_venv/lib/python3.12/site-packages/airflow/example_dags/example_bash_operator.py for tasks to queue
[2024-05-08T13:32:50.808+0000] {logging_mixin.py:188} INFO - [2024-05-08T13:32:50.808+0000] {dagbag.py:545} INFO - Filling up the DagBag from /home/denys/airflow_venv/lib/python3.12/site-packages/airflow/example_dags/example_bash_operator.py
[2024-05-08T13:32:50.814+0000] {processor.py:840} INFO - DAG(s) 'example_bash_operator' retrieved from /home/denys/airflow_venv/lib/python3.12/site-packages/airflow/example_dags/example_bash_operator.py
[2024-05-08T13:32:50.826+0000] {logging_mixin.py:188} INFO - [2024-05-08T13:32:50.825+0000] {dag.py:3096} INFO - Sync 1 DAGs
[2024-05-08T13:32:50.835+0000] {logging_mixin.py:188} INFO - [2024-05-08T13:32:50.835+0000] {dag.py:3954} INFO - Setting next_dagrun for example_bash_operator to 2024-05-07 00:00:00+00:00, run_after=2024-05-08 00:00:00+00:00
[2024-05-08T13:32:50.859+0000] {processor.py:183} INFO - Processing /home/denys/airflow_venv/lib/python3.12/site-packages/airflow/example_dags/example_bash_operator.py took 0.057 seconds
[2024-05-08T13:33:34.336+0000] {processor.py:161} INFO - Started process (PID=3347) to work on /home/denys/airflow_venv/lib/python3.12/site-packages/airflow/example_dags/example_bash_operator.py
[2024-05-08T13:33:34.337+0000] {processor.py:830} INFO - Processing file /home/denys/airflow_venv/lib/python3.12/site-packages/airflow/example_dags/example_bash_operator.py for tasks to queue
[2024-05-08T13:33:34.338+0000] {logging_mixin.py:188} INFO - [2024-05-08T13:33:34.338+0000] {dagbag.py:545} INFO - Filling up the DagBag from /home/denys/airflow_venv/lib/python3.12/site-packages/airflow/example_dags/example_bash_operator.py
[2024-05-08T13:33:34.345+0000] {processor.py:840} INFO - DAG(s) 'example_bash_operator' retrieved from /home/denys/airflow_venv/lib/python3.12/site-packages/airflow/example_dags/example_bash_operator.py
[2024-05-08T13:33:34.357+0000] {logging_mixin.py:188} INFO - [2024-05-08T13:33:34.357+0000] {dag.py:3096} INFO - Sync 1 DAGs
[2024-05-08T13:33:34.368+0000] {logging_mixin.py:188} INFO - [2024-05-08T13:33:34.368+0000] {dag.py:3954} INFO - Setting next_dagrun for example_bash_operator to 2024-05-07 00:00:00+00:00, run_after=2024-05-08 00:00:00+00:00
[2024-05-08T13:33:34.391+0000] {processor.py:183} INFO - Processing /home/denys/airflow_venv/lib/python3.12/site-packages/airflow/example_dags/example_bash_operator.py took 0.059 seconds
[2024-05-08T13:34:16.110+0000] {processor.py:161} INFO - Started process (PID=3394) to work on /home/denys/airflow_venv/lib/python3.12/site-packages/airflow/example_dags/example_bash_operator.py
[2024-05-08T13:34:16.111+0000] {processor.py:830} INFO - Processing file /home/denys/airflow_venv/lib/python3.12/site-packages/airflow/example_dags/example_bash_operator.py for tasks to queue
[2024-05-08T13:34:16.112+0000] {logging_mixin.py:188} INFO - [2024-05-08T13:34:16.112+0000] {dagbag.py:545} INFO - Filling up the DagBag from /home/denys/airflow_venv/lib/python3.12/site-packages/airflow/example_dags/example_bash_operator.py
[2024-05-08T13:34:16.120+0000] {processor.py:840} INFO - DAG(s) 'example_bash_operator' retrieved from /home/denys/airflow_venv/lib/python3.12/site-packages/airflow/example_dags/example_bash_operator.py
[2024-05-08T13:34:16.134+0000] {logging_mixin.py:188} INFO - [2024-05-08T13:34:16.134+0000] {dag.py:3096} INFO - Sync 1 DAGs
[2024-05-08T13:34:16.145+0000] {logging_mixin.py:188} INFO - [2024-05-08T13:34:16.145+0000] {dag.py:3954} INFO - Setting next_dagrun for example_bash_operator to 2024-05-07 00:00:00+00:00, run_after=2024-05-08 00:00:00+00:00
[2024-05-08T13:34:16.168+0000] {processor.py:183} INFO - Processing /home/denys/airflow_venv/lib/python3.12/site-packages/airflow/example_dags/example_bash_operator.py took 0.062 seconds
[2024-05-08T13:34:57.419+0000] {processor.py:161} INFO - Started process (PID=3436) to work on /home/denys/airflow_venv/lib/python3.12/site-packages/airflow/example_dags/example_bash_operator.py
[2024-05-08T13:34:57.420+0000] {processor.py:830} INFO - Processing file /home/denys/airflow_venv/lib/python3.12/site-packages/airflow/example_dags/example_bash_operator.py for tasks to queue
[2024-05-08T13:34:57.421+0000] {logging_mixin.py:188} INFO - [2024-05-08T13:34:57.421+0000] {dagbag.py:545} INFO - Filling up the DagBag from /home/denys/airflow_venv/lib/python3.12/site-packages/airflow/example_dags/example_bash_operator.py
[2024-05-08T13:34:57.428+0000] {processor.py:840} INFO - DAG(s) 'example_bash_operator' retrieved from /home/denys/airflow_venv/lib/python3.12/site-packages/airflow/example_dags/example_bash_operator.py
[2024-05-08T13:34:57.441+0000] {logging_mixin.py:188} INFO - [2024-05-08T13:34:57.441+0000] {dag.py:3096} INFO - Sync 1 DAGs
[2024-05-08T13:34:57.454+0000] {logging_mixin.py:188} INFO - [2024-05-08T13:34:57.454+0000] {dag.py:3954} INFO - Setting next_dagrun for example_bash_operator to 2024-05-07 00:00:00+00:00, run_after=2024-05-08 00:00:00+00:00
[2024-05-08T13:34:57.478+0000] {processor.py:183} INFO - Processing /home/denys/airflow_venv/lib/python3.12/site-packages/airflow/example_dags/example_bash_operator.py took 0.062 seconds
[2024-05-08T13:35:36.431+0000] {processor.py:161} INFO - Started process (PID=3481) to work on /home/denys/airflow_venv/lib/python3.12/site-packages/airflow/example_dags/example_bash_operator.py
[2024-05-08T13:35:36.433+0000] {processor.py:830} INFO - Processing file /home/denys/airflow_venv/lib/python3.12/site-packages/airflow/example_dags/example_bash_operator.py for tasks to queue
[2024-05-08T13:35:36.434+0000] {logging_mixin.py:188} INFO - [2024-05-08T13:35:36.434+0000] {dagbag.py:545} INFO - Filling up the DagBag from /home/denys/airflow_venv/lib/python3.12/site-packages/airflow/example_dags/example_bash_operator.py
[2024-05-08T13:35:36.440+0000] {processor.py:840} INFO - DAG(s) 'example_bash_operator' retrieved from /home/denys/airflow_venv/lib/python3.12/site-packages/airflow/example_dags/example_bash_operator.py
[2024-05-08T13:35:36.455+0000] {logging_mixin.py:188} INFO - [2024-05-08T13:35:36.454+0000] {dag.py:3096} INFO - Sync 1 DAGs
[2024-05-08T13:35:36.467+0000] {logging_mixin.py:188} INFO - [2024-05-08T13:35:36.467+0000] {dag.py:3954} INFO - Setting next_dagrun for example_bash_operator to 2024-05-07 00:00:00+00:00, run_after=2024-05-08 00:00:00+00:00
[2024-05-08T13:35:36.488+0000] {processor.py:183} INFO - Processing /home/denys/airflow_venv/lib/python3.12/site-packages/airflow/example_dags/example_bash_operator.py took 0.060 seconds
[2024-05-08T13:36:17.466+0000] {processor.py:161} INFO - Started process (PID=3522) to work on /home/denys/airflow_venv/lib/python3.12/site-packages/airflow/example_dags/example_bash_operator.py
[2024-05-08T13:36:17.468+0000] {processor.py:830} INFO - Processing file /home/denys/airflow_venv/lib/python3.12/site-packages/airflow/example_dags/example_bash_operator.py for tasks to queue
[2024-05-08T13:36:17.469+0000] {logging_mixin.py:188} INFO - [2024-05-08T13:36:17.468+0000] {dagbag.py:545} INFO - Filling up the DagBag from /home/denys/airflow_venv/lib/python3.12/site-packages/airflow/example_dags/example_bash_operator.py
[2024-05-08T13:36:17.475+0000] {processor.py:840} INFO - DAG(s) 'example_bash_operator' retrieved from /home/denys/airflow_venv/lib/python3.12/site-packages/airflow/example_dags/example_bash_operator.py
[2024-05-08T13:36:17.489+0000] {logging_mixin.py:188} INFO - [2024-05-08T13:36:17.488+0000] {dag.py:3096} INFO - Sync 1 DAGs
[2024-05-08T13:36:17.501+0000] {logging_mixin.py:188} INFO - [2024-05-08T13:36:17.501+0000] {dag.py:3954} INFO - Setting next_dagrun for example_bash_operator to 2024-05-07 00:00:00+00:00, run_after=2024-05-08 00:00:00+00:00
[2024-05-08T13:36:17.519+0000] {processor.py:183} INFO - Processing /home/denys/airflow_venv/lib/python3.12/site-packages/airflow/example_dags/example_bash_operator.py took 0.056 seconds
[2024-05-08T13:36:59.468+0000] {processor.py:161} INFO - Started process (PID=3566) to work on /home/denys/airflow_venv/lib/python3.12/site-packages/airflow/example_dags/example_bash_operator.py
[2024-05-08T13:36:59.469+0000] {processor.py:830} INFO - Processing file /home/denys/airflow_venv/lib/python3.12/site-packages/airflow/example_dags/example_bash_operator.py for tasks to queue
[2024-05-08T13:36:59.470+0000] {logging_mixin.py:188} INFO - [2024-05-08T13:36:59.470+0000] {dagbag.py:545} INFO - Filling up the DagBag from /home/denys/airflow_venv/lib/python3.12/site-packages/airflow/example_dags/example_bash_operator.py
[2024-05-08T13:36:59.477+0000] {processor.py:840} INFO - DAG(s) 'example_bash_operator' retrieved from /home/denys/airflow_venv/lib/python3.12/site-packages/airflow/example_dags/example_bash_operator.py
[2024-05-08T13:36:59.488+0000] {logging_mixin.py:188} INFO - [2024-05-08T13:36:59.488+0000] {dag.py:3096} INFO - Sync 1 DAGs
[2024-05-08T13:36:59.499+0000] {logging_mixin.py:188} INFO - [2024-05-08T13:36:59.499+0000] {dag.py:3954} INFO - Setting next_dagrun for example_bash_operator to 2024-05-07 00:00:00+00:00, run_after=2024-05-08 00:00:00+00:00
[2024-05-08T13:36:59.524+0000] {processor.py:183} INFO - Processing /home/denys/airflow_venv/lib/python3.12/site-packages/airflow/example_dags/example_bash_operator.py took 0.059 seconds
[2024-05-08T13:37:44.718+0000] {processor.py:161} INFO - Started process (PID=3611) to work on /home/denys/airflow_venv/lib/python3.12/site-packages/airflow/example_dags/example_bash_operator.py
[2024-05-08T13:37:44.719+0000] {processor.py:830} INFO - Processing file /home/denys/airflow_venv/lib/python3.12/site-packages/airflow/example_dags/example_bash_operator.py for tasks to queue
[2024-05-08T13:37:44.720+0000] {logging_mixin.py:188} INFO - [2024-05-08T13:37:44.720+0000] {dagbag.py:545} INFO - Filling up the DagBag from /home/denys/airflow_venv/lib/python3.12/site-packages/airflow/example_dags/example_bash_operator.py
[2024-05-08T13:37:44.726+0000] {processor.py:840} INFO - DAG(s) 'example_bash_operator' retrieved from /home/denys/airflow_venv/lib/python3.12/site-packages/airflow/example_dags/example_bash_operator.py
[2024-05-08T13:37:44.738+0000] {logging_mixin.py:188} INFO - [2024-05-08T13:37:44.738+0000] {dag.py:3096} INFO - Sync 1 DAGs
[2024-05-08T13:37:44.748+0000] {logging_mixin.py:188} INFO - [2024-05-08T13:37:44.748+0000] {dag.py:3954} INFO - Setting next_dagrun for example_bash_operator to 2024-05-07 00:00:00+00:00, run_after=2024-05-08 00:00:00+00:00
[2024-05-08T13:37:44.772+0000] {processor.py:183} INFO - Processing /home/denys/airflow_venv/lib/python3.12/site-packages/airflow/example_dags/example_bash_operator.py took 0.058 seconds
[2024-05-08T13:38:32.015+0000] {processor.py:161} INFO - Started process (PID=3660) to work on /home/denys/airflow_venv/lib/python3.12/site-packages/airflow/example_dags/example_bash_operator.py
[2024-05-08T13:38:32.017+0000] {processor.py:830} INFO - Processing file /home/denys/airflow_venv/lib/python3.12/site-packages/airflow/example_dags/example_bash_operator.py for tasks to queue
[2024-05-08T13:38:32.018+0000] {logging_mixin.py:188} INFO - [2024-05-08T13:38:32.018+0000] {dagbag.py:545} INFO - Filling up the DagBag from /home/denys/airflow_venv/lib/python3.12/site-packages/airflow/example_dags/example_bash_operator.py
[2024-05-08T13:38:32.028+0000] {processor.py:840} INFO - DAG(s) 'example_bash_operator' retrieved from /home/denys/airflow_venv/lib/python3.12/site-packages/airflow/example_dags/example_bash_operator.py
[2024-05-08T13:38:32.044+0000] {logging_mixin.py:188} INFO - [2024-05-08T13:38:32.044+0000] {dag.py:3096} INFO - Sync 1 DAGs
[2024-05-08T13:38:32.056+0000] {logging_mixin.py:188} INFO - [2024-05-08T13:38:32.056+0000] {dag.py:3954} INFO - Setting next_dagrun for example_bash_operator to 2024-05-07 00:00:00+00:00, run_after=2024-05-08 00:00:00+00:00
[2024-05-08T13:38:32.144+0000] {processor.py:183} INFO - Processing /home/denys/airflow_venv/lib/python3.12/site-packages/airflow/example_dags/example_bash_operator.py took 0.133 seconds
[2024-05-08T13:39:12.238+0000] {processor.py:161} INFO - Started process (PID=3704) to work on /home/denys/airflow_venv/lib/python3.12/site-packages/airflow/example_dags/example_bash_operator.py
[2024-05-08T13:39:12.246+0000] {processor.py:830} INFO - Processing file /home/denys/airflow_venv/lib/python3.12/site-packages/airflow/example_dags/example_bash_operator.py for tasks to queue
[2024-05-08T13:39:12.247+0000] {logging_mixin.py:188} INFO - [2024-05-08T13:39:12.246+0000] {dagbag.py:545} INFO - Filling up the DagBag from /home/denys/airflow_venv/lib/python3.12/site-packages/airflow/example_dags/example_bash_operator.py
[2024-05-08T13:39:12.253+0000] {processor.py:840} INFO - DAG(s) 'example_bash_operator' retrieved from /home/denys/airflow_venv/lib/python3.12/site-packages/airflow/example_dags/example_bash_operator.py
[2024-05-08T13:39:12.264+0000] {logging_mixin.py:188} INFO - [2024-05-08T13:39:12.264+0000] {dag.py:3096} INFO - Sync 1 DAGs
[2024-05-08T13:39:12.274+0000] {logging_mixin.py:188} INFO - [2024-05-08T13:39:12.274+0000] {dag.py:3954} INFO - Setting next_dagrun for example_bash_operator to 2024-05-07 00:00:00+00:00, run_after=2024-05-08 00:00:00+00:00
[2024-05-08T13:39:12.292+0000] {processor.py:183} INFO - Processing /home/denys/airflow_venv/lib/python3.12/site-packages/airflow/example_dags/example_bash_operator.py took 0.057 seconds
[2024-05-08T13:39:58.591+0000] {processor.py:161} INFO - Started process (PID=3747) to work on /home/denys/airflow_venv/lib/python3.12/site-packages/airflow/example_dags/example_bash_operator.py
[2024-05-08T13:39:58.592+0000] {processor.py:830} INFO - Processing file /home/denys/airflow_venv/lib/python3.12/site-packages/airflow/example_dags/example_bash_operator.py for tasks to queue
[2024-05-08T13:39:58.593+0000] {logging_mixin.py:188} INFO - [2024-05-08T13:39:58.593+0000] {dagbag.py:545} INFO - Filling up the DagBag from /home/denys/airflow_venv/lib/python3.12/site-packages/airflow/example_dags/example_bash_operator.py
[2024-05-08T13:39:58.600+0000] {processor.py:840} INFO - DAG(s) 'example_bash_operator' retrieved from /home/denys/airflow_venv/lib/python3.12/site-packages/airflow/example_dags/example_bash_operator.py
[2024-05-08T13:39:58.612+0000] {logging_mixin.py:188} INFO - [2024-05-08T13:39:58.612+0000] {dag.py:3096} INFO - Sync 1 DAGs
[2024-05-08T13:39:58.679+0000] {logging_mixin.py:188} INFO - [2024-05-08T13:39:58.679+0000] {dag.py:3954} INFO - Setting next_dagrun for example_bash_operator to 2024-05-07 00:00:00+00:00, run_after=2024-05-08 00:00:00+00:00
[2024-05-08T13:39:58.693+0000] {processor.py:183} INFO - Processing /home/denys/airflow_venv/lib/python3.12/site-packages/airflow/example_dags/example_bash_operator.py took 0.105 seconds
[2024-05-08T13:40:47.130+0000] {processor.py:161} INFO - Started process (PID=3796) to work on /home/denys/airflow_venv/lib/python3.12/site-packages/airflow/example_dags/example_bash_operator.py
[2024-05-08T13:40:47.131+0000] {processor.py:830} INFO - Processing file /home/denys/airflow_venv/lib/python3.12/site-packages/airflow/example_dags/example_bash_operator.py for tasks to queue
[2024-05-08T13:40:47.132+0000] {logging_mixin.py:188} INFO - [2024-05-08T13:40:47.132+0000] {dagbag.py:545} INFO - Filling up the DagBag from /home/denys/airflow_venv/lib/python3.12/site-packages/airflow/example_dags/example_bash_operator.py
[2024-05-08T13:40:47.139+0000] {processor.py:840} INFO - DAG(s) 'example_bash_operator' retrieved from /home/denys/airflow_venv/lib/python3.12/site-packages/airflow/example_dags/example_bash_operator.py
[2024-05-08T13:40:47.151+0000] {logging_mixin.py:188} INFO - [2024-05-08T13:40:47.151+0000] {dag.py:3096} INFO - Sync 1 DAGs
[2024-05-08T13:40:47.161+0000] {logging_mixin.py:188} INFO - [2024-05-08T13:40:47.161+0000] {dag.py:3954} INFO - Setting next_dagrun for example_bash_operator to 2024-05-07 00:00:00+00:00, run_after=2024-05-08 00:00:00+00:00
[2024-05-08T13:40:47.179+0000] {processor.py:183} INFO - Processing /home/denys/airflow_venv/lib/python3.12/site-packages/airflow/example_dags/example_bash_operator.py took 0.052 seconds
[2024-05-08T13:41:34.654+0000] {processor.py:161} INFO - Started process (PID=3844) to work on /home/denys/airflow_venv/lib/python3.12/site-packages/airflow/example_dags/example_bash_operator.py
[2024-05-08T13:41:34.655+0000] {processor.py:830} INFO - Processing file /home/denys/airflow_venv/lib/python3.12/site-packages/airflow/example_dags/example_bash_operator.py for tasks to queue
[2024-05-08T13:41:34.656+0000] {logging_mixin.py:188} INFO - [2024-05-08T13:41:34.655+0000] {dagbag.py:545} INFO - Filling up the DagBag from /home/denys/airflow_venv/lib/python3.12/site-packages/airflow/example_dags/example_bash_operator.py
[2024-05-08T13:41:34.662+0000] {processor.py:840} INFO - DAG(s) 'example_bash_operator' retrieved from /home/denys/airflow_venv/lib/python3.12/site-packages/airflow/example_dags/example_bash_operator.py
[2024-05-08T13:41:34.674+0000] {logging_mixin.py:188} INFO - [2024-05-08T13:41:34.674+0000] {dag.py:3096} INFO - Sync 1 DAGs
[2024-05-08T13:41:34.684+0000] {logging_mixin.py:188} INFO - [2024-05-08T13:41:34.684+0000] {dag.py:3954} INFO - Setting next_dagrun for example_bash_operator to 2024-05-07 00:00:00+00:00, run_after=2024-05-08 00:00:00+00:00
[2024-05-08T13:41:34.706+0000] {processor.py:183} INFO - Processing /home/denys/airflow_venv/lib/python3.12/site-packages/airflow/example_dags/example_bash_operator.py took 0.056 seconds
[2024-05-08T13:42:18.556+0000] {processor.py:161} INFO - Started process (PID=3887) to work on /home/denys/airflow_venv/lib/python3.12/site-packages/airflow/example_dags/example_bash_operator.py
[2024-05-08T13:42:18.558+0000] {processor.py:830} INFO - Processing file /home/denys/airflow_venv/lib/python3.12/site-packages/airflow/example_dags/example_bash_operator.py for tasks to queue
[2024-05-08T13:42:18.559+0000] {logging_mixin.py:188} INFO - [2024-05-08T13:42:18.558+0000] {dagbag.py:545} INFO - Filling up the DagBag from /home/denys/airflow_venv/lib/python3.12/site-packages/airflow/example_dags/example_bash_operator.py
[2024-05-08T13:42:18.565+0000] {processor.py:840} INFO - DAG(s) 'example_bash_operator' retrieved from /home/denys/airflow_venv/lib/python3.12/site-packages/airflow/example_dags/example_bash_operator.py
[2024-05-08T13:42:18.578+0000] {logging_mixin.py:188} INFO - [2024-05-08T13:42:18.578+0000] {dag.py:3096} INFO - Sync 1 DAGs
[2024-05-08T13:42:18.661+0000] {logging_mixin.py:188} INFO - [2024-05-08T13:42:18.661+0000] {dag.py:3954} INFO - Setting next_dagrun for example_bash_operator to 2024-05-07 00:00:00+00:00, run_after=2024-05-08 00:00:00+00:00
[2024-05-08T13:42:18.677+0000] {processor.py:183} INFO - Processing /home/denys/airflow_venv/lib/python3.12/site-packages/airflow/example_dags/example_bash_operator.py took 0.124 seconds
[2024-05-08T13:43:04.654+0000] {processor.py:161} INFO - Started process (PID=3933) to work on /home/denys/airflow_venv/lib/python3.12/site-packages/airflow/example_dags/example_bash_operator.py
[2024-05-08T13:43:04.656+0000] {processor.py:830} INFO - Processing file /home/denys/airflow_venv/lib/python3.12/site-packages/airflow/example_dags/example_bash_operator.py for tasks to queue
[2024-05-08T13:43:04.657+0000] {logging_mixin.py:188} INFO - [2024-05-08T13:43:04.657+0000] {dagbag.py:545} INFO - Filling up the DagBag from /home/denys/airflow_venv/lib/python3.12/site-packages/airflow/example_dags/example_bash_operator.py
[2024-05-08T13:43:04.664+0000] {processor.py:840} INFO - DAG(s) 'example_bash_operator' retrieved from /home/denys/airflow_venv/lib/python3.12/site-packages/airflow/example_dags/example_bash_operator.py
[2024-05-08T13:43:04.676+0000] {logging_mixin.py:188} INFO - [2024-05-08T13:43:04.676+0000] {dag.py:3096} INFO - Sync 1 DAGs
[2024-05-08T13:43:04.687+0000] {logging_mixin.py:188} INFO - [2024-05-08T13:43:04.687+0000] {dag.py:3954} INFO - Setting next_dagrun for example_bash_operator to 2024-05-07 00:00:00+00:00, run_after=2024-05-08 00:00:00+00:00
[2024-05-08T13:43:04.711+0000] {processor.py:183} INFO - Processing /home/denys/airflow_venv/lib/python3.12/site-packages/airflow/example_dags/example_bash_operator.py took 0.061 seconds
