[2024-05-08T13:12:04.020+0000] {processor.py:161} INFO - Started process (PID=1881) to work on /home/denys/airflow_venv/lib/python3.12/site-packages/airflow/example_dags/example_skip_dag.py
[2024-05-08T13:12:04.020+0000] {processor.py:830} INFO - Processing file /home/denys/airflow_venv/lib/python3.12/site-packages/airflow/example_dags/example_skip_dag.py for tasks to queue
[2024-05-08T13:12:04.021+0000] {logging_mixin.py:188} INFO - [2024-05-08T13:12:04.021+0000] {dagbag.py:545} INFO - Filling up the DagBag from /home/denys/airflow_venv/lib/python3.12/site-packages/airflow/example_dags/example_skip_dag.py
[2024-05-08T13:12:04.024+0000] {processor.py:840} INFO - DAG(s) 'example_skip_dag' retrieved from /home/denys/airflow_venv/lib/python3.12/site-packages/airflow/example_dags/example_skip_dag.py
[2024-05-08T13:12:04.086+0000] {logging_mixin.py:188} INFO - [2024-05-08T13:12:04.085+0000] {override.py:1829} INFO - Created Permission View: can delete on DAG:example_skip_dag
[2024-05-08T13:12:04.106+0000] {logging_mixin.py:188} INFO - [2024-05-08T13:12:04.106+0000] {override.py:1829} INFO - Created Permission View: can edit on DAG:example_skip_dag
[2024-05-08T13:12:04.115+0000] {logging_mixin.py:188} INFO - [2024-05-08T13:12:04.115+0000] {override.py:1829} INFO - Created Permission View: can read on DAG:example_skip_dag
[2024-05-08T13:12:04.115+0000] {logging_mixin.py:188} INFO - [2024-05-08T13:12:04.115+0000] {dag.py:3096} INFO - Sync 1 DAGs
[2024-05-08T13:12:04.121+0000] {logging_mixin.py:188} INFO - [2024-05-08T13:12:04.121+0000] {dag.py:3118} INFO - Creating ORM DAG for example_skip_dag
[2024-05-08T13:12:04.126+0000] {logging_mixin.py:188} INFO - [2024-05-08T13:12:04.126+0000] {dag.py:3954} INFO - Setting next_dagrun for example_skip_dag to 2024-05-07 00:00:00+00:00, run_after=2024-05-08 00:00:00+00:00
[2024-05-08T13:12:04.143+0000] {processor.py:183} INFO - Processing /home/denys/airflow_venv/lib/python3.12/site-packages/airflow/example_dags/example_skip_dag.py took 0.127 seconds
[2024-05-08T13:12:57.049+0000] {processor.py:161} INFO - Started process (PID=1937) to work on /home/denys/airflow_venv/lib/python3.12/site-packages/airflow/example_dags/example_skip_dag.py
[2024-05-08T13:12:57.051+0000] {processor.py:830} INFO - Processing file /home/denys/airflow_venv/lib/python3.12/site-packages/airflow/example_dags/example_skip_dag.py for tasks to queue
[2024-05-08T13:12:57.052+0000] {logging_mixin.py:188} INFO - [2024-05-08T13:12:57.051+0000] {dagbag.py:545} INFO - Filling up the DagBag from /home/denys/airflow_venv/lib/python3.12/site-packages/airflow/example_dags/example_skip_dag.py
[2024-05-08T13:12:57.056+0000] {processor.py:840} INFO - DAG(s) 'example_skip_dag' retrieved from /home/denys/airflow_venv/lib/python3.12/site-packages/airflow/example_dags/example_skip_dag.py
[2024-05-08T13:12:57.067+0000] {logging_mixin.py:188} INFO - [2024-05-08T13:12:57.067+0000] {dag.py:3096} INFO - Sync 1 DAGs
[2024-05-08T13:12:57.077+0000] {logging_mixin.py:188} INFO - [2024-05-08T13:12:57.077+0000] {dag.py:3954} INFO - Setting next_dagrun for example_skip_dag to 2024-05-07 00:00:00+00:00, run_after=2024-05-08 00:00:00+00:00
[2024-05-08T13:12:57.098+0000] {processor.py:183} INFO - Processing /home/denys/airflow_venv/lib/python3.12/site-packages/airflow/example_dags/example_skip_dag.py took 0.052 seconds
[2024-05-08T13:13:48.617+0000] {processor.py:161} INFO - Started process (PID=1989) to work on /home/denys/airflow_venv/lib/python3.12/site-packages/airflow/example_dags/example_skip_dag.py
[2024-05-08T13:13:48.619+0000] {processor.py:830} INFO - Processing file /home/denys/airflow_venv/lib/python3.12/site-packages/airflow/example_dags/example_skip_dag.py for tasks to queue
[2024-05-08T13:13:48.620+0000] {logging_mixin.py:188} INFO - [2024-05-08T13:13:48.620+0000] {dagbag.py:545} INFO - Filling up the DagBag from /home/denys/airflow_venv/lib/python3.12/site-packages/airflow/example_dags/example_skip_dag.py
[2024-05-08T13:13:48.626+0000] {processor.py:840} INFO - DAG(s) 'example_skip_dag' retrieved from /home/denys/airflow_venv/lib/python3.12/site-packages/airflow/example_dags/example_skip_dag.py
[2024-05-08T13:13:48.639+0000] {logging_mixin.py:188} INFO - [2024-05-08T13:13:48.639+0000] {dag.py:3096} INFO - Sync 1 DAGs
[2024-05-08T13:13:48.651+0000] {logging_mixin.py:188} INFO - [2024-05-08T13:13:48.651+0000] {dag.py:3954} INFO - Setting next_dagrun for example_skip_dag to 2024-05-07 00:00:00+00:00, run_after=2024-05-08 00:00:00+00:00
[2024-05-08T13:13:48.674+0000] {processor.py:183} INFO - Processing /home/denys/airflow_venv/lib/python3.12/site-packages/airflow/example_dags/example_skip_dag.py took 0.061 seconds
[2024-05-08T13:14:52.961+0000] {processor.py:161} INFO - Started process (PID=2055) to work on /home/denys/airflow_venv/lib/python3.12/site-packages/airflow/example_dags/example_skip_dag.py
[2024-05-08T13:14:52.962+0000] {processor.py:830} INFO - Processing file /home/denys/airflow_venv/lib/python3.12/site-packages/airflow/example_dags/example_skip_dag.py for tasks to queue
[2024-05-08T13:14:52.963+0000] {logging_mixin.py:188} INFO - [2024-05-08T13:14:52.963+0000] {dagbag.py:545} INFO - Filling up the DagBag from /home/denys/airflow_venv/lib/python3.12/site-packages/airflow/example_dags/example_skip_dag.py
[2024-05-08T13:14:52.967+0000] {processor.py:840} INFO - DAG(s) 'example_skip_dag' retrieved from /home/denys/airflow_venv/lib/python3.12/site-packages/airflow/example_dags/example_skip_dag.py
[2024-05-08T13:14:52.977+0000] {logging_mixin.py:188} INFO - [2024-05-08T13:14:52.977+0000] {dag.py:3096} INFO - Sync 1 DAGs
[2024-05-08T13:14:52.988+0000] {logging_mixin.py:188} INFO - [2024-05-08T13:14:52.988+0000] {dag.py:3954} INFO - Setting next_dagrun for example_skip_dag to 2024-05-07 00:00:00+00:00, run_after=2024-05-08 00:00:00+00:00
[2024-05-08T13:14:53.010+0000] {processor.py:183} INFO - Processing /home/denys/airflow_venv/lib/python3.12/site-packages/airflow/example_dags/example_skip_dag.py took 0.053 seconds
[2024-05-08T13:15:56.489+0000] {processor.py:161} INFO - Started process (PID=2122) to work on /home/denys/airflow_venv/lib/python3.12/site-packages/airflow/example_dags/example_skip_dag.py
[2024-05-08T13:15:56.491+0000] {processor.py:830} INFO - Processing file /home/denys/airflow_venv/lib/python3.12/site-packages/airflow/example_dags/example_skip_dag.py for tasks to queue
[2024-05-08T13:15:56.492+0000] {logging_mixin.py:188} INFO - [2024-05-08T13:15:56.491+0000] {dagbag.py:545} INFO - Filling up the DagBag from /home/denys/airflow_venv/lib/python3.12/site-packages/airflow/example_dags/example_skip_dag.py
[2024-05-08T13:15:56.496+0000] {processor.py:840} INFO - DAG(s) 'example_skip_dag' retrieved from /home/denys/airflow_venv/lib/python3.12/site-packages/airflow/example_dags/example_skip_dag.py
[2024-05-08T13:15:56.505+0000] {logging_mixin.py:188} INFO - [2024-05-08T13:15:56.505+0000] {dag.py:3096} INFO - Sync 1 DAGs
[2024-05-08T13:15:56.515+0000] {logging_mixin.py:188} INFO - [2024-05-08T13:15:56.515+0000] {dag.py:3954} INFO - Setting next_dagrun for example_skip_dag to 2024-05-07 00:00:00+00:00, run_after=2024-05-08 00:00:00+00:00
[2024-05-08T13:15:56.538+0000] {processor.py:183} INFO - Processing /home/denys/airflow_venv/lib/python3.12/site-packages/airflow/example_dags/example_skip_dag.py took 0.052 seconds
[2024-05-08T13:16:58.960+0000] {processor.py:161} INFO - Started process (PID=2187) to work on /home/denys/airflow_venv/lib/python3.12/site-packages/airflow/example_dags/example_skip_dag.py
[2024-05-08T13:16:58.961+0000] {processor.py:830} INFO - Processing file /home/denys/airflow_venv/lib/python3.12/site-packages/airflow/example_dags/example_skip_dag.py for tasks to queue
[2024-05-08T13:16:58.962+0000] {logging_mixin.py:188} INFO - [2024-05-08T13:16:58.962+0000] {dagbag.py:545} INFO - Filling up the DagBag from /home/denys/airflow_venv/lib/python3.12/site-packages/airflow/example_dags/example_skip_dag.py
[2024-05-08T13:16:58.966+0000] {processor.py:840} INFO - DAG(s) 'example_skip_dag' retrieved from /home/denys/airflow_venv/lib/python3.12/site-packages/airflow/example_dags/example_skip_dag.py
[2024-05-08T13:16:58.975+0000] {logging_mixin.py:188} INFO - [2024-05-08T13:16:58.975+0000] {dag.py:3096} INFO - Sync 1 DAGs
[2024-05-08T13:16:58.986+0000] {logging_mixin.py:188} INFO - [2024-05-08T13:16:58.986+0000] {dag.py:3954} INFO - Setting next_dagrun for example_skip_dag to 2024-05-07 00:00:00+00:00, run_after=2024-05-08 00:00:00+00:00
[2024-05-08T13:16:59.007+0000] {processor.py:183} INFO - Processing /home/denys/airflow_venv/lib/python3.12/site-packages/airflow/example_dags/example_skip_dag.py took 0.050 seconds
[2024-05-08T13:17:43.738+0000] {processor.py:161} INFO - Started process (PID=2237) to work on /home/denys/airflow_venv/lib/python3.12/site-packages/airflow/example_dags/example_skip_dag.py
[2024-05-08T13:17:43.739+0000] {processor.py:830} INFO - Processing file /home/denys/airflow_venv/lib/python3.12/site-packages/airflow/example_dags/example_skip_dag.py for tasks to queue
[2024-05-08T13:17:43.741+0000] {logging_mixin.py:188} INFO - [2024-05-08T13:17:43.740+0000] {dagbag.py:545} INFO - Filling up the DagBag from /home/denys/airflow_venv/lib/python3.12/site-packages/airflow/example_dags/example_skip_dag.py
[2024-05-08T13:17:43.745+0000] {processor.py:840} INFO - DAG(s) 'example_skip_dag' retrieved from /home/denys/airflow_venv/lib/python3.12/site-packages/airflow/example_dags/example_skip_dag.py
[2024-05-08T13:17:43.755+0000] {logging_mixin.py:188} INFO - [2024-05-08T13:17:43.754+0000] {dag.py:3096} INFO - Sync 1 DAGs
[2024-05-08T13:17:43.765+0000] {logging_mixin.py:188} INFO - [2024-05-08T13:17:43.765+0000] {dag.py:3954} INFO - Setting next_dagrun for example_skip_dag to 2024-05-07 00:00:00+00:00, run_after=2024-05-08 00:00:00+00:00
[2024-05-08T13:17:43.781+0000] {processor.py:183} INFO - Processing /home/denys/airflow_venv/lib/python3.12/site-packages/airflow/example_dags/example_skip_dag.py took 0.046 seconds
[2024-05-08T13:19:33.827+0000] {processor.py:161} INFO - Started process (PID=2336) to work on /home/denys/airflow_venv/lib/python3.12/site-packages/airflow/example_dags/example_skip_dag.py
[2024-05-08T13:19:33.829+0000] {processor.py:830} INFO - Processing file /home/denys/airflow_venv/lib/python3.12/site-packages/airflow/example_dags/example_skip_dag.py for tasks to queue
[2024-05-08T13:19:33.830+0000] {logging_mixin.py:188} INFO - [2024-05-08T13:19:33.830+0000] {dagbag.py:545} INFO - Filling up the DagBag from /home/denys/airflow_venv/lib/python3.12/site-packages/airflow/example_dags/example_skip_dag.py
[2024-05-08T13:19:33.834+0000] {processor.py:840} INFO - DAG(s) 'example_skip_dag' retrieved from /home/denys/airflow_venv/lib/python3.12/site-packages/airflow/example_dags/example_skip_dag.py
[2024-05-08T13:19:33.838+0000] {logging_mixin.py:188} INFO - [2024-05-08T13:19:33.838+0000] {dag.py:3096} INFO - Sync 1 DAGs
[2024-05-08T13:19:33.849+0000] {logging_mixin.py:188} INFO - [2024-05-08T13:19:33.849+0000] {dag.py:3954} INFO - Setting next_dagrun for example_skip_dag to 2024-05-07 00:00:00+00:00, run_after=2024-05-08 00:00:00+00:00
[2024-05-08T13:19:33.866+0000] {processor.py:183} INFO - Processing /home/denys/airflow_venv/lib/python3.12/site-packages/airflow/example_dags/example_skip_dag.py took 0.042 seconds
[2024-05-08T13:20:24.628+0000] {processor.py:161} INFO - Started process (PID=2393) to work on /home/denys/airflow_venv/lib/python3.12/site-packages/airflow/example_dags/example_skip_dag.py
[2024-05-08T13:20:24.630+0000] {processor.py:830} INFO - Processing file /home/denys/airflow_venv/lib/python3.12/site-packages/airflow/example_dags/example_skip_dag.py for tasks to queue
[2024-05-08T13:20:24.631+0000] {logging_mixin.py:188} INFO - [2024-05-08T13:20:24.631+0000] {dagbag.py:545} INFO - Filling up the DagBag from /home/denys/airflow_venv/lib/python3.12/site-packages/airflow/example_dags/example_skip_dag.py
[2024-05-08T13:20:24.635+0000] {processor.py:840} INFO - DAG(s) 'example_skip_dag' retrieved from /home/denys/airflow_venv/lib/python3.12/site-packages/airflow/example_dags/example_skip_dag.py
[2024-05-08T13:20:24.685+0000] {logging_mixin.py:188} INFO - [2024-05-08T13:20:24.685+0000] {dag.py:3096} INFO - Sync 1 DAGs
[2024-05-08T13:20:24.693+0000] {logging_mixin.py:188} INFO - [2024-05-08T13:20:24.692+0000] {dag.py:3954} INFO - Setting next_dagrun for example_skip_dag to 2024-05-07 00:00:00+00:00, run_after=2024-05-08 00:00:00+00:00
[2024-05-08T13:20:24.713+0000] {processor.py:183} INFO - Processing /home/denys/airflow_venv/lib/python3.12/site-packages/airflow/example_dags/example_skip_dag.py took 0.087 seconds
[2024-05-08T13:21:15.164+0000] {processor.py:161} INFO - Started process (PID=2445) to work on /home/denys/airflow_venv/lib/python3.12/site-packages/airflow/example_dags/example_skip_dag.py
[2024-05-08T13:21:15.166+0000] {processor.py:830} INFO - Processing file /home/denys/airflow_venv/lib/python3.12/site-packages/airflow/example_dags/example_skip_dag.py for tasks to queue
[2024-05-08T13:21:15.167+0000] {logging_mixin.py:188} INFO - [2024-05-08T13:21:15.166+0000] {dagbag.py:545} INFO - Filling up the DagBag from /home/denys/airflow_venv/lib/python3.12/site-packages/airflow/example_dags/example_skip_dag.py
[2024-05-08T13:21:15.172+0000] {processor.py:840} INFO - DAG(s) 'example_skip_dag' retrieved from /home/denys/airflow_venv/lib/python3.12/site-packages/airflow/example_dags/example_skip_dag.py
[2024-05-08T13:21:15.182+0000] {logging_mixin.py:188} INFO - [2024-05-08T13:21:15.182+0000] {dag.py:3096} INFO - Sync 1 DAGs
[2024-05-08T13:21:15.192+0000] {logging_mixin.py:188} INFO - [2024-05-08T13:21:15.192+0000] {dag.py:3954} INFO - Setting next_dagrun for example_skip_dag to 2024-05-07 00:00:00+00:00, run_after=2024-05-08 00:00:00+00:00
[2024-05-08T13:21:15.216+0000] {processor.py:183} INFO - Processing /home/denys/airflow_venv/lib/python3.12/site-packages/airflow/example_dags/example_skip_dag.py took 0.055 seconds
[2024-05-08T13:22:19.064+0000] {processor.py:161} INFO - Started process (PID=2510) to work on /home/denys/airflow_venv/lib/python3.12/site-packages/airflow/example_dags/example_skip_dag.py
[2024-05-08T13:22:19.066+0000] {processor.py:830} INFO - Processing file /home/denys/airflow_venv/lib/python3.12/site-packages/airflow/example_dags/example_skip_dag.py for tasks to queue
[2024-05-08T13:22:19.067+0000] {logging_mixin.py:188} INFO - [2024-05-08T13:22:19.067+0000] {dagbag.py:545} INFO - Filling up the DagBag from /home/denys/airflow_venv/lib/python3.12/site-packages/airflow/example_dags/example_skip_dag.py
[2024-05-08T13:22:19.072+0000] {processor.py:840} INFO - DAG(s) 'example_skip_dag' retrieved from /home/denys/airflow_venv/lib/python3.12/site-packages/airflow/example_dags/example_skip_dag.py
[2024-05-08T13:22:19.083+0000] {logging_mixin.py:188} INFO - [2024-05-08T13:22:19.082+0000] {dag.py:3096} INFO - Sync 1 DAGs
[2024-05-08T13:22:19.094+0000] {logging_mixin.py:188} INFO - [2024-05-08T13:22:19.094+0000] {dag.py:3954} INFO - Setting next_dagrun for example_skip_dag to 2024-05-07 00:00:00+00:00, run_after=2024-05-08 00:00:00+00:00
[2024-05-08T13:22:19.119+0000] {processor.py:183} INFO - Processing /home/denys/airflow_venv/lib/python3.12/site-packages/airflow/example_dags/example_skip_dag.py took 0.058 seconds
[2024-05-08T13:23:22.120+0000] {processor.py:161} INFO - Started process (PID=2576) to work on /home/denys/airflow_venv/lib/python3.12/site-packages/airflow/example_dags/example_skip_dag.py
[2024-05-08T13:23:22.122+0000] {processor.py:830} INFO - Processing file /home/denys/airflow_venv/lib/python3.12/site-packages/airflow/example_dags/example_skip_dag.py for tasks to queue
[2024-05-08T13:23:22.123+0000] {logging_mixin.py:188} INFO - [2024-05-08T13:23:22.123+0000] {dagbag.py:545} INFO - Filling up the DagBag from /home/denys/airflow_venv/lib/python3.12/site-packages/airflow/example_dags/example_skip_dag.py
[2024-05-08T13:23:22.127+0000] {processor.py:840} INFO - DAG(s) 'example_skip_dag' retrieved from /home/denys/airflow_venv/lib/python3.12/site-packages/airflow/example_dags/example_skip_dag.py
[2024-05-08T13:23:22.138+0000] {logging_mixin.py:188} INFO - [2024-05-08T13:23:22.138+0000] {dag.py:3096} INFO - Sync 1 DAGs
[2024-05-08T13:23:22.150+0000] {logging_mixin.py:188} INFO - [2024-05-08T13:23:22.150+0000] {dag.py:3954} INFO - Setting next_dagrun for example_skip_dag to 2024-05-07 00:00:00+00:00, run_after=2024-05-08 00:00:00+00:00
[2024-05-08T13:23:22.175+0000] {processor.py:183} INFO - Processing /home/denys/airflow_venv/lib/python3.12/site-packages/airflow/example_dags/example_skip_dag.py took 0.058 seconds
[2024-05-08T13:24:20.292+0000] {processor.py:161} INFO - Started process (PID=2710) to work on /home/denys/airflow_venv/lib/python3.12/site-packages/airflow/example_dags/example_skip_dag.py
[2024-05-08T13:24:20.294+0000] {processor.py:830} INFO - Processing file /home/denys/airflow_venv/lib/python3.12/site-packages/airflow/example_dags/example_skip_dag.py for tasks to queue
[2024-05-08T13:24:20.295+0000] {logging_mixin.py:188} INFO - [2024-05-08T13:24:20.295+0000] {dagbag.py:545} INFO - Filling up the DagBag from /home/denys/airflow_venv/lib/python3.12/site-packages/airflow/example_dags/example_skip_dag.py
[2024-05-08T13:24:20.299+0000] {processor.py:840} INFO - DAG(s) 'example_skip_dag' retrieved from /home/denys/airflow_venv/lib/python3.12/site-packages/airflow/example_dags/example_skip_dag.py
[2024-05-08T13:24:20.309+0000] {logging_mixin.py:188} INFO - [2024-05-08T13:24:20.308+0000] {dag.py:3096} INFO - Sync 1 DAGs
[2024-05-08T13:24:20.319+0000] {logging_mixin.py:188} INFO - [2024-05-08T13:24:20.319+0000] {dag.py:3954} INFO - Setting next_dagrun for example_skip_dag to 2024-05-07 00:00:00+00:00, run_after=2024-05-08 00:00:00+00:00
[2024-05-08T13:24:20.341+0000] {processor.py:183} INFO - Processing /home/denys/airflow_venv/lib/python3.12/site-packages/airflow/example_dags/example_skip_dag.py took 0.052 seconds
[2024-05-08T13:25:20.062+0000] {processor.py:161} INFO - Started process (PID=2778) to work on /home/denys/airflow_venv/lib/python3.12/site-packages/airflow/example_dags/example_skip_dag.py
[2024-05-08T13:25:20.064+0000] {processor.py:830} INFO - Processing file /home/denys/airflow_venv/lib/python3.12/site-packages/airflow/example_dags/example_skip_dag.py for tasks to queue
[2024-05-08T13:25:20.065+0000] {logging_mixin.py:188} INFO - [2024-05-08T13:25:20.064+0000] {dagbag.py:545} INFO - Filling up the DagBag from /home/denys/airflow_venv/lib/python3.12/site-packages/airflow/example_dags/example_skip_dag.py
[2024-05-08T13:25:20.069+0000] {processor.py:840} INFO - DAG(s) 'example_skip_dag' retrieved from /home/denys/airflow_venv/lib/python3.12/site-packages/airflow/example_dags/example_skip_dag.py
[2024-05-08T13:25:20.079+0000] {logging_mixin.py:188} INFO - [2024-05-08T13:25:20.079+0000] {dag.py:3096} INFO - Sync 1 DAGs
[2024-05-08T13:25:20.090+0000] {logging_mixin.py:188} INFO - [2024-05-08T13:25:20.090+0000] {dag.py:3954} INFO - Setting next_dagrun for example_skip_dag to 2024-05-07 00:00:00+00:00, run_after=2024-05-08 00:00:00+00:00
[2024-05-08T13:25:20.108+0000] {processor.py:183} INFO - Processing /home/denys/airflow_venv/lib/python3.12/site-packages/airflow/example_dags/example_skip_dag.py took 0.050 seconds
[2024-05-08T13:26:21.612+0000] {processor.py:161} INFO - Started process (PID=2842) to work on /home/denys/airflow_venv/lib/python3.12/site-packages/airflow/example_dags/example_skip_dag.py
[2024-05-08T13:26:21.613+0000] {processor.py:830} INFO - Processing file /home/denys/airflow_venv/lib/python3.12/site-packages/airflow/example_dags/example_skip_dag.py for tasks to queue
[2024-05-08T13:26:21.614+0000] {logging_mixin.py:188} INFO - [2024-05-08T13:26:21.613+0000] {dagbag.py:545} INFO - Filling up the DagBag from /home/denys/airflow_venv/lib/python3.12/site-packages/airflow/example_dags/example_skip_dag.py
[2024-05-08T13:26:21.618+0000] {processor.py:840} INFO - DAG(s) 'example_skip_dag' retrieved from /home/denys/airflow_venv/lib/python3.12/site-packages/airflow/example_dags/example_skip_dag.py
[2024-05-08T13:26:21.628+0000] {logging_mixin.py:188} INFO - [2024-05-08T13:26:21.628+0000] {dag.py:3096} INFO - Sync 1 DAGs
[2024-05-08T13:26:21.640+0000] {logging_mixin.py:188} INFO - [2024-05-08T13:26:21.639+0000] {dag.py:3954} INFO - Setting next_dagrun for example_skip_dag to 2024-05-07 00:00:00+00:00, run_after=2024-05-08 00:00:00+00:00
[2024-05-08T13:26:21.657+0000] {processor.py:183} INFO - Processing /home/denys/airflow_venv/lib/python3.12/site-packages/airflow/example_dags/example_skip_dag.py took 0.049 seconds
[2024-05-08T13:27:26.975+0000] {processor.py:161} INFO - Started process (PID=2908) to work on /home/denys/airflow_venv/lib/python3.12/site-packages/airflow/example_dags/example_skip_dag.py
[2024-05-08T13:27:26.976+0000] {processor.py:830} INFO - Processing file /home/denys/airflow_venv/lib/python3.12/site-packages/airflow/example_dags/example_skip_dag.py for tasks to queue
[2024-05-08T13:27:26.977+0000] {logging_mixin.py:188} INFO - [2024-05-08T13:27:26.977+0000] {dagbag.py:545} INFO - Filling up the DagBag from /home/denys/airflow_venv/lib/python3.12/site-packages/airflow/example_dags/example_skip_dag.py
[2024-05-08T13:27:26.981+0000] {processor.py:840} INFO - DAG(s) 'example_skip_dag' retrieved from /home/denys/airflow_venv/lib/python3.12/site-packages/airflow/example_dags/example_skip_dag.py
[2024-05-08T13:27:26.990+0000] {logging_mixin.py:188} INFO - [2024-05-08T13:27:26.990+0000] {dag.py:3096} INFO - Sync 1 DAGs
[2024-05-08T13:27:27.000+0000] {logging_mixin.py:188} INFO - [2024-05-08T13:27:27.000+0000] {dag.py:3954} INFO - Setting next_dagrun for example_skip_dag to 2024-05-07 00:00:00+00:00, run_after=2024-05-08 00:00:00+00:00
[2024-05-08T13:27:27.021+0000] {processor.py:183} INFO - Processing /home/denys/airflow_venv/lib/python3.12/site-packages/airflow/example_dags/example_skip_dag.py took 0.049 seconds
[2024-05-08T13:28:10.168+0000] {processor.py:161} INFO - Started process (PID=2953) to work on /home/denys/airflow_venv/lib/python3.12/site-packages/airflow/example_dags/example_skip_dag.py
[2024-05-08T13:28:10.169+0000] {processor.py:830} INFO - Processing file /home/denys/airflow_venv/lib/python3.12/site-packages/airflow/example_dags/example_skip_dag.py for tasks to queue
[2024-05-08T13:28:10.171+0000] {logging_mixin.py:188} INFO - [2024-05-08T13:28:10.170+0000] {dagbag.py:545} INFO - Filling up the DagBag from /home/denys/airflow_venv/lib/python3.12/site-packages/airflow/example_dags/example_skip_dag.py
[2024-05-08T13:28:10.176+0000] {processor.py:840} INFO - DAG(s) 'example_skip_dag' retrieved from /home/denys/airflow_venv/lib/python3.12/site-packages/airflow/example_dags/example_skip_dag.py
[2024-05-08T13:28:10.186+0000] {logging_mixin.py:188} INFO - [2024-05-08T13:28:10.186+0000] {dag.py:3096} INFO - Sync 1 DAGs
[2024-05-08T13:28:10.197+0000] {logging_mixin.py:188} INFO - [2024-05-08T13:28:10.197+0000] {dag.py:3954} INFO - Setting next_dagrun for example_skip_dag to 2024-05-07 00:00:00+00:00, run_after=2024-05-08 00:00:00+00:00
[2024-05-08T13:28:10.219+0000] {processor.py:183} INFO - Processing /home/denys/airflow_venv/lib/python3.12/site-packages/airflow/example_dags/example_skip_dag.py took 0.054 seconds
[2024-05-08T13:29:10.988+0000] {processor.py:161} INFO - Started process (PID=3072) to work on /home/denys/airflow_venv/lib/python3.12/site-packages/airflow/example_dags/example_skip_dag.py
[2024-05-08T13:29:10.995+0000] {processor.py:830} INFO - Processing file /home/denys/airflow_venv/lib/python3.12/site-packages/airflow/example_dags/example_skip_dag.py for tasks to queue
[2024-05-08T13:29:10.996+0000] {logging_mixin.py:188} INFO - [2024-05-08T13:29:10.995+0000] {dagbag.py:545} INFO - Filling up the DagBag from /home/denys/airflow_venv/lib/python3.12/site-packages/airflow/example_dags/example_skip_dag.py
[2024-05-08T13:29:11.000+0000] {processor.py:840} INFO - DAG(s) 'example_skip_dag' retrieved from /home/denys/airflow_venv/lib/python3.12/site-packages/airflow/example_dags/example_skip_dag.py
[2024-05-08T13:29:11.009+0000] {logging_mixin.py:188} INFO - [2024-05-08T13:29:11.009+0000] {dag.py:3096} INFO - Sync 1 DAGs
[2024-05-08T13:29:11.019+0000] {logging_mixin.py:188} INFO - [2024-05-08T13:29:11.019+0000] {dag.py:3954} INFO - Setting next_dagrun for example_skip_dag to 2024-05-07 00:00:00+00:00, run_after=2024-05-08 00:00:00+00:00
[2024-05-08T13:29:11.037+0000] {processor.py:183} INFO - Processing /home/denys/airflow_venv/lib/python3.12/site-packages/airflow/example_dags/example_skip_dag.py took 0.053 seconds
[2024-05-08T13:30:10.347+0000] {processor.py:161} INFO - Started process (PID=3135) to work on /home/denys/airflow_venv/lib/python3.12/site-packages/airflow/example_dags/example_skip_dag.py
[2024-05-08T13:30:10.348+0000] {processor.py:830} INFO - Processing file /home/denys/airflow_venv/lib/python3.12/site-packages/airflow/example_dags/example_skip_dag.py for tasks to queue
[2024-05-08T13:30:10.349+0000] {logging_mixin.py:188} INFO - [2024-05-08T13:30:10.349+0000] {dagbag.py:545} INFO - Filling up the DagBag from /home/denys/airflow_venv/lib/python3.12/site-packages/airflow/example_dags/example_skip_dag.py
[2024-05-08T13:30:10.353+0000] {processor.py:840} INFO - DAG(s) 'example_skip_dag' retrieved from /home/denys/airflow_venv/lib/python3.12/site-packages/airflow/example_dags/example_skip_dag.py
[2024-05-08T13:30:10.363+0000] {logging_mixin.py:188} INFO - [2024-05-08T13:30:10.362+0000] {dag.py:3096} INFO - Sync 1 DAGs
[2024-05-08T13:30:10.373+0000] {logging_mixin.py:188} INFO - [2024-05-08T13:30:10.373+0000] {dag.py:3954} INFO - Setting next_dagrun for example_skip_dag to 2024-05-07 00:00:00+00:00, run_after=2024-05-08 00:00:00+00:00
[2024-05-08T13:30:10.395+0000] {processor.py:183} INFO - Processing /home/denys/airflow_venv/lib/python3.12/site-packages/airflow/example_dags/example_skip_dag.py took 0.051 seconds
[2024-05-08T13:31:12.239+0000] {processor.py:161} INFO - Started process (PID=3202) to work on /home/denys/airflow_venv/lib/python3.12/site-packages/airflow/example_dags/example_skip_dag.py
[2024-05-08T13:31:12.241+0000] {processor.py:830} INFO - Processing file /home/denys/airflow_venv/lib/python3.12/site-packages/airflow/example_dags/example_skip_dag.py for tasks to queue
[2024-05-08T13:31:12.242+0000] {logging_mixin.py:188} INFO - [2024-05-08T13:31:12.242+0000] {dagbag.py:545} INFO - Filling up the DagBag from /home/denys/airflow_venv/lib/python3.12/site-packages/airflow/example_dags/example_skip_dag.py
[2024-05-08T13:31:12.246+0000] {processor.py:840} INFO - DAG(s) 'example_skip_dag' retrieved from /home/denys/airflow_venv/lib/python3.12/site-packages/airflow/example_dags/example_skip_dag.py
[2024-05-08T13:31:12.255+0000] {logging_mixin.py:188} INFO - [2024-05-08T13:31:12.255+0000] {dag.py:3096} INFO - Sync 1 DAGs
[2024-05-08T13:31:12.266+0000] {logging_mixin.py:188} INFO - [2024-05-08T13:31:12.266+0000] {dag.py:3954} INFO - Setting next_dagrun for example_skip_dag to 2024-05-07 00:00:00+00:00, run_after=2024-05-08 00:00:00+00:00
[2024-05-08T13:31:12.287+0000] {processor.py:183} INFO - Processing /home/denys/airflow_venv/lib/python3.12/site-packages/airflow/example_dags/example_skip_dag.py took 0.051 seconds
[2024-05-08T13:32:15.044+0000] {processor.py:161} INFO - Started process (PID=3266) to work on /home/denys/airflow_venv/lib/python3.12/site-packages/airflow/example_dags/example_skip_dag.py
[2024-05-08T13:32:15.045+0000] {processor.py:830} INFO - Processing file /home/denys/airflow_venv/lib/python3.12/site-packages/airflow/example_dags/example_skip_dag.py for tasks to queue
[2024-05-08T13:32:15.046+0000] {logging_mixin.py:188} INFO - [2024-05-08T13:32:15.046+0000] {dagbag.py:545} INFO - Filling up the DagBag from /home/denys/airflow_venv/lib/python3.12/site-packages/airflow/example_dags/example_skip_dag.py
[2024-05-08T13:32:15.050+0000] {processor.py:840} INFO - DAG(s) 'example_skip_dag' retrieved from /home/denys/airflow_venv/lib/python3.12/site-packages/airflow/example_dags/example_skip_dag.py
[2024-05-08T13:32:15.061+0000] {logging_mixin.py:188} INFO - [2024-05-08T13:32:15.061+0000] {dag.py:3096} INFO - Sync 1 DAGs
[2024-05-08T13:32:15.072+0000] {logging_mixin.py:188} INFO - [2024-05-08T13:32:15.072+0000] {dag.py:3954} INFO - Setting next_dagrun for example_skip_dag to 2024-05-07 00:00:00+00:00, run_after=2024-05-08 00:00:00+00:00
[2024-05-08T13:32:15.089+0000] {processor.py:183} INFO - Processing /home/denys/airflow_venv/lib/python3.12/site-packages/airflow/example_dags/example_skip_dag.py took 0.048 seconds
[2024-05-08T13:32:59.402+0000] {processor.py:161} INFO - Started process (PID=3311) to work on /home/denys/airflow_venv/lib/python3.12/site-packages/airflow/example_dags/example_skip_dag.py
[2024-05-08T13:32:59.403+0000] {processor.py:830} INFO - Processing file /home/denys/airflow_venv/lib/python3.12/site-packages/airflow/example_dags/example_skip_dag.py for tasks to queue
[2024-05-08T13:32:59.404+0000] {logging_mixin.py:188} INFO - [2024-05-08T13:32:59.404+0000] {dagbag.py:545} INFO - Filling up the DagBag from /home/denys/airflow_venv/lib/python3.12/site-packages/airflow/example_dags/example_skip_dag.py
[2024-05-08T13:32:59.408+0000] {processor.py:840} INFO - DAG(s) 'example_skip_dag' retrieved from /home/denys/airflow_venv/lib/python3.12/site-packages/airflow/example_dags/example_skip_dag.py
[2024-05-08T13:32:59.418+0000] {logging_mixin.py:188} INFO - [2024-05-08T13:32:59.418+0000] {dag.py:3096} INFO - Sync 1 DAGs
[2024-05-08T13:32:59.431+0000] {logging_mixin.py:188} INFO - [2024-05-08T13:32:59.431+0000] {dag.py:3954} INFO - Setting next_dagrun for example_skip_dag to 2024-05-07 00:00:00+00:00, run_after=2024-05-08 00:00:00+00:00
[2024-05-08T13:32:59.454+0000] {processor.py:183} INFO - Processing /home/denys/airflow_venv/lib/python3.12/site-packages/airflow/example_dags/example_skip_dag.py took 0.056 seconds
[2024-05-08T13:34:04.093+0000] {processor.py:161} INFO - Started process (PID=3381) to work on /home/denys/airflow_venv/lib/python3.12/site-packages/airflow/example_dags/example_skip_dag.py
[2024-05-08T13:34:04.095+0000] {processor.py:830} INFO - Processing file /home/denys/airflow_venv/lib/python3.12/site-packages/airflow/example_dags/example_skip_dag.py for tasks to queue
[2024-05-08T13:34:04.096+0000] {logging_mixin.py:188} INFO - [2024-05-08T13:34:04.095+0000] {dagbag.py:545} INFO - Filling up the DagBag from /home/denys/airflow_venv/lib/python3.12/site-packages/airflow/example_dags/example_skip_dag.py
[2024-05-08T13:34:04.100+0000] {processor.py:840} INFO - DAG(s) 'example_skip_dag' retrieved from /home/denys/airflow_venv/lib/python3.12/site-packages/airflow/example_dags/example_skip_dag.py
[2024-05-08T13:34:04.109+0000] {logging_mixin.py:188} INFO - [2024-05-08T13:34:04.109+0000] {dag.py:3096} INFO - Sync 1 DAGs
[2024-05-08T13:34:04.120+0000] {logging_mixin.py:188} INFO - [2024-05-08T13:34:04.119+0000] {dag.py:3954} INFO - Setting next_dagrun for example_skip_dag to 2024-05-07 00:00:00+00:00, run_after=2024-05-08 00:00:00+00:00
[2024-05-08T13:34:04.137+0000] {processor.py:183} INFO - Processing /home/denys/airflow_venv/lib/python3.12/site-packages/airflow/example_dags/example_skip_dag.py took 0.047 seconds
[2024-05-08T13:35:05.005+0000] {processor.py:161} INFO - Started process (PID=3447) to work on /home/denys/airflow_venv/lib/python3.12/site-packages/airflow/example_dags/example_skip_dag.py
[2024-05-08T13:35:05.006+0000] {processor.py:830} INFO - Processing file /home/denys/airflow_venv/lib/python3.12/site-packages/airflow/example_dags/example_skip_dag.py for tasks to queue
[2024-05-08T13:35:05.007+0000] {logging_mixin.py:188} INFO - [2024-05-08T13:35:05.006+0000] {dagbag.py:545} INFO - Filling up the DagBag from /home/denys/airflow_venv/lib/python3.12/site-packages/airflow/example_dags/example_skip_dag.py
[2024-05-08T13:35:05.010+0000] {processor.py:840} INFO - DAG(s) 'example_skip_dag' retrieved from /home/denys/airflow_venv/lib/python3.12/site-packages/airflow/example_dags/example_skip_dag.py
[2024-05-08T13:35:05.020+0000] {logging_mixin.py:188} INFO - [2024-05-08T13:35:05.020+0000] {dag.py:3096} INFO - Sync 1 DAGs
[2024-05-08T13:35:05.031+0000] {logging_mixin.py:188} INFO - [2024-05-08T13:35:05.031+0000] {dag.py:3954} INFO - Setting next_dagrun for example_skip_dag to 2024-05-07 00:00:00+00:00, run_after=2024-05-08 00:00:00+00:00
[2024-05-08T13:35:05.052+0000] {processor.py:183} INFO - Processing /home/denys/airflow_venv/lib/python3.12/site-packages/airflow/example_dags/example_skip_dag.py took 0.051 seconds
[2024-05-08T13:36:04.175+0000] {processor.py:161} INFO - Started process (PID=3509) to work on /home/denys/airflow_venv/lib/python3.12/site-packages/airflow/example_dags/example_skip_dag.py
[2024-05-08T13:36:04.176+0000] {processor.py:830} INFO - Processing file /home/denys/airflow_venv/lib/python3.12/site-packages/airflow/example_dags/example_skip_dag.py for tasks to queue
[2024-05-08T13:36:04.177+0000] {logging_mixin.py:188} INFO - [2024-05-08T13:36:04.176+0000] {dagbag.py:545} INFO - Filling up the DagBag from /home/denys/airflow_venv/lib/python3.12/site-packages/airflow/example_dags/example_skip_dag.py
[2024-05-08T13:36:04.181+0000] {processor.py:840} INFO - DAG(s) 'example_skip_dag' retrieved from /home/denys/airflow_venv/lib/python3.12/site-packages/airflow/example_dags/example_skip_dag.py
[2024-05-08T13:36:04.190+0000] {logging_mixin.py:188} INFO - [2024-05-08T13:36:04.190+0000] {dag.py:3096} INFO - Sync 1 DAGs
[2024-05-08T13:36:04.200+0000] {logging_mixin.py:188} INFO - [2024-05-08T13:36:04.200+0000] {dag.py:3954} INFO - Setting next_dagrun for example_skip_dag to 2024-05-07 00:00:00+00:00, run_after=2024-05-08 00:00:00+00:00
[2024-05-08T13:36:04.222+0000] {processor.py:183} INFO - Processing /home/denys/airflow_venv/lib/python3.12/site-packages/airflow/example_dags/example_skip_dag.py took 0.051 seconds
[2024-05-08T13:37:07.315+0000] {processor.py:161} INFO - Started process (PID=3574) to work on /home/denys/airflow_venv/lib/python3.12/site-packages/airflow/example_dags/example_skip_dag.py
[2024-05-08T13:37:07.316+0000] {processor.py:830} INFO - Processing file /home/denys/airflow_venv/lib/python3.12/site-packages/airflow/example_dags/example_skip_dag.py for tasks to queue
[2024-05-08T13:37:07.317+0000] {logging_mixin.py:188} INFO - [2024-05-08T13:37:07.317+0000] {dagbag.py:545} INFO - Filling up the DagBag from /home/denys/airflow_venv/lib/python3.12/site-packages/airflow/example_dags/example_skip_dag.py
[2024-05-08T13:37:07.321+0000] {processor.py:840} INFO - DAG(s) 'example_skip_dag' retrieved from /home/denys/airflow_venv/lib/python3.12/site-packages/airflow/example_dags/example_skip_dag.py
[2024-05-08T13:37:07.331+0000] {logging_mixin.py:188} INFO - [2024-05-08T13:37:07.331+0000] {dag.py:3096} INFO - Sync 1 DAGs
[2024-05-08T13:37:07.342+0000] {logging_mixin.py:188} INFO - [2024-05-08T13:37:07.342+0000] {dag.py:3954} INFO - Setting next_dagrun for example_skip_dag to 2024-05-07 00:00:00+00:00, run_after=2024-05-08 00:00:00+00:00
[2024-05-08T13:37:07.364+0000] {processor.py:183} INFO - Processing /home/denys/airflow_venv/lib/python3.12/site-packages/airflow/example_dags/example_skip_dag.py took 0.053 seconds
[2024-05-08T13:37:53.716+0000] {processor.py:161} INFO - Started process (PID=3621) to work on /home/denys/airflow_venv/lib/python3.12/site-packages/airflow/example_dags/example_skip_dag.py
[2024-05-08T13:37:53.717+0000] {processor.py:830} INFO - Processing file /home/denys/airflow_venv/lib/python3.12/site-packages/airflow/example_dags/example_skip_dag.py for tasks to queue
[2024-05-08T13:37:53.718+0000] {logging_mixin.py:188} INFO - [2024-05-08T13:37:53.718+0000] {dagbag.py:545} INFO - Filling up the DagBag from /home/denys/airflow_venv/lib/python3.12/site-packages/airflow/example_dags/example_skip_dag.py
[2024-05-08T13:37:53.722+0000] {processor.py:840} INFO - DAG(s) 'example_skip_dag' retrieved from /home/denys/airflow_venv/lib/python3.12/site-packages/airflow/example_dags/example_skip_dag.py
[2024-05-08T13:37:53.731+0000] {logging_mixin.py:188} INFO - [2024-05-08T13:37:53.730+0000] {dag.py:3096} INFO - Sync 1 DAGs
[2024-05-08T13:37:53.740+0000] {logging_mixin.py:188} INFO - [2024-05-08T13:37:53.740+0000] {dag.py:3954} INFO - Setting next_dagrun for example_skip_dag to 2024-05-07 00:00:00+00:00, run_after=2024-05-08 00:00:00+00:00
[2024-05-08T13:37:53.762+0000] {processor.py:183} INFO - Processing /home/denys/airflow_venv/lib/python3.12/site-packages/airflow/example_dags/example_skip_dag.py took 0.049 seconds
[2024-05-08T13:38:40.636+0000] {processor.py:161} INFO - Started process (PID=3669) to work on /home/denys/airflow_venv/lib/python3.12/site-packages/airflow/example_dags/example_skip_dag.py
[2024-05-08T13:38:40.637+0000] {processor.py:830} INFO - Processing file /home/denys/airflow_venv/lib/python3.12/site-packages/airflow/example_dags/example_skip_dag.py for tasks to queue
[2024-05-08T13:38:40.638+0000] {logging_mixin.py:188} INFO - [2024-05-08T13:38:40.638+0000] {dagbag.py:545} INFO - Filling up the DagBag from /home/denys/airflow_venv/lib/python3.12/site-packages/airflow/example_dags/example_skip_dag.py
[2024-05-08T13:38:40.642+0000] {processor.py:840} INFO - DAG(s) 'example_skip_dag' retrieved from /home/denys/airflow_venv/lib/python3.12/site-packages/airflow/example_dags/example_skip_dag.py
[2024-05-08T13:38:40.652+0000] {logging_mixin.py:188} INFO - [2024-05-08T13:38:40.652+0000] {dag.py:3096} INFO - Sync 1 DAGs
[2024-05-08T13:38:40.664+0000] {logging_mixin.py:188} INFO - [2024-05-08T13:38:40.664+0000] {dag.py:3954} INFO - Setting next_dagrun for example_skip_dag to 2024-05-07 00:00:00+00:00, run_after=2024-05-08 00:00:00+00:00
[2024-05-08T13:38:40.687+0000] {processor.py:183} INFO - Processing /home/denys/airflow_venv/lib/python3.12/site-packages/airflow/example_dags/example_skip_dag.py took 0.055 seconds
[2024-05-08T13:39:44.710+0000] {processor.py:161} INFO - Started process (PID=3734) to work on /home/denys/airflow_venv/lib/python3.12/site-packages/airflow/example_dags/example_skip_dag.py
[2024-05-08T13:39:44.712+0000] {processor.py:830} INFO - Processing file /home/denys/airflow_venv/lib/python3.12/site-packages/airflow/example_dags/example_skip_dag.py for tasks to queue
[2024-05-08T13:39:44.713+0000] {logging_mixin.py:188} INFO - [2024-05-08T13:39:44.713+0000] {dagbag.py:545} INFO - Filling up the DagBag from /home/denys/airflow_venv/lib/python3.12/site-packages/airflow/example_dags/example_skip_dag.py
[2024-05-08T13:39:44.718+0000] {processor.py:840} INFO - DAG(s) 'example_skip_dag' retrieved from /home/denys/airflow_venv/lib/python3.12/site-packages/airflow/example_dags/example_skip_dag.py
[2024-05-08T13:39:44.729+0000] {logging_mixin.py:188} INFO - [2024-05-08T13:39:44.729+0000] {dag.py:3096} INFO - Sync 1 DAGs
[2024-05-08T13:39:44.741+0000] {logging_mixin.py:188} INFO - [2024-05-08T13:39:44.741+0000] {dag.py:3954} INFO - Setting next_dagrun for example_skip_dag to 2024-05-07 00:00:00+00:00, run_after=2024-05-08 00:00:00+00:00
[2024-05-08T13:39:44.840+0000] {processor.py:183} INFO - Processing /home/denys/airflow_venv/lib/python3.12/site-packages/airflow/example_dags/example_skip_dag.py took 0.134 seconds
[2024-05-08T13:40:32.165+0000] {processor.py:161} INFO - Started process (PID=3782) to work on /home/denys/airflow_venv/lib/python3.12/site-packages/airflow/example_dags/example_skip_dag.py
[2024-05-08T13:40:32.166+0000] {processor.py:830} INFO - Processing file /home/denys/airflow_venv/lib/python3.12/site-packages/airflow/example_dags/example_skip_dag.py for tasks to queue
[2024-05-08T13:40:32.167+0000] {logging_mixin.py:188} INFO - [2024-05-08T13:40:32.167+0000] {dagbag.py:545} INFO - Filling up the DagBag from /home/denys/airflow_venv/lib/python3.12/site-packages/airflow/example_dags/example_skip_dag.py
[2024-05-08T13:40:32.171+0000] {processor.py:840} INFO - DAG(s) 'example_skip_dag' retrieved from /home/denys/airflow_venv/lib/python3.12/site-packages/airflow/example_dags/example_skip_dag.py
[2024-05-08T13:40:32.182+0000] {logging_mixin.py:188} INFO - [2024-05-08T13:40:32.182+0000] {dag.py:3096} INFO - Sync 1 DAGs
[2024-05-08T13:40:32.194+0000] {logging_mixin.py:188} INFO - [2024-05-08T13:40:32.194+0000] {dag.py:3954} INFO - Setting next_dagrun for example_skip_dag to 2024-05-07 00:00:00+00:00, run_after=2024-05-08 00:00:00+00:00
[2024-05-08T13:40:32.214+0000] {processor.py:183} INFO - Processing /home/denys/airflow_venv/lib/python3.12/site-packages/airflow/example_dags/example_skip_dag.py took 0.053 seconds
[2024-05-08T13:41:20.309+0000] {processor.py:161} INFO - Started process (PID=3829) to work on /home/denys/airflow_venv/lib/python3.12/site-packages/airflow/example_dags/example_skip_dag.py
[2024-05-08T13:41:20.311+0000] {processor.py:830} INFO - Processing file /home/denys/airflow_venv/lib/python3.12/site-packages/airflow/example_dags/example_skip_dag.py for tasks to queue
[2024-05-08T13:41:20.312+0000] {logging_mixin.py:188} INFO - [2024-05-08T13:41:20.312+0000] {dagbag.py:545} INFO - Filling up the DagBag from /home/denys/airflow_venv/lib/python3.12/site-packages/airflow/example_dags/example_skip_dag.py
[2024-05-08T13:41:20.317+0000] {processor.py:840} INFO - DAG(s) 'example_skip_dag' retrieved from /home/denys/airflow_venv/lib/python3.12/site-packages/airflow/example_dags/example_skip_dag.py
[2024-05-08T13:41:20.327+0000] {logging_mixin.py:188} INFO - [2024-05-08T13:41:20.326+0000] {dag.py:3096} INFO - Sync 1 DAGs
[2024-05-08T13:41:20.336+0000] {logging_mixin.py:188} INFO - [2024-05-08T13:41:20.336+0000] {dag.py:3954} INFO - Setting next_dagrun for example_skip_dag to 2024-05-07 00:00:00+00:00, run_after=2024-05-08 00:00:00+00:00
[2024-05-08T13:41:20.355+0000] {processor.py:183} INFO - Processing /home/denys/airflow_venv/lib/python3.12/site-packages/airflow/example_dags/example_skip_dag.py took 0.049 seconds
[2024-05-08T13:42:05.411+0000] {processor.py:161} INFO - Started process (PID=3874) to work on /home/denys/airflow_venv/lib/python3.12/site-packages/airflow/example_dags/example_skip_dag.py
[2024-05-08T13:42:05.412+0000] {processor.py:830} INFO - Processing file /home/denys/airflow_venv/lib/python3.12/site-packages/airflow/example_dags/example_skip_dag.py for tasks to queue
[2024-05-08T13:42:05.413+0000] {logging_mixin.py:188} INFO - [2024-05-08T13:42:05.413+0000] {dagbag.py:545} INFO - Filling up the DagBag from /home/denys/airflow_venv/lib/python3.12/site-packages/airflow/example_dags/example_skip_dag.py
[2024-05-08T13:42:05.417+0000] {processor.py:840} INFO - DAG(s) 'example_skip_dag' retrieved from /home/denys/airflow_venv/lib/python3.12/site-packages/airflow/example_dags/example_skip_dag.py
[2024-05-08T13:42:05.427+0000] {logging_mixin.py:188} INFO - [2024-05-08T13:42:05.427+0000] {dag.py:3096} INFO - Sync 1 DAGs
[2024-05-08T13:42:05.439+0000] {logging_mixin.py:188} INFO - [2024-05-08T13:42:05.439+0000] {dag.py:3954} INFO - Setting next_dagrun for example_skip_dag to 2024-05-07 00:00:00+00:00, run_after=2024-05-08 00:00:00+00:00
[2024-05-08T13:42:05.462+0000] {processor.py:183} INFO - Processing /home/denys/airflow_venv/lib/python3.12/site-packages/airflow/example_dags/example_skip_dag.py took 0.055 seconds
[2024-05-08T13:42:50.966+0000] {processor.py:161} INFO - Started process (PID=3920) to work on /home/denys/airflow_venv/lib/python3.12/site-packages/airflow/example_dags/example_skip_dag.py
[2024-05-08T13:42:50.973+0000] {processor.py:830} INFO - Processing file /home/denys/airflow_venv/lib/python3.12/site-packages/airflow/example_dags/example_skip_dag.py for tasks to queue
[2024-05-08T13:42:50.974+0000] {logging_mixin.py:188} INFO - [2024-05-08T13:42:50.974+0000] {dagbag.py:545} INFO - Filling up the DagBag from /home/denys/airflow_venv/lib/python3.12/site-packages/airflow/example_dags/example_skip_dag.py
[2024-05-08T13:42:50.978+0000] {processor.py:840} INFO - DAG(s) 'example_skip_dag' retrieved from /home/denys/airflow_venv/lib/python3.12/site-packages/airflow/example_dags/example_skip_dag.py
[2024-05-08T13:42:50.988+0000] {logging_mixin.py:188} INFO - [2024-05-08T13:42:50.988+0000] {dag.py:3096} INFO - Sync 1 DAGs
[2024-05-08T13:42:50.998+0000] {logging_mixin.py:188} INFO - [2024-05-08T13:42:50.998+0000] {dag.py:3954} INFO - Setting next_dagrun for example_skip_dag to 2024-05-07 00:00:00+00:00, run_after=2024-05-08 00:00:00+00:00
[2024-05-08T13:42:51.014+0000] {processor.py:183} INFO - Processing /home/denys/airflow_venv/lib/python3.12/site-packages/airflow/example_dags/example_skip_dag.py took 0.051 seconds
