[2024-05-08T13:11:54.764+0000] {processor.py:161} INFO - Started process (PID=1871) to work on /home/denys/airflow_venv/lib/python3.12/site-packages/airflow/example_dags/example_nested_branch_dag.py
[2024-05-08T13:11:54.764+0000] {processor.py:830} INFO - Processing file /home/denys/airflow_venv/lib/python3.12/site-packages/airflow/example_dags/example_nested_branch_dag.py for tasks to queue
[2024-05-08T13:11:54.765+0000] {logging_mixin.py:188} INFO - [2024-05-08T13:11:54.765+0000] {dagbag.py:545} INFO - Filling up the DagBag from /home/denys/airflow_venv/lib/python3.12/site-packages/airflow/example_dags/example_nested_branch_dag.py
[2024-05-08T13:11:54.772+0000] {processor.py:840} INFO - DAG(s) 'example_nested_branch_dag' retrieved from /home/denys/airflow_venv/lib/python3.12/site-packages/airflow/example_dags/example_nested_branch_dag.py
[2024-05-08T13:11:54.839+0000] {logging_mixin.py:188} INFO - [2024-05-08T13:11:54.838+0000] {override.py:1829} INFO - Created Permission View: can delete on DAG:example_nested_branch_dag
[2024-05-08T13:11:54.849+0000] {logging_mixin.py:188} INFO - [2024-05-08T13:11:54.849+0000] {override.py:1829} INFO - Created Permission View: can edit on DAG:example_nested_branch_dag
[2024-05-08T13:11:54.858+0000] {logging_mixin.py:188} INFO - [2024-05-08T13:11:54.858+0000] {override.py:1829} INFO - Created Permission View: can read on DAG:example_nested_branch_dag
[2024-05-08T13:11:54.858+0000] {logging_mixin.py:188} INFO - [2024-05-08T13:11:54.858+0000] {dag.py:3096} INFO - Sync 1 DAGs
[2024-05-08T13:11:54.863+0000] {logging_mixin.py:188} INFO - [2024-05-08T13:11:54.863+0000] {dag.py:3118} INFO - Creating ORM DAG for example_nested_branch_dag
[2024-05-08T13:11:54.869+0000] {logging_mixin.py:188} INFO - [2024-05-08T13:11:54.869+0000] {dag.py:3954} INFO - Setting next_dagrun for example_nested_branch_dag to 2024-05-07 00:00:00+00:00, run_after=2024-05-08 00:00:00+00:00
[2024-05-08T13:11:54.885+0000] {processor.py:183} INFO - Processing /home/denys/airflow_venv/lib/python3.12/site-packages/airflow/example_dags/example_nested_branch_dag.py took 0.124 seconds
[2024-05-08T13:12:48.180+0000] {processor.py:161} INFO - Started process (PID=1925) to work on /home/denys/airflow_venv/lib/python3.12/site-packages/airflow/example_dags/example_nested_branch_dag.py
[2024-05-08T13:12:48.182+0000] {processor.py:830} INFO - Processing file /home/denys/airflow_venv/lib/python3.12/site-packages/airflow/example_dags/example_nested_branch_dag.py for tasks to queue
[2024-05-08T13:12:48.183+0000] {logging_mixin.py:188} INFO - [2024-05-08T13:12:48.182+0000] {dagbag.py:545} INFO - Filling up the DagBag from /home/denys/airflow_venv/lib/python3.12/site-packages/airflow/example_dags/example_nested_branch_dag.py
[2024-05-08T13:12:48.188+0000] {processor.py:840} INFO - DAG(s) 'example_nested_branch_dag' retrieved from /home/denys/airflow_venv/lib/python3.12/site-packages/airflow/example_dags/example_nested_branch_dag.py
[2024-05-08T13:12:48.199+0000] {logging_mixin.py:188} INFO - [2024-05-08T13:12:48.199+0000] {dag.py:3096} INFO - Sync 1 DAGs
[2024-05-08T13:12:48.210+0000] {logging_mixin.py:188} INFO - [2024-05-08T13:12:48.210+0000] {dag.py:3954} INFO - Setting next_dagrun for example_nested_branch_dag to 2024-05-07 00:00:00+00:00, run_after=2024-05-08 00:00:00+00:00
[2024-05-08T13:12:48.231+0000] {processor.py:183} INFO - Processing /home/denys/airflow_venv/lib/python3.12/site-packages/airflow/example_dags/example_nested_branch_dag.py took 0.054 seconds
[2024-05-08T13:13:40.617+0000] {processor.py:161} INFO - Started process (PID=1980) to work on /home/denys/airflow_venv/lib/python3.12/site-packages/airflow/example_dags/example_nested_branch_dag.py
[2024-05-08T13:13:40.618+0000] {processor.py:830} INFO - Processing file /home/denys/airflow_venv/lib/python3.12/site-packages/airflow/example_dags/example_nested_branch_dag.py for tasks to queue
[2024-05-08T13:13:40.619+0000] {logging_mixin.py:188} INFO - [2024-05-08T13:13:40.619+0000] {dagbag.py:545} INFO - Filling up the DagBag from /home/denys/airflow_venv/lib/python3.12/site-packages/airflow/example_dags/example_nested_branch_dag.py
[2024-05-08T13:13:40.626+0000] {processor.py:840} INFO - DAG(s) 'example_nested_branch_dag' retrieved from /home/denys/airflow_venv/lib/python3.12/site-packages/airflow/example_dags/example_nested_branch_dag.py
[2024-05-08T13:13:40.637+0000] {logging_mixin.py:188} INFO - [2024-05-08T13:13:40.637+0000] {dag.py:3096} INFO - Sync 1 DAGs
[2024-05-08T13:13:40.650+0000] {logging_mixin.py:188} INFO - [2024-05-08T13:13:40.650+0000] {dag.py:3954} INFO - Setting next_dagrun for example_nested_branch_dag to 2024-05-07 00:00:00+00:00, run_after=2024-05-08 00:00:00+00:00
[2024-05-08T13:13:40.672+0000] {processor.py:183} INFO - Processing /home/denys/airflow_venv/lib/python3.12/site-packages/airflow/example_dags/example_nested_branch_dag.py took 0.059 seconds
[2024-05-08T13:14:24.832+0000] {processor.py:161} INFO - Started process (PID=2026) to work on /home/denys/airflow_venv/lib/python3.12/site-packages/airflow/example_dags/example_nested_branch_dag.py
[2024-05-08T13:14:24.834+0000] {processor.py:830} INFO - Processing file /home/denys/airflow_venv/lib/python3.12/site-packages/airflow/example_dags/example_nested_branch_dag.py for tasks to queue
[2024-05-08T13:14:24.835+0000] {logging_mixin.py:188} INFO - [2024-05-08T13:14:24.834+0000] {dagbag.py:545} INFO - Filling up the DagBag from /home/denys/airflow_venv/lib/python3.12/site-packages/airflow/example_dags/example_nested_branch_dag.py
[2024-05-08T13:14:24.842+0000] {processor.py:840} INFO - DAG(s) 'example_nested_branch_dag' retrieved from /home/denys/airflow_venv/lib/python3.12/site-packages/airflow/example_dags/example_nested_branch_dag.py
[2024-05-08T13:14:24.854+0000] {logging_mixin.py:188} INFO - [2024-05-08T13:14:24.854+0000] {dag.py:3096} INFO - Sync 1 DAGs
[2024-05-08T13:14:24.868+0000] {logging_mixin.py:188} INFO - [2024-05-08T13:14:24.867+0000] {dag.py:3954} INFO - Setting next_dagrun for example_nested_branch_dag to 2024-05-07 00:00:00+00:00, run_after=2024-05-08 00:00:00+00:00
[2024-05-08T13:14:24.885+0000] {processor.py:183} INFO - Processing /home/denys/airflow_venv/lib/python3.12/site-packages/airflow/example_dags/example_nested_branch_dag.py took 0.057 seconds
[2024-05-08T13:15:07.215+0000] {processor.py:161} INFO - Started process (PID=2073) to work on /home/denys/airflow_venv/lib/python3.12/site-packages/airflow/example_dags/example_nested_branch_dag.py
[2024-05-08T13:15:07.216+0000] {processor.py:830} INFO - Processing file /home/denys/airflow_venv/lib/python3.12/site-packages/airflow/example_dags/example_nested_branch_dag.py for tasks to queue
[2024-05-08T13:15:07.217+0000] {logging_mixin.py:188} INFO - [2024-05-08T13:15:07.217+0000] {dagbag.py:545} INFO - Filling up the DagBag from /home/denys/airflow_venv/lib/python3.12/site-packages/airflow/example_dags/example_nested_branch_dag.py
[2024-05-08T13:15:07.222+0000] {processor.py:840} INFO - DAG(s) 'example_nested_branch_dag' retrieved from /home/denys/airflow_venv/lib/python3.12/site-packages/airflow/example_dags/example_nested_branch_dag.py
[2024-05-08T13:15:07.232+0000] {logging_mixin.py:188} INFO - [2024-05-08T13:15:07.232+0000] {dag.py:3096} INFO - Sync 1 DAGs
[2024-05-08T13:15:07.243+0000] {logging_mixin.py:188} INFO - [2024-05-08T13:15:07.243+0000] {dag.py:3954} INFO - Setting next_dagrun for example_nested_branch_dag to 2024-05-07 00:00:00+00:00, run_after=2024-05-08 00:00:00+00:00
[2024-05-08T13:15:07.266+0000] {processor.py:183} INFO - Processing /home/denys/airflow_venv/lib/python3.12/site-packages/airflow/example_dags/example_nested_branch_dag.py took 0.055 seconds
[2024-05-08T13:15:49.987+0000] {processor.py:161} INFO - Started process (PID=2116) to work on /home/denys/airflow_venv/lib/python3.12/site-packages/airflow/example_dags/example_nested_branch_dag.py
[2024-05-08T13:15:49.988+0000] {processor.py:830} INFO - Processing file /home/denys/airflow_venv/lib/python3.12/site-packages/airflow/example_dags/example_nested_branch_dag.py for tasks to queue
[2024-05-08T13:15:49.989+0000] {logging_mixin.py:188} INFO - [2024-05-08T13:15:49.989+0000] {dagbag.py:545} INFO - Filling up the DagBag from /home/denys/airflow_venv/lib/python3.12/site-packages/airflow/example_dags/example_nested_branch_dag.py
[2024-05-08T13:15:49.995+0000] {processor.py:840} INFO - DAG(s) 'example_nested_branch_dag' retrieved from /home/denys/airflow_venv/lib/python3.12/site-packages/airflow/example_dags/example_nested_branch_dag.py
[2024-05-08T13:15:50.005+0000] {logging_mixin.py:188} INFO - [2024-05-08T13:15:50.005+0000] {dag.py:3096} INFO - Sync 1 DAGs
[2024-05-08T13:15:50.015+0000] {logging_mixin.py:188} INFO - [2024-05-08T13:15:50.015+0000] {dag.py:3954} INFO - Setting next_dagrun for example_nested_branch_dag to 2024-05-07 00:00:00+00:00, run_after=2024-05-08 00:00:00+00:00
[2024-05-08T13:15:50.038+0000] {processor.py:183} INFO - Processing /home/denys/airflow_venv/lib/python3.12/site-packages/airflow/example_dags/example_nested_branch_dag.py took 0.054 seconds
[2024-05-08T13:16:32.602+0000] {processor.py:161} INFO - Started process (PID=2160) to work on /home/denys/airflow_venv/lib/python3.12/site-packages/airflow/example_dags/example_nested_branch_dag.py
[2024-05-08T13:16:32.604+0000] {processor.py:830} INFO - Processing file /home/denys/airflow_venv/lib/python3.12/site-packages/airflow/example_dags/example_nested_branch_dag.py for tasks to queue
[2024-05-08T13:16:32.605+0000] {logging_mixin.py:188} INFO - [2024-05-08T13:16:32.604+0000] {dagbag.py:545} INFO - Filling up the DagBag from /home/denys/airflow_venv/lib/python3.12/site-packages/airflow/example_dags/example_nested_branch_dag.py
[2024-05-08T13:16:32.610+0000] {processor.py:840} INFO - DAG(s) 'example_nested_branch_dag' retrieved from /home/denys/airflow_venv/lib/python3.12/site-packages/airflow/example_dags/example_nested_branch_dag.py
[2024-05-08T13:16:32.622+0000] {logging_mixin.py:188} INFO - [2024-05-08T13:16:32.622+0000] {dag.py:3096} INFO - Sync 1 DAGs
[2024-05-08T13:16:32.634+0000] {logging_mixin.py:188} INFO - [2024-05-08T13:16:32.634+0000] {dag.py:3954} INFO - Setting next_dagrun for example_nested_branch_dag to 2024-05-07 00:00:00+00:00, run_after=2024-05-08 00:00:00+00:00
[2024-05-08T13:16:32.655+0000] {processor.py:183} INFO - Processing /home/denys/airflow_venv/lib/python3.12/site-packages/airflow/example_dags/example_nested_branch_dag.py took 0.057 seconds
[2024-05-08T13:17:14.467+0000] {processor.py:161} INFO - Started process (PID=2206) to work on /home/denys/airflow_venv/lib/python3.12/site-packages/airflow/example_dags/example_nested_branch_dag.py
[2024-05-08T13:17:14.469+0000] {processor.py:830} INFO - Processing file /home/denys/airflow_venv/lib/python3.12/site-packages/airflow/example_dags/example_nested_branch_dag.py for tasks to queue
[2024-05-08T13:17:14.470+0000] {logging_mixin.py:188} INFO - [2024-05-08T13:17:14.470+0000] {dagbag.py:545} INFO - Filling up the DagBag from /home/denys/airflow_venv/lib/python3.12/site-packages/airflow/example_dags/example_nested_branch_dag.py
[2024-05-08T13:17:14.476+0000] {processor.py:840} INFO - DAG(s) 'example_nested_branch_dag' retrieved from /home/denys/airflow_venv/lib/python3.12/site-packages/airflow/example_dags/example_nested_branch_dag.py
[2024-05-08T13:17:14.486+0000] {logging_mixin.py:188} INFO - [2024-05-08T13:17:14.486+0000] {dag.py:3096} INFO - Sync 1 DAGs
[2024-05-08T13:17:14.496+0000] {logging_mixin.py:188} INFO - [2024-05-08T13:17:14.496+0000] {dag.py:3954} INFO - Setting next_dagrun for example_nested_branch_dag to 2024-05-07 00:00:00+00:00, run_after=2024-05-08 00:00:00+00:00
[2024-05-08T13:17:14.519+0000] {processor.py:183} INFO - Processing /home/denys/airflow_venv/lib/python3.12/site-packages/airflow/example_dags/example_nested_branch_dag.py took 0.055 seconds
[2024-05-08T13:17:58.037+0000] {processor.py:161} INFO - Started process (PID=2253) to work on /home/denys/airflow_venv/lib/python3.12/site-packages/airflow/example_dags/example_nested_branch_dag.py
[2024-05-08T13:17:58.039+0000] {processor.py:830} INFO - Processing file /home/denys/airflow_venv/lib/python3.12/site-packages/airflow/example_dags/example_nested_branch_dag.py for tasks to queue
[2024-05-08T13:17:58.040+0000] {logging_mixin.py:188} INFO - [2024-05-08T13:17:58.039+0000] {dagbag.py:545} INFO - Filling up the DagBag from /home/denys/airflow_venv/lib/python3.12/site-packages/airflow/example_dags/example_nested_branch_dag.py
[2024-05-08T13:17:58.045+0000] {processor.py:840} INFO - DAG(s) 'example_nested_branch_dag' retrieved from /home/denys/airflow_venv/lib/python3.12/site-packages/airflow/example_dags/example_nested_branch_dag.py
[2024-05-08T13:17:58.055+0000] {logging_mixin.py:188} INFO - [2024-05-08T13:17:58.055+0000] {dag.py:3096} INFO - Sync 1 DAGs
[2024-05-08T13:17:58.066+0000] {logging_mixin.py:188} INFO - [2024-05-08T13:17:58.066+0000] {dag.py:3954} INFO - Setting next_dagrun for example_nested_branch_dag to 2024-05-07 00:00:00+00:00, run_after=2024-05-08 00:00:00+00:00
[2024-05-08T13:17:58.084+0000] {processor.py:183} INFO - Processing /home/denys/airflow_venv/lib/python3.12/site-packages/airflow/example_dags/example_nested_branch_dag.py took 0.050 seconds
[2024-05-08T13:19:24.720+0000] {processor.py:161} INFO - Started process (PID=2327) to work on /home/denys/airflow_venv/lib/python3.12/site-packages/airflow/example_dags/example_nested_branch_dag.py
[2024-05-08T13:19:24.723+0000] {processor.py:830} INFO - Processing file /home/denys/airflow_venv/lib/python3.12/site-packages/airflow/example_dags/example_nested_branch_dag.py for tasks to queue
[2024-05-08T13:19:24.724+0000] {logging_mixin.py:188} INFO - [2024-05-08T13:19:24.724+0000] {dagbag.py:545} INFO - Filling up the DagBag from /home/denys/airflow_venv/lib/python3.12/site-packages/airflow/example_dags/example_nested_branch_dag.py
[2024-05-08T13:19:24.733+0000] {processor.py:840} INFO - DAG(s) 'example_nested_branch_dag' retrieved from /home/denys/airflow_venv/lib/python3.12/site-packages/airflow/example_dags/example_nested_branch_dag.py
[2024-05-08T13:19:24.739+0000] {logging_mixin.py:188} INFO - [2024-05-08T13:19:24.739+0000] {dag.py:3096} INFO - Sync 1 DAGs
[2024-05-08T13:19:24.753+0000] {logging_mixin.py:188} INFO - [2024-05-08T13:19:24.753+0000] {dag.py:3954} INFO - Setting next_dagrun for example_nested_branch_dag to 2024-05-07 00:00:00+00:00, run_after=2024-05-08 00:00:00+00:00
[2024-05-08T13:19:24.772+0000] {processor.py:183} INFO - Processing /home/denys/airflow_venv/lib/python3.12/site-packages/airflow/example_dags/example_nested_branch_dag.py took 0.057 seconds
[2024-05-08T13:20:16.495+0000] {processor.py:161} INFO - Started process (PID=2384) to work on /home/denys/airflow_venv/lib/python3.12/site-packages/airflow/example_dags/example_nested_branch_dag.py
[2024-05-08T13:20:16.496+0000] {processor.py:830} INFO - Processing file /home/denys/airflow_venv/lib/python3.12/site-packages/airflow/example_dags/example_nested_branch_dag.py for tasks to queue
[2024-05-08T13:20:16.497+0000] {logging_mixin.py:188} INFO - [2024-05-08T13:20:16.497+0000] {dagbag.py:545} INFO - Filling up the DagBag from /home/denys/airflow_venv/lib/python3.12/site-packages/airflow/example_dags/example_nested_branch_dag.py
[2024-05-08T13:20:16.502+0000] {processor.py:840} INFO - DAG(s) 'example_nested_branch_dag' retrieved from /home/denys/airflow_venv/lib/python3.12/site-packages/airflow/example_dags/example_nested_branch_dag.py
[2024-05-08T13:20:16.553+0000] {logging_mixin.py:188} INFO - [2024-05-08T13:20:16.553+0000] {dag.py:3096} INFO - Sync 1 DAGs
[2024-05-08T13:20:16.562+0000] {logging_mixin.py:188} INFO - [2024-05-08T13:20:16.561+0000] {dag.py:3954} INFO - Setting next_dagrun for example_nested_branch_dag to 2024-05-07 00:00:00+00:00, run_after=2024-05-08 00:00:00+00:00
[2024-05-08T13:20:16.584+0000] {processor.py:183} INFO - Processing /home/denys/airflow_venv/lib/python3.12/site-packages/airflow/example_dags/example_nested_branch_dag.py took 0.092 seconds
[2024-05-08T13:21:06.054+0000] {processor.py:161} INFO - Started process (PID=2436) to work on /home/denys/airflow_venv/lib/python3.12/site-packages/airflow/example_dags/example_nested_branch_dag.py
[2024-05-08T13:21:06.056+0000] {processor.py:830} INFO - Processing file /home/denys/airflow_venv/lib/python3.12/site-packages/airflow/example_dags/example_nested_branch_dag.py for tasks to queue
[2024-05-08T13:21:06.057+0000] {logging_mixin.py:188} INFO - [2024-05-08T13:21:06.057+0000] {dagbag.py:545} INFO - Filling up the DagBag from /home/denys/airflow_venv/lib/python3.12/site-packages/airflow/example_dags/example_nested_branch_dag.py
[2024-05-08T13:21:06.063+0000] {processor.py:840} INFO - DAG(s) 'example_nested_branch_dag' retrieved from /home/denys/airflow_venv/lib/python3.12/site-packages/airflow/example_dags/example_nested_branch_dag.py
[2024-05-08T13:21:06.073+0000] {logging_mixin.py:188} INFO - [2024-05-08T13:21:06.073+0000] {dag.py:3096} INFO - Sync 1 DAGs
[2024-05-08T13:21:06.083+0000] {logging_mixin.py:188} INFO - [2024-05-08T13:21:06.083+0000] {dag.py:3954} INFO - Setting next_dagrun for example_nested_branch_dag to 2024-05-07 00:00:00+00:00, run_after=2024-05-08 00:00:00+00:00
[2024-05-08T13:21:06.100+0000] {processor.py:183} INFO - Processing /home/denys/airflow_venv/lib/python3.12/site-packages/airflow/example_dags/example_nested_branch_dag.py took 0.049 seconds
[2024-05-08T13:21:49.828+0000] {processor.py:161} INFO - Started process (PID=2478) to work on /home/denys/airflow_venv/lib/python3.12/site-packages/airflow/example_dags/example_nested_branch_dag.py
[2024-05-08T13:21:49.833+0000] {processor.py:830} INFO - Processing file /home/denys/airflow_venv/lib/python3.12/site-packages/airflow/example_dags/example_nested_branch_dag.py for tasks to queue
[2024-05-08T13:21:49.835+0000] {logging_mixin.py:188} INFO - [2024-05-08T13:21:49.835+0000] {dagbag.py:545} INFO - Filling up the DagBag from /home/denys/airflow_venv/lib/python3.12/site-packages/airflow/example_dags/example_nested_branch_dag.py
[2024-05-08T13:21:49.843+0000] {processor.py:840} INFO - DAG(s) 'example_nested_branch_dag' retrieved from /home/denys/airflow_venv/lib/python3.12/site-packages/airflow/example_dags/example_nested_branch_dag.py
[2024-05-08T13:21:49.855+0000] {logging_mixin.py:188} INFO - [2024-05-08T13:21:49.855+0000] {dag.py:3096} INFO - Sync 1 DAGs
[2024-05-08T13:21:49.867+0000] {logging_mixin.py:188} INFO - [2024-05-08T13:21:49.866+0000] {dag.py:3954} INFO - Setting next_dagrun for example_nested_branch_dag to 2024-05-07 00:00:00+00:00, run_after=2024-05-08 00:00:00+00:00
[2024-05-08T13:21:49.884+0000] {processor.py:183} INFO - Processing /home/denys/airflow_venv/lib/python3.12/site-packages/airflow/example_dags/example_nested_branch_dag.py took 0.060 seconds
[2024-05-08T13:22:33.791+0000] {processor.py:161} INFO - Started process (PID=2524) to work on /home/denys/airflow_venv/lib/python3.12/site-packages/airflow/example_dags/example_nested_branch_dag.py
[2024-05-08T13:22:33.792+0000] {processor.py:830} INFO - Processing file /home/denys/airflow_venv/lib/python3.12/site-packages/airflow/example_dags/example_nested_branch_dag.py for tasks to queue
[2024-05-08T13:22:33.794+0000] {logging_mixin.py:188} INFO - [2024-05-08T13:22:33.793+0000] {dagbag.py:545} INFO - Filling up the DagBag from /home/denys/airflow_venv/lib/python3.12/site-packages/airflow/example_dags/example_nested_branch_dag.py
[2024-05-08T13:22:33.800+0000] {processor.py:840} INFO - DAG(s) 'example_nested_branch_dag' retrieved from /home/denys/airflow_venv/lib/python3.12/site-packages/airflow/example_dags/example_nested_branch_dag.py
[2024-05-08T13:22:33.809+0000] {logging_mixin.py:188} INFO - [2024-05-08T13:22:33.809+0000] {dag.py:3096} INFO - Sync 1 DAGs
[2024-05-08T13:22:33.819+0000] {logging_mixin.py:188} INFO - [2024-05-08T13:22:33.819+0000] {dag.py:3954} INFO - Setting next_dagrun for example_nested_branch_dag to 2024-05-07 00:00:00+00:00, run_after=2024-05-08 00:00:00+00:00
[2024-05-08T13:22:33.842+0000] {processor.py:183} INFO - Processing /home/denys/airflow_venv/lib/python3.12/site-packages/airflow/example_dags/example_nested_branch_dag.py took 0.055 seconds
[2024-05-08T13:23:15.056+0000] {processor.py:161} INFO - Started process (PID=2569) to work on /home/denys/airflow_venv/lib/python3.12/site-packages/airflow/example_dags/example_nested_branch_dag.py
[2024-05-08T13:23:15.057+0000] {processor.py:830} INFO - Processing file /home/denys/airflow_venv/lib/python3.12/site-packages/airflow/example_dags/example_nested_branch_dag.py for tasks to queue
[2024-05-08T13:23:15.058+0000] {logging_mixin.py:188} INFO - [2024-05-08T13:23:15.058+0000] {dagbag.py:545} INFO - Filling up the DagBag from /home/denys/airflow_venv/lib/python3.12/site-packages/airflow/example_dags/example_nested_branch_dag.py
[2024-05-08T13:23:15.064+0000] {processor.py:840} INFO - DAG(s) 'example_nested_branch_dag' retrieved from /home/denys/airflow_venv/lib/python3.12/site-packages/airflow/example_dags/example_nested_branch_dag.py
[2024-05-08T13:23:15.073+0000] {logging_mixin.py:188} INFO - [2024-05-08T13:23:15.073+0000] {dag.py:3096} INFO - Sync 1 DAGs
[2024-05-08T13:23:15.083+0000] {logging_mixin.py:188} INFO - [2024-05-08T13:23:15.083+0000] {dag.py:3954} INFO - Setting next_dagrun for example_nested_branch_dag to 2024-05-07 00:00:00+00:00, run_after=2024-05-08 00:00:00+00:00
[2024-05-08T13:23:15.107+0000] {processor.py:183} INFO - Processing /home/denys/airflow_venv/lib/python3.12/site-packages/airflow/example_dags/example_nested_branch_dag.py took 0.054 seconds
[2024-05-08T13:23:56.215+0000] {processor.py:161} INFO - Started process (PID=2681) to work on /home/denys/airflow_venv/lib/python3.12/site-packages/airflow/example_dags/example_nested_branch_dag.py
[2024-05-08T13:23:56.216+0000] {processor.py:830} INFO - Processing file /home/denys/airflow_venv/lib/python3.12/site-packages/airflow/example_dags/example_nested_branch_dag.py for tasks to queue
[2024-05-08T13:23:56.217+0000] {logging_mixin.py:188} INFO - [2024-05-08T13:23:56.217+0000] {dagbag.py:545} INFO - Filling up the DagBag from /home/denys/airflow_venv/lib/python3.12/site-packages/airflow/example_dags/example_nested_branch_dag.py
[2024-05-08T13:23:56.223+0000] {processor.py:840} INFO - DAG(s) 'example_nested_branch_dag' retrieved from /home/denys/airflow_venv/lib/python3.12/site-packages/airflow/example_dags/example_nested_branch_dag.py
[2024-05-08T13:23:56.232+0000] {logging_mixin.py:188} INFO - [2024-05-08T13:23:56.232+0000] {dag.py:3096} INFO - Sync 1 DAGs
[2024-05-08T13:23:56.242+0000] {logging_mixin.py:188} INFO - [2024-05-08T13:23:56.242+0000] {dag.py:3954} INFO - Setting next_dagrun for example_nested_branch_dag to 2024-05-07 00:00:00+00:00, run_after=2024-05-08 00:00:00+00:00
[2024-05-08T13:23:56.265+0000] {processor.py:183} INFO - Processing /home/denys/airflow_venv/lib/python3.12/site-packages/airflow/example_dags/example_nested_branch_dag.py took 0.054 seconds
[2024-05-08T13:24:36.124+0000] {processor.py:161} INFO - Started process (PID=2727) to work on /home/denys/airflow_venv/lib/python3.12/site-packages/airflow/example_dags/example_nested_branch_dag.py
[2024-05-08T13:24:36.125+0000] {processor.py:830} INFO - Processing file /home/denys/airflow_venv/lib/python3.12/site-packages/airflow/example_dags/example_nested_branch_dag.py for tasks to queue
[2024-05-08T13:24:36.126+0000] {logging_mixin.py:188} INFO - [2024-05-08T13:24:36.125+0000] {dagbag.py:545} INFO - Filling up the DagBag from /home/denys/airflow_venv/lib/python3.12/site-packages/airflow/example_dags/example_nested_branch_dag.py
[2024-05-08T13:24:36.131+0000] {processor.py:840} INFO - DAG(s) 'example_nested_branch_dag' retrieved from /home/denys/airflow_venv/lib/python3.12/site-packages/airflow/example_dags/example_nested_branch_dag.py
[2024-05-08T13:24:36.143+0000] {logging_mixin.py:188} INFO - [2024-05-08T13:24:36.143+0000] {dag.py:3096} INFO - Sync 1 DAGs
[2024-05-08T13:24:36.159+0000] {logging_mixin.py:188} INFO - [2024-05-08T13:24:36.159+0000] {dag.py:3954} INFO - Setting next_dagrun for example_nested_branch_dag to 2024-05-07 00:00:00+00:00, run_after=2024-05-08 00:00:00+00:00
[2024-05-08T13:24:36.176+0000] {processor.py:183} INFO - Processing /home/denys/airflow_venv/lib/python3.12/site-packages/airflow/example_dags/example_nested_branch_dag.py took 0.055 seconds
[2024-05-08T13:25:17.212+0000] {processor.py:161} INFO - Started process (PID=2775) to work on /home/denys/airflow_venv/lib/python3.12/site-packages/airflow/example_dags/example_nested_branch_dag.py
[2024-05-08T13:25:17.214+0000] {processor.py:830} INFO - Processing file /home/denys/airflow_venv/lib/python3.12/site-packages/airflow/example_dags/example_nested_branch_dag.py for tasks to queue
[2024-05-08T13:25:17.215+0000] {logging_mixin.py:188} INFO - [2024-05-08T13:25:17.215+0000] {dagbag.py:545} INFO - Filling up the DagBag from /home/denys/airflow_venv/lib/python3.12/site-packages/airflow/example_dags/example_nested_branch_dag.py
[2024-05-08T13:25:17.221+0000] {processor.py:840} INFO - DAG(s) 'example_nested_branch_dag' retrieved from /home/denys/airflow_venv/lib/python3.12/site-packages/airflow/example_dags/example_nested_branch_dag.py
[2024-05-08T13:25:17.232+0000] {logging_mixin.py:188} INFO - [2024-05-08T13:25:17.232+0000] {dag.py:3096} INFO - Sync 1 DAGs
[2024-05-08T13:25:17.244+0000] {logging_mixin.py:188} INFO - [2024-05-08T13:25:17.244+0000] {dag.py:3954} INFO - Setting next_dagrun for example_nested_branch_dag to 2024-05-07 00:00:00+00:00, run_after=2024-05-08 00:00:00+00:00
[2024-05-08T13:25:17.262+0000] {processor.py:183} INFO - Processing /home/denys/airflow_venv/lib/python3.12/site-packages/airflow/example_dags/example_nested_branch_dag.py took 0.053 seconds
[2024-05-08T13:26:16.279+0000] {processor.py:161} INFO - Started process (PID=2837) to work on /home/denys/airflow_venv/lib/python3.12/site-packages/airflow/example_dags/example_nested_branch_dag.py
[2024-05-08T13:26:16.281+0000] {processor.py:830} INFO - Processing file /home/denys/airflow_venv/lib/python3.12/site-packages/airflow/example_dags/example_nested_branch_dag.py for tasks to queue
[2024-05-08T13:26:16.282+0000] {logging_mixin.py:188} INFO - [2024-05-08T13:26:16.282+0000] {dagbag.py:545} INFO - Filling up the DagBag from /home/denys/airflow_venv/lib/python3.12/site-packages/airflow/example_dags/example_nested_branch_dag.py
[2024-05-08T13:26:16.288+0000] {processor.py:840} INFO - DAG(s) 'example_nested_branch_dag' retrieved from /home/denys/airflow_venv/lib/python3.12/site-packages/airflow/example_dags/example_nested_branch_dag.py
[2024-05-08T13:26:16.299+0000] {logging_mixin.py:188} INFO - [2024-05-08T13:26:16.298+0000] {dag.py:3096} INFO - Sync 1 DAGs
[2024-05-08T13:26:16.311+0000] {logging_mixin.py:188} INFO - [2024-05-08T13:26:16.311+0000] {dag.py:3954} INFO - Setting next_dagrun for example_nested_branch_dag to 2024-05-07 00:00:00+00:00, run_after=2024-05-08 00:00:00+00:00
[2024-05-08T13:26:16.329+0000] {processor.py:183} INFO - Processing /home/denys/airflow_venv/lib/python3.12/site-packages/airflow/example_dags/example_nested_branch_dag.py took 0.053 seconds
[2024-05-08T13:27:00.087+0000] {processor.py:161} INFO - Started process (PID=2880) to work on /home/denys/airflow_venv/lib/python3.12/site-packages/airflow/example_dags/example_nested_branch_dag.py
[2024-05-08T13:27:00.088+0000] {processor.py:830} INFO - Processing file /home/denys/airflow_venv/lib/python3.12/site-packages/airflow/example_dags/example_nested_branch_dag.py for tasks to queue
[2024-05-08T13:27:00.090+0000] {logging_mixin.py:188} INFO - [2024-05-08T13:27:00.089+0000] {dagbag.py:545} INFO - Filling up the DagBag from /home/denys/airflow_venv/lib/python3.12/site-packages/airflow/example_dags/example_nested_branch_dag.py
[2024-05-08T13:27:00.096+0000] {processor.py:840} INFO - DAG(s) 'example_nested_branch_dag' retrieved from /home/denys/airflow_venv/lib/python3.12/site-packages/airflow/example_dags/example_nested_branch_dag.py
[2024-05-08T13:27:00.105+0000] {logging_mixin.py:188} INFO - [2024-05-08T13:27:00.105+0000] {dag.py:3096} INFO - Sync 1 DAGs
[2024-05-08T13:27:00.115+0000] {logging_mixin.py:188} INFO - [2024-05-08T13:27:00.115+0000] {dag.py:3954} INFO - Setting next_dagrun for example_nested_branch_dag to 2024-05-07 00:00:00+00:00, run_after=2024-05-08 00:00:00+00:00
[2024-05-08T13:27:00.131+0000] {processor.py:183} INFO - Processing /home/denys/airflow_venv/lib/python3.12/site-packages/airflow/example_dags/example_nested_branch_dag.py took 0.047 seconds
[2024-05-08T13:27:43.843+0000] {processor.py:161} INFO - Started process (PID=2925) to work on /home/denys/airflow_venv/lib/python3.12/site-packages/airflow/example_dags/example_nested_branch_dag.py
[2024-05-08T13:27:43.845+0000] {processor.py:830} INFO - Processing file /home/denys/airflow_venv/lib/python3.12/site-packages/airflow/example_dags/example_nested_branch_dag.py for tasks to queue
[2024-05-08T13:27:43.846+0000] {logging_mixin.py:188} INFO - [2024-05-08T13:27:43.846+0000] {dagbag.py:545} INFO - Filling up the DagBag from /home/denys/airflow_venv/lib/python3.12/site-packages/airflow/example_dags/example_nested_branch_dag.py
[2024-05-08T13:27:43.852+0000] {processor.py:840} INFO - DAG(s) 'example_nested_branch_dag' retrieved from /home/denys/airflow_venv/lib/python3.12/site-packages/airflow/example_dags/example_nested_branch_dag.py
[2024-05-08T13:27:43.863+0000] {logging_mixin.py:188} INFO - [2024-05-08T13:27:43.863+0000] {dag.py:3096} INFO - Sync 1 DAGs
[2024-05-08T13:27:43.874+0000] {logging_mixin.py:188} INFO - [2024-05-08T13:27:43.874+0000] {dag.py:3954} INFO - Setting next_dagrun for example_nested_branch_dag to 2024-05-07 00:00:00+00:00, run_after=2024-05-08 00:00:00+00:00
[2024-05-08T13:27:43.896+0000] {processor.py:183} INFO - Processing /home/denys/airflow_venv/lib/python3.12/site-packages/airflow/example_dags/example_nested_branch_dag.py took 0.056 seconds
[2024-05-08T13:28:27.561+0000] {processor.py:161} INFO - Started process (PID=2971) to work on /home/denys/airflow_venv/lib/python3.12/site-packages/airflow/example_dags/example_nested_branch_dag.py
[2024-05-08T13:28:27.563+0000] {processor.py:830} INFO - Processing file /home/denys/airflow_venv/lib/python3.12/site-packages/airflow/example_dags/example_nested_branch_dag.py for tasks to queue
[2024-05-08T13:28:27.564+0000] {logging_mixin.py:188} INFO - [2024-05-08T13:28:27.564+0000] {dagbag.py:545} INFO - Filling up the DagBag from /home/denys/airflow_venv/lib/python3.12/site-packages/airflow/example_dags/example_nested_branch_dag.py
[2024-05-08T13:28:27.570+0000] {processor.py:840} INFO - DAG(s) 'example_nested_branch_dag' retrieved from /home/denys/airflow_venv/lib/python3.12/site-packages/airflow/example_dags/example_nested_branch_dag.py
[2024-05-08T13:28:27.581+0000] {logging_mixin.py:188} INFO - [2024-05-08T13:28:27.581+0000] {dag.py:3096} INFO - Sync 1 DAGs
[2024-05-08T13:28:27.593+0000] {logging_mixin.py:188} INFO - [2024-05-08T13:28:27.593+0000] {dag.py:3954} INFO - Setting next_dagrun for example_nested_branch_dag to 2024-05-07 00:00:00+00:00, run_after=2024-05-08 00:00:00+00:00
[2024-05-08T13:28:27.615+0000] {processor.py:183} INFO - Processing /home/denys/airflow_venv/lib/python3.12/site-packages/airflow/example_dags/example_nested_branch_dag.py took 0.057 seconds
[2024-05-08T13:29:08.430+0000] {processor.py:161} INFO - Started process (PID=3069) to work on /home/denys/airflow_venv/lib/python3.12/site-packages/airflow/example_dags/example_nested_branch_dag.py
[2024-05-08T13:29:08.432+0000] {processor.py:830} INFO - Processing file /home/denys/airflow_venv/lib/python3.12/site-packages/airflow/example_dags/example_nested_branch_dag.py for tasks to queue
[2024-05-08T13:29:08.433+0000] {logging_mixin.py:188} INFO - [2024-05-08T13:29:08.433+0000] {dagbag.py:545} INFO - Filling up the DagBag from /home/denys/airflow_venv/lib/python3.12/site-packages/airflow/example_dags/example_nested_branch_dag.py
[2024-05-08T13:29:08.440+0000] {processor.py:840} INFO - DAG(s) 'example_nested_branch_dag' retrieved from /home/denys/airflow_venv/lib/python3.12/site-packages/airflow/example_dags/example_nested_branch_dag.py
[2024-05-08T13:29:08.450+0000] {logging_mixin.py:188} INFO - [2024-05-08T13:29:08.450+0000] {dag.py:3096} INFO - Sync 1 DAGs
[2024-05-08T13:29:08.461+0000] {logging_mixin.py:188} INFO - [2024-05-08T13:29:08.461+0000] {dag.py:3954} INFO - Setting next_dagrun for example_nested_branch_dag to 2024-05-07 00:00:00+00:00, run_after=2024-05-08 00:00:00+00:00
[2024-05-08T13:29:08.485+0000] {processor.py:183} INFO - Processing /home/denys/airflow_venv/lib/python3.12/site-packages/airflow/example_dags/example_nested_branch_dag.py took 0.058 seconds
[2024-05-08T13:30:07.421+0000] {processor.py:161} INFO - Started process (PID=3132) to work on /home/denys/airflow_venv/lib/python3.12/site-packages/airflow/example_dags/example_nested_branch_dag.py
[2024-05-08T13:30:07.422+0000] {processor.py:830} INFO - Processing file /home/denys/airflow_venv/lib/python3.12/site-packages/airflow/example_dags/example_nested_branch_dag.py for tasks to queue
[2024-05-08T13:30:07.423+0000] {logging_mixin.py:188} INFO - [2024-05-08T13:30:07.423+0000] {dagbag.py:545} INFO - Filling up the DagBag from /home/denys/airflow_venv/lib/python3.12/site-packages/airflow/example_dags/example_nested_branch_dag.py
[2024-05-08T13:30:07.430+0000] {processor.py:840} INFO - DAG(s) 'example_nested_branch_dag' retrieved from /home/denys/airflow_venv/lib/python3.12/site-packages/airflow/example_dags/example_nested_branch_dag.py
[2024-05-08T13:30:07.440+0000] {logging_mixin.py:188} INFO - [2024-05-08T13:30:07.440+0000] {dag.py:3096} INFO - Sync 1 DAGs
[2024-05-08T13:30:07.451+0000] {logging_mixin.py:188} INFO - [2024-05-08T13:30:07.451+0000] {dag.py:3954} INFO - Setting next_dagrun for example_nested_branch_dag to 2024-05-07 00:00:00+00:00, run_after=2024-05-08 00:00:00+00:00
[2024-05-08T13:30:07.475+0000] {processor.py:183} INFO - Processing /home/denys/airflow_venv/lib/python3.12/site-packages/airflow/example_dags/example_nested_branch_dag.py took 0.057 seconds
[2024-05-08T13:30:48.573+0000] {processor.py:161} INFO - Started process (PID=3177) to work on /home/denys/airflow_venv/lib/python3.12/site-packages/airflow/example_dags/example_nested_branch_dag.py
[2024-05-08T13:30:48.575+0000] {processor.py:830} INFO - Processing file /home/denys/airflow_venv/lib/python3.12/site-packages/airflow/example_dags/example_nested_branch_dag.py for tasks to queue
[2024-05-08T13:30:48.576+0000] {logging_mixin.py:188} INFO - [2024-05-08T13:30:48.576+0000] {dagbag.py:545} INFO - Filling up the DagBag from /home/denys/airflow_venv/lib/python3.12/site-packages/airflow/example_dags/example_nested_branch_dag.py
[2024-05-08T13:30:48.582+0000] {processor.py:840} INFO - DAG(s) 'example_nested_branch_dag' retrieved from /home/denys/airflow_venv/lib/python3.12/site-packages/airflow/example_dags/example_nested_branch_dag.py
[2024-05-08T13:30:48.591+0000] {logging_mixin.py:188} INFO - [2024-05-08T13:30:48.591+0000] {dag.py:3096} INFO - Sync 1 DAGs
[2024-05-08T13:30:48.602+0000] {logging_mixin.py:188} INFO - [2024-05-08T13:30:48.602+0000] {dag.py:3954} INFO - Setting next_dagrun for example_nested_branch_dag to 2024-05-07 00:00:00+00:00, run_after=2024-05-08 00:00:00+00:00
[2024-05-08T13:30:48.621+0000] {processor.py:183} INFO - Processing /home/denys/airflow_venv/lib/python3.12/site-packages/airflow/example_dags/example_nested_branch_dag.py took 0.052 seconds
[2024-05-08T13:31:29.731+0000] {processor.py:161} INFO - Started process (PID=3221) to work on /home/denys/airflow_venv/lib/python3.12/site-packages/airflow/example_dags/example_nested_branch_dag.py
[2024-05-08T13:31:29.732+0000] {processor.py:830} INFO - Processing file /home/denys/airflow_venv/lib/python3.12/site-packages/airflow/example_dags/example_nested_branch_dag.py for tasks to queue
[2024-05-08T13:31:29.733+0000] {logging_mixin.py:188} INFO - [2024-05-08T13:31:29.733+0000] {dagbag.py:545} INFO - Filling up the DagBag from /home/denys/airflow_venv/lib/python3.12/site-packages/airflow/example_dags/example_nested_branch_dag.py
[2024-05-08T13:31:29.739+0000] {processor.py:840} INFO - DAG(s) 'example_nested_branch_dag' retrieved from /home/denys/airflow_venv/lib/python3.12/site-packages/airflow/example_dags/example_nested_branch_dag.py
[2024-05-08T13:31:29.753+0000] {logging_mixin.py:188} INFO - [2024-05-08T13:31:29.753+0000] {dag.py:3096} INFO - Sync 1 DAGs
[2024-05-08T13:31:29.763+0000] {logging_mixin.py:188} INFO - [2024-05-08T13:31:29.763+0000] {dag.py:3954} INFO - Setting next_dagrun for example_nested_branch_dag to 2024-05-07 00:00:00+00:00, run_after=2024-05-08 00:00:00+00:00
[2024-05-08T13:31:29.781+0000] {processor.py:183} INFO - Processing /home/denys/airflow_venv/lib/python3.12/site-packages/airflow/example_dags/example_nested_branch_dag.py took 0.053 seconds
[2024-05-08T13:32:11.164+0000] {processor.py:161} INFO - Started process (PID=3262) to work on /home/denys/airflow_venv/lib/python3.12/site-packages/airflow/example_dags/example_nested_branch_dag.py
[2024-05-08T13:32:11.166+0000] {processor.py:830} INFO - Processing file /home/denys/airflow_venv/lib/python3.12/site-packages/airflow/example_dags/example_nested_branch_dag.py for tasks to queue
[2024-05-08T13:32:11.167+0000] {logging_mixin.py:188} INFO - [2024-05-08T13:32:11.167+0000] {dagbag.py:545} INFO - Filling up the DagBag from /home/denys/airflow_venv/lib/python3.12/site-packages/airflow/example_dags/example_nested_branch_dag.py
[2024-05-08T13:32:11.175+0000] {processor.py:840} INFO - DAG(s) 'example_nested_branch_dag' retrieved from /home/denys/airflow_venv/lib/python3.12/site-packages/airflow/example_dags/example_nested_branch_dag.py
[2024-05-08T13:32:11.187+0000] {logging_mixin.py:188} INFO - [2024-05-08T13:32:11.187+0000] {dag.py:3096} INFO - Sync 1 DAGs
[2024-05-08T13:32:11.198+0000] {logging_mixin.py:188} INFO - [2024-05-08T13:32:11.197+0000] {dag.py:3954} INFO - Setting next_dagrun for example_nested_branch_dag to 2024-05-07 00:00:00+00:00, run_after=2024-05-08 00:00:00+00:00
[2024-05-08T13:32:11.220+0000] {processor.py:183} INFO - Processing /home/denys/airflow_venv/lib/python3.12/site-packages/airflow/example_dags/example_nested_branch_dag.py took 0.059 seconds
[2024-05-08T13:32:56.053+0000] {processor.py:161} INFO - Started process (PID=3307) to work on /home/denys/airflow_venv/lib/python3.12/site-packages/airflow/example_dags/example_nested_branch_dag.py
[2024-05-08T13:32:56.054+0000] {processor.py:830} INFO - Processing file /home/denys/airflow_venv/lib/python3.12/site-packages/airflow/example_dags/example_nested_branch_dag.py for tasks to queue
[2024-05-08T13:32:56.055+0000] {logging_mixin.py:188} INFO - [2024-05-08T13:32:56.055+0000] {dagbag.py:545} INFO - Filling up the DagBag from /home/denys/airflow_venv/lib/python3.12/site-packages/airflow/example_dags/example_nested_branch_dag.py
[2024-05-08T13:32:56.061+0000] {processor.py:840} INFO - DAG(s) 'example_nested_branch_dag' retrieved from /home/denys/airflow_venv/lib/python3.12/site-packages/airflow/example_dags/example_nested_branch_dag.py
[2024-05-08T13:32:56.071+0000] {logging_mixin.py:188} INFO - [2024-05-08T13:32:56.071+0000] {dag.py:3096} INFO - Sync 1 DAGs
[2024-05-08T13:32:56.081+0000] {logging_mixin.py:188} INFO - [2024-05-08T13:32:56.081+0000] {dag.py:3954} INFO - Setting next_dagrun for example_nested_branch_dag to 2024-05-07 00:00:00+00:00, run_after=2024-05-08 00:00:00+00:00
[2024-05-08T13:32:56.103+0000] {processor.py:183} INFO - Processing /home/denys/airflow_venv/lib/python3.12/site-packages/airflow/example_dags/example_nested_branch_dag.py took 0.053 seconds
[2024-05-08T13:33:39.779+0000] {processor.py:161} INFO - Started process (PID=3352) to work on /home/denys/airflow_venv/lib/python3.12/site-packages/airflow/example_dags/example_nested_branch_dag.py
[2024-05-08T13:33:39.785+0000] {processor.py:830} INFO - Processing file /home/denys/airflow_venv/lib/python3.12/site-packages/airflow/example_dags/example_nested_branch_dag.py for tasks to queue
[2024-05-08T13:33:39.788+0000] {logging_mixin.py:188} INFO - [2024-05-08T13:33:39.788+0000] {dagbag.py:545} INFO - Filling up the DagBag from /home/denys/airflow_venv/lib/python3.12/site-packages/airflow/example_dags/example_nested_branch_dag.py
[2024-05-08T13:33:39.795+0000] {processor.py:840} INFO - DAG(s) 'example_nested_branch_dag' retrieved from /home/denys/airflow_venv/lib/python3.12/site-packages/airflow/example_dags/example_nested_branch_dag.py
[2024-05-08T13:33:39.805+0000] {logging_mixin.py:188} INFO - [2024-05-08T13:33:39.805+0000] {dag.py:3096} INFO - Sync 1 DAGs
[2024-05-08T13:33:39.817+0000] {logging_mixin.py:188} INFO - [2024-05-08T13:33:39.816+0000] {dag.py:3954} INFO - Setting next_dagrun for example_nested_branch_dag to 2024-05-07 00:00:00+00:00, run_after=2024-05-08 00:00:00+00:00
[2024-05-08T13:33:39.837+0000] {processor.py:183} INFO - Processing /home/denys/airflow_venv/lib/python3.12/site-packages/airflow/example_dags/example_nested_branch_dag.py took 0.061 seconds
[2024-05-08T13:34:21.248+0000] {processor.py:161} INFO - Started process (PID=3399) to work on /home/denys/airflow_venv/lib/python3.12/site-packages/airflow/example_dags/example_nested_branch_dag.py
[2024-05-08T13:34:21.249+0000] {processor.py:830} INFO - Processing file /home/denys/airflow_venv/lib/python3.12/site-packages/airflow/example_dags/example_nested_branch_dag.py for tasks to queue
[2024-05-08T13:34:21.250+0000] {logging_mixin.py:188} INFO - [2024-05-08T13:34:21.250+0000] {dagbag.py:545} INFO - Filling up the DagBag from /home/denys/airflow_venv/lib/python3.12/site-packages/airflow/example_dags/example_nested_branch_dag.py
[2024-05-08T13:34:21.256+0000] {processor.py:840} INFO - DAG(s) 'example_nested_branch_dag' retrieved from /home/denys/airflow_venv/lib/python3.12/site-packages/airflow/example_dags/example_nested_branch_dag.py
[2024-05-08T13:34:21.267+0000] {logging_mixin.py:188} INFO - [2024-05-08T13:34:21.267+0000] {dag.py:3096} INFO - Sync 1 DAGs
[2024-05-08T13:34:21.280+0000] {logging_mixin.py:188} INFO - [2024-05-08T13:34:21.280+0000] {dag.py:3954} INFO - Setting next_dagrun for example_nested_branch_dag to 2024-05-07 00:00:00+00:00, run_after=2024-05-08 00:00:00+00:00
[2024-05-08T13:34:21.304+0000] {processor.py:183} INFO - Processing /home/denys/airflow_venv/lib/python3.12/site-packages/airflow/example_dags/example_nested_branch_dag.py took 0.060 seconds
[2024-05-08T13:35:02.151+0000] {processor.py:161} INFO - Started process (PID=3444) to work on /home/denys/airflow_venv/lib/python3.12/site-packages/airflow/example_dags/example_nested_branch_dag.py
[2024-05-08T13:35:02.152+0000] {processor.py:830} INFO - Processing file /home/denys/airflow_venv/lib/python3.12/site-packages/airflow/example_dags/example_nested_branch_dag.py for tasks to queue
[2024-05-08T13:35:02.153+0000] {logging_mixin.py:188} INFO - [2024-05-08T13:35:02.153+0000] {dagbag.py:545} INFO - Filling up the DagBag from /home/denys/airflow_venv/lib/python3.12/site-packages/airflow/example_dags/example_nested_branch_dag.py
[2024-05-08T13:35:02.159+0000] {processor.py:840} INFO - DAG(s) 'example_nested_branch_dag' retrieved from /home/denys/airflow_venv/lib/python3.12/site-packages/airflow/example_dags/example_nested_branch_dag.py
[2024-05-08T13:35:02.169+0000] {logging_mixin.py:188} INFO - [2024-05-08T13:35:02.169+0000] {dag.py:3096} INFO - Sync 1 DAGs
[2024-05-08T13:35:02.179+0000] {logging_mixin.py:188} INFO - [2024-05-08T13:35:02.179+0000] {dag.py:3954} INFO - Setting next_dagrun for example_nested_branch_dag to 2024-05-07 00:00:00+00:00, run_after=2024-05-08 00:00:00+00:00
[2024-05-08T13:35:02.200+0000] {processor.py:183} INFO - Processing /home/denys/airflow_venv/lib/python3.12/site-packages/airflow/example_dags/example_nested_branch_dag.py took 0.053 seconds
[2024-05-08T13:36:00.231+0000] {processor.py:161} INFO - Started process (PID=3505) to work on /home/denys/airflow_venv/lib/python3.12/site-packages/airflow/example_dags/example_nested_branch_dag.py
[2024-05-08T13:36:00.233+0000] {processor.py:830} INFO - Processing file /home/denys/airflow_venv/lib/python3.12/site-packages/airflow/example_dags/example_nested_branch_dag.py for tasks to queue
[2024-05-08T13:36:00.234+0000] {logging_mixin.py:188} INFO - [2024-05-08T13:36:00.234+0000] {dagbag.py:545} INFO - Filling up the DagBag from /home/denys/airflow_venv/lib/python3.12/site-packages/airflow/example_dags/example_nested_branch_dag.py
[2024-05-08T13:36:00.241+0000] {processor.py:840} INFO - DAG(s) 'example_nested_branch_dag' retrieved from /home/denys/airflow_venv/lib/python3.12/site-packages/airflow/example_dags/example_nested_branch_dag.py
[2024-05-08T13:36:00.251+0000] {logging_mixin.py:188} INFO - [2024-05-08T13:36:00.251+0000] {dag.py:3096} INFO - Sync 1 DAGs
[2024-05-08T13:36:00.261+0000] {logging_mixin.py:188} INFO - [2024-05-08T13:36:00.261+0000] {dag.py:3954} INFO - Setting next_dagrun for example_nested_branch_dag to 2024-05-07 00:00:00+00:00, run_after=2024-05-08 00:00:00+00:00
[2024-05-08T13:36:00.283+0000] {processor.py:183} INFO - Processing /home/denys/airflow_venv/lib/python3.12/site-packages/airflow/example_dags/example_nested_branch_dag.py took 0.055 seconds
[2024-05-08T13:36:41.287+0000] {processor.py:161} INFO - Started process (PID=3548) to work on /home/denys/airflow_venv/lib/python3.12/site-packages/airflow/example_dags/example_nested_branch_dag.py
[2024-05-08T13:36:41.289+0000] {processor.py:830} INFO - Processing file /home/denys/airflow_venv/lib/python3.12/site-packages/airflow/example_dags/example_nested_branch_dag.py for tasks to queue
[2024-05-08T13:36:41.290+0000] {logging_mixin.py:188} INFO - [2024-05-08T13:36:41.290+0000] {dagbag.py:545} INFO - Filling up the DagBag from /home/denys/airflow_venv/lib/python3.12/site-packages/airflow/example_dags/example_nested_branch_dag.py
[2024-05-08T13:36:41.296+0000] {processor.py:840} INFO - DAG(s) 'example_nested_branch_dag' retrieved from /home/denys/airflow_venv/lib/python3.12/site-packages/airflow/example_dags/example_nested_branch_dag.py
[2024-05-08T13:36:41.307+0000] {logging_mixin.py:188} INFO - [2024-05-08T13:36:41.307+0000] {dag.py:3096} INFO - Sync 1 DAGs
[2024-05-08T13:36:41.319+0000] {logging_mixin.py:188} INFO - [2024-05-08T13:36:41.319+0000] {dag.py:3954} INFO - Setting next_dagrun for example_nested_branch_dag to 2024-05-07 00:00:00+00:00, run_after=2024-05-08 00:00:00+00:00
[2024-05-08T13:36:41.342+0000] {processor.py:183} INFO - Processing /home/denys/airflow_venv/lib/python3.12/site-packages/airflow/example_dags/example_nested_branch_dag.py took 0.058 seconds
[2024-05-08T13:37:23.165+0000] {processor.py:161} INFO - Started process (PID=3592) to work on /home/denys/airflow_venv/lib/python3.12/site-packages/airflow/example_dags/example_nested_branch_dag.py
[2024-05-08T13:37:23.166+0000] {processor.py:830} INFO - Processing file /home/denys/airflow_venv/lib/python3.12/site-packages/airflow/example_dags/example_nested_branch_dag.py for tasks to queue
[2024-05-08T13:37:23.168+0000] {logging_mixin.py:188} INFO - [2024-05-08T13:37:23.168+0000] {dagbag.py:545} INFO - Filling up the DagBag from /home/denys/airflow_venv/lib/python3.12/site-packages/airflow/example_dags/example_nested_branch_dag.py
[2024-05-08T13:37:23.174+0000] {processor.py:840} INFO - DAG(s) 'example_nested_branch_dag' retrieved from /home/denys/airflow_venv/lib/python3.12/site-packages/airflow/example_dags/example_nested_branch_dag.py
[2024-05-08T13:37:23.186+0000] {logging_mixin.py:188} INFO - [2024-05-08T13:37:23.186+0000] {dag.py:3096} INFO - Sync 1 DAGs
[2024-05-08T13:37:23.198+0000] {logging_mixin.py:188} INFO - [2024-05-08T13:37:23.198+0000] {dag.py:3954} INFO - Setting next_dagrun for example_nested_branch_dag to 2024-05-07 00:00:00+00:00, run_after=2024-05-08 00:00:00+00:00
[2024-05-08T13:37:23.217+0000] {processor.py:183} INFO - Processing /home/denys/airflow_venv/lib/python3.12/site-packages/airflow/example_dags/example_nested_branch_dag.py took 0.055 seconds
[2024-05-08T13:38:12.499+0000] {processor.py:161} INFO - Started process (PID=3640) to work on /home/denys/airflow_venv/lib/python3.12/site-packages/airflow/example_dags/example_nested_branch_dag.py
[2024-05-08T13:38:12.500+0000] {processor.py:830} INFO - Processing file /home/denys/airflow_venv/lib/python3.12/site-packages/airflow/example_dags/example_nested_branch_dag.py for tasks to queue
[2024-05-08T13:38:12.501+0000] {logging_mixin.py:188} INFO - [2024-05-08T13:38:12.501+0000] {dagbag.py:545} INFO - Filling up the DagBag from /home/denys/airflow_venv/lib/python3.12/site-packages/airflow/example_dags/example_nested_branch_dag.py
[2024-05-08T13:38:12.507+0000] {processor.py:840} INFO - DAG(s) 'example_nested_branch_dag' retrieved from /home/denys/airflow_venv/lib/python3.12/site-packages/airflow/example_dags/example_nested_branch_dag.py
[2024-05-08T13:38:12.516+0000] {logging_mixin.py:188} INFO - [2024-05-08T13:38:12.516+0000] {dag.py:3096} INFO - Sync 1 DAGs
[2024-05-08T13:38:12.526+0000] {logging_mixin.py:188} INFO - [2024-05-08T13:38:12.526+0000] {dag.py:3954} INFO - Setting next_dagrun for example_nested_branch_dag to 2024-05-07 00:00:00+00:00, run_after=2024-05-08 00:00:00+00:00
[2024-05-08T13:38:12.548+0000] {processor.py:183} INFO - Processing /home/denys/airflow_venv/lib/python3.12/site-packages/airflow/example_dags/example_nested_branch_dag.py took 0.053 seconds
[2024-05-08T13:38:57.282+0000] {processor.py:161} INFO - Started process (PID=3687) to work on /home/denys/airflow_venv/lib/python3.12/site-packages/airflow/example_dags/example_nested_branch_dag.py
[2024-05-08T13:38:57.284+0000] {processor.py:830} INFO - Processing file /home/denys/airflow_venv/lib/python3.12/site-packages/airflow/example_dags/example_nested_branch_dag.py for tasks to queue
[2024-05-08T13:38:57.285+0000] {logging_mixin.py:188} INFO - [2024-05-08T13:38:57.285+0000] {dagbag.py:545} INFO - Filling up the DagBag from /home/denys/airflow_venv/lib/python3.12/site-packages/airflow/example_dags/example_nested_branch_dag.py
[2024-05-08T13:38:57.291+0000] {processor.py:840} INFO - DAG(s) 'example_nested_branch_dag' retrieved from /home/denys/airflow_venv/lib/python3.12/site-packages/airflow/example_dags/example_nested_branch_dag.py
[2024-05-08T13:38:57.302+0000] {logging_mixin.py:188} INFO - [2024-05-08T13:38:57.301+0000] {dag.py:3096} INFO - Sync 1 DAGs
[2024-05-08T13:38:57.313+0000] {logging_mixin.py:188} INFO - [2024-05-08T13:38:57.313+0000] {dag.py:3954} INFO - Setting next_dagrun for example_nested_branch_dag to 2024-05-07 00:00:00+00:00, run_after=2024-05-08 00:00:00+00:00
[2024-05-08T13:38:57.333+0000] {processor.py:183} INFO - Processing /home/denys/airflow_venv/lib/python3.12/site-packages/airflow/example_dags/example_nested_branch_dag.py took 0.054 seconds
[2024-05-08T13:39:39.386+0000] {processor.py:161} INFO - Started process (PID=3729) to work on /home/denys/airflow_venv/lib/python3.12/site-packages/airflow/example_dags/example_nested_branch_dag.py
[2024-05-08T13:39:39.387+0000] {processor.py:830} INFO - Processing file /home/denys/airflow_venv/lib/python3.12/site-packages/airflow/example_dags/example_nested_branch_dag.py for tasks to queue
[2024-05-08T13:39:39.388+0000] {logging_mixin.py:188} INFO - [2024-05-08T13:39:39.388+0000] {dagbag.py:545} INFO - Filling up the DagBag from /home/denys/airflow_venv/lib/python3.12/site-packages/airflow/example_dags/example_nested_branch_dag.py
[2024-05-08T13:39:39.394+0000] {processor.py:840} INFO - DAG(s) 'example_nested_branch_dag' retrieved from /home/denys/airflow_venv/lib/python3.12/site-packages/airflow/example_dags/example_nested_branch_dag.py
[2024-05-08T13:39:39.405+0000] {logging_mixin.py:188} INFO - [2024-05-08T13:39:39.405+0000] {dag.py:3096} INFO - Sync 1 DAGs
[2024-05-08T13:39:39.416+0000] {logging_mixin.py:188} INFO - [2024-05-08T13:39:39.416+0000] {dag.py:3954} INFO - Setting next_dagrun for example_nested_branch_dag to 2024-05-07 00:00:00+00:00, run_after=2024-05-08 00:00:00+00:00
[2024-05-08T13:39:39.502+0000] {processor.py:183} INFO - Processing /home/denys/airflow_venv/lib/python3.12/site-packages/airflow/example_dags/example_nested_branch_dag.py took 0.121 seconds
[2024-05-08T13:40:26.931+0000] {processor.py:161} INFO - Started process (PID=3777) to work on /home/denys/airflow_venv/lib/python3.12/site-packages/airflow/example_dags/example_nested_branch_dag.py
[2024-05-08T13:40:26.932+0000] {processor.py:830} INFO - Processing file /home/denys/airflow_venv/lib/python3.12/site-packages/airflow/example_dags/example_nested_branch_dag.py for tasks to queue
[2024-05-08T13:40:26.933+0000] {logging_mixin.py:188} INFO - [2024-05-08T13:40:26.933+0000] {dagbag.py:545} INFO - Filling up the DagBag from /home/denys/airflow_venv/lib/python3.12/site-packages/airflow/example_dags/example_nested_branch_dag.py
[2024-05-08T13:40:26.939+0000] {processor.py:840} INFO - DAG(s) 'example_nested_branch_dag' retrieved from /home/denys/airflow_venv/lib/python3.12/site-packages/airflow/example_dags/example_nested_branch_dag.py
[2024-05-08T13:40:26.948+0000] {logging_mixin.py:188} INFO - [2024-05-08T13:40:26.948+0000] {dag.py:3096} INFO - Sync 1 DAGs
[2024-05-08T13:40:26.958+0000] {logging_mixin.py:188} INFO - [2024-05-08T13:40:26.958+0000] {dag.py:3954} INFO - Setting next_dagrun for example_nested_branch_dag to 2024-05-07 00:00:00+00:00, run_after=2024-05-08 00:00:00+00:00
[2024-05-08T13:40:26.981+0000] {processor.py:183} INFO - Processing /home/denys/airflow_venv/lib/python3.12/site-packages/airflow/example_dags/example_nested_branch_dag.py took 0.054 seconds
[2024-05-08T13:41:16.212+0000] {processor.py:161} INFO - Started process (PID=3824) to work on /home/denys/airflow_venv/lib/python3.12/site-packages/airflow/example_dags/example_nested_branch_dag.py
[2024-05-08T13:41:16.214+0000] {processor.py:830} INFO - Processing file /home/denys/airflow_venv/lib/python3.12/site-packages/airflow/example_dags/example_nested_branch_dag.py for tasks to queue
[2024-05-08T13:41:16.215+0000] {logging_mixin.py:188} INFO - [2024-05-08T13:41:16.214+0000] {dagbag.py:545} INFO - Filling up the DagBag from /home/denys/airflow_venv/lib/python3.12/site-packages/airflow/example_dags/example_nested_branch_dag.py
[2024-05-08T13:41:16.221+0000] {processor.py:840} INFO - DAG(s) 'example_nested_branch_dag' retrieved from /home/denys/airflow_venv/lib/python3.12/site-packages/airflow/example_dags/example_nested_branch_dag.py
[2024-05-08T13:41:16.230+0000] {logging_mixin.py:188} INFO - [2024-05-08T13:41:16.230+0000] {dag.py:3096} INFO - Sync 1 DAGs
[2024-05-08T13:41:16.240+0000] {logging_mixin.py:188} INFO - [2024-05-08T13:41:16.240+0000] {dag.py:3954} INFO - Setting next_dagrun for example_nested_branch_dag to 2024-05-07 00:00:00+00:00, run_after=2024-05-08 00:00:00+00:00
[2024-05-08T13:41:16.264+0000] {processor.py:183} INFO - Processing /home/denys/airflow_venv/lib/python3.12/site-packages/airflow/example_dags/example_nested_branch_dag.py took 0.055 seconds
[2024-05-08T13:42:00.443+0000] {processor.py:161} INFO - Started process (PID=3869) to work on /home/denys/airflow_venv/lib/python3.12/site-packages/airflow/example_dags/example_nested_branch_dag.py
[2024-05-08T13:42:00.450+0000] {processor.py:830} INFO - Processing file /home/denys/airflow_venv/lib/python3.12/site-packages/airflow/example_dags/example_nested_branch_dag.py for tasks to queue
[2024-05-08T13:42:00.451+0000] {logging_mixin.py:188} INFO - [2024-05-08T13:42:00.451+0000] {dagbag.py:545} INFO - Filling up the DagBag from /home/denys/airflow_venv/lib/python3.12/site-packages/airflow/example_dags/example_nested_branch_dag.py
[2024-05-08T13:42:00.457+0000] {processor.py:840} INFO - DAG(s) 'example_nested_branch_dag' retrieved from /home/denys/airflow_venv/lib/python3.12/site-packages/airflow/example_dags/example_nested_branch_dag.py
[2024-05-08T13:42:00.470+0000] {logging_mixin.py:188} INFO - [2024-05-08T13:42:00.470+0000] {dag.py:3096} INFO - Sync 1 DAGs
[2024-05-08T13:42:00.485+0000] {logging_mixin.py:188} INFO - [2024-05-08T13:42:00.485+0000] {dag.py:3954} INFO - Setting next_dagrun for example_nested_branch_dag to 2024-05-07 00:00:00+00:00, run_after=2024-05-08 00:00:00+00:00
[2024-05-08T13:42:00.501+0000] {processor.py:183} INFO - Processing /home/denys/airflow_venv/lib/python3.12/site-packages/airflow/example_dags/example_nested_branch_dag.py took 0.062 seconds
[2024-05-08T13:42:44.920+0000] {processor.py:161} INFO - Started process (PID=3914) to work on /home/denys/airflow_venv/lib/python3.12/site-packages/airflow/example_dags/example_nested_branch_dag.py
[2024-05-08T13:42:44.921+0000] {processor.py:830} INFO - Processing file /home/denys/airflow_venv/lib/python3.12/site-packages/airflow/example_dags/example_nested_branch_dag.py for tasks to queue
[2024-05-08T13:42:44.922+0000] {logging_mixin.py:188} INFO - [2024-05-08T13:42:44.922+0000] {dagbag.py:545} INFO - Filling up the DagBag from /home/denys/airflow_venv/lib/python3.12/site-packages/airflow/example_dags/example_nested_branch_dag.py
[2024-05-08T13:42:44.928+0000] {processor.py:840} INFO - DAG(s) 'example_nested_branch_dag' retrieved from /home/denys/airflow_venv/lib/python3.12/site-packages/airflow/example_dags/example_nested_branch_dag.py
[2024-05-08T13:42:44.938+0000] {logging_mixin.py:188} INFO - [2024-05-08T13:42:44.938+0000] {dag.py:3096} INFO - Sync 1 DAGs
[2024-05-08T13:42:44.952+0000] {logging_mixin.py:188} INFO - [2024-05-08T13:42:44.951+0000] {dag.py:3954} INFO - Setting next_dagrun for example_nested_branch_dag to 2024-05-07 00:00:00+00:00, run_after=2024-05-08 00:00:00+00:00
[2024-05-08T13:42:44.972+0000] {processor.py:183} INFO - Processing /home/denys/airflow_venv/lib/python3.12/site-packages/airflow/example_dags/example_nested_branch_dag.py took 0.057 seconds
