[2024-05-08T13:12:19.045+0000] {processor.py:161} INFO - Started process (PID=1893) to work on /home/denys/airflow_venv/lib/python3.12/site-packages/airflow/example_dags/example_branch_operator.py
[2024-05-08T13:12:19.046+0000] {processor.py:830} INFO - Processing file /home/denys/airflow_venv/lib/python3.12/site-packages/airflow/example_dags/example_branch_operator.py for tasks to queue
[2024-05-08T13:12:19.047+0000] {logging_mixin.py:188} INFO - [2024-05-08T13:12:19.046+0000] {dagbag.py:545} INFO - Filling up the DagBag from /home/denys/airflow_venv/lib/python3.12/site-packages/airflow/example_dags/example_branch_operator.py
[2024-05-08T13:12:19.048+0000] {processor.py:842} WARNING - No viable dags retrieved from /home/denys/airflow_venv/lib/python3.12/site-packages/airflow/example_dags/example_branch_operator.py
[2024-05-08T13:12:19.054+0000] {processor.py:183} INFO - Processing /home/denys/airflow_venv/lib/python3.12/site-packages/airflow/example_dags/example_branch_operator.py took 0.012 seconds
[2024-05-08T13:13:09.662+0000] {processor.py:161} INFO - Started process (PID=1949) to work on /home/denys/airflow_venv/lib/python3.12/site-packages/airflow/example_dags/example_branch_operator.py
[2024-05-08T13:13:09.663+0000] {processor.py:830} INFO - Processing file /home/denys/airflow_venv/lib/python3.12/site-packages/airflow/example_dags/example_branch_operator.py for tasks to queue
[2024-05-08T13:13:09.664+0000] {logging_mixin.py:188} INFO - [2024-05-08T13:13:09.664+0000] {dagbag.py:545} INFO - Filling up the DagBag from /home/denys/airflow_venv/lib/python3.12/site-packages/airflow/example_dags/example_branch_operator.py
[2024-05-08T13:13:09.666+0000] {processor.py:842} WARNING - No viable dags retrieved from /home/denys/airflow_venv/lib/python3.12/site-packages/airflow/example_dags/example_branch_operator.py
[2024-05-08T13:13:09.672+0000] {processor.py:183} INFO - Processing /home/denys/airflow_venv/lib/python3.12/site-packages/airflow/example_dags/example_branch_operator.py took 0.014 seconds
[2024-05-08T13:14:13.338+0000] {processor.py:161} INFO - Started process (PID=2015) to work on /home/denys/airflow_venv/lib/python3.12/site-packages/airflow/example_dags/example_branch_operator.py
[2024-05-08T13:14:13.339+0000] {processor.py:830} INFO - Processing file /home/denys/airflow_venv/lib/python3.12/site-packages/airflow/example_dags/example_branch_operator.py for tasks to queue
[2024-05-08T13:14:13.340+0000] {logging_mixin.py:188} INFO - [2024-05-08T13:14:13.340+0000] {dagbag.py:545} INFO - Filling up the DagBag from /home/denys/airflow_venv/lib/python3.12/site-packages/airflow/example_dags/example_branch_operator.py
[2024-05-08T13:14:13.341+0000] {processor.py:842} WARNING - No viable dags retrieved from /home/denys/airflow_venv/lib/python3.12/site-packages/airflow/example_dags/example_branch_operator.py
[2024-05-08T13:14:13.348+0000] {processor.py:183} INFO - Processing /home/denys/airflow_venv/lib/python3.12/site-packages/airflow/example_dags/example_branch_operator.py took 0.013 seconds
[2024-05-08T13:15:17.359+0000] {processor.py:161} INFO - Started process (PID=2083) to work on /home/denys/airflow_venv/lib/python3.12/site-packages/airflow/example_dags/example_branch_operator.py
[2024-05-08T13:15:17.360+0000] {processor.py:830} INFO - Processing file /home/denys/airflow_venv/lib/python3.12/site-packages/airflow/example_dags/example_branch_operator.py for tasks to queue
[2024-05-08T13:15:17.361+0000] {logging_mixin.py:188} INFO - [2024-05-08T13:15:17.361+0000] {dagbag.py:545} INFO - Filling up the DagBag from /home/denys/airflow_venv/lib/python3.12/site-packages/airflow/example_dags/example_branch_operator.py
[2024-05-08T13:15:17.362+0000] {processor.py:842} WARNING - No viable dags retrieved from /home/denys/airflow_venv/lib/python3.12/site-packages/airflow/example_dags/example_branch_operator.py
[2024-05-08T13:15:17.368+0000] {processor.py:183} INFO - Processing /home/denys/airflow_venv/lib/python3.12/site-packages/airflow/example_dags/example_branch_operator.py took 0.012 seconds
[2024-05-08T13:16:20.256+0000] {processor.py:161} INFO - Started process (PID=2148) to work on /home/denys/airflow_venv/lib/python3.12/site-packages/airflow/example_dags/example_branch_operator.py
[2024-05-08T13:16:20.258+0000] {processor.py:830} INFO - Processing file /home/denys/airflow_venv/lib/python3.12/site-packages/airflow/example_dags/example_branch_operator.py for tasks to queue
[2024-05-08T13:16:20.259+0000] {logging_mixin.py:188} INFO - [2024-05-08T13:16:20.259+0000] {dagbag.py:545} INFO - Filling up the DagBag from /home/denys/airflow_venv/lib/python3.12/site-packages/airflow/example_dags/example_branch_operator.py
[2024-05-08T13:16:20.261+0000] {processor.py:842} WARNING - No viable dags retrieved from /home/denys/airflow_venv/lib/python3.12/site-packages/airflow/example_dags/example_branch_operator.py
[2024-05-08T13:16:20.267+0000] {processor.py:183} INFO - Processing /home/denys/airflow_venv/lib/python3.12/site-packages/airflow/example_dags/example_branch_operator.py took 0.014 seconds
[2024-05-08T13:17:24.273+0000] {processor.py:161} INFO - Started process (PID=2218) to work on /home/denys/airflow_venv/lib/python3.12/site-packages/airflow/example_dags/example_branch_operator.py
[2024-05-08T13:17:24.274+0000] {processor.py:830} INFO - Processing file /home/denys/airflow_venv/lib/python3.12/site-packages/airflow/example_dags/example_branch_operator.py for tasks to queue
[2024-05-08T13:17:24.275+0000] {logging_mixin.py:188} INFO - [2024-05-08T13:17:24.275+0000] {dagbag.py:545} INFO - Filling up the DagBag from /home/denys/airflow_venv/lib/python3.12/site-packages/airflow/example_dags/example_branch_operator.py
[2024-05-08T13:17:24.277+0000] {processor.py:842} WARNING - No viable dags retrieved from /home/denys/airflow_venv/lib/python3.12/site-packages/airflow/example_dags/example_branch_operator.py
[2024-05-08T13:17:24.283+0000] {processor.py:183} INFO - Processing /home/denys/airflow_venv/lib/python3.12/site-packages/airflow/example_dags/example_branch_operator.py took 0.013 seconds
[2024-05-08T13:19:46.428+0000] {processor.py:161} INFO - Started process (PID=2348) to work on /home/denys/airflow_venv/lib/python3.12/site-packages/airflow/example_dags/example_branch_operator.py
[2024-05-08T13:19:46.430+0000] {processor.py:830} INFO - Processing file /home/denys/airflow_venv/lib/python3.12/site-packages/airflow/example_dags/example_branch_operator.py for tasks to queue
[2024-05-08T13:19:46.431+0000] {logging_mixin.py:188} INFO - [2024-05-08T13:19:46.430+0000] {dagbag.py:545} INFO - Filling up the DagBag from /home/denys/airflow_venv/lib/python3.12/site-packages/airflow/example_dags/example_branch_operator.py
[2024-05-08T13:19:46.432+0000] {processor.py:842} WARNING - No viable dags retrieved from /home/denys/airflow_venv/lib/python3.12/site-packages/airflow/example_dags/example_branch_operator.py
[2024-05-08T13:19:46.438+0000] {processor.py:183} INFO - Processing /home/denys/airflow_venv/lib/python3.12/site-packages/airflow/example_dags/example_branch_operator.py took 0.013 seconds
[2024-05-08T13:20:36.858+0000] {processor.py:161} INFO - Started process (PID=2405) to work on /home/denys/airflow_venv/lib/python3.12/site-packages/airflow/example_dags/example_branch_operator.py
[2024-05-08T13:20:36.859+0000] {processor.py:830} INFO - Processing file /home/denys/airflow_venv/lib/python3.12/site-packages/airflow/example_dags/example_branch_operator.py for tasks to queue
[2024-05-08T13:20:36.860+0000] {logging_mixin.py:188} INFO - [2024-05-08T13:20:36.859+0000] {dagbag.py:545} INFO - Filling up the DagBag from /home/denys/airflow_venv/lib/python3.12/site-packages/airflow/example_dags/example_branch_operator.py
[2024-05-08T13:20:36.861+0000] {processor.py:842} WARNING - No viable dags retrieved from /home/denys/airflow_venv/lib/python3.12/site-packages/airflow/example_dags/example_branch_operator.py
[2024-05-08T13:20:36.868+0000] {processor.py:183} INFO - Processing /home/denys/airflow_venv/lib/python3.12/site-packages/airflow/example_dags/example_branch_operator.py took 0.014 seconds
[2024-05-08T13:21:40.835+0000] {processor.py:161} INFO - Started process (PID=2469) to work on /home/denys/airflow_venv/lib/python3.12/site-packages/airflow/example_dags/example_branch_operator.py
[2024-05-08T13:21:40.837+0000] {processor.py:830} INFO - Processing file /home/denys/airflow_venv/lib/python3.12/site-packages/airflow/example_dags/example_branch_operator.py for tasks to queue
[2024-05-08T13:21:40.838+0000] {logging_mixin.py:188} INFO - [2024-05-08T13:21:40.838+0000] {dagbag.py:545} INFO - Filling up the DagBag from /home/denys/airflow_venv/lib/python3.12/site-packages/airflow/example_dags/example_branch_operator.py
[2024-05-08T13:21:40.840+0000] {processor.py:842} WARNING - No viable dags retrieved from /home/denys/airflow_venv/lib/python3.12/site-packages/airflow/example_dags/example_branch_operator.py
[2024-05-08T13:21:40.846+0000] {processor.py:183} INFO - Processing /home/denys/airflow_venv/lib/python3.12/site-packages/airflow/example_dags/example_branch_operator.py took 0.014 seconds
[2024-05-08T13:22:45.285+0000] {processor.py:161} INFO - Started process (PID=2536) to work on /home/denys/airflow_venv/lib/python3.12/site-packages/airflow/example_dags/example_branch_operator.py
[2024-05-08T13:22:45.287+0000] {processor.py:830} INFO - Processing file /home/denys/airflow_venv/lib/python3.12/site-packages/airflow/example_dags/example_branch_operator.py for tasks to queue
[2024-05-08T13:22:45.288+0000] {logging_mixin.py:188} INFO - [2024-05-08T13:22:45.287+0000] {dagbag.py:545} INFO - Filling up the DagBag from /home/denys/airflow_venv/lib/python3.12/site-packages/airflow/example_dags/example_branch_operator.py
[2024-05-08T13:22:45.289+0000] {processor.py:842} WARNING - No viable dags retrieved from /home/denys/airflow_venv/lib/python3.12/site-packages/airflow/example_dags/example_branch_operator.py
[2024-05-08T13:22:45.296+0000] {processor.py:183} INFO - Processing /home/denys/airflow_venv/lib/python3.12/site-packages/airflow/example_dags/example_branch_operator.py took 0.014 seconds
[2024-05-08T13:23:47.044+0000] {processor.py:161} INFO - Started process (PID=2670) to work on /home/denys/airflow_venv/lib/python3.12/site-packages/airflow/example_dags/example_branch_operator.py
[2024-05-08T13:23:47.045+0000] {processor.py:830} INFO - Processing file /home/denys/airflow_venv/lib/python3.12/site-packages/airflow/example_dags/example_branch_operator.py for tasks to queue
[2024-05-08T13:23:47.046+0000] {logging_mixin.py:188} INFO - [2024-05-08T13:23:47.046+0000] {dagbag.py:545} INFO - Filling up the DagBag from /home/denys/airflow_venv/lib/python3.12/site-packages/airflow/example_dags/example_branch_operator.py
[2024-05-08T13:23:47.048+0000] {processor.py:842} WARNING - No viable dags retrieved from /home/denys/airflow_venv/lib/python3.12/site-packages/airflow/example_dags/example_branch_operator.py
[2024-05-08T13:23:47.054+0000] {processor.py:183} INFO - Processing /home/denys/airflow_venv/lib/python3.12/site-packages/airflow/example_dags/example_branch_operator.py took 0.013 seconds
[2024-05-08T13:24:42.633+0000] {processor.py:161} INFO - Started process (PID=2734) to work on /home/denys/airflow_venv/lib/python3.12/site-packages/airflow/example_dags/example_branch_operator.py
[2024-05-08T13:24:42.636+0000] {processor.py:830} INFO - Processing file /home/denys/airflow_venv/lib/python3.12/site-packages/airflow/example_dags/example_branch_operator.py for tasks to queue
[2024-05-08T13:24:42.637+0000] {logging_mixin.py:188} INFO - [2024-05-08T13:24:42.637+0000] {dagbag.py:545} INFO - Filling up the DagBag from /home/denys/airflow_venv/lib/python3.12/site-packages/airflow/example_dags/example_branch_operator.py
[2024-05-08T13:24:42.639+0000] {processor.py:842} WARNING - No viable dags retrieved from /home/denys/airflow_venv/lib/python3.12/site-packages/airflow/example_dags/example_branch_operator.py
[2024-05-08T13:24:42.646+0000] {processor.py:183} INFO - Processing /home/denys/airflow_venv/lib/python3.12/site-packages/airflow/example_dags/example_branch_operator.py took 0.016 seconds
[2024-05-08T13:25:43.719+0000] {processor.py:161} INFO - Started process (PID=2804) to work on /home/denys/airflow_venv/lib/python3.12/site-packages/airflow/example_dags/example_branch_operator.py
[2024-05-08T13:25:43.720+0000] {processor.py:830} INFO - Processing file /home/denys/airflow_venv/lib/python3.12/site-packages/airflow/example_dags/example_branch_operator.py for tasks to queue
[2024-05-08T13:25:43.721+0000] {logging_mixin.py:188} INFO - [2024-05-08T13:25:43.721+0000] {dagbag.py:545} INFO - Filling up the DagBag from /home/denys/airflow_venv/lib/python3.12/site-packages/airflow/example_dags/example_branch_operator.py
[2024-05-08T13:25:43.722+0000] {processor.py:842} WARNING - No viable dags retrieved from /home/denys/airflow_venv/lib/python3.12/site-packages/airflow/example_dags/example_branch_operator.py
[2024-05-08T13:25:43.729+0000] {processor.py:183} INFO - Processing /home/denys/airflow_venv/lib/python3.12/site-packages/airflow/example_dags/example_branch_operator.py took 0.014 seconds
[2024-05-08T13:26:48.663+0000] {processor.py:161} INFO - Started process (PID=2868) to work on /home/denys/airflow_venv/lib/python3.12/site-packages/airflow/example_dags/example_branch_operator.py
[2024-05-08T13:26:48.664+0000] {processor.py:830} INFO - Processing file /home/denys/airflow_venv/lib/python3.12/site-packages/airflow/example_dags/example_branch_operator.py for tasks to queue
[2024-05-08T13:26:48.665+0000] {logging_mixin.py:188} INFO - [2024-05-08T13:26:48.665+0000] {dagbag.py:545} INFO - Filling up the DagBag from /home/denys/airflow_venv/lib/python3.12/site-packages/airflow/example_dags/example_branch_operator.py
[2024-05-08T13:26:48.667+0000] {processor.py:842} WARNING - No viable dags retrieved from /home/denys/airflow_venv/lib/python3.12/site-packages/airflow/example_dags/example_branch_operator.py
[2024-05-08T13:26:48.673+0000] {processor.py:183} INFO - Processing /home/denys/airflow_venv/lib/python3.12/site-packages/airflow/example_dags/example_branch_operator.py took 0.013 seconds
[2024-05-08T13:27:53.486+0000] {processor.py:161} INFO - Started process (PID=2935) to work on /home/denys/airflow_venv/lib/python3.12/site-packages/airflow/example_dags/example_branch_operator.py
[2024-05-08T13:27:53.488+0000] {processor.py:830} INFO - Processing file /home/denys/airflow_venv/lib/python3.12/site-packages/airflow/example_dags/example_branch_operator.py for tasks to queue
[2024-05-08T13:27:53.489+0000] {logging_mixin.py:188} INFO - [2024-05-08T13:27:53.489+0000] {dagbag.py:545} INFO - Filling up the DagBag from /home/denys/airflow_venv/lib/python3.12/site-packages/airflow/example_dags/example_branch_operator.py
[2024-05-08T13:27:53.491+0000] {processor.py:842} WARNING - No viable dags retrieved from /home/denys/airflow_venv/lib/python3.12/site-packages/airflow/example_dags/example_branch_operator.py
[2024-05-08T13:27:53.497+0000] {processor.py:183} INFO - Processing /home/denys/airflow_venv/lib/python3.12/site-packages/airflow/example_dags/example_branch_operator.py took 0.014 seconds
[2024-05-08T13:28:56.817+0000] {processor.py:161} INFO - Started process (PID=3056) to work on /home/denys/airflow_venv/lib/python3.12/site-packages/airflow/example_dags/example_branch_operator.py
[2024-05-08T13:28:56.819+0000] {processor.py:830} INFO - Processing file /home/denys/airflow_venv/lib/python3.12/site-packages/airflow/example_dags/example_branch_operator.py for tasks to queue
[2024-05-08T13:28:56.820+0000] {logging_mixin.py:188} INFO - [2024-05-08T13:28:56.820+0000] {dagbag.py:545} INFO - Filling up the DagBag from /home/denys/airflow_venv/lib/python3.12/site-packages/airflow/example_dags/example_branch_operator.py
[2024-05-08T13:28:56.822+0000] {processor.py:842} WARNING - No viable dags retrieved from /home/denys/airflow_venv/lib/python3.12/site-packages/airflow/example_dags/example_branch_operator.py
[2024-05-08T13:28:56.828+0000] {processor.py:183} INFO - Processing /home/denys/airflow_venv/lib/python3.12/site-packages/airflow/example_dags/example_branch_operator.py took 0.015 seconds
[2024-05-08T13:29:54.932+0000] {processor.py:161} INFO - Started process (PID=3118) to work on /home/denys/airflow_venv/lib/python3.12/site-packages/airflow/example_dags/example_branch_operator.py
[2024-05-08T13:29:54.934+0000] {processor.py:830} INFO - Processing file /home/denys/airflow_venv/lib/python3.12/site-packages/airflow/example_dags/example_branch_operator.py for tasks to queue
[2024-05-08T13:29:54.935+0000] {logging_mixin.py:188} INFO - [2024-05-08T13:29:54.935+0000] {dagbag.py:545} INFO - Filling up the DagBag from /home/denys/airflow_venv/lib/python3.12/site-packages/airflow/example_dags/example_branch_operator.py
[2024-05-08T13:29:54.936+0000] {processor.py:842} WARNING - No viable dags retrieved from /home/denys/airflow_venv/lib/python3.12/site-packages/airflow/example_dags/example_branch_operator.py
[2024-05-08T13:29:54.942+0000] {processor.py:183} INFO - Processing /home/denys/airflow_venv/lib/python3.12/site-packages/airflow/example_dags/example_branch_operator.py took 0.013 seconds
[2024-05-08T13:30:56.412+0000] {processor.py:161} INFO - Started process (PID=3185) to work on /home/denys/airflow_venv/lib/python3.12/site-packages/airflow/example_dags/example_branch_operator.py
[2024-05-08T13:30:56.413+0000] {processor.py:830} INFO - Processing file /home/denys/airflow_venv/lib/python3.12/site-packages/airflow/example_dags/example_branch_operator.py for tasks to queue
[2024-05-08T13:30:56.414+0000] {logging_mixin.py:188} INFO - [2024-05-08T13:30:56.414+0000] {dagbag.py:545} INFO - Filling up the DagBag from /home/denys/airflow_venv/lib/python3.12/site-packages/airflow/example_dags/example_branch_operator.py
[2024-05-08T13:30:56.416+0000] {processor.py:842} WARNING - No viable dags retrieved from /home/denys/airflow_venv/lib/python3.12/site-packages/airflow/example_dags/example_branch_operator.py
[2024-05-08T13:30:56.422+0000] {processor.py:183} INFO - Processing /home/denys/airflow_venv/lib/python3.12/site-packages/airflow/example_dags/example_branch_operator.py took 0.014 seconds
[2024-05-08T13:31:56.794+0000] {processor.py:161} INFO - Started process (PID=3248) to work on /home/denys/airflow_venv/lib/python3.12/site-packages/airflow/example_dags/example_branch_operator.py
[2024-05-08T13:31:56.796+0000] {processor.py:830} INFO - Processing file /home/denys/airflow_venv/lib/python3.12/site-packages/airflow/example_dags/example_branch_operator.py for tasks to queue
[2024-05-08T13:31:56.797+0000] {logging_mixin.py:188} INFO - [2024-05-08T13:31:56.796+0000] {dagbag.py:545} INFO - Filling up the DagBag from /home/denys/airflow_venv/lib/python3.12/site-packages/airflow/example_dags/example_branch_operator.py
[2024-05-08T13:31:56.798+0000] {processor.py:842} WARNING - No viable dags retrieved from /home/denys/airflow_venv/lib/python3.12/site-packages/airflow/example_dags/example_branch_operator.py
[2024-05-08T13:31:56.805+0000] {processor.py:183} INFO - Processing /home/denys/airflow_venv/lib/python3.12/site-packages/airflow/example_dags/example_branch_operator.py took 0.014 seconds
[2024-05-08T13:33:03.901+0000] {processor.py:161} INFO - Started process (PID=3315) to work on /home/denys/airflow_venv/lib/python3.12/site-packages/airflow/example_dags/example_branch_operator.py
[2024-05-08T13:33:03.902+0000] {processor.py:830} INFO - Processing file /home/denys/airflow_venv/lib/python3.12/site-packages/airflow/example_dags/example_branch_operator.py for tasks to queue
[2024-05-08T13:33:03.903+0000] {logging_mixin.py:188} INFO - [2024-05-08T13:33:03.902+0000] {dagbag.py:545} INFO - Filling up the DagBag from /home/denys/airflow_venv/lib/python3.12/site-packages/airflow/example_dags/example_branch_operator.py
[2024-05-08T13:33:03.904+0000] {processor.py:842} WARNING - No viable dags retrieved from /home/denys/airflow_venv/lib/python3.12/site-packages/airflow/example_dags/example_branch_operator.py
[2024-05-08T13:33:03.910+0000] {processor.py:183} INFO - Processing /home/denys/airflow_venv/lib/python3.12/site-packages/airflow/example_dags/example_branch_operator.py took 0.013 seconds
[2024-05-08T13:34:07.803+0000] {processor.py:161} INFO - Started process (PID=3385) to work on /home/denys/airflow_venv/lib/python3.12/site-packages/airflow/example_dags/example_branch_operator.py
[2024-05-08T13:34:07.804+0000] {processor.py:830} INFO - Processing file /home/denys/airflow_venv/lib/python3.12/site-packages/airflow/example_dags/example_branch_operator.py for tasks to queue
[2024-05-08T13:34:07.805+0000] {logging_mixin.py:188} INFO - [2024-05-08T13:34:07.805+0000] {dagbag.py:545} INFO - Filling up the DagBag from /home/denys/airflow_venv/lib/python3.12/site-packages/airflow/example_dags/example_branch_operator.py
[2024-05-08T13:34:07.806+0000] {processor.py:842} WARNING - No viable dags retrieved from /home/denys/airflow_venv/lib/python3.12/site-packages/airflow/example_dags/example_branch_operator.py
[2024-05-08T13:34:07.812+0000] {processor.py:183} INFO - Processing /home/denys/airflow_venv/lib/python3.12/site-packages/airflow/example_dags/example_branch_operator.py took 0.014 seconds
[2024-05-08T13:35:08.192+0000] {processor.py:161} INFO - Started process (PID=3451) to work on /home/denys/airflow_venv/lib/python3.12/site-packages/airflow/example_dags/example_branch_operator.py
[2024-05-08T13:35:08.193+0000] {processor.py:830} INFO - Processing file /home/denys/airflow_venv/lib/python3.12/site-packages/airflow/example_dags/example_branch_operator.py for tasks to queue
[2024-05-08T13:35:08.194+0000] {logging_mixin.py:188} INFO - [2024-05-08T13:35:08.194+0000] {dagbag.py:545} INFO - Filling up the DagBag from /home/denys/airflow_venv/lib/python3.12/site-packages/airflow/example_dags/example_branch_operator.py
[2024-05-08T13:35:08.196+0000] {processor.py:842} WARNING - No viable dags retrieved from /home/denys/airflow_venv/lib/python3.12/site-packages/airflow/example_dags/example_branch_operator.py
[2024-05-08T13:35:08.202+0000] {processor.py:183} INFO - Processing /home/denys/airflow_venv/lib/python3.12/site-packages/airflow/example_dags/example_branch_operator.py took 0.014 seconds
[2024-05-08T13:36:08.325+0000] {processor.py:161} INFO - Started process (PID=3513) to work on /home/denys/airflow_venv/lib/python3.12/site-packages/airflow/example_dags/example_branch_operator.py
[2024-05-08T13:36:08.326+0000] {processor.py:830} INFO - Processing file /home/denys/airflow_venv/lib/python3.12/site-packages/airflow/example_dags/example_branch_operator.py for tasks to queue
[2024-05-08T13:36:08.327+0000] {logging_mixin.py:188} INFO - [2024-05-08T13:36:08.327+0000] {dagbag.py:545} INFO - Filling up the DagBag from /home/denys/airflow_venv/lib/python3.12/site-packages/airflow/example_dags/example_branch_operator.py
[2024-05-08T13:36:08.328+0000] {processor.py:842} WARNING - No viable dags retrieved from /home/denys/airflow_venv/lib/python3.12/site-packages/airflow/example_dags/example_branch_operator.py
[2024-05-08T13:36:08.335+0000] {processor.py:183} INFO - Processing /home/denys/airflow_venv/lib/python3.12/site-packages/airflow/example_dags/example_branch_operator.py took 0.013 seconds
[2024-05-08T13:37:11.907+0000] {processor.py:161} INFO - Started process (PID=3579) to work on /home/denys/airflow_venv/lib/python3.12/site-packages/airflow/example_dags/example_branch_operator.py
[2024-05-08T13:37:11.909+0000] {processor.py:830} INFO - Processing file /home/denys/airflow_venv/lib/python3.12/site-packages/airflow/example_dags/example_branch_operator.py for tasks to queue
[2024-05-08T13:37:11.910+0000] {logging_mixin.py:188} INFO - [2024-05-08T13:37:11.909+0000] {dagbag.py:545} INFO - Filling up the DagBag from /home/denys/airflow_venv/lib/python3.12/site-packages/airflow/example_dags/example_branch_operator.py
[2024-05-08T13:37:11.911+0000] {processor.py:842} WARNING - No viable dags retrieved from /home/denys/airflow_venv/lib/python3.12/site-packages/airflow/example_dags/example_branch_operator.py
[2024-05-08T13:37:11.918+0000] {processor.py:183} INFO - Processing /home/denys/airflow_venv/lib/python3.12/site-packages/airflow/example_dags/example_branch_operator.py took 0.014 seconds
[2024-05-08T13:38:20.742+0000] {processor.py:161} INFO - Started process (PID=3648) to work on /home/denys/airflow_venv/lib/python3.12/site-packages/airflow/example_dags/example_branch_operator.py
[2024-05-08T13:38:20.744+0000] {processor.py:830} INFO - Processing file /home/denys/airflow_venv/lib/python3.12/site-packages/airflow/example_dags/example_branch_operator.py for tasks to queue
[2024-05-08T13:38:20.745+0000] {logging_mixin.py:188} INFO - [2024-05-08T13:38:20.745+0000] {dagbag.py:545} INFO - Filling up the DagBag from /home/denys/airflow_venv/lib/python3.12/site-packages/airflow/example_dags/example_branch_operator.py
[2024-05-08T13:38:20.747+0000] {processor.py:842} WARNING - No viable dags retrieved from /home/denys/airflow_venv/lib/python3.12/site-packages/airflow/example_dags/example_branch_operator.py
[2024-05-08T13:38:20.754+0000] {processor.py:183} INFO - Processing /home/denys/airflow_venv/lib/python3.12/site-packages/airflow/example_dags/example_branch_operator.py took 0.015 seconds
[2024-05-08T13:39:22.024+0000] {processor.py:161} INFO - Started process (PID=3713) to work on /home/denys/airflow_venv/lib/python3.12/site-packages/airflow/example_dags/example_branch_operator.py
[2024-05-08T13:39:22.025+0000] {processor.py:830} INFO - Processing file /home/denys/airflow_venv/lib/python3.12/site-packages/airflow/example_dags/example_branch_operator.py for tasks to queue
[2024-05-08T13:39:22.026+0000] {logging_mixin.py:188} INFO - [2024-05-08T13:39:22.026+0000] {dagbag.py:545} INFO - Filling up the DagBag from /home/denys/airflow_venv/lib/python3.12/site-packages/airflow/example_dags/example_branch_operator.py
[2024-05-08T13:39:22.028+0000] {processor.py:842} WARNING - No viable dags retrieved from /home/denys/airflow_venv/lib/python3.12/site-packages/airflow/example_dags/example_branch_operator.py
[2024-05-08T13:39:22.036+0000] {processor.py:183} INFO - Processing /home/denys/airflow_venv/lib/python3.12/site-packages/airflow/example_dags/example_branch_operator.py took 0.015 seconds
[2024-05-08T13:40:16.010+0000] {processor.py:161} INFO - Started process (PID=3767) to work on /home/denys/airflow_venv/lib/python3.12/site-packages/airflow/example_dags/example_branch_operator.py
[2024-05-08T13:40:16.012+0000] {processor.py:830} INFO - Processing file /home/denys/airflow_venv/lib/python3.12/site-packages/airflow/example_dags/example_branch_operator.py for tasks to queue
[2024-05-08T13:40:16.013+0000] {logging_mixin.py:188} INFO - [2024-05-08T13:40:16.012+0000] {dagbag.py:545} INFO - Filling up the DagBag from /home/denys/airflow_venv/lib/python3.12/site-packages/airflow/example_dags/example_branch_operator.py
[2024-05-08T13:40:16.014+0000] {processor.py:842} WARNING - No viable dags retrieved from /home/denys/airflow_venv/lib/python3.12/site-packages/airflow/example_dags/example_branch_operator.py
[2024-05-08T13:40:16.021+0000] {processor.py:183} INFO - Processing /home/denys/airflow_venv/lib/python3.12/site-packages/airflow/example_dags/example_branch_operator.py took 0.014 seconds
[2024-05-08T13:41:27.723+0000] {processor.py:161} INFO - Started process (PID=3836) to work on /home/denys/airflow_venv/lib/python3.12/site-packages/airflow/example_dags/example_branch_operator.py
[2024-05-08T13:41:27.724+0000] {processor.py:830} INFO - Processing file /home/denys/airflow_venv/lib/python3.12/site-packages/airflow/example_dags/example_branch_operator.py for tasks to queue
[2024-05-08T13:41:27.725+0000] {logging_mixin.py:188} INFO - [2024-05-08T13:41:27.725+0000] {dagbag.py:545} INFO - Filling up the DagBag from /home/denys/airflow_venv/lib/python3.12/site-packages/airflow/example_dags/example_branch_operator.py
[2024-05-08T13:41:27.727+0000] {processor.py:842} WARNING - No viable dags retrieved from /home/denys/airflow_venv/lib/python3.12/site-packages/airflow/example_dags/example_branch_operator.py
[2024-05-08T13:41:27.733+0000] {processor.py:183} INFO - Processing /home/denys/airflow_venv/lib/python3.12/site-packages/airflow/example_dags/example_branch_operator.py took 0.013 seconds
[2024-05-08T13:42:33.336+0000] {processor.py:161} INFO - Started process (PID=3902) to work on /home/denys/airflow_venv/lib/python3.12/site-packages/airflow/example_dags/example_branch_operator.py
[2024-05-08T13:42:33.338+0000] {processor.py:830} INFO - Processing file /home/denys/airflow_venv/lib/python3.12/site-packages/airflow/example_dags/example_branch_operator.py for tasks to queue
[2024-05-08T13:42:33.339+0000] {logging_mixin.py:188} INFO - [2024-05-08T13:42:33.338+0000] {dagbag.py:545} INFO - Filling up the DagBag from /home/denys/airflow_venv/lib/python3.12/site-packages/airflow/example_dags/example_branch_operator.py
[2024-05-08T13:42:33.340+0000] {processor.py:842} WARNING - No viable dags retrieved from /home/denys/airflow_venv/lib/python3.12/site-packages/airflow/example_dags/example_branch_operator.py
[2024-05-08T13:42:33.347+0000] {processor.py:183} INFO - Processing /home/denys/airflow_venv/lib/python3.12/site-packages/airflow/example_dags/example_branch_operator.py took 0.014 seconds
