[2024-05-08T13:12:16.864+0000] {processor.py:161} INFO - Started process (PID=1891) to work on /home/denys/airflow_venv/lib/python3.12/site-packages/airflow/example_dags/example_branch_datetime_operator.py
[2024-05-08T13:12:16.865+0000] {processor.py:830} INFO - Processing file /home/denys/airflow_venv/lib/python3.12/site-packages/airflow/example_dags/example_branch_datetime_operator.py for tasks to queue
[2024-05-08T13:12:16.866+0000] {logging_mixin.py:188} INFO - [2024-05-08T13:12:16.866+0000] {dagbag.py:545} INFO - Filling up the DagBag from /home/denys/airflow_venv/lib/python3.12/site-packages/airflow/example_dags/example_branch_datetime_operator.py
[2024-05-08T13:12:16.871+0000] {processor.py:840} INFO - DAG(s) 'example_branch_datetime_operator_2', 'example_branch_datetime_operator', 'example_branch_datetime_operator_3' retrieved from /home/denys/airflow_venv/lib/python3.12/site-packages/airflow/example_dags/example_branch_datetime_operator.py
[2024-05-08T13:12:16.938+0000] {logging_mixin.py:188} INFO - [2024-05-08T13:12:16.938+0000] {override.py:1829} INFO - Created Permission View: can delete on DAG:example_branch_datetime_operator_2
[2024-05-08T13:12:16.947+0000] {logging_mixin.py:188} INFO - [2024-05-08T13:12:16.947+0000] {override.py:1829} INFO - Created Permission View: can edit on DAG:example_branch_datetime_operator_2
[2024-05-08T13:12:16.954+0000] {logging_mixin.py:188} INFO - [2024-05-08T13:12:16.954+0000] {override.py:1829} INFO - Created Permission View: can read on DAG:example_branch_datetime_operator_2
[2024-05-08T13:12:16.970+0000] {logging_mixin.py:188} INFO - [2024-05-08T13:12:16.970+0000] {override.py:1829} INFO - Created Permission View: can delete on DAG:example_branch_datetime_operator
[2024-05-08T13:12:16.977+0000] {logging_mixin.py:188} INFO - [2024-05-08T13:12:16.977+0000] {override.py:1829} INFO - Created Permission View: can edit on DAG:example_branch_datetime_operator
[2024-05-08T13:12:16.984+0000] {logging_mixin.py:188} INFO - [2024-05-08T13:12:16.984+0000] {override.py:1829} INFO - Created Permission View: can read on DAG:example_branch_datetime_operator
[2024-05-08T13:12:16.999+0000] {logging_mixin.py:188} INFO - [2024-05-08T13:12:16.999+0000] {override.py:1829} INFO - Created Permission View: can delete on DAG:example_branch_datetime_operator_3
[2024-05-08T13:12:17.006+0000] {logging_mixin.py:188} INFO - [2024-05-08T13:12:17.006+0000] {override.py:1829} INFO - Created Permission View: can edit on DAG:example_branch_datetime_operator_3
[2024-05-08T13:12:17.012+0000] {logging_mixin.py:188} INFO - [2024-05-08T13:12:17.012+0000] {override.py:1829} INFO - Created Permission View: can read on DAG:example_branch_datetime_operator_3
[2024-05-08T13:12:17.012+0000] {logging_mixin.py:188} INFO - [2024-05-08T13:12:17.012+0000] {dag.py:3096} INFO - Sync 3 DAGs
[2024-05-08T13:12:17.017+0000] {logging_mixin.py:188} INFO - [2024-05-08T13:12:17.017+0000] {dag.py:3118} INFO - Creating ORM DAG for example_branch_datetime_operator
[2024-05-08T13:12:17.017+0000] {logging_mixin.py:188} INFO - [2024-05-08T13:12:17.017+0000] {dag.py:3118} INFO - Creating ORM DAG for example_branch_datetime_operator_2
[2024-05-08T13:12:17.018+0000] {logging_mixin.py:188} INFO - [2024-05-08T13:12:17.018+0000] {dag.py:3118} INFO - Creating ORM DAG for example_branch_datetime_operator_3
[2024-05-08T13:12:17.023+0000] {logging_mixin.py:188} INFO - [2024-05-08T13:12:17.023+0000] {dag.py:3954} INFO - Setting next_dagrun for example_branch_datetime_operator to 2024-05-07 00:00:00+00:00, run_after=2024-05-08 00:00:00+00:00
[2024-05-08T13:12:17.023+0000] {logging_mixin.py:188} INFO - [2024-05-08T13:12:17.023+0000] {dag.py:3954} INFO - Setting next_dagrun for example_branch_datetime_operator_2 to 2024-05-07 00:00:00+00:00, run_after=2024-05-08 00:00:00+00:00
[2024-05-08T13:12:17.024+0000] {logging_mixin.py:188} INFO - [2024-05-08T13:12:17.024+0000] {dag.py:3954} INFO - Setting next_dagrun for example_branch_datetime_operator_3 to 2024-05-07 00:00:00+00:00, run_after=2024-05-08 00:00:00+00:00
[2024-05-08T13:12:17.039+0000] {processor.py:183} INFO - Processing /home/denys/airflow_venv/lib/python3.12/site-packages/airflow/example_dags/example_branch_datetime_operator.py took 0.178 seconds
[2024-05-08T13:13:07.354+0000] {processor.py:161} INFO - Started process (PID=1947) to work on /home/denys/airflow_venv/lib/python3.12/site-packages/airflow/example_dags/example_branch_datetime_operator.py
[2024-05-08T13:13:07.356+0000] {processor.py:830} INFO - Processing file /home/denys/airflow_venv/lib/python3.12/site-packages/airflow/example_dags/example_branch_datetime_operator.py for tasks to queue
[2024-05-08T13:13:07.357+0000] {logging_mixin.py:188} INFO - [2024-05-08T13:13:07.356+0000] {dagbag.py:545} INFO - Filling up the DagBag from /home/denys/airflow_venv/lib/python3.12/site-packages/airflow/example_dags/example_branch_datetime_operator.py
[2024-05-08T13:13:07.363+0000] {processor.py:840} INFO - DAG(s) 'example_branch_datetime_operator_2', 'example_branch_datetime_operator_3', 'example_branch_datetime_operator' retrieved from /home/denys/airflow_venv/lib/python3.12/site-packages/airflow/example_dags/example_branch_datetime_operator.py
[2024-05-08T13:13:07.375+0000] {logging_mixin.py:188} INFO - [2024-05-08T13:13:07.375+0000] {dag.py:3096} INFO - Sync 3 DAGs
[2024-05-08T13:13:07.387+0000] {logging_mixin.py:188} INFO - [2024-05-08T13:13:07.387+0000] {dag.py:3954} INFO - Setting next_dagrun for example_branch_datetime_operator to 2024-05-07 00:00:00+00:00, run_after=2024-05-08 00:00:00+00:00
[2024-05-08T13:13:07.389+0000] {logging_mixin.py:188} INFO - [2024-05-08T13:13:07.389+0000] {dag.py:3954} INFO - Setting next_dagrun for example_branch_datetime_operator_2 to 2024-05-07 00:00:00+00:00, run_after=2024-05-08 00:00:00+00:00
[2024-05-08T13:13:07.390+0000] {logging_mixin.py:188} INFO - [2024-05-08T13:13:07.390+0000] {dag.py:3954} INFO - Setting next_dagrun for example_branch_datetime_operator_3 to 2024-05-07 00:00:00+00:00, run_after=2024-05-08 00:00:00+00:00
[2024-05-08T13:13:07.406+0000] {processor.py:183} INFO - Processing /home/denys/airflow_venv/lib/python3.12/site-packages/airflow/example_dags/example_branch_datetime_operator.py took 0.055 seconds
[2024-05-08T13:14:11.627+0000] {processor.py:161} INFO - Started process (PID=2013) to work on /home/denys/airflow_venv/lib/python3.12/site-packages/airflow/example_dags/example_branch_datetime_operator.py
[2024-05-08T13:14:11.628+0000] {processor.py:830} INFO - Processing file /home/denys/airflow_venv/lib/python3.12/site-packages/airflow/example_dags/example_branch_datetime_operator.py for tasks to queue
[2024-05-08T13:14:11.630+0000] {logging_mixin.py:188} INFO - [2024-05-08T13:14:11.629+0000] {dagbag.py:545} INFO - Filling up the DagBag from /home/denys/airflow_venv/lib/python3.12/site-packages/airflow/example_dags/example_branch_datetime_operator.py
[2024-05-08T13:14:11.635+0000] {processor.py:840} INFO - DAG(s) 'example_branch_datetime_operator_3', 'example_branch_datetime_operator', 'example_branch_datetime_operator_2' retrieved from /home/denys/airflow_venv/lib/python3.12/site-packages/airflow/example_dags/example_branch_datetime_operator.py
[2024-05-08T13:14:11.647+0000] {logging_mixin.py:188} INFO - [2024-05-08T13:14:11.647+0000] {dag.py:3096} INFO - Sync 3 DAGs
[2024-05-08T13:14:11.657+0000] {logging_mixin.py:188} INFO - [2024-05-08T13:14:11.657+0000] {dag.py:3954} INFO - Setting next_dagrun for example_branch_datetime_operator to 2024-05-07 00:00:00+00:00, run_after=2024-05-08 00:00:00+00:00
[2024-05-08T13:14:11.660+0000] {logging_mixin.py:188} INFO - [2024-05-08T13:14:11.660+0000] {dag.py:3954} INFO - Setting next_dagrun for example_branch_datetime_operator_2 to 2024-05-07 00:00:00+00:00, run_after=2024-05-08 00:00:00+00:00
[2024-05-08T13:14:11.661+0000] {logging_mixin.py:188} INFO - [2024-05-08T13:14:11.661+0000] {dag.py:3954} INFO - Setting next_dagrun for example_branch_datetime_operator_3 to 2024-05-07 00:00:00+00:00, run_after=2024-05-08 00:00:00+00:00
[2024-05-08T13:14:11.682+0000] {processor.py:183} INFO - Processing /home/denys/airflow_venv/lib/python3.12/site-packages/airflow/example_dags/example_branch_datetime_operator.py took 0.059 seconds
[2024-05-08T13:15:15.485+0000] {processor.py:161} INFO - Started process (PID=2081) to work on /home/denys/airflow_venv/lib/python3.12/site-packages/airflow/example_dags/example_branch_datetime_operator.py
[2024-05-08T13:15:15.486+0000] {processor.py:830} INFO - Processing file /home/denys/airflow_venv/lib/python3.12/site-packages/airflow/example_dags/example_branch_datetime_operator.py for tasks to queue
[2024-05-08T13:15:15.487+0000] {logging_mixin.py:188} INFO - [2024-05-08T13:15:15.487+0000] {dagbag.py:545} INFO - Filling up the DagBag from /home/denys/airflow_venv/lib/python3.12/site-packages/airflow/example_dags/example_branch_datetime_operator.py
[2024-05-08T13:15:15.493+0000] {processor.py:840} INFO - DAG(s) 'example_branch_datetime_operator_3', 'example_branch_datetime_operator_2', 'example_branch_datetime_operator' retrieved from /home/denys/airflow_venv/lib/python3.12/site-packages/airflow/example_dags/example_branch_datetime_operator.py
[2024-05-08T13:15:15.504+0000] {logging_mixin.py:188} INFO - [2024-05-08T13:15:15.504+0000] {dag.py:3096} INFO - Sync 3 DAGs
[2024-05-08T13:15:15.515+0000] {logging_mixin.py:188} INFO - [2024-05-08T13:15:15.515+0000] {dag.py:3954} INFO - Setting next_dagrun for example_branch_datetime_operator to 2024-05-07 00:00:00+00:00, run_after=2024-05-08 00:00:00+00:00
[2024-05-08T13:15:15.518+0000] {logging_mixin.py:188} INFO - [2024-05-08T13:15:15.518+0000] {dag.py:3954} INFO - Setting next_dagrun for example_branch_datetime_operator_2 to 2024-05-07 00:00:00+00:00, run_after=2024-05-08 00:00:00+00:00
[2024-05-08T13:15:15.519+0000] {logging_mixin.py:188} INFO - [2024-05-08T13:15:15.519+0000] {dag.py:3954} INFO - Setting next_dagrun for example_branch_datetime_operator_3 to 2024-05-07 00:00:00+00:00, run_after=2024-05-08 00:00:00+00:00
[2024-05-08T13:15:15.534+0000] {processor.py:183} INFO - Processing /home/denys/airflow_venv/lib/python3.12/site-packages/airflow/example_dags/example_branch_datetime_operator.py took 0.053 seconds
[2024-05-08T13:16:17.867+0000] {processor.py:161} INFO - Started process (PID=2146) to work on /home/denys/airflow_venv/lib/python3.12/site-packages/airflow/example_dags/example_branch_datetime_operator.py
[2024-05-08T13:16:17.868+0000] {processor.py:830} INFO - Processing file /home/denys/airflow_venv/lib/python3.12/site-packages/airflow/example_dags/example_branch_datetime_operator.py for tasks to queue
[2024-05-08T13:16:17.870+0000] {logging_mixin.py:188} INFO - [2024-05-08T13:16:17.869+0000] {dagbag.py:545} INFO - Filling up the DagBag from /home/denys/airflow_venv/lib/python3.12/site-packages/airflow/example_dags/example_branch_datetime_operator.py
[2024-05-08T13:16:17.875+0000] {processor.py:840} INFO - DAG(s) 'example_branch_datetime_operator_3', 'example_branch_datetime_operator_2', 'example_branch_datetime_operator' retrieved from /home/denys/airflow_venv/lib/python3.12/site-packages/airflow/example_dags/example_branch_datetime_operator.py
[2024-05-08T13:16:17.888+0000] {logging_mixin.py:188} INFO - [2024-05-08T13:16:17.888+0000] {dag.py:3096} INFO - Sync 3 DAGs
[2024-05-08T13:16:17.901+0000] {logging_mixin.py:188} INFO - [2024-05-08T13:16:17.901+0000] {dag.py:3954} INFO - Setting next_dagrun for example_branch_datetime_operator to 2024-05-07 00:00:00+00:00, run_after=2024-05-08 00:00:00+00:00
[2024-05-08T13:16:17.904+0000] {logging_mixin.py:188} INFO - [2024-05-08T13:16:17.903+0000] {dag.py:3954} INFO - Setting next_dagrun for example_branch_datetime_operator_2 to 2024-05-07 00:00:00+00:00, run_after=2024-05-08 00:00:00+00:00
[2024-05-08T13:16:17.904+0000] {logging_mixin.py:188} INFO - [2024-05-08T13:16:17.904+0000] {dag.py:3954} INFO - Setting next_dagrun for example_branch_datetime_operator_3 to 2024-05-07 00:00:00+00:00, run_after=2024-05-08 00:00:00+00:00
[2024-05-08T13:16:17.922+0000] {processor.py:183} INFO - Processing /home/denys/airflow_venv/lib/python3.12/site-packages/airflow/example_dags/example_branch_datetime_operator.py took 0.059 seconds
[2024-05-08T13:17:21.988+0000] {processor.py:161} INFO - Started process (PID=2215) to work on /home/denys/airflow_venv/lib/python3.12/site-packages/airflow/example_dags/example_branch_datetime_operator.py
[2024-05-08T13:17:21.989+0000] {processor.py:830} INFO - Processing file /home/denys/airflow_venv/lib/python3.12/site-packages/airflow/example_dags/example_branch_datetime_operator.py for tasks to queue
[2024-05-08T13:17:21.990+0000] {logging_mixin.py:188} INFO - [2024-05-08T13:17:21.990+0000] {dagbag.py:545} INFO - Filling up the DagBag from /home/denys/airflow_venv/lib/python3.12/site-packages/airflow/example_dags/example_branch_datetime_operator.py
[2024-05-08T13:17:21.997+0000] {processor.py:840} INFO - DAG(s) 'example_branch_datetime_operator', 'example_branch_datetime_operator_2', 'example_branch_datetime_operator_3' retrieved from /home/denys/airflow_venv/lib/python3.12/site-packages/airflow/example_dags/example_branch_datetime_operator.py
[2024-05-08T13:17:22.009+0000] {logging_mixin.py:188} INFO - [2024-05-08T13:17:22.009+0000] {dag.py:3096} INFO - Sync 3 DAGs
[2024-05-08T13:17:22.020+0000] {logging_mixin.py:188} INFO - [2024-05-08T13:17:22.020+0000] {dag.py:3954} INFO - Setting next_dagrun for example_branch_datetime_operator to 2024-05-07 00:00:00+00:00, run_after=2024-05-08 00:00:00+00:00
[2024-05-08T13:17:22.022+0000] {logging_mixin.py:188} INFO - [2024-05-08T13:17:22.022+0000] {dag.py:3954} INFO - Setting next_dagrun for example_branch_datetime_operator_2 to 2024-05-07 00:00:00+00:00, run_after=2024-05-08 00:00:00+00:00
[2024-05-08T13:17:22.023+0000] {logging_mixin.py:188} INFO - [2024-05-08T13:17:22.023+0000] {dag.py:3954} INFO - Setting next_dagrun for example_branch_datetime_operator_3 to 2024-05-07 00:00:00+00:00, run_after=2024-05-08 00:00:00+00:00
[2024-05-08T13:17:22.040+0000] {processor.py:183} INFO - Processing /home/denys/airflow_venv/lib/python3.12/site-packages/airflow/example_dags/example_branch_datetime_operator.py took 0.055 seconds
[2024-05-08T13:19:44.080+0000] {processor.py:161} INFO - Started process (PID=2346) to work on /home/denys/airflow_venv/lib/python3.12/site-packages/airflow/example_dags/example_branch_datetime_operator.py
[2024-05-08T13:19:44.087+0000] {processor.py:830} INFO - Processing file /home/denys/airflow_venv/lib/python3.12/site-packages/airflow/example_dags/example_branch_datetime_operator.py for tasks to queue
[2024-05-08T13:19:44.088+0000] {logging_mixin.py:188} INFO - [2024-05-08T13:19:44.087+0000] {dagbag.py:545} INFO - Filling up the DagBag from /home/denys/airflow_venv/lib/python3.12/site-packages/airflow/example_dags/example_branch_datetime_operator.py
[2024-05-08T13:19:44.093+0000] {processor.py:840} INFO - DAG(s) 'example_branch_datetime_operator_2', 'example_branch_datetime_operator_3', 'example_branch_datetime_operator' retrieved from /home/denys/airflow_venv/lib/python3.12/site-packages/airflow/example_dags/example_branch_datetime_operator.py
[2024-05-08T13:19:44.152+0000] {logging_mixin.py:188} INFO - [2024-05-08T13:19:44.152+0000] {dag.py:3096} INFO - Sync 3 DAGs
[2024-05-08T13:19:44.161+0000] {logging_mixin.py:188} INFO - [2024-05-08T13:19:44.161+0000] {dag.py:3954} INFO - Setting next_dagrun for example_branch_datetime_operator to 2024-05-07 00:00:00+00:00, run_after=2024-05-08 00:00:00+00:00
[2024-05-08T13:19:44.162+0000] {logging_mixin.py:188} INFO - [2024-05-08T13:19:44.162+0000] {dag.py:3954} INFO - Setting next_dagrun for example_branch_datetime_operator_2 to 2024-05-07 00:00:00+00:00, run_after=2024-05-08 00:00:00+00:00
[2024-05-08T13:19:44.163+0000] {logging_mixin.py:188} INFO - [2024-05-08T13:19:44.163+0000] {dag.py:3954} INFO - Setting next_dagrun for example_branch_datetime_operator_3 to 2024-05-07 00:00:00+00:00, run_after=2024-05-08 00:00:00+00:00
[2024-05-08T13:19:44.179+0000] {processor.py:183} INFO - Processing /home/denys/airflow_venv/lib/python3.12/site-packages/airflow/example_dags/example_branch_datetime_operator.py took 0.103 seconds
[2024-05-08T13:20:35.044+0000] {processor.py:161} INFO - Started process (PID=2403) to work on /home/denys/airflow_venv/lib/python3.12/site-packages/airflow/example_dags/example_branch_datetime_operator.py
[2024-05-08T13:20:35.046+0000] {processor.py:830} INFO - Processing file /home/denys/airflow_venv/lib/python3.12/site-packages/airflow/example_dags/example_branch_datetime_operator.py for tasks to queue
[2024-05-08T13:20:35.047+0000] {logging_mixin.py:188} INFO - [2024-05-08T13:20:35.047+0000] {dagbag.py:545} INFO - Filling up the DagBag from /home/denys/airflow_venv/lib/python3.12/site-packages/airflow/example_dags/example_branch_datetime_operator.py
[2024-05-08T13:20:35.054+0000] {processor.py:840} INFO - DAG(s) 'example_branch_datetime_operator_2', 'example_branch_datetime_operator', 'example_branch_datetime_operator_3' retrieved from /home/denys/airflow_venv/lib/python3.12/site-packages/airflow/example_dags/example_branch_datetime_operator.py
[2024-05-08T13:20:35.066+0000] {logging_mixin.py:188} INFO - [2024-05-08T13:20:35.066+0000] {dag.py:3096} INFO - Sync 3 DAGs
[2024-05-08T13:20:35.078+0000] {logging_mixin.py:188} INFO - [2024-05-08T13:20:35.078+0000] {dag.py:3954} INFO - Setting next_dagrun for example_branch_datetime_operator to 2024-05-07 00:00:00+00:00, run_after=2024-05-08 00:00:00+00:00
[2024-05-08T13:20:35.081+0000] {logging_mixin.py:188} INFO - [2024-05-08T13:20:35.081+0000] {dag.py:3954} INFO - Setting next_dagrun for example_branch_datetime_operator_2 to 2024-05-07 00:00:00+00:00, run_after=2024-05-08 00:00:00+00:00
[2024-05-08T13:20:35.081+0000] {logging_mixin.py:188} INFO - [2024-05-08T13:20:35.081+0000] {dag.py:3954} INFO - Setting next_dagrun for example_branch_datetime_operator_3 to 2024-05-07 00:00:00+00:00, run_after=2024-05-08 00:00:00+00:00
[2024-05-08T13:20:35.102+0000] {processor.py:183} INFO - Processing /home/denys/airflow_venv/lib/python3.12/site-packages/airflow/example_dags/example_branch_datetime_operator.py took 0.062 seconds
[2024-05-08T13:21:38.513+0000] {processor.py:161} INFO - Started process (PID=2467) to work on /home/denys/airflow_venv/lib/python3.12/site-packages/airflow/example_dags/example_branch_datetime_operator.py
[2024-05-08T13:21:38.515+0000] {processor.py:830} INFO - Processing file /home/denys/airflow_venv/lib/python3.12/site-packages/airflow/example_dags/example_branch_datetime_operator.py for tasks to queue
[2024-05-08T13:21:38.516+0000] {logging_mixin.py:188} INFO - [2024-05-08T13:21:38.516+0000] {dagbag.py:545} INFO - Filling up the DagBag from /home/denys/airflow_venv/lib/python3.12/site-packages/airflow/example_dags/example_branch_datetime_operator.py
[2024-05-08T13:21:38.522+0000] {processor.py:840} INFO - DAG(s) 'example_branch_datetime_operator', 'example_branch_datetime_operator_2', 'example_branch_datetime_operator_3' retrieved from /home/denys/airflow_venv/lib/python3.12/site-packages/airflow/example_dags/example_branch_datetime_operator.py
[2024-05-08T13:21:38.534+0000] {logging_mixin.py:188} INFO - [2024-05-08T13:21:38.534+0000] {dag.py:3096} INFO - Sync 3 DAGs
[2024-05-08T13:21:38.545+0000] {logging_mixin.py:188} INFO - [2024-05-08T13:21:38.545+0000] {dag.py:3954} INFO - Setting next_dagrun for example_branch_datetime_operator to 2024-05-07 00:00:00+00:00, run_after=2024-05-08 00:00:00+00:00
[2024-05-08T13:21:38.549+0000] {logging_mixin.py:188} INFO - [2024-05-08T13:21:38.549+0000] {dag.py:3954} INFO - Setting next_dagrun for example_branch_datetime_operator_2 to 2024-05-07 00:00:00+00:00, run_after=2024-05-08 00:00:00+00:00
[2024-05-08T13:21:38.550+0000] {logging_mixin.py:188} INFO - [2024-05-08T13:21:38.550+0000] {dag.py:3954} INFO - Setting next_dagrun for example_branch_datetime_operator_3 to 2024-05-07 00:00:00+00:00, run_after=2024-05-08 00:00:00+00:00
[2024-05-08T13:21:38.571+0000] {processor.py:183} INFO - Processing /home/denys/airflow_venv/lib/python3.12/site-packages/airflow/example_dags/example_branch_datetime_operator.py took 0.061 seconds
[2024-05-08T13:22:42.991+0000] {processor.py:161} INFO - Started process (PID=2534) to work on /home/denys/airflow_venv/lib/python3.12/site-packages/airflow/example_dags/example_branch_datetime_operator.py
[2024-05-08T13:22:42.995+0000] {processor.py:830} INFO - Processing file /home/denys/airflow_venv/lib/python3.12/site-packages/airflow/example_dags/example_branch_datetime_operator.py for tasks to queue
[2024-05-08T13:22:42.996+0000] {logging_mixin.py:188} INFO - [2024-05-08T13:22:42.996+0000] {dagbag.py:545} INFO - Filling up the DagBag from /home/denys/airflow_venv/lib/python3.12/site-packages/airflow/example_dags/example_branch_datetime_operator.py
[2024-05-08T13:22:43.003+0000] {processor.py:840} INFO - DAG(s) 'example_branch_datetime_operator_2', 'example_branch_datetime_operator', 'example_branch_datetime_operator_3' retrieved from /home/denys/airflow_venv/lib/python3.12/site-packages/airflow/example_dags/example_branch_datetime_operator.py
[2024-05-08T13:22:43.015+0000] {logging_mixin.py:188} INFO - [2024-05-08T13:22:43.015+0000] {dag.py:3096} INFO - Sync 3 DAGs
[2024-05-08T13:22:43.026+0000] {logging_mixin.py:188} INFO - [2024-05-08T13:22:43.026+0000] {dag.py:3954} INFO - Setting next_dagrun for example_branch_datetime_operator to 2024-05-07 00:00:00+00:00, run_after=2024-05-08 00:00:00+00:00
[2024-05-08T13:22:43.029+0000] {logging_mixin.py:188} INFO - [2024-05-08T13:22:43.029+0000] {dag.py:3954} INFO - Setting next_dagrun for example_branch_datetime_operator_2 to 2024-05-07 00:00:00+00:00, run_after=2024-05-08 00:00:00+00:00
[2024-05-08T13:22:43.030+0000] {logging_mixin.py:188} INFO - [2024-05-08T13:22:43.030+0000] {dag.py:3954} INFO - Setting next_dagrun for example_branch_datetime_operator_3 to 2024-05-07 00:00:00+00:00, run_after=2024-05-08 00:00:00+00:00
[2024-05-08T13:22:43.050+0000] {processor.py:183} INFO - Processing /home/denys/airflow_venv/lib/python3.12/site-packages/airflow/example_dags/example_branch_datetime_operator.py took 0.062 seconds
[2024-05-08T13:23:44.749+0000] {processor.py:161} INFO - Started process (PID=2668) to work on /home/denys/airflow_venv/lib/python3.12/site-packages/airflow/example_dags/example_branch_datetime_operator.py
[2024-05-08T13:23:44.751+0000] {processor.py:830} INFO - Processing file /home/denys/airflow_venv/lib/python3.12/site-packages/airflow/example_dags/example_branch_datetime_operator.py for tasks to queue
[2024-05-08T13:23:44.752+0000] {logging_mixin.py:188} INFO - [2024-05-08T13:23:44.752+0000] {dagbag.py:545} INFO - Filling up the DagBag from /home/denys/airflow_venv/lib/python3.12/site-packages/airflow/example_dags/example_branch_datetime_operator.py
[2024-05-08T13:23:44.758+0000] {processor.py:840} INFO - DAG(s) 'example_branch_datetime_operator_2', 'example_branch_datetime_operator', 'example_branch_datetime_operator_3' retrieved from /home/denys/airflow_venv/lib/python3.12/site-packages/airflow/example_dags/example_branch_datetime_operator.py
[2024-05-08T13:23:44.770+0000] {logging_mixin.py:188} INFO - [2024-05-08T13:23:44.770+0000] {dag.py:3096} INFO - Sync 3 DAGs
[2024-05-08T13:23:44.782+0000] {logging_mixin.py:188} INFO - [2024-05-08T13:23:44.782+0000] {dag.py:3954} INFO - Setting next_dagrun for example_branch_datetime_operator to 2024-05-07 00:00:00+00:00, run_after=2024-05-08 00:00:00+00:00
[2024-05-08T13:23:44.784+0000] {logging_mixin.py:188} INFO - [2024-05-08T13:23:44.784+0000] {dag.py:3954} INFO - Setting next_dagrun for example_branch_datetime_operator_2 to 2024-05-07 00:00:00+00:00, run_after=2024-05-08 00:00:00+00:00
[2024-05-08T13:23:44.785+0000] {logging_mixin.py:188} INFO - [2024-05-08T13:23:44.785+0000] {dag.py:3954} INFO - Setting next_dagrun for example_branch_datetime_operator_3 to 2024-05-07 00:00:00+00:00, run_after=2024-05-08 00:00:00+00:00
[2024-05-08T13:23:44.799+0000] {processor.py:183} INFO - Processing /home/denys/airflow_venv/lib/python3.12/site-packages/airflow/example_dags/example_branch_datetime_operator.py took 0.053 seconds
[2024-05-08T13:24:41.065+0000] {processor.py:161} INFO - Started process (PID=2732) to work on /home/denys/airflow_venv/lib/python3.12/site-packages/airflow/example_dags/example_branch_datetime_operator.py
[2024-05-08T13:24:41.067+0000] {processor.py:830} INFO - Processing file /home/denys/airflow_venv/lib/python3.12/site-packages/airflow/example_dags/example_branch_datetime_operator.py for tasks to queue
[2024-05-08T13:24:41.068+0000] {logging_mixin.py:188} INFO - [2024-05-08T13:24:41.067+0000] {dagbag.py:545} INFO - Filling up the DagBag from /home/denys/airflow_venv/lib/python3.12/site-packages/airflow/example_dags/example_branch_datetime_operator.py
[2024-05-08T13:24:41.073+0000] {processor.py:840} INFO - DAG(s) 'example_branch_datetime_operator', 'example_branch_datetime_operator_3', 'example_branch_datetime_operator_2' retrieved from /home/denys/airflow_venv/lib/python3.12/site-packages/airflow/example_dags/example_branch_datetime_operator.py
[2024-05-08T13:24:41.086+0000] {logging_mixin.py:188} INFO - [2024-05-08T13:24:41.085+0000] {dag.py:3096} INFO - Sync 3 DAGs
[2024-05-08T13:24:41.097+0000] {logging_mixin.py:188} INFO - [2024-05-08T13:24:41.097+0000] {dag.py:3954} INFO - Setting next_dagrun for example_branch_datetime_operator to 2024-05-07 00:00:00+00:00, run_after=2024-05-08 00:00:00+00:00
[2024-05-08T13:24:41.099+0000] {logging_mixin.py:188} INFO - [2024-05-08T13:24:41.099+0000] {dag.py:3954} INFO - Setting next_dagrun for example_branch_datetime_operator_2 to 2024-05-07 00:00:00+00:00, run_after=2024-05-08 00:00:00+00:00
[2024-05-08T13:24:41.100+0000] {logging_mixin.py:188} INFO - [2024-05-08T13:24:41.100+0000] {dag.py:3954} INFO - Setting next_dagrun for example_branch_datetime_operator_3 to 2024-05-07 00:00:00+00:00, run_after=2024-05-08 00:00:00+00:00
[2024-05-08T13:24:41.120+0000] {processor.py:183} INFO - Processing /home/denys/airflow_venv/lib/python3.12/site-packages/airflow/example_dags/example_branch_datetime_operator.py took 0.059 seconds
[2024-05-08T13:25:41.982+0000] {processor.py:161} INFO - Started process (PID=2802) to work on /home/denys/airflow_venv/lib/python3.12/site-packages/airflow/example_dags/example_branch_datetime_operator.py
[2024-05-08T13:25:41.984+0000] {processor.py:830} INFO - Processing file /home/denys/airflow_venv/lib/python3.12/site-packages/airflow/example_dags/example_branch_datetime_operator.py for tasks to queue
[2024-05-08T13:25:41.985+0000] {logging_mixin.py:188} INFO - [2024-05-08T13:25:41.984+0000] {dagbag.py:545} INFO - Filling up the DagBag from /home/denys/airflow_venv/lib/python3.12/site-packages/airflow/example_dags/example_branch_datetime_operator.py
[2024-05-08T13:25:41.990+0000] {processor.py:840} INFO - DAG(s) 'example_branch_datetime_operator_2', 'example_branch_datetime_operator_3', 'example_branch_datetime_operator' retrieved from /home/denys/airflow_venv/lib/python3.12/site-packages/airflow/example_dags/example_branch_datetime_operator.py
[2024-05-08T13:25:42.003+0000] {logging_mixin.py:188} INFO - [2024-05-08T13:25:42.003+0000] {dag.py:3096} INFO - Sync 3 DAGs
[2024-05-08T13:25:42.015+0000] {logging_mixin.py:188} INFO - [2024-05-08T13:25:42.015+0000] {dag.py:3954} INFO - Setting next_dagrun for example_branch_datetime_operator to 2024-05-07 00:00:00+00:00, run_after=2024-05-08 00:00:00+00:00
[2024-05-08T13:25:42.017+0000] {logging_mixin.py:188} INFO - [2024-05-08T13:25:42.017+0000] {dag.py:3954} INFO - Setting next_dagrun for example_branch_datetime_operator_2 to 2024-05-07 00:00:00+00:00, run_after=2024-05-08 00:00:00+00:00
[2024-05-08T13:25:42.019+0000] {logging_mixin.py:188} INFO - [2024-05-08T13:25:42.019+0000] {dag.py:3954} INFO - Setting next_dagrun for example_branch_datetime_operator_3 to 2024-05-07 00:00:00+00:00, run_after=2024-05-08 00:00:00+00:00
[2024-05-08T13:25:42.037+0000] {processor.py:183} INFO - Processing /home/denys/airflow_venv/lib/python3.12/site-packages/airflow/example_dags/example_branch_datetime_operator.py took 0.059 seconds
[2024-05-08T13:26:46.392+0000] {processor.py:161} INFO - Started process (PID=2866) to work on /home/denys/airflow_venv/lib/python3.12/site-packages/airflow/example_dags/example_branch_datetime_operator.py
[2024-05-08T13:26:46.393+0000] {processor.py:830} INFO - Processing file /home/denys/airflow_venv/lib/python3.12/site-packages/airflow/example_dags/example_branch_datetime_operator.py for tasks to queue
[2024-05-08T13:26:46.394+0000] {logging_mixin.py:188} INFO - [2024-05-08T13:26:46.394+0000] {dagbag.py:545} INFO - Filling up the DagBag from /home/denys/airflow_venv/lib/python3.12/site-packages/airflow/example_dags/example_branch_datetime_operator.py
[2024-05-08T13:26:46.399+0000] {processor.py:840} INFO - DAG(s) 'example_branch_datetime_operator', 'example_branch_datetime_operator_3', 'example_branch_datetime_operator_2' retrieved from /home/denys/airflow_venv/lib/python3.12/site-packages/airflow/example_dags/example_branch_datetime_operator.py
[2024-05-08T13:26:46.410+0000] {logging_mixin.py:188} INFO - [2024-05-08T13:26:46.410+0000] {dag.py:3096} INFO - Sync 3 DAGs
[2024-05-08T13:26:46.420+0000] {logging_mixin.py:188} INFO - [2024-05-08T13:26:46.420+0000] {dag.py:3954} INFO - Setting next_dagrun for example_branch_datetime_operator to 2024-05-07 00:00:00+00:00, run_after=2024-05-08 00:00:00+00:00
[2024-05-08T13:26:46.422+0000] {logging_mixin.py:188} INFO - [2024-05-08T13:26:46.422+0000] {dag.py:3954} INFO - Setting next_dagrun for example_branch_datetime_operator_2 to 2024-05-07 00:00:00+00:00, run_after=2024-05-08 00:00:00+00:00
[2024-05-08T13:26:46.423+0000] {logging_mixin.py:188} INFO - [2024-05-08T13:26:46.423+0000] {dag.py:3954} INFO - Setting next_dagrun for example_branch_datetime_operator_3 to 2024-05-07 00:00:00+00:00, run_after=2024-05-08 00:00:00+00:00
[2024-05-08T13:26:46.445+0000] {processor.py:183} INFO - Processing /home/denys/airflow_venv/lib/python3.12/site-packages/airflow/example_dags/example_branch_datetime_operator.py took 0.057 seconds
[2024-05-08T13:27:51.839+0000] {processor.py:161} INFO - Started process (PID=2933) to work on /home/denys/airflow_venv/lib/python3.12/site-packages/airflow/example_dags/example_branch_datetime_operator.py
[2024-05-08T13:27:51.840+0000] {processor.py:830} INFO - Processing file /home/denys/airflow_venv/lib/python3.12/site-packages/airflow/example_dags/example_branch_datetime_operator.py for tasks to queue
[2024-05-08T13:27:51.841+0000] {logging_mixin.py:188} INFO - [2024-05-08T13:27:51.841+0000] {dagbag.py:545} INFO - Filling up the DagBag from /home/denys/airflow_venv/lib/python3.12/site-packages/airflow/example_dags/example_branch_datetime_operator.py
[2024-05-08T13:27:51.846+0000] {processor.py:840} INFO - DAG(s) 'example_branch_datetime_operator', 'example_branch_datetime_operator_2', 'example_branch_datetime_operator_3' retrieved from /home/denys/airflow_venv/lib/python3.12/site-packages/airflow/example_dags/example_branch_datetime_operator.py
[2024-05-08T13:27:51.858+0000] {logging_mixin.py:188} INFO - [2024-05-08T13:27:51.858+0000] {dag.py:3096} INFO - Sync 3 DAGs
[2024-05-08T13:27:51.869+0000] {logging_mixin.py:188} INFO - [2024-05-08T13:27:51.869+0000] {dag.py:3954} INFO - Setting next_dagrun for example_branch_datetime_operator to 2024-05-07 00:00:00+00:00, run_after=2024-05-08 00:00:00+00:00
[2024-05-08T13:27:51.871+0000] {logging_mixin.py:188} INFO - [2024-05-08T13:27:51.871+0000] {dag.py:3954} INFO - Setting next_dagrun for example_branch_datetime_operator_2 to 2024-05-07 00:00:00+00:00, run_after=2024-05-08 00:00:00+00:00
[2024-05-08T13:27:51.872+0000] {logging_mixin.py:188} INFO - [2024-05-08T13:27:51.872+0000] {dag.py:3954} INFO - Setting next_dagrun for example_branch_datetime_operator_3 to 2024-05-07 00:00:00+00:00, run_after=2024-05-08 00:00:00+00:00
[2024-05-08T13:27:51.892+0000] {processor.py:183} INFO - Processing /home/denys/airflow_venv/lib/python3.12/site-packages/airflow/example_dags/example_branch_datetime_operator.py took 0.057 seconds
[2024-05-08T13:28:55.438+0000] {processor.py:161} INFO - Started process (PID=3054) to work on /home/denys/airflow_venv/lib/python3.12/site-packages/airflow/example_dags/example_branch_datetime_operator.py
[2024-05-08T13:28:55.445+0000] {processor.py:830} INFO - Processing file /home/denys/airflow_venv/lib/python3.12/site-packages/airflow/example_dags/example_branch_datetime_operator.py for tasks to queue
[2024-05-08T13:28:55.446+0000] {logging_mixin.py:188} INFO - [2024-05-08T13:28:55.446+0000] {dagbag.py:545} INFO - Filling up the DagBag from /home/denys/airflow_venv/lib/python3.12/site-packages/airflow/example_dags/example_branch_datetime_operator.py
[2024-05-08T13:28:55.454+0000] {processor.py:840} INFO - DAG(s) 'example_branch_datetime_operator_3', 'example_branch_datetime_operator_2', 'example_branch_datetime_operator' retrieved from /home/denys/airflow_venv/lib/python3.12/site-packages/airflow/example_dags/example_branch_datetime_operator.py
[2024-05-08T13:28:55.465+0000] {logging_mixin.py:188} INFO - [2024-05-08T13:28:55.465+0000] {dag.py:3096} INFO - Sync 3 DAGs
[2024-05-08T13:28:55.476+0000] {logging_mixin.py:188} INFO - [2024-05-08T13:28:55.475+0000] {dag.py:3954} INFO - Setting next_dagrun for example_branch_datetime_operator to 2024-05-07 00:00:00+00:00, run_after=2024-05-08 00:00:00+00:00
[2024-05-08T13:28:55.478+0000] {logging_mixin.py:188} INFO - [2024-05-08T13:28:55.478+0000] {dag.py:3954} INFO - Setting next_dagrun for example_branch_datetime_operator_2 to 2024-05-07 00:00:00+00:00, run_after=2024-05-08 00:00:00+00:00
[2024-05-08T13:28:55.478+0000] {logging_mixin.py:188} INFO - [2024-05-08T13:28:55.478+0000] {dag.py:3954} INFO - Setting next_dagrun for example_branch_datetime_operator_3 to 2024-05-07 00:00:00+00:00, run_after=2024-05-08 00:00:00+00:00
[2024-05-08T13:28:55.495+0000] {processor.py:183} INFO - Processing /home/denys/airflow_venv/lib/python3.12/site-packages/airflow/example_dags/example_branch_datetime_operator.py took 0.061 seconds
[2024-05-08T13:29:52.633+0000] {processor.py:161} INFO - Started process (PID=3116) to work on /home/denys/airflow_venv/lib/python3.12/site-packages/airflow/example_dags/example_branch_datetime_operator.py
[2024-05-08T13:29:52.635+0000] {processor.py:830} INFO - Processing file /home/denys/airflow_venv/lib/python3.12/site-packages/airflow/example_dags/example_branch_datetime_operator.py for tasks to queue
[2024-05-08T13:29:52.636+0000] {logging_mixin.py:188} INFO - [2024-05-08T13:29:52.636+0000] {dagbag.py:545} INFO - Filling up the DagBag from /home/denys/airflow_venv/lib/python3.12/site-packages/airflow/example_dags/example_branch_datetime_operator.py
[2024-05-08T13:29:52.641+0000] {processor.py:840} INFO - DAG(s) 'example_branch_datetime_operator_3', 'example_branch_datetime_operator_2', 'example_branch_datetime_operator' retrieved from /home/denys/airflow_venv/lib/python3.12/site-packages/airflow/example_dags/example_branch_datetime_operator.py
[2024-05-08T13:29:52.655+0000] {logging_mixin.py:188} INFO - [2024-05-08T13:29:52.655+0000] {dag.py:3096} INFO - Sync 3 DAGs
[2024-05-08T13:29:52.667+0000] {logging_mixin.py:188} INFO - [2024-05-08T13:29:52.666+0000] {dag.py:3954} INFO - Setting next_dagrun for example_branch_datetime_operator to 2024-05-07 00:00:00+00:00, run_after=2024-05-08 00:00:00+00:00
[2024-05-08T13:29:52.669+0000] {logging_mixin.py:188} INFO - [2024-05-08T13:29:52.669+0000] {dag.py:3954} INFO - Setting next_dagrun for example_branch_datetime_operator_2 to 2024-05-07 00:00:00+00:00, run_after=2024-05-08 00:00:00+00:00
[2024-05-08T13:29:52.670+0000] {logging_mixin.py:188} INFO - [2024-05-08T13:29:52.670+0000] {dag.py:3954} INFO - Setting next_dagrun for example_branch_datetime_operator_3 to 2024-05-07 00:00:00+00:00, run_after=2024-05-08 00:00:00+00:00
[2024-05-08T13:29:52.693+0000] {processor.py:183} INFO - Processing /home/denys/airflow_venv/lib/python3.12/site-packages/airflow/example_dags/example_branch_datetime_operator.py took 0.064 seconds
[2024-05-08T13:30:54.439+0000] {processor.py:161} INFO - Started process (PID=3183) to work on /home/denys/airflow_venv/lib/python3.12/site-packages/airflow/example_dags/example_branch_datetime_operator.py
[2024-05-08T13:30:54.440+0000] {processor.py:830} INFO - Processing file /home/denys/airflow_venv/lib/python3.12/site-packages/airflow/example_dags/example_branch_datetime_operator.py for tasks to queue
[2024-05-08T13:30:54.441+0000] {logging_mixin.py:188} INFO - [2024-05-08T13:30:54.441+0000] {dagbag.py:545} INFO - Filling up the DagBag from /home/denys/airflow_venv/lib/python3.12/site-packages/airflow/example_dags/example_branch_datetime_operator.py
[2024-05-08T13:30:54.447+0000] {processor.py:840} INFO - DAG(s) 'example_branch_datetime_operator', 'example_branch_datetime_operator_3', 'example_branch_datetime_operator_2' retrieved from /home/denys/airflow_venv/lib/python3.12/site-packages/airflow/example_dags/example_branch_datetime_operator.py
[2024-05-08T13:30:54.459+0000] {logging_mixin.py:188} INFO - [2024-05-08T13:30:54.459+0000] {dag.py:3096} INFO - Sync 3 DAGs
[2024-05-08T13:30:54.469+0000] {logging_mixin.py:188} INFO - [2024-05-08T13:30:54.469+0000] {dag.py:3954} INFO - Setting next_dagrun for example_branch_datetime_operator to 2024-05-07 00:00:00+00:00, run_after=2024-05-08 00:00:00+00:00
[2024-05-08T13:30:54.472+0000] {logging_mixin.py:188} INFO - [2024-05-08T13:30:54.472+0000] {dag.py:3954} INFO - Setting next_dagrun for example_branch_datetime_operator_2 to 2024-05-07 00:00:00+00:00, run_after=2024-05-08 00:00:00+00:00
[2024-05-08T13:30:54.473+0000] {logging_mixin.py:188} INFO - [2024-05-08T13:30:54.473+0000] {dag.py:3954} INFO - Setting next_dagrun for example_branch_datetime_operator_3 to 2024-05-07 00:00:00+00:00, run_after=2024-05-08 00:00:00+00:00
[2024-05-08T13:30:54.487+0000] {processor.py:183} INFO - Processing /home/denys/airflow_venv/lib/python3.12/site-packages/airflow/example_dags/example_branch_datetime_operator.py took 0.052 seconds
[2024-05-08T13:31:55.163+0000] {processor.py:161} INFO - Started process (PID=3246) to work on /home/denys/airflow_venv/lib/python3.12/site-packages/airflow/example_dags/example_branch_datetime_operator.py
[2024-05-08T13:31:55.165+0000] {processor.py:830} INFO - Processing file /home/denys/airflow_venv/lib/python3.12/site-packages/airflow/example_dags/example_branch_datetime_operator.py for tasks to queue
[2024-05-08T13:31:55.166+0000] {logging_mixin.py:188} INFO - [2024-05-08T13:31:55.166+0000] {dagbag.py:545} INFO - Filling up the DagBag from /home/denys/airflow_venv/lib/python3.12/site-packages/airflow/example_dags/example_branch_datetime_operator.py
[2024-05-08T13:31:55.171+0000] {processor.py:840} INFO - DAG(s) 'example_branch_datetime_operator_3', 'example_branch_datetime_operator', 'example_branch_datetime_operator_2' retrieved from /home/denys/airflow_venv/lib/python3.12/site-packages/airflow/example_dags/example_branch_datetime_operator.py
[2024-05-08T13:31:55.185+0000] {logging_mixin.py:188} INFO - [2024-05-08T13:31:55.185+0000] {dag.py:3096} INFO - Sync 3 DAGs
[2024-05-08T13:31:55.196+0000] {logging_mixin.py:188} INFO - [2024-05-08T13:31:55.196+0000] {dag.py:3954} INFO - Setting next_dagrun for example_branch_datetime_operator to 2024-05-07 00:00:00+00:00, run_after=2024-05-08 00:00:00+00:00
[2024-05-08T13:31:55.199+0000] {logging_mixin.py:188} INFO - [2024-05-08T13:31:55.198+0000] {dag.py:3954} INFO - Setting next_dagrun for example_branch_datetime_operator_2 to 2024-05-07 00:00:00+00:00, run_after=2024-05-08 00:00:00+00:00
[2024-05-08T13:31:55.199+0000] {logging_mixin.py:188} INFO - [2024-05-08T13:31:55.199+0000] {dag.py:3954} INFO - Setting next_dagrun for example_branch_datetime_operator_3 to 2024-05-07 00:00:00+00:00, run_after=2024-05-08 00:00:00+00:00
[2024-05-08T13:31:55.216+0000] {processor.py:183} INFO - Processing /home/denys/airflow_venv/lib/python3.12/site-packages/airflow/example_dags/example_branch_datetime_operator.py took 0.056 seconds
[2024-05-08T13:33:01.753+0000] {processor.py:161} INFO - Started process (PID=3313) to work on /home/denys/airflow_venv/lib/python3.12/site-packages/airflow/example_dags/example_branch_datetime_operator.py
[2024-05-08T13:33:01.755+0000] {processor.py:830} INFO - Processing file /home/denys/airflow_venv/lib/python3.12/site-packages/airflow/example_dags/example_branch_datetime_operator.py for tasks to queue
[2024-05-08T13:33:01.756+0000] {logging_mixin.py:188} INFO - [2024-05-08T13:33:01.755+0000] {dagbag.py:545} INFO - Filling up the DagBag from /home/denys/airflow_venv/lib/python3.12/site-packages/airflow/example_dags/example_branch_datetime_operator.py
[2024-05-08T13:33:01.761+0000] {processor.py:840} INFO - DAG(s) 'example_branch_datetime_operator_2', 'example_branch_datetime_operator', 'example_branch_datetime_operator_3' retrieved from /home/denys/airflow_venv/lib/python3.12/site-packages/airflow/example_dags/example_branch_datetime_operator.py
[2024-05-08T13:33:01.773+0000] {logging_mixin.py:188} INFO - [2024-05-08T13:33:01.773+0000] {dag.py:3096} INFO - Sync 3 DAGs
[2024-05-08T13:33:01.785+0000] {logging_mixin.py:188} INFO - [2024-05-08T13:33:01.785+0000] {dag.py:3954} INFO - Setting next_dagrun for example_branch_datetime_operator to 2024-05-07 00:00:00+00:00, run_after=2024-05-08 00:00:00+00:00
[2024-05-08T13:33:01.787+0000] {logging_mixin.py:188} INFO - [2024-05-08T13:33:01.787+0000] {dag.py:3954} INFO - Setting next_dagrun for example_branch_datetime_operator_2 to 2024-05-07 00:00:00+00:00, run_after=2024-05-08 00:00:00+00:00
[2024-05-08T13:33:01.788+0000] {logging_mixin.py:188} INFO - [2024-05-08T13:33:01.788+0000] {dag.py:3954} INFO - Setting next_dagrun for example_branch_datetime_operator_3 to 2024-05-07 00:00:00+00:00, run_after=2024-05-08 00:00:00+00:00
[2024-05-08T13:33:01.803+0000] {processor.py:183} INFO - Processing /home/denys/airflow_venv/lib/python3.12/site-packages/airflow/example_dags/example_branch_datetime_operator.py took 0.053 seconds
[2024-05-08T13:34:05.811+0000] {processor.py:161} INFO - Started process (PID=3383) to work on /home/denys/airflow_venv/lib/python3.12/site-packages/airflow/example_dags/example_branch_datetime_operator.py
[2024-05-08T13:34:05.812+0000] {processor.py:830} INFO - Processing file /home/denys/airflow_venv/lib/python3.12/site-packages/airflow/example_dags/example_branch_datetime_operator.py for tasks to queue
[2024-05-08T13:34:05.813+0000] {logging_mixin.py:188} INFO - [2024-05-08T13:34:05.812+0000] {dagbag.py:545} INFO - Filling up the DagBag from /home/denys/airflow_venv/lib/python3.12/site-packages/airflow/example_dags/example_branch_datetime_operator.py
[2024-05-08T13:34:05.819+0000] {processor.py:840} INFO - DAG(s) 'example_branch_datetime_operator_2', 'example_branch_datetime_operator', 'example_branch_datetime_operator_3' retrieved from /home/denys/airflow_venv/lib/python3.12/site-packages/airflow/example_dags/example_branch_datetime_operator.py
[2024-05-08T13:34:05.832+0000] {logging_mixin.py:188} INFO - [2024-05-08T13:34:05.832+0000] {dag.py:3096} INFO - Sync 3 DAGs
[2024-05-08T13:34:05.844+0000] {logging_mixin.py:188} INFO - [2024-05-08T13:34:05.844+0000] {dag.py:3954} INFO - Setting next_dagrun for example_branch_datetime_operator to 2024-05-07 00:00:00+00:00, run_after=2024-05-08 00:00:00+00:00
[2024-05-08T13:34:05.846+0000] {logging_mixin.py:188} INFO - [2024-05-08T13:34:05.846+0000] {dag.py:3954} INFO - Setting next_dagrun for example_branch_datetime_operator_2 to 2024-05-07 00:00:00+00:00, run_after=2024-05-08 00:00:00+00:00
[2024-05-08T13:34:05.847+0000] {logging_mixin.py:188} INFO - [2024-05-08T13:34:05.847+0000] {dag.py:3954} INFO - Setting next_dagrun for example_branch_datetime_operator_3 to 2024-05-07 00:00:00+00:00, run_after=2024-05-08 00:00:00+00:00
[2024-05-08T13:34:05.867+0000] {processor.py:183} INFO - Processing /home/denys/airflow_venv/lib/python3.12/site-packages/airflow/example_dags/example_branch_datetime_operator.py took 0.060 seconds
[2024-05-08T13:35:07.099+0000] {processor.py:161} INFO - Started process (PID=3449) to work on /home/denys/airflow_venv/lib/python3.12/site-packages/airflow/example_dags/example_branch_datetime_operator.py
[2024-05-08T13:35:07.100+0000] {processor.py:830} INFO - Processing file /home/denys/airflow_venv/lib/python3.12/site-packages/airflow/example_dags/example_branch_datetime_operator.py for tasks to queue
[2024-05-08T13:35:07.101+0000] {logging_mixin.py:188} INFO - [2024-05-08T13:35:07.100+0000] {dagbag.py:545} INFO - Filling up the DagBag from /home/denys/airflow_venv/lib/python3.12/site-packages/airflow/example_dags/example_branch_datetime_operator.py
[2024-05-08T13:35:07.106+0000] {processor.py:840} INFO - DAG(s) 'example_branch_datetime_operator', 'example_branch_datetime_operator_2', 'example_branch_datetime_operator_3' retrieved from /home/denys/airflow_venv/lib/python3.12/site-packages/airflow/example_dags/example_branch_datetime_operator.py
[2024-05-08T13:35:07.118+0000] {logging_mixin.py:188} INFO - [2024-05-08T13:35:07.117+0000] {dag.py:3096} INFO - Sync 3 DAGs
[2024-05-08T13:35:07.128+0000] {logging_mixin.py:188} INFO - [2024-05-08T13:35:07.128+0000] {dag.py:3954} INFO - Setting next_dagrun for example_branch_datetime_operator to 2024-05-07 00:00:00+00:00, run_after=2024-05-08 00:00:00+00:00
[2024-05-08T13:35:07.130+0000] {logging_mixin.py:188} INFO - [2024-05-08T13:35:07.130+0000] {dag.py:3954} INFO - Setting next_dagrun for example_branch_datetime_operator_2 to 2024-05-07 00:00:00+00:00, run_after=2024-05-08 00:00:00+00:00
[2024-05-08T13:35:07.130+0000] {logging_mixin.py:188} INFO - [2024-05-08T13:35:07.130+0000] {dag.py:3954} INFO - Setting next_dagrun for example_branch_datetime_operator_3 to 2024-05-07 00:00:00+00:00, run_after=2024-05-08 00:00:00+00:00
[2024-05-08T13:35:07.146+0000] {processor.py:183} INFO - Processing /home/denys/airflow_venv/lib/python3.12/site-packages/airflow/example_dags/example_branch_datetime_operator.py took 0.051 seconds
[2024-05-08T13:36:06.475+0000] {processor.py:161} INFO - Started process (PID=3511) to work on /home/denys/airflow_venv/lib/python3.12/site-packages/airflow/example_dags/example_branch_datetime_operator.py
[2024-05-08T13:36:06.476+0000] {processor.py:830} INFO - Processing file /home/denys/airflow_venv/lib/python3.12/site-packages/airflow/example_dags/example_branch_datetime_operator.py for tasks to queue
[2024-05-08T13:36:06.477+0000] {logging_mixin.py:188} INFO - [2024-05-08T13:36:06.477+0000] {dagbag.py:545} INFO - Filling up the DagBag from /home/denys/airflow_venv/lib/python3.12/site-packages/airflow/example_dags/example_branch_datetime_operator.py
[2024-05-08T13:36:06.483+0000] {processor.py:840} INFO - DAG(s) 'example_branch_datetime_operator_2', 'example_branch_datetime_operator', 'example_branch_datetime_operator_3' retrieved from /home/denys/airflow_venv/lib/python3.12/site-packages/airflow/example_dags/example_branch_datetime_operator.py
[2024-05-08T13:36:06.495+0000] {logging_mixin.py:188} INFO - [2024-05-08T13:36:06.495+0000] {dag.py:3096} INFO - Sync 3 DAGs
[2024-05-08T13:36:06.505+0000] {logging_mixin.py:188} INFO - [2024-05-08T13:36:06.505+0000] {dag.py:3954} INFO - Setting next_dagrun for example_branch_datetime_operator to 2024-05-07 00:00:00+00:00, run_after=2024-05-08 00:00:00+00:00
[2024-05-08T13:36:06.508+0000] {logging_mixin.py:188} INFO - [2024-05-08T13:36:06.507+0000] {dag.py:3954} INFO - Setting next_dagrun for example_branch_datetime_operator_2 to 2024-05-07 00:00:00+00:00, run_after=2024-05-08 00:00:00+00:00
[2024-05-08T13:36:06.508+0000] {logging_mixin.py:188} INFO - [2024-05-08T13:36:06.508+0000] {dag.py:3954} INFO - Setting next_dagrun for example_branch_datetime_operator_3 to 2024-05-07 00:00:00+00:00, run_after=2024-05-08 00:00:00+00:00
[2024-05-08T13:36:06.528+0000] {processor.py:183} INFO - Processing /home/denys/airflow_venv/lib/python3.12/site-packages/airflow/example_dags/example_branch_datetime_operator.py took 0.056 seconds
[2024-05-08T13:37:09.620+0000] {processor.py:161} INFO - Started process (PID=3577) to work on /home/denys/airflow_venv/lib/python3.12/site-packages/airflow/example_dags/example_branch_datetime_operator.py
[2024-05-08T13:37:09.622+0000] {processor.py:830} INFO - Processing file /home/denys/airflow_venv/lib/python3.12/site-packages/airflow/example_dags/example_branch_datetime_operator.py for tasks to queue
[2024-05-08T13:37:09.623+0000] {logging_mixin.py:188} INFO - [2024-05-08T13:37:09.623+0000] {dagbag.py:545} INFO - Filling up the DagBag from /home/denys/airflow_venv/lib/python3.12/site-packages/airflow/example_dags/example_branch_datetime_operator.py
[2024-05-08T13:37:09.629+0000] {processor.py:840} INFO - DAG(s) 'example_branch_datetime_operator_3', 'example_branch_datetime_operator', 'example_branch_datetime_operator_2' retrieved from /home/denys/airflow_venv/lib/python3.12/site-packages/airflow/example_dags/example_branch_datetime_operator.py
[2024-05-08T13:37:09.641+0000] {logging_mixin.py:188} INFO - [2024-05-08T13:37:09.641+0000] {dag.py:3096} INFO - Sync 3 DAGs
[2024-05-08T13:37:09.652+0000] {logging_mixin.py:188} INFO - [2024-05-08T13:37:09.652+0000] {dag.py:3954} INFO - Setting next_dagrun for example_branch_datetime_operator to 2024-05-07 00:00:00+00:00, run_after=2024-05-08 00:00:00+00:00
[2024-05-08T13:37:09.654+0000] {logging_mixin.py:188} INFO - [2024-05-08T13:37:09.654+0000] {dag.py:3954} INFO - Setting next_dagrun for example_branch_datetime_operator_2 to 2024-05-07 00:00:00+00:00, run_after=2024-05-08 00:00:00+00:00
[2024-05-08T13:37:09.655+0000] {logging_mixin.py:188} INFO - [2024-05-08T13:37:09.655+0000] {dag.py:3954} INFO - Setting next_dagrun for example_branch_datetime_operator_3 to 2024-05-07 00:00:00+00:00, run_after=2024-05-08 00:00:00+00:00
[2024-05-08T13:37:09.677+0000] {processor.py:183} INFO - Processing /home/denys/airflow_venv/lib/python3.12/site-packages/airflow/example_dags/example_branch_datetime_operator.py took 0.060 seconds
[2024-05-08T13:38:18.463+0000] {processor.py:161} INFO - Started process (PID=3646) to work on /home/denys/airflow_venv/lib/python3.12/site-packages/airflow/example_dags/example_branch_datetime_operator.py
[2024-05-08T13:38:18.464+0000] {processor.py:830} INFO - Processing file /home/denys/airflow_venv/lib/python3.12/site-packages/airflow/example_dags/example_branch_datetime_operator.py for tasks to queue
[2024-05-08T13:38:18.465+0000] {logging_mixin.py:188} INFO - [2024-05-08T13:38:18.465+0000] {dagbag.py:545} INFO - Filling up the DagBag from /home/denys/airflow_venv/lib/python3.12/site-packages/airflow/example_dags/example_branch_datetime_operator.py
[2024-05-08T13:38:18.471+0000] {processor.py:840} INFO - DAG(s) 'example_branch_datetime_operator_3', 'example_branch_datetime_operator', 'example_branch_datetime_operator_2' retrieved from /home/denys/airflow_venv/lib/python3.12/site-packages/airflow/example_dags/example_branch_datetime_operator.py
[2024-05-08T13:38:18.483+0000] {logging_mixin.py:188} INFO - [2024-05-08T13:38:18.483+0000] {dag.py:3096} INFO - Sync 3 DAGs
[2024-05-08T13:38:18.496+0000] {logging_mixin.py:188} INFO - [2024-05-08T13:38:18.496+0000] {dag.py:3954} INFO - Setting next_dagrun for example_branch_datetime_operator to 2024-05-07 00:00:00+00:00, run_after=2024-05-08 00:00:00+00:00
[2024-05-08T13:38:18.498+0000] {logging_mixin.py:188} INFO - [2024-05-08T13:38:18.498+0000] {dag.py:3954} INFO - Setting next_dagrun for example_branch_datetime_operator_2 to 2024-05-07 00:00:00+00:00, run_after=2024-05-08 00:00:00+00:00
[2024-05-08T13:38:18.499+0000] {logging_mixin.py:188} INFO - [2024-05-08T13:38:18.499+0000] {dag.py:3954} INFO - Setting next_dagrun for example_branch_datetime_operator_3 to 2024-05-07 00:00:00+00:00, run_after=2024-05-08 00:00:00+00:00
[2024-05-08T13:38:18.516+0000] {processor.py:183} INFO - Processing /home/denys/airflow_venv/lib/python3.12/site-packages/airflow/example_dags/example_branch_datetime_operator.py took 0.057 seconds
[2024-05-08T13:39:19.700+0000] {processor.py:161} INFO - Started process (PID=3711) to work on /home/denys/airflow_venv/lib/python3.12/site-packages/airflow/example_dags/example_branch_datetime_operator.py
[2024-05-08T13:39:19.702+0000] {processor.py:830} INFO - Processing file /home/denys/airflow_venv/lib/python3.12/site-packages/airflow/example_dags/example_branch_datetime_operator.py for tasks to queue
[2024-05-08T13:39:19.703+0000] {logging_mixin.py:188} INFO - [2024-05-08T13:39:19.703+0000] {dagbag.py:545} INFO - Filling up the DagBag from /home/denys/airflow_venv/lib/python3.12/site-packages/airflow/example_dags/example_branch_datetime_operator.py
[2024-05-08T13:39:19.709+0000] {processor.py:840} INFO - DAG(s) 'example_branch_datetime_operator', 'example_branch_datetime_operator_3', 'example_branch_datetime_operator_2' retrieved from /home/denys/airflow_venv/lib/python3.12/site-packages/airflow/example_dags/example_branch_datetime_operator.py
[2024-05-08T13:39:19.721+0000] {logging_mixin.py:188} INFO - [2024-05-08T13:39:19.721+0000] {dag.py:3096} INFO - Sync 3 DAGs
[2024-05-08T13:39:19.732+0000] {logging_mixin.py:188} INFO - [2024-05-08T13:39:19.732+0000] {dag.py:3954} INFO - Setting next_dagrun for example_branch_datetime_operator to 2024-05-07 00:00:00+00:00, run_after=2024-05-08 00:00:00+00:00
[2024-05-08T13:39:19.734+0000] {logging_mixin.py:188} INFO - [2024-05-08T13:39:19.734+0000] {dag.py:3954} INFO - Setting next_dagrun for example_branch_datetime_operator_2 to 2024-05-07 00:00:00+00:00, run_after=2024-05-08 00:00:00+00:00
[2024-05-08T13:39:19.735+0000] {logging_mixin.py:188} INFO - [2024-05-08T13:39:19.735+0000] {dag.py:3954} INFO - Setting next_dagrun for example_branch_datetime_operator_3 to 2024-05-07 00:00:00+00:00, run_after=2024-05-08 00:00:00+00:00
[2024-05-08T13:39:19.749+0000] {processor.py:183} INFO - Processing /home/denys/airflow_venv/lib/python3.12/site-packages/airflow/example_dags/example_branch_datetime_operator.py took 0.052 seconds
[2024-05-08T13:40:14.316+0000] {processor.py:161} INFO - Started process (PID=3765) to work on /home/denys/airflow_venv/lib/python3.12/site-packages/airflow/example_dags/example_branch_datetime_operator.py
[2024-05-08T13:40:14.317+0000] {processor.py:830} INFO - Processing file /home/denys/airflow_venv/lib/python3.12/site-packages/airflow/example_dags/example_branch_datetime_operator.py for tasks to queue
[2024-05-08T13:40:14.318+0000] {logging_mixin.py:188} INFO - [2024-05-08T13:40:14.318+0000] {dagbag.py:545} INFO - Filling up the DagBag from /home/denys/airflow_venv/lib/python3.12/site-packages/airflow/example_dags/example_branch_datetime_operator.py
[2024-05-08T13:40:14.324+0000] {processor.py:840} INFO - DAG(s) 'example_branch_datetime_operator', 'example_branch_datetime_operator_2', 'example_branch_datetime_operator_3' retrieved from /home/denys/airflow_venv/lib/python3.12/site-packages/airflow/example_dags/example_branch_datetime_operator.py
[2024-05-08T13:40:14.336+0000] {logging_mixin.py:188} INFO - [2024-05-08T13:40:14.336+0000] {dag.py:3096} INFO - Sync 3 DAGs
[2024-05-08T13:40:14.347+0000] {logging_mixin.py:188} INFO - [2024-05-08T13:40:14.347+0000] {dag.py:3954} INFO - Setting next_dagrun for example_branch_datetime_operator to 2024-05-07 00:00:00+00:00, run_after=2024-05-08 00:00:00+00:00
[2024-05-08T13:40:14.349+0000] {logging_mixin.py:188} INFO - [2024-05-08T13:40:14.349+0000] {dag.py:3954} INFO - Setting next_dagrun for example_branch_datetime_operator_2 to 2024-05-07 00:00:00+00:00, run_after=2024-05-08 00:00:00+00:00
[2024-05-08T13:40:14.350+0000] {logging_mixin.py:188} INFO - [2024-05-08T13:40:14.350+0000] {dag.py:3954} INFO - Setting next_dagrun for example_branch_datetime_operator_3 to 2024-05-07 00:00:00+00:00, run_after=2024-05-08 00:00:00+00:00
[2024-05-08T13:40:14.365+0000] {processor.py:183} INFO - Processing /home/denys/airflow_venv/lib/python3.12/site-packages/airflow/example_dags/example_branch_datetime_operator.py took 0.052 seconds
[2024-05-08T13:41:25.414+0000] {processor.py:161} INFO - Started process (PID=3834) to work on /home/denys/airflow_venv/lib/python3.12/site-packages/airflow/example_dags/example_branch_datetime_operator.py
[2024-05-08T13:41:25.416+0000] {processor.py:830} INFO - Processing file /home/denys/airflow_venv/lib/python3.12/site-packages/airflow/example_dags/example_branch_datetime_operator.py for tasks to queue
[2024-05-08T13:41:25.417+0000] {logging_mixin.py:188} INFO - [2024-05-08T13:41:25.416+0000] {dagbag.py:545} INFO - Filling up the DagBag from /home/denys/airflow_venv/lib/python3.12/site-packages/airflow/example_dags/example_branch_datetime_operator.py
[2024-05-08T13:41:25.423+0000] {processor.py:840} INFO - DAG(s) 'example_branch_datetime_operator_2', 'example_branch_datetime_operator_3', 'example_branch_datetime_operator' retrieved from /home/denys/airflow_venv/lib/python3.12/site-packages/airflow/example_dags/example_branch_datetime_operator.py
[2024-05-08T13:41:25.435+0000] {logging_mixin.py:188} INFO - [2024-05-08T13:41:25.435+0000] {dag.py:3096} INFO - Sync 3 DAGs
[2024-05-08T13:41:25.445+0000] {logging_mixin.py:188} INFO - [2024-05-08T13:41:25.445+0000] {dag.py:3954} INFO - Setting next_dagrun for example_branch_datetime_operator to 2024-05-07 00:00:00+00:00, run_after=2024-05-08 00:00:00+00:00
[2024-05-08T13:41:25.448+0000] {logging_mixin.py:188} INFO - [2024-05-08T13:41:25.447+0000] {dag.py:3954} INFO - Setting next_dagrun for example_branch_datetime_operator_2 to 2024-05-07 00:00:00+00:00, run_after=2024-05-08 00:00:00+00:00
[2024-05-08T13:41:25.448+0000] {logging_mixin.py:188} INFO - [2024-05-08T13:41:25.448+0000] {dag.py:3954} INFO - Setting next_dagrun for example_branch_datetime_operator_3 to 2024-05-07 00:00:00+00:00, run_after=2024-05-08 00:00:00+00:00
[2024-05-08T13:41:25.465+0000] {processor.py:183} INFO - Processing /home/denys/airflow_venv/lib/python3.12/site-packages/airflow/example_dags/example_branch_datetime_operator.py took 0.054 seconds
[2024-05-08T13:42:31.436+0000] {processor.py:161} INFO - Started process (PID=3900) to work on /home/denys/airflow_venv/lib/python3.12/site-packages/airflow/example_dags/example_branch_datetime_operator.py
[2024-05-08T13:42:31.438+0000] {processor.py:830} INFO - Processing file /home/denys/airflow_venv/lib/python3.12/site-packages/airflow/example_dags/example_branch_datetime_operator.py for tasks to queue
[2024-05-08T13:42:31.439+0000] {logging_mixin.py:188} INFO - [2024-05-08T13:42:31.439+0000] {dagbag.py:545} INFO - Filling up the DagBag from /home/denys/airflow_venv/lib/python3.12/site-packages/airflow/example_dags/example_branch_datetime_operator.py
[2024-05-08T13:42:31.444+0000] {processor.py:840} INFO - DAG(s) 'example_branch_datetime_operator_2', 'example_branch_datetime_operator_3', 'example_branch_datetime_operator' retrieved from /home/denys/airflow_venv/lib/python3.12/site-packages/airflow/example_dags/example_branch_datetime_operator.py
[2024-05-08T13:42:31.456+0000] {logging_mixin.py:188} INFO - [2024-05-08T13:42:31.456+0000] {dag.py:3096} INFO - Sync 3 DAGs
[2024-05-08T13:42:31.528+0000] {logging_mixin.py:188} INFO - [2024-05-08T13:42:31.528+0000] {dag.py:3954} INFO - Setting next_dagrun for example_branch_datetime_operator to 2024-05-07 00:00:00+00:00, run_after=2024-05-08 00:00:00+00:00
[2024-05-08T13:42:31.530+0000] {logging_mixin.py:188} INFO - [2024-05-08T13:42:31.530+0000] {dag.py:3954} INFO - Setting next_dagrun for example_branch_datetime_operator_2 to 2024-05-07 00:00:00+00:00, run_after=2024-05-08 00:00:00+00:00
[2024-05-08T13:42:31.531+0000] {logging_mixin.py:188} INFO - [2024-05-08T13:42:31.531+0000] {dag.py:3954} INFO - Setting next_dagrun for example_branch_datetime_operator_3 to 2024-05-07 00:00:00+00:00, run_after=2024-05-08 00:00:00+00:00
[2024-05-08T13:42:31.552+0000] {processor.py:183} INFO - Processing /home/denys/airflow_venv/lib/python3.12/site-packages/airflow/example_dags/example_branch_datetime_operator.py took 0.120 seconds
