[2024-05-08T13:12:07.842+0000] {processor.py:161} INFO - Started process (PID=1884) to work on /home/denys/airflow_venv/lib/python3.12/site-packages/airflow/example_dags/example_trigger_target_dag.py
[2024-05-08T13:12:07.842+0000] {processor.py:830} INFO - Processing file /home/denys/airflow_venv/lib/python3.12/site-packages/airflow/example_dags/example_trigger_target_dag.py for tasks to queue
[2024-05-08T13:12:07.843+0000] {logging_mixin.py:188} INFO - [2024-05-08T13:12:07.843+0000] {dagbag.py:545} INFO - Filling up the DagBag from /home/denys/airflow_venv/lib/python3.12/site-packages/airflow/example_dags/example_trigger_target_dag.py
[2024-05-08T13:12:07.847+0000] {processor.py:840} INFO - DAG(s) 'example_trigger_target_dag' retrieved from /home/denys/airflow_venv/lib/python3.12/site-packages/airflow/example_dags/example_trigger_target_dag.py
[2024-05-08T13:12:07.917+0000] {logging_mixin.py:188} INFO - [2024-05-08T13:12:07.916+0000] {override.py:1829} INFO - Created Permission View: can delete on DAG:example_trigger_target_dag
[2024-05-08T13:12:07.926+0000] {logging_mixin.py:188} INFO - [2024-05-08T13:12:07.926+0000] {override.py:1829} INFO - Created Permission View: can edit on DAG:example_trigger_target_dag
[2024-05-08T13:12:07.934+0000] {logging_mixin.py:188} INFO - [2024-05-08T13:12:07.934+0000] {override.py:1829} INFO - Created Permission View: can read on DAG:example_trigger_target_dag
[2024-05-08T13:12:07.934+0000] {logging_mixin.py:188} INFO - [2024-05-08T13:12:07.934+0000] {dag.py:3096} INFO - Sync 1 DAGs
[2024-05-08T13:12:07.943+0000] {logging_mixin.py:188} INFO - [2024-05-08T13:12:07.943+0000] {dag.py:3118} INFO - Creating ORM DAG for example_trigger_target_dag
[2024-05-08T13:12:07.943+0000] {logging_mixin.py:188} INFO - [2024-05-08T13:12:07.943+0000] {dag.py:3954} INFO - Setting next_dagrun for example_trigger_target_dag to None, run_after=None
[2024-05-08T13:12:07.962+0000] {processor.py:183} INFO - Processing /home/denys/airflow_venv/lib/python3.12/site-packages/airflow/example_dags/example_trigger_target_dag.py took 0.124 seconds
[2024-05-08T13:13:00.621+0000] {processor.py:161} INFO - Started process (PID=1940) to work on /home/denys/airflow_venv/lib/python3.12/site-packages/airflow/example_dags/example_trigger_target_dag.py
[2024-05-08T13:13:00.622+0000] {processor.py:830} INFO - Processing file /home/denys/airflow_venv/lib/python3.12/site-packages/airflow/example_dags/example_trigger_target_dag.py for tasks to queue
[2024-05-08T13:13:00.623+0000] {logging_mixin.py:188} INFO - [2024-05-08T13:13:00.623+0000] {dagbag.py:545} INFO - Filling up the DagBag from /home/denys/airflow_venv/lib/python3.12/site-packages/airflow/example_dags/example_trigger_target_dag.py
[2024-05-08T13:13:00.628+0000] {processor.py:840} INFO - DAG(s) 'example_trigger_target_dag' retrieved from /home/denys/airflow_venv/lib/python3.12/site-packages/airflow/example_dags/example_trigger_target_dag.py
[2024-05-08T13:13:00.636+0000] {logging_mixin.py:188} INFO - [2024-05-08T13:13:00.636+0000] {dag.py:3096} INFO - Sync 1 DAGs
[2024-05-08T13:13:00.643+0000] {logging_mixin.py:188} INFO - [2024-05-08T13:13:00.642+0000] {dag.py:3954} INFO - Setting next_dagrun for example_trigger_target_dag to None, run_after=None
[2024-05-08T13:13:00.660+0000] {processor.py:183} INFO - Processing /home/denys/airflow_venv/lib/python3.12/site-packages/airflow/example_dags/example_trigger_target_dag.py took 0.043 seconds
[2024-05-08T13:13:51.285+0000] {processor.py:161} INFO - Started process (PID=1992) to work on /home/denys/airflow_venv/lib/python3.12/site-packages/airflow/example_dags/example_trigger_target_dag.py
[2024-05-08T13:13:51.287+0000] {processor.py:830} INFO - Processing file /home/denys/airflow_venv/lib/python3.12/site-packages/airflow/example_dags/example_trigger_target_dag.py for tasks to queue
[2024-05-08T13:13:51.288+0000] {logging_mixin.py:188} INFO - [2024-05-08T13:13:51.287+0000] {dagbag.py:545} INFO - Filling up the DagBag from /home/denys/airflow_venv/lib/python3.12/site-packages/airflow/example_dags/example_trigger_target_dag.py
[2024-05-08T13:13:51.291+0000] {processor.py:840} INFO - DAG(s) 'example_trigger_target_dag' retrieved from /home/denys/airflow_venv/lib/python3.12/site-packages/airflow/example_dags/example_trigger_target_dag.py
[2024-05-08T13:13:51.301+0000] {logging_mixin.py:188} INFO - [2024-05-08T13:13:51.301+0000] {dag.py:3096} INFO - Sync 1 DAGs
[2024-05-08T13:13:51.309+0000] {logging_mixin.py:188} INFO - [2024-05-08T13:13:51.309+0000] {dag.py:3954} INFO - Setting next_dagrun for example_trigger_target_dag to None, run_after=None
[2024-05-08T13:13:51.330+0000] {processor.py:183} INFO - Processing /home/denys/airflow_venv/lib/python3.12/site-packages/airflow/example_dags/example_trigger_target_dag.py took 0.049 seconds
[2024-05-08T13:14:55.884+0000] {processor.py:161} INFO - Started process (PID=2058) to work on /home/denys/airflow_venv/lib/python3.12/site-packages/airflow/example_dags/example_trigger_target_dag.py
[2024-05-08T13:14:55.886+0000] {processor.py:830} INFO - Processing file /home/denys/airflow_venv/lib/python3.12/site-packages/airflow/example_dags/example_trigger_target_dag.py for tasks to queue
[2024-05-08T13:14:55.887+0000] {logging_mixin.py:188} INFO - [2024-05-08T13:14:55.886+0000] {dagbag.py:545} INFO - Filling up the DagBag from /home/denys/airflow_venv/lib/python3.12/site-packages/airflow/example_dags/example_trigger_target_dag.py
[2024-05-08T13:14:55.891+0000] {processor.py:840} INFO - DAG(s) 'example_trigger_target_dag' retrieved from /home/denys/airflow_venv/lib/python3.12/site-packages/airflow/example_dags/example_trigger_target_dag.py
[2024-05-08T13:14:55.899+0000] {logging_mixin.py:188} INFO - [2024-05-08T13:14:55.899+0000] {dag.py:3096} INFO - Sync 1 DAGs
[2024-05-08T13:14:55.907+0000] {logging_mixin.py:188} INFO - [2024-05-08T13:14:55.907+0000] {dag.py:3954} INFO - Setting next_dagrun for example_trigger_target_dag to None, run_after=None
[2024-05-08T13:14:55.928+0000] {processor.py:183} INFO - Processing /home/denys/airflow_venv/lib/python3.12/site-packages/airflow/example_dags/example_trigger_target_dag.py took 0.048 seconds
[2024-05-08T13:15:58.333+0000] {processor.py:161} INFO - Started process (PID=2125) to work on /home/denys/airflow_venv/lib/python3.12/site-packages/airflow/example_dags/example_trigger_target_dag.py
[2024-05-08T13:15:58.335+0000] {processor.py:830} INFO - Processing file /home/denys/airflow_venv/lib/python3.12/site-packages/airflow/example_dags/example_trigger_target_dag.py for tasks to queue
[2024-05-08T13:15:58.336+0000] {logging_mixin.py:188} INFO - [2024-05-08T13:15:58.336+0000] {dagbag.py:545} INFO - Filling up the DagBag from /home/denys/airflow_venv/lib/python3.12/site-packages/airflow/example_dags/example_trigger_target_dag.py
[2024-05-08T13:15:58.340+0000] {processor.py:840} INFO - DAG(s) 'example_trigger_target_dag' retrieved from /home/denys/airflow_venv/lib/python3.12/site-packages/airflow/example_dags/example_trigger_target_dag.py
[2024-05-08T13:15:58.349+0000] {logging_mixin.py:188} INFO - [2024-05-08T13:15:58.349+0000] {dag.py:3096} INFO - Sync 1 DAGs
[2024-05-08T13:15:58.356+0000] {logging_mixin.py:188} INFO - [2024-05-08T13:15:58.356+0000] {dag.py:3954} INFO - Setting next_dagrun for example_trigger_target_dag to None, run_after=None
[2024-05-08T13:15:58.374+0000] {processor.py:183} INFO - Processing /home/denys/airflow_venv/lib/python3.12/site-packages/airflow/example_dags/example_trigger_target_dag.py took 0.044 seconds
[2024-05-08T13:17:02.592+0000] {processor.py:161} INFO - Started process (PID=2193) to work on /home/denys/airflow_venv/lib/python3.12/site-packages/airflow/example_dags/example_trigger_target_dag.py
[2024-05-08T13:17:02.593+0000] {processor.py:830} INFO - Processing file /home/denys/airflow_venv/lib/python3.12/site-packages/airflow/example_dags/example_trigger_target_dag.py for tasks to queue
[2024-05-08T13:17:02.594+0000] {logging_mixin.py:188} INFO - [2024-05-08T13:17:02.594+0000] {dagbag.py:545} INFO - Filling up the DagBag from /home/denys/airflow_venv/lib/python3.12/site-packages/airflow/example_dags/example_trigger_target_dag.py
[2024-05-08T13:17:02.598+0000] {processor.py:840} INFO - DAG(s) 'example_trigger_target_dag' retrieved from /home/denys/airflow_venv/lib/python3.12/site-packages/airflow/example_dags/example_trigger_target_dag.py
[2024-05-08T13:17:02.606+0000] {logging_mixin.py:188} INFO - [2024-05-08T13:17:02.606+0000] {dag.py:3096} INFO - Sync 1 DAGs
[2024-05-08T13:17:02.612+0000] {logging_mixin.py:188} INFO - [2024-05-08T13:17:02.612+0000] {dag.py:3954} INFO - Setting next_dagrun for example_trigger_target_dag to None, run_after=None
[2024-05-08T13:17:02.637+0000] {processor.py:183} INFO - Processing /home/denys/airflow_venv/lib/python3.12/site-packages/airflow/example_dags/example_trigger_target_dag.py took 0.049 seconds
[2024-05-08T13:18:07.411+0000] {processor.py:161} INFO - Started process (PID=2262) to work on /home/denys/airflow_venv/lib/python3.12/site-packages/airflow/example_dags/example_trigger_target_dag.py
[2024-05-08T13:18:07.412+0000] {processor.py:830} INFO - Processing file /home/denys/airflow_venv/lib/python3.12/site-packages/airflow/example_dags/example_trigger_target_dag.py for tasks to queue
[2024-05-08T13:18:07.413+0000] {logging_mixin.py:188} INFO - [2024-05-08T13:18:07.413+0000] {dagbag.py:545} INFO - Filling up the DagBag from /home/denys/airflow_venv/lib/python3.12/site-packages/airflow/example_dags/example_trigger_target_dag.py
[2024-05-08T13:18:07.417+0000] {processor.py:840} INFO - DAG(s) 'example_trigger_target_dag' retrieved from /home/denys/airflow_venv/lib/python3.12/site-packages/airflow/example_dags/example_trigger_target_dag.py
[2024-05-08T13:18:07.426+0000] {logging_mixin.py:188} INFO - [2024-05-08T13:18:07.426+0000] {dag.py:3096} INFO - Sync 1 DAGs
[2024-05-08T13:18:07.432+0000] {logging_mixin.py:188} INFO - [2024-05-08T13:18:07.432+0000] {dag.py:3954} INFO - Setting next_dagrun for example_trigger_target_dag to None, run_after=None
[2024-05-08T13:18:07.449+0000] {processor.py:183} INFO - Processing /home/denys/airflow_venv/lib/python3.12/site-packages/airflow/example_dags/example_trigger_target_dag.py took 0.042 seconds
[2024-05-08T13:19:36.630+0000] {processor.py:161} INFO - Started process (PID=2339) to work on /home/denys/airflow_venv/lib/python3.12/site-packages/airflow/example_dags/example_trigger_target_dag.py
[2024-05-08T13:19:36.633+0000] {processor.py:830} INFO - Processing file /home/denys/airflow_venv/lib/python3.12/site-packages/airflow/example_dags/example_trigger_target_dag.py for tasks to queue
[2024-05-08T13:19:36.634+0000] {logging_mixin.py:188} INFO - [2024-05-08T13:19:36.633+0000] {dagbag.py:545} INFO - Filling up the DagBag from /home/denys/airflow_venv/lib/python3.12/site-packages/airflow/example_dags/example_trigger_target_dag.py
[2024-05-08T13:19:36.638+0000] {processor.py:840} INFO - DAG(s) 'example_trigger_target_dag' retrieved from /home/denys/airflow_venv/lib/python3.12/site-packages/airflow/example_dags/example_trigger_target_dag.py
[2024-05-08T13:19:36.686+0000] {logging_mixin.py:188} INFO - [2024-05-08T13:19:36.685+0000] {dag.py:3096} INFO - Sync 1 DAGs
[2024-05-08T13:19:36.691+0000] {logging_mixin.py:188} INFO - [2024-05-08T13:19:36.691+0000] {dag.py:3954} INFO - Setting next_dagrun for example_trigger_target_dag to None, run_after=None
[2024-05-08T13:19:36.708+0000] {processor.py:183} INFO - Processing /home/denys/airflow_venv/lib/python3.12/site-packages/airflow/example_dags/example_trigger_target_dag.py took 0.081 seconds
[2024-05-08T13:20:28.229+0000] {processor.py:161} INFO - Started process (PID=2396) to work on /home/denys/airflow_venv/lib/python3.12/site-packages/airflow/example_dags/example_trigger_target_dag.py
[2024-05-08T13:20:28.231+0000] {processor.py:830} INFO - Processing file /home/denys/airflow_venv/lib/python3.12/site-packages/airflow/example_dags/example_trigger_target_dag.py for tasks to queue
[2024-05-08T13:20:28.232+0000] {logging_mixin.py:188} INFO - [2024-05-08T13:20:28.232+0000] {dagbag.py:545} INFO - Filling up the DagBag from /home/denys/airflow_venv/lib/python3.12/site-packages/airflow/example_dags/example_trigger_target_dag.py
[2024-05-08T13:20:28.237+0000] {processor.py:840} INFO - DAG(s) 'example_trigger_target_dag' retrieved from /home/denys/airflow_venv/lib/python3.12/site-packages/airflow/example_dags/example_trigger_target_dag.py
[2024-05-08T13:20:28.247+0000] {logging_mixin.py:188} INFO - [2024-05-08T13:20:28.247+0000] {dag.py:3096} INFO - Sync 1 DAGs
[2024-05-08T13:20:28.254+0000] {logging_mixin.py:188} INFO - [2024-05-08T13:20:28.253+0000] {dag.py:3954} INFO - Setting next_dagrun for example_trigger_target_dag to None, run_after=None
[2024-05-08T13:20:28.274+0000] {processor.py:183} INFO - Processing /home/denys/airflow_venv/lib/python3.12/site-packages/airflow/example_dags/example_trigger_target_dag.py took 0.047 seconds
[2024-05-08T13:21:18.219+0000] {processor.py:161} INFO - Started process (PID=2448) to work on /home/denys/airflow_venv/lib/python3.12/site-packages/airflow/example_dags/example_trigger_target_dag.py
[2024-05-08T13:21:18.220+0000] {processor.py:830} INFO - Processing file /home/denys/airflow_venv/lib/python3.12/site-packages/airflow/example_dags/example_trigger_target_dag.py for tasks to queue
[2024-05-08T13:21:18.221+0000] {logging_mixin.py:188} INFO - [2024-05-08T13:21:18.221+0000] {dagbag.py:545} INFO - Filling up the DagBag from /home/denys/airflow_venv/lib/python3.12/site-packages/airflow/example_dags/example_trigger_target_dag.py
[2024-05-08T13:21:18.226+0000] {processor.py:840} INFO - DAG(s) 'example_trigger_target_dag' retrieved from /home/denys/airflow_venv/lib/python3.12/site-packages/airflow/example_dags/example_trigger_target_dag.py
[2024-05-08T13:21:18.234+0000] {logging_mixin.py:188} INFO - [2024-05-08T13:21:18.234+0000] {dag.py:3096} INFO - Sync 1 DAGs
[2024-05-08T13:21:18.240+0000] {logging_mixin.py:188} INFO - [2024-05-08T13:21:18.240+0000] {dag.py:3954} INFO - Setting next_dagrun for example_trigger_target_dag to None, run_after=None
[2024-05-08T13:21:18.257+0000] {processor.py:183} INFO - Processing /home/denys/airflow_venv/lib/python3.12/site-packages/airflow/example_dags/example_trigger_target_dag.py took 0.041 seconds
[2024-05-08T13:22:22.480+0000] {processor.py:161} INFO - Started process (PID=2513) to work on /home/denys/airflow_venv/lib/python3.12/site-packages/airflow/example_dags/example_trigger_target_dag.py
[2024-05-08T13:22:22.481+0000] {processor.py:830} INFO - Processing file /home/denys/airflow_venv/lib/python3.12/site-packages/airflow/example_dags/example_trigger_target_dag.py for tasks to queue
[2024-05-08T13:22:22.482+0000] {logging_mixin.py:188} INFO - [2024-05-08T13:22:22.482+0000] {dagbag.py:545} INFO - Filling up the DagBag from /home/denys/airflow_venv/lib/python3.12/site-packages/airflow/example_dags/example_trigger_target_dag.py
[2024-05-08T13:22:22.486+0000] {processor.py:840} INFO - DAG(s) 'example_trigger_target_dag' retrieved from /home/denys/airflow_venv/lib/python3.12/site-packages/airflow/example_dags/example_trigger_target_dag.py
[2024-05-08T13:22:22.494+0000] {logging_mixin.py:188} INFO - [2024-05-08T13:22:22.494+0000] {dag.py:3096} INFO - Sync 1 DAGs
[2024-05-08T13:22:22.502+0000] {logging_mixin.py:188} INFO - [2024-05-08T13:22:22.501+0000] {dag.py:3954} INFO - Setting next_dagrun for example_trigger_target_dag to None, run_after=None
[2024-05-08T13:22:22.528+0000] {processor.py:183} INFO - Processing /home/denys/airflow_venv/lib/python3.12/site-packages/airflow/example_dags/example_trigger_target_dag.py took 0.051 seconds
[2024-05-08T13:23:24.205+0000] {processor.py:161} INFO - Started process (PID=2579) to work on /home/denys/airflow_venv/lib/python3.12/site-packages/airflow/example_dags/example_trigger_target_dag.py
[2024-05-08T13:23:24.206+0000] {processor.py:830} INFO - Processing file /home/denys/airflow_venv/lib/python3.12/site-packages/airflow/example_dags/example_trigger_target_dag.py for tasks to queue
[2024-05-08T13:23:24.207+0000] {logging_mixin.py:188} INFO - [2024-05-08T13:23:24.207+0000] {dagbag.py:545} INFO - Filling up the DagBag from /home/denys/airflow_venv/lib/python3.12/site-packages/airflow/example_dags/example_trigger_target_dag.py
[2024-05-08T13:23:24.211+0000] {processor.py:840} INFO - DAG(s) 'example_trigger_target_dag' retrieved from /home/denys/airflow_venv/lib/python3.12/site-packages/airflow/example_dags/example_trigger_target_dag.py
[2024-05-08T13:23:24.220+0000] {logging_mixin.py:188} INFO - [2024-05-08T13:23:24.220+0000] {dag.py:3096} INFO - Sync 1 DAGs
[2024-05-08T13:23:24.226+0000] {logging_mixin.py:188} INFO - [2024-05-08T13:23:24.226+0000] {dag.py:3954} INFO - Setting next_dagrun for example_trigger_target_dag to None, run_after=None
[2024-05-08T13:23:24.247+0000] {processor.py:183} INFO - Processing /home/denys/airflow_venv/lib/python3.12/site-packages/airflow/example_dags/example_trigger_target_dag.py took 0.046 seconds
[2024-05-08T13:24:23.280+0000] {processor.py:161} INFO - Started process (PID=2713) to work on /home/denys/airflow_venv/lib/python3.12/site-packages/airflow/example_dags/example_trigger_target_dag.py
[2024-05-08T13:24:23.281+0000] {processor.py:830} INFO - Processing file /home/denys/airflow_venv/lib/python3.12/site-packages/airflow/example_dags/example_trigger_target_dag.py for tasks to queue
[2024-05-08T13:24:23.283+0000] {logging_mixin.py:188} INFO - [2024-05-08T13:24:23.282+0000] {dagbag.py:545} INFO - Filling up the DagBag from /home/denys/airflow_venv/lib/python3.12/site-packages/airflow/example_dags/example_trigger_target_dag.py
[2024-05-08T13:24:23.287+0000] {processor.py:840} INFO - DAG(s) 'example_trigger_target_dag' retrieved from /home/denys/airflow_venv/lib/python3.12/site-packages/airflow/example_dags/example_trigger_target_dag.py
[2024-05-08T13:24:23.295+0000] {logging_mixin.py:188} INFO - [2024-05-08T13:24:23.295+0000] {dag.py:3096} INFO - Sync 1 DAGs
[2024-05-08T13:24:23.301+0000] {logging_mixin.py:188} INFO - [2024-05-08T13:24:23.301+0000] {dag.py:3954} INFO - Setting next_dagrun for example_trigger_target_dag to None, run_after=None
[2024-05-08T13:24:23.322+0000] {processor.py:183} INFO - Processing /home/denys/airflow_venv/lib/python3.12/site-packages/airflow/example_dags/example_trigger_target_dag.py took 0.047 seconds
[2024-05-08T13:25:22.846+0000] {processor.py:161} INFO - Started process (PID=2781) to work on /home/denys/airflow_venv/lib/python3.12/site-packages/airflow/example_dags/example_trigger_target_dag.py
[2024-05-08T13:25:22.847+0000] {processor.py:830} INFO - Processing file /home/denys/airflow_venv/lib/python3.12/site-packages/airflow/example_dags/example_trigger_target_dag.py for tasks to queue
[2024-05-08T13:25:22.848+0000] {logging_mixin.py:188} INFO - [2024-05-08T13:25:22.847+0000] {dagbag.py:545} INFO - Filling up the DagBag from /home/denys/airflow_venv/lib/python3.12/site-packages/airflow/example_dags/example_trigger_target_dag.py
[2024-05-08T13:25:22.851+0000] {processor.py:840} INFO - DAG(s) 'example_trigger_target_dag' retrieved from /home/denys/airflow_venv/lib/python3.12/site-packages/airflow/example_dags/example_trigger_target_dag.py
[2024-05-08T13:25:22.859+0000] {logging_mixin.py:188} INFO - [2024-05-08T13:25:22.859+0000] {dag.py:3096} INFO - Sync 1 DAGs
[2024-05-08T13:25:22.866+0000] {logging_mixin.py:188} INFO - [2024-05-08T13:25:22.866+0000] {dag.py:3954} INFO - Setting next_dagrun for example_trigger_target_dag to None, run_after=None
[2024-05-08T13:25:22.888+0000] {processor.py:183} INFO - Processing /home/denys/airflow_venv/lib/python3.12/site-packages/airflow/example_dags/example_trigger_target_dag.py took 0.046 seconds
[2024-05-08T13:26:24.937+0000] {processor.py:161} INFO - Started process (PID=2845) to work on /home/denys/airflow_venv/lib/python3.12/site-packages/airflow/example_dags/example_trigger_target_dag.py
[2024-05-08T13:26:24.939+0000] {processor.py:830} INFO - Processing file /home/denys/airflow_venv/lib/python3.12/site-packages/airflow/example_dags/example_trigger_target_dag.py for tasks to queue
[2024-05-08T13:26:24.940+0000] {logging_mixin.py:188} INFO - [2024-05-08T13:26:24.939+0000] {dagbag.py:545} INFO - Filling up the DagBag from /home/denys/airflow_venv/lib/python3.12/site-packages/airflow/example_dags/example_trigger_target_dag.py
[2024-05-08T13:26:24.944+0000] {processor.py:840} INFO - DAG(s) 'example_trigger_target_dag' retrieved from /home/denys/airflow_venv/lib/python3.12/site-packages/airflow/example_dags/example_trigger_target_dag.py
[2024-05-08T13:26:24.952+0000] {logging_mixin.py:188} INFO - [2024-05-08T13:26:24.952+0000] {dag.py:3096} INFO - Sync 1 DAGs
[2024-05-08T13:26:24.958+0000] {logging_mixin.py:188} INFO - [2024-05-08T13:26:24.958+0000] {dag.py:3954} INFO - Setting next_dagrun for example_trigger_target_dag to None, run_after=None
[2024-05-08T13:26:24.980+0000] {processor.py:183} INFO - Processing /home/denys/airflow_venv/lib/python3.12/site-packages/airflow/example_dags/example_trigger_target_dag.py took 0.046 seconds
[2024-05-08T13:27:30.136+0000] {processor.py:161} INFO - Started process (PID=2911) to work on /home/denys/airflow_venv/lib/python3.12/site-packages/airflow/example_dags/example_trigger_target_dag.py
[2024-05-08T13:27:30.137+0000] {processor.py:830} INFO - Processing file /home/denys/airflow_venv/lib/python3.12/site-packages/airflow/example_dags/example_trigger_target_dag.py for tasks to queue
[2024-05-08T13:27:30.138+0000] {logging_mixin.py:188} INFO - [2024-05-08T13:27:30.138+0000] {dagbag.py:545} INFO - Filling up the DagBag from /home/denys/airflow_venv/lib/python3.12/site-packages/airflow/example_dags/example_trigger_target_dag.py
[2024-05-08T13:27:30.142+0000] {processor.py:840} INFO - DAG(s) 'example_trigger_target_dag' retrieved from /home/denys/airflow_venv/lib/python3.12/site-packages/airflow/example_dags/example_trigger_target_dag.py
[2024-05-08T13:27:30.152+0000] {logging_mixin.py:188} INFO - [2024-05-08T13:27:30.152+0000] {dag.py:3096} INFO - Sync 1 DAGs
[2024-05-08T13:27:30.159+0000] {logging_mixin.py:188} INFO - [2024-05-08T13:27:30.159+0000] {dag.py:3954} INFO - Setting next_dagrun for example_trigger_target_dag to None, run_after=None
[2024-05-08T13:27:30.180+0000] {processor.py:183} INFO - Processing /home/denys/airflow_venv/lib/python3.12/site-packages/airflow/example_dags/example_trigger_target_dag.py took 0.047 seconds
[2024-05-08T13:28:34.868+0000] {processor.py:161} INFO - Started process (PID=2979) to work on /home/denys/airflow_venv/lib/python3.12/site-packages/airflow/example_dags/example_trigger_target_dag.py
[2024-05-08T13:28:34.870+0000] {processor.py:830} INFO - Processing file /home/denys/airflow_venv/lib/python3.12/site-packages/airflow/example_dags/example_trigger_target_dag.py for tasks to queue
[2024-05-08T13:28:34.871+0000] {logging_mixin.py:188} INFO - [2024-05-08T13:28:34.870+0000] {dagbag.py:545} INFO - Filling up the DagBag from /home/denys/airflow_venv/lib/python3.12/site-packages/airflow/example_dags/example_trigger_target_dag.py
[2024-05-08T13:28:34.876+0000] {processor.py:840} INFO - DAG(s) 'example_trigger_target_dag' retrieved from /home/denys/airflow_venv/lib/python3.12/site-packages/airflow/example_dags/example_trigger_target_dag.py
[2024-05-08T13:28:34.886+0000] {logging_mixin.py:188} INFO - [2024-05-08T13:28:34.886+0000] {dag.py:3096} INFO - Sync 1 DAGs
[2024-05-08T13:28:34.893+0000] {logging_mixin.py:188} INFO - [2024-05-08T13:28:34.893+0000] {dag.py:3954} INFO - Setting next_dagrun for example_trigger_target_dag to None, run_after=None
[2024-05-08T13:28:34.918+0000] {processor.py:183} INFO - Processing /home/denys/airflow_venv/lib/python3.12/site-packages/airflow/example_dags/example_trigger_target_dag.py took 0.054 seconds
[2024-05-08T13:29:33.112+0000] {processor.py:161} INFO - Started process (PID=3097) to work on /home/denys/airflow_venv/lib/python3.12/site-packages/airflow/example_dags/example_trigger_target_dag.py
[2024-05-08T13:29:33.114+0000] {processor.py:830} INFO - Processing file /home/denys/airflow_venv/lib/python3.12/site-packages/airflow/example_dags/example_trigger_target_dag.py for tasks to queue
[2024-05-08T13:29:33.115+0000] {logging_mixin.py:188} INFO - [2024-05-08T13:29:33.115+0000] {dagbag.py:545} INFO - Filling up the DagBag from /home/denys/airflow_venv/lib/python3.12/site-packages/airflow/example_dags/example_trigger_target_dag.py
[2024-05-08T13:29:33.119+0000] {processor.py:840} INFO - DAG(s) 'example_trigger_target_dag' retrieved from /home/denys/airflow_venv/lib/python3.12/site-packages/airflow/example_dags/example_trigger_target_dag.py
[2024-05-08T13:29:33.129+0000] {logging_mixin.py:188} INFO - [2024-05-08T13:29:33.129+0000] {dag.py:3096} INFO - Sync 1 DAGs
[2024-05-08T13:29:33.137+0000] {logging_mixin.py:188} INFO - [2024-05-08T13:29:33.136+0000] {dag.py:3954} INFO - Setting next_dagrun for example_trigger_target_dag to None, run_after=None
[2024-05-08T13:29:33.158+0000] {processor.py:183} INFO - Processing /home/denys/airflow_venv/lib/python3.12/site-packages/airflow/example_dags/example_trigger_target_dag.py took 0.049 seconds
[2024-05-08T13:30:33.471+0000] {processor.py:161} INFO - Started process (PID=3162) to work on /home/denys/airflow_venv/lib/python3.12/site-packages/airflow/example_dags/example_trigger_target_dag.py
[2024-05-08T13:30:33.473+0000] {processor.py:830} INFO - Processing file /home/denys/airflow_venv/lib/python3.12/site-packages/airflow/example_dags/example_trigger_target_dag.py for tasks to queue
[2024-05-08T13:30:33.475+0000] {logging_mixin.py:188} INFO - [2024-05-08T13:30:33.475+0000] {dagbag.py:545} INFO - Filling up the DagBag from /home/denys/airflow_venv/lib/python3.12/site-packages/airflow/example_dags/example_trigger_target_dag.py
[2024-05-08T13:30:33.479+0000] {processor.py:840} INFO - DAG(s) 'example_trigger_target_dag' retrieved from /home/denys/airflow_venv/lib/python3.12/site-packages/airflow/example_dags/example_trigger_target_dag.py
[2024-05-08T13:30:33.491+0000] {logging_mixin.py:188} INFO - [2024-05-08T13:30:33.491+0000] {dag.py:3096} INFO - Sync 1 DAGs
[2024-05-08T13:30:33.501+0000] {logging_mixin.py:188} INFO - [2024-05-08T13:30:33.501+0000] {dag.py:3954} INFO - Setting next_dagrun for example_trigger_target_dag to None, run_after=None
[2024-05-08T13:30:33.526+0000] {processor.py:183} INFO - Processing /home/denys/airflow_venv/lib/python3.12/site-packages/airflow/example_dags/example_trigger_target_dag.py took 0.062 seconds
[2024-05-08T13:31:35.607+0000] {processor.py:161} INFO - Started process (PID=3226) to work on /home/denys/airflow_venv/lib/python3.12/site-packages/airflow/example_dags/example_trigger_target_dag.py
[2024-05-08T13:31:35.608+0000] {processor.py:830} INFO - Processing file /home/denys/airflow_venv/lib/python3.12/site-packages/airflow/example_dags/example_trigger_target_dag.py for tasks to queue
[2024-05-08T13:31:35.609+0000] {logging_mixin.py:188} INFO - [2024-05-08T13:31:35.609+0000] {dagbag.py:545} INFO - Filling up the DagBag from /home/denys/airflow_venv/lib/python3.12/site-packages/airflow/example_dags/example_trigger_target_dag.py
[2024-05-08T13:31:35.613+0000] {processor.py:840} INFO - DAG(s) 'example_trigger_target_dag' retrieved from /home/denys/airflow_venv/lib/python3.12/site-packages/airflow/example_dags/example_trigger_target_dag.py
[2024-05-08T13:31:35.622+0000] {logging_mixin.py:188} INFO - [2024-05-08T13:31:35.622+0000] {dag.py:3096} INFO - Sync 1 DAGs
[2024-05-08T13:31:35.628+0000] {logging_mixin.py:188} INFO - [2024-05-08T13:31:35.628+0000] {dag.py:3954} INFO - Setting next_dagrun for example_trigger_target_dag to None, run_after=None
[2024-05-08T13:31:35.651+0000] {processor.py:183} INFO - Processing /home/denys/airflow_venv/lib/python3.12/site-packages/airflow/example_dags/example_trigger_target_dag.py took 0.047 seconds
[2024-05-08T13:32:39.549+0000] {processor.py:161} INFO - Started process (PID=3291) to work on /home/denys/airflow_venv/lib/python3.12/site-packages/airflow/example_dags/example_trigger_target_dag.py
[2024-05-08T13:32:39.550+0000] {processor.py:830} INFO - Processing file /home/denys/airflow_venv/lib/python3.12/site-packages/airflow/example_dags/example_trigger_target_dag.py for tasks to queue
[2024-05-08T13:32:39.551+0000] {logging_mixin.py:188} INFO - [2024-05-08T13:32:39.551+0000] {dagbag.py:545} INFO - Filling up the DagBag from /home/denys/airflow_venv/lib/python3.12/site-packages/airflow/example_dags/example_trigger_target_dag.py
[2024-05-08T13:32:39.555+0000] {processor.py:840} INFO - DAG(s) 'example_trigger_target_dag' retrieved from /home/denys/airflow_venv/lib/python3.12/site-packages/airflow/example_dags/example_trigger_target_dag.py
[2024-05-08T13:32:39.565+0000] {logging_mixin.py:188} INFO - [2024-05-08T13:32:39.565+0000] {dag.py:3096} INFO - Sync 1 DAGs
[2024-05-08T13:32:39.572+0000] {logging_mixin.py:188} INFO - [2024-05-08T13:32:39.572+0000] {dag.py:3954} INFO - Setting next_dagrun for example_trigger_target_dag to None, run_after=None
[2024-05-08T13:32:39.592+0000] {processor.py:183} INFO - Processing /home/denys/airflow_venv/lib/python3.12/site-packages/airflow/example_dags/example_trigger_target_dag.py took 0.047 seconds
[2024-05-08T13:33:44.730+0000] {processor.py:161} INFO - Started process (PID=3357) to work on /home/denys/airflow_venv/lib/python3.12/site-packages/airflow/example_dags/example_trigger_target_dag.py
[2024-05-08T13:33:44.731+0000] {processor.py:830} INFO - Processing file /home/denys/airflow_venv/lib/python3.12/site-packages/airflow/example_dags/example_trigger_target_dag.py for tasks to queue
[2024-05-08T13:33:44.732+0000] {logging_mixin.py:188} INFO - [2024-05-08T13:33:44.732+0000] {dagbag.py:545} INFO - Filling up the DagBag from /home/denys/airflow_venv/lib/python3.12/site-packages/airflow/example_dags/example_trigger_target_dag.py
[2024-05-08T13:33:44.736+0000] {processor.py:840} INFO - DAG(s) 'example_trigger_target_dag' retrieved from /home/denys/airflow_venv/lib/python3.12/site-packages/airflow/example_dags/example_trigger_target_dag.py
[2024-05-08T13:33:44.745+0000] {logging_mixin.py:188} INFO - [2024-05-08T13:33:44.744+0000] {dag.py:3096} INFO - Sync 1 DAGs
[2024-05-08T13:33:44.751+0000] {logging_mixin.py:188} INFO - [2024-05-08T13:33:44.751+0000] {dag.py:3954} INFO - Setting next_dagrun for example_trigger_target_dag to None, run_after=None
[2024-05-08T13:33:44.775+0000] {processor.py:183} INFO - Processing /home/denys/airflow_venv/lib/python3.12/site-packages/airflow/example_dags/example_trigger_target_dag.py took 0.048 seconds
[2024-05-08T13:34:46.990+0000] {processor.py:161} INFO - Started process (PID=3425) to work on /home/denys/airflow_venv/lib/python3.12/site-packages/airflow/example_dags/example_trigger_target_dag.py
[2024-05-08T13:34:46.991+0000] {processor.py:830} INFO - Processing file /home/denys/airflow_venv/lib/python3.12/site-packages/airflow/example_dags/example_trigger_target_dag.py for tasks to queue
[2024-05-08T13:34:46.992+0000] {logging_mixin.py:188} INFO - [2024-05-08T13:34:46.992+0000] {dagbag.py:545} INFO - Filling up the DagBag from /home/denys/airflow_venv/lib/python3.12/site-packages/airflow/example_dags/example_trigger_target_dag.py
[2024-05-08T13:34:46.996+0000] {processor.py:840} INFO - DAG(s) 'example_trigger_target_dag' retrieved from /home/denys/airflow_venv/lib/python3.12/site-packages/airflow/example_dags/example_trigger_target_dag.py
[2024-05-08T13:34:47.004+0000] {logging_mixin.py:188} INFO - [2024-05-08T13:34:47.004+0000] {dag.py:3096} INFO - Sync 1 DAGs
[2024-05-08T13:34:47.010+0000] {logging_mixin.py:188} INFO - [2024-05-08T13:34:47.010+0000] {dag.py:3954} INFO - Setting next_dagrun for example_trigger_target_dag to None, run_after=None
[2024-05-08T13:34:47.027+0000] {processor.py:183} INFO - Processing /home/denys/airflow_venv/lib/python3.12/site-packages/airflow/example_dags/example_trigger_target_dag.py took 0.040 seconds
[2024-05-08T13:35:45.805+0000] {processor.py:161} INFO - Started process (PID=3490) to work on /home/denys/airflow_venv/lib/python3.12/site-packages/airflow/example_dags/example_trigger_target_dag.py
[2024-05-08T13:35:45.807+0000] {processor.py:830} INFO - Processing file /home/denys/airflow_venv/lib/python3.12/site-packages/airflow/example_dags/example_trigger_target_dag.py for tasks to queue
[2024-05-08T13:35:45.808+0000] {logging_mixin.py:188} INFO - [2024-05-08T13:35:45.807+0000] {dagbag.py:545} INFO - Filling up the DagBag from /home/denys/airflow_venv/lib/python3.12/site-packages/airflow/example_dags/example_trigger_target_dag.py
[2024-05-08T13:35:45.812+0000] {processor.py:840} INFO - DAG(s) 'example_trigger_target_dag' retrieved from /home/denys/airflow_venv/lib/python3.12/site-packages/airflow/example_dags/example_trigger_target_dag.py
[2024-05-08T13:35:45.820+0000] {logging_mixin.py:188} INFO - [2024-05-08T13:35:45.820+0000] {dag.py:3096} INFO - Sync 1 DAGs
[2024-05-08T13:35:45.826+0000] {logging_mixin.py:188} INFO - [2024-05-08T13:35:45.826+0000] {dag.py:3954} INFO - Setting next_dagrun for example_trigger_target_dag to None, run_after=None
[2024-05-08T13:35:45.848+0000] {processor.py:183} INFO - Processing /home/denys/airflow_venv/lib/python3.12/site-packages/airflow/example_dags/example_trigger_target_dag.py took 0.046 seconds
[2024-05-08T13:36:47.837+0000] {processor.py:161} INFO - Started process (PID=3555) to work on /home/denys/airflow_venv/lib/python3.12/site-packages/airflow/example_dags/example_trigger_target_dag.py
[2024-05-08T13:36:47.838+0000] {processor.py:830} INFO - Processing file /home/denys/airflow_venv/lib/python3.12/site-packages/airflow/example_dags/example_trigger_target_dag.py for tasks to queue
[2024-05-08T13:36:47.840+0000] {logging_mixin.py:188} INFO - [2024-05-08T13:36:47.839+0000] {dagbag.py:545} INFO - Filling up the DagBag from /home/denys/airflow_venv/lib/python3.12/site-packages/airflow/example_dags/example_trigger_target_dag.py
[2024-05-08T13:36:47.843+0000] {processor.py:840} INFO - DAG(s) 'example_trigger_target_dag' retrieved from /home/denys/airflow_venv/lib/python3.12/site-packages/airflow/example_dags/example_trigger_target_dag.py
[2024-05-08T13:36:47.852+0000] {logging_mixin.py:188} INFO - [2024-05-08T13:36:47.852+0000] {dag.py:3096} INFO - Sync 1 DAGs
[2024-05-08T13:36:47.857+0000] {logging_mixin.py:188} INFO - [2024-05-08T13:36:47.857+0000] {dag.py:3954} INFO - Setting next_dagrun for example_trigger_target_dag to None, run_after=None
[2024-05-08T13:36:47.894+0000] {processor.py:183} INFO - Processing /home/denys/airflow_venv/lib/python3.12/site-packages/airflow/example_dags/example_trigger_target_dag.py took 0.060 seconds
[2024-05-08T13:37:55.716+0000] {processor.py:161} INFO - Started process (PID=3623) to work on /home/denys/airflow_venv/lib/python3.12/site-packages/airflow/example_dags/example_trigger_target_dag.py
[2024-05-08T13:37:55.719+0000] {processor.py:830} INFO - Processing file /home/denys/airflow_venv/lib/python3.12/site-packages/airflow/example_dags/example_trigger_target_dag.py for tasks to queue
[2024-05-08T13:37:55.720+0000] {logging_mixin.py:188} INFO - [2024-05-08T13:37:55.720+0000] {dagbag.py:545} INFO - Filling up the DagBag from /home/denys/airflow_venv/lib/python3.12/site-packages/airflow/example_dags/example_trigger_target_dag.py
[2024-05-08T13:37:55.724+0000] {processor.py:840} INFO - DAG(s) 'example_trigger_target_dag' retrieved from /home/denys/airflow_venv/lib/python3.12/site-packages/airflow/example_dags/example_trigger_target_dag.py
[2024-05-08T13:37:55.733+0000] {logging_mixin.py:188} INFO - [2024-05-08T13:37:55.733+0000] {dag.py:3096} INFO - Sync 1 DAGs
[2024-05-08T13:37:55.739+0000] {logging_mixin.py:188} INFO - [2024-05-08T13:37:55.739+0000] {dag.py:3954} INFO - Setting next_dagrun for example_trigger_target_dag to None, run_after=None
[2024-05-08T13:37:55.759+0000] {processor.py:183} INFO - Processing /home/denys/airflow_venv/lib/python3.12/site-packages/airflow/example_dags/example_trigger_target_dag.py took 0.046 seconds
[2024-05-08T13:38:42.352+0000] {processor.py:161} INFO - Started process (PID=3671) to work on /home/denys/airflow_venv/lib/python3.12/site-packages/airflow/example_dags/example_trigger_target_dag.py
[2024-05-08T13:38:42.354+0000] {processor.py:830} INFO - Processing file /home/denys/airflow_venv/lib/python3.12/site-packages/airflow/example_dags/example_trigger_target_dag.py for tasks to queue
[2024-05-08T13:38:42.355+0000] {logging_mixin.py:188} INFO - [2024-05-08T13:38:42.355+0000] {dagbag.py:545} INFO - Filling up the DagBag from /home/denys/airflow_venv/lib/python3.12/site-packages/airflow/example_dags/example_trigger_target_dag.py
[2024-05-08T13:38:42.360+0000] {processor.py:840} INFO - DAG(s) 'example_trigger_target_dag' retrieved from /home/denys/airflow_venv/lib/python3.12/site-packages/airflow/example_dags/example_trigger_target_dag.py
[2024-05-08T13:38:42.373+0000] {logging_mixin.py:188} INFO - [2024-05-08T13:38:42.373+0000] {dag.py:3096} INFO - Sync 1 DAGs
[2024-05-08T13:38:42.380+0000] {logging_mixin.py:188} INFO - [2024-05-08T13:38:42.380+0000] {dag.py:3954} INFO - Setting next_dagrun for example_trigger_target_dag to None, run_after=None
[2024-05-08T13:38:42.406+0000] {processor.py:183} INFO - Processing /home/denys/airflow_venv/lib/python3.12/site-packages/airflow/example_dags/example_trigger_target_dag.py took 0.058 seconds
[2024-05-08T13:39:47.184+0000] {processor.py:161} INFO - Started process (PID=3736) to work on /home/denys/airflow_venv/lib/python3.12/site-packages/airflow/example_dags/example_trigger_target_dag.py
[2024-05-08T13:39:47.186+0000] {processor.py:830} INFO - Processing file /home/denys/airflow_venv/lib/python3.12/site-packages/airflow/example_dags/example_trigger_target_dag.py for tasks to queue
[2024-05-08T13:39:47.187+0000] {logging_mixin.py:188} INFO - [2024-05-08T13:39:47.187+0000] {dagbag.py:545} INFO - Filling up the DagBag from /home/denys/airflow_venv/lib/python3.12/site-packages/airflow/example_dags/example_trigger_target_dag.py
[2024-05-08T13:39:47.191+0000] {processor.py:840} INFO - DAG(s) 'example_trigger_target_dag' retrieved from /home/denys/airflow_venv/lib/python3.12/site-packages/airflow/example_dags/example_trigger_target_dag.py
[2024-05-08T13:39:47.201+0000] {logging_mixin.py:188} INFO - [2024-05-08T13:39:47.201+0000] {dag.py:3096} INFO - Sync 1 DAGs
[2024-05-08T13:39:47.208+0000] {logging_mixin.py:188} INFO - [2024-05-08T13:39:47.207+0000] {dag.py:3954} INFO - Setting next_dagrun for example_trigger_target_dag to None, run_after=None
[2024-05-08T13:39:47.295+0000] {processor.py:183} INFO - Processing /home/denys/airflow_venv/lib/python3.12/site-packages/airflow/example_dags/example_trigger_target_dag.py took 0.115 seconds
[2024-05-08T13:40:34.647+0000] {processor.py:161} INFO - Started process (PID=3784) to work on /home/denys/airflow_venv/lib/python3.12/site-packages/airflow/example_dags/example_trigger_target_dag.py
[2024-05-08T13:40:34.648+0000] {processor.py:830} INFO - Processing file /home/denys/airflow_venv/lib/python3.12/site-packages/airflow/example_dags/example_trigger_target_dag.py for tasks to queue
[2024-05-08T13:40:34.649+0000] {logging_mixin.py:188} INFO - [2024-05-08T13:40:34.648+0000] {dagbag.py:545} INFO - Filling up the DagBag from /home/denys/airflow_venv/lib/python3.12/site-packages/airflow/example_dags/example_trigger_target_dag.py
[2024-05-08T13:40:34.653+0000] {processor.py:840} INFO - DAG(s) 'example_trigger_target_dag' retrieved from /home/denys/airflow_venv/lib/python3.12/site-packages/airflow/example_dags/example_trigger_target_dag.py
[2024-05-08T13:40:34.663+0000] {logging_mixin.py:188} INFO - [2024-05-08T13:40:34.663+0000] {dag.py:3096} INFO - Sync 1 DAGs
[2024-05-08T13:40:34.671+0000] {logging_mixin.py:188} INFO - [2024-05-08T13:40:34.671+0000] {dag.py:3954} INFO - Setting next_dagrun for example_trigger_target_dag to None, run_after=None
[2024-05-08T13:40:34.695+0000] {processor.py:183} INFO - Processing /home/denys/airflow_venv/lib/python3.12/site-packages/airflow/example_dags/example_trigger_target_dag.py took 0.052 seconds
[2024-05-08T13:41:22.770+0000] {processor.py:161} INFO - Started process (PID=3831) to work on /home/denys/airflow_venv/lib/python3.12/site-packages/airflow/example_dags/example_trigger_target_dag.py
[2024-05-08T13:41:22.771+0000] {processor.py:830} INFO - Processing file /home/denys/airflow_venv/lib/python3.12/site-packages/airflow/example_dags/example_trigger_target_dag.py for tasks to queue
[2024-05-08T13:41:22.772+0000] {logging_mixin.py:188} INFO - [2024-05-08T13:41:22.772+0000] {dagbag.py:545} INFO - Filling up the DagBag from /home/denys/airflow_venv/lib/python3.12/site-packages/airflow/example_dags/example_trigger_target_dag.py
[2024-05-08T13:41:22.776+0000] {processor.py:840} INFO - DAG(s) 'example_trigger_target_dag' retrieved from /home/denys/airflow_venv/lib/python3.12/site-packages/airflow/example_dags/example_trigger_target_dag.py
[2024-05-08T13:41:22.786+0000] {logging_mixin.py:188} INFO - [2024-05-08T13:41:22.786+0000] {dag.py:3096} INFO - Sync 1 DAGs
[2024-05-08T13:41:22.792+0000] {logging_mixin.py:188} INFO - [2024-05-08T13:41:22.792+0000] {dag.py:3954} INFO - Setting next_dagrun for example_trigger_target_dag to None, run_after=None
[2024-05-08T13:41:22.812+0000] {processor.py:183} INFO - Processing /home/denys/airflow_venv/lib/python3.12/site-packages/airflow/example_dags/example_trigger_target_dag.py took 0.047 seconds
[2024-05-08T13:42:28.099+0000] {processor.py:161} INFO - Started process (PID=3897) to work on /home/denys/airflow_venv/lib/python3.12/site-packages/airflow/example_dags/example_trigger_target_dag.py
[2024-05-08T13:42:28.101+0000] {processor.py:830} INFO - Processing file /home/denys/airflow_venv/lib/python3.12/site-packages/airflow/example_dags/example_trigger_target_dag.py for tasks to queue
[2024-05-08T13:42:28.102+0000] {logging_mixin.py:188} INFO - [2024-05-08T13:42:28.102+0000] {dagbag.py:545} INFO - Filling up the DagBag from /home/denys/airflow_venv/lib/python3.12/site-packages/airflow/example_dags/example_trigger_target_dag.py
[2024-05-08T13:42:28.106+0000] {processor.py:840} INFO - DAG(s) 'example_trigger_target_dag' retrieved from /home/denys/airflow_venv/lib/python3.12/site-packages/airflow/example_dags/example_trigger_target_dag.py
[2024-05-08T13:42:28.115+0000] {logging_mixin.py:188} INFO - [2024-05-08T13:42:28.115+0000] {dag.py:3096} INFO - Sync 1 DAGs
[2024-05-08T13:42:28.193+0000] {logging_mixin.py:188} INFO - [2024-05-08T13:42:28.193+0000] {dag.py:3954} INFO - Setting next_dagrun for example_trigger_target_dag to None, run_after=None
[2024-05-08T13:42:28.215+0000] {processor.py:183} INFO - Processing /home/denys/airflow_venv/lib/python3.12/site-packages/airflow/example_dags/example_trigger_target_dag.py took 0.120 seconds
[2024-05-08T13:43:13.615+0000] {processor.py:161} INFO - Started process (PID=3943) to work on /home/denys/airflow_venv/lib/python3.12/site-packages/airflow/example_dags/example_trigger_target_dag.py
[2024-05-08T13:43:13.617+0000] {processor.py:830} INFO - Processing file /home/denys/airflow_venv/lib/python3.12/site-packages/airflow/example_dags/example_trigger_target_dag.py for tasks to queue
[2024-05-08T13:43:13.618+0000] {logging_mixin.py:188} INFO - [2024-05-08T13:43:13.617+0000] {dagbag.py:545} INFO - Filling up the DagBag from /home/denys/airflow_venv/lib/python3.12/site-packages/airflow/example_dags/example_trigger_target_dag.py
[2024-05-08T13:43:13.623+0000] {processor.py:840} INFO - DAG(s) 'example_trigger_target_dag' retrieved from /home/denys/airflow_venv/lib/python3.12/site-packages/airflow/example_dags/example_trigger_target_dag.py
[2024-05-08T13:43:13.633+0000] {logging_mixin.py:188} INFO - [2024-05-08T13:43:13.632+0000] {dag.py:3096} INFO - Sync 1 DAGs
[2024-05-08T13:43:13.639+0000] {logging_mixin.py:188} INFO - [2024-05-08T13:43:13.639+0000] {dag.py:3954} INFO - Setting next_dagrun for example_trigger_target_dag to None, run_after=None
[2024-05-08T13:43:13.660+0000] {processor.py:183} INFO - Processing /home/denys/airflow_venv/lib/python3.12/site-packages/airflow/example_dags/example_trigger_target_dag.py took 0.048 seconds
