[2024-05-08T13:11:58.754+0000] {processor.py:161} INFO - Started process (PID=1876) to work on /home/denys/airflow_venv/lib/python3.12/site-packages/airflow/example_dags/tutorial_taskflow_api.py
[2024-05-08T13:11:58.755+0000] {processor.py:830} INFO - Processing file /home/denys/airflow_venv/lib/python3.12/site-packages/airflow/example_dags/tutorial_taskflow_api.py for tasks to queue
[2024-05-08T13:11:58.755+0000] {logging_mixin.py:188} INFO - [2024-05-08T13:11:58.755+0000] {dagbag.py:545} INFO - Filling up the DagBag from /home/denys/airflow_venv/lib/python3.12/site-packages/airflow/example_dags/tutorial_taskflow_api.py
[2024-05-08T13:11:58.759+0000] {processor.py:840} INFO - DAG(s) 'tutorial_taskflow_api' retrieved from /home/denys/airflow_venv/lib/python3.12/site-packages/airflow/example_dags/tutorial_taskflow_api.py
[2024-05-08T13:11:58.827+0000] {logging_mixin.py:188} INFO - [2024-05-08T13:11:58.827+0000] {override.py:1829} INFO - Created Permission View: can delete on DAG:tutorial_taskflow_api
[2024-05-08T13:11:58.836+0000] {logging_mixin.py:188} INFO - [2024-05-08T13:11:58.836+0000] {override.py:1829} INFO - Created Permission View: can edit on DAG:tutorial_taskflow_api
[2024-05-08T13:11:58.844+0000] {logging_mixin.py:188} INFO - [2024-05-08T13:11:58.843+0000] {override.py:1829} INFO - Created Permission View: can read on DAG:tutorial_taskflow_api
[2024-05-08T13:11:58.844+0000] {logging_mixin.py:188} INFO - [2024-05-08T13:11:58.844+0000] {dag.py:3096} INFO - Sync 1 DAGs
[2024-05-08T13:11:58.850+0000] {logging_mixin.py:188} INFO - [2024-05-08T13:11:58.850+0000] {dag.py:3118} INFO - Creating ORM DAG for tutorial_taskflow_api
[2024-05-08T13:11:58.850+0000] {logging_mixin.py:188} INFO - [2024-05-08T13:11:58.850+0000] {dag.py:3954} INFO - Setting next_dagrun for tutorial_taskflow_api to None, run_after=None
[2024-05-08T13:11:58.868+0000] {processor.py:183} INFO - Processing /home/denys/airflow_venv/lib/python3.12/site-packages/airflow/example_dags/tutorial_taskflow_api.py took 0.117 seconds
[2024-05-08T13:12:51.892+0000] {processor.py:161} INFO - Started process (PID=1932) to work on /home/denys/airflow_venv/lib/python3.12/site-packages/airflow/example_dags/tutorial_taskflow_api.py
[2024-05-08T13:12:51.893+0000] {processor.py:830} INFO - Processing file /home/denys/airflow_venv/lib/python3.12/site-packages/airflow/example_dags/tutorial_taskflow_api.py for tasks to queue
[2024-05-08T13:12:51.894+0000] {logging_mixin.py:188} INFO - [2024-05-08T13:12:51.893+0000] {dagbag.py:545} INFO - Filling up the DagBag from /home/denys/airflow_venv/lib/python3.12/site-packages/airflow/example_dags/tutorial_taskflow_api.py
[2024-05-08T13:12:51.897+0000] {processor.py:840} INFO - DAG(s) 'tutorial_taskflow_api' retrieved from /home/denys/airflow_venv/lib/python3.12/site-packages/airflow/example_dags/tutorial_taskflow_api.py
[2024-05-08T13:12:51.908+0000] {logging_mixin.py:188} INFO - [2024-05-08T13:12:51.908+0000] {dag.py:3096} INFO - Sync 1 DAGs
[2024-05-08T13:12:51.916+0000] {logging_mixin.py:188} INFO - [2024-05-08T13:12:51.916+0000] {dag.py:3954} INFO - Setting next_dagrun for tutorial_taskflow_api to None, run_after=None
[2024-05-08T13:12:51.937+0000] {processor.py:183} INFO - Processing /home/denys/airflow_venv/lib/python3.12/site-packages/airflow/example_dags/tutorial_taskflow_api.py took 0.048 seconds
[2024-05-08T13:13:44.583+0000] {processor.py:161} INFO - Started process (PID=1984) to work on /home/denys/airflow_venv/lib/python3.12/site-packages/airflow/example_dags/tutorial_taskflow_api.py
[2024-05-08T13:13:44.585+0000] {processor.py:830} INFO - Processing file /home/denys/airflow_venv/lib/python3.12/site-packages/airflow/example_dags/tutorial_taskflow_api.py for tasks to queue
[2024-05-08T13:13:44.586+0000] {logging_mixin.py:188} INFO - [2024-05-08T13:13:44.585+0000] {dagbag.py:545} INFO - Filling up the DagBag from /home/denys/airflow_venv/lib/python3.12/site-packages/airflow/example_dags/tutorial_taskflow_api.py
[2024-05-08T13:13:44.590+0000] {processor.py:840} INFO - DAG(s) 'tutorial_taskflow_api' retrieved from /home/denys/airflow_venv/lib/python3.12/site-packages/airflow/example_dags/tutorial_taskflow_api.py
[2024-05-08T13:13:44.600+0000] {logging_mixin.py:188} INFO - [2024-05-08T13:13:44.600+0000] {dag.py:3096} INFO - Sync 1 DAGs
[2024-05-08T13:13:44.606+0000] {logging_mixin.py:188} INFO - [2024-05-08T13:13:44.606+0000] {dag.py:3954} INFO - Setting next_dagrun for tutorial_taskflow_api to None, run_after=None
[2024-05-08T13:13:44.623+0000] {processor.py:183} INFO - Processing /home/denys/airflow_venv/lib/python3.12/site-packages/airflow/example_dags/tutorial_taskflow_api.py took 0.043 seconds
[2024-05-08T13:14:28.837+0000] {processor.py:161} INFO - Started process (PID=2030) to work on /home/denys/airflow_venv/lib/python3.12/site-packages/airflow/example_dags/tutorial_taskflow_api.py
[2024-05-08T13:14:28.839+0000] {processor.py:830} INFO - Processing file /home/denys/airflow_venv/lib/python3.12/site-packages/airflow/example_dags/tutorial_taskflow_api.py for tasks to queue
[2024-05-08T13:14:28.840+0000] {logging_mixin.py:188} INFO - [2024-05-08T13:14:28.840+0000] {dagbag.py:545} INFO - Filling up the DagBag from /home/denys/airflow_venv/lib/python3.12/site-packages/airflow/example_dags/tutorial_taskflow_api.py
[2024-05-08T13:14:28.845+0000] {processor.py:840} INFO - DAG(s) 'tutorial_taskflow_api' retrieved from /home/denys/airflow_venv/lib/python3.12/site-packages/airflow/example_dags/tutorial_taskflow_api.py
[2024-05-08T13:14:28.855+0000] {logging_mixin.py:188} INFO - [2024-05-08T13:14:28.855+0000] {dag.py:3096} INFO - Sync 1 DAGs
[2024-05-08T13:14:28.862+0000] {logging_mixin.py:188} INFO - [2024-05-08T13:14:28.862+0000] {dag.py:3954} INFO - Setting next_dagrun for tutorial_taskflow_api to None, run_after=None
[2024-05-08T13:14:28.886+0000] {processor.py:183} INFO - Processing /home/denys/airflow_venv/lib/python3.12/site-packages/airflow/example_dags/tutorial_taskflow_api.py took 0.053 seconds
[2024-05-08T13:15:11.505+0000] {processor.py:161} INFO - Started process (PID=2077) to work on /home/denys/airflow_venv/lib/python3.12/site-packages/airflow/example_dags/tutorial_taskflow_api.py
[2024-05-08T13:15:11.507+0000] {processor.py:830} INFO - Processing file /home/denys/airflow_venv/lib/python3.12/site-packages/airflow/example_dags/tutorial_taskflow_api.py for tasks to queue
[2024-05-08T13:15:11.508+0000] {logging_mixin.py:188} INFO - [2024-05-08T13:15:11.507+0000] {dagbag.py:545} INFO - Filling up the DagBag from /home/denys/airflow_venv/lib/python3.12/site-packages/airflow/example_dags/tutorial_taskflow_api.py
[2024-05-08T13:15:11.512+0000] {processor.py:840} INFO - DAG(s) 'tutorial_taskflow_api' retrieved from /home/denys/airflow_venv/lib/python3.12/site-packages/airflow/example_dags/tutorial_taskflow_api.py
[2024-05-08T13:15:11.521+0000] {logging_mixin.py:188} INFO - [2024-05-08T13:15:11.521+0000] {dag.py:3096} INFO - Sync 1 DAGs
[2024-05-08T13:15:11.528+0000] {logging_mixin.py:188} INFO - [2024-05-08T13:15:11.528+0000] {dag.py:3954} INFO - Setting next_dagrun for tutorial_taskflow_api to None, run_after=None
[2024-05-08T13:15:11.546+0000] {processor.py:183} INFO - Processing /home/denys/airflow_venv/lib/python3.12/site-packages/airflow/example_dags/tutorial_taskflow_api.py took 0.044 seconds
[2024-05-08T13:15:54.217+0000] {processor.py:161} INFO - Started process (PID=2120) to work on /home/denys/airflow_venv/lib/python3.12/site-packages/airflow/example_dags/tutorial_taskflow_api.py
[2024-05-08T13:15:54.218+0000] {processor.py:830} INFO - Processing file /home/denys/airflow_venv/lib/python3.12/site-packages/airflow/example_dags/tutorial_taskflow_api.py for tasks to queue
[2024-05-08T13:15:54.219+0000] {logging_mixin.py:188} INFO - [2024-05-08T13:15:54.219+0000] {dagbag.py:545} INFO - Filling up the DagBag from /home/denys/airflow_venv/lib/python3.12/site-packages/airflow/example_dags/tutorial_taskflow_api.py
[2024-05-08T13:15:54.223+0000] {processor.py:840} INFO - DAG(s) 'tutorial_taskflow_api' retrieved from /home/denys/airflow_venv/lib/python3.12/site-packages/airflow/example_dags/tutorial_taskflow_api.py
[2024-05-08T13:15:54.232+0000] {logging_mixin.py:188} INFO - [2024-05-08T13:15:54.232+0000] {dag.py:3096} INFO - Sync 1 DAGs
[2024-05-08T13:15:54.238+0000] {logging_mixin.py:188} INFO - [2024-05-08T13:15:54.238+0000] {dag.py:3954} INFO - Setting next_dagrun for tutorial_taskflow_api to None, run_after=None
[2024-05-08T13:15:54.262+0000] {processor.py:183} INFO - Processing /home/denys/airflow_venv/lib/python3.12/site-packages/airflow/example_dags/tutorial_taskflow_api.py took 0.048 seconds
[2024-05-08T13:16:36.630+0000] {processor.py:161} INFO - Started process (PID=2164) to work on /home/denys/airflow_venv/lib/python3.12/site-packages/airflow/example_dags/tutorial_taskflow_api.py
[2024-05-08T13:16:36.632+0000] {processor.py:830} INFO - Processing file /home/denys/airflow_venv/lib/python3.12/site-packages/airflow/example_dags/tutorial_taskflow_api.py for tasks to queue
[2024-05-08T13:16:36.633+0000] {logging_mixin.py:188} INFO - [2024-05-08T13:16:36.633+0000] {dagbag.py:545} INFO - Filling up the DagBag from /home/denys/airflow_venv/lib/python3.12/site-packages/airflow/example_dags/tutorial_taskflow_api.py
[2024-05-08T13:16:36.637+0000] {processor.py:840} INFO - DAG(s) 'tutorial_taskflow_api' retrieved from /home/denys/airflow_venv/lib/python3.12/site-packages/airflow/example_dags/tutorial_taskflow_api.py
[2024-05-08T13:16:36.646+0000] {logging_mixin.py:188} INFO - [2024-05-08T13:16:36.646+0000] {dag.py:3096} INFO - Sync 1 DAGs
[2024-05-08T13:16:36.652+0000] {logging_mixin.py:188} INFO - [2024-05-08T13:16:36.652+0000] {dag.py:3954} INFO - Setting next_dagrun for tutorial_taskflow_api to None, run_after=None
[2024-05-08T13:16:36.674+0000] {processor.py:183} INFO - Processing /home/denys/airflow_venv/lib/python3.12/site-packages/airflow/example_dags/tutorial_taskflow_api.py took 0.048 seconds
[2024-05-08T13:17:18.104+0000] {processor.py:161} INFO - Started process (PID=2211) to work on /home/denys/airflow_venv/lib/python3.12/site-packages/airflow/example_dags/tutorial_taskflow_api.py
[2024-05-08T13:17:18.106+0000] {processor.py:830} INFO - Processing file /home/denys/airflow_venv/lib/python3.12/site-packages/airflow/example_dags/tutorial_taskflow_api.py for tasks to queue
[2024-05-08T13:17:18.107+0000] {logging_mixin.py:188} INFO - [2024-05-08T13:17:18.106+0000] {dagbag.py:545} INFO - Filling up the DagBag from /home/denys/airflow_venv/lib/python3.12/site-packages/airflow/example_dags/tutorial_taskflow_api.py
[2024-05-08T13:17:18.110+0000] {processor.py:840} INFO - DAG(s) 'tutorial_taskflow_api' retrieved from /home/denys/airflow_venv/lib/python3.12/site-packages/airflow/example_dags/tutorial_taskflow_api.py
[2024-05-08T13:17:18.120+0000] {logging_mixin.py:188} INFO - [2024-05-08T13:17:18.120+0000] {dag.py:3096} INFO - Sync 1 DAGs
[2024-05-08T13:17:18.128+0000] {logging_mixin.py:188} INFO - [2024-05-08T13:17:18.127+0000] {dag.py:3954} INFO - Setting next_dagrun for tutorial_taskflow_api to None, run_after=None
[2024-05-08T13:17:18.150+0000] {processor.py:183} INFO - Processing /home/denys/airflow_venv/lib/python3.12/site-packages/airflow/example_dags/tutorial_taskflow_api.py took 0.049 seconds
[2024-05-08T13:18:02.084+0000] {processor.py:161} INFO - Started process (PID=2257) to work on /home/denys/airflow_venv/lib/python3.12/site-packages/airflow/example_dags/tutorial_taskflow_api.py
[2024-05-08T13:18:02.085+0000] {processor.py:830} INFO - Processing file /home/denys/airflow_venv/lib/python3.12/site-packages/airflow/example_dags/tutorial_taskflow_api.py for tasks to queue
[2024-05-08T13:18:02.086+0000] {logging_mixin.py:188} INFO - [2024-05-08T13:18:02.085+0000] {dagbag.py:545} INFO - Filling up the DagBag from /home/denys/airflow_venv/lib/python3.12/site-packages/airflow/example_dags/tutorial_taskflow_api.py
[2024-05-08T13:18:02.089+0000] {processor.py:840} INFO - DAG(s) 'tutorial_taskflow_api' retrieved from /home/denys/airflow_venv/lib/python3.12/site-packages/airflow/example_dags/tutorial_taskflow_api.py
[2024-05-08T13:18:02.100+0000] {logging_mixin.py:188} INFO - [2024-05-08T13:18:02.099+0000] {dag.py:3096} INFO - Sync 1 DAGs
[2024-05-08T13:18:02.105+0000] {logging_mixin.py:188} INFO - [2024-05-08T13:18:02.105+0000] {dag.py:3954} INFO - Setting next_dagrun for tutorial_taskflow_api to None, run_after=None
[2024-05-08T13:18:02.127+0000] {processor.py:183} INFO - Processing /home/denys/airflow_venv/lib/python3.12/site-packages/airflow/example_dags/tutorial_taskflow_api.py took 0.047 seconds
[2024-05-08T13:19:28.570+0000] {processor.py:161} INFO - Started process (PID=2331) to work on /home/denys/airflow_venv/lib/python3.12/site-packages/airflow/example_dags/tutorial_taskflow_api.py
[2024-05-08T13:19:28.577+0000] {processor.py:830} INFO - Processing file /home/denys/airflow_venv/lib/python3.12/site-packages/airflow/example_dags/tutorial_taskflow_api.py for tasks to queue
[2024-05-08T13:19:28.578+0000] {logging_mixin.py:188} INFO - [2024-05-08T13:19:28.578+0000] {dagbag.py:545} INFO - Filling up the DagBag from /home/denys/airflow_venv/lib/python3.12/site-packages/airflow/example_dags/tutorial_taskflow_api.py
[2024-05-08T13:19:28.583+0000] {processor.py:840} INFO - DAG(s) 'tutorial_taskflow_api' retrieved from /home/denys/airflow_venv/lib/python3.12/site-packages/airflow/example_dags/tutorial_taskflow_api.py
[2024-05-08T13:19:28.588+0000] {logging_mixin.py:188} INFO - [2024-05-08T13:19:28.588+0000] {dag.py:3096} INFO - Sync 1 DAGs
[2024-05-08T13:19:28.604+0000] {logging_mixin.py:188} INFO - [2024-05-08T13:19:28.604+0000] {dag.py:3954} INFO - Setting next_dagrun for tutorial_taskflow_api to None, run_after=None
[2024-05-08T13:19:28.623+0000] {processor.py:183} INFO - Processing /home/denys/airflow_venv/lib/python3.12/site-packages/airflow/example_dags/tutorial_taskflow_api.py took 0.056 seconds
[2024-05-08T13:20:19.376+0000] {processor.py:161} INFO - Started process (PID=2388) to work on /home/denys/airflow_venv/lib/python3.12/site-packages/airflow/example_dags/tutorial_taskflow_api.py
[2024-05-08T13:20:19.377+0000] {processor.py:830} INFO - Processing file /home/denys/airflow_venv/lib/python3.12/site-packages/airflow/example_dags/tutorial_taskflow_api.py for tasks to queue
[2024-05-08T13:20:19.378+0000] {logging_mixin.py:188} INFO - [2024-05-08T13:20:19.378+0000] {dagbag.py:545} INFO - Filling up the DagBag from /home/denys/airflow_venv/lib/python3.12/site-packages/airflow/example_dags/tutorial_taskflow_api.py
[2024-05-08T13:20:19.382+0000] {processor.py:840} INFO - DAG(s) 'tutorial_taskflow_api' retrieved from /home/denys/airflow_venv/lib/python3.12/site-packages/airflow/example_dags/tutorial_taskflow_api.py
[2024-05-08T13:20:19.432+0000] {logging_mixin.py:188} INFO - [2024-05-08T13:20:19.432+0000] {dag.py:3096} INFO - Sync 1 DAGs
[2024-05-08T13:20:19.437+0000] {logging_mixin.py:188} INFO - [2024-05-08T13:20:19.437+0000] {dag.py:3954} INFO - Setting next_dagrun for tutorial_taskflow_api to None, run_after=None
[2024-05-08T13:20:19.458+0000] {processor.py:183} INFO - Processing /home/denys/airflow_venv/lib/python3.12/site-packages/airflow/example_dags/tutorial_taskflow_api.py took 0.086 seconds
[2024-05-08T13:21:10.027+0000] {processor.py:161} INFO - Started process (PID=2440) to work on /home/denys/airflow_venv/lib/python3.12/site-packages/airflow/example_dags/tutorial_taskflow_api.py
[2024-05-08T13:21:10.028+0000] {processor.py:830} INFO - Processing file /home/denys/airflow_venv/lib/python3.12/site-packages/airflow/example_dags/tutorial_taskflow_api.py for tasks to queue
[2024-05-08T13:21:10.030+0000] {logging_mixin.py:188} INFO - [2024-05-08T13:21:10.029+0000] {dagbag.py:545} INFO - Filling up the DagBag from /home/denys/airflow_venv/lib/python3.12/site-packages/airflow/example_dags/tutorial_taskflow_api.py
[2024-05-08T13:21:10.034+0000] {processor.py:840} INFO - DAG(s) 'tutorial_taskflow_api' retrieved from /home/denys/airflow_venv/lib/python3.12/site-packages/airflow/example_dags/tutorial_taskflow_api.py
[2024-05-08T13:21:10.045+0000] {logging_mixin.py:188} INFO - [2024-05-08T13:21:10.045+0000] {dag.py:3096} INFO - Sync 1 DAGs
[2024-05-08T13:21:10.053+0000] {logging_mixin.py:188} INFO - [2024-05-08T13:21:10.052+0000] {dag.py:3954} INFO - Setting next_dagrun for tutorial_taskflow_api to None, run_after=None
[2024-05-08T13:21:10.076+0000] {processor.py:183} INFO - Processing /home/denys/airflow_venv/lib/python3.12/site-packages/airflow/example_dags/tutorial_taskflow_api.py took 0.053 seconds
[2024-05-08T13:21:52.611+0000] {processor.py:161} INFO - Started process (PID=2482) to work on /home/denys/airflow_venv/lib/python3.12/site-packages/airflow/example_dags/tutorial_taskflow_api.py
[2024-05-08T13:21:52.613+0000] {processor.py:830} INFO - Processing file /home/denys/airflow_venv/lib/python3.12/site-packages/airflow/example_dags/tutorial_taskflow_api.py for tasks to queue
[2024-05-08T13:21:52.614+0000] {logging_mixin.py:188} INFO - [2024-05-08T13:21:52.614+0000] {dagbag.py:545} INFO - Filling up the DagBag from /home/denys/airflow_venv/lib/python3.12/site-packages/airflow/example_dags/tutorial_taskflow_api.py
[2024-05-08T13:21:52.618+0000] {processor.py:840} INFO - DAG(s) 'tutorial_taskflow_api' retrieved from /home/denys/airflow_venv/lib/python3.12/site-packages/airflow/example_dags/tutorial_taskflow_api.py
[2024-05-08T13:21:52.627+0000] {logging_mixin.py:188} INFO - [2024-05-08T13:21:52.627+0000] {dag.py:3096} INFO - Sync 1 DAGs
[2024-05-08T13:21:52.633+0000] {logging_mixin.py:188} INFO - [2024-05-08T13:21:52.633+0000] {dag.py:3954} INFO - Setting next_dagrun for tutorial_taskflow_api to None, run_after=None
[2024-05-08T13:21:52.655+0000] {processor.py:183} INFO - Processing /home/denys/airflow_venv/lib/python3.12/site-packages/airflow/example_dags/tutorial_taskflow_api.py took 0.048 seconds
[2024-05-08T13:22:37.790+0000] {processor.py:161} INFO - Started process (PID=2528) to work on /home/denys/airflow_venv/lib/python3.12/site-packages/airflow/example_dags/tutorial_taskflow_api.py
[2024-05-08T13:22:37.791+0000] {processor.py:830} INFO - Processing file /home/denys/airflow_venv/lib/python3.12/site-packages/airflow/example_dags/tutorial_taskflow_api.py for tasks to queue
[2024-05-08T13:22:37.792+0000] {logging_mixin.py:188} INFO - [2024-05-08T13:22:37.792+0000] {dagbag.py:545} INFO - Filling up the DagBag from /home/denys/airflow_venv/lib/python3.12/site-packages/airflow/example_dags/tutorial_taskflow_api.py
[2024-05-08T13:22:37.796+0000] {processor.py:840} INFO - DAG(s) 'tutorial_taskflow_api' retrieved from /home/denys/airflow_venv/lib/python3.12/site-packages/airflow/example_dags/tutorial_taskflow_api.py
[2024-05-08T13:22:37.805+0000] {logging_mixin.py:188} INFO - [2024-05-08T13:22:37.805+0000] {dag.py:3096} INFO - Sync 1 DAGs
[2024-05-08T13:22:37.811+0000] {logging_mixin.py:188} INFO - [2024-05-08T13:22:37.811+0000] {dag.py:3954} INFO - Setting next_dagrun for tutorial_taskflow_api to None, run_after=None
[2024-05-08T13:22:37.833+0000] {processor.py:183} INFO - Processing /home/denys/airflow_venv/lib/python3.12/site-packages/airflow/example_dags/tutorial_taskflow_api.py took 0.047 seconds
[2024-05-08T13:23:19.054+0000] {processor.py:161} INFO - Started process (PID=2573) to work on /home/denys/airflow_venv/lib/python3.12/site-packages/airflow/example_dags/tutorial_taskflow_api.py
[2024-05-08T13:23:19.056+0000] {processor.py:830} INFO - Processing file /home/denys/airflow_venv/lib/python3.12/site-packages/airflow/example_dags/tutorial_taskflow_api.py for tasks to queue
[2024-05-08T13:23:19.057+0000] {logging_mixin.py:188} INFO - [2024-05-08T13:23:19.056+0000] {dagbag.py:545} INFO - Filling up the DagBag from /home/denys/airflow_venv/lib/python3.12/site-packages/airflow/example_dags/tutorial_taskflow_api.py
[2024-05-08T13:23:19.061+0000] {processor.py:840} INFO - DAG(s) 'tutorial_taskflow_api' retrieved from /home/denys/airflow_venv/lib/python3.12/site-packages/airflow/example_dags/tutorial_taskflow_api.py
[2024-05-08T13:23:19.070+0000] {logging_mixin.py:188} INFO - [2024-05-08T13:23:19.070+0000] {dag.py:3096} INFO - Sync 1 DAGs
[2024-05-08T13:23:19.077+0000] {logging_mixin.py:188} INFO - [2024-05-08T13:23:19.077+0000] {dag.py:3954} INFO - Setting next_dagrun for tutorial_taskflow_api to None, run_after=None
[2024-05-08T13:23:19.096+0000] {processor.py:183} INFO - Processing /home/denys/airflow_venv/lib/python3.12/site-packages/airflow/example_dags/tutorial_taskflow_api.py took 0.046 seconds
[2024-05-08T13:24:00.214+0000] {processor.py:161} INFO - Started process (PID=2685) to work on /home/denys/airflow_venv/lib/python3.12/site-packages/airflow/example_dags/tutorial_taskflow_api.py
[2024-05-08T13:24:00.215+0000] {processor.py:830} INFO - Processing file /home/denys/airflow_venv/lib/python3.12/site-packages/airflow/example_dags/tutorial_taskflow_api.py for tasks to queue
[2024-05-08T13:24:00.216+0000] {logging_mixin.py:188} INFO - [2024-05-08T13:24:00.215+0000] {dagbag.py:545} INFO - Filling up the DagBag from /home/denys/airflow_venv/lib/python3.12/site-packages/airflow/example_dags/tutorial_taskflow_api.py
[2024-05-08T13:24:00.220+0000] {processor.py:840} INFO - DAG(s) 'tutorial_taskflow_api' retrieved from /home/denys/airflow_venv/lib/python3.12/site-packages/airflow/example_dags/tutorial_taskflow_api.py
[2024-05-08T13:24:00.229+0000] {logging_mixin.py:188} INFO - [2024-05-08T13:24:00.229+0000] {dag.py:3096} INFO - Sync 1 DAGs
[2024-05-08T13:24:00.235+0000] {logging_mixin.py:188} INFO - [2024-05-08T13:24:00.235+0000] {dag.py:3954} INFO - Setting next_dagrun for tutorial_taskflow_api to None, run_after=None
[2024-05-08T13:24:00.256+0000] {processor.py:183} INFO - Processing /home/denys/airflow_venv/lib/python3.12/site-packages/airflow/example_dags/tutorial_taskflow_api.py took 0.046 seconds
[2024-05-08T13:24:57.066+0000] {processor.py:161} INFO - Started process (PID=2749) to work on /home/denys/airflow_venv/lib/python3.12/site-packages/airflow/example_dags/tutorial_taskflow_api.py
[2024-05-08T13:24:57.069+0000] {processor.py:830} INFO - Processing file /home/denys/airflow_venv/lib/python3.12/site-packages/airflow/example_dags/tutorial_taskflow_api.py for tasks to queue
[2024-05-08T13:24:57.071+0000] {logging_mixin.py:188} INFO - [2024-05-08T13:24:57.070+0000] {dagbag.py:545} INFO - Filling up the DagBag from /home/denys/airflow_venv/lib/python3.12/site-packages/airflow/example_dags/tutorial_taskflow_api.py
[2024-05-08T13:24:57.074+0000] {processor.py:840} INFO - DAG(s) 'tutorial_taskflow_api' retrieved from /home/denys/airflow_venv/lib/python3.12/site-packages/airflow/example_dags/tutorial_taskflow_api.py
[2024-05-08T13:24:57.085+0000] {logging_mixin.py:188} INFO - [2024-05-08T13:24:57.085+0000] {dag.py:3096} INFO - Sync 1 DAGs
[2024-05-08T13:24:57.091+0000] {logging_mixin.py:188} INFO - [2024-05-08T13:24:57.091+0000] {dag.py:3954} INFO - Setting next_dagrun for tutorial_taskflow_api to None, run_after=None
[2024-05-08T13:24:57.111+0000] {processor.py:183} INFO - Processing /home/denys/airflow_venv/lib/python3.12/site-packages/airflow/example_dags/tutorial_taskflow_api.py took 0.049 seconds
[2024-05-08T13:25:57.435+0000] {processor.py:161} INFO - Started process (PID=2817) to work on /home/denys/airflow_venv/lib/python3.12/site-packages/airflow/example_dags/tutorial_taskflow_api.py
[2024-05-08T13:25:57.436+0000] {processor.py:830} INFO - Processing file /home/denys/airflow_venv/lib/python3.12/site-packages/airflow/example_dags/tutorial_taskflow_api.py for tasks to queue
[2024-05-08T13:25:57.437+0000] {logging_mixin.py:188} INFO - [2024-05-08T13:25:57.437+0000] {dagbag.py:545} INFO - Filling up the DagBag from /home/denys/airflow_venv/lib/python3.12/site-packages/airflow/example_dags/tutorial_taskflow_api.py
[2024-05-08T13:25:57.441+0000] {processor.py:840} INFO - DAG(s) 'tutorial_taskflow_api' retrieved from /home/denys/airflow_venv/lib/python3.12/site-packages/airflow/example_dags/tutorial_taskflow_api.py
[2024-05-08T13:25:57.452+0000] {logging_mixin.py:188} INFO - [2024-05-08T13:25:57.452+0000] {dag.py:3096} INFO - Sync 1 DAGs
[2024-05-08T13:25:57.458+0000] {logging_mixin.py:188} INFO - [2024-05-08T13:25:57.458+0000] {dag.py:3954} INFO - Setting next_dagrun for tutorial_taskflow_api to None, run_after=None
[2024-05-08T13:25:57.481+0000] {processor.py:183} INFO - Processing /home/denys/airflow_venv/lib/python3.12/site-packages/airflow/example_dags/tutorial_taskflow_api.py took 0.049 seconds
[2024-05-08T13:26:40.638+0000] {processor.py:161} INFO - Started process (PID=2860) to work on /home/denys/airflow_venv/lib/python3.12/site-packages/airflow/example_dags/tutorial_taskflow_api.py
[2024-05-08T13:26:40.640+0000] {processor.py:830} INFO - Processing file /home/denys/airflow_venv/lib/python3.12/site-packages/airflow/example_dags/tutorial_taskflow_api.py for tasks to queue
[2024-05-08T13:26:40.641+0000] {logging_mixin.py:188} INFO - [2024-05-08T13:26:40.641+0000] {dagbag.py:545} INFO - Filling up the DagBag from /home/denys/airflow_venv/lib/python3.12/site-packages/airflow/example_dags/tutorial_taskflow_api.py
[2024-05-08T13:26:40.645+0000] {processor.py:840} INFO - DAG(s) 'tutorial_taskflow_api' retrieved from /home/denys/airflow_venv/lib/python3.12/site-packages/airflow/example_dags/tutorial_taskflow_api.py
[2024-05-08T13:26:40.654+0000] {logging_mixin.py:188} INFO - [2024-05-08T13:26:40.653+0000] {dag.py:3096} INFO - Sync 1 DAGs
[2024-05-08T13:26:40.661+0000] {logging_mixin.py:188} INFO - [2024-05-08T13:26:40.660+0000] {dag.py:3954} INFO - Setting next_dagrun for tutorial_taskflow_api to None, run_after=None
[2024-05-08T13:26:40.676+0000] {processor.py:183} INFO - Processing /home/denys/airflow_venv/lib/python3.12/site-packages/airflow/example_dags/tutorial_taskflow_api.py took 0.042 seconds
[2024-05-08T13:27:23.572+0000] {processor.py:161} INFO - Started process (PID=2905) to work on /home/denys/airflow_venv/lib/python3.12/site-packages/airflow/example_dags/tutorial_taskflow_api.py
[2024-05-08T13:27:23.573+0000] {processor.py:830} INFO - Processing file /home/denys/airflow_venv/lib/python3.12/site-packages/airflow/example_dags/tutorial_taskflow_api.py for tasks to queue
[2024-05-08T13:27:23.574+0000] {logging_mixin.py:188} INFO - [2024-05-08T13:27:23.574+0000] {dagbag.py:545} INFO - Filling up the DagBag from /home/denys/airflow_venv/lib/python3.12/site-packages/airflow/example_dags/tutorial_taskflow_api.py
[2024-05-08T13:27:23.579+0000] {processor.py:840} INFO - DAG(s) 'tutorial_taskflow_api' retrieved from /home/denys/airflow_venv/lib/python3.12/site-packages/airflow/example_dags/tutorial_taskflow_api.py
[2024-05-08T13:27:23.588+0000] {logging_mixin.py:188} INFO - [2024-05-08T13:27:23.588+0000] {dag.py:3096} INFO - Sync 1 DAGs
[2024-05-08T13:27:23.594+0000] {logging_mixin.py:188} INFO - [2024-05-08T13:27:23.594+0000] {dag.py:3954} INFO - Setting next_dagrun for tutorial_taskflow_api to None, run_after=None
[2024-05-08T13:27:23.617+0000] {processor.py:183} INFO - Processing /home/denys/airflow_venv/lib/python3.12/site-packages/airflow/example_dags/tutorial_taskflow_api.py took 0.049 seconds
[2024-05-08T13:28:07.126+0000] {processor.py:161} INFO - Started process (PID=2950) to work on /home/denys/airflow_venv/lib/python3.12/site-packages/airflow/example_dags/tutorial_taskflow_api.py
[2024-05-08T13:28:07.128+0000] {processor.py:830} INFO - Processing file /home/denys/airflow_venv/lib/python3.12/site-packages/airflow/example_dags/tutorial_taskflow_api.py for tasks to queue
[2024-05-08T13:28:07.129+0000] {logging_mixin.py:188} INFO - [2024-05-08T13:28:07.129+0000] {dagbag.py:545} INFO - Filling up the DagBag from /home/denys/airflow_venv/lib/python3.12/site-packages/airflow/example_dags/tutorial_taskflow_api.py
[2024-05-08T13:28:07.134+0000] {processor.py:840} INFO - DAG(s) 'tutorial_taskflow_api' retrieved from /home/denys/airflow_venv/lib/python3.12/site-packages/airflow/example_dags/tutorial_taskflow_api.py
[2024-05-08T13:28:07.145+0000] {logging_mixin.py:188} INFO - [2024-05-08T13:28:07.144+0000] {dag.py:3096} INFO - Sync 1 DAGs
[2024-05-08T13:28:07.151+0000] {logging_mixin.py:188} INFO - [2024-05-08T13:28:07.151+0000] {dag.py:3954} INFO - Setting next_dagrun for tutorial_taskflow_api to None, run_after=None
[2024-05-08T13:28:07.167+0000] {processor.py:183} INFO - Processing /home/denys/airflow_venv/lib/python3.12/site-packages/airflow/example_dags/tutorial_taskflow_api.py took 0.044 seconds
[2024-05-08T13:28:50.299+0000] {processor.py:161} INFO - Started process (PID=3017) to work on /home/denys/airflow_venv/lib/python3.12/site-packages/airflow/example_dags/tutorial_taskflow_api.py
[2024-05-08T13:28:50.300+0000] {processor.py:830} INFO - Processing file /home/denys/airflow_venv/lib/python3.12/site-packages/airflow/example_dags/tutorial_taskflow_api.py for tasks to queue
[2024-05-08T13:28:50.301+0000] {logging_mixin.py:188} INFO - [2024-05-08T13:28:50.300+0000] {dagbag.py:545} INFO - Filling up the DagBag from /home/denys/airflow_venv/lib/python3.12/site-packages/airflow/example_dags/tutorial_taskflow_api.py
[2024-05-08T13:28:50.304+0000] {processor.py:840} INFO - DAG(s) 'tutorial_taskflow_api' retrieved from /home/denys/airflow_venv/lib/python3.12/site-packages/airflow/example_dags/tutorial_taskflow_api.py
[2024-05-08T13:28:50.313+0000] {logging_mixin.py:188} INFO - [2024-05-08T13:28:50.313+0000] {dag.py:3096} INFO - Sync 1 DAGs
[2024-05-08T13:28:50.320+0000] {logging_mixin.py:188} INFO - [2024-05-08T13:28:50.320+0000] {dag.py:3954} INFO - Setting next_dagrun for tutorial_taskflow_api to None, run_after=None
[2024-05-08T13:28:50.337+0000] {processor.py:183} INFO - Processing /home/denys/airflow_venv/lib/python3.12/site-packages/airflow/example_dags/tutorial_taskflow_api.py took 0.041 seconds
[2024-05-08T13:29:47.493+0000] {processor.py:161} INFO - Started process (PID=3111) to work on /home/denys/airflow_venv/lib/python3.12/site-packages/airflow/example_dags/tutorial_taskflow_api.py
[2024-05-08T13:29:47.494+0000] {processor.py:830} INFO - Processing file /home/denys/airflow_venv/lib/python3.12/site-packages/airflow/example_dags/tutorial_taskflow_api.py for tasks to queue
[2024-05-08T13:29:47.495+0000] {logging_mixin.py:188} INFO - [2024-05-08T13:29:47.495+0000] {dagbag.py:545} INFO - Filling up the DagBag from /home/denys/airflow_venv/lib/python3.12/site-packages/airflow/example_dags/tutorial_taskflow_api.py
[2024-05-08T13:29:47.500+0000] {processor.py:840} INFO - DAG(s) 'tutorial_taskflow_api' retrieved from /home/denys/airflow_venv/lib/python3.12/site-packages/airflow/example_dags/tutorial_taskflow_api.py
[2024-05-08T13:29:47.509+0000] {logging_mixin.py:188} INFO - [2024-05-08T13:29:47.509+0000] {dag.py:3096} INFO - Sync 1 DAGs
[2024-05-08T13:29:47.516+0000] {logging_mixin.py:188} INFO - [2024-05-08T13:29:47.516+0000] {dag.py:3954} INFO - Setting next_dagrun for tutorial_taskflow_api to None, run_after=None
[2024-05-08T13:29:47.536+0000] {processor.py:183} INFO - Processing /home/denys/airflow_venv/lib/python3.12/site-packages/airflow/example_dags/tutorial_taskflow_api.py took 0.046 seconds
[2024-05-08T13:30:27.829+0000] {processor.py:161} INFO - Started process (PID=3157) to work on /home/denys/airflow_venv/lib/python3.12/site-packages/airflow/example_dags/tutorial_taskflow_api.py
[2024-05-08T13:30:27.831+0000] {processor.py:830} INFO - Processing file /home/denys/airflow_venv/lib/python3.12/site-packages/airflow/example_dags/tutorial_taskflow_api.py for tasks to queue
[2024-05-08T13:30:27.832+0000] {logging_mixin.py:188} INFO - [2024-05-08T13:30:27.831+0000] {dagbag.py:545} INFO - Filling up the DagBag from /home/denys/airflow_venv/lib/python3.12/site-packages/airflow/example_dags/tutorial_taskflow_api.py
[2024-05-08T13:30:27.836+0000] {processor.py:840} INFO - DAG(s) 'tutorial_taskflow_api' retrieved from /home/denys/airflow_venv/lib/python3.12/site-packages/airflow/example_dags/tutorial_taskflow_api.py
[2024-05-08T13:30:27.847+0000] {logging_mixin.py:188} INFO - [2024-05-08T13:30:27.847+0000] {dag.py:3096} INFO - Sync 1 DAGs
[2024-05-08T13:30:27.855+0000] {logging_mixin.py:188} INFO - [2024-05-08T13:30:27.854+0000] {dag.py:3954} INFO - Setting next_dagrun for tutorial_taskflow_api to None, run_after=None
[2024-05-08T13:30:27.872+0000] {processor.py:183} INFO - Processing /home/denys/airflow_venv/lib/python3.12/site-packages/airflow/example_dags/tutorial_taskflow_api.py took 0.046 seconds
[2024-05-08T13:31:09.898+0000] {processor.py:161} INFO - Started process (PID=3200) to work on /home/denys/airflow_venv/lib/python3.12/site-packages/airflow/example_dags/tutorial_taskflow_api.py
[2024-05-08T13:31:09.900+0000] {processor.py:830} INFO - Processing file /home/denys/airflow_venv/lib/python3.12/site-packages/airflow/example_dags/tutorial_taskflow_api.py for tasks to queue
[2024-05-08T13:31:09.901+0000] {logging_mixin.py:188} INFO - [2024-05-08T13:31:09.901+0000] {dagbag.py:545} INFO - Filling up the DagBag from /home/denys/airflow_venv/lib/python3.12/site-packages/airflow/example_dags/tutorial_taskflow_api.py
[2024-05-08T13:31:09.905+0000] {processor.py:840} INFO - DAG(s) 'tutorial_taskflow_api' retrieved from /home/denys/airflow_venv/lib/python3.12/site-packages/airflow/example_dags/tutorial_taskflow_api.py
[2024-05-08T13:31:09.915+0000] {logging_mixin.py:188} INFO - [2024-05-08T13:31:09.915+0000] {dag.py:3096} INFO - Sync 1 DAGs
[2024-05-08T13:31:09.921+0000] {logging_mixin.py:188} INFO - [2024-05-08T13:31:09.921+0000] {dag.py:3954} INFO - Setting next_dagrun for tutorial_taskflow_api to None, run_after=None
[2024-05-08T13:31:09.942+0000] {processor.py:183} INFO - Processing /home/denys/airflow_venv/lib/python3.12/site-packages/airflow/example_dags/tutorial_taskflow_api.py took 0.048 seconds
[2024-05-08T13:32:13.479+0000] {processor.py:161} INFO - Started process (PID=3264) to work on /home/denys/airflow_venv/lib/python3.12/site-packages/airflow/example_dags/tutorial_taskflow_api.py
[2024-05-08T13:32:13.481+0000] {processor.py:830} INFO - Processing file /home/denys/airflow_venv/lib/python3.12/site-packages/airflow/example_dags/tutorial_taskflow_api.py for tasks to queue
[2024-05-08T13:32:13.482+0000] {logging_mixin.py:188} INFO - [2024-05-08T13:32:13.482+0000] {dagbag.py:545} INFO - Filling up the DagBag from /home/denys/airflow_venv/lib/python3.12/site-packages/airflow/example_dags/tutorial_taskflow_api.py
[2024-05-08T13:32:13.486+0000] {processor.py:840} INFO - DAG(s) 'tutorial_taskflow_api' retrieved from /home/denys/airflow_venv/lib/python3.12/site-packages/airflow/example_dags/tutorial_taskflow_api.py
[2024-05-08T13:32:13.496+0000] {logging_mixin.py:188} INFO - [2024-05-08T13:32:13.496+0000] {dag.py:3096} INFO - Sync 1 DAGs
[2024-05-08T13:32:13.502+0000] {logging_mixin.py:188} INFO - [2024-05-08T13:32:13.502+0000] {dag.py:3954} INFO - Setting next_dagrun for tutorial_taskflow_api to None, run_after=None
[2024-05-08T13:32:13.526+0000] {processor.py:183} INFO - Processing /home/denys/airflow_venv/lib/python3.12/site-packages/airflow/example_dags/tutorial_taskflow_api.py took 0.050 seconds
[2024-05-08T13:32:58.357+0000] {processor.py:161} INFO - Started process (PID=3309) to work on /home/denys/airflow_venv/lib/python3.12/site-packages/airflow/example_dags/tutorial_taskflow_api.py
[2024-05-08T13:32:58.358+0000] {processor.py:830} INFO - Processing file /home/denys/airflow_venv/lib/python3.12/site-packages/airflow/example_dags/tutorial_taskflow_api.py for tasks to queue
[2024-05-08T13:32:58.359+0000] {logging_mixin.py:188} INFO - [2024-05-08T13:32:58.359+0000] {dagbag.py:545} INFO - Filling up the DagBag from /home/denys/airflow_venv/lib/python3.12/site-packages/airflow/example_dags/tutorial_taskflow_api.py
[2024-05-08T13:32:58.363+0000] {processor.py:840} INFO - DAG(s) 'tutorial_taskflow_api' retrieved from /home/denys/airflow_venv/lib/python3.12/site-packages/airflow/example_dags/tutorial_taskflow_api.py
[2024-05-08T13:32:58.373+0000] {logging_mixin.py:188} INFO - [2024-05-08T13:32:58.373+0000] {dag.py:3096} INFO - Sync 1 DAGs
[2024-05-08T13:32:58.380+0000] {logging_mixin.py:188} INFO - [2024-05-08T13:32:58.380+0000] {dag.py:3954} INFO - Setting next_dagrun for tutorial_taskflow_api to None, run_after=None
[2024-05-08T13:32:58.402+0000] {processor.py:183} INFO - Processing /home/denys/airflow_venv/lib/python3.12/site-packages/airflow/example_dags/tutorial_taskflow_api.py took 0.048 seconds
[2024-05-08T13:33:41.154+0000] {processor.py:161} INFO - Started process (PID=3354) to work on /home/denys/airflow_venv/lib/python3.12/site-packages/airflow/example_dags/tutorial_taskflow_api.py
[2024-05-08T13:33:41.156+0000] {processor.py:830} INFO - Processing file /home/denys/airflow_venv/lib/python3.12/site-packages/airflow/example_dags/tutorial_taskflow_api.py for tasks to queue
[2024-05-08T13:33:41.157+0000] {logging_mixin.py:188} INFO - [2024-05-08T13:33:41.156+0000] {dagbag.py:545} INFO - Filling up the DagBag from /home/denys/airflow_venv/lib/python3.12/site-packages/airflow/example_dags/tutorial_taskflow_api.py
[2024-05-08T13:33:41.161+0000] {processor.py:840} INFO - DAG(s) 'tutorial_taskflow_api' retrieved from /home/denys/airflow_venv/lib/python3.12/site-packages/airflow/example_dags/tutorial_taskflow_api.py
[2024-05-08T13:33:41.169+0000] {logging_mixin.py:188} INFO - [2024-05-08T13:33:41.169+0000] {dag.py:3096} INFO - Sync 1 DAGs
[2024-05-08T13:33:41.175+0000] {logging_mixin.py:188} INFO - [2024-05-08T13:33:41.175+0000] {dag.py:3954} INFO - Setting next_dagrun for tutorial_taskflow_api to None, run_after=None
[2024-05-08T13:33:41.198+0000] {processor.py:183} INFO - Processing /home/denys/airflow_venv/lib/python3.12/site-packages/airflow/example_dags/tutorial_taskflow_api.py took 0.047 seconds
[2024-05-08T13:34:42.992+0000] {processor.py:161} INFO - Started process (PID=3421) to work on /home/denys/airflow_venv/lib/python3.12/site-packages/airflow/example_dags/tutorial_taskflow_api.py
[2024-05-08T13:34:42.993+0000] {processor.py:830} INFO - Processing file /home/denys/airflow_venv/lib/python3.12/site-packages/airflow/example_dags/tutorial_taskflow_api.py for tasks to queue
[2024-05-08T13:34:42.994+0000] {logging_mixin.py:188} INFO - [2024-05-08T13:34:42.993+0000] {dagbag.py:545} INFO - Filling up the DagBag from /home/denys/airflow_venv/lib/python3.12/site-packages/airflow/example_dags/tutorial_taskflow_api.py
[2024-05-08T13:34:42.997+0000] {processor.py:840} INFO - DAG(s) 'tutorial_taskflow_api' retrieved from /home/denys/airflow_venv/lib/python3.12/site-packages/airflow/example_dags/tutorial_taskflow_api.py
[2024-05-08T13:34:43.007+0000] {logging_mixin.py:188} INFO - [2024-05-08T13:34:43.007+0000] {dag.py:3096} INFO - Sync 1 DAGs
[2024-05-08T13:34:43.013+0000] {logging_mixin.py:188} INFO - [2024-05-08T13:34:43.013+0000] {dag.py:3954} INFO - Setting next_dagrun for tutorial_taskflow_api to None, run_after=None
[2024-05-08T13:34:43.031+0000] {processor.py:183} INFO - Processing /home/denys/airflow_venv/lib/python3.12/site-packages/airflow/example_dags/tutorial_taskflow_api.py took 0.043 seconds
[2024-05-08T13:35:41.543+0000] {processor.py:161} INFO - Started process (PID=3486) to work on /home/denys/airflow_venv/lib/python3.12/site-packages/airflow/example_dags/tutorial_taskflow_api.py
[2024-05-08T13:35:41.545+0000] {processor.py:830} INFO - Processing file /home/denys/airflow_venv/lib/python3.12/site-packages/airflow/example_dags/tutorial_taskflow_api.py for tasks to queue
[2024-05-08T13:35:41.546+0000] {logging_mixin.py:188} INFO - [2024-05-08T13:35:41.546+0000] {dagbag.py:545} INFO - Filling up the DagBag from /home/denys/airflow_venv/lib/python3.12/site-packages/airflow/example_dags/tutorial_taskflow_api.py
[2024-05-08T13:35:41.550+0000] {processor.py:840} INFO - DAG(s) 'tutorial_taskflow_api' retrieved from /home/denys/airflow_venv/lib/python3.12/site-packages/airflow/example_dags/tutorial_taskflow_api.py
[2024-05-08T13:35:41.560+0000] {logging_mixin.py:188} INFO - [2024-05-08T13:35:41.560+0000] {dag.py:3096} INFO - Sync 1 DAGs
[2024-05-08T13:35:41.566+0000] {logging_mixin.py:188} INFO - [2024-05-08T13:35:41.566+0000] {dag.py:3954} INFO - Setting next_dagrun for tutorial_taskflow_api to None, run_after=None
[2024-05-08T13:35:41.582+0000] {processor.py:183} INFO - Processing /home/denys/airflow_venv/lib/python3.12/site-packages/airflow/example_dags/tutorial_taskflow_api.py took 0.042 seconds
[2024-05-08T13:36:24.457+0000] {processor.py:161} INFO - Started process (PID=3529) to work on /home/denys/airflow_venv/lib/python3.12/site-packages/airflow/example_dags/tutorial_taskflow_api.py
[2024-05-08T13:36:24.459+0000] {processor.py:830} INFO - Processing file /home/denys/airflow_venv/lib/python3.12/site-packages/airflow/example_dags/tutorial_taskflow_api.py for tasks to queue
[2024-05-08T13:36:24.460+0000] {logging_mixin.py:188} INFO - [2024-05-08T13:36:24.459+0000] {dagbag.py:545} INFO - Filling up the DagBag from /home/denys/airflow_venv/lib/python3.12/site-packages/airflow/example_dags/tutorial_taskflow_api.py
[2024-05-08T13:36:24.463+0000] {processor.py:840} INFO - DAG(s) 'tutorial_taskflow_api' retrieved from /home/denys/airflow_venv/lib/python3.12/site-packages/airflow/example_dags/tutorial_taskflow_api.py
[2024-05-08T13:36:24.472+0000] {logging_mixin.py:188} INFO - [2024-05-08T13:36:24.472+0000] {dag.py:3096} INFO - Sync 1 DAGs
[2024-05-08T13:36:24.478+0000] {logging_mixin.py:188} INFO - [2024-05-08T13:36:24.478+0000] {dag.py:3954} INFO - Setting next_dagrun for tutorial_taskflow_api to None, run_after=None
[2024-05-08T13:36:24.500+0000] {processor.py:183} INFO - Processing /home/denys/airflow_venv/lib/python3.12/site-packages/airflow/example_dags/tutorial_taskflow_api.py took 0.046 seconds
[2024-05-08T13:37:25.522+0000] {processor.py:161} INFO - Started process (PID=3594) to work on /home/denys/airflow_venv/lib/python3.12/site-packages/airflow/example_dags/tutorial_taskflow_api.py
[2024-05-08T13:37:25.523+0000] {processor.py:830} INFO - Processing file /home/denys/airflow_venv/lib/python3.12/site-packages/airflow/example_dags/tutorial_taskflow_api.py for tasks to queue
[2024-05-08T13:37:25.524+0000] {logging_mixin.py:188} INFO - [2024-05-08T13:37:25.524+0000] {dagbag.py:545} INFO - Filling up the DagBag from /home/denys/airflow_venv/lib/python3.12/site-packages/airflow/example_dags/tutorial_taskflow_api.py
[2024-05-08T13:37:25.528+0000] {processor.py:840} INFO - DAG(s) 'tutorial_taskflow_api' retrieved from /home/denys/airflow_venv/lib/python3.12/site-packages/airflow/example_dags/tutorial_taskflow_api.py
[2024-05-08T13:37:25.537+0000] {logging_mixin.py:188} INFO - [2024-05-08T13:37:25.537+0000] {dag.py:3096} INFO - Sync 1 DAGs
[2024-05-08T13:37:25.544+0000] {logging_mixin.py:188} INFO - [2024-05-08T13:37:25.544+0000] {dag.py:3954} INFO - Setting next_dagrun for tutorial_taskflow_api to None, run_after=None
[2024-05-08T13:37:25.566+0000] {processor.py:183} INFO - Processing /home/denys/airflow_venv/lib/python3.12/site-packages/airflow/example_dags/tutorial_taskflow_api.py took 0.047 seconds
[2024-05-08T13:38:14.160+0000] {processor.py:161} INFO - Started process (PID=3642) to work on /home/denys/airflow_venv/lib/python3.12/site-packages/airflow/example_dags/tutorial_taskflow_api.py
[2024-05-08T13:38:14.161+0000] {processor.py:830} INFO - Processing file /home/denys/airflow_venv/lib/python3.12/site-packages/airflow/example_dags/tutorial_taskflow_api.py for tasks to queue
[2024-05-08T13:38:14.162+0000] {logging_mixin.py:188} INFO - [2024-05-08T13:38:14.162+0000] {dagbag.py:545} INFO - Filling up the DagBag from /home/denys/airflow_venv/lib/python3.12/site-packages/airflow/example_dags/tutorial_taskflow_api.py
[2024-05-08T13:38:14.166+0000] {processor.py:840} INFO - DAG(s) 'tutorial_taskflow_api' retrieved from /home/denys/airflow_venv/lib/python3.12/site-packages/airflow/example_dags/tutorial_taskflow_api.py
[2024-05-08T13:38:14.176+0000] {logging_mixin.py:188} INFO - [2024-05-08T13:38:14.176+0000] {dag.py:3096} INFO - Sync 1 DAGs
[2024-05-08T13:38:14.182+0000] {logging_mixin.py:188} INFO - [2024-05-08T13:38:14.182+0000] {dag.py:3954} INFO - Setting next_dagrun for tutorial_taskflow_api to None, run_after=None
[2024-05-08T13:38:14.205+0000] {processor.py:183} INFO - Processing /home/denys/airflow_venv/lib/python3.12/site-packages/airflow/example_dags/tutorial_taskflow_api.py took 0.049 seconds
[2024-05-08T13:38:59.032+0000] {processor.py:161} INFO - Started process (PID=3689) to work on /home/denys/airflow_venv/lib/python3.12/site-packages/airflow/example_dags/tutorial_taskflow_api.py
[2024-05-08T13:38:59.034+0000] {processor.py:830} INFO - Processing file /home/denys/airflow_venv/lib/python3.12/site-packages/airflow/example_dags/tutorial_taskflow_api.py for tasks to queue
[2024-05-08T13:38:59.035+0000] {logging_mixin.py:188} INFO - [2024-05-08T13:38:59.035+0000] {dagbag.py:545} INFO - Filling up the DagBag from /home/denys/airflow_venv/lib/python3.12/site-packages/airflow/example_dags/tutorial_taskflow_api.py
[2024-05-08T13:38:59.039+0000] {processor.py:840} INFO - DAG(s) 'tutorial_taskflow_api' retrieved from /home/denys/airflow_venv/lib/python3.12/site-packages/airflow/example_dags/tutorial_taskflow_api.py
[2024-05-08T13:38:59.049+0000] {logging_mixin.py:188} INFO - [2024-05-08T13:38:59.049+0000] {dag.py:3096} INFO - Sync 1 DAGs
[2024-05-08T13:38:59.055+0000] {logging_mixin.py:188} INFO - [2024-05-08T13:38:59.055+0000] {dag.py:3954} INFO - Setting next_dagrun for tutorial_taskflow_api to None, run_after=None
[2024-05-08T13:38:59.077+0000] {processor.py:183} INFO - Processing /home/denys/airflow_venv/lib/python3.12/site-packages/airflow/example_dags/tutorial_taskflow_api.py took 0.047 seconds
[2024-05-08T13:39:41.968+0000] {processor.py:161} INFO - Started process (PID=3731) to work on /home/denys/airflow_venv/lib/python3.12/site-packages/airflow/example_dags/tutorial_taskflow_api.py
[2024-05-08T13:39:41.970+0000] {processor.py:830} INFO - Processing file /home/denys/airflow_venv/lib/python3.12/site-packages/airflow/example_dags/tutorial_taskflow_api.py for tasks to queue
[2024-05-08T13:39:41.971+0000] {logging_mixin.py:188} INFO - [2024-05-08T13:39:41.971+0000] {dagbag.py:545} INFO - Filling up the DagBag from /home/denys/airflow_venv/lib/python3.12/site-packages/airflow/example_dags/tutorial_taskflow_api.py
[2024-05-08T13:39:41.975+0000] {processor.py:840} INFO - DAG(s) 'tutorial_taskflow_api' retrieved from /home/denys/airflow_venv/lib/python3.12/site-packages/airflow/example_dags/tutorial_taskflow_api.py
[2024-05-08T13:39:41.985+0000] {logging_mixin.py:188} INFO - [2024-05-08T13:39:41.985+0000] {dag.py:3096} INFO - Sync 1 DAGs
[2024-05-08T13:39:41.993+0000] {logging_mixin.py:188} INFO - [2024-05-08T13:39:41.993+0000] {dag.py:3954} INFO - Setting next_dagrun for tutorial_taskflow_api to None, run_after=None
[2024-05-08T13:39:42.072+0000] {processor.py:183} INFO - Processing /home/denys/airflow_venv/lib/python3.12/site-packages/airflow/example_dags/tutorial_taskflow_api.py took 0.107 seconds
[2024-05-08T13:40:29.288+0000] {processor.py:161} INFO - Started process (PID=3779) to work on /home/denys/airflow_venv/lib/python3.12/site-packages/airflow/example_dags/tutorial_taskflow_api.py
[2024-05-08T13:40:29.289+0000] {processor.py:830} INFO - Processing file /home/denys/airflow_venv/lib/python3.12/site-packages/airflow/example_dags/tutorial_taskflow_api.py for tasks to queue
[2024-05-08T13:40:29.290+0000] {logging_mixin.py:188} INFO - [2024-05-08T13:40:29.290+0000] {dagbag.py:545} INFO - Filling up the DagBag from /home/denys/airflow_venv/lib/python3.12/site-packages/airflow/example_dags/tutorial_taskflow_api.py
[2024-05-08T13:40:29.295+0000] {processor.py:840} INFO - DAG(s) 'tutorial_taskflow_api' retrieved from /home/denys/airflow_venv/lib/python3.12/site-packages/airflow/example_dags/tutorial_taskflow_api.py
[2024-05-08T13:40:29.303+0000] {logging_mixin.py:188} INFO - [2024-05-08T13:40:29.303+0000] {dag.py:3096} INFO - Sync 1 DAGs
[2024-05-08T13:40:29.309+0000] {logging_mixin.py:188} INFO - [2024-05-08T13:40:29.309+0000] {dag.py:3954} INFO - Setting next_dagrun for tutorial_taskflow_api to None, run_after=None
[2024-05-08T13:40:29.325+0000] {processor.py:183} INFO - Processing /home/denys/airflow_venv/lib/python3.12/site-packages/airflow/example_dags/tutorial_taskflow_api.py took 0.040 seconds
[2024-05-08T13:41:17.725+0000] {processor.py:161} INFO - Started process (PID=3826) to work on /home/denys/airflow_venv/lib/python3.12/site-packages/airflow/example_dags/tutorial_taskflow_api.py
[2024-05-08T13:41:17.726+0000] {processor.py:830} INFO - Processing file /home/denys/airflow_venv/lib/python3.12/site-packages/airflow/example_dags/tutorial_taskflow_api.py for tasks to queue
[2024-05-08T13:41:17.727+0000] {logging_mixin.py:188} INFO - [2024-05-08T13:41:17.727+0000] {dagbag.py:545} INFO - Filling up the DagBag from /home/denys/airflow_venv/lib/python3.12/site-packages/airflow/example_dags/tutorial_taskflow_api.py
[2024-05-08T13:41:17.733+0000] {processor.py:840} INFO - DAG(s) 'tutorial_taskflow_api' retrieved from /home/denys/airflow_venv/lib/python3.12/site-packages/airflow/example_dags/tutorial_taskflow_api.py
[2024-05-08T13:41:17.742+0000] {logging_mixin.py:188} INFO - [2024-05-08T13:41:17.742+0000] {dag.py:3096} INFO - Sync 1 DAGs
[2024-05-08T13:41:17.748+0000] {logging_mixin.py:188} INFO - [2024-05-08T13:41:17.748+0000] {dag.py:3954} INFO - Setting next_dagrun for tutorial_taskflow_api to None, run_after=None
[2024-05-08T13:41:17.771+0000] {processor.py:183} INFO - Processing /home/denys/airflow_venv/lib/python3.12/site-packages/airflow/example_dags/tutorial_taskflow_api.py took 0.050 seconds
[2024-05-08T13:42:02.832+0000] {processor.py:161} INFO - Started process (PID=3871) to work on /home/denys/airflow_venv/lib/python3.12/site-packages/airflow/example_dags/tutorial_taskflow_api.py
[2024-05-08T13:42:02.834+0000] {processor.py:830} INFO - Processing file /home/denys/airflow_venv/lib/python3.12/site-packages/airflow/example_dags/tutorial_taskflow_api.py for tasks to queue
[2024-05-08T13:42:02.836+0000] {logging_mixin.py:188} INFO - [2024-05-08T13:42:02.835+0000] {dagbag.py:545} INFO - Filling up the DagBag from /home/denys/airflow_venv/lib/python3.12/site-packages/airflow/example_dags/tutorial_taskflow_api.py
[2024-05-08T13:42:02.840+0000] {processor.py:840} INFO - DAG(s) 'tutorial_taskflow_api' retrieved from /home/denys/airflow_venv/lib/python3.12/site-packages/airflow/example_dags/tutorial_taskflow_api.py
[2024-05-08T13:42:02.850+0000] {logging_mixin.py:188} INFO - [2024-05-08T13:42:02.850+0000] {dag.py:3096} INFO - Sync 1 DAGs
[2024-05-08T13:42:02.857+0000] {logging_mixin.py:188} INFO - [2024-05-08T13:42:02.857+0000] {dag.py:3954} INFO - Setting next_dagrun for tutorial_taskflow_api to None, run_after=None
[2024-05-08T13:42:02.883+0000] {processor.py:183} INFO - Processing /home/denys/airflow_venv/lib/python3.12/site-packages/airflow/example_dags/tutorial_taskflow_api.py took 0.054 seconds
[2024-05-08T13:42:47.433+0000] {processor.py:161} INFO - Started process (PID=3916) to work on /home/denys/airflow_venv/lib/python3.12/site-packages/airflow/example_dags/tutorial_taskflow_api.py
[2024-05-08T13:42:47.435+0000] {processor.py:830} INFO - Processing file /home/denys/airflow_venv/lib/python3.12/site-packages/airflow/example_dags/tutorial_taskflow_api.py for tasks to queue
[2024-05-08T13:42:47.436+0000] {logging_mixin.py:188} INFO - [2024-05-08T13:42:47.436+0000] {dagbag.py:545} INFO - Filling up the DagBag from /home/denys/airflow_venv/lib/python3.12/site-packages/airflow/example_dags/tutorial_taskflow_api.py
[2024-05-08T13:42:47.440+0000] {processor.py:840} INFO - DAG(s) 'tutorial_taskflow_api' retrieved from /home/denys/airflow_venv/lib/python3.12/site-packages/airflow/example_dags/tutorial_taskflow_api.py
[2024-05-08T13:42:47.449+0000] {logging_mixin.py:188} INFO - [2024-05-08T13:42:47.449+0000] {dag.py:3096} INFO - Sync 1 DAGs
[2024-05-08T13:42:47.456+0000] {logging_mixin.py:188} INFO - [2024-05-08T13:42:47.456+0000] {dag.py:3954} INFO - Setting next_dagrun for tutorial_taskflow_api to None, run_after=None
[2024-05-08T13:42:47.480+0000] {processor.py:183} INFO - Processing /home/denys/airflow_venv/lib/python3.12/site-packages/airflow/example_dags/tutorial_taskflow_api.py took 0.050 seconds
