[2024-05-08T13:12:23.334+0000] {processor.py:161} INFO - Started process (PID=1897) to work on /home/denys/airflow_venv/lib/python3.12/site-packages/airflow/example_dags/tutorial_objectstorage.py
[2024-05-08T13:12:23.334+0000] {processor.py:830} INFO - Processing file /home/denys/airflow_venv/lib/python3.12/site-packages/airflow/example_dags/tutorial_objectstorage.py for tasks to queue
[2024-05-08T13:12:23.335+0000] {logging_mixin.py:188} INFO - [2024-05-08T13:12:23.335+0000] {dagbag.py:545} INFO - Filling up the DagBag from /home/denys/airflow_venv/lib/python3.12/site-packages/airflow/example_dags/tutorial_objectstorage.py
[2024-05-08T13:12:23.339+0000] {processor.py:840} INFO - DAG(s) 'tutorial_objectstorage' retrieved from /home/denys/airflow_venv/lib/python3.12/site-packages/airflow/example_dags/tutorial_objectstorage.py
[2024-05-08T13:12:23.408+0000] {logging_mixin.py:188} INFO - [2024-05-08T13:12:23.407+0000] {override.py:1829} INFO - Created Permission View: can delete on DAG:tutorial_objectstorage
[2024-05-08T13:12:23.418+0000] {logging_mixin.py:188} INFO - [2024-05-08T13:12:23.418+0000] {override.py:1829} INFO - Created Permission View: can edit on DAG:tutorial_objectstorage
[2024-05-08T13:12:23.426+0000] {logging_mixin.py:188} INFO - [2024-05-08T13:12:23.426+0000] {override.py:1829} INFO - Created Permission View: can read on DAG:tutorial_objectstorage
[2024-05-08T13:12:23.426+0000] {logging_mixin.py:188} INFO - [2024-05-08T13:12:23.426+0000] {dag.py:3096} INFO - Sync 1 DAGs
[2024-05-08T13:12:23.433+0000] {logging_mixin.py:188} INFO - [2024-05-08T13:12:23.433+0000] {dag.py:3118} INFO - Creating ORM DAG for tutorial_objectstorage
[2024-05-08T13:12:23.433+0000] {logging_mixin.py:188} INFO - [2024-05-08T13:12:23.433+0000] {dag.py:3954} INFO - Setting next_dagrun for tutorial_objectstorage to None, run_after=None
[2024-05-08T13:12:23.449+0000] {processor.py:183} INFO - Processing /home/denys/airflow_venv/lib/python3.12/site-packages/airflow/example_dags/tutorial_objectstorage.py took 0.118 seconds
[2024-05-08T13:13:13.655+0000] {processor.py:161} INFO - Started process (PID=1953) to work on /home/denys/airflow_venv/lib/python3.12/site-packages/airflow/example_dags/tutorial_objectstorage.py
[2024-05-08T13:13:13.656+0000] {processor.py:830} INFO - Processing file /home/denys/airflow_venv/lib/python3.12/site-packages/airflow/example_dags/tutorial_objectstorage.py for tasks to queue
[2024-05-08T13:13:13.657+0000] {logging_mixin.py:188} INFO - [2024-05-08T13:13:13.656+0000] {dagbag.py:545} INFO - Filling up the DagBag from /home/denys/airflow_venv/lib/python3.12/site-packages/airflow/example_dags/tutorial_objectstorage.py
[2024-05-08T13:13:13.661+0000] {processor.py:840} INFO - DAG(s) 'tutorial_objectstorage' retrieved from /home/denys/airflow_venv/lib/python3.12/site-packages/airflow/example_dags/tutorial_objectstorage.py
[2024-05-08T13:13:13.671+0000] {logging_mixin.py:188} INFO - [2024-05-08T13:13:13.671+0000] {dag.py:3096} INFO - Sync 1 DAGs
[2024-05-08T13:13:13.678+0000] {logging_mixin.py:188} INFO - [2024-05-08T13:13:13.678+0000] {dag.py:3954} INFO - Setting next_dagrun for tutorial_objectstorage to None, run_after=None
[2024-05-08T13:13:13.702+0000] {processor.py:183} INFO - Processing /home/denys/airflow_venv/lib/python3.12/site-packages/airflow/example_dags/tutorial_objectstorage.py took 0.051 seconds
[2024-05-08T13:14:17.550+0000] {processor.py:161} INFO - Started process (PID=2019) to work on /home/denys/airflow_venv/lib/python3.12/site-packages/airflow/example_dags/tutorial_objectstorage.py
[2024-05-08T13:14:17.551+0000] {processor.py:830} INFO - Processing file /home/denys/airflow_venv/lib/python3.12/site-packages/airflow/example_dags/tutorial_objectstorage.py for tasks to queue
[2024-05-08T13:14:17.552+0000] {logging_mixin.py:188} INFO - [2024-05-08T13:14:17.552+0000] {dagbag.py:545} INFO - Filling up the DagBag from /home/denys/airflow_venv/lib/python3.12/site-packages/airflow/example_dags/tutorial_objectstorage.py
[2024-05-08T13:14:17.557+0000] {processor.py:840} INFO - DAG(s) 'tutorial_objectstorage' retrieved from /home/denys/airflow_venv/lib/python3.12/site-packages/airflow/example_dags/tutorial_objectstorage.py
[2024-05-08T13:14:17.567+0000] {logging_mixin.py:188} INFO - [2024-05-08T13:14:17.567+0000] {dag.py:3096} INFO - Sync 1 DAGs
[2024-05-08T13:14:17.573+0000] {logging_mixin.py:188} INFO - [2024-05-08T13:14:17.573+0000] {dag.py:3954} INFO - Setting next_dagrun for tutorial_objectstorage to None, run_after=None
[2024-05-08T13:14:17.596+0000] {processor.py:183} INFO - Processing /home/denys/airflow_venv/lib/python3.12/site-packages/airflow/example_dags/tutorial_objectstorage.py took 0.048 seconds
[2024-05-08T13:15:21.782+0000] {processor.py:161} INFO - Started process (PID=2087) to work on /home/denys/airflow_venv/lib/python3.12/site-packages/airflow/example_dags/tutorial_objectstorage.py
[2024-05-08T13:15:21.783+0000] {processor.py:830} INFO - Processing file /home/denys/airflow_venv/lib/python3.12/site-packages/airflow/example_dags/tutorial_objectstorage.py for tasks to queue
[2024-05-08T13:15:21.784+0000] {logging_mixin.py:188} INFO - [2024-05-08T13:15:21.784+0000] {dagbag.py:545} INFO - Filling up the DagBag from /home/denys/airflow_venv/lib/python3.12/site-packages/airflow/example_dags/tutorial_objectstorage.py
[2024-05-08T13:15:21.789+0000] {processor.py:840} INFO - DAG(s) 'tutorial_objectstorage' retrieved from /home/denys/airflow_venv/lib/python3.12/site-packages/airflow/example_dags/tutorial_objectstorage.py
[2024-05-08T13:15:21.798+0000] {logging_mixin.py:188} INFO - [2024-05-08T13:15:21.798+0000] {dag.py:3096} INFO - Sync 1 DAGs
[2024-05-08T13:15:21.804+0000] {logging_mixin.py:188} INFO - [2024-05-08T13:15:21.804+0000] {dag.py:3954} INFO - Setting next_dagrun for tutorial_objectstorage to None, run_after=None
[2024-05-08T13:15:21.826+0000] {processor.py:183} INFO - Processing /home/denys/airflow_venv/lib/python3.12/site-packages/airflow/example_dags/tutorial_objectstorage.py took 0.048 seconds
[2024-05-08T13:16:24.194+0000] {processor.py:161} INFO - Started process (PID=2152) to work on /home/denys/airflow_venv/lib/python3.12/site-packages/airflow/example_dags/tutorial_objectstorage.py
[2024-05-08T13:16:24.196+0000] {processor.py:830} INFO - Processing file /home/denys/airflow_venv/lib/python3.12/site-packages/airflow/example_dags/tutorial_objectstorage.py for tasks to queue
[2024-05-08T13:16:24.197+0000] {logging_mixin.py:188} INFO - [2024-05-08T13:16:24.196+0000] {dagbag.py:545} INFO - Filling up the DagBag from /home/denys/airflow_venv/lib/python3.12/site-packages/airflow/example_dags/tutorial_objectstorage.py
[2024-05-08T13:16:24.202+0000] {processor.py:840} INFO - DAG(s) 'tutorial_objectstorage' retrieved from /home/denys/airflow_venv/lib/python3.12/site-packages/airflow/example_dags/tutorial_objectstorage.py
[2024-05-08T13:16:24.211+0000] {logging_mixin.py:188} INFO - [2024-05-08T13:16:24.211+0000] {dag.py:3096} INFO - Sync 1 DAGs
[2024-05-08T13:16:24.218+0000] {logging_mixin.py:188} INFO - [2024-05-08T13:16:24.218+0000] {dag.py:3954} INFO - Setting next_dagrun for tutorial_objectstorage to None, run_after=None
[2024-05-08T13:16:24.240+0000] {processor.py:183} INFO - Processing /home/denys/airflow_venv/lib/python3.12/site-packages/airflow/example_dags/tutorial_objectstorage.py took 0.049 seconds
[2024-05-08T13:17:28.236+0000] {processor.py:161} INFO - Started process (PID=2222) to work on /home/denys/airflow_venv/lib/python3.12/site-packages/airflow/example_dags/tutorial_objectstorage.py
[2024-05-08T13:17:28.237+0000] {processor.py:830} INFO - Processing file /home/denys/airflow_venv/lib/python3.12/site-packages/airflow/example_dags/tutorial_objectstorage.py for tasks to queue
[2024-05-08T13:17:28.238+0000] {logging_mixin.py:188} INFO - [2024-05-08T13:17:28.238+0000] {dagbag.py:545} INFO - Filling up the DagBag from /home/denys/airflow_venv/lib/python3.12/site-packages/airflow/example_dags/tutorial_objectstorage.py
[2024-05-08T13:17:28.243+0000] {processor.py:840} INFO - DAG(s) 'tutorial_objectstorage' retrieved from /home/denys/airflow_venv/lib/python3.12/site-packages/airflow/example_dags/tutorial_objectstorage.py
[2024-05-08T13:17:28.251+0000] {logging_mixin.py:188} INFO - [2024-05-08T13:17:28.251+0000] {dag.py:3096} INFO - Sync 1 DAGs
[2024-05-08T13:17:28.258+0000] {logging_mixin.py:188} INFO - [2024-05-08T13:17:28.258+0000] {dag.py:3954} INFO - Setting next_dagrun for tutorial_objectstorage to None, run_after=None
[2024-05-08T13:17:28.283+0000] {processor.py:183} INFO - Processing /home/denys/airflow_venv/lib/python3.12/site-packages/airflow/example_dags/tutorial_objectstorage.py took 0.051 seconds
[2024-05-08T13:19:50.530+0000] {processor.py:161} INFO - Started process (PID=2353) to work on /home/denys/airflow_venv/lib/python3.12/site-packages/airflow/example_dags/tutorial_objectstorage.py
[2024-05-08T13:19:50.538+0000] {processor.py:830} INFO - Processing file /home/denys/airflow_venv/lib/python3.12/site-packages/airflow/example_dags/tutorial_objectstorage.py for tasks to queue
[2024-05-08T13:19:50.539+0000] {logging_mixin.py:188} INFO - [2024-05-08T13:19:50.539+0000] {dagbag.py:545} INFO - Filling up the DagBag from /home/denys/airflow_venv/lib/python3.12/site-packages/airflow/example_dags/tutorial_objectstorage.py
[2024-05-08T13:19:50.543+0000] {processor.py:840} INFO - DAG(s) 'tutorial_objectstorage' retrieved from /home/denys/airflow_venv/lib/python3.12/site-packages/airflow/example_dags/tutorial_objectstorage.py
[2024-05-08T13:19:50.588+0000] {logging_mixin.py:188} INFO - [2024-05-08T13:19:50.588+0000] {dag.py:3096} INFO - Sync 1 DAGs
[2024-05-08T13:19:50.593+0000] {logging_mixin.py:188} INFO - [2024-05-08T13:19:50.593+0000] {dag.py:3954} INFO - Setting next_dagrun for tutorial_objectstorage to None, run_after=None
[2024-05-08T13:19:50.609+0000] {processor.py:183} INFO - Processing /home/denys/airflow_venv/lib/python3.12/site-packages/airflow/example_dags/tutorial_objectstorage.py took 0.081 seconds
[2024-05-08T13:20:52.054+0000] {processor.py:161} INFO - Started process (PID=2421) to work on /home/denys/airflow_venv/lib/python3.12/site-packages/airflow/example_dags/tutorial_objectstorage.py
[2024-05-08T13:20:52.061+0000] {processor.py:830} INFO - Processing file /home/denys/airflow_venv/lib/python3.12/site-packages/airflow/example_dags/tutorial_objectstorage.py for tasks to queue
[2024-05-08T13:20:52.062+0000] {logging_mixin.py:188} INFO - [2024-05-08T13:20:52.061+0000] {dagbag.py:545} INFO - Filling up the DagBag from /home/denys/airflow_venv/lib/python3.12/site-packages/airflow/example_dags/tutorial_objectstorage.py
[2024-05-08T13:20:52.066+0000] {processor.py:840} INFO - DAG(s) 'tutorial_objectstorage' retrieved from /home/denys/airflow_venv/lib/python3.12/site-packages/airflow/example_dags/tutorial_objectstorage.py
[2024-05-08T13:20:52.075+0000] {logging_mixin.py:188} INFO - [2024-05-08T13:20:52.075+0000] {dag.py:3096} INFO - Sync 1 DAGs
[2024-05-08T13:20:52.081+0000] {logging_mixin.py:188} INFO - [2024-05-08T13:20:52.081+0000] {dag.py:3954} INFO - Setting next_dagrun for tutorial_objectstorage to None, run_after=None
[2024-05-08T13:20:52.097+0000] {processor.py:183} INFO - Processing /home/denys/airflow_venv/lib/python3.12/site-packages/airflow/example_dags/tutorial_objectstorage.py took 0.046 seconds
[2024-05-08T13:21:58.592+0000] {processor.py:161} INFO - Started process (PID=2487) to work on /home/denys/airflow_venv/lib/python3.12/site-packages/airflow/example_dags/tutorial_objectstorage.py
[2024-05-08T13:21:58.599+0000] {processor.py:830} INFO - Processing file /home/denys/airflow_venv/lib/python3.12/site-packages/airflow/example_dags/tutorial_objectstorage.py for tasks to queue
[2024-05-08T13:21:58.600+0000] {logging_mixin.py:188} INFO - [2024-05-08T13:21:58.600+0000] {dagbag.py:545} INFO - Filling up the DagBag from /home/denys/airflow_venv/lib/python3.12/site-packages/airflow/example_dags/tutorial_objectstorage.py
[2024-05-08T13:21:58.606+0000] {processor.py:840} INFO - DAG(s) 'tutorial_objectstorage' retrieved from /home/denys/airflow_venv/lib/python3.12/site-packages/airflow/example_dags/tutorial_objectstorage.py
[2024-05-08T13:21:58.615+0000] {logging_mixin.py:188} INFO - [2024-05-08T13:21:58.615+0000] {dag.py:3096} INFO - Sync 1 DAGs
[2024-05-08T13:21:58.623+0000] {logging_mixin.py:188} INFO - [2024-05-08T13:21:58.623+0000] {dag.py:3954} INFO - Setting next_dagrun for tutorial_objectstorage to None, run_after=None
[2024-05-08T13:21:58.641+0000] {processor.py:183} INFO - Processing /home/denys/airflow_venv/lib/python3.12/site-packages/airflow/example_dags/tutorial_objectstorage.py took 0.052 seconds
[2024-05-08T13:23:01.868+0000] {processor.py:161} INFO - Started process (PID=2554) to work on /home/denys/airflow_venv/lib/python3.12/site-packages/airflow/example_dags/tutorial_objectstorage.py
[2024-05-08T13:23:01.872+0000] {processor.py:830} INFO - Processing file /home/denys/airflow_venv/lib/python3.12/site-packages/airflow/example_dags/tutorial_objectstorage.py for tasks to queue
[2024-05-08T13:23:01.873+0000] {logging_mixin.py:188} INFO - [2024-05-08T13:23:01.873+0000] {dagbag.py:545} INFO - Filling up the DagBag from /home/denys/airflow_venv/lib/python3.12/site-packages/airflow/example_dags/tutorial_objectstorage.py
[2024-05-08T13:23:01.878+0000] {processor.py:840} INFO - DAG(s) 'tutorial_objectstorage' retrieved from /home/denys/airflow_venv/lib/python3.12/site-packages/airflow/example_dags/tutorial_objectstorage.py
[2024-05-08T13:23:01.889+0000] {logging_mixin.py:188} INFO - [2024-05-08T13:23:01.889+0000] {dag.py:3096} INFO - Sync 1 DAGs
[2024-05-08T13:23:01.896+0000] {logging_mixin.py:188} INFO - [2024-05-08T13:23:01.895+0000] {dag.py:3954} INFO - Setting next_dagrun for tutorial_objectstorage to None, run_after=None
[2024-05-08T13:23:01.918+0000] {processor.py:183} INFO - Processing /home/denys/airflow_venv/lib/python3.12/site-packages/airflow/example_dags/tutorial_objectstorage.py took 0.054 seconds
[2024-05-08T13:24:02.760+0000] {processor.py:161} INFO - Started process (PID=2688) to work on /home/denys/airflow_venv/lib/python3.12/site-packages/airflow/example_dags/tutorial_objectstorage.py
[2024-05-08T13:24:02.761+0000] {processor.py:830} INFO - Processing file /home/denys/airflow_venv/lib/python3.12/site-packages/airflow/example_dags/tutorial_objectstorage.py for tasks to queue
[2024-05-08T13:24:02.762+0000] {logging_mixin.py:188} INFO - [2024-05-08T13:24:02.762+0000] {dagbag.py:545} INFO - Filling up the DagBag from /home/denys/airflow_venv/lib/python3.12/site-packages/airflow/example_dags/tutorial_objectstorage.py
[2024-05-08T13:24:02.767+0000] {processor.py:840} INFO - DAG(s) 'tutorial_objectstorage' retrieved from /home/denys/airflow_venv/lib/python3.12/site-packages/airflow/example_dags/tutorial_objectstorage.py
[2024-05-08T13:24:02.775+0000] {logging_mixin.py:188} INFO - [2024-05-08T13:24:02.775+0000] {dag.py:3096} INFO - Sync 1 DAGs
[2024-05-08T13:24:02.781+0000] {logging_mixin.py:188} INFO - [2024-05-08T13:24:02.781+0000] {dag.py:3954} INFO - Setting next_dagrun for tutorial_objectstorage to None, run_after=None
[2024-05-08T13:24:02.803+0000] {processor.py:183} INFO - Processing /home/denys/airflow_venv/lib/python3.12/site-packages/airflow/example_dags/tutorial_objectstorage.py took 0.047 seconds
[2024-05-08T13:25:00.520+0000] {processor.py:161} INFO - Started process (PID=2752) to work on /home/denys/airflow_venv/lib/python3.12/site-packages/airflow/example_dags/tutorial_objectstorage.py
[2024-05-08T13:25:00.522+0000] {processor.py:830} INFO - Processing file /home/denys/airflow_venv/lib/python3.12/site-packages/airflow/example_dags/tutorial_objectstorage.py for tasks to queue
[2024-05-08T13:25:00.523+0000] {logging_mixin.py:188} INFO - [2024-05-08T13:25:00.522+0000] {dagbag.py:545} INFO - Filling up the DagBag from /home/denys/airflow_venv/lib/python3.12/site-packages/airflow/example_dags/tutorial_objectstorage.py
[2024-05-08T13:25:00.528+0000] {processor.py:840} INFO - DAG(s) 'tutorial_objectstorage' retrieved from /home/denys/airflow_venv/lib/python3.12/site-packages/airflow/example_dags/tutorial_objectstorage.py
[2024-05-08T13:25:00.538+0000] {logging_mixin.py:188} INFO - [2024-05-08T13:25:00.537+0000] {dag.py:3096} INFO - Sync 1 DAGs
[2024-05-08T13:25:00.544+0000] {logging_mixin.py:188} INFO - [2024-05-08T13:25:00.544+0000] {dag.py:3954} INFO - Setting next_dagrun for tutorial_objectstorage to None, run_after=None
[2024-05-08T13:25:00.560+0000] {processor.py:183} INFO - Processing /home/denys/airflow_venv/lib/python3.12/site-packages/airflow/example_dags/tutorial_objectstorage.py took 0.044 seconds
[2024-05-08T13:26:00.622+0000] {processor.py:161} INFO - Started process (PID=2820) to work on /home/denys/airflow_venv/lib/python3.12/site-packages/airflow/example_dags/tutorial_objectstorage.py
[2024-05-08T13:26:00.624+0000] {processor.py:830} INFO - Processing file /home/denys/airflow_venv/lib/python3.12/site-packages/airflow/example_dags/tutorial_objectstorage.py for tasks to queue
[2024-05-08T13:26:00.625+0000] {logging_mixin.py:188} INFO - [2024-05-08T13:26:00.625+0000] {dagbag.py:545} INFO - Filling up the DagBag from /home/denys/airflow_venv/lib/python3.12/site-packages/airflow/example_dags/tutorial_objectstorage.py
[2024-05-08T13:26:00.630+0000] {processor.py:840} INFO - DAG(s) 'tutorial_objectstorage' retrieved from /home/denys/airflow_venv/lib/python3.12/site-packages/airflow/example_dags/tutorial_objectstorage.py
[2024-05-08T13:26:00.638+0000] {logging_mixin.py:188} INFO - [2024-05-08T13:26:00.638+0000] {dag.py:3096} INFO - Sync 1 DAGs
[2024-05-08T13:26:00.644+0000] {logging_mixin.py:188} INFO - [2024-05-08T13:26:00.644+0000] {dag.py:3954} INFO - Setting next_dagrun for tutorial_objectstorage to None, run_after=None
[2024-05-08T13:26:00.661+0000] {processor.py:183} INFO - Processing /home/denys/airflow_venv/lib/python3.12/site-packages/airflow/example_dags/tutorial_objectstorage.py took 0.042 seconds
[2024-05-08T13:27:05.541+0000] {processor.py:161} INFO - Started process (PID=2886) to work on /home/denys/airflow_venv/lib/python3.12/site-packages/airflow/example_dags/tutorial_objectstorage.py
[2024-05-08T13:27:05.543+0000] {processor.py:830} INFO - Processing file /home/denys/airflow_venv/lib/python3.12/site-packages/airflow/example_dags/tutorial_objectstorage.py for tasks to queue
[2024-05-08T13:27:05.543+0000] {logging_mixin.py:188} INFO - [2024-05-08T13:27:05.543+0000] {dagbag.py:545} INFO - Filling up the DagBag from /home/denys/airflow_venv/lib/python3.12/site-packages/airflow/example_dags/tutorial_objectstorage.py
[2024-05-08T13:27:05.548+0000] {processor.py:840} INFO - DAG(s) 'tutorial_objectstorage' retrieved from /home/denys/airflow_venv/lib/python3.12/site-packages/airflow/example_dags/tutorial_objectstorage.py
[2024-05-08T13:27:05.556+0000] {logging_mixin.py:188} INFO - [2024-05-08T13:27:05.556+0000] {dag.py:3096} INFO - Sync 1 DAGs
[2024-05-08T13:27:05.562+0000] {logging_mixin.py:188} INFO - [2024-05-08T13:27:05.562+0000] {dag.py:3954} INFO - Setting next_dagrun for tutorial_objectstorage to None, run_after=None
[2024-05-08T13:27:05.584+0000] {processor.py:183} INFO - Processing /home/denys/airflow_venv/lib/python3.12/site-packages/airflow/example_dags/tutorial_objectstorage.py took 0.047 seconds
[2024-05-08T13:28:11.282+0000] {processor.py:161} INFO - Started process (PID=2954) to work on /home/denys/airflow_venv/lib/python3.12/site-packages/airflow/example_dags/tutorial_objectstorage.py
[2024-05-08T13:28:11.284+0000] {processor.py:830} INFO - Processing file /home/denys/airflow_venv/lib/python3.12/site-packages/airflow/example_dags/tutorial_objectstorage.py for tasks to queue
[2024-05-08T13:28:11.285+0000] {logging_mixin.py:188} INFO - [2024-05-08T13:28:11.285+0000] {dagbag.py:545} INFO - Filling up the DagBag from /home/denys/airflow_venv/lib/python3.12/site-packages/airflow/example_dags/tutorial_objectstorage.py
[2024-05-08T13:28:11.290+0000] {processor.py:840} INFO - DAG(s) 'tutorial_objectstorage' retrieved from /home/denys/airflow_venv/lib/python3.12/site-packages/airflow/example_dags/tutorial_objectstorage.py
[2024-05-08T13:28:11.299+0000] {logging_mixin.py:188} INFO - [2024-05-08T13:28:11.299+0000] {dag.py:3096} INFO - Sync 1 DAGs
[2024-05-08T13:28:11.306+0000] {logging_mixin.py:188} INFO - [2024-05-08T13:28:11.306+0000] {dag.py:3954} INFO - Setting next_dagrun for tutorial_objectstorage to None, run_after=None
[2024-05-08T13:28:11.330+0000] {processor.py:183} INFO - Processing /home/denys/airflow_venv/lib/python3.12/site-packages/airflow/example_dags/tutorial_objectstorage.py took 0.052 seconds
[2024-05-08T13:29:11.937+0000] {processor.py:161} INFO - Started process (PID=3073) to work on /home/denys/airflow_venv/lib/python3.12/site-packages/airflow/example_dags/tutorial_objectstorage.py
[2024-05-08T13:29:11.939+0000] {processor.py:830} INFO - Processing file /home/denys/airflow_venv/lib/python3.12/site-packages/airflow/example_dags/tutorial_objectstorage.py for tasks to queue
[2024-05-08T13:29:11.940+0000] {logging_mixin.py:188} INFO - [2024-05-08T13:29:11.940+0000] {dagbag.py:545} INFO - Filling up the DagBag from /home/denys/airflow_venv/lib/python3.12/site-packages/airflow/example_dags/tutorial_objectstorage.py
[2024-05-08T13:29:11.945+0000] {processor.py:840} INFO - DAG(s) 'tutorial_objectstorage' retrieved from /home/denys/airflow_venv/lib/python3.12/site-packages/airflow/example_dags/tutorial_objectstorage.py
[2024-05-08T13:29:11.954+0000] {logging_mixin.py:188} INFO - [2024-05-08T13:29:11.954+0000] {dag.py:3096} INFO - Sync 1 DAGs
[2024-05-08T13:29:11.960+0000] {logging_mixin.py:188} INFO - [2024-05-08T13:29:11.960+0000] {dag.py:3954} INFO - Setting next_dagrun for tutorial_objectstorage to None, run_after=None
[2024-05-08T13:29:11.979+0000] {processor.py:183} INFO - Processing /home/denys/airflow_venv/lib/python3.12/site-packages/airflow/example_dags/tutorial_objectstorage.py took 0.045 seconds
[2024-05-08T13:30:11.478+0000] {processor.py:161} INFO - Started process (PID=3139) to work on /home/denys/airflow_venv/lib/python3.12/site-packages/airflow/example_dags/tutorial_objectstorage.py
[2024-05-08T13:30:11.479+0000] {processor.py:830} INFO - Processing file /home/denys/airflow_venv/lib/python3.12/site-packages/airflow/example_dags/tutorial_objectstorage.py for tasks to queue
[2024-05-08T13:30:11.480+0000] {logging_mixin.py:188} INFO - [2024-05-08T13:30:11.480+0000] {dagbag.py:545} INFO - Filling up the DagBag from /home/denys/airflow_venv/lib/python3.12/site-packages/airflow/example_dags/tutorial_objectstorage.py
[2024-05-08T13:30:11.486+0000] {processor.py:840} INFO - DAG(s) 'tutorial_objectstorage' retrieved from /home/denys/airflow_venv/lib/python3.12/site-packages/airflow/example_dags/tutorial_objectstorage.py
[2024-05-08T13:30:11.495+0000] {logging_mixin.py:188} INFO - [2024-05-08T13:30:11.495+0000] {dag.py:3096} INFO - Sync 1 DAGs
[2024-05-08T13:30:11.502+0000] {logging_mixin.py:188} INFO - [2024-05-08T13:30:11.502+0000] {dag.py:3954} INFO - Setting next_dagrun for tutorial_objectstorage to None, run_after=None
[2024-05-08T13:30:11.519+0000] {processor.py:183} INFO - Processing /home/denys/airflow_venv/lib/python3.12/site-packages/airflow/example_dags/tutorial_objectstorage.py took 0.044 seconds
[2024-05-08T13:31:13.377+0000] {processor.py:161} INFO - Started process (PID=3203) to work on /home/denys/airflow_venv/lib/python3.12/site-packages/airflow/example_dags/tutorial_objectstorage.py
[2024-05-08T13:31:13.378+0000] {processor.py:830} INFO - Processing file /home/denys/airflow_venv/lib/python3.12/site-packages/airflow/example_dags/tutorial_objectstorage.py for tasks to queue
[2024-05-08T13:31:13.380+0000] {logging_mixin.py:188} INFO - [2024-05-08T13:31:13.379+0000] {dagbag.py:545} INFO - Filling up the DagBag from /home/denys/airflow_venv/lib/python3.12/site-packages/airflow/example_dags/tutorial_objectstorage.py
[2024-05-08T13:31:13.385+0000] {processor.py:840} INFO - DAG(s) 'tutorial_objectstorage' retrieved from /home/denys/airflow_venv/lib/python3.12/site-packages/airflow/example_dags/tutorial_objectstorage.py
[2024-05-08T13:31:13.393+0000] {logging_mixin.py:188} INFO - [2024-05-08T13:31:13.393+0000] {dag.py:3096} INFO - Sync 1 DAGs
[2024-05-08T13:31:13.400+0000] {logging_mixin.py:188} INFO - [2024-05-08T13:31:13.400+0000] {dag.py:3954} INFO - Setting next_dagrun for tutorial_objectstorage to None, run_after=None
[2024-05-08T13:31:13.421+0000] {processor.py:183} INFO - Processing /home/denys/airflow_venv/lib/python3.12/site-packages/airflow/example_dags/tutorial_objectstorage.py took 0.047 seconds
[2024-05-08T13:32:16.200+0000] {processor.py:161} INFO - Started process (PID=3267) to work on /home/denys/airflow_venv/lib/python3.12/site-packages/airflow/example_dags/tutorial_objectstorage.py
[2024-05-08T13:32:16.202+0000] {processor.py:830} INFO - Processing file /home/denys/airflow_venv/lib/python3.12/site-packages/airflow/example_dags/tutorial_objectstorage.py for tasks to queue
[2024-05-08T13:32:16.203+0000] {logging_mixin.py:188} INFO - [2024-05-08T13:32:16.202+0000] {dagbag.py:545} INFO - Filling up the DagBag from /home/denys/airflow_venv/lib/python3.12/site-packages/airflow/example_dags/tutorial_objectstorage.py
[2024-05-08T13:32:16.208+0000] {processor.py:840} INFO - DAG(s) 'tutorial_objectstorage' retrieved from /home/denys/airflow_venv/lib/python3.12/site-packages/airflow/example_dags/tutorial_objectstorage.py
[2024-05-08T13:32:16.216+0000] {logging_mixin.py:188} INFO - [2024-05-08T13:32:16.216+0000] {dag.py:3096} INFO - Sync 1 DAGs
[2024-05-08T13:32:16.223+0000] {logging_mixin.py:188} INFO - [2024-05-08T13:32:16.223+0000] {dag.py:3954} INFO - Setting next_dagrun for tutorial_objectstorage to None, run_after=None
[2024-05-08T13:32:16.244+0000] {processor.py:183} INFO - Processing /home/denys/airflow_venv/lib/python3.12/site-packages/airflow/example_dags/tutorial_objectstorage.py took 0.047 seconds
[2024-05-08T13:33:21.664+0000] {processor.py:161} INFO - Started process (PID=3334) to work on /home/denys/airflow_venv/lib/python3.12/site-packages/airflow/example_dags/tutorial_objectstorage.py
[2024-05-08T13:33:21.671+0000] {processor.py:830} INFO - Processing file /home/denys/airflow_venv/lib/python3.12/site-packages/airflow/example_dags/tutorial_objectstorage.py for tasks to queue
[2024-05-08T13:33:21.672+0000] {logging_mixin.py:188} INFO - [2024-05-08T13:33:21.672+0000] {dagbag.py:545} INFO - Filling up the DagBag from /home/denys/airflow_venv/lib/python3.12/site-packages/airflow/example_dags/tutorial_objectstorage.py
[2024-05-08T13:33:21.677+0000] {processor.py:840} INFO - DAG(s) 'tutorial_objectstorage' retrieved from /home/denys/airflow_venv/lib/python3.12/site-packages/airflow/example_dags/tutorial_objectstorage.py
[2024-05-08T13:33:21.687+0000] {logging_mixin.py:188} INFO - [2024-05-08T13:33:21.687+0000] {dag.py:3096} INFO - Sync 1 DAGs
[2024-05-08T13:33:21.696+0000] {logging_mixin.py:188} INFO - [2024-05-08T13:33:21.695+0000] {dag.py:3954} INFO - Setting next_dagrun for tutorial_objectstorage to None, run_after=None
[2024-05-08T13:33:21.712+0000] {processor.py:183} INFO - Processing /home/denys/airflow_venv/lib/python3.12/site-packages/airflow/example_dags/tutorial_objectstorage.py took 0.052 seconds
[2024-05-08T13:34:25.373+0000] {processor.py:161} INFO - Started process (PID=3402) to work on /home/denys/airflow_venv/lib/python3.12/site-packages/airflow/example_dags/tutorial_objectstorage.py
[2024-05-08T13:34:25.375+0000] {processor.py:830} INFO - Processing file /home/denys/airflow_venv/lib/python3.12/site-packages/airflow/example_dags/tutorial_objectstorage.py for tasks to queue
[2024-05-08T13:34:25.376+0000] {logging_mixin.py:188} INFO - [2024-05-08T13:34:25.376+0000] {dagbag.py:545} INFO - Filling up the DagBag from /home/denys/airflow_venv/lib/python3.12/site-packages/airflow/example_dags/tutorial_objectstorage.py
[2024-05-08T13:34:25.384+0000] {processor.py:840} INFO - DAG(s) 'tutorial_objectstorage' retrieved from /home/denys/airflow_venv/lib/python3.12/site-packages/airflow/example_dags/tutorial_objectstorage.py
[2024-05-08T13:34:25.394+0000] {logging_mixin.py:188} INFO - [2024-05-08T13:34:25.394+0000] {dag.py:3096} INFO - Sync 1 DAGs
[2024-05-08T13:34:25.402+0000] {logging_mixin.py:188} INFO - [2024-05-08T13:34:25.402+0000] {dag.py:3954} INFO - Setting next_dagrun for tutorial_objectstorage to None, run_after=None
[2024-05-08T13:34:25.424+0000] {processor.py:183} INFO - Processing /home/denys/airflow_venv/lib/python3.12/site-packages/airflow/example_dags/tutorial_objectstorage.py took 0.054 seconds
[2024-05-08T13:35:24.486+0000] {processor.py:161} INFO - Started process (PID=3468) to work on /home/denys/airflow_venv/lib/python3.12/site-packages/airflow/example_dags/tutorial_objectstorage.py
[2024-05-08T13:35:24.488+0000] {processor.py:830} INFO - Processing file /home/denys/airflow_venv/lib/python3.12/site-packages/airflow/example_dags/tutorial_objectstorage.py for tasks to queue
[2024-05-08T13:35:24.489+0000] {logging_mixin.py:188} INFO - [2024-05-08T13:35:24.489+0000] {dagbag.py:545} INFO - Filling up the DagBag from /home/denys/airflow_venv/lib/python3.12/site-packages/airflow/example_dags/tutorial_objectstorage.py
[2024-05-08T13:35:24.494+0000] {processor.py:840} INFO - DAG(s) 'tutorial_objectstorage' retrieved from /home/denys/airflow_venv/lib/python3.12/site-packages/airflow/example_dags/tutorial_objectstorage.py
[2024-05-08T13:35:24.503+0000] {logging_mixin.py:188} INFO - [2024-05-08T13:35:24.503+0000] {dag.py:3096} INFO - Sync 1 DAGs
[2024-05-08T13:35:24.509+0000] {logging_mixin.py:188} INFO - [2024-05-08T13:35:24.509+0000] {dag.py:3954} INFO - Setting next_dagrun for tutorial_objectstorage to None, run_after=None
[2024-05-08T13:35:24.531+0000] {processor.py:183} INFO - Processing /home/denys/airflow_venv/lib/python3.12/site-packages/airflow/example_dags/tutorial_objectstorage.py took 0.048 seconds
[2024-05-08T13:36:25.823+0000] {processor.py:161} INFO - Started process (PID=3531) to work on /home/denys/airflow_venv/lib/python3.12/site-packages/airflow/example_dags/tutorial_objectstorage.py
[2024-05-08T13:36:25.824+0000] {processor.py:830} INFO - Processing file /home/denys/airflow_venv/lib/python3.12/site-packages/airflow/example_dags/tutorial_objectstorage.py for tasks to queue
[2024-05-08T13:36:25.825+0000] {logging_mixin.py:188} INFO - [2024-05-08T13:36:25.825+0000] {dagbag.py:545} INFO - Filling up the DagBag from /home/denys/airflow_venv/lib/python3.12/site-packages/airflow/example_dags/tutorial_objectstorage.py
[2024-05-08T13:36:25.829+0000] {processor.py:840} INFO - DAG(s) 'tutorial_objectstorage' retrieved from /home/denys/airflow_venv/lib/python3.12/site-packages/airflow/example_dags/tutorial_objectstorage.py
[2024-05-08T13:36:25.839+0000] {logging_mixin.py:188} INFO - [2024-05-08T13:36:25.839+0000] {dag.py:3096} INFO - Sync 1 DAGs
[2024-05-08T13:36:25.846+0000] {logging_mixin.py:188} INFO - [2024-05-08T13:36:25.846+0000] {dag.py:3954} INFO - Setting next_dagrun for tutorial_objectstorage to None, run_after=None
[2024-05-08T13:36:25.868+0000] {processor.py:183} INFO - Processing /home/denys/airflow_venv/lib/python3.12/site-packages/airflow/example_dags/tutorial_objectstorage.py took 0.049 seconds
[2024-05-08T13:37:31.909+0000] {processor.py:161} INFO - Started process (PID=3598) to work on /home/denys/airflow_venv/lib/python3.12/site-packages/airflow/example_dags/tutorial_objectstorage.py
[2024-05-08T13:37:31.911+0000] {processor.py:830} INFO - Processing file /home/denys/airflow_venv/lib/python3.12/site-packages/airflow/example_dags/tutorial_objectstorage.py for tasks to queue
[2024-05-08T13:37:31.912+0000] {logging_mixin.py:188} INFO - [2024-05-08T13:37:31.912+0000] {dagbag.py:545} INFO - Filling up the DagBag from /home/denys/airflow_venv/lib/python3.12/site-packages/airflow/example_dags/tutorial_objectstorage.py
[2024-05-08T13:37:31.917+0000] {processor.py:840} INFO - DAG(s) 'tutorial_objectstorage' retrieved from /home/denys/airflow_venv/lib/python3.12/site-packages/airflow/example_dags/tutorial_objectstorage.py
[2024-05-08T13:37:31.927+0000] {logging_mixin.py:188} INFO - [2024-05-08T13:37:31.926+0000] {dag.py:3096} INFO - Sync 1 DAGs
[2024-05-08T13:37:31.934+0000] {logging_mixin.py:188} INFO - [2024-05-08T13:37:31.934+0000] {dag.py:3954} INFO - Setting next_dagrun for tutorial_objectstorage to None, run_after=None
[2024-05-08T13:37:31.957+0000] {processor.py:183} INFO - Processing /home/denys/airflow_venv/lib/python3.12/site-packages/airflow/example_dags/tutorial_objectstorage.py took 0.052 seconds
[2024-05-08T13:38:24.304+0000] {processor.py:161} INFO - Started process (PID=3652) to work on /home/denys/airflow_venv/lib/python3.12/site-packages/airflow/example_dags/tutorial_objectstorage.py
[2024-05-08T13:38:24.305+0000] {processor.py:830} INFO - Processing file /home/denys/airflow_venv/lib/python3.12/site-packages/airflow/example_dags/tutorial_objectstorage.py for tasks to queue
[2024-05-08T13:38:24.306+0000] {logging_mixin.py:188} INFO - [2024-05-08T13:38:24.306+0000] {dagbag.py:545} INFO - Filling up the DagBag from /home/denys/airflow_venv/lib/python3.12/site-packages/airflow/example_dags/tutorial_objectstorage.py
[2024-05-08T13:38:24.311+0000] {processor.py:840} INFO - DAG(s) 'tutorial_objectstorage' retrieved from /home/denys/airflow_venv/lib/python3.12/site-packages/airflow/example_dags/tutorial_objectstorage.py
[2024-05-08T13:38:24.319+0000] {logging_mixin.py:188} INFO - [2024-05-08T13:38:24.319+0000] {dag.py:3096} INFO - Sync 1 DAGs
[2024-05-08T13:38:24.325+0000] {logging_mixin.py:188} INFO - [2024-05-08T13:38:24.325+0000] {dag.py:3954} INFO - Setting next_dagrun for tutorial_objectstorage to None, run_after=None
[2024-05-08T13:38:24.345+0000] {processor.py:183} INFO - Processing /home/denys/airflow_venv/lib/python3.12/site-packages/airflow/example_dags/tutorial_objectstorage.py took 0.044 seconds
[2024-05-08T13:39:26.640+0000] {processor.py:161} INFO - Started process (PID=3717) to work on /home/denys/airflow_venv/lib/python3.12/site-packages/airflow/example_dags/tutorial_objectstorage.py
[2024-05-08T13:39:26.641+0000] {processor.py:830} INFO - Processing file /home/denys/airflow_venv/lib/python3.12/site-packages/airflow/example_dags/tutorial_objectstorage.py for tasks to queue
[2024-05-08T13:39:26.642+0000] {logging_mixin.py:188} INFO - [2024-05-08T13:39:26.642+0000] {dagbag.py:545} INFO - Filling up the DagBag from /home/denys/airflow_venv/lib/python3.12/site-packages/airflow/example_dags/tutorial_objectstorage.py
[2024-05-08T13:39:26.646+0000] {processor.py:840} INFO - DAG(s) 'tutorial_objectstorage' retrieved from /home/denys/airflow_venv/lib/python3.12/site-packages/airflow/example_dags/tutorial_objectstorage.py
[2024-05-08T13:39:26.655+0000] {logging_mixin.py:188} INFO - [2024-05-08T13:39:26.655+0000] {dag.py:3096} INFO - Sync 1 DAGs
[2024-05-08T13:39:26.661+0000] {logging_mixin.py:188} INFO - [2024-05-08T13:39:26.661+0000] {dag.py:3954} INFO - Setting next_dagrun for tutorial_objectstorage to None, run_after=None
[2024-05-08T13:39:26.678+0000] {processor.py:183} INFO - Processing /home/denys/airflow_venv/lib/python3.12/site-packages/airflow/example_dags/tutorial_objectstorage.py took 0.041 seconds
[2024-05-08T13:40:38.494+0000] {processor.py:161} INFO - Started process (PID=3788) to work on /home/denys/airflow_venv/lib/python3.12/site-packages/airflow/example_dags/tutorial_objectstorage.py
[2024-05-08T13:40:38.498+0000] {processor.py:830} INFO - Processing file /home/denys/airflow_venv/lib/python3.12/site-packages/airflow/example_dags/tutorial_objectstorage.py for tasks to queue
[2024-05-08T13:40:38.499+0000] {logging_mixin.py:188} INFO - [2024-05-08T13:40:38.499+0000] {dagbag.py:545} INFO - Filling up the DagBag from /home/denys/airflow_venv/lib/python3.12/site-packages/airflow/example_dags/tutorial_objectstorage.py
[2024-05-08T13:40:38.505+0000] {processor.py:840} INFO - DAG(s) 'tutorial_objectstorage' retrieved from /home/denys/airflow_venv/lib/python3.12/site-packages/airflow/example_dags/tutorial_objectstorage.py
[2024-05-08T13:40:38.514+0000] {logging_mixin.py:188} INFO - [2024-05-08T13:40:38.513+0000] {dag.py:3096} INFO - Sync 1 DAGs
[2024-05-08T13:40:38.520+0000] {logging_mixin.py:188} INFO - [2024-05-08T13:40:38.520+0000] {dag.py:3954} INFO - Setting next_dagrun for tutorial_objectstorage to None, run_after=None
[2024-05-08T13:40:38.543+0000] {processor.py:183} INFO - Processing /home/denys/airflow_venv/lib/python3.12/site-packages/airflow/example_dags/tutorial_objectstorage.py took 0.053 seconds
[2024-05-08T13:41:48.258+0000] {processor.py:161} INFO - Started process (PID=3857) to work on /home/denys/airflow_venv/lib/python3.12/site-packages/airflow/example_dags/tutorial_objectstorage.py
[2024-05-08T13:41:48.260+0000] {processor.py:830} INFO - Processing file /home/denys/airflow_venv/lib/python3.12/site-packages/airflow/example_dags/tutorial_objectstorage.py for tasks to queue
[2024-05-08T13:41:48.261+0000] {logging_mixin.py:188} INFO - [2024-05-08T13:41:48.260+0000] {dagbag.py:545} INFO - Filling up the DagBag from /home/denys/airflow_venv/lib/python3.12/site-packages/airflow/example_dags/tutorial_objectstorage.py
[2024-05-08T13:41:48.265+0000] {processor.py:840} INFO - DAG(s) 'tutorial_objectstorage' retrieved from /home/denys/airflow_venv/lib/python3.12/site-packages/airflow/example_dags/tutorial_objectstorage.py
[2024-05-08T13:41:48.275+0000] {logging_mixin.py:188} INFO - [2024-05-08T13:41:48.274+0000] {dag.py:3096} INFO - Sync 1 DAGs
[2024-05-08T13:41:48.282+0000] {logging_mixin.py:188} INFO - [2024-05-08T13:41:48.282+0000] {dag.py:3954} INFO - Setting next_dagrun for tutorial_objectstorage to None, run_after=None
[2024-05-08T13:41:48.303+0000] {processor.py:183} INFO - Processing /home/denys/airflow_venv/lib/python3.12/site-packages/airflow/example_dags/tutorial_objectstorage.py took 0.048 seconds
[2024-05-08T13:42:56.611+0000] {processor.py:161} INFO - Started process (PID=3925) to work on /home/denys/airflow_venv/lib/python3.12/site-packages/airflow/example_dags/tutorial_objectstorage.py
[2024-05-08T13:42:56.612+0000] {processor.py:830} INFO - Processing file /home/denys/airflow_venv/lib/python3.12/site-packages/airflow/example_dags/tutorial_objectstorage.py for tasks to queue
[2024-05-08T13:42:56.614+0000] {logging_mixin.py:188} INFO - [2024-05-08T13:42:56.613+0000] {dagbag.py:545} INFO - Filling up the DagBag from /home/denys/airflow_venv/lib/python3.12/site-packages/airflow/example_dags/tutorial_objectstorage.py
[2024-05-08T13:42:56.618+0000] {processor.py:840} INFO - DAG(s) 'tutorial_objectstorage' retrieved from /home/denys/airflow_venv/lib/python3.12/site-packages/airflow/example_dags/tutorial_objectstorage.py
[2024-05-08T13:42:56.629+0000] {logging_mixin.py:188} INFO - [2024-05-08T13:42:56.629+0000] {dag.py:3096} INFO - Sync 1 DAGs
[2024-05-08T13:42:56.637+0000] {logging_mixin.py:188} INFO - [2024-05-08T13:42:56.637+0000] {dag.py:3954} INFO - Setting next_dagrun for tutorial_objectstorage to None, run_after=None
[2024-05-08T13:42:56.652+0000] {processor.py:183} INFO - Processing /home/denys/airflow_venv/lib/python3.12/site-packages/airflow/example_dags/tutorial_objectstorage.py took 0.045 seconds
