[2024-05-08T13:11:37.601+0000] {processor.py:161} INFO - Started process (PID=1855) to work on /home/denys/airflow_venv/lib/python3.12/site-packages/airflow/example_dags/tutorial_dag.py
[2024-05-08T13:11:37.602+0000] {processor.py:830} INFO - Processing file /home/denys/airflow_venv/lib/python3.12/site-packages/airflow/example_dags/tutorial_dag.py for tasks to queue
[2024-05-08T13:11:37.603+0000] {logging_mixin.py:188} INFO - [2024-05-08T13:11:37.603+0000] {dagbag.py:545} INFO - Filling up the DagBag from /home/denys/airflow_venv/lib/python3.12/site-packages/airflow/example_dags/tutorial_dag.py
[2024-05-08T13:11:37.616+0000] {processor.py:840} INFO - DAG(s) 'tutorial_dag' retrieved from /home/denys/airflow_venv/lib/python3.12/site-packages/airflow/example_dags/tutorial_dag.py
[2024-05-08T13:11:37.722+0000] {logging_mixin.py:188} INFO - [2024-05-08T13:11:37.722+0000] {override.py:1829} INFO - Created Permission View: can delete on DAG:tutorial_dag
[2024-05-08T13:11:37.735+0000] {logging_mixin.py:188} INFO - [2024-05-08T13:11:37.735+0000] {override.py:1829} INFO - Created Permission View: can edit on DAG:tutorial_dag
[2024-05-08T13:11:37.743+0000] {logging_mixin.py:188} INFO - [2024-05-08T13:11:37.743+0000] {override.py:1829} INFO - Created Permission View: can read on DAG:tutorial_dag
[2024-05-08T13:11:37.744+0000] {logging_mixin.py:188} INFO - [2024-05-08T13:11:37.743+0000] {dag.py:3096} INFO - Sync 1 DAGs
[2024-05-08T13:11:37.752+0000] {logging_mixin.py:188} INFO - [2024-05-08T13:11:37.752+0000] {dag.py:3118} INFO - Creating ORM DAG for tutorial_dag
[2024-05-08T13:11:37.753+0000] {logging_mixin.py:188} INFO - [2024-05-08T13:11:37.753+0000] {dag.py:3954} INFO - Setting next_dagrun for tutorial_dag to None, run_after=None
[2024-05-08T13:11:37.773+0000] {processor.py:183} INFO - Processing /home/denys/airflow_venv/lib/python3.12/site-packages/airflow/example_dags/tutorial_dag.py took 0.176 seconds
[2024-05-08T13:12:33.046+0000] {processor.py:161} INFO - Started process (PID=1908) to work on /home/denys/airflow_venv/lib/python3.12/site-packages/airflow/example_dags/tutorial_dag.py
[2024-05-08T13:12:33.077+0000] {processor.py:830} INFO - Processing file /home/denys/airflow_venv/lib/python3.12/site-packages/airflow/example_dags/tutorial_dag.py for tasks to queue
[2024-05-08T13:12:33.078+0000] {logging_mixin.py:188} INFO - [2024-05-08T13:12:33.078+0000] {dagbag.py:545} INFO - Filling up the DagBag from /home/denys/airflow_venv/lib/python3.12/site-packages/airflow/example_dags/tutorial_dag.py
[2024-05-08T13:12:33.081+0000] {processor.py:840} INFO - DAG(s) 'tutorial_dag' retrieved from /home/denys/airflow_venv/lib/python3.12/site-packages/airflow/example_dags/tutorial_dag.py
[2024-05-08T13:12:33.090+0000] {logging_mixin.py:188} INFO - [2024-05-08T13:12:33.090+0000] {dag.py:3096} INFO - Sync 1 DAGs
[2024-05-08T13:12:33.098+0000] {logging_mixin.py:188} INFO - [2024-05-08T13:12:33.098+0000] {dag.py:3954} INFO - Setting next_dagrun for tutorial_dag to None, run_after=None
[2024-05-08T13:12:33.115+0000] {processor.py:183} INFO - Processing /home/denys/airflow_venv/lib/python3.12/site-packages/airflow/example_dags/tutorial_dag.py took 0.072 seconds
[2024-05-08T13:13:17.646+0000] {processor.py:161} INFO - Started process (PID=1957) to work on /home/denys/airflow_venv/lib/python3.12/site-packages/airflow/example_dags/tutorial_dag.py
[2024-05-08T13:13:17.647+0000] {processor.py:830} INFO - Processing file /home/denys/airflow_venv/lib/python3.12/site-packages/airflow/example_dags/tutorial_dag.py for tasks to queue
[2024-05-08T13:13:17.649+0000] {logging_mixin.py:188} INFO - [2024-05-08T13:13:17.648+0000] {dagbag.py:545} INFO - Filling up the DagBag from /home/denys/airflow_venv/lib/python3.12/site-packages/airflow/example_dags/tutorial_dag.py
[2024-05-08T13:13:17.653+0000] {processor.py:840} INFO - DAG(s) 'tutorial_dag' retrieved from /home/denys/airflow_venv/lib/python3.12/site-packages/airflow/example_dags/tutorial_dag.py
[2024-05-08T13:13:17.663+0000] {logging_mixin.py:188} INFO - [2024-05-08T13:13:17.663+0000] {dag.py:3096} INFO - Sync 1 DAGs
[2024-05-08T13:13:17.670+0000] {logging_mixin.py:188} INFO - [2024-05-08T13:13:17.670+0000] {dag.py:3954} INFO - Setting next_dagrun for tutorial_dag to None, run_after=None
[2024-05-08T13:13:17.696+0000] {processor.py:183} INFO - Processing /home/denys/airflow_venv/lib/python3.12/site-packages/airflow/example_dags/tutorial_dag.py took 0.053 seconds
[2024-05-08T13:14:00.156+0000] {processor.py:161} INFO - Started process (PID=2001) to work on /home/denys/airflow_venv/lib/python3.12/site-packages/airflow/example_dags/tutorial_dag.py
[2024-05-08T13:14:00.158+0000] {processor.py:830} INFO - Processing file /home/denys/airflow_venv/lib/python3.12/site-packages/airflow/example_dags/tutorial_dag.py for tasks to queue
[2024-05-08T13:14:00.159+0000] {logging_mixin.py:188} INFO - [2024-05-08T13:14:00.159+0000] {dagbag.py:545} INFO - Filling up the DagBag from /home/denys/airflow_venv/lib/python3.12/site-packages/airflow/example_dags/tutorial_dag.py
[2024-05-08T13:14:00.163+0000] {processor.py:840} INFO - DAG(s) 'tutorial_dag' retrieved from /home/denys/airflow_venv/lib/python3.12/site-packages/airflow/example_dags/tutorial_dag.py
[2024-05-08T13:14:00.173+0000] {logging_mixin.py:188} INFO - [2024-05-08T13:14:00.172+0000] {dag.py:3096} INFO - Sync 1 DAGs
[2024-05-08T13:14:00.180+0000] {logging_mixin.py:188} INFO - [2024-05-08T13:14:00.180+0000] {dag.py:3954} INFO - Setting next_dagrun for tutorial_dag to None, run_after=None
[2024-05-08T13:14:00.202+0000] {processor.py:183} INFO - Processing /home/denys/airflow_venv/lib/python3.12/site-packages/airflow/example_dags/tutorial_dag.py took 0.049 seconds
[2024-05-08T13:14:43.815+0000] {processor.py:161} INFO - Started process (PID=2045) to work on /home/denys/airflow_venv/lib/python3.12/site-packages/airflow/example_dags/tutorial_dag.py
[2024-05-08T13:14:43.817+0000] {processor.py:830} INFO - Processing file /home/denys/airflow_venv/lib/python3.12/site-packages/airflow/example_dags/tutorial_dag.py for tasks to queue
[2024-05-08T13:14:43.818+0000] {logging_mixin.py:188} INFO - [2024-05-08T13:14:43.817+0000] {dagbag.py:545} INFO - Filling up the DagBag from /home/denys/airflow_venv/lib/python3.12/site-packages/airflow/example_dags/tutorial_dag.py
[2024-05-08T13:14:43.821+0000] {processor.py:840} INFO - DAG(s) 'tutorial_dag' retrieved from /home/denys/airflow_venv/lib/python3.12/site-packages/airflow/example_dags/tutorial_dag.py
[2024-05-08T13:14:43.830+0000] {logging_mixin.py:188} INFO - [2024-05-08T13:14:43.830+0000] {dag.py:3096} INFO - Sync 1 DAGs
[2024-05-08T13:14:43.836+0000] {logging_mixin.py:188} INFO - [2024-05-08T13:14:43.836+0000] {dag.py:3954} INFO - Setting next_dagrun for tutorial_dag to None, run_after=None
[2024-05-08T13:14:43.860+0000] {processor.py:183} INFO - Processing /home/denys/airflow_venv/lib/python3.12/site-packages/airflow/example_dags/tutorial_dag.py took 0.048 seconds
[2024-05-08T13:15:25.779+0000] {processor.py:161} INFO - Started process (PID=2091) to work on /home/denys/airflow_venv/lib/python3.12/site-packages/airflow/example_dags/tutorial_dag.py
[2024-05-08T13:15:25.781+0000] {processor.py:830} INFO - Processing file /home/denys/airflow_venv/lib/python3.12/site-packages/airflow/example_dags/tutorial_dag.py for tasks to queue
[2024-05-08T13:15:25.782+0000] {logging_mixin.py:188} INFO - [2024-05-08T13:15:25.782+0000] {dagbag.py:545} INFO - Filling up the DagBag from /home/denys/airflow_venv/lib/python3.12/site-packages/airflow/example_dags/tutorial_dag.py
[2024-05-08T13:15:25.785+0000] {processor.py:840} INFO - DAG(s) 'tutorial_dag' retrieved from /home/denys/airflow_venv/lib/python3.12/site-packages/airflow/example_dags/tutorial_dag.py
[2024-05-08T13:15:25.796+0000] {logging_mixin.py:188} INFO - [2024-05-08T13:15:25.795+0000] {dag.py:3096} INFO - Sync 1 DAGs
[2024-05-08T13:15:25.802+0000] {logging_mixin.py:188} INFO - [2024-05-08T13:15:25.802+0000] {dag.py:3954} INFO - Setting next_dagrun for tutorial_dag to None, run_after=None
[2024-05-08T13:15:25.821+0000] {processor.py:183} INFO - Processing /home/denys/airflow_venv/lib/python3.12/site-packages/airflow/example_dags/tutorial_dag.py took 0.045 seconds
[2024-05-08T13:16:07.038+0000] {processor.py:161} INFO - Started process (PID=2135) to work on /home/denys/airflow_venv/lib/python3.12/site-packages/airflow/example_dags/tutorial_dag.py
[2024-05-08T13:16:07.040+0000] {processor.py:830} INFO - Processing file /home/denys/airflow_venv/lib/python3.12/site-packages/airflow/example_dags/tutorial_dag.py for tasks to queue
[2024-05-08T13:16:07.041+0000] {logging_mixin.py:188} INFO - [2024-05-08T13:16:07.040+0000] {dagbag.py:545} INFO - Filling up the DagBag from /home/denys/airflow_venv/lib/python3.12/site-packages/airflow/example_dags/tutorial_dag.py
[2024-05-08T13:16:07.044+0000] {processor.py:840} INFO - DAG(s) 'tutorial_dag' retrieved from /home/denys/airflow_venv/lib/python3.12/site-packages/airflow/example_dags/tutorial_dag.py
[2024-05-08T13:16:07.055+0000] {logging_mixin.py:188} INFO - [2024-05-08T13:16:07.054+0000] {dag.py:3096} INFO - Sync 1 DAGs
[2024-05-08T13:16:07.061+0000] {logging_mixin.py:188} INFO - [2024-05-08T13:16:07.061+0000] {dag.py:3954} INFO - Setting next_dagrun for tutorial_dag to None, run_after=None
[2024-05-08T13:16:07.082+0000] {processor.py:183} INFO - Processing /home/denys/airflow_venv/lib/python3.12/site-packages/airflow/example_dags/tutorial_dag.py took 0.048 seconds
[2024-05-08T13:16:48.737+0000] {processor.py:161} INFO - Started process (PID=2177) to work on /home/denys/airflow_venv/lib/python3.12/site-packages/airflow/example_dags/tutorial_dag.py
[2024-05-08T13:16:48.738+0000] {processor.py:830} INFO - Processing file /home/denys/airflow_venv/lib/python3.12/site-packages/airflow/example_dags/tutorial_dag.py for tasks to queue
[2024-05-08T13:16:48.739+0000] {logging_mixin.py:188} INFO - [2024-05-08T13:16:48.739+0000] {dagbag.py:545} INFO - Filling up the DagBag from /home/denys/airflow_venv/lib/python3.12/site-packages/airflow/example_dags/tutorial_dag.py
[2024-05-08T13:16:48.743+0000] {processor.py:840} INFO - DAG(s) 'tutorial_dag' retrieved from /home/denys/airflow_venv/lib/python3.12/site-packages/airflow/example_dags/tutorial_dag.py
[2024-05-08T13:16:48.752+0000] {logging_mixin.py:188} INFO - [2024-05-08T13:16:48.751+0000] {dag.py:3096} INFO - Sync 1 DAGs
[2024-05-08T13:16:48.758+0000] {logging_mixin.py:188} INFO - [2024-05-08T13:16:48.758+0000] {dag.py:3954} INFO - Setting next_dagrun for tutorial_dag to None, run_after=None
[2024-05-08T13:16:48.780+0000] {processor.py:183} INFO - Processing /home/denys/airflow_venv/lib/python3.12/site-packages/airflow/example_dags/tutorial_dag.py took 0.047 seconds
[2024-05-08T13:17:32.325+0000] {processor.py:161} INFO - Started process (PID=2226) to work on /home/denys/airflow_venv/lib/python3.12/site-packages/airflow/example_dags/tutorial_dag.py
[2024-05-08T13:17:32.326+0000] {processor.py:830} INFO - Processing file /home/denys/airflow_venv/lib/python3.12/site-packages/airflow/example_dags/tutorial_dag.py for tasks to queue
[2024-05-08T13:17:32.327+0000] {logging_mixin.py:188} INFO - [2024-05-08T13:17:32.327+0000] {dagbag.py:545} INFO - Filling up the DagBag from /home/denys/airflow_venv/lib/python3.12/site-packages/airflow/example_dags/tutorial_dag.py
[2024-05-08T13:17:32.331+0000] {processor.py:840} INFO - DAG(s) 'tutorial_dag' retrieved from /home/denys/airflow_venv/lib/python3.12/site-packages/airflow/example_dags/tutorial_dag.py
[2024-05-08T13:17:32.339+0000] {logging_mixin.py:188} INFO - [2024-05-08T13:17:32.339+0000] {dag.py:3096} INFO - Sync 1 DAGs
[2024-05-08T13:17:32.345+0000] {logging_mixin.py:188} INFO - [2024-05-08T13:17:32.345+0000] {dag.py:3954} INFO - Setting next_dagrun for tutorial_dag to None, run_after=None
[2024-05-08T13:17:32.367+0000] {processor.py:183} INFO - Processing /home/denys/airflow_venv/lib/python3.12/site-packages/airflow/example_dags/tutorial_dag.py took 0.045 seconds
[2024-05-08T13:18:16.557+0000] {processor.py:161} INFO - Started process (PID=2271) to work on /home/denys/airflow_venv/lib/python3.12/site-packages/airflow/example_dags/tutorial_dag.py
[2024-05-08T13:18:16.559+0000] {processor.py:830} INFO - Processing file /home/denys/airflow_venv/lib/python3.12/site-packages/airflow/example_dags/tutorial_dag.py for tasks to queue
[2024-05-08T13:18:16.560+0000] {logging_mixin.py:188} INFO - [2024-05-08T13:18:16.559+0000] {dagbag.py:545} INFO - Filling up the DagBag from /home/denys/airflow_venv/lib/python3.12/site-packages/airflow/example_dags/tutorial_dag.py
[2024-05-08T13:18:16.563+0000] {processor.py:840} INFO - DAG(s) 'tutorial_dag' retrieved from /home/denys/airflow_venv/lib/python3.12/site-packages/airflow/example_dags/tutorial_dag.py
[2024-05-08T13:18:16.573+0000] {logging_mixin.py:188} INFO - [2024-05-08T13:18:16.572+0000] {dag.py:3096} INFO - Sync 1 DAGs
[2024-05-08T13:18:16.580+0000] {logging_mixin.py:188} INFO - [2024-05-08T13:18:16.579+0000] {dag.py:3954} INFO - Setting next_dagrun for tutorial_dag to None, run_after=None
[2024-05-08T13:18:16.601+0000] {processor.py:183} INFO - Processing /home/denys/airflow_venv/lib/python3.12/site-packages/airflow/example_dags/tutorial_dag.py took 0.048 seconds
[2024-05-08T13:19:09.509+0000] {processor.py:161} INFO - Started process (PID=2311) to work on /home/denys/airflow_venv/lib/python3.12/site-packages/airflow/example_dags/tutorial_dag.py
[2024-05-08T13:19:09.511+0000] {processor.py:830} INFO - Processing file /home/denys/airflow_venv/lib/python3.12/site-packages/airflow/example_dags/tutorial_dag.py for tasks to queue
[2024-05-08T13:19:09.511+0000] {logging_mixin.py:188} INFO - [2024-05-08T13:19:09.511+0000] {dagbag.py:545} INFO - Filling up the DagBag from /home/denys/airflow_venv/lib/python3.12/site-packages/airflow/example_dags/tutorial_dag.py
[2024-05-08T13:19:09.516+0000] {processor.py:840} INFO - DAG(s) 'tutorial_dag' retrieved from /home/denys/airflow_venv/lib/python3.12/site-packages/airflow/example_dags/tutorial_dag.py
[2024-05-08T13:19:09.521+0000] {logging_mixin.py:188} INFO - [2024-05-08T13:19:09.521+0000] {dag.py:3096} INFO - Sync 1 DAGs
[2024-05-08T13:19:09.527+0000] {logging_mixin.py:188} INFO - [2024-05-08T13:19:09.527+0000] {dag.py:3954} INFO - Setting next_dagrun for tutorial_dag to None, run_after=None
[2024-05-08T13:19:09.551+0000] {processor.py:183} INFO - Processing /home/denys/airflow_venv/lib/python3.12/site-packages/airflow/example_dags/tutorial_dag.py took 0.045 seconds
[2024-05-08T13:20:00.803+0000] {processor.py:161} INFO - Started process (PID=2364) to work on /home/denys/airflow_venv/lib/python3.12/site-packages/airflow/example_dags/tutorial_dag.py
[2024-05-08T13:20:00.805+0000] {processor.py:830} INFO - Processing file /home/denys/airflow_venv/lib/python3.12/site-packages/airflow/example_dags/tutorial_dag.py for tasks to queue
[2024-05-08T13:20:00.806+0000] {logging_mixin.py:188} INFO - [2024-05-08T13:20:00.805+0000] {dagbag.py:545} INFO - Filling up the DagBag from /home/denys/airflow_venv/lib/python3.12/site-packages/airflow/example_dags/tutorial_dag.py
[2024-05-08T13:20:00.809+0000] {processor.py:840} INFO - DAG(s) 'tutorial_dag' retrieved from /home/denys/airflow_venv/lib/python3.12/site-packages/airflow/example_dags/tutorial_dag.py
[2024-05-08T13:20:00.854+0000] {logging_mixin.py:188} INFO - [2024-05-08T13:20:00.854+0000] {dag.py:3096} INFO - Sync 1 DAGs
[2024-05-08T13:20:00.859+0000] {logging_mixin.py:188} INFO - [2024-05-08T13:20:00.859+0000] {dag.py:3954} INFO - Setting next_dagrun for tutorial_dag to None, run_after=None
[2024-05-08T13:20:00.882+0000] {processor.py:183} INFO - Processing /home/denys/airflow_venv/lib/python3.12/site-packages/airflow/example_dags/tutorial_dag.py took 0.081 seconds
[2024-05-08T13:20:41.378+0000] {processor.py:161} INFO - Started process (PID=2410) to work on /home/denys/airflow_venv/lib/python3.12/site-packages/airflow/example_dags/tutorial_dag.py
[2024-05-08T13:20:41.380+0000] {processor.py:830} INFO - Processing file /home/denys/airflow_venv/lib/python3.12/site-packages/airflow/example_dags/tutorial_dag.py for tasks to queue
[2024-05-08T13:20:41.381+0000] {logging_mixin.py:188} INFO - [2024-05-08T13:20:41.380+0000] {dagbag.py:545} INFO - Filling up the DagBag from /home/denys/airflow_venv/lib/python3.12/site-packages/airflow/example_dags/tutorial_dag.py
[2024-05-08T13:20:41.384+0000] {processor.py:840} INFO - DAG(s) 'tutorial_dag' retrieved from /home/denys/airflow_venv/lib/python3.12/site-packages/airflow/example_dags/tutorial_dag.py
[2024-05-08T13:20:41.393+0000] {logging_mixin.py:188} INFO - [2024-05-08T13:20:41.393+0000] {dag.py:3096} INFO - Sync 1 DAGs
[2024-05-08T13:20:41.401+0000] {logging_mixin.py:188} INFO - [2024-05-08T13:20:41.401+0000] {dag.py:3954} INFO - Setting next_dagrun for tutorial_dag to None, run_after=None
[2024-05-08T13:20:41.418+0000] {processor.py:183} INFO - Processing /home/denys/airflow_venv/lib/python3.12/site-packages/airflow/example_dags/tutorial_dag.py took 0.043 seconds
[2024-05-08T13:21:23.469+0000] {processor.py:161} INFO - Started process (PID=2453) to work on /home/denys/airflow_venv/lib/python3.12/site-packages/airflow/example_dags/tutorial_dag.py
[2024-05-08T13:21:23.470+0000] {processor.py:830} INFO - Processing file /home/denys/airflow_venv/lib/python3.12/site-packages/airflow/example_dags/tutorial_dag.py for tasks to queue
[2024-05-08T13:21:23.472+0000] {logging_mixin.py:188} INFO - [2024-05-08T13:21:23.472+0000] {dagbag.py:545} INFO - Filling up the DagBag from /home/denys/airflow_venv/lib/python3.12/site-packages/airflow/example_dags/tutorial_dag.py
[2024-05-08T13:21:23.475+0000] {processor.py:840} INFO - DAG(s) 'tutorial_dag' retrieved from /home/denys/airflow_venv/lib/python3.12/site-packages/airflow/example_dags/tutorial_dag.py
[2024-05-08T13:21:23.485+0000] {logging_mixin.py:188} INFO - [2024-05-08T13:21:23.485+0000] {dag.py:3096} INFO - Sync 1 DAGs
[2024-05-08T13:21:23.491+0000] {logging_mixin.py:188} INFO - [2024-05-08T13:21:23.491+0000] {dag.py:3954} INFO - Setting next_dagrun for tutorial_dag to None, run_after=None
[2024-05-08T13:21:23.514+0000] {processor.py:183} INFO - Processing /home/denys/airflow_venv/lib/python3.12/site-packages/airflow/example_dags/tutorial_dag.py took 0.048 seconds
[2024-05-08T13:22:07.834+0000] {processor.py:161} INFO - Started process (PID=2498) to work on /home/denys/airflow_venv/lib/python3.12/site-packages/airflow/example_dags/tutorial_dag.py
[2024-05-08T13:22:07.835+0000] {processor.py:830} INFO - Processing file /home/denys/airflow_venv/lib/python3.12/site-packages/airflow/example_dags/tutorial_dag.py for tasks to queue
[2024-05-08T13:22:07.836+0000] {logging_mixin.py:188} INFO - [2024-05-08T13:22:07.836+0000] {dagbag.py:545} INFO - Filling up the DagBag from /home/denys/airflow_venv/lib/python3.12/site-packages/airflow/example_dags/tutorial_dag.py
[2024-05-08T13:22:07.839+0000] {processor.py:840} INFO - DAG(s) 'tutorial_dag' retrieved from /home/denys/airflow_venv/lib/python3.12/site-packages/airflow/example_dags/tutorial_dag.py
[2024-05-08T13:22:07.850+0000] {logging_mixin.py:188} INFO - [2024-05-08T13:22:07.850+0000] {dag.py:3096} INFO - Sync 1 DAGs
[2024-05-08T13:22:07.856+0000] {logging_mixin.py:188} INFO - [2024-05-08T13:22:07.856+0000] {dag.py:3954} INFO - Setting next_dagrun for tutorial_dag to None, run_after=None
[2024-05-08T13:22:07.878+0000] {processor.py:183} INFO - Processing /home/denys/airflow_venv/lib/python3.12/site-packages/airflow/example_dags/tutorial_dag.py took 0.047 seconds
[2024-05-08T13:22:50.594+0000] {processor.py:161} INFO - Started process (PID=2542) to work on /home/denys/airflow_venv/lib/python3.12/site-packages/airflow/example_dags/tutorial_dag.py
[2024-05-08T13:22:50.597+0000] {processor.py:830} INFO - Processing file /home/denys/airflow_venv/lib/python3.12/site-packages/airflow/example_dags/tutorial_dag.py for tasks to queue
[2024-05-08T13:22:50.598+0000] {logging_mixin.py:188} INFO - [2024-05-08T13:22:50.598+0000] {dagbag.py:545} INFO - Filling up the DagBag from /home/denys/airflow_venv/lib/python3.12/site-packages/airflow/example_dags/tutorial_dag.py
[2024-05-08T13:22:50.601+0000] {processor.py:840} INFO - DAG(s) 'tutorial_dag' retrieved from /home/denys/airflow_venv/lib/python3.12/site-packages/airflow/example_dags/tutorial_dag.py
[2024-05-08T13:22:50.611+0000] {logging_mixin.py:188} INFO - [2024-05-08T13:22:50.611+0000] {dag.py:3096} INFO - Sync 1 DAGs
[2024-05-08T13:22:50.617+0000] {logging_mixin.py:188} INFO - [2024-05-08T13:22:50.617+0000] {dag.py:3954} INFO - Setting next_dagrun for tutorial_dag to None, run_after=None
[2024-05-08T13:22:50.638+0000] {processor.py:183} INFO - Processing /home/denys/airflow_venv/lib/python3.12/site-packages/airflow/example_dags/tutorial_dag.py took 0.046 seconds
[2024-05-08T13:23:31.148+0000] {processor.py:161} INFO - Started process (PID=2591) to work on /home/denys/airflow_venv/lib/python3.12/site-packages/airflow/example_dags/tutorial_dag.py
[2024-05-08T13:23:31.149+0000] {processor.py:830} INFO - Processing file /home/denys/airflow_venv/lib/python3.12/site-packages/airflow/example_dags/tutorial_dag.py for tasks to queue
[2024-05-08T13:23:31.151+0000] {logging_mixin.py:188} INFO - [2024-05-08T13:23:31.150+0000] {dagbag.py:545} INFO - Filling up the DagBag from /home/denys/airflow_venv/lib/python3.12/site-packages/airflow/example_dags/tutorial_dag.py
[2024-05-08T13:23:31.154+0000] {processor.py:840} INFO - DAG(s) 'tutorial_dag' retrieved from /home/denys/airflow_venv/lib/python3.12/site-packages/airflow/example_dags/tutorial_dag.py
[2024-05-08T13:23:31.162+0000] {logging_mixin.py:188} INFO - [2024-05-08T13:23:31.162+0000] {dag.py:3096} INFO - Sync 1 DAGs
[2024-05-08T13:23:31.168+0000] {logging_mixin.py:188} INFO - [2024-05-08T13:23:31.168+0000] {dag.py:3954} INFO - Setting next_dagrun for tutorial_dag to None, run_after=None
[2024-05-08T13:23:31.189+0000] {processor.py:183} INFO - Processing /home/denys/airflow_venv/lib/python3.12/site-packages/airflow/example_dags/tutorial_dag.py took 0.045 seconds
[2024-05-08T13:24:10.520+0000] {processor.py:161} INFO - Started process (PID=2700) to work on /home/denys/airflow_venv/lib/python3.12/site-packages/airflow/example_dags/tutorial_dag.py
[2024-05-08T13:24:10.523+0000] {processor.py:830} INFO - Processing file /home/denys/airflow_venv/lib/python3.12/site-packages/airflow/example_dags/tutorial_dag.py for tasks to queue
[2024-05-08T13:24:10.524+0000] {logging_mixin.py:188} INFO - [2024-05-08T13:24:10.524+0000] {dagbag.py:545} INFO - Filling up the DagBag from /home/denys/airflow_venv/lib/python3.12/site-packages/airflow/example_dags/tutorial_dag.py
[2024-05-08T13:24:10.527+0000] {processor.py:840} INFO - DAG(s) 'tutorial_dag' retrieved from /home/denys/airflow_venv/lib/python3.12/site-packages/airflow/example_dags/tutorial_dag.py
[2024-05-08T13:24:10.537+0000] {logging_mixin.py:188} INFO - [2024-05-08T13:24:10.537+0000] {dag.py:3096} INFO - Sync 1 DAGs
[2024-05-08T13:24:10.543+0000] {logging_mixin.py:188} INFO - [2024-05-08T13:24:10.543+0000] {dag.py:3954} INFO - Setting next_dagrun for tutorial_dag to None, run_after=None
[2024-05-08T13:24:10.560+0000] {processor.py:183} INFO - Processing /home/denys/airflow_venv/lib/python3.12/site-packages/airflow/example_dags/tutorial_dag.py took 0.043 seconds
[2024-05-08T13:24:49.088+0000] {processor.py:161} INFO - Started process (PID=2740) to work on /home/denys/airflow_venv/lib/python3.12/site-packages/airflow/example_dags/tutorial_dag.py
[2024-05-08T13:24:49.090+0000] {processor.py:830} INFO - Processing file /home/denys/airflow_venv/lib/python3.12/site-packages/airflow/example_dags/tutorial_dag.py for tasks to queue
[2024-05-08T13:24:49.091+0000] {logging_mixin.py:188} INFO - [2024-05-08T13:24:49.091+0000] {dagbag.py:545} INFO - Filling up the DagBag from /home/denys/airflow_venv/lib/python3.12/site-packages/airflow/example_dags/tutorial_dag.py
[2024-05-08T13:24:49.094+0000] {processor.py:840} INFO - DAG(s) 'tutorial_dag' retrieved from /home/denys/airflow_venv/lib/python3.12/site-packages/airflow/example_dags/tutorial_dag.py
[2024-05-08T13:24:49.108+0000] {logging_mixin.py:188} INFO - [2024-05-08T13:24:49.107+0000] {dag.py:3096} INFO - Sync 1 DAGs
[2024-05-08T13:24:49.115+0000] {logging_mixin.py:188} INFO - [2024-05-08T13:24:49.115+0000] {dag.py:3954} INFO - Setting next_dagrun for tutorial_dag to None, run_after=None
[2024-05-08T13:24:49.137+0000] {processor.py:183} INFO - Processing /home/denys/airflow_venv/lib/python3.12/site-packages/airflow/example_dags/tutorial_dag.py took 0.053 seconds
[2024-05-08T13:25:30.373+0000] {processor.py:161} INFO - Started process (PID=2788) to work on /home/denys/airflow_venv/lib/python3.12/site-packages/airflow/example_dags/tutorial_dag.py
[2024-05-08T13:25:30.374+0000] {processor.py:830} INFO - Processing file /home/denys/airflow_venv/lib/python3.12/site-packages/airflow/example_dags/tutorial_dag.py for tasks to queue
[2024-05-08T13:25:30.375+0000] {logging_mixin.py:188} INFO - [2024-05-08T13:25:30.375+0000] {dagbag.py:545} INFO - Filling up the DagBag from /home/denys/airflow_venv/lib/python3.12/site-packages/airflow/example_dags/tutorial_dag.py
[2024-05-08T13:25:30.378+0000] {processor.py:840} INFO - DAG(s) 'tutorial_dag' retrieved from /home/denys/airflow_venv/lib/python3.12/site-packages/airflow/example_dags/tutorial_dag.py
[2024-05-08T13:25:30.388+0000] {logging_mixin.py:188} INFO - [2024-05-08T13:25:30.388+0000] {dag.py:3096} INFO - Sync 1 DAGs
[2024-05-08T13:25:30.394+0000] {logging_mixin.py:188} INFO - [2024-05-08T13:25:30.394+0000] {dag.py:3954} INFO - Setting next_dagrun for tutorial_dag to None, run_after=None
[2024-05-08T13:25:30.414+0000] {processor.py:183} INFO - Processing /home/denys/airflow_venv/lib/python3.12/site-packages/airflow/example_dags/tutorial_dag.py took 0.045 seconds
[2024-05-08T13:26:10.283+0000] {processor.py:161} INFO - Started process (PID=2831) to work on /home/denys/airflow_venv/lib/python3.12/site-packages/airflow/example_dags/tutorial_dag.py
[2024-05-08T13:26:10.287+0000] {processor.py:830} INFO - Processing file /home/denys/airflow_venv/lib/python3.12/site-packages/airflow/example_dags/tutorial_dag.py for tasks to queue
[2024-05-08T13:26:10.288+0000] {logging_mixin.py:188} INFO - [2024-05-08T13:26:10.287+0000] {dagbag.py:545} INFO - Filling up the DagBag from /home/denys/airflow_venv/lib/python3.12/site-packages/airflow/example_dags/tutorial_dag.py
[2024-05-08T13:26:10.292+0000] {processor.py:840} INFO - DAG(s) 'tutorial_dag' retrieved from /home/denys/airflow_venv/lib/python3.12/site-packages/airflow/example_dags/tutorial_dag.py
[2024-05-08T13:26:10.303+0000] {logging_mixin.py:188} INFO - [2024-05-08T13:26:10.303+0000] {dag.py:3096} INFO - Sync 1 DAGs
[2024-05-08T13:26:10.311+0000] {logging_mixin.py:188} INFO - [2024-05-08T13:26:10.310+0000] {dag.py:3954} INFO - Setting next_dagrun for tutorial_dag to None, run_after=None
[2024-05-08T13:26:10.328+0000] {processor.py:183} INFO - Processing /home/denys/airflow_venv/lib/python3.12/site-packages/airflow/example_dags/tutorial_dag.py took 0.049 seconds
[2024-05-08T13:26:54.265+0000] {processor.py:161} INFO - Started process (PID=2874) to work on /home/denys/airflow_venv/lib/python3.12/site-packages/airflow/example_dags/tutorial_dag.py
[2024-05-08T13:26:54.266+0000] {processor.py:830} INFO - Processing file /home/denys/airflow_venv/lib/python3.12/site-packages/airflow/example_dags/tutorial_dag.py for tasks to queue
[2024-05-08T13:26:54.267+0000] {logging_mixin.py:188} INFO - [2024-05-08T13:26:54.267+0000] {dagbag.py:545} INFO - Filling up the DagBag from /home/denys/airflow_venv/lib/python3.12/site-packages/airflow/example_dags/tutorial_dag.py
[2024-05-08T13:26:54.270+0000] {processor.py:840} INFO - DAG(s) 'tutorial_dag' retrieved from /home/denys/airflow_venv/lib/python3.12/site-packages/airflow/example_dags/tutorial_dag.py
[2024-05-08T13:26:54.280+0000] {logging_mixin.py:188} INFO - [2024-05-08T13:26:54.280+0000] {dag.py:3096} INFO - Sync 1 DAGs
[2024-05-08T13:26:54.287+0000] {logging_mixin.py:188} INFO - [2024-05-08T13:26:54.287+0000] {dag.py:3954} INFO - Setting next_dagrun for tutorial_dag to None, run_after=None
[2024-05-08T13:26:54.305+0000] {processor.py:183} INFO - Processing /home/denys/airflow_venv/lib/python3.12/site-packages/airflow/example_dags/tutorial_dag.py took 0.043 seconds
[2024-05-08T13:27:38.019+0000] {processor.py:161} INFO - Started process (PID=2919) to work on /home/denys/airflow_venv/lib/python3.12/site-packages/airflow/example_dags/tutorial_dag.py
[2024-05-08T13:27:38.020+0000] {processor.py:830} INFO - Processing file /home/denys/airflow_venv/lib/python3.12/site-packages/airflow/example_dags/tutorial_dag.py for tasks to queue
[2024-05-08T13:27:38.021+0000] {logging_mixin.py:188} INFO - [2024-05-08T13:27:38.021+0000] {dagbag.py:545} INFO - Filling up the DagBag from /home/denys/airflow_venv/lib/python3.12/site-packages/airflow/example_dags/tutorial_dag.py
[2024-05-08T13:27:38.025+0000] {processor.py:840} INFO - DAG(s) 'tutorial_dag' retrieved from /home/denys/airflow_venv/lib/python3.12/site-packages/airflow/example_dags/tutorial_dag.py
[2024-05-08T13:27:38.033+0000] {logging_mixin.py:188} INFO - [2024-05-08T13:27:38.033+0000] {dag.py:3096} INFO - Sync 1 DAGs
[2024-05-08T13:27:38.039+0000] {logging_mixin.py:188} INFO - [2024-05-08T13:27:38.039+0000] {dag.py:3954} INFO - Setting next_dagrun for tutorial_dag to None, run_after=None
[2024-05-08T13:27:38.061+0000] {processor.py:183} INFO - Processing /home/denys/airflow_venv/lib/python3.12/site-packages/airflow/example_dags/tutorial_dag.py took 0.046 seconds
[2024-05-08T13:28:22.756+0000] {processor.py:161} INFO - Started process (PID=2965) to work on /home/denys/airflow_venv/lib/python3.12/site-packages/airflow/example_dags/tutorial_dag.py
[2024-05-08T13:28:22.757+0000] {processor.py:830} INFO - Processing file /home/denys/airflow_venv/lib/python3.12/site-packages/airflow/example_dags/tutorial_dag.py for tasks to queue
[2024-05-08T13:28:22.758+0000] {logging_mixin.py:188} INFO - [2024-05-08T13:28:22.757+0000] {dagbag.py:545} INFO - Filling up the DagBag from /home/denys/airflow_venv/lib/python3.12/site-packages/airflow/example_dags/tutorial_dag.py
[2024-05-08T13:28:22.762+0000] {processor.py:840} INFO - DAG(s) 'tutorial_dag' retrieved from /home/denys/airflow_venv/lib/python3.12/site-packages/airflow/example_dags/tutorial_dag.py
[2024-05-08T13:28:22.778+0000] {logging_mixin.py:188} INFO - [2024-05-08T13:28:22.778+0000] {dag.py:3096} INFO - Sync 1 DAGs
[2024-05-08T13:28:22.788+0000] {logging_mixin.py:188} INFO - [2024-05-08T13:28:22.788+0000] {dag.py:3954} INFO - Setting next_dagrun for tutorial_dag to None, run_after=None
[2024-05-08T13:28:22.817+0000] {processor.py:183} INFO - Processing /home/denys/airflow_venv/lib/python3.12/site-packages/airflow/example_dags/tutorial_dag.py took 0.066 seconds
[2024-05-08T13:29:04.196+0000] {processor.py:161} INFO - Started process (PID=3063) to work on /home/denys/airflow_venv/lib/python3.12/site-packages/airflow/example_dags/tutorial_dag.py
[2024-05-08T13:29:04.198+0000] {processor.py:830} INFO - Processing file /home/denys/airflow_venv/lib/python3.12/site-packages/airflow/example_dags/tutorial_dag.py for tasks to queue
[2024-05-08T13:29:04.199+0000] {logging_mixin.py:188} INFO - [2024-05-08T13:29:04.198+0000] {dagbag.py:545} INFO - Filling up the DagBag from /home/denys/airflow_venv/lib/python3.12/site-packages/airflow/example_dags/tutorial_dag.py
[2024-05-08T13:29:04.203+0000] {processor.py:840} INFO - DAG(s) 'tutorial_dag' retrieved from /home/denys/airflow_venv/lib/python3.12/site-packages/airflow/example_dags/tutorial_dag.py
[2024-05-08T13:29:04.212+0000] {logging_mixin.py:188} INFO - [2024-05-08T13:29:04.212+0000] {dag.py:3096} INFO - Sync 1 DAGs
[2024-05-08T13:29:04.218+0000] {logging_mixin.py:188} INFO - [2024-05-08T13:29:04.218+0000] {dag.py:3954} INFO - Setting next_dagrun for tutorial_dag to None, run_after=None
[2024-05-08T13:29:04.239+0000] {processor.py:183} INFO - Processing /home/denys/airflow_venv/lib/python3.12/site-packages/airflow/example_dags/tutorial_dag.py took 0.046 seconds
[2024-05-08T13:29:41.807+0000] {processor.py:161} INFO - Started process (PID=3105) to work on /home/denys/airflow_venv/lib/python3.12/site-packages/airflow/example_dags/tutorial_dag.py
[2024-05-08T13:29:41.809+0000] {processor.py:830} INFO - Processing file /home/denys/airflow_venv/lib/python3.12/site-packages/airflow/example_dags/tutorial_dag.py for tasks to queue
[2024-05-08T13:29:41.810+0000] {logging_mixin.py:188} INFO - [2024-05-08T13:29:41.810+0000] {dagbag.py:545} INFO - Filling up the DagBag from /home/denys/airflow_venv/lib/python3.12/site-packages/airflow/example_dags/tutorial_dag.py
[2024-05-08T13:29:41.814+0000] {processor.py:840} INFO - DAG(s) 'tutorial_dag' retrieved from /home/denys/airflow_venv/lib/python3.12/site-packages/airflow/example_dags/tutorial_dag.py
[2024-05-08T13:29:41.823+0000] {logging_mixin.py:188} INFO - [2024-05-08T13:29:41.823+0000] {dag.py:3096} INFO - Sync 1 DAGs
[2024-05-08T13:29:41.830+0000] {logging_mixin.py:188} INFO - [2024-05-08T13:29:41.830+0000] {dag.py:3954} INFO - Setting next_dagrun for tutorial_dag to None, run_after=None
[2024-05-08T13:29:41.848+0000] {processor.py:183} INFO - Processing /home/denys/airflow_venv/lib/python3.12/site-packages/airflow/example_dags/tutorial_dag.py took 0.045 seconds
[2024-05-08T13:30:21.842+0000] {processor.py:161} INFO - Started process (PID=3150) to work on /home/denys/airflow_venv/lib/python3.12/site-packages/airflow/example_dags/tutorial_dag.py
[2024-05-08T13:30:21.844+0000] {processor.py:830} INFO - Processing file /home/denys/airflow_venv/lib/python3.12/site-packages/airflow/example_dags/tutorial_dag.py for tasks to queue
[2024-05-08T13:30:21.845+0000] {logging_mixin.py:188} INFO - [2024-05-08T13:30:21.844+0000] {dagbag.py:545} INFO - Filling up the DagBag from /home/denys/airflow_venv/lib/python3.12/site-packages/airflow/example_dags/tutorial_dag.py
[2024-05-08T13:30:21.849+0000] {processor.py:840} INFO - DAG(s) 'tutorial_dag' retrieved from /home/denys/airflow_venv/lib/python3.12/site-packages/airflow/example_dags/tutorial_dag.py
[2024-05-08T13:30:21.859+0000] {logging_mixin.py:188} INFO - [2024-05-08T13:30:21.859+0000] {dag.py:3096} INFO - Sync 1 DAGs
[2024-05-08T13:30:21.865+0000] {logging_mixin.py:188} INFO - [2024-05-08T13:30:21.865+0000] {dag.py:3954} INFO - Setting next_dagrun for tutorial_dag to None, run_after=None
[2024-05-08T13:30:21.890+0000] {processor.py:183} INFO - Processing /home/denys/airflow_venv/lib/python3.12/site-packages/airflow/example_dags/tutorial_dag.py took 0.051 seconds
[2024-05-08T13:31:03.123+0000] {processor.py:161} INFO - Started process (PID=3192) to work on /home/denys/airflow_venv/lib/python3.12/site-packages/airflow/example_dags/tutorial_dag.py
[2024-05-08T13:31:03.124+0000] {processor.py:830} INFO - Processing file /home/denys/airflow_venv/lib/python3.12/site-packages/airflow/example_dags/tutorial_dag.py for tasks to queue
[2024-05-08T13:31:03.125+0000] {logging_mixin.py:188} INFO - [2024-05-08T13:31:03.124+0000] {dagbag.py:545} INFO - Filling up the DagBag from /home/denys/airflow_venv/lib/python3.12/site-packages/airflow/example_dags/tutorial_dag.py
[2024-05-08T13:31:03.128+0000] {processor.py:840} INFO - DAG(s) 'tutorial_dag' retrieved from /home/denys/airflow_venv/lib/python3.12/site-packages/airflow/example_dags/tutorial_dag.py
[2024-05-08T13:31:03.138+0000] {logging_mixin.py:188} INFO - [2024-05-08T13:31:03.138+0000] {dag.py:3096} INFO - Sync 1 DAGs
[2024-05-08T13:31:03.146+0000] {logging_mixin.py:188} INFO - [2024-05-08T13:31:03.145+0000] {dag.py:3954} INFO - Setting next_dagrun for tutorial_dag to None, run_after=None
[2024-05-08T13:31:03.169+0000] {processor.py:183} INFO - Processing /home/denys/airflow_venv/lib/python3.12/site-packages/airflow/example_dags/tutorial_dag.py took 0.050 seconds
[2024-05-08T13:31:42.402+0000] {processor.py:161} INFO - Started process (PID=3234) to work on /home/denys/airflow_venv/lib/python3.12/site-packages/airflow/example_dags/tutorial_dag.py
[2024-05-08T13:31:42.403+0000] {processor.py:830} INFO - Processing file /home/denys/airflow_venv/lib/python3.12/site-packages/airflow/example_dags/tutorial_dag.py for tasks to queue
[2024-05-08T13:31:42.404+0000] {logging_mixin.py:188} INFO - [2024-05-08T13:31:42.404+0000] {dagbag.py:545} INFO - Filling up the DagBag from /home/denys/airflow_venv/lib/python3.12/site-packages/airflow/example_dags/tutorial_dag.py
[2024-05-08T13:31:42.407+0000] {processor.py:840} INFO - DAG(s) 'tutorial_dag' retrieved from /home/denys/airflow_venv/lib/python3.12/site-packages/airflow/example_dags/tutorial_dag.py
[2024-05-08T13:31:42.416+0000] {logging_mixin.py:188} INFO - [2024-05-08T13:31:42.416+0000] {dag.py:3096} INFO - Sync 1 DAGs
[2024-05-08T13:31:42.422+0000] {logging_mixin.py:188} INFO - [2024-05-08T13:31:42.422+0000] {dag.py:3954} INFO - Setting next_dagrun for tutorial_dag to None, run_after=None
[2024-05-08T13:31:42.444+0000] {processor.py:183} INFO - Processing /home/denys/airflow_venv/lib/python3.12/site-packages/airflow/example_dags/tutorial_dag.py took 0.045 seconds
[2024-05-08T13:32:27.263+0000] {processor.py:161} INFO - Started process (PID=3278) to work on /home/denys/airflow_venv/lib/python3.12/site-packages/airflow/example_dags/tutorial_dag.py
[2024-05-08T13:32:27.264+0000] {processor.py:830} INFO - Processing file /home/denys/airflow_venv/lib/python3.12/site-packages/airflow/example_dags/tutorial_dag.py for tasks to queue
[2024-05-08T13:32:27.265+0000] {logging_mixin.py:188} INFO - [2024-05-08T13:32:27.264+0000] {dagbag.py:545} INFO - Filling up the DagBag from /home/denys/airflow_venv/lib/python3.12/site-packages/airflow/example_dags/tutorial_dag.py
[2024-05-08T13:32:27.268+0000] {processor.py:840} INFO - DAG(s) 'tutorial_dag' retrieved from /home/denys/airflow_venv/lib/python3.12/site-packages/airflow/example_dags/tutorial_dag.py
[2024-05-08T13:32:27.278+0000] {logging_mixin.py:188} INFO - [2024-05-08T13:32:27.278+0000] {dag.py:3096} INFO - Sync 1 DAGs
[2024-05-08T13:32:27.284+0000] {logging_mixin.py:188} INFO - [2024-05-08T13:32:27.284+0000] {dag.py:3954} INFO - Setting next_dagrun for tutorial_dag to None, run_after=None
[2024-05-08T13:32:27.301+0000] {processor.py:183} INFO - Processing /home/denys/airflow_venv/lib/python3.12/site-packages/airflow/example_dags/tutorial_dag.py took 0.042 seconds
[2024-05-08T13:33:10.227+0000] {processor.py:161} INFO - Started process (PID=3322) to work on /home/denys/airflow_venv/lib/python3.12/site-packages/airflow/example_dags/tutorial_dag.py
[2024-05-08T13:33:10.229+0000] {processor.py:830} INFO - Processing file /home/denys/airflow_venv/lib/python3.12/site-packages/airflow/example_dags/tutorial_dag.py for tasks to queue
[2024-05-08T13:33:10.230+0000] {logging_mixin.py:188} INFO - [2024-05-08T13:33:10.229+0000] {dagbag.py:545} INFO - Filling up the DagBag from /home/denys/airflow_venv/lib/python3.12/site-packages/airflow/example_dags/tutorial_dag.py
[2024-05-08T13:33:10.233+0000] {processor.py:840} INFO - DAG(s) 'tutorial_dag' retrieved from /home/denys/airflow_venv/lib/python3.12/site-packages/airflow/example_dags/tutorial_dag.py
[2024-05-08T13:33:10.243+0000] {logging_mixin.py:188} INFO - [2024-05-08T13:33:10.242+0000] {dag.py:3096} INFO - Sync 1 DAGs
[2024-05-08T13:33:10.249+0000] {logging_mixin.py:188} INFO - [2024-05-08T13:33:10.248+0000] {dag.py:3954} INFO - Setting next_dagrun for tutorial_dag to None, run_after=None
[2024-05-08T13:33:10.265+0000] {processor.py:183} INFO - Processing /home/denys/airflow_venv/lib/python3.12/site-packages/airflow/example_dags/tutorial_dag.py took 0.041 seconds
[2024-05-08T13:33:53.828+0000] {processor.py:161} INFO - Started process (PID=3367) to work on /home/denys/airflow_venv/lib/python3.12/site-packages/airflow/example_dags/tutorial_dag.py
[2024-05-08T13:33:53.829+0000] {processor.py:830} INFO - Processing file /home/denys/airflow_venv/lib/python3.12/site-packages/airflow/example_dags/tutorial_dag.py for tasks to queue
[2024-05-08T13:33:53.830+0000] {logging_mixin.py:188} INFO - [2024-05-08T13:33:53.830+0000] {dagbag.py:545} INFO - Filling up the DagBag from /home/denys/airflow_venv/lib/python3.12/site-packages/airflow/example_dags/tutorial_dag.py
[2024-05-08T13:33:53.833+0000] {processor.py:840} INFO - DAG(s) 'tutorial_dag' retrieved from /home/denys/airflow_venv/lib/python3.12/site-packages/airflow/example_dags/tutorial_dag.py
[2024-05-08T13:33:53.843+0000] {logging_mixin.py:188} INFO - [2024-05-08T13:33:53.843+0000] {dag.py:3096} INFO - Sync 1 DAGs
[2024-05-08T13:33:53.850+0000] {logging_mixin.py:188} INFO - [2024-05-08T13:33:53.850+0000] {dag.py:3954} INFO - Setting next_dagrun for tutorial_dag to None, run_after=None
[2024-05-08T13:33:53.867+0000] {processor.py:183} INFO - Processing /home/denys/airflow_venv/lib/python3.12/site-packages/airflow/example_dags/tutorial_dag.py took 0.042 seconds
[2024-05-08T13:34:34.919+0000] {processor.py:161} INFO - Started process (PID=3413) to work on /home/denys/airflow_venv/lib/python3.12/site-packages/airflow/example_dags/tutorial_dag.py
[2024-05-08T13:34:34.920+0000] {processor.py:830} INFO - Processing file /home/denys/airflow_venv/lib/python3.12/site-packages/airflow/example_dags/tutorial_dag.py for tasks to queue
[2024-05-08T13:34:34.921+0000] {logging_mixin.py:188} INFO - [2024-05-08T13:34:34.921+0000] {dagbag.py:545} INFO - Filling up the DagBag from /home/denys/airflow_venv/lib/python3.12/site-packages/airflow/example_dags/tutorial_dag.py
[2024-05-08T13:34:34.924+0000] {processor.py:840} INFO - DAG(s) 'tutorial_dag' retrieved from /home/denys/airflow_venv/lib/python3.12/site-packages/airflow/example_dags/tutorial_dag.py
[2024-05-08T13:34:34.933+0000] {logging_mixin.py:188} INFO - [2024-05-08T13:34:34.933+0000] {dag.py:3096} INFO - Sync 1 DAGs
[2024-05-08T13:34:34.939+0000] {logging_mixin.py:188} INFO - [2024-05-08T13:34:34.939+0000] {dag.py:3954} INFO - Setting next_dagrun for tutorial_dag to None, run_after=None
[2024-05-08T13:34:34.963+0000] {processor.py:183} INFO - Processing /home/denys/airflow_venv/lib/python3.12/site-packages/airflow/example_dags/tutorial_dag.py took 0.047 seconds
[2024-05-08T13:35:15.334+0000] {processor.py:161} INFO - Started process (PID=3458) to work on /home/denys/airflow_venv/lib/python3.12/site-packages/airflow/example_dags/tutorial_dag.py
[2024-05-08T13:35:15.336+0000] {processor.py:830} INFO - Processing file /home/denys/airflow_venv/lib/python3.12/site-packages/airflow/example_dags/tutorial_dag.py for tasks to queue
[2024-05-08T13:35:15.337+0000] {logging_mixin.py:188} INFO - [2024-05-08T13:35:15.337+0000] {dagbag.py:545} INFO - Filling up the DagBag from /home/denys/airflow_venv/lib/python3.12/site-packages/airflow/example_dags/tutorial_dag.py
[2024-05-08T13:35:15.341+0000] {processor.py:840} INFO - DAG(s) 'tutorial_dag' retrieved from /home/denys/airflow_venv/lib/python3.12/site-packages/airflow/example_dags/tutorial_dag.py
[2024-05-08T13:35:15.349+0000] {logging_mixin.py:188} INFO - [2024-05-08T13:35:15.349+0000] {dag.py:3096} INFO - Sync 1 DAGs
[2024-05-08T13:35:15.355+0000] {logging_mixin.py:188} INFO - [2024-05-08T13:35:15.355+0000] {dag.py:3954} INFO - Setting next_dagrun for tutorial_dag to None, run_after=None
[2024-05-08T13:35:15.377+0000] {processor.py:183} INFO - Processing /home/denys/airflow_venv/lib/python3.12/site-packages/airflow/example_dags/tutorial_dag.py took 0.046 seconds
[2024-05-08T13:35:54.050+0000] {processor.py:161} INFO - Started process (PID=3499) to work on /home/denys/airflow_venv/lib/python3.12/site-packages/airflow/example_dags/tutorial_dag.py
[2024-05-08T13:35:54.052+0000] {processor.py:830} INFO - Processing file /home/denys/airflow_venv/lib/python3.12/site-packages/airflow/example_dags/tutorial_dag.py for tasks to queue
[2024-05-08T13:35:54.053+0000] {logging_mixin.py:188} INFO - [2024-05-08T13:35:54.052+0000] {dagbag.py:545} INFO - Filling up the DagBag from /home/denys/airflow_venv/lib/python3.12/site-packages/airflow/example_dags/tutorial_dag.py
[2024-05-08T13:35:54.056+0000] {processor.py:840} INFO - DAG(s) 'tutorial_dag' retrieved from /home/denys/airflow_venv/lib/python3.12/site-packages/airflow/example_dags/tutorial_dag.py
[2024-05-08T13:35:54.066+0000] {logging_mixin.py:188} INFO - [2024-05-08T13:35:54.066+0000] {dag.py:3096} INFO - Sync 1 DAGs
[2024-05-08T13:35:54.073+0000] {logging_mixin.py:188} INFO - [2024-05-08T13:35:54.073+0000] {dag.py:3954} INFO - Setting next_dagrun for tutorial_dag to None, run_after=None
[2024-05-08T13:35:54.096+0000] {processor.py:183} INFO - Processing /home/denys/airflow_venv/lib/python3.12/site-packages/airflow/example_dags/tutorial_dag.py took 0.049 seconds
[2024-05-08T13:36:35.781+0000] {processor.py:161} INFO - Started process (PID=3542) to work on /home/denys/airflow_venv/lib/python3.12/site-packages/airflow/example_dags/tutorial_dag.py
[2024-05-08T13:36:35.782+0000] {processor.py:830} INFO - Processing file /home/denys/airflow_venv/lib/python3.12/site-packages/airflow/example_dags/tutorial_dag.py for tasks to queue
[2024-05-08T13:36:35.783+0000] {logging_mixin.py:188} INFO - [2024-05-08T13:36:35.783+0000] {dagbag.py:545} INFO - Filling up the DagBag from /home/denys/airflow_venv/lib/python3.12/site-packages/airflow/example_dags/tutorial_dag.py
[2024-05-08T13:36:35.786+0000] {processor.py:840} INFO - DAG(s) 'tutorial_dag' retrieved from /home/denys/airflow_venv/lib/python3.12/site-packages/airflow/example_dags/tutorial_dag.py
[2024-05-08T13:36:35.795+0000] {logging_mixin.py:188} INFO - [2024-05-08T13:36:35.795+0000] {dag.py:3096} INFO - Sync 1 DAGs
[2024-05-08T13:36:35.802+0000] {logging_mixin.py:188} INFO - [2024-05-08T13:36:35.802+0000] {dag.py:3954} INFO - Setting next_dagrun for tutorial_dag to None, run_after=None
[2024-05-08T13:36:35.824+0000] {processor.py:183} INFO - Processing /home/denys/airflow_venv/lib/python3.12/site-packages/airflow/example_dags/tutorial_dag.py took 0.047 seconds
[2024-05-08T13:37:17.763+0000] {processor.py:161} INFO - Started process (PID=3586) to work on /home/denys/airflow_venv/lib/python3.12/site-packages/airflow/example_dags/tutorial_dag.py
[2024-05-08T13:37:17.764+0000] {processor.py:830} INFO - Processing file /home/denys/airflow_venv/lib/python3.12/site-packages/airflow/example_dags/tutorial_dag.py for tasks to queue
[2024-05-08T13:37:17.765+0000] {logging_mixin.py:188} INFO - [2024-05-08T13:37:17.765+0000] {dagbag.py:545} INFO - Filling up the DagBag from /home/denys/airflow_venv/lib/python3.12/site-packages/airflow/example_dags/tutorial_dag.py
[2024-05-08T13:37:17.768+0000] {processor.py:840} INFO - DAG(s) 'tutorial_dag' retrieved from /home/denys/airflow_venv/lib/python3.12/site-packages/airflow/example_dags/tutorial_dag.py
[2024-05-08T13:37:17.778+0000] {logging_mixin.py:188} INFO - [2024-05-08T13:37:17.778+0000] {dag.py:3096} INFO - Sync 1 DAGs
[2024-05-08T13:37:17.784+0000] {logging_mixin.py:188} INFO - [2024-05-08T13:37:17.784+0000] {dag.py:3954} INFO - Setting next_dagrun for tutorial_dag to None, run_after=None
[2024-05-08T13:37:17.806+0000] {processor.py:183} INFO - Processing /home/denys/airflow_venv/lib/python3.12/site-packages/airflow/example_dags/tutorial_dag.py took 0.047 seconds
[2024-05-08T13:38:07.328+0000] {processor.py:161} INFO - Started process (PID=3634) to work on /home/denys/airflow_venv/lib/python3.12/site-packages/airflow/example_dags/tutorial_dag.py
[2024-05-08T13:38:07.331+0000] {processor.py:830} INFO - Processing file /home/denys/airflow_venv/lib/python3.12/site-packages/airflow/example_dags/tutorial_dag.py for tasks to queue
[2024-05-08T13:38:07.332+0000] {logging_mixin.py:188} INFO - [2024-05-08T13:38:07.331+0000] {dagbag.py:545} INFO - Filling up the DagBag from /home/denys/airflow_venv/lib/python3.12/site-packages/airflow/example_dags/tutorial_dag.py
[2024-05-08T13:38:07.335+0000] {processor.py:840} INFO - DAG(s) 'tutorial_dag' retrieved from /home/denys/airflow_venv/lib/python3.12/site-packages/airflow/example_dags/tutorial_dag.py
[2024-05-08T13:38:07.343+0000] {logging_mixin.py:188} INFO - [2024-05-08T13:38:07.343+0000] {dag.py:3096} INFO - Sync 1 DAGs
[2024-05-08T13:38:07.351+0000] {logging_mixin.py:188} INFO - [2024-05-08T13:38:07.350+0000] {dag.py:3954} INFO - Setting next_dagrun for tutorial_dag to None, run_after=None
[2024-05-08T13:38:07.367+0000] {processor.py:183} INFO - Processing /home/denys/airflow_venv/lib/python3.12/site-packages/airflow/example_dags/tutorial_dag.py took 0.042 seconds
[2024-05-08T13:38:50.966+0000] {processor.py:161} INFO - Started process (PID=3680) to work on /home/denys/airflow_venv/lib/python3.12/site-packages/airflow/example_dags/tutorial_dag.py
[2024-05-08T13:38:50.969+0000] {processor.py:830} INFO - Processing file /home/denys/airflow_venv/lib/python3.12/site-packages/airflow/example_dags/tutorial_dag.py for tasks to queue
[2024-05-08T13:38:50.970+0000] {logging_mixin.py:188} INFO - [2024-05-08T13:38:50.970+0000] {dagbag.py:545} INFO - Filling up the DagBag from /home/denys/airflow_venv/lib/python3.12/site-packages/airflow/example_dags/tutorial_dag.py
[2024-05-08T13:38:50.974+0000] {processor.py:840} INFO - DAG(s) 'tutorial_dag' retrieved from /home/denys/airflow_venv/lib/python3.12/site-packages/airflow/example_dags/tutorial_dag.py
[2024-05-08T13:38:50.983+0000] {logging_mixin.py:188} INFO - [2024-05-08T13:38:50.983+0000] {dag.py:3096} INFO - Sync 1 DAGs
[2024-05-08T13:38:50.990+0000] {logging_mixin.py:188} INFO - [2024-05-08T13:38:50.990+0000] {dag.py:3954} INFO - Setting next_dagrun for tutorial_dag to None, run_after=None
[2024-05-08T13:38:51.009+0000] {processor.py:183} INFO - Processing /home/denys/airflow_venv/lib/python3.12/site-packages/airflow/example_dags/tutorial_dag.py took 0.046 seconds
[2024-05-08T13:39:32.868+0000] {processor.py:161} INFO - Started process (PID=3723) to work on /home/denys/airflow_venv/lib/python3.12/site-packages/airflow/example_dags/tutorial_dag.py
[2024-05-08T13:39:32.870+0000] {processor.py:830} INFO - Processing file /home/denys/airflow_venv/lib/python3.12/site-packages/airflow/example_dags/tutorial_dag.py for tasks to queue
[2024-05-08T13:39:32.871+0000] {logging_mixin.py:188} INFO - [2024-05-08T13:39:32.871+0000] {dagbag.py:545} INFO - Filling up the DagBag from /home/denys/airflow_venv/lib/python3.12/site-packages/airflow/example_dags/tutorial_dag.py
[2024-05-08T13:39:32.874+0000] {processor.py:840} INFO - DAG(s) 'tutorial_dag' retrieved from /home/denys/airflow_venv/lib/python3.12/site-packages/airflow/example_dags/tutorial_dag.py
[2024-05-08T13:39:32.883+0000] {logging_mixin.py:188} INFO - [2024-05-08T13:39:32.883+0000] {dag.py:3096} INFO - Sync 1 DAGs
[2024-05-08T13:39:32.889+0000] {logging_mixin.py:188} INFO - [2024-05-08T13:39:32.889+0000] {dag.py:3954} INFO - Setting next_dagrun for tutorial_dag to None, run_after=None
[2024-05-08T13:39:32.906+0000] {processor.py:183} INFO - Processing /home/denys/airflow_venv/lib/python3.12/site-packages/airflow/example_dags/tutorial_dag.py took 0.041 seconds
[2024-05-08T13:40:20.725+0000] {processor.py:161} INFO - Started process (PID=3771) to work on /home/denys/airflow_venv/lib/python3.12/site-packages/airflow/example_dags/tutorial_dag.py
[2024-05-08T13:40:20.726+0000] {processor.py:830} INFO - Processing file /home/denys/airflow_venv/lib/python3.12/site-packages/airflow/example_dags/tutorial_dag.py for tasks to queue
[2024-05-08T13:40:20.727+0000] {logging_mixin.py:188} INFO - [2024-05-08T13:40:20.727+0000] {dagbag.py:545} INFO - Filling up the DagBag from /home/denys/airflow_venv/lib/python3.12/site-packages/airflow/example_dags/tutorial_dag.py
[2024-05-08T13:40:20.731+0000] {processor.py:840} INFO - DAG(s) 'tutorial_dag' retrieved from /home/denys/airflow_venv/lib/python3.12/site-packages/airflow/example_dags/tutorial_dag.py
[2024-05-08T13:40:20.742+0000] {logging_mixin.py:188} INFO - [2024-05-08T13:40:20.742+0000] {dag.py:3096} INFO - Sync 1 DAGs
[2024-05-08T13:40:20.748+0000] {logging_mixin.py:188} INFO - [2024-05-08T13:40:20.748+0000] {dag.py:3954} INFO - Setting next_dagrun for tutorial_dag to None, run_after=None
[2024-05-08T13:40:20.768+0000] {processor.py:183} INFO - Processing /home/denys/airflow_venv/lib/python3.12/site-packages/airflow/example_dags/tutorial_dag.py took 0.047 seconds
[2024-05-08T13:41:09.240+0000] {processor.py:161} INFO - Started process (PID=3818) to work on /home/denys/airflow_venv/lib/python3.12/site-packages/airflow/example_dags/tutorial_dag.py
[2024-05-08T13:41:09.242+0000] {processor.py:830} INFO - Processing file /home/denys/airflow_venv/lib/python3.12/site-packages/airflow/example_dags/tutorial_dag.py for tasks to queue
[2024-05-08T13:41:09.243+0000] {logging_mixin.py:188} INFO - [2024-05-08T13:41:09.243+0000] {dagbag.py:545} INFO - Filling up the DagBag from /home/denys/airflow_venv/lib/python3.12/site-packages/airflow/example_dags/tutorial_dag.py
[2024-05-08T13:41:09.246+0000] {processor.py:840} INFO - DAG(s) 'tutorial_dag' retrieved from /home/denys/airflow_venv/lib/python3.12/site-packages/airflow/example_dags/tutorial_dag.py
[2024-05-08T13:41:09.257+0000] {logging_mixin.py:188} INFO - [2024-05-08T13:41:09.257+0000] {dag.py:3096} INFO - Sync 1 DAGs
[2024-05-08T13:41:09.332+0000] {logging_mixin.py:188} INFO - [2024-05-08T13:41:09.332+0000] {dag.py:3954} INFO - Setting next_dagrun for tutorial_dag to None, run_after=None
[2024-05-08T13:41:09.352+0000] {processor.py:183} INFO - Processing /home/denys/airflow_venv/lib/python3.12/site-packages/airflow/example_dags/tutorial_dag.py took 0.115 seconds
[2024-05-08T13:41:54.709+0000] {processor.py:161} INFO - Started process (PID=3863) to work on /home/denys/airflow_venv/lib/python3.12/site-packages/airflow/example_dags/tutorial_dag.py
[2024-05-08T13:41:54.710+0000] {processor.py:830} INFO - Processing file /home/denys/airflow_venv/lib/python3.12/site-packages/airflow/example_dags/tutorial_dag.py for tasks to queue
[2024-05-08T13:41:54.711+0000] {logging_mixin.py:188} INFO - [2024-05-08T13:41:54.711+0000] {dagbag.py:545} INFO - Filling up the DagBag from /home/denys/airflow_venv/lib/python3.12/site-packages/airflow/example_dags/tutorial_dag.py
[2024-05-08T13:41:54.714+0000] {processor.py:840} INFO - DAG(s) 'tutorial_dag' retrieved from /home/denys/airflow_venv/lib/python3.12/site-packages/airflow/example_dags/tutorial_dag.py
[2024-05-08T13:41:54.724+0000] {logging_mixin.py:188} INFO - [2024-05-08T13:41:54.723+0000] {dag.py:3096} INFO - Sync 1 DAGs
[2024-05-08T13:41:54.729+0000] {logging_mixin.py:188} INFO - [2024-05-08T13:41:54.729+0000] {dag.py:3954} INFO - Setting next_dagrun for tutorial_dag to None, run_after=None
[2024-05-08T13:41:54.755+0000] {processor.py:183} INFO - Processing /home/denys/airflow_venv/lib/python3.12/site-packages/airflow/example_dags/tutorial_dag.py took 0.050 seconds
[2024-05-08T13:42:38.580+0000] {processor.py:161} INFO - Started process (PID=3908) to work on /home/denys/airflow_venv/lib/python3.12/site-packages/airflow/example_dags/tutorial_dag.py
[2024-05-08T13:42:38.587+0000] {processor.py:830} INFO - Processing file /home/denys/airflow_venv/lib/python3.12/site-packages/airflow/example_dags/tutorial_dag.py for tasks to queue
[2024-05-08T13:42:38.588+0000] {logging_mixin.py:188} INFO - [2024-05-08T13:42:38.588+0000] {dagbag.py:545} INFO - Filling up the DagBag from /home/denys/airflow_venv/lib/python3.12/site-packages/airflow/example_dags/tutorial_dag.py
[2024-05-08T13:42:38.591+0000] {processor.py:840} INFO - DAG(s) 'tutorial_dag' retrieved from /home/denys/airflow_venv/lib/python3.12/site-packages/airflow/example_dags/tutorial_dag.py
[2024-05-08T13:42:38.662+0000] {logging_mixin.py:188} INFO - [2024-05-08T13:42:38.662+0000] {dag.py:3096} INFO - Sync 1 DAGs
[2024-05-08T13:42:38.667+0000] {logging_mixin.py:188} INFO - [2024-05-08T13:42:38.667+0000] {dag.py:3954} INFO - Setting next_dagrun for tutorial_dag to None, run_after=None
[2024-05-08T13:42:38.685+0000] {processor.py:183} INFO - Processing /home/denys/airflow_venv/lib/python3.12/site-packages/airflow/example_dags/tutorial_dag.py took 0.108 seconds
