[2024-05-08T13:11:47.603+0000] {processor.py:161} INFO - Started process (PID=1864) to work on /home/denys/airflow_venv/lib/python3.12/site-packages/airflow/example_dags/tutorial_taskflow_api_virtualenv.py
[2024-05-08T13:11:47.604+0000] {processor.py:830} INFO - Processing file /home/denys/airflow_venv/lib/python3.12/site-packages/airflow/example_dags/tutorial_taskflow_api_virtualenv.py for tasks to queue
[2024-05-08T13:11:47.605+0000] {logging_mixin.py:188} INFO - [2024-05-08T13:11:47.605+0000] {dagbag.py:545} INFO - Filling up the DagBag from /home/denys/airflow_venv/lib/python3.12/site-packages/airflow/example_dags/tutorial_taskflow_api_virtualenv.py
[2024-05-08T13:11:47.606+0000] {logging_mixin.py:188} INFO - [2024-05-08T13:11:47.606+0000] {tutorial_taskflow_api_virtualenv.py:29} WARNING - The tutorial_taskflow_api_virtualenv example DAG requires virtualenv, please install it.
[2024-05-08T13:11:47.606+0000] {processor.py:842} WARNING - No viable dags retrieved from /home/denys/airflow_venv/lib/python3.12/site-packages/airflow/example_dags/tutorial_taskflow_api_virtualenv.py
[2024-05-08T13:11:47.613+0000] {processor.py:183} INFO - Processing /home/denys/airflow_venv/lib/python3.12/site-packages/airflow/example_dags/tutorial_taskflow_api_virtualenv.py took 0.013 seconds
[2024-05-08T13:12:41.561+0000] {processor.py:161} INFO - Started process (PID=1917) to work on /home/denys/airflow_venv/lib/python3.12/site-packages/airflow/example_dags/tutorial_taskflow_api_virtualenv.py
[2024-05-08T13:12:41.562+0000] {processor.py:830} INFO - Processing file /home/denys/airflow_venv/lib/python3.12/site-packages/airflow/example_dags/tutorial_taskflow_api_virtualenv.py for tasks to queue
[2024-05-08T13:12:41.563+0000] {logging_mixin.py:188} INFO - [2024-05-08T13:12:41.563+0000] {dagbag.py:545} INFO - Filling up the DagBag from /home/denys/airflow_venv/lib/python3.12/site-packages/airflow/example_dags/tutorial_taskflow_api_virtualenv.py
[2024-05-08T13:12:41.565+0000] {logging_mixin.py:188} INFO - [2024-05-08T13:12:41.565+0000] {tutorial_taskflow_api_virtualenv.py:29} WARNING - The tutorial_taskflow_api_virtualenv example DAG requires virtualenv, please install it.
[2024-05-08T13:12:41.565+0000] {processor.py:842} WARNING - No viable dags retrieved from /home/denys/airflow_venv/lib/python3.12/site-packages/airflow/example_dags/tutorial_taskflow_api_virtualenv.py
[2024-05-08T13:12:41.571+0000] {processor.py:183} INFO - Processing /home/denys/airflow_venv/lib/python3.12/site-packages/airflow/example_dags/tutorial_taskflow_api_virtualenv.py took 0.014 seconds
[2024-05-08T13:13:26.786+0000] {processor.py:161} INFO - Started process (PID=1966) to work on /home/denys/airflow_venv/lib/python3.12/site-packages/airflow/example_dags/tutorial_taskflow_api_virtualenv.py
[2024-05-08T13:13:26.788+0000] {processor.py:830} INFO - Processing file /home/denys/airflow_venv/lib/python3.12/site-packages/airflow/example_dags/tutorial_taskflow_api_virtualenv.py for tasks to queue
[2024-05-08T13:13:26.789+0000] {logging_mixin.py:188} INFO - [2024-05-08T13:13:26.788+0000] {dagbag.py:545} INFO - Filling up the DagBag from /home/denys/airflow_venv/lib/python3.12/site-packages/airflow/example_dags/tutorial_taskflow_api_virtualenv.py
[2024-05-08T13:13:26.790+0000] {logging_mixin.py:188} INFO - [2024-05-08T13:13:26.790+0000] {tutorial_taskflow_api_virtualenv.py:29} WARNING - The tutorial_taskflow_api_virtualenv example DAG requires virtualenv, please install it.
[2024-05-08T13:13:26.791+0000] {processor.py:842} WARNING - No viable dags retrieved from /home/denys/airflow_venv/lib/python3.12/site-packages/airflow/example_dags/tutorial_taskflow_api_virtualenv.py
[2024-05-08T13:13:26.800+0000] {processor.py:183} INFO - Processing /home/denys/airflow_venv/lib/python3.12/site-packages/airflow/example_dags/tutorial_taskflow_api_virtualenv.py took 0.017 seconds
[2024-05-08T13:14:09.337+0000] {processor.py:161} INFO - Started process (PID=2011) to work on /home/denys/airflow_venv/lib/python3.12/site-packages/airflow/example_dags/tutorial_taskflow_api_virtualenv.py
[2024-05-08T13:14:09.338+0000] {processor.py:830} INFO - Processing file /home/denys/airflow_venv/lib/python3.12/site-packages/airflow/example_dags/tutorial_taskflow_api_virtualenv.py for tasks to queue
[2024-05-08T13:14:09.339+0000] {logging_mixin.py:188} INFO - [2024-05-08T13:14:09.339+0000] {dagbag.py:545} INFO - Filling up the DagBag from /home/denys/airflow_venv/lib/python3.12/site-packages/airflow/example_dags/tutorial_taskflow_api_virtualenv.py
[2024-05-08T13:14:09.340+0000] {logging_mixin.py:188} INFO - [2024-05-08T13:14:09.340+0000] {tutorial_taskflow_api_virtualenv.py:29} WARNING - The tutorial_taskflow_api_virtualenv example DAG requires virtualenv, please install it.
[2024-05-08T13:14:09.340+0000] {processor.py:842} WARNING - No viable dags retrieved from /home/denys/airflow_venv/lib/python3.12/site-packages/airflow/example_dags/tutorial_taskflow_api_virtualenv.py
[2024-05-08T13:14:09.347+0000] {processor.py:183} INFO - Processing /home/denys/airflow_venv/lib/python3.12/site-packages/airflow/example_dags/tutorial_taskflow_api_virtualenv.py took 0.013 seconds
[2024-05-08T13:14:51.756+0000] {processor.py:161} INFO - Started process (PID=2054) to work on /home/denys/airflow_venv/lib/python3.12/site-packages/airflow/example_dags/tutorial_taskflow_api_virtualenv.py
[2024-05-08T13:14:51.757+0000] {processor.py:830} INFO - Processing file /home/denys/airflow_venv/lib/python3.12/site-packages/airflow/example_dags/tutorial_taskflow_api_virtualenv.py for tasks to queue
[2024-05-08T13:14:51.758+0000] {logging_mixin.py:188} INFO - [2024-05-08T13:14:51.758+0000] {dagbag.py:545} INFO - Filling up the DagBag from /home/denys/airflow_venv/lib/python3.12/site-packages/airflow/example_dags/tutorial_taskflow_api_virtualenv.py
[2024-05-08T13:14:51.759+0000] {logging_mixin.py:188} INFO - [2024-05-08T13:14:51.759+0000] {tutorial_taskflow_api_virtualenv.py:29} WARNING - The tutorial_taskflow_api_virtualenv example DAG requires virtualenv, please install it.
[2024-05-08T13:14:51.760+0000] {processor.py:842} WARNING - No viable dags retrieved from /home/denys/airflow_venv/lib/python3.12/site-packages/airflow/example_dags/tutorial_taskflow_api_virtualenv.py
[2024-05-08T13:14:51.767+0000] {processor.py:183} INFO - Processing /home/denys/airflow_venv/lib/python3.12/site-packages/airflow/example_dags/tutorial_taskflow_api_virtualenv.py took 0.014 seconds
[2024-05-08T13:15:34.804+0000] {processor.py:161} INFO - Started process (PID=2100) to work on /home/denys/airflow_venv/lib/python3.12/site-packages/airflow/example_dags/tutorial_taskflow_api_virtualenv.py
[2024-05-08T13:15:34.805+0000] {processor.py:830} INFO - Processing file /home/denys/airflow_venv/lib/python3.12/site-packages/airflow/example_dags/tutorial_taskflow_api_virtualenv.py for tasks to queue
[2024-05-08T13:15:34.806+0000] {logging_mixin.py:188} INFO - [2024-05-08T13:15:34.806+0000] {dagbag.py:545} INFO - Filling up the DagBag from /home/denys/airflow_venv/lib/python3.12/site-packages/airflow/example_dags/tutorial_taskflow_api_virtualenv.py
[2024-05-08T13:15:34.808+0000] {logging_mixin.py:188} INFO - [2024-05-08T13:15:34.808+0000] {tutorial_taskflow_api_virtualenv.py:29} WARNING - The tutorial_taskflow_api_virtualenv example DAG requires virtualenv, please install it.
[2024-05-08T13:15:34.808+0000] {processor.py:842} WARNING - No viable dags retrieved from /home/denys/airflow_venv/lib/python3.12/site-packages/airflow/example_dags/tutorial_taskflow_api_virtualenv.py
[2024-05-08T13:15:34.814+0000] {processor.py:183} INFO - Processing /home/denys/airflow_venv/lib/python3.12/site-packages/airflow/example_dags/tutorial_taskflow_api_virtualenv.py took 0.014 seconds
[2024-05-08T13:16:25.341+0000] {processor.py:161} INFO - Started process (PID=2153) to work on /home/denys/airflow_venv/lib/python3.12/site-packages/airflow/example_dags/tutorial_taskflow_api_virtualenv.py
[2024-05-08T13:16:25.343+0000] {processor.py:830} INFO - Processing file /home/denys/airflow_venv/lib/python3.12/site-packages/airflow/example_dags/tutorial_taskflow_api_virtualenv.py for tasks to queue
[2024-05-08T13:16:25.344+0000] {logging_mixin.py:188} INFO - [2024-05-08T13:16:25.343+0000] {dagbag.py:545} INFO - Filling up the DagBag from /home/denys/airflow_venv/lib/python3.12/site-packages/airflow/example_dags/tutorial_taskflow_api_virtualenv.py
[2024-05-08T13:16:25.346+0000] {logging_mixin.py:188} INFO - [2024-05-08T13:16:25.345+0000] {tutorial_taskflow_api_virtualenv.py:29} WARNING - The tutorial_taskflow_api_virtualenv example DAG requires virtualenv, please install it.
[2024-05-08T13:16:25.346+0000] {processor.py:842} WARNING - No viable dags retrieved from /home/denys/airflow_venv/lib/python3.12/site-packages/airflow/example_dags/tutorial_taskflow_api_virtualenv.py
[2024-05-08T13:16:25.354+0000] {processor.py:183} INFO - Processing /home/denys/airflow_venv/lib/python3.12/site-packages/airflow/example_dags/tutorial_taskflow_api_virtualenv.py took 0.016 seconds
[2024-05-08T13:17:07.951+0000] {processor.py:161} INFO - Started process (PID=2199) to work on /home/denys/airflow_venv/lib/python3.12/site-packages/airflow/example_dags/tutorial_taskflow_api_virtualenv.py
[2024-05-08T13:17:07.953+0000] {processor.py:830} INFO - Processing file /home/denys/airflow_venv/lib/python3.12/site-packages/airflow/example_dags/tutorial_taskflow_api_virtualenv.py for tasks to queue
[2024-05-08T13:17:07.954+0000] {logging_mixin.py:188} INFO - [2024-05-08T13:17:07.954+0000] {dagbag.py:545} INFO - Filling up the DagBag from /home/denys/airflow_venv/lib/python3.12/site-packages/airflow/example_dags/tutorial_taskflow_api_virtualenv.py
[2024-05-08T13:17:07.956+0000] {logging_mixin.py:188} INFO - [2024-05-08T13:17:07.956+0000] {tutorial_taskflow_api_virtualenv.py:29} WARNING - The tutorial_taskflow_api_virtualenv example DAG requires virtualenv, please install it.
[2024-05-08T13:17:07.956+0000] {processor.py:842} WARNING - No viable dags retrieved from /home/denys/airflow_venv/lib/python3.12/site-packages/airflow/example_dags/tutorial_taskflow_api_virtualenv.py
[2024-05-08T13:17:07.963+0000] {processor.py:183} INFO - Processing /home/denys/airflow_venv/lib/python3.12/site-packages/airflow/example_dags/tutorial_taskflow_api_virtualenv.py took 0.016 seconds
[2024-05-08T13:17:50.594+0000] {processor.py:161} INFO - Started process (PID=2246) to work on /home/denys/airflow_venv/lib/python3.12/site-packages/airflow/example_dags/tutorial_taskflow_api_virtualenv.py
[2024-05-08T13:17:50.595+0000] {processor.py:830} INFO - Processing file /home/denys/airflow_venv/lib/python3.12/site-packages/airflow/example_dags/tutorial_taskflow_api_virtualenv.py for tasks to queue
[2024-05-08T13:17:50.596+0000] {logging_mixin.py:188} INFO - [2024-05-08T13:17:50.596+0000] {dagbag.py:545} INFO - Filling up the DagBag from /home/denys/airflow_venv/lib/python3.12/site-packages/airflow/example_dags/tutorial_taskflow_api_virtualenv.py
[2024-05-08T13:17:50.598+0000] {logging_mixin.py:188} INFO - [2024-05-08T13:17:50.597+0000] {tutorial_taskflow_api_virtualenv.py:29} WARNING - The tutorial_taskflow_api_virtualenv example DAG requires virtualenv, please install it.
[2024-05-08T13:17:50.598+0000] {processor.py:842} WARNING - No viable dags retrieved from /home/denys/airflow_venv/lib/python3.12/site-packages/airflow/example_dags/tutorial_taskflow_api_virtualenv.py
[2024-05-08T13:17:50.604+0000] {processor.py:183} INFO - Processing /home/denys/airflow_venv/lib/python3.12/site-packages/airflow/example_dags/tutorial_taskflow_api_virtualenv.py took 0.013 seconds
[2024-05-08T13:19:18.394+0000] {processor.py:161} INFO - Started process (PID=2320) to work on /home/denys/airflow_venv/lib/python3.12/site-packages/airflow/example_dags/tutorial_taskflow_api_virtualenv.py
[2024-05-08T13:19:18.395+0000] {processor.py:830} INFO - Processing file /home/denys/airflow_venv/lib/python3.12/site-packages/airflow/example_dags/tutorial_taskflow_api_virtualenv.py for tasks to queue
[2024-05-08T13:19:18.396+0000] {logging_mixin.py:188} INFO - [2024-05-08T13:19:18.395+0000] {dagbag.py:545} INFO - Filling up the DagBag from /home/denys/airflow_venv/lib/python3.12/site-packages/airflow/example_dags/tutorial_taskflow_api_virtualenv.py
[2024-05-08T13:19:18.397+0000] {logging_mixin.py:188} INFO - [2024-05-08T13:19:18.397+0000] {tutorial_taskflow_api_virtualenv.py:29} WARNING - The tutorial_taskflow_api_virtualenv example DAG requires virtualenv, please install it.
[2024-05-08T13:19:18.397+0000] {processor.py:842} WARNING - No viable dags retrieved from /home/denys/airflow_venv/lib/python3.12/site-packages/airflow/example_dags/tutorial_taskflow_api_virtualenv.py
[2024-05-08T13:19:18.404+0000] {processor.py:183} INFO - Processing /home/denys/airflow_venv/lib/python3.12/site-packages/airflow/example_dags/tutorial_taskflow_api_virtualenv.py took 0.014 seconds
[2024-05-08T13:20:08.958+0000] {processor.py:161} INFO - Started process (PID=2374) to work on /home/denys/airflow_venv/lib/python3.12/site-packages/airflow/example_dags/tutorial_taskflow_api_virtualenv.py
[2024-05-08T13:20:08.959+0000] {processor.py:830} INFO - Processing file /home/denys/airflow_venv/lib/python3.12/site-packages/airflow/example_dags/tutorial_taskflow_api_virtualenv.py for tasks to queue
[2024-05-08T13:20:08.960+0000] {logging_mixin.py:188} INFO - [2024-05-08T13:20:08.960+0000] {dagbag.py:545} INFO - Filling up the DagBag from /home/denys/airflow_venv/lib/python3.12/site-packages/airflow/example_dags/tutorial_taskflow_api_virtualenv.py
[2024-05-08T13:20:08.969+0000] {logging_mixin.py:188} INFO - [2024-05-08T13:20:08.969+0000] {tutorial_taskflow_api_virtualenv.py:29} WARNING - The tutorial_taskflow_api_virtualenv example DAG requires virtualenv, please install it.
[2024-05-08T13:20:08.970+0000] {processor.py:842} WARNING - No viable dags retrieved from /home/denys/airflow_venv/lib/python3.12/site-packages/airflow/example_dags/tutorial_taskflow_api_virtualenv.py
[2024-05-08T13:20:08.976+0000] {processor.py:183} INFO - Processing /home/denys/airflow_venv/lib/python3.12/site-packages/airflow/example_dags/tutorial_taskflow_api_virtualenv.py took 0.021 seconds
[2024-05-08T13:20:59.093+0000] {processor.py:161} INFO - Started process (PID=2429) to work on /home/denys/airflow_venv/lib/python3.12/site-packages/airflow/example_dags/tutorial_taskflow_api_virtualenv.py
[2024-05-08T13:20:59.100+0000] {processor.py:830} INFO - Processing file /home/denys/airflow_venv/lib/python3.12/site-packages/airflow/example_dags/tutorial_taskflow_api_virtualenv.py for tasks to queue
[2024-05-08T13:20:59.101+0000] {logging_mixin.py:188} INFO - [2024-05-08T13:20:59.100+0000] {dagbag.py:545} INFO - Filling up the DagBag from /home/denys/airflow_venv/lib/python3.12/site-packages/airflow/example_dags/tutorial_taskflow_api_virtualenv.py
[2024-05-08T13:20:59.102+0000] {logging_mixin.py:188} INFO - [2024-05-08T13:20:59.102+0000] {tutorial_taskflow_api_virtualenv.py:29} WARNING - The tutorial_taskflow_api_virtualenv example DAG requires virtualenv, please install it.
[2024-05-08T13:20:59.102+0000] {processor.py:842} WARNING - No viable dags retrieved from /home/denys/airflow_venv/lib/python3.12/site-packages/airflow/example_dags/tutorial_taskflow_api_virtualenv.py
[2024-05-08T13:20:59.108+0000] {processor.py:183} INFO - Processing /home/denys/airflow_venv/lib/python3.12/site-packages/airflow/example_dags/tutorial_taskflow_api_virtualenv.py took 0.019 seconds
[2024-05-08T13:21:43.183+0000] {processor.py:161} INFO - Started process (PID=2471) to work on /home/denys/airflow_venv/lib/python3.12/site-packages/airflow/example_dags/tutorial_taskflow_api_virtualenv.py
[2024-05-08T13:21:43.185+0000] {processor.py:830} INFO - Processing file /home/denys/airflow_venv/lib/python3.12/site-packages/airflow/example_dags/tutorial_taskflow_api_virtualenv.py for tasks to queue
[2024-05-08T13:21:43.186+0000] {logging_mixin.py:188} INFO - [2024-05-08T13:21:43.185+0000] {dagbag.py:545} INFO - Filling up the DagBag from /home/denys/airflow_venv/lib/python3.12/site-packages/airflow/example_dags/tutorial_taskflow_api_virtualenv.py
[2024-05-08T13:21:43.187+0000] {logging_mixin.py:188} INFO - [2024-05-08T13:21:43.187+0000] {tutorial_taskflow_api_virtualenv.py:29} WARNING - The tutorial_taskflow_api_virtualenv example DAG requires virtualenv, please install it.
[2024-05-08T13:21:43.187+0000] {processor.py:842} WARNING - No viable dags retrieved from /home/denys/airflow_venv/lib/python3.12/site-packages/airflow/example_dags/tutorial_taskflow_api_virtualenv.py
[2024-05-08T13:21:43.194+0000] {processor.py:183} INFO - Processing /home/denys/airflow_venv/lib/python3.12/site-packages/airflow/example_dags/tutorial_taskflow_api_virtualenv.py took 0.015 seconds
[2024-05-08T13:22:26.432+0000] {processor.py:161} INFO - Started process (PID=2517) to work on /home/denys/airflow_venv/lib/python3.12/site-packages/airflow/example_dags/tutorial_taskflow_api_virtualenv.py
[2024-05-08T13:22:26.434+0000] {processor.py:830} INFO - Processing file /home/denys/airflow_venv/lib/python3.12/site-packages/airflow/example_dags/tutorial_taskflow_api_virtualenv.py for tasks to queue
[2024-05-08T13:22:26.435+0000] {logging_mixin.py:188} INFO - [2024-05-08T13:22:26.434+0000] {dagbag.py:545} INFO - Filling up the DagBag from /home/denys/airflow_venv/lib/python3.12/site-packages/airflow/example_dags/tutorial_taskflow_api_virtualenv.py
[2024-05-08T13:22:26.436+0000] {logging_mixin.py:188} INFO - [2024-05-08T13:22:26.436+0000] {tutorial_taskflow_api_virtualenv.py:29} WARNING - The tutorial_taskflow_api_virtualenv example DAG requires virtualenv, please install it.
[2024-05-08T13:22:26.436+0000] {processor.py:842} WARNING - No viable dags retrieved from /home/denys/airflow_venv/lib/python3.12/site-packages/airflow/example_dags/tutorial_taskflow_api_virtualenv.py
[2024-05-08T13:22:26.443+0000] {processor.py:183} INFO - Processing /home/denys/airflow_venv/lib/python3.12/site-packages/airflow/example_dags/tutorial_taskflow_api_virtualenv.py took 0.015 seconds
[2024-05-08T13:23:08.444+0000] {processor.py:161} INFO - Started process (PID=2562) to work on /home/denys/airflow_venv/lib/python3.12/site-packages/airflow/example_dags/tutorial_taskflow_api_virtualenv.py
[2024-05-08T13:23:08.445+0000] {processor.py:830} INFO - Processing file /home/denys/airflow_venv/lib/python3.12/site-packages/airflow/example_dags/tutorial_taskflow_api_virtualenv.py for tasks to queue
[2024-05-08T13:23:08.446+0000] {logging_mixin.py:188} INFO - [2024-05-08T13:23:08.446+0000] {dagbag.py:545} INFO - Filling up the DagBag from /home/denys/airflow_venv/lib/python3.12/site-packages/airflow/example_dags/tutorial_taskflow_api_virtualenv.py
[2024-05-08T13:23:08.447+0000] {logging_mixin.py:188} INFO - [2024-05-08T13:23:08.447+0000] {tutorial_taskflow_api_virtualenv.py:29} WARNING - The tutorial_taskflow_api_virtualenv example DAG requires virtualenv, please install it.
[2024-05-08T13:23:08.447+0000] {processor.py:842} WARNING - No viable dags retrieved from /home/denys/airflow_venv/lib/python3.12/site-packages/airflow/example_dags/tutorial_taskflow_api_virtualenv.py
[2024-05-08T13:23:08.454+0000] {processor.py:183} INFO - Processing /home/denys/airflow_venv/lib/python3.12/site-packages/airflow/example_dags/tutorial_taskflow_api_virtualenv.py took 0.014 seconds
[2024-05-08T13:23:49.925+0000] {processor.py:161} INFO - Started process (PID=2673) to work on /home/denys/airflow_venv/lib/python3.12/site-packages/airflow/example_dags/tutorial_taskflow_api_virtualenv.py
[2024-05-08T13:23:49.926+0000] {processor.py:830} INFO - Processing file /home/denys/airflow_venv/lib/python3.12/site-packages/airflow/example_dags/tutorial_taskflow_api_virtualenv.py for tasks to queue
[2024-05-08T13:23:49.927+0000] {logging_mixin.py:188} INFO - [2024-05-08T13:23:49.927+0000] {dagbag.py:545} INFO - Filling up the DagBag from /home/denys/airflow_venv/lib/python3.12/site-packages/airflow/example_dags/tutorial_taskflow_api_virtualenv.py
[2024-05-08T13:23:49.928+0000] {logging_mixin.py:188} INFO - [2024-05-08T13:23:49.928+0000] {tutorial_taskflow_api_virtualenv.py:29} WARNING - The tutorial_taskflow_api_virtualenv example DAG requires virtualenv, please install it.
[2024-05-08T13:23:49.928+0000] {processor.py:842} WARNING - No viable dags retrieved from /home/denys/airflow_venv/lib/python3.12/site-packages/airflow/example_dags/tutorial_taskflow_api_virtualenv.py
[2024-05-08T13:23:49.935+0000] {processor.py:183} INFO - Processing /home/denys/airflow_venv/lib/python3.12/site-packages/airflow/example_dags/tutorial_taskflow_api_virtualenv.py took 0.013 seconds
[2024-05-08T13:24:29.321+0000] {processor.py:161} INFO - Started process (PID=2719) to work on /home/denys/airflow_venv/lib/python3.12/site-packages/airflow/example_dags/tutorial_taskflow_api_virtualenv.py
[2024-05-08T13:24:29.322+0000] {processor.py:830} INFO - Processing file /home/denys/airflow_venv/lib/python3.12/site-packages/airflow/example_dags/tutorial_taskflow_api_virtualenv.py for tasks to queue
[2024-05-08T13:24:29.323+0000] {logging_mixin.py:188} INFO - [2024-05-08T13:24:29.323+0000] {dagbag.py:545} INFO - Filling up the DagBag from /home/denys/airflow_venv/lib/python3.12/site-packages/airflow/example_dags/tutorial_taskflow_api_virtualenv.py
[2024-05-08T13:24:29.325+0000] {logging_mixin.py:188} INFO - [2024-05-08T13:24:29.325+0000] {tutorial_taskflow_api_virtualenv.py:29} WARNING - The tutorial_taskflow_api_virtualenv example DAG requires virtualenv, please install it.
[2024-05-08T13:24:29.325+0000] {processor.py:842} WARNING - No viable dags retrieved from /home/denys/airflow_venv/lib/python3.12/site-packages/airflow/example_dags/tutorial_taskflow_api_virtualenv.py
[2024-05-08T13:24:29.332+0000] {processor.py:183} INFO - Processing /home/denys/airflow_venv/lib/python3.12/site-packages/airflow/example_dags/tutorial_taskflow_api_virtualenv.py took 0.014 seconds
[2024-05-08T13:25:09.708+0000] {processor.py:161} INFO - Started process (PID=2766) to work on /home/denys/airflow_venv/lib/python3.12/site-packages/airflow/example_dags/tutorial_taskflow_api_virtualenv.py
[2024-05-08T13:25:09.715+0000] {processor.py:830} INFO - Processing file /home/denys/airflow_venv/lib/python3.12/site-packages/airflow/example_dags/tutorial_taskflow_api_virtualenv.py for tasks to queue
[2024-05-08T13:25:09.717+0000] {logging_mixin.py:188} INFO - [2024-05-08T13:25:09.716+0000] {dagbag.py:545} INFO - Filling up the DagBag from /home/denys/airflow_venv/lib/python3.12/site-packages/airflow/example_dags/tutorial_taskflow_api_virtualenv.py
[2024-05-08T13:25:09.718+0000] {logging_mixin.py:188} INFO - [2024-05-08T13:25:09.718+0000] {tutorial_taskflow_api_virtualenv.py:29} WARNING - The tutorial_taskflow_api_virtualenv example DAG requires virtualenv, please install it.
[2024-05-08T13:25:09.718+0000] {processor.py:842} WARNING - No viable dags retrieved from /home/denys/airflow_venv/lib/python3.12/site-packages/airflow/example_dags/tutorial_taskflow_api_virtualenv.py
[2024-05-08T13:25:09.725+0000] {processor.py:183} INFO - Processing /home/denys/airflow_venv/lib/python3.12/site-packages/airflow/example_dags/tutorial_taskflow_api_virtualenv.py took 0.020 seconds
[2024-05-08T13:25:50.138+0000] {processor.py:161} INFO - Started process (PID=2810) to work on /home/denys/airflow_venv/lib/python3.12/site-packages/airflow/example_dags/tutorial_taskflow_api_virtualenv.py
[2024-05-08T13:25:50.139+0000] {processor.py:830} INFO - Processing file /home/denys/airflow_venv/lib/python3.12/site-packages/airflow/example_dags/tutorial_taskflow_api_virtualenv.py for tasks to queue
[2024-05-08T13:25:50.140+0000] {logging_mixin.py:188} INFO - [2024-05-08T13:25:50.139+0000] {dagbag.py:545} INFO - Filling up the DagBag from /home/denys/airflow_venv/lib/python3.12/site-packages/airflow/example_dags/tutorial_taskflow_api_virtualenv.py
[2024-05-08T13:25:50.141+0000] {logging_mixin.py:188} INFO - [2024-05-08T13:25:50.141+0000] {tutorial_taskflow_api_virtualenv.py:29} WARNING - The tutorial_taskflow_api_virtualenv example DAG requires virtualenv, please install it.
[2024-05-08T13:25:50.141+0000] {processor.py:842} WARNING - No viable dags retrieved from /home/denys/airflow_venv/lib/python3.12/site-packages/airflow/example_dags/tutorial_taskflow_api_virtualenv.py
[2024-05-08T13:25:50.149+0000] {processor.py:183} INFO - Processing /home/denys/airflow_venv/lib/python3.12/site-packages/airflow/example_dags/tutorial_taskflow_api_virtualenv.py took 0.015 seconds
[2024-05-08T13:26:31.986+0000] {processor.py:161} INFO - Started process (PID=2852) to work on /home/denys/airflow_venv/lib/python3.12/site-packages/airflow/example_dags/tutorial_taskflow_api_virtualenv.py
[2024-05-08T13:26:31.987+0000] {processor.py:830} INFO - Processing file /home/denys/airflow_venv/lib/python3.12/site-packages/airflow/example_dags/tutorial_taskflow_api_virtualenv.py for tasks to queue
[2024-05-08T13:26:31.988+0000] {logging_mixin.py:188} INFO - [2024-05-08T13:26:31.988+0000] {dagbag.py:545} INFO - Filling up the DagBag from /home/denys/airflow_venv/lib/python3.12/site-packages/airflow/example_dags/tutorial_taskflow_api_virtualenv.py
[2024-05-08T13:26:31.990+0000] {logging_mixin.py:188} INFO - [2024-05-08T13:26:31.990+0000] {tutorial_taskflow_api_virtualenv.py:29} WARNING - The tutorial_taskflow_api_virtualenv example DAG requires virtualenv, please install it.
[2024-05-08T13:26:31.990+0000] {processor.py:842} WARNING - No viable dags retrieved from /home/denys/airflow_venv/lib/python3.12/site-packages/airflow/example_dags/tutorial_taskflow_api_virtualenv.py
[2024-05-08T13:26:31.997+0000] {processor.py:183} INFO - Processing /home/denys/airflow_venv/lib/python3.12/site-packages/airflow/example_dags/tutorial_taskflow_api_virtualenv.py took 0.014 seconds
[2024-05-08T13:27:15.809+0000] {processor.py:161} INFO - Started process (PID=2897) to work on /home/denys/airflow_venv/lib/python3.12/site-packages/airflow/example_dags/tutorial_taskflow_api_virtualenv.py
[2024-05-08T13:27:15.811+0000] {processor.py:830} INFO - Processing file /home/denys/airflow_venv/lib/python3.12/site-packages/airflow/example_dags/tutorial_taskflow_api_virtualenv.py for tasks to queue
[2024-05-08T13:27:15.812+0000] {logging_mixin.py:188} INFO - [2024-05-08T13:27:15.811+0000] {dagbag.py:545} INFO - Filling up the DagBag from /home/denys/airflow_venv/lib/python3.12/site-packages/airflow/example_dags/tutorial_taskflow_api_virtualenv.py
[2024-05-08T13:27:15.813+0000] {logging_mixin.py:188} INFO - [2024-05-08T13:27:15.813+0000] {tutorial_taskflow_api_virtualenv.py:29} WARNING - The tutorial_taskflow_api_virtualenv example DAG requires virtualenv, please install it.
[2024-05-08T13:27:15.813+0000] {processor.py:842} WARNING - No viable dags retrieved from /home/denys/airflow_venv/lib/python3.12/site-packages/airflow/example_dags/tutorial_taskflow_api_virtualenv.py
[2024-05-08T13:27:15.820+0000] {processor.py:183} INFO - Processing /home/denys/airflow_venv/lib/python3.12/site-packages/airflow/example_dags/tutorial_taskflow_api_virtualenv.py took 0.014 seconds
[2024-05-08T13:27:59.807+0000] {processor.py:161} INFO - Started process (PID=2942) to work on /home/denys/airflow_venv/lib/python3.12/site-packages/airflow/example_dags/tutorial_taskflow_api_virtualenv.py
[2024-05-08T13:27:59.814+0000] {processor.py:830} INFO - Processing file /home/denys/airflow_venv/lib/python3.12/site-packages/airflow/example_dags/tutorial_taskflow_api_virtualenv.py for tasks to queue
[2024-05-08T13:27:59.815+0000] {logging_mixin.py:188} INFO - [2024-05-08T13:27:59.815+0000] {dagbag.py:545} INFO - Filling up the DagBag from /home/denys/airflow_venv/lib/python3.12/site-packages/airflow/example_dags/tutorial_taskflow_api_virtualenv.py
[2024-05-08T13:27:59.817+0000] {logging_mixin.py:188} INFO - [2024-05-08T13:27:59.817+0000] {tutorial_taskflow_api_virtualenv.py:29} WARNING - The tutorial_taskflow_api_virtualenv example DAG requires virtualenv, please install it.
[2024-05-08T13:27:59.817+0000] {processor.py:842} WARNING - No viable dags retrieved from /home/denys/airflow_venv/lib/python3.12/site-packages/airflow/example_dags/tutorial_taskflow_api_virtualenv.py
[2024-05-08T13:27:59.823+0000] {processor.py:183} INFO - Processing /home/denys/airflow_venv/lib/python3.12/site-packages/airflow/example_dags/tutorial_taskflow_api_virtualenv.py took 0.020 seconds
[2024-05-08T13:28:42.800+0000] {processor.py:161} INFO - Started process (PID=2987) to work on /home/denys/airflow_venv/lib/python3.12/site-packages/airflow/example_dags/tutorial_taskflow_api_virtualenv.py
[2024-05-08T13:28:42.801+0000] {processor.py:830} INFO - Processing file /home/denys/airflow_venv/lib/python3.12/site-packages/airflow/example_dags/tutorial_taskflow_api_virtualenv.py for tasks to queue
[2024-05-08T13:28:42.803+0000] {logging_mixin.py:188} INFO - [2024-05-08T13:28:42.802+0000] {dagbag.py:545} INFO - Filling up the DagBag from /home/denys/airflow_venv/lib/python3.12/site-packages/airflow/example_dags/tutorial_taskflow_api_virtualenv.py
[2024-05-08T13:28:42.804+0000] {logging_mixin.py:188} INFO - [2024-05-08T13:28:42.804+0000] {tutorial_taskflow_api_virtualenv.py:29} WARNING - The tutorial_taskflow_api_virtualenv example DAG requires virtualenv, please install it.
[2024-05-08T13:28:42.804+0000] {processor.py:842} WARNING - No viable dags retrieved from /home/denys/airflow_venv/lib/python3.12/site-packages/airflow/example_dags/tutorial_taskflow_api_virtualenv.py
[2024-05-08T13:28:42.811+0000] {processor.py:183} INFO - Processing /home/denys/airflow_venv/lib/python3.12/site-packages/airflow/example_dags/tutorial_taskflow_api_virtualenv.py took 0.015 seconds
[2024-05-08T13:29:22.644+0000] {processor.py:161} INFO - Started process (PID=3085) to work on /home/denys/airflow_venv/lib/python3.12/site-packages/airflow/example_dags/tutorial_taskflow_api_virtualenv.py
[2024-05-08T13:29:22.646+0000] {processor.py:830} INFO - Processing file /home/denys/airflow_venv/lib/python3.12/site-packages/airflow/example_dags/tutorial_taskflow_api_virtualenv.py for tasks to queue
[2024-05-08T13:29:22.647+0000] {logging_mixin.py:188} INFO - [2024-05-08T13:29:22.647+0000] {dagbag.py:545} INFO - Filling up the DagBag from /home/denys/airflow_venv/lib/python3.12/site-packages/airflow/example_dags/tutorial_taskflow_api_virtualenv.py
[2024-05-08T13:29:22.649+0000] {logging_mixin.py:188} INFO - [2024-05-08T13:29:22.649+0000] {tutorial_taskflow_api_virtualenv.py:29} WARNING - The tutorial_taskflow_api_virtualenv example DAG requires virtualenv, please install it.
[2024-05-08T13:29:22.649+0000] {processor.py:842} WARNING - No viable dags retrieved from /home/denys/airflow_venv/lib/python3.12/site-packages/airflow/example_dags/tutorial_taskflow_api_virtualenv.py
[2024-05-08T13:29:22.656+0000] {processor.py:183} INFO - Processing /home/denys/airflow_venv/lib/python3.12/site-packages/airflow/example_dags/tutorial_taskflow_api_virtualenv.py took 0.014 seconds
[2024-05-08T13:30:01.210+0000] {processor.py:161} INFO - Started process (PID=3125) to work on /home/denys/airflow_venv/lib/python3.12/site-packages/airflow/example_dags/tutorial_taskflow_api_virtualenv.py
[2024-05-08T13:30:01.218+0000] {processor.py:830} INFO - Processing file /home/denys/airflow_venv/lib/python3.12/site-packages/airflow/example_dags/tutorial_taskflow_api_virtualenv.py for tasks to queue
[2024-05-08T13:30:01.219+0000] {logging_mixin.py:188} INFO - [2024-05-08T13:30:01.219+0000] {dagbag.py:545} INFO - Filling up the DagBag from /home/denys/airflow_venv/lib/python3.12/site-packages/airflow/example_dags/tutorial_taskflow_api_virtualenv.py
[2024-05-08T13:30:01.221+0000] {logging_mixin.py:188} INFO - [2024-05-08T13:30:01.221+0000] {tutorial_taskflow_api_virtualenv.py:29} WARNING - The tutorial_taskflow_api_virtualenv example DAG requires virtualenv, please install it.
[2024-05-08T13:30:01.221+0000] {processor.py:842} WARNING - No viable dags retrieved from /home/denys/airflow_venv/lib/python3.12/site-packages/airflow/example_dags/tutorial_taskflow_api_virtualenv.py
[2024-05-08T13:30:01.228+0000] {processor.py:183} INFO - Processing /home/denys/airflow_venv/lib/python3.12/site-packages/airflow/example_dags/tutorial_taskflow_api_virtualenv.py took 0.021 seconds
[2024-05-08T13:30:41.269+0000] {processor.py:161} INFO - Started process (PID=3170) to work on /home/denys/airflow_venv/lib/python3.12/site-packages/airflow/example_dags/tutorial_taskflow_api_virtualenv.py
[2024-05-08T13:30:41.271+0000] {processor.py:830} INFO - Processing file /home/denys/airflow_venv/lib/python3.12/site-packages/airflow/example_dags/tutorial_taskflow_api_virtualenv.py for tasks to queue
[2024-05-08T13:30:41.272+0000] {logging_mixin.py:188} INFO - [2024-05-08T13:30:41.271+0000] {dagbag.py:545} INFO - Filling up the DagBag from /home/denys/airflow_venv/lib/python3.12/site-packages/airflow/example_dags/tutorial_taskflow_api_virtualenv.py
[2024-05-08T13:30:41.274+0000] {logging_mixin.py:188} INFO - [2024-05-08T13:30:41.273+0000] {tutorial_taskflow_api_virtualenv.py:29} WARNING - The tutorial_taskflow_api_virtualenv example DAG requires virtualenv, please install it.
[2024-05-08T13:30:41.274+0000] {processor.py:842} WARNING - No viable dags retrieved from /home/denys/airflow_venv/lib/python3.12/site-packages/airflow/example_dags/tutorial_taskflow_api_virtualenv.py
[2024-05-08T13:30:41.280+0000] {processor.py:183} INFO - Processing /home/denys/airflow_venv/lib/python3.12/site-packages/airflow/example_dags/tutorial_taskflow_api_virtualenv.py took 0.014 seconds
[2024-05-08T13:31:24.005+0000] {processor.py:161} INFO - Started process (PID=3214) to work on /home/denys/airflow_venv/lib/python3.12/site-packages/airflow/example_dags/tutorial_taskflow_api_virtualenv.py
[2024-05-08T13:31:24.008+0000] {processor.py:830} INFO - Processing file /home/denys/airflow_venv/lib/python3.12/site-packages/airflow/example_dags/tutorial_taskflow_api_virtualenv.py for tasks to queue
[2024-05-08T13:31:24.009+0000] {logging_mixin.py:188} INFO - [2024-05-08T13:31:24.009+0000] {dagbag.py:545} INFO - Filling up the DagBag from /home/denys/airflow_venv/lib/python3.12/site-packages/airflow/example_dags/tutorial_taskflow_api_virtualenv.py
[2024-05-08T13:31:24.011+0000] {logging_mixin.py:188} INFO - [2024-05-08T13:31:24.011+0000] {tutorial_taskflow_api_virtualenv.py:29} WARNING - The tutorial_taskflow_api_virtualenv example DAG requires virtualenv, please install it.
[2024-05-08T13:31:24.011+0000] {processor.py:842} WARNING - No viable dags retrieved from /home/denys/airflow_venv/lib/python3.12/site-packages/airflow/example_dags/tutorial_taskflow_api_virtualenv.py
[2024-05-08T13:31:24.018+0000] {processor.py:183} INFO - Processing /home/denys/airflow_venv/lib/python3.12/site-packages/airflow/example_dags/tutorial_taskflow_api_virtualenv.py took 0.016 seconds
[2024-05-08T13:32:04.232+0000] {processor.py:161} INFO - Started process (PID=3255) to work on /home/denys/airflow_venv/lib/python3.12/site-packages/airflow/example_dags/tutorial_taskflow_api_virtualenv.py
[2024-05-08T13:32:04.234+0000] {processor.py:830} INFO - Processing file /home/denys/airflow_venv/lib/python3.12/site-packages/airflow/example_dags/tutorial_taskflow_api_virtualenv.py for tasks to queue
[2024-05-08T13:32:04.235+0000] {logging_mixin.py:188} INFO - [2024-05-08T13:32:04.234+0000] {dagbag.py:545} INFO - Filling up the DagBag from /home/denys/airflow_venv/lib/python3.12/site-packages/airflow/example_dags/tutorial_taskflow_api_virtualenv.py
[2024-05-08T13:32:04.236+0000] {logging_mixin.py:188} INFO - [2024-05-08T13:32:04.236+0000] {tutorial_taskflow_api_virtualenv.py:29} WARNING - The tutorial_taskflow_api_virtualenv example DAG requires virtualenv, please install it.
[2024-05-08T13:32:04.236+0000] {processor.py:842} WARNING - No viable dags retrieved from /home/denys/airflow_venv/lib/python3.12/site-packages/airflow/example_dags/tutorial_taskflow_api_virtualenv.py
[2024-05-08T13:32:04.243+0000] {processor.py:183} INFO - Processing /home/denys/airflow_venv/lib/python3.12/site-packages/airflow/example_dags/tutorial_taskflow_api_virtualenv.py took 0.014 seconds
[2024-05-08T13:32:48.521+0000] {processor.py:161} INFO - Started process (PID=3300) to work on /home/denys/airflow_venv/lib/python3.12/site-packages/airflow/example_dags/tutorial_taskflow_api_virtualenv.py
[2024-05-08T13:32:48.522+0000] {processor.py:830} INFO - Processing file /home/denys/airflow_venv/lib/python3.12/site-packages/airflow/example_dags/tutorial_taskflow_api_virtualenv.py for tasks to queue
[2024-05-08T13:32:48.523+0000] {logging_mixin.py:188} INFO - [2024-05-08T13:32:48.523+0000] {dagbag.py:545} INFO - Filling up the DagBag from /home/denys/airflow_venv/lib/python3.12/site-packages/airflow/example_dags/tutorial_taskflow_api_virtualenv.py
[2024-05-08T13:32:48.525+0000] {logging_mixin.py:188} INFO - [2024-05-08T13:32:48.525+0000] {tutorial_taskflow_api_virtualenv.py:29} WARNING - The tutorial_taskflow_api_virtualenv example DAG requires virtualenv, please install it.
[2024-05-08T13:32:48.525+0000] {processor.py:842} WARNING - No viable dags retrieved from /home/denys/airflow_venv/lib/python3.12/site-packages/airflow/example_dags/tutorial_taskflow_api_virtualenv.py
[2024-05-08T13:32:48.531+0000] {processor.py:183} INFO - Processing /home/denys/airflow_venv/lib/python3.12/site-packages/airflow/example_dags/tutorial_taskflow_api_virtualenv.py took 0.013 seconds
[2024-05-08T13:33:32.016+0000] {processor.py:161} INFO - Started process (PID=3345) to work on /home/denys/airflow_venv/lib/python3.12/site-packages/airflow/example_dags/tutorial_taskflow_api_virtualenv.py
[2024-05-08T13:33:32.017+0000] {processor.py:830} INFO - Processing file /home/denys/airflow_venv/lib/python3.12/site-packages/airflow/example_dags/tutorial_taskflow_api_virtualenv.py for tasks to queue
[2024-05-08T13:33:32.018+0000] {logging_mixin.py:188} INFO - [2024-05-08T13:33:32.018+0000] {dagbag.py:545} INFO - Filling up the DagBag from /home/denys/airflow_venv/lib/python3.12/site-packages/airflow/example_dags/tutorial_taskflow_api_virtualenv.py
[2024-05-08T13:33:32.020+0000] {logging_mixin.py:188} INFO - [2024-05-08T13:33:32.020+0000] {tutorial_taskflow_api_virtualenv.py:29} WARNING - The tutorial_taskflow_api_virtualenv example DAG requires virtualenv, please install it.
[2024-05-08T13:33:32.020+0000] {processor.py:842} WARNING - No viable dags retrieved from /home/denys/airflow_venv/lib/python3.12/site-packages/airflow/example_dags/tutorial_taskflow_api_virtualenv.py
[2024-05-08T13:33:32.026+0000] {processor.py:183} INFO - Processing /home/denys/airflow_venv/lib/python3.12/site-packages/airflow/example_dags/tutorial_taskflow_api_virtualenv.py took 0.014 seconds
[2024-05-08T13:34:14.481+0000] {processor.py:161} INFO - Started process (PID=3392) to work on /home/denys/airflow_venv/lib/python3.12/site-packages/airflow/example_dags/tutorial_taskflow_api_virtualenv.py
[2024-05-08T13:34:14.482+0000] {processor.py:830} INFO - Processing file /home/denys/airflow_venv/lib/python3.12/site-packages/airflow/example_dags/tutorial_taskflow_api_virtualenv.py for tasks to queue
[2024-05-08T13:34:14.483+0000] {logging_mixin.py:188} INFO - [2024-05-08T13:34:14.483+0000] {dagbag.py:545} INFO - Filling up the DagBag from /home/denys/airflow_venv/lib/python3.12/site-packages/airflow/example_dags/tutorial_taskflow_api_virtualenv.py
[2024-05-08T13:34:14.485+0000] {logging_mixin.py:188} INFO - [2024-05-08T13:34:14.485+0000] {tutorial_taskflow_api_virtualenv.py:29} WARNING - The tutorial_taskflow_api_virtualenv example DAG requires virtualenv, please install it.
[2024-05-08T13:34:14.485+0000] {processor.py:842} WARNING - No viable dags retrieved from /home/denys/airflow_venv/lib/python3.12/site-packages/airflow/example_dags/tutorial_taskflow_api_virtualenv.py
[2024-05-08T13:34:14.492+0000] {processor.py:183} INFO - Processing /home/denys/airflow_venv/lib/python3.12/site-packages/airflow/example_dags/tutorial_taskflow_api_virtualenv.py took 0.015 seconds
[2024-05-08T13:34:55.709+0000] {processor.py:161} INFO - Started process (PID=3434) to work on /home/denys/airflow_venv/lib/python3.12/site-packages/airflow/example_dags/tutorial_taskflow_api_virtualenv.py
[2024-05-08T13:34:55.711+0000] {processor.py:830} INFO - Processing file /home/denys/airflow_venv/lib/python3.12/site-packages/airflow/example_dags/tutorial_taskflow_api_virtualenv.py for tasks to queue
[2024-05-08T13:34:55.712+0000] {logging_mixin.py:188} INFO - [2024-05-08T13:34:55.712+0000] {dagbag.py:545} INFO - Filling up the DagBag from /home/denys/airflow_venv/lib/python3.12/site-packages/airflow/example_dags/tutorial_taskflow_api_virtualenv.py
[2024-05-08T13:34:55.714+0000] {logging_mixin.py:188} INFO - [2024-05-08T13:34:55.714+0000] {tutorial_taskflow_api_virtualenv.py:29} WARNING - The tutorial_taskflow_api_virtualenv example DAG requires virtualenv, please install it.
[2024-05-08T13:34:55.715+0000] {processor.py:842} WARNING - No viable dags retrieved from /home/denys/airflow_venv/lib/python3.12/site-packages/airflow/example_dags/tutorial_taskflow_api_virtualenv.py
[2024-05-08T13:34:55.721+0000] {processor.py:183} INFO - Processing /home/denys/airflow_venv/lib/python3.12/site-packages/airflow/example_dags/tutorial_taskflow_api_virtualenv.py took 0.015 seconds
[2024-05-08T13:35:34.084+0000] {processor.py:161} INFO - Started process (PID=3479) to work on /home/denys/airflow_venv/lib/python3.12/site-packages/airflow/example_dags/tutorial_taskflow_api_virtualenv.py
[2024-05-08T13:35:34.085+0000] {processor.py:830} INFO - Processing file /home/denys/airflow_venv/lib/python3.12/site-packages/airflow/example_dags/tutorial_taskflow_api_virtualenv.py for tasks to queue
[2024-05-08T13:35:34.086+0000] {logging_mixin.py:188} INFO - [2024-05-08T13:35:34.085+0000] {dagbag.py:545} INFO - Filling up the DagBag from /home/denys/airflow_venv/lib/python3.12/site-packages/airflow/example_dags/tutorial_taskflow_api_virtualenv.py
[2024-05-08T13:35:34.087+0000] {logging_mixin.py:188} INFO - [2024-05-08T13:35:34.087+0000] {tutorial_taskflow_api_virtualenv.py:29} WARNING - The tutorial_taskflow_api_virtualenv example DAG requires virtualenv, please install it.
[2024-05-08T13:35:34.087+0000] {processor.py:842} WARNING - No viable dags retrieved from /home/denys/airflow_venv/lib/python3.12/site-packages/airflow/example_dags/tutorial_taskflow_api_virtualenv.py
[2024-05-08T13:35:34.094+0000] {processor.py:183} INFO - Processing /home/denys/airflow_venv/lib/python3.12/site-packages/airflow/example_dags/tutorial_taskflow_api_virtualenv.py took 0.014 seconds
[2024-05-08T13:36:15.501+0000] {processor.py:161} INFO - Started process (PID=3520) to work on /home/denys/airflow_venv/lib/python3.12/site-packages/airflow/example_dags/tutorial_taskflow_api_virtualenv.py
[2024-05-08T13:36:15.503+0000] {processor.py:830} INFO - Processing file /home/denys/airflow_venv/lib/python3.12/site-packages/airflow/example_dags/tutorial_taskflow_api_virtualenv.py for tasks to queue
[2024-05-08T13:36:15.504+0000] {logging_mixin.py:188} INFO - [2024-05-08T13:36:15.504+0000] {dagbag.py:545} INFO - Filling up the DagBag from /home/denys/airflow_venv/lib/python3.12/site-packages/airflow/example_dags/tutorial_taskflow_api_virtualenv.py
[2024-05-08T13:36:15.505+0000] {logging_mixin.py:188} INFO - [2024-05-08T13:36:15.505+0000] {tutorial_taskflow_api_virtualenv.py:29} WARNING - The tutorial_taskflow_api_virtualenv example DAG requires virtualenv, please install it.
[2024-05-08T13:36:15.505+0000] {processor.py:842} WARNING - No viable dags retrieved from /home/denys/airflow_venv/lib/python3.12/site-packages/airflow/example_dags/tutorial_taskflow_api_virtualenv.py
[2024-05-08T13:36:15.512+0000] {processor.py:183} INFO - Processing /home/denys/airflow_venv/lib/python3.12/site-packages/airflow/example_dags/tutorial_taskflow_api_virtualenv.py took 0.014 seconds
[2024-05-08T13:36:57.051+0000] {processor.py:161} INFO - Started process (PID=3564) to work on /home/denys/airflow_venv/lib/python3.12/site-packages/airflow/example_dags/tutorial_taskflow_api_virtualenv.py
[2024-05-08T13:36:57.053+0000] {processor.py:830} INFO - Processing file /home/denys/airflow_venv/lib/python3.12/site-packages/airflow/example_dags/tutorial_taskflow_api_virtualenv.py for tasks to queue
[2024-05-08T13:36:57.054+0000] {logging_mixin.py:188} INFO - [2024-05-08T13:36:57.053+0000] {dagbag.py:545} INFO - Filling up the DagBag from /home/denys/airflow_venv/lib/python3.12/site-packages/airflow/example_dags/tutorial_taskflow_api_virtualenv.py
[2024-05-08T13:36:57.055+0000] {logging_mixin.py:188} INFO - [2024-05-08T13:36:57.055+0000] {tutorial_taskflow_api_virtualenv.py:29} WARNING - The tutorial_taskflow_api_virtualenv example DAG requires virtualenv, please install it.
[2024-05-08T13:36:57.055+0000] {processor.py:842} WARNING - No viable dags retrieved from /home/denys/airflow_venv/lib/python3.12/site-packages/airflow/example_dags/tutorial_taskflow_api_virtualenv.py
[2024-05-08T13:36:57.062+0000] {processor.py:183} INFO - Processing /home/denys/airflow_venv/lib/python3.12/site-packages/airflow/example_dags/tutorial_taskflow_api_virtualenv.py took 0.015 seconds
[2024-05-08T13:37:42.605+0000] {processor.py:161} INFO - Started process (PID=3609) to work on /home/denys/airflow_venv/lib/python3.12/site-packages/airflow/example_dags/tutorial_taskflow_api_virtualenv.py
[2024-05-08T13:37:42.606+0000] {processor.py:830} INFO - Processing file /home/denys/airflow_venv/lib/python3.12/site-packages/airflow/example_dags/tutorial_taskflow_api_virtualenv.py for tasks to queue
[2024-05-08T13:37:42.607+0000] {logging_mixin.py:188} INFO - [2024-05-08T13:37:42.607+0000] {dagbag.py:545} INFO - Filling up the DagBag from /home/denys/airflow_venv/lib/python3.12/site-packages/airflow/example_dags/tutorial_taskflow_api_virtualenv.py
[2024-05-08T13:37:42.609+0000] {logging_mixin.py:188} INFO - [2024-05-08T13:37:42.609+0000] {tutorial_taskflow_api_virtualenv.py:29} WARNING - The tutorial_taskflow_api_virtualenv example DAG requires virtualenv, please install it.
[2024-05-08T13:37:42.609+0000] {processor.py:842} WARNING - No viable dags retrieved from /home/denys/airflow_venv/lib/python3.12/site-packages/airflow/example_dags/tutorial_taskflow_api_virtualenv.py
[2024-05-08T13:37:42.616+0000] {processor.py:183} INFO - Processing /home/denys/airflow_venv/lib/python3.12/site-packages/airflow/example_dags/tutorial_taskflow_api_virtualenv.py took 0.014 seconds
[2024-05-08T13:38:30.364+0000] {processor.py:161} INFO - Started process (PID=3658) to work on /home/denys/airflow_venv/lib/python3.12/site-packages/airflow/example_dags/tutorial_taskflow_api_virtualenv.py
[2024-05-08T13:38:30.370+0000] {processor.py:830} INFO - Processing file /home/denys/airflow_venv/lib/python3.12/site-packages/airflow/example_dags/tutorial_taskflow_api_virtualenv.py for tasks to queue
[2024-05-08T13:38:30.371+0000] {logging_mixin.py:188} INFO - [2024-05-08T13:38:30.371+0000] {dagbag.py:545} INFO - Filling up the DagBag from /home/denys/airflow_venv/lib/python3.12/site-packages/airflow/example_dags/tutorial_taskflow_api_virtualenv.py
[2024-05-08T13:38:30.374+0000] {logging_mixin.py:188} INFO - [2024-05-08T13:38:30.374+0000] {tutorial_taskflow_api_virtualenv.py:29} WARNING - The tutorial_taskflow_api_virtualenv example DAG requires virtualenv, please install it.
[2024-05-08T13:38:30.374+0000] {processor.py:842} WARNING - No viable dags retrieved from /home/denys/airflow_venv/lib/python3.12/site-packages/airflow/example_dags/tutorial_taskflow_api_virtualenv.py
[2024-05-08T13:38:30.380+0000] {processor.py:183} INFO - Processing /home/denys/airflow_venv/lib/python3.12/site-packages/airflow/example_dags/tutorial_taskflow_api_virtualenv.py took 0.020 seconds
[2024-05-08T13:39:09.941+0000] {processor.py:161} INFO - Started process (PID=3702) to work on /home/denys/airflow_venv/lib/python3.12/site-packages/airflow/example_dags/tutorial_taskflow_api_virtualenv.py
[2024-05-08T13:39:09.942+0000] {processor.py:830} INFO - Processing file /home/denys/airflow_venv/lib/python3.12/site-packages/airflow/example_dags/tutorial_taskflow_api_virtualenv.py for tasks to queue
[2024-05-08T13:39:09.943+0000] {logging_mixin.py:188} INFO - [2024-05-08T13:39:09.943+0000] {dagbag.py:545} INFO - Filling up the DagBag from /home/denys/airflow_venv/lib/python3.12/site-packages/airflow/example_dags/tutorial_taskflow_api_virtualenv.py
[2024-05-08T13:39:09.944+0000] {logging_mixin.py:188} INFO - [2024-05-08T13:39:09.944+0000] {tutorial_taskflow_api_virtualenv.py:29} WARNING - The tutorial_taskflow_api_virtualenv example DAG requires virtualenv, please install it.
[2024-05-08T13:39:09.944+0000] {processor.py:842} WARNING - No viable dags retrieved from /home/denys/airflow_venv/lib/python3.12/site-packages/airflow/example_dags/tutorial_taskflow_api_virtualenv.py
[2024-05-08T13:39:09.950+0000] {processor.py:183} INFO - Processing /home/denys/airflow_venv/lib/python3.12/site-packages/airflow/example_dags/tutorial_taskflow_api_virtualenv.py took 0.013 seconds
[2024-05-08T13:39:56.182+0000] {processor.py:161} INFO - Started process (PID=3745) to work on /home/denys/airflow_venv/lib/python3.12/site-packages/airflow/example_dags/tutorial_taskflow_api_virtualenv.py
[2024-05-08T13:39:56.184+0000] {processor.py:830} INFO - Processing file /home/denys/airflow_venv/lib/python3.12/site-packages/airflow/example_dags/tutorial_taskflow_api_virtualenv.py for tasks to queue
[2024-05-08T13:39:56.185+0000] {logging_mixin.py:188} INFO - [2024-05-08T13:39:56.185+0000] {dagbag.py:545} INFO - Filling up the DagBag from /home/denys/airflow_venv/lib/python3.12/site-packages/airflow/example_dags/tutorial_taskflow_api_virtualenv.py
[2024-05-08T13:39:56.187+0000] {logging_mixin.py:188} INFO - [2024-05-08T13:39:56.186+0000] {tutorial_taskflow_api_virtualenv.py:29} WARNING - The tutorial_taskflow_api_virtualenv example DAG requires virtualenv, please install it.
[2024-05-08T13:39:56.187+0000] {processor.py:842} WARNING - No viable dags retrieved from /home/denys/airflow_venv/lib/python3.12/site-packages/airflow/example_dags/tutorial_taskflow_api_virtualenv.py
[2024-05-08T13:39:56.195+0000] {processor.py:183} INFO - Processing /home/denys/airflow_venv/lib/python3.12/site-packages/airflow/example_dags/tutorial_taskflow_api_virtualenv.py took 0.016 seconds
[2024-05-08T13:40:44.802+0000] {processor.py:161} INFO - Started process (PID=3794) to work on /home/denys/airflow_venv/lib/python3.12/site-packages/airflow/example_dags/tutorial_taskflow_api_virtualenv.py
[2024-05-08T13:40:44.804+0000] {processor.py:830} INFO - Processing file /home/denys/airflow_venv/lib/python3.12/site-packages/airflow/example_dags/tutorial_taskflow_api_virtualenv.py for tasks to queue
[2024-05-08T13:40:44.805+0000] {logging_mixin.py:188} INFO - [2024-05-08T13:40:44.805+0000] {dagbag.py:545} INFO - Filling up the DagBag from /home/denys/airflow_venv/lib/python3.12/site-packages/airflow/example_dags/tutorial_taskflow_api_virtualenv.py
[2024-05-08T13:40:44.806+0000] {logging_mixin.py:188} INFO - [2024-05-08T13:40:44.806+0000] {tutorial_taskflow_api_virtualenv.py:29} WARNING - The tutorial_taskflow_api_virtualenv example DAG requires virtualenv, please install it.
[2024-05-08T13:40:44.807+0000] {processor.py:842} WARNING - No viable dags retrieved from /home/denys/airflow_venv/lib/python3.12/site-packages/airflow/example_dags/tutorial_taskflow_api_virtualenv.py
[2024-05-08T13:40:44.813+0000] {processor.py:183} INFO - Processing /home/denys/airflow_venv/lib/python3.12/site-packages/airflow/example_dags/tutorial_taskflow_api_virtualenv.py took 0.014 seconds
[2024-05-08T13:41:33.046+0000] {processor.py:161} INFO - Started process (PID=3842) to work on /home/denys/airflow_venv/lib/python3.12/site-packages/airflow/example_dags/tutorial_taskflow_api_virtualenv.py
[2024-05-08T13:41:33.054+0000] {processor.py:830} INFO - Processing file /home/denys/airflow_venv/lib/python3.12/site-packages/airflow/example_dags/tutorial_taskflow_api_virtualenv.py for tasks to queue
[2024-05-08T13:41:33.055+0000] {logging_mixin.py:188} INFO - [2024-05-08T13:41:33.055+0000] {dagbag.py:545} INFO - Filling up the DagBag from /home/denys/airflow_venv/lib/python3.12/site-packages/airflow/example_dags/tutorial_taskflow_api_virtualenv.py
[2024-05-08T13:41:33.057+0000] {logging_mixin.py:188} INFO - [2024-05-08T13:41:33.057+0000] {tutorial_taskflow_api_virtualenv.py:29} WARNING - The tutorial_taskflow_api_virtualenv example DAG requires virtualenv, please install it.
[2024-05-08T13:41:33.057+0000] {processor.py:842} WARNING - No viable dags retrieved from /home/denys/airflow_venv/lib/python3.12/site-packages/airflow/example_dags/tutorial_taskflow_api_virtualenv.py
[2024-05-08T13:41:33.064+0000] {processor.py:183} INFO - Processing /home/denys/airflow_venv/lib/python3.12/site-packages/airflow/example_dags/tutorial_taskflow_api_virtualenv.py took 0.020 seconds
[2024-05-08T13:42:16.154+0000] {processor.py:161} INFO - Started process (PID=3885) to work on /home/denys/airflow_venv/lib/python3.12/site-packages/airflow/example_dags/tutorial_taskflow_api_virtualenv.py
[2024-05-08T13:42:16.155+0000] {processor.py:830} INFO - Processing file /home/denys/airflow_venv/lib/python3.12/site-packages/airflow/example_dags/tutorial_taskflow_api_virtualenv.py for tasks to queue
[2024-05-08T13:42:16.156+0000] {logging_mixin.py:188} INFO - [2024-05-08T13:42:16.156+0000] {dagbag.py:545} INFO - Filling up the DagBag from /home/denys/airflow_venv/lib/python3.12/site-packages/airflow/example_dags/tutorial_taskflow_api_virtualenv.py
[2024-05-08T13:42:16.157+0000] {logging_mixin.py:188} INFO - [2024-05-08T13:42:16.157+0000] {tutorial_taskflow_api_virtualenv.py:29} WARNING - The tutorial_taskflow_api_virtualenv example DAG requires virtualenv, please install it.
[2024-05-08T13:42:16.158+0000] {processor.py:842} WARNING - No viable dags retrieved from /home/denys/airflow_venv/lib/python3.12/site-packages/airflow/example_dags/tutorial_taskflow_api_virtualenv.py
[2024-05-08T13:42:16.165+0000] {processor.py:183} INFO - Processing /home/denys/airflow_venv/lib/python3.12/site-packages/airflow/example_dags/tutorial_taskflow_api_virtualenv.py took 0.016 seconds
[2024-05-08T13:43:02.880+0000] {processor.py:161} INFO - Started process (PID=3931) to work on /home/denys/airflow_venv/lib/python3.12/site-packages/airflow/example_dags/tutorial_taskflow_api_virtualenv.py
[2024-05-08T13:43:02.882+0000] {processor.py:830} INFO - Processing file /home/denys/airflow_venv/lib/python3.12/site-packages/airflow/example_dags/tutorial_taskflow_api_virtualenv.py for tasks to queue
[2024-05-08T13:43:02.883+0000] {logging_mixin.py:188} INFO - [2024-05-08T13:43:02.883+0000] {dagbag.py:545} INFO - Filling up the DagBag from /home/denys/airflow_venv/lib/python3.12/site-packages/airflow/example_dags/tutorial_taskflow_api_virtualenv.py
[2024-05-08T13:43:02.885+0000] {logging_mixin.py:188} INFO - [2024-05-08T13:43:02.884+0000] {tutorial_taskflow_api_virtualenv.py:29} WARNING - The tutorial_taskflow_api_virtualenv example DAG requires virtualenv, please install it.
[2024-05-08T13:43:02.885+0000] {processor.py:842} WARNING - No viable dags retrieved from /home/denys/airflow_venv/lib/python3.12/site-packages/airflow/example_dags/tutorial_taskflow_api_virtualenv.py
[2024-05-08T13:43:02.891+0000] {processor.py:183} INFO - Processing /home/denys/airflow_venv/lib/python3.12/site-packages/airflow/example_dags/tutorial_taskflow_api_virtualenv.py took 0.014 seconds
