[2024-05-08T13:12:20.849+0000] {processor.py:161} INFO - Started process (PID=1895) to work on /home/denys/airflow_venv/lib/python3.12/site-packages/airflow/example_dags/tutorial.py
[2024-05-08T13:12:20.849+0000] {processor.py:830} INFO - Processing file /home/denys/airflow_venv/lib/python3.12/site-packages/airflow/example_dags/tutorial.py for tasks to queue
[2024-05-08T13:12:20.850+0000] {logging_mixin.py:188} INFO - [2024-05-08T13:12:20.850+0000] {dagbag.py:545} INFO - Filling up the DagBag from /home/denys/airflow_venv/lib/python3.12/site-packages/airflow/example_dags/tutorial.py
[2024-05-08T13:12:20.854+0000] {processor.py:840} INFO - DAG(s) 'tutorial' retrieved from /home/denys/airflow_venv/lib/python3.12/site-packages/airflow/example_dags/tutorial.py
[2024-05-08T13:12:20.922+0000] {logging_mixin.py:188} INFO - [2024-05-08T13:12:20.922+0000] {override.py:1829} INFO - Created Permission View: can delete on DAG:tutorial
[2024-05-08T13:12:20.931+0000] {logging_mixin.py:188} INFO - [2024-05-08T13:12:20.931+0000] {override.py:1829} INFO - Created Permission View: can edit on DAG:tutorial
[2024-05-08T13:12:20.939+0000] {logging_mixin.py:188} INFO - [2024-05-08T13:12:20.939+0000] {override.py:1829} INFO - Created Permission View: can read on DAG:tutorial
[2024-05-08T13:12:20.939+0000] {logging_mixin.py:188} INFO - [2024-05-08T13:12:20.939+0000] {dag.py:3096} INFO - Sync 1 DAGs
[2024-05-08T13:12:20.945+0000] {logging_mixin.py:188} INFO - [2024-05-08T13:12:20.945+0000] {dag.py:3118} INFO - Creating ORM DAG for tutorial
[2024-05-08T13:12:20.949+0000] {logging_mixin.py:188} INFO - [2024-05-08T13:12:20.949+0000] {dag.py:3954} INFO - Setting next_dagrun for tutorial to 2024-05-07 00:00:00+00:00, run_after=2024-05-08 00:00:00+00:00
[2024-05-08T13:12:20.965+0000] {processor.py:183} INFO - Processing /home/denys/airflow_venv/lib/python3.12/site-packages/airflow/example_dags/tutorial.py took 0.119 seconds
[2024-05-08T13:13:11.350+0000] {processor.py:161} INFO - Started process (PID=1951) to work on /home/denys/airflow_venv/lib/python3.12/site-packages/airflow/example_dags/tutorial.py
[2024-05-08T13:13:11.351+0000] {processor.py:830} INFO - Processing file /home/denys/airflow_venv/lib/python3.12/site-packages/airflow/example_dags/tutorial.py for tasks to queue
[2024-05-08T13:13:11.352+0000] {logging_mixin.py:188} INFO - [2024-05-08T13:13:11.352+0000] {dagbag.py:545} INFO - Filling up the DagBag from /home/denys/airflow_venv/lib/python3.12/site-packages/airflow/example_dags/tutorial.py
[2024-05-08T13:13:11.356+0000] {processor.py:840} INFO - DAG(s) 'tutorial' retrieved from /home/denys/airflow_venv/lib/python3.12/site-packages/airflow/example_dags/tutorial.py
[2024-05-08T13:13:11.365+0000] {logging_mixin.py:188} INFO - [2024-05-08T13:13:11.364+0000] {dag.py:3096} INFO - Sync 1 DAGs
[2024-05-08T13:13:11.374+0000] {logging_mixin.py:188} INFO - [2024-05-08T13:13:11.374+0000] {dag.py:3954} INFO - Setting next_dagrun for tutorial to 2024-05-07 00:00:00+00:00, run_after=2024-05-08 00:00:00+00:00
[2024-05-08T13:13:11.392+0000] {processor.py:183} INFO - Processing /home/denys/airflow_venv/lib/python3.12/site-packages/airflow/example_dags/tutorial.py took 0.045 seconds
[2024-05-08T13:14:15.254+0000] {processor.py:161} INFO - Started process (PID=2017) to work on /home/denys/airflow_venv/lib/python3.12/site-packages/airflow/example_dags/tutorial.py
[2024-05-08T13:14:15.256+0000] {processor.py:830} INFO - Processing file /home/denys/airflow_venv/lib/python3.12/site-packages/airflow/example_dags/tutorial.py for tasks to queue
[2024-05-08T13:14:15.257+0000] {logging_mixin.py:188} INFO - [2024-05-08T13:14:15.257+0000] {dagbag.py:545} INFO - Filling up the DagBag from /home/denys/airflow_venv/lib/python3.12/site-packages/airflow/example_dags/tutorial.py
[2024-05-08T13:14:15.261+0000] {processor.py:840} INFO - DAG(s) 'tutorial' retrieved from /home/denys/airflow_venv/lib/python3.12/site-packages/airflow/example_dags/tutorial.py
[2024-05-08T13:14:15.271+0000] {logging_mixin.py:188} INFO - [2024-05-08T13:14:15.271+0000] {dag.py:3096} INFO - Sync 1 DAGs
[2024-05-08T13:14:15.282+0000] {logging_mixin.py:188} INFO - [2024-05-08T13:14:15.281+0000] {dag.py:3954} INFO - Setting next_dagrun for tutorial to 2024-05-07 00:00:00+00:00, run_after=2024-05-08 00:00:00+00:00
[2024-05-08T13:14:15.303+0000] {processor.py:183} INFO - Processing /home/denys/airflow_venv/lib/python3.12/site-packages/airflow/example_dags/tutorial.py took 0.051 seconds
[2024-05-08T13:15:19.668+0000] {processor.py:161} INFO - Started process (PID=2085) to work on /home/denys/airflow_venv/lib/python3.12/site-packages/airflow/example_dags/tutorial.py
[2024-05-08T13:15:19.669+0000] {processor.py:830} INFO - Processing file /home/denys/airflow_venv/lib/python3.12/site-packages/airflow/example_dags/tutorial.py for tasks to queue
[2024-05-08T13:15:19.670+0000] {logging_mixin.py:188} INFO - [2024-05-08T13:15:19.670+0000] {dagbag.py:545} INFO - Filling up the DagBag from /home/denys/airflow_venv/lib/python3.12/site-packages/airflow/example_dags/tutorial.py
[2024-05-08T13:15:19.674+0000] {processor.py:840} INFO - DAG(s) 'tutorial' retrieved from /home/denys/airflow_venv/lib/python3.12/site-packages/airflow/example_dags/tutorial.py
[2024-05-08T13:15:19.683+0000] {logging_mixin.py:188} INFO - [2024-05-08T13:15:19.683+0000] {dag.py:3096} INFO - Sync 1 DAGs
[2024-05-08T13:15:19.693+0000] {logging_mixin.py:188} INFO - [2024-05-08T13:15:19.693+0000] {dag.py:3954} INFO - Setting next_dagrun for tutorial to 2024-05-07 00:00:00+00:00, run_after=2024-05-08 00:00:00+00:00
[2024-05-08T13:15:19.712+0000] {processor.py:183} INFO - Processing /home/denys/airflow_venv/lib/python3.12/site-packages/airflow/example_dags/tutorial.py took 0.046 seconds
[2024-05-08T13:16:22.710+0000] {processor.py:161} INFO - Started process (PID=2150) to work on /home/denys/airflow_venv/lib/python3.12/site-packages/airflow/example_dags/tutorial.py
[2024-05-08T13:16:22.712+0000] {processor.py:830} INFO - Processing file /home/denys/airflow_venv/lib/python3.12/site-packages/airflow/example_dags/tutorial.py for tasks to queue
[2024-05-08T13:16:22.713+0000] {logging_mixin.py:188} INFO - [2024-05-08T13:16:22.713+0000] {dagbag.py:545} INFO - Filling up the DagBag from /home/denys/airflow_venv/lib/python3.12/site-packages/airflow/example_dags/tutorial.py
[2024-05-08T13:16:22.719+0000] {processor.py:840} INFO - DAG(s) 'tutorial' retrieved from /home/denys/airflow_venv/lib/python3.12/site-packages/airflow/example_dags/tutorial.py
[2024-05-08T13:16:22.730+0000] {logging_mixin.py:188} INFO - [2024-05-08T13:16:22.729+0000] {dag.py:3096} INFO - Sync 1 DAGs
[2024-05-08T13:16:22.742+0000] {logging_mixin.py:188} INFO - [2024-05-08T13:16:22.742+0000] {dag.py:3954} INFO - Setting next_dagrun for tutorial to 2024-05-07 00:00:00+00:00, run_after=2024-05-08 00:00:00+00:00
[2024-05-08T13:16:22.763+0000] {processor.py:183} INFO - Processing /home/denys/airflow_venv/lib/python3.12/site-packages/airflow/example_dags/tutorial.py took 0.057 seconds
[2024-05-08T13:17:25.974+0000] {processor.py:161} INFO - Started process (PID=2220) to work on /home/denys/airflow_venv/lib/python3.12/site-packages/airflow/example_dags/tutorial.py
[2024-05-08T13:17:25.975+0000] {processor.py:830} INFO - Processing file /home/denys/airflow_venv/lib/python3.12/site-packages/airflow/example_dags/tutorial.py for tasks to queue
[2024-05-08T13:17:25.976+0000] {logging_mixin.py:188} INFO - [2024-05-08T13:17:25.976+0000] {dagbag.py:545} INFO - Filling up the DagBag from /home/denys/airflow_venv/lib/python3.12/site-packages/airflow/example_dags/tutorial.py
[2024-05-08T13:17:25.981+0000] {processor.py:840} INFO - DAG(s) 'tutorial' retrieved from /home/denys/airflow_venv/lib/python3.12/site-packages/airflow/example_dags/tutorial.py
[2024-05-08T13:17:25.989+0000] {logging_mixin.py:188} INFO - [2024-05-08T13:17:25.989+0000] {dag.py:3096} INFO - Sync 1 DAGs
[2024-05-08T13:17:25.999+0000] {logging_mixin.py:188} INFO - [2024-05-08T13:17:25.999+0000] {dag.py:3954} INFO - Setting next_dagrun for tutorial to 2024-05-07 00:00:00+00:00, run_after=2024-05-08 00:00:00+00:00
[2024-05-08T13:17:26.021+0000] {processor.py:183} INFO - Processing /home/denys/airflow_venv/lib/python3.12/site-packages/airflow/example_dags/tutorial.py took 0.050 seconds
[2024-05-08T13:19:48.093+0000] {processor.py:161} INFO - Started process (PID=2351) to work on /home/denys/airflow_venv/lib/python3.12/site-packages/airflow/example_dags/tutorial.py
[2024-05-08T13:19:48.095+0000] {processor.py:830} INFO - Processing file /home/denys/airflow_venv/lib/python3.12/site-packages/airflow/example_dags/tutorial.py for tasks to queue
[2024-05-08T13:19:48.096+0000] {logging_mixin.py:188} INFO - [2024-05-08T13:19:48.096+0000] {dagbag.py:545} INFO - Filling up the DagBag from /home/denys/airflow_venv/lib/python3.12/site-packages/airflow/example_dags/tutorial.py
[2024-05-08T13:19:48.102+0000] {processor.py:840} INFO - DAG(s) 'tutorial' retrieved from /home/denys/airflow_venv/lib/python3.12/site-packages/airflow/example_dags/tutorial.py
[2024-05-08T13:19:48.196+0000] {logging_mixin.py:188} INFO - [2024-05-08T13:19:48.196+0000] {dag.py:3096} INFO - Sync 1 DAGs
[2024-05-08T13:19:48.205+0000] {logging_mixin.py:188} INFO - [2024-05-08T13:19:48.205+0000] {dag.py:3954} INFO - Setting next_dagrun for tutorial to 2024-05-07 00:00:00+00:00, run_after=2024-05-08 00:00:00+00:00
[2024-05-08T13:19:48.313+0000] {processor.py:183} INFO - Processing /home/denys/airflow_venv/lib/python3.12/site-packages/airflow/example_dags/tutorial.py took 0.227 seconds
[2024-05-08T13:20:50.578+0000] {processor.py:161} INFO - Started process (PID=2419) to work on /home/denys/airflow_venv/lib/python3.12/site-packages/airflow/example_dags/tutorial.py
[2024-05-08T13:20:50.585+0000] {processor.py:830} INFO - Processing file /home/denys/airflow_venv/lib/python3.12/site-packages/airflow/example_dags/tutorial.py for tasks to queue
[2024-05-08T13:20:50.586+0000] {logging_mixin.py:188} INFO - [2024-05-08T13:20:50.586+0000] {dagbag.py:545} INFO - Filling up the DagBag from /home/denys/airflow_venv/lib/python3.12/site-packages/airflow/example_dags/tutorial.py
[2024-05-08T13:20:50.590+0000] {processor.py:840} INFO - DAG(s) 'tutorial' retrieved from /home/denys/airflow_venv/lib/python3.12/site-packages/airflow/example_dags/tutorial.py
[2024-05-08T13:20:50.600+0000] {logging_mixin.py:188} INFO - [2024-05-08T13:20:50.600+0000] {dag.py:3096} INFO - Sync 1 DAGs
[2024-05-08T13:20:50.611+0000] {logging_mixin.py:188} INFO - [2024-05-08T13:20:50.611+0000] {dag.py:3954} INFO - Setting next_dagrun for tutorial to 2024-05-07 00:00:00+00:00, run_after=2024-05-08 00:00:00+00:00
[2024-05-08T13:20:50.628+0000] {processor.py:183} INFO - Processing /home/denys/airflow_venv/lib/python3.12/site-packages/airflow/example_dags/tutorial.py took 0.052 seconds
[2024-05-08T13:21:56.280+0000] {processor.py:161} INFO - Started process (PID=2485) to work on /home/denys/airflow_venv/lib/python3.12/site-packages/airflow/example_dags/tutorial.py
[2024-05-08T13:21:56.287+0000] {processor.py:830} INFO - Processing file /home/denys/airflow_venv/lib/python3.12/site-packages/airflow/example_dags/tutorial.py for tasks to queue
[2024-05-08T13:21:56.288+0000] {logging_mixin.py:188} INFO - [2024-05-08T13:21:56.288+0000] {dagbag.py:545} INFO - Filling up the DagBag from /home/denys/airflow_venv/lib/python3.12/site-packages/airflow/example_dags/tutorial.py
[2024-05-08T13:21:56.292+0000] {processor.py:840} INFO - DAG(s) 'tutorial' retrieved from /home/denys/airflow_venv/lib/python3.12/site-packages/airflow/example_dags/tutorial.py
[2024-05-08T13:21:56.302+0000] {logging_mixin.py:188} INFO - [2024-05-08T13:21:56.302+0000] {dag.py:3096} INFO - Sync 1 DAGs
[2024-05-08T13:21:56.313+0000] {logging_mixin.py:188} INFO - [2024-05-08T13:21:56.313+0000] {dag.py:3954} INFO - Setting next_dagrun for tutorial to 2024-05-07 00:00:00+00:00, run_after=2024-05-08 00:00:00+00:00
[2024-05-08T13:21:56.329+0000] {processor.py:183} INFO - Processing /home/denys/airflow_venv/lib/python3.12/site-packages/airflow/example_dags/tutorial.py took 0.053 seconds
[2024-05-08T13:22:47.668+0000] {processor.py:161} INFO - Started process (PID=2538) to work on /home/denys/airflow_venv/lib/python3.12/site-packages/airflow/example_dags/tutorial.py
[2024-05-08T13:22:47.669+0000] {processor.py:830} INFO - Processing file /home/denys/airflow_venv/lib/python3.12/site-packages/airflow/example_dags/tutorial.py for tasks to queue
[2024-05-08T13:22:47.670+0000] {logging_mixin.py:188} INFO - [2024-05-08T13:22:47.669+0000] {dagbag.py:545} INFO - Filling up the DagBag from /home/denys/airflow_venv/lib/python3.12/site-packages/airflow/example_dags/tutorial.py
[2024-05-08T13:22:47.673+0000] {processor.py:840} INFO - DAG(s) 'tutorial' retrieved from /home/denys/airflow_venv/lib/python3.12/site-packages/airflow/example_dags/tutorial.py
[2024-05-08T13:22:47.683+0000] {logging_mixin.py:188} INFO - [2024-05-08T13:22:47.683+0000] {dag.py:3096} INFO - Sync 1 DAGs
[2024-05-08T13:22:47.694+0000] {logging_mixin.py:188} INFO - [2024-05-08T13:22:47.694+0000] {dag.py:3954} INFO - Setting next_dagrun for tutorial to 2024-05-07 00:00:00+00:00, run_after=2024-05-08 00:00:00+00:00
[2024-05-08T13:22:47.718+0000] {processor.py:183} INFO - Processing /home/denys/airflow_venv/lib/python3.12/site-packages/airflow/example_dags/tutorial.py took 0.055 seconds
[2024-05-08T13:23:49.344+0000] {processor.py:161} INFO - Started process (PID=2672) to work on /home/denys/airflow_venv/lib/python3.12/site-packages/airflow/example_dags/tutorial.py
[2024-05-08T13:23:49.346+0000] {processor.py:830} INFO - Processing file /home/denys/airflow_venv/lib/python3.12/site-packages/airflow/example_dags/tutorial.py for tasks to queue
[2024-05-08T13:23:49.347+0000] {logging_mixin.py:188} INFO - [2024-05-08T13:23:49.347+0000] {dagbag.py:545} INFO - Filling up the DagBag from /home/denys/airflow_venv/lib/python3.12/site-packages/airflow/example_dags/tutorial.py
[2024-05-08T13:23:49.351+0000] {processor.py:840} INFO - DAG(s) 'tutorial' retrieved from /home/denys/airflow_venv/lib/python3.12/site-packages/airflow/example_dags/tutorial.py
[2024-05-08T13:23:49.360+0000] {logging_mixin.py:188} INFO - [2024-05-08T13:23:49.359+0000] {dag.py:3096} INFO - Sync 1 DAGs
[2024-05-08T13:23:49.370+0000] {logging_mixin.py:188} INFO - [2024-05-08T13:23:49.370+0000] {dag.py:3954} INFO - Setting next_dagrun for tutorial to 2024-05-07 00:00:00+00:00, run_after=2024-05-08 00:00:00+00:00
[2024-05-08T13:23:49.392+0000] {processor.py:183} INFO - Processing /home/denys/airflow_venv/lib/python3.12/site-packages/airflow/example_dags/tutorial.py took 0.051 seconds
[2024-05-08T13:24:44.911+0000] {processor.py:161} INFO - Started process (PID=2736) to work on /home/denys/airflow_venv/lib/python3.12/site-packages/airflow/example_dags/tutorial.py
[2024-05-08T13:24:44.913+0000] {processor.py:830} INFO - Processing file /home/denys/airflow_venv/lib/python3.12/site-packages/airflow/example_dags/tutorial.py for tasks to queue
[2024-05-08T13:24:44.914+0000] {logging_mixin.py:188} INFO - [2024-05-08T13:24:44.914+0000] {dagbag.py:545} INFO - Filling up the DagBag from /home/denys/airflow_venv/lib/python3.12/site-packages/airflow/example_dags/tutorial.py
[2024-05-08T13:24:44.919+0000] {processor.py:840} INFO - DAG(s) 'tutorial' retrieved from /home/denys/airflow_venv/lib/python3.12/site-packages/airflow/example_dags/tutorial.py
[2024-05-08T13:24:44.929+0000] {logging_mixin.py:188} INFO - [2024-05-08T13:24:44.929+0000] {dag.py:3096} INFO - Sync 1 DAGs
[2024-05-08T13:24:44.941+0000] {logging_mixin.py:188} INFO - [2024-05-08T13:24:44.941+0000] {dag.py:3954} INFO - Setting next_dagrun for tutorial to 2024-05-07 00:00:00+00:00, run_after=2024-05-08 00:00:00+00:00
[2024-05-08T13:24:44.962+0000] {processor.py:183} INFO - Processing /home/denys/airflow_venv/lib/python3.12/site-packages/airflow/example_dags/tutorial.py took 0.055 seconds
[2024-05-08T13:25:46.041+0000] {processor.py:161} INFO - Started process (PID=2806) to work on /home/denys/airflow_venv/lib/python3.12/site-packages/airflow/example_dags/tutorial.py
[2024-05-08T13:25:46.043+0000] {processor.py:830} INFO - Processing file /home/denys/airflow_venv/lib/python3.12/site-packages/airflow/example_dags/tutorial.py for tasks to queue
[2024-05-08T13:25:46.044+0000] {logging_mixin.py:188} INFO - [2024-05-08T13:25:46.044+0000] {dagbag.py:545} INFO - Filling up the DagBag from /home/denys/airflow_venv/lib/python3.12/site-packages/airflow/example_dags/tutorial.py
[2024-05-08T13:25:46.049+0000] {processor.py:840} INFO - DAG(s) 'tutorial' retrieved from /home/denys/airflow_venv/lib/python3.12/site-packages/airflow/example_dags/tutorial.py
[2024-05-08T13:25:46.059+0000] {logging_mixin.py:188} INFO - [2024-05-08T13:25:46.059+0000] {dag.py:3096} INFO - Sync 1 DAGs
[2024-05-08T13:25:46.071+0000] {logging_mixin.py:188} INFO - [2024-05-08T13:25:46.071+0000] {dag.py:3954} INFO - Setting next_dagrun for tutorial to 2024-05-07 00:00:00+00:00, run_after=2024-05-08 00:00:00+00:00
[2024-05-08T13:25:46.093+0000] {processor.py:183} INFO - Processing /home/denys/airflow_venv/lib/python3.12/site-packages/airflow/example_dags/tutorial.py took 0.055 seconds
[2024-05-08T13:26:50.924+0000] {processor.py:161} INFO - Started process (PID=2870) to work on /home/denys/airflow_venv/lib/python3.12/site-packages/airflow/example_dags/tutorial.py
[2024-05-08T13:26:50.925+0000] {processor.py:830} INFO - Processing file /home/denys/airflow_venv/lib/python3.12/site-packages/airflow/example_dags/tutorial.py for tasks to queue
[2024-05-08T13:26:50.926+0000] {logging_mixin.py:188} INFO - [2024-05-08T13:26:50.926+0000] {dagbag.py:545} INFO - Filling up the DagBag from /home/denys/airflow_venv/lib/python3.12/site-packages/airflow/example_dags/tutorial.py
[2024-05-08T13:26:50.930+0000] {processor.py:840} INFO - DAG(s) 'tutorial' retrieved from /home/denys/airflow_venv/lib/python3.12/site-packages/airflow/example_dags/tutorial.py
[2024-05-08T13:26:50.939+0000] {logging_mixin.py:188} INFO - [2024-05-08T13:26:50.939+0000] {dag.py:3096} INFO - Sync 1 DAGs
[2024-05-08T13:26:50.949+0000] {logging_mixin.py:188} INFO - [2024-05-08T13:26:50.949+0000] {dag.py:3954} INFO - Setting next_dagrun for tutorial to 2024-05-07 00:00:00+00:00, run_after=2024-05-08 00:00:00+00:00
[2024-05-08T13:26:50.971+0000] {processor.py:183} INFO - Processing /home/denys/airflow_venv/lib/python3.12/site-packages/airflow/example_dags/tutorial.py took 0.050 seconds
[2024-05-08T13:27:55.175+0000] {processor.py:161} INFO - Started process (PID=2937) to work on /home/denys/airflow_venv/lib/python3.12/site-packages/airflow/example_dags/tutorial.py
[2024-05-08T13:27:55.177+0000] {processor.py:830} INFO - Processing file /home/denys/airflow_venv/lib/python3.12/site-packages/airflow/example_dags/tutorial.py for tasks to queue
[2024-05-08T13:27:55.178+0000] {logging_mixin.py:188} INFO - [2024-05-08T13:27:55.177+0000] {dagbag.py:545} INFO - Filling up the DagBag from /home/denys/airflow_venv/lib/python3.12/site-packages/airflow/example_dags/tutorial.py
[2024-05-08T13:27:55.182+0000] {processor.py:840} INFO - DAG(s) 'tutorial' retrieved from /home/denys/airflow_venv/lib/python3.12/site-packages/airflow/example_dags/tutorial.py
[2024-05-08T13:27:55.193+0000] {logging_mixin.py:188} INFO - [2024-05-08T13:27:55.193+0000] {dag.py:3096} INFO - Sync 1 DAGs
[2024-05-08T13:27:55.206+0000] {logging_mixin.py:188} INFO - [2024-05-08T13:27:55.206+0000] {dag.py:3954} INFO - Setting next_dagrun for tutorial to 2024-05-07 00:00:00+00:00, run_after=2024-05-08 00:00:00+00:00
[2024-05-08T13:27:55.226+0000] {processor.py:183} INFO - Processing /home/denys/airflow_venv/lib/python3.12/site-packages/airflow/example_dags/tutorial.py took 0.055 seconds
[2024-05-08T13:28:59.139+0000] {processor.py:161} INFO - Started process (PID=3058) to work on /home/denys/airflow_venv/lib/python3.12/site-packages/airflow/example_dags/tutorial.py
[2024-05-08T13:28:59.141+0000] {processor.py:830} INFO - Processing file /home/denys/airflow_venv/lib/python3.12/site-packages/airflow/example_dags/tutorial.py for tasks to queue
[2024-05-08T13:28:59.142+0000] {logging_mixin.py:188} INFO - [2024-05-08T13:28:59.142+0000] {dagbag.py:545} INFO - Filling up the DagBag from /home/denys/airflow_venv/lib/python3.12/site-packages/airflow/example_dags/tutorial.py
[2024-05-08T13:28:59.145+0000] {processor.py:840} INFO - DAG(s) 'tutorial' retrieved from /home/denys/airflow_venv/lib/python3.12/site-packages/airflow/example_dags/tutorial.py
[2024-05-08T13:28:59.154+0000] {logging_mixin.py:188} INFO - [2024-05-08T13:28:59.154+0000] {dag.py:3096} INFO - Sync 1 DAGs
[2024-05-08T13:28:59.164+0000] {logging_mixin.py:188} INFO - [2024-05-08T13:28:59.164+0000] {dag.py:3954} INFO - Setting next_dagrun for tutorial to 2024-05-07 00:00:00+00:00, run_after=2024-05-08 00:00:00+00:00
[2024-05-08T13:28:59.182+0000] {processor.py:183} INFO - Processing /home/denys/airflow_venv/lib/python3.12/site-packages/airflow/example_dags/tutorial.py took 0.046 seconds
[2024-05-08T13:29:56.799+0000] {processor.py:161} INFO - Started process (PID=3120) to work on /home/denys/airflow_venv/lib/python3.12/site-packages/airflow/example_dags/tutorial.py
[2024-05-08T13:29:56.801+0000] {processor.py:830} INFO - Processing file /home/denys/airflow_venv/lib/python3.12/site-packages/airflow/example_dags/tutorial.py for tasks to queue
[2024-05-08T13:29:56.802+0000] {logging_mixin.py:188} INFO - [2024-05-08T13:29:56.801+0000] {dagbag.py:545} INFO - Filling up the DagBag from /home/denys/airflow_venv/lib/python3.12/site-packages/airflow/example_dags/tutorial.py
[2024-05-08T13:29:56.806+0000] {processor.py:840} INFO - DAG(s) 'tutorial' retrieved from /home/denys/airflow_venv/lib/python3.12/site-packages/airflow/example_dags/tutorial.py
[2024-05-08T13:29:56.816+0000] {logging_mixin.py:188} INFO - [2024-05-08T13:29:56.816+0000] {dag.py:3096} INFO - Sync 1 DAGs
[2024-05-08T13:29:56.826+0000] {logging_mixin.py:188} INFO - [2024-05-08T13:29:56.826+0000] {dag.py:3954} INFO - Setting next_dagrun for tutorial to 2024-05-07 00:00:00+00:00, run_after=2024-05-08 00:00:00+00:00
[2024-05-08T13:29:56.845+0000] {processor.py:183} INFO - Processing /home/denys/airflow_venv/lib/python3.12/site-packages/airflow/example_dags/tutorial.py took 0.049 seconds
[2024-05-08T13:30:58.189+0000] {processor.py:161} INFO - Started process (PID=3187) to work on /home/denys/airflow_venv/lib/python3.12/site-packages/airflow/example_dags/tutorial.py
[2024-05-08T13:30:58.190+0000] {processor.py:830} INFO - Processing file /home/denys/airflow_venv/lib/python3.12/site-packages/airflow/example_dags/tutorial.py for tasks to queue
[2024-05-08T13:30:58.191+0000] {logging_mixin.py:188} INFO - [2024-05-08T13:30:58.191+0000] {dagbag.py:545} INFO - Filling up the DagBag from /home/denys/airflow_venv/lib/python3.12/site-packages/airflow/example_dags/tutorial.py
[2024-05-08T13:30:58.195+0000] {processor.py:840} INFO - DAG(s) 'tutorial' retrieved from /home/denys/airflow_venv/lib/python3.12/site-packages/airflow/example_dags/tutorial.py
[2024-05-08T13:30:58.204+0000] {logging_mixin.py:188} INFO - [2024-05-08T13:30:58.204+0000] {dag.py:3096} INFO - Sync 1 DAGs
[2024-05-08T13:30:58.214+0000] {logging_mixin.py:188} INFO - [2024-05-08T13:30:58.213+0000] {dag.py:3954} INFO - Setting next_dagrun for tutorial to 2024-05-07 00:00:00+00:00, run_after=2024-05-08 00:00:00+00:00
[2024-05-08T13:30:58.239+0000] {processor.py:183} INFO - Processing /home/denys/airflow_venv/lib/python3.12/site-packages/airflow/example_dags/tutorial.py took 0.053 seconds
[2024-05-08T13:31:58.704+0000] {processor.py:161} INFO - Started process (PID=3250) to work on /home/denys/airflow_venv/lib/python3.12/site-packages/airflow/example_dags/tutorial.py
[2024-05-08T13:31:58.705+0000] {processor.py:830} INFO - Processing file /home/denys/airflow_venv/lib/python3.12/site-packages/airflow/example_dags/tutorial.py for tasks to queue
[2024-05-08T13:31:58.706+0000] {logging_mixin.py:188} INFO - [2024-05-08T13:31:58.706+0000] {dagbag.py:545} INFO - Filling up the DagBag from /home/denys/airflow_venv/lib/python3.12/site-packages/airflow/example_dags/tutorial.py
[2024-05-08T13:31:58.711+0000] {processor.py:840} INFO - DAG(s) 'tutorial' retrieved from /home/denys/airflow_venv/lib/python3.12/site-packages/airflow/example_dags/tutorial.py
[2024-05-08T13:31:58.721+0000] {logging_mixin.py:188} INFO - [2024-05-08T13:31:58.720+0000] {dag.py:3096} INFO - Sync 1 DAGs
[2024-05-08T13:31:58.730+0000] {logging_mixin.py:188} INFO - [2024-05-08T13:31:58.730+0000] {dag.py:3954} INFO - Setting next_dagrun for tutorial to 2024-05-07 00:00:00+00:00, run_after=2024-05-08 00:00:00+00:00
[2024-05-08T13:31:58.753+0000] {processor.py:183} INFO - Processing /home/denys/airflow_venv/lib/python3.12/site-packages/airflow/example_dags/tutorial.py took 0.053 seconds
[2024-05-08T13:33:06.203+0000] {processor.py:161} INFO - Started process (PID=3317) to work on /home/denys/airflow_venv/lib/python3.12/site-packages/airflow/example_dags/tutorial.py
[2024-05-08T13:33:06.204+0000] {processor.py:830} INFO - Processing file /home/denys/airflow_venv/lib/python3.12/site-packages/airflow/example_dags/tutorial.py for tasks to queue
[2024-05-08T13:33:06.206+0000] {logging_mixin.py:188} INFO - [2024-05-08T13:33:06.205+0000] {dagbag.py:545} INFO - Filling up the DagBag from /home/denys/airflow_venv/lib/python3.12/site-packages/airflow/example_dags/tutorial.py
[2024-05-08T13:33:06.209+0000] {processor.py:840} INFO - DAG(s) 'tutorial' retrieved from /home/denys/airflow_venv/lib/python3.12/site-packages/airflow/example_dags/tutorial.py
[2024-05-08T13:33:06.219+0000] {logging_mixin.py:188} INFO - [2024-05-08T13:33:06.219+0000] {dag.py:3096} INFO - Sync 1 DAGs
[2024-05-08T13:33:06.230+0000] {logging_mixin.py:188} INFO - [2024-05-08T13:33:06.230+0000] {dag.py:3954} INFO - Setting next_dagrun for tutorial to 2024-05-07 00:00:00+00:00, run_after=2024-05-08 00:00:00+00:00
[2024-05-08T13:33:06.247+0000] {processor.py:183} INFO - Processing /home/denys/airflow_venv/lib/python3.12/site-packages/airflow/example_dags/tutorial.py took 0.047 seconds
[2024-05-08T13:34:09.193+0000] {processor.py:161} INFO - Started process (PID=3387) to work on /home/denys/airflow_venv/lib/python3.12/site-packages/airflow/example_dags/tutorial.py
[2024-05-08T13:34:09.195+0000] {processor.py:830} INFO - Processing file /home/denys/airflow_venv/lib/python3.12/site-packages/airflow/example_dags/tutorial.py for tasks to queue
[2024-05-08T13:34:09.196+0000] {logging_mixin.py:188} INFO - [2024-05-08T13:34:09.196+0000] {dagbag.py:545} INFO - Filling up the DagBag from /home/denys/airflow_venv/lib/python3.12/site-packages/airflow/example_dags/tutorial.py
[2024-05-08T13:34:09.200+0000] {processor.py:840} INFO - DAG(s) 'tutorial' retrieved from /home/denys/airflow_venv/lib/python3.12/site-packages/airflow/example_dags/tutorial.py
[2024-05-08T13:34:09.211+0000] {logging_mixin.py:188} INFO - [2024-05-08T13:34:09.211+0000] {dag.py:3096} INFO - Sync 1 DAGs
[2024-05-08T13:34:09.222+0000] {logging_mixin.py:188} INFO - [2024-05-08T13:34:09.222+0000] {dag.py:3954} INFO - Setting next_dagrun for tutorial to 2024-05-07 00:00:00+00:00, run_after=2024-05-08 00:00:00+00:00
[2024-05-08T13:34:09.243+0000] {processor.py:183} INFO - Processing /home/denys/airflow_venv/lib/python3.12/site-packages/airflow/example_dags/tutorial.py took 0.053 seconds
[2024-05-08T13:35:10.546+0000] {processor.py:161} INFO - Started process (PID=3453) to work on /home/denys/airflow_venv/lib/python3.12/site-packages/airflow/example_dags/tutorial.py
[2024-05-08T13:35:10.548+0000] {processor.py:830} INFO - Processing file /home/denys/airflow_venv/lib/python3.12/site-packages/airflow/example_dags/tutorial.py for tasks to queue
[2024-05-08T13:35:10.549+0000] {logging_mixin.py:188} INFO - [2024-05-08T13:35:10.548+0000] {dagbag.py:545} INFO - Filling up the DagBag from /home/denys/airflow_venv/lib/python3.12/site-packages/airflow/example_dags/tutorial.py
[2024-05-08T13:35:10.552+0000] {processor.py:840} INFO - DAG(s) 'tutorial' retrieved from /home/denys/airflow_venv/lib/python3.12/site-packages/airflow/example_dags/tutorial.py
[2024-05-08T13:35:10.561+0000] {logging_mixin.py:188} INFO - [2024-05-08T13:35:10.561+0000] {dag.py:3096} INFO - Sync 1 DAGs
[2024-05-08T13:35:10.572+0000] {logging_mixin.py:188} INFO - [2024-05-08T13:35:10.571+0000] {dag.py:3954} INFO - Setting next_dagrun for tutorial to 2024-05-07 00:00:00+00:00, run_after=2024-05-08 00:00:00+00:00
[2024-05-08T13:35:10.588+0000] {processor.py:183} INFO - Processing /home/denys/airflow_venv/lib/python3.12/site-packages/airflow/example_dags/tutorial.py took 0.045 seconds
[2024-05-08T13:36:10.475+0000] {processor.py:161} INFO - Started process (PID=3515) to work on /home/denys/airflow_venv/lib/python3.12/site-packages/airflow/example_dags/tutorial.py
[2024-05-08T13:36:10.477+0000] {processor.py:830} INFO - Processing file /home/denys/airflow_venv/lib/python3.12/site-packages/airflow/example_dags/tutorial.py for tasks to queue
[2024-05-08T13:36:10.478+0000] {logging_mixin.py:188} INFO - [2024-05-08T13:36:10.478+0000] {dagbag.py:545} INFO - Filling up the DagBag from /home/denys/airflow_venv/lib/python3.12/site-packages/airflow/example_dags/tutorial.py
[2024-05-08T13:36:10.483+0000] {processor.py:840} INFO - DAG(s) 'tutorial' retrieved from /home/denys/airflow_venv/lib/python3.12/site-packages/airflow/example_dags/tutorial.py
[2024-05-08T13:36:10.491+0000] {logging_mixin.py:188} INFO - [2024-05-08T13:36:10.491+0000] {dag.py:3096} INFO - Sync 1 DAGs
[2024-05-08T13:36:10.504+0000] {logging_mixin.py:188} INFO - [2024-05-08T13:36:10.504+0000] {dag.py:3954} INFO - Setting next_dagrun for tutorial to 2024-05-07 00:00:00+00:00, run_after=2024-05-08 00:00:00+00:00
[2024-05-08T13:36:10.521+0000] {processor.py:183} INFO - Processing /home/denys/airflow_venv/lib/python3.12/site-packages/airflow/example_dags/tutorial.py took 0.049 seconds
[2024-05-08T13:37:13.010+0000] {processor.py:161} INFO - Started process (PID=3581) to work on /home/denys/airflow_venv/lib/python3.12/site-packages/airflow/example_dags/tutorial.py
[2024-05-08T13:37:13.012+0000] {processor.py:830} INFO - Processing file /home/denys/airflow_venv/lib/python3.12/site-packages/airflow/example_dags/tutorial.py for tasks to queue
[2024-05-08T13:37:13.012+0000] {logging_mixin.py:188} INFO - [2024-05-08T13:37:13.012+0000] {dagbag.py:545} INFO - Filling up the DagBag from /home/denys/airflow_venv/lib/python3.12/site-packages/airflow/example_dags/tutorial.py
[2024-05-08T13:37:13.016+0000] {processor.py:840} INFO - DAG(s) 'tutorial' retrieved from /home/denys/airflow_venv/lib/python3.12/site-packages/airflow/example_dags/tutorial.py
[2024-05-08T13:37:13.026+0000] {logging_mixin.py:188} INFO - [2024-05-08T13:37:13.026+0000] {dag.py:3096} INFO - Sync 1 DAGs
[2024-05-08T13:37:13.037+0000] {logging_mixin.py:188} INFO - [2024-05-08T13:37:13.037+0000] {dag.py:3954} INFO - Setting next_dagrun for tutorial to 2024-05-07 00:00:00+00:00, run_after=2024-05-08 00:00:00+00:00
[2024-05-08T13:37:13.055+0000] {processor.py:183} INFO - Processing /home/denys/airflow_venv/lib/python3.12/site-packages/airflow/example_dags/tutorial.py took 0.048 seconds
[2024-05-08T13:38:22.836+0000] {processor.py:161} INFO - Started process (PID=3650) to work on /home/denys/airflow_venv/lib/python3.12/site-packages/airflow/example_dags/tutorial.py
[2024-05-08T13:38:22.840+0000] {processor.py:830} INFO - Processing file /home/denys/airflow_venv/lib/python3.12/site-packages/airflow/example_dags/tutorial.py for tasks to queue
[2024-05-08T13:38:22.842+0000] {logging_mixin.py:188} INFO - [2024-05-08T13:38:22.841+0000] {dagbag.py:545} INFO - Filling up the DagBag from /home/denys/airflow_venv/lib/python3.12/site-packages/airflow/example_dags/tutorial.py
[2024-05-08T13:38:22.846+0000] {processor.py:840} INFO - DAG(s) 'tutorial' retrieved from /home/denys/airflow_venv/lib/python3.12/site-packages/airflow/example_dags/tutorial.py
[2024-05-08T13:38:22.857+0000] {logging_mixin.py:188} INFO - [2024-05-08T13:38:22.856+0000] {dag.py:3096} INFO - Sync 1 DAGs
[2024-05-08T13:38:22.867+0000] {logging_mixin.py:188} INFO - [2024-05-08T13:38:22.867+0000] {dag.py:3954} INFO - Setting next_dagrun for tutorial to 2024-05-07 00:00:00+00:00, run_after=2024-05-08 00:00:00+00:00
[2024-05-08T13:38:22.891+0000] {processor.py:183} INFO - Processing /home/denys/airflow_venv/lib/python3.12/site-packages/airflow/example_dags/tutorial.py took 0.058 seconds
[2024-05-08T13:39:24.942+0000] {processor.py:161} INFO - Started process (PID=3715) to work on /home/denys/airflow_venv/lib/python3.12/site-packages/airflow/example_dags/tutorial.py
[2024-05-08T13:39:24.944+0000] {processor.py:830} INFO - Processing file /home/denys/airflow_venv/lib/python3.12/site-packages/airflow/example_dags/tutorial.py for tasks to queue
[2024-05-08T13:39:24.945+0000] {logging_mixin.py:188} INFO - [2024-05-08T13:39:24.945+0000] {dagbag.py:545} INFO - Filling up the DagBag from /home/denys/airflow_venv/lib/python3.12/site-packages/airflow/example_dags/tutorial.py
[2024-05-08T13:39:24.949+0000] {processor.py:840} INFO - DAG(s) 'tutorial' retrieved from /home/denys/airflow_venv/lib/python3.12/site-packages/airflow/example_dags/tutorial.py
[2024-05-08T13:39:24.959+0000] {logging_mixin.py:188} INFO - [2024-05-08T13:39:24.959+0000] {dag.py:3096} INFO - Sync 1 DAGs
[2024-05-08T13:39:24.970+0000] {logging_mixin.py:188} INFO - [2024-05-08T13:39:24.970+0000] {dag.py:3954} INFO - Setting next_dagrun for tutorial to 2024-05-07 00:00:00+00:00, run_after=2024-05-08 00:00:00+00:00
[2024-05-08T13:39:24.992+0000] {processor.py:183} INFO - Processing /home/denys/airflow_venv/lib/python3.12/site-packages/airflow/example_dags/tutorial.py took 0.053 seconds
[2024-05-08T13:40:36.990+0000] {processor.py:161} INFO - Started process (PID=3786) to work on /home/denys/airflow_venv/lib/python3.12/site-packages/airflow/example_dags/tutorial.py
[2024-05-08T13:40:36.992+0000] {processor.py:830} INFO - Processing file /home/denys/airflow_venv/lib/python3.12/site-packages/airflow/example_dags/tutorial.py for tasks to queue
[2024-05-08T13:40:36.993+0000] {logging_mixin.py:188} INFO - [2024-05-08T13:40:36.993+0000] {dagbag.py:545} INFO - Filling up the DagBag from /home/denys/airflow_venv/lib/python3.12/site-packages/airflow/example_dags/tutorial.py
[2024-05-08T13:40:36.997+0000] {processor.py:840} INFO - DAG(s) 'tutorial' retrieved from /home/denys/airflow_venv/lib/python3.12/site-packages/airflow/example_dags/tutorial.py
[2024-05-08T13:40:37.008+0000] {logging_mixin.py:188} INFO - [2024-05-08T13:40:37.008+0000] {dag.py:3096} INFO - Sync 1 DAGs
[2024-05-08T13:40:37.019+0000] {logging_mixin.py:188} INFO - [2024-05-08T13:40:37.019+0000] {dag.py:3954} INFO - Setting next_dagrun for tutorial to 2024-05-07 00:00:00+00:00, run_after=2024-05-08 00:00:00+00:00
[2024-05-08T13:40:37.040+0000] {processor.py:183} INFO - Processing /home/denys/airflow_venv/lib/python3.12/site-packages/airflow/example_dags/tutorial.py took 0.053 seconds
[2024-05-08T13:41:29.060+0000] {processor.py:161} INFO - Started process (PID=3838) to work on /home/denys/airflow_venv/lib/python3.12/site-packages/airflow/example_dags/tutorial.py
[2024-05-08T13:41:29.062+0000] {processor.py:830} INFO - Processing file /home/denys/airflow_venv/lib/python3.12/site-packages/airflow/example_dags/tutorial.py for tasks to queue
[2024-05-08T13:41:29.064+0000] {logging_mixin.py:188} INFO - [2024-05-08T13:41:29.064+0000] {dagbag.py:545} INFO - Filling up the DagBag from /home/denys/airflow_venv/lib/python3.12/site-packages/airflow/example_dags/tutorial.py
[2024-05-08T13:41:29.068+0000] {processor.py:840} INFO - DAG(s) 'tutorial' retrieved from /home/denys/airflow_venv/lib/python3.12/site-packages/airflow/example_dags/tutorial.py
[2024-05-08T13:41:29.077+0000] {logging_mixin.py:188} INFO - [2024-05-08T13:41:29.077+0000] {dag.py:3096} INFO - Sync 1 DAGs
[2024-05-08T13:41:29.087+0000] {logging_mixin.py:188} INFO - [2024-05-08T13:41:29.087+0000] {dag.py:3954} INFO - Setting next_dagrun for tutorial to 2024-05-07 00:00:00+00:00, run_after=2024-05-08 00:00:00+00:00
[2024-05-08T13:41:29.109+0000] {processor.py:183} INFO - Processing /home/denys/airflow_venv/lib/python3.12/site-packages/airflow/example_dags/tutorial.py took 0.052 seconds
[2024-05-08T13:42:34.645+0000] {processor.py:161} INFO - Started process (PID=3904) to work on /home/denys/airflow_venv/lib/python3.12/site-packages/airflow/example_dags/tutorial.py
[2024-05-08T13:42:34.646+0000] {processor.py:830} INFO - Processing file /home/denys/airflow_venv/lib/python3.12/site-packages/airflow/example_dags/tutorial.py for tasks to queue
[2024-05-08T13:42:34.648+0000] {logging_mixin.py:188} INFO - [2024-05-08T13:42:34.647+0000] {dagbag.py:545} INFO - Filling up the DagBag from /home/denys/airflow_venv/lib/python3.12/site-packages/airflow/example_dags/tutorial.py
[2024-05-08T13:42:34.652+0000] {processor.py:840} INFO - DAG(s) 'tutorial' retrieved from /home/denys/airflow_venv/lib/python3.12/site-packages/airflow/example_dags/tutorial.py
[2024-05-08T13:42:34.663+0000] {logging_mixin.py:188} INFO - [2024-05-08T13:42:34.663+0000] {dag.py:3096} INFO - Sync 1 DAGs
[2024-05-08T13:42:34.674+0000] {logging_mixin.py:188} INFO - [2024-05-08T13:42:34.674+0000] {dag.py:3954} INFO - Setting next_dagrun for tutorial to 2024-05-07 00:00:00+00:00, run_after=2024-05-08 00:00:00+00:00
[2024-05-08T13:42:34.691+0000] {processor.py:183} INFO - Processing /home/denys/airflow_venv/lib/python3.12/site-packages/airflow/example_dags/tutorial.py took 0.051 seconds
