[2024-05-13T08:38:05.613+0000] {local_task_job_runner.py:120} INFO - ::group::Pre task execution logs
[2024-05-13T08:38:05.715+0000] {taskinstance.py:2076} INFO - Dependencies all met for dep_context=non-requeueable deps ti=<TaskInstance: weather_dag.extract_weather_data scheduled__2024-05-12T00:00:00+00:00 [queued]>
[2024-05-13T08:38:06.071+0000] {taskinstance.py:2076} INFO - Dependencies all met for dep_context=requeueable deps ti=<TaskInstance: weather_dag.extract_weather_data scheduled__2024-05-12T00:00:00+00:00 [queued]>
[2024-05-13T08:38:06.091+0000] {taskinstance.py:2306} INFO - Starting attempt 1 of 3
[2024-05-13T08:38:06.886+0000] {taskinstance.py:2330} INFO - Executing <Task(SimpleHttpOperator): extract_weather_data> on 2024-05-12 00:00:00+00:00
[2024-05-13T08:38:06.901+0000] {standard_task_runner.py:63} INFO - Started process 2434 to run task
[2024-05-13T08:38:06.921+0000] {standard_task_runner.py:90} INFO - Running: ['airflow', 'tasks', 'run', 'weather_dag', 'extract_weather_data', 'scheduled__2024-05-12T00:00:00+00:00', '--job-id', '47', '--raw', '--subdir', 'DAGS_FOLDER/weather_dag.py', '--cfg-path', '/tmp/tmpzfds1ha7']
[2024-05-13T08:38:06.926+0000] {standard_task_runner.py:91} INFO - Job 47: Subtask extract_weather_data
[2024-05-13T08:38:07.310+0000] {task_command.py:426} INFO - Running <TaskInstance: weather_dag.extract_weather_data scheduled__2024-05-12T00:00:00+00:00 [running]> on host ubuntu2204
[2024-05-13T08:38:07.658+0000] {taskinstance.py:2648} INFO - Exporting env vars: AIRFLOW_CTX_DAG_EMAIL='test@gmail.com' AIRFLOW_CTX_DAG_OWNER='airflow' AIRFLOW_CTX_DAG_ID='weather_dag' AIRFLOW_CTX_TASK_ID='extract_weather_data' AIRFLOW_CTX_EXECUTION_DATE='2024-05-12T00:00:00+00:00' AIRFLOW_CTX_TRY_NUMBER='1' AIRFLOW_CTX_DAG_RUN_ID='scheduled__2024-05-12T00:00:00+00:00'
[2024-05-13T08:38:07.675+0000] {taskinstance.py:430} INFO - ::endgroup::
[2024-05-13T08:38:07.679+0000] {http.py:169} INFO - Calling HTTP method
[2024-05-13T08:38:07.694+0000] {base.py:84} INFO - Using connection ID 'weathermap_api' for task execution.
[2024-05-13T08:38:07.714+0000] {base.py:84} INFO - Using connection ID 'weathermap_api' for task execution.
[2024-05-13T08:38:08.214+0000] {http.py:208} INFO - {"coord":{"lon":30.5167,"lat":50.4333},"weather":[{"id":804,"main":"Clouds","description":"overcast clouds","icon":"04d"}],"base":"stations","main":{"temp":284.11,"feels_like":282.62,"temp_min":284.07,"temp_max":284.11,"pressure":1020,"humidity":52},"visibility":10000,"wind":{"speed":0.45,"deg":339,"gust":3.13},"clouds":{"all":100},"dt":1715588923,"sys":{"type":2,"id":2003742,"country":"UA","sunrise":1715566375,"sunset":1715621746},"timezone":10800,"id":703448,"name":"Kyiv","cod":200}
[2024-05-13T08:38:08.225+0000] {taskinstance.py:441} INFO - ::group::Post task execution logs
[2024-05-13T08:38:08.326+0000] {taskinstance.py:1206} INFO - Marking task as SUCCESS. dag_id=weather_dag, task_id=extract_weather_data, run_id=scheduled__2024-05-12T00:00:00+00:00, execution_date=20240512T000000, start_date=20240513T083805, end_date=20240513T083808
[2024-05-13T08:38:08.421+0000] {local_task_job_runner.py:240} INFO - Task exited with return code 0
[2024-05-13T08:38:08.718+0000] {logging_mixin.py:188} WARNING - /home/denys/airflow_venv/lib/python3.12/site-packages/airflow/models/baseoperator.py:1296 AirflowProviderDeprecationWarning: Call to deprecated class SimpleHttpOperator. (Class `SimpleHttpOperator` is deprecated and will be removed in a future release. Please use `HttpOperator` instead.)
[2024-05-13T08:38:08.973+0000] {taskinstance.py:3498} INFO - 1 downstream tasks scheduled from follow-on schedule check
[2024-05-13T08:38:09.020+0000] {local_task_job_runner.py:222} INFO - ::endgroup::
