[2024-05-22T13:58:45.089+0000] {local_task_job_runner.py:120} INFO - ::group::Pre task execution logs
[2024-05-22T13:58:45.124+0000] {taskinstance.py:2076} INFO - Dependencies all met for dep_context=non-requeueable deps ti=<TaskInstance: weather_dag_parallel.group_a.truncate_table_city_look_up manual__2024-05-22T13:58:11.422244+00:00 [queued]>
[2024-05-22T13:58:45.145+0000] {taskinstance.py:2076} INFO - Dependencies all met for dep_context=requeueable deps ti=<TaskInstance: weather_dag_parallel.group_a.truncate_table_city_look_up manual__2024-05-22T13:58:11.422244+00:00 [queued]>
[2024-05-22T13:58:45.146+0000] {taskinstance.py:2306} INFO - Starting attempt 1 of 3
[2024-05-22T13:58:45.220+0000] {taskinstance.py:2330} INFO - Executing <Task(PostgresOperator): group_a.truncate_table_city_look_up> on 2024-05-22 13:58:11.422244+00:00
[2024-05-22T13:58:45.236+0000] {standard_task_runner.py:63} INFO - Started process 48732 to run task
[2024-05-22T13:58:45.247+0000] {standard_task_runner.py:90} INFO - Running: ['airflow', 'tasks', 'run', 'weather_dag_parallel', 'group_a.truncate_table_city_look_up', 'manual__2024-05-22T13:58:11.422244+00:00', '--job-id', '69', '--raw', '--subdir', 'DAGS_FOLDER/weatherapi_dag.py', '--cfg-path', '/tmp/tmpboshy_8t']
[2024-05-22T13:58:45.251+0000] {standard_task_runner.py:91} INFO - Job 69: Subtask group_a.truncate_table_city_look_up
[2024-05-22T13:58:45.383+0000] {task_command.py:426} INFO - Running <TaskInstance: weather_dag_parallel.group_a.truncate_table_city_look_up manual__2024-05-22T13:58:11.422244+00:00 [running]> on host ubuntu2204
[2024-05-22T13:58:45.583+0000] {taskinstance.py:2648} INFO - Exporting env vars: AIRFLOW_CTX_DAG_EMAIL='test@gmail.com' AIRFLOW_CTX_DAG_OWNER='airflow' AIRFLOW_CTX_DAG_ID='weather_dag_parallel' AIRFLOW_CTX_TASK_ID='group_a.truncate_table_city_look_up' AIRFLOW_CTX_EXECUTION_DATE='2024-05-22T13:58:11.422244+00:00' AIRFLOW_CTX_TRY_NUMBER='1' AIRFLOW_CTX_DAG_RUN_ID='manual__2024-05-22T13:58:11.422244+00:00'
[2024-05-22T13:58:45.586+0000] {taskinstance.py:430} INFO - ::endgroup::
[2024-05-22T13:58:45.618+0000] {sql.py:276} INFO - Executing: TRUNCATE TABLE city_look_up;
            
[2024-05-22T13:58:45.631+0000] {base.py:84} INFO - Using connection ID '***_conn' for task execution.
[2024-05-22T13:58:45.696+0000] {base.py:84} INFO - Using connection ID '***_conn' for task execution.
[2024-05-22T13:58:46.300+0000] {sql.py:486} INFO - Running statement: TRUNCATE TABLE city_look_up;
            , parameters: None
[2024-05-22T13:58:46.455+0000] {taskinstance.py:441} INFO - ::group::Post task execution logs
[2024-05-22T13:58:46.465+0000] {taskinstance.py:1206} INFO - Marking task as SUCCESS. dag_id=weather_dag_parallel, task_id=group_a.truncate_table_city_look_up, run_id=manual__2024-05-22T13:58:11.422244+00:00, execution_date=20240522T135811, start_date=20240522T135845, end_date=20240522T135846
[2024-05-22T13:58:46.558+0000] {local_task_job_runner.py:240} INFO - Task exited with return code 0
[2024-05-22T13:58:46.596+0000] {logging_mixin.py:188} WARNING - /home/denys/airflow_venv/lib/python3.12/site-packages/airflow/models/baseoperator.py:1296 AirflowProviderDeprecationWarning: Call to deprecated class PostgresOperator. (Please use `airflow.providers.common.sql.operators.sql.SQLExecuteQueryOperator`.Also, you can provide `hook_params={'schema': <database>}`.)
[2024-05-22T13:58:46.650+0000] {taskinstance.py:3498} INFO - 1 downstream tasks scheduled from follow-on schedule check
[2024-05-22T13:58:46.699+0000] {local_task_job_runner.py:222} INFO - ::endgroup::
