[2024-05-23T11:03:28.717+0000] {local_task_job_runner.py:120} INFO - ::group::Pre task execution logs
[2024-05-23T11:03:28.766+0000] {taskinstance.py:2076} INFO - Dependencies all met for dep_context=non-requeueable deps ti=<TaskInstance: weather_dag_parallel.group_a.is_weater_api_ready manual__2024-05-23T11:02:24.641410+00:00 [queued]>
[2024-05-23T11:03:28.791+0000] {taskinstance.py:2076} INFO - Dependencies all met for dep_context=requeueable deps ti=<TaskInstance: weather_dag_parallel.group_a.is_weater_api_ready manual__2024-05-23T11:02:24.641410+00:00 [queued]>
[2024-05-23T11:03:28.795+0000] {taskinstance.py:2306} INFO - Starting attempt 1 of 3
[2024-05-23T11:03:28.907+0000] {taskinstance.py:2330} INFO - Executing <Task(HttpSensor): group_a.is_weater_api_ready> on 2024-05-23 11:02:24.641410+00:00
[2024-05-23T11:03:28.925+0000] {standard_task_runner.py:63} INFO - Started process 84351 to run task
[2024-05-23T11:03:28.949+0000] {standard_task_runner.py:90} INFO - Running: ['airflow', 'tasks', 'run', 'weather_dag_parallel', 'group_a.is_weater_api_ready', 'manual__2024-05-23T11:02:24.641410+00:00', '--job-id', '189', '--raw', '--subdir', 'DAGS_FOLDER/weatherapi_dag.py', '--cfg-path', '/tmp/tmp5joi5fwe']
[2024-05-23T11:03:28.958+0000] {standard_task_runner.py:91} INFO - Job 189: Subtask group_a.is_weater_api_ready
[2024-05-23T11:03:29.138+0000] {task_command.py:426} INFO - Running <TaskInstance: weather_dag_parallel.group_a.is_weater_api_ready manual__2024-05-23T11:02:24.641410+00:00 [running]> on host ubuntu2204
[2024-05-23T11:03:29.447+0000] {taskinstance.py:2648} INFO - Exporting env vars: AIRFLOW_CTX_DAG_EMAIL='test@gmail.com' AIRFLOW_CTX_DAG_OWNER='airflow' AIRFLOW_CTX_DAG_ID='weather_dag_parallel' AIRFLOW_CTX_TASK_ID='group_a.is_weater_api_ready' AIRFLOW_CTX_EXECUTION_DATE='2024-05-23T11:02:24.641410+00:00' AIRFLOW_CTX_TRY_NUMBER='1' AIRFLOW_CTX_DAG_RUN_ID='manual__2024-05-23T11:02:24.641410+00:00'
[2024-05-23T11:03:29.455+0000] {taskinstance.py:430} INFO - ::endgroup::
[2024-05-23T11:03:29.499+0000] {baseoperator.py:399} WARNING - HttpSensor.execute cannot be called outside TaskInstance!
[2024-05-23T11:03:29.504+0000] {http.py:137} INFO - Poking: /data/2.5/weather?q=Kyiv&appid=a2fc2ab52b832be75e0040a88f3e406a
[2024-05-23T11:03:29.534+0000] {base.py:84} INFO - Using connection ID 'weathermap_api' for task execution.
[2024-05-23T11:03:30.145+0000] {base.py:294} INFO - Success criteria met. Exiting.
[2024-05-23T11:03:30.152+0000] {taskinstance.py:441} INFO - ::group::Post task execution logs
[2024-05-23T11:03:30.165+0000] {taskinstance.py:1206} INFO - Marking task as SUCCESS. dag_id=weather_dag_parallel, task_id=group_a.is_weater_api_ready, run_id=manual__2024-05-23T11:02:24.641410+00:00, execution_date=20240523T110224, start_date=20240523T110328, end_date=20240523T110330
[2024-05-23T11:03:30.308+0000] {local_task_job_runner.py:240} INFO - Task exited with return code 0
[2024-05-23T11:03:30.395+0000] {logging_mixin.py:188} WARNING - /home/denys/airflow_venv/lib/python3.12/site-packages/airflow/models/baseoperator.py:1296 AirflowProviderDeprecationWarning: Call to deprecated class SimpleHttpOperator. (Class `SimpleHttpOperator` is deprecated and will be removed in a future release. Please use `HttpOperator` instead.)
[2024-05-23T11:03:30.401+0000] {logging_mixin.py:188} WARNING - /home/denys/airflow_venv/lib/python3.12/site-packages/airflow/models/baseoperator.py:1296 AirflowProviderDeprecationWarning: Call to deprecated class PostgresOperator. (Please use `airflow.providers.common.sql.operators.sql.SQLExecuteQueryOperator`.Also, you can provide `hook_params={'schema': <database>}`.)
[2024-05-23T11:03:30.465+0000] {taskinstance.py:3498} INFO - 1 downstream tasks scheduled from follow-on schedule check
[2024-05-23T11:03:30.512+0000] {local_task_job_runner.py:222} INFO - ::endgroup::
