[2024-05-09T09:03:23.216+0000] {local_task_job_runner.py:120} INFO - ::group::Pre task execution logs
[2024-05-09T09:03:23.257+0000] {taskinstance.py:2076} INFO - Dependencies all met for dep_context=non-requeueable deps ti=<TaskInstance: weather_dag.extract_weather_data manual__2024-05-09T09:03:03.029793+00:00 [queued]>
[2024-05-09T09:03:23.270+0000] {taskinstance.py:2076} INFO - Dependencies all met for dep_context=requeueable deps ti=<TaskInstance: weather_dag.extract_weather_data manual__2024-05-09T09:03:03.029793+00:00 [queued]>
[2024-05-09T09:03:23.270+0000] {taskinstance.py:2306} INFO - Starting attempt 1 of 3
[2024-05-09T09:03:23.330+0000] {taskinstance.py:2330} INFO - Executing <Task(SimpleHttpOperator): extract_weather_data> on 2024-05-09 09:03:03.029793+00:00
[2024-05-09T09:03:23.348+0000] {standard_task_runner.py:63} INFO - Started process 43320 to run task
[2024-05-09T09:03:23.360+0000] {standard_task_runner.py:90} INFO - Running: ['airflow', 'tasks', 'run', 'weather_dag', 'extract_weather_data', 'manual__2024-05-09T09:03:03.029793+00:00', '--job-id', '17', '--raw', '--subdir', 'DAGS_FOLDER/weather_dag.py', '--cfg-path', '/tmp/tmpdfz7z6sg']
[2024-05-09T09:03:23.365+0000] {standard_task_runner.py:91} INFO - Job 17: Subtask extract_weather_data
[2024-05-09T09:03:23.489+0000] {task_command.py:426} INFO - Running <TaskInstance: weather_dag.extract_weather_data manual__2024-05-09T09:03:03.029793+00:00 [running]> on host ubuntu2204
[2024-05-09T09:03:23.760+0000] {taskinstance.py:2648} INFO - Exporting env vars: AIRFLOW_CTX_DAG_EMAIL='test@gmail.com' AIRFLOW_CTX_DAG_OWNER='airflow' AIRFLOW_CTX_DAG_ID='weather_dag' AIRFLOW_CTX_TASK_ID='extract_weather_data' AIRFLOW_CTX_EXECUTION_DATE='2024-05-09T09:03:03.029793+00:00' AIRFLOW_CTX_TRY_NUMBER='1' AIRFLOW_CTX_DAG_RUN_ID='manual__2024-05-09T09:03:03.029793+00:00'
[2024-05-09T09:03:23.769+0000] {taskinstance.py:430} INFO - ::endgroup::
[2024-05-09T09:03:23.771+0000] {http.py:169} INFO - Calling HTTP method
[2024-05-09T09:03:23.784+0000] {base.py:84} INFO - Using connection ID 'weathermap_api' for task execution.
[2024-05-09T09:03:23.798+0000] {base.py:84} INFO - Using connection ID 'weathermap_api' for task execution.
[2024-05-09T09:03:24.784+0000] {http.py:208} INFO - {"coord":{"lon":30.5167,"lat":50.4333},"weather":[{"id":804,"main":"Clouds","description":"overcast clouds","icon":"04d"}],"base":"stations","main":{"temp":284.34,"feels_like":282.51,"temp_min":284.34,"temp_max":284.34,"pressure":1026,"humidity":38,"sea_level":1026,"grnd_level":1010},"visibility":10000,"wind":{"speed":2.63,"deg":30,"gust":2.63},"clouds":{"all":97},"dt":1715245201,"sys":{"country":"UA","sunrise":1715221140,"sunset":1715275786},"timezone":10800,"id":703448,"name":"Kyiv","cod":200}
[2024-05-09T09:03:24.795+0000] {taskinstance.py:441} INFO - ::group::Post task execution logs
[2024-05-09T09:03:24.897+0000] {taskinstance.py:1206} INFO - Marking task as SUCCESS. dag_id=weather_dag, task_id=extract_weather_data, run_id=manual__2024-05-09T09:03:03.029793+00:00, execution_date=20240509T090303, start_date=20240509T090323, end_date=20240509T090324
[2024-05-09T09:03:24.984+0000] {local_task_job_runner.py:240} INFO - Task exited with return code 0
[2024-05-09T09:03:25.015+0000] {logging_mixin.py:188} WARNING - /home/denys/airflow_venv/lib/python3.12/site-packages/airflow/models/baseoperator.py:1296 AirflowProviderDeprecationWarning: Call to deprecated class SimpleHttpOperator. (Class `SimpleHttpOperator` is deprecated and will be removed in a future release. Please use `HttpOperator` instead.)
[2024-05-09T09:03:25.042+0000] {taskinstance.py:3498} INFO - 1 downstream tasks scheduled from follow-on schedule check
[2024-05-09T09:03:25.070+0000] {local_task_job_runner.py:222} INFO - ::endgroup::
