[2024-05-23T10:41:22.172+0000] {local_task_job_runner.py:120} INFO - ::group::Pre task execution logs
[2024-05-23T10:41:22.209+0000] {taskinstance.py:2076} INFO - Dependencies all met for dep_context=non-requeueable deps ti=<TaskInstance: weather_dag_parallel.group_a.load_weather_data manual__2024-05-23T10:04:19.618668+00:00 [queued]>
[2024-05-23T10:41:22.235+0000] {taskinstance.py:2076} INFO - Dependencies all met for dep_context=requeueable deps ti=<TaskInstance: weather_dag_parallel.group_a.load_weather_data manual__2024-05-23T10:04:19.618668+00:00 [queued]>
[2024-05-23T10:41:22.237+0000] {taskinstance.py:2306} INFO - Starting attempt 2 of 4
[2024-05-23T10:41:22.348+0000] {taskinstance.py:2330} INFO - Executing <Task(PythonOperator): group_a.load_weather_data> on 2024-05-23 10:04:19.618668+00:00
[2024-05-23T10:41:22.361+0000] {standard_task_runner.py:63} INFO - Started process 76071 to run task
[2024-05-23T10:41:22.389+0000] {standard_task_runner.py:90} INFO - Running: ['airflow', 'tasks', 'run', 'weather_dag_parallel', 'group_a.load_weather_data', 'manual__2024-05-23T10:04:19.618668+00:00', '--job-id', '173', '--raw', '--subdir', 'DAGS_FOLDER/weatherapi_dag.py', '--cfg-path', '/tmp/tmphu84nw_7']
[2024-05-23T10:41:22.398+0000] {standard_task_runner.py:91} INFO - Job 173: Subtask group_a.load_weather_data
[2024-05-23T10:41:22.551+0000] {task_command.py:426} INFO - Running <TaskInstance: weather_dag_parallel.group_a.load_weather_data manual__2024-05-23T10:04:19.618668+00:00 [running]> on host ubuntu2204
[2024-05-23T10:41:22.819+0000] {taskinstance.py:2648} INFO - Exporting env vars: AIRFLOW_CTX_DAG_EMAIL='test@gmail.com' AIRFLOW_CTX_DAG_OWNER='airflow' AIRFLOW_CTX_DAG_ID='weather_dag_parallel' AIRFLOW_CTX_TASK_ID='group_a.load_weather_data' AIRFLOW_CTX_EXECUTION_DATE='2024-05-23T10:04:19.618668+00:00' AIRFLOW_CTX_TRY_NUMBER='2' AIRFLOW_CTX_DAG_RUN_ID='manual__2024-05-23T10:04:19.618668+00:00'
[2024-05-23T10:41:22.828+0000] {taskinstance.py:430} INFO - ::endgroup::
[2024-05-23T10:41:22.941+0000] {postgres.py:176} INFO - Running copy expert: COPY weather_data FROM stdin WITH DELIMITER AS ',', filename: current_weather_data_kyiv.csv
[2024-05-23T10:41:22.972+0000] {base.py:84} INFO - Using connection ID '***_conn' for task execution.
[2024-05-23T10:41:23.748+0000] {python.py:237} INFO - Done. Returned value was: None
[2024-05-23T10:41:23.751+0000] {taskinstance.py:441} INFO - ::group::Post task execution logs
[2024-05-23T10:41:23.765+0000] {taskinstance.py:1206} INFO - Marking task as SUCCESS. dag_id=weather_dag_parallel, task_id=group_a.load_weather_data, run_id=manual__2024-05-23T10:04:19.618668+00:00, execution_date=20240523T100419, start_date=20240523T104122, end_date=20240523T104123
[2024-05-23T10:41:23.939+0000] {local_task_job_runner.py:240} INFO - Task exited with return code 0
[2024-05-23T10:41:24.019+0000] {logging_mixin.py:188} WARNING - /home/denys/airflow_venv/lib/python3.12/site-packages/airflow/models/baseoperator.py:1296 AirflowProviderDeprecationWarning: Call to deprecated class PostgresOperator. (Please use `airflow.providers.common.sql.operators.sql.SQLExecuteQueryOperator`.Also, you can provide `hook_params={'schema': <database>}`.)
[2024-05-23T10:41:24.076+0000] {taskinstance.py:3498} INFO - 1 downstream tasks scheduled from follow-on schedule check
[2024-05-23T10:41:24.124+0000] {local_task_job_runner.py:222} INFO - ::endgroup::
