[2024-05-08T13:12:29.970+0000] {processor.py:161} INFO - Started process (PID=1903) to work on /home/denys/airflow_venv/lib/python3.12/site-packages/airflow/example_dags/plugins/event_listener.py
[2024-05-08T13:12:29.970+0000] {processor.py:830} INFO - Processing file /home/denys/airflow_venv/lib/python3.12/site-packages/airflow/example_dags/plugins/event_listener.py for tasks to queue
[2024-05-08T13:12:29.971+0000] {logging_mixin.py:188} INFO - [2024-05-08T13:12:29.971+0000] {dagbag.py:545} INFO - Filling up the DagBag from /home/denys/airflow_venv/lib/python3.12/site-packages/airflow/example_dags/plugins/event_listener.py
[2024-05-08T13:12:29.973+0000] {processor.py:842} WARNING - No viable dags retrieved from /home/denys/airflow_venv/lib/python3.12/site-packages/airflow/example_dags/plugins/event_listener.py
[2024-05-08T13:12:29.979+0000] {processor.py:183} INFO - Processing /home/denys/airflow_venv/lib/python3.12/site-packages/airflow/example_dags/plugins/event_listener.py took 0.012 seconds
[2024-05-08T13:13:33.645+0000] {processor.py:161} INFO - Started process (PID=1974) to work on /home/denys/airflow_venv/lib/python3.12/site-packages/airflow/example_dags/plugins/event_listener.py
[2024-05-08T13:13:33.648+0000] {processor.py:830} INFO - Processing file /home/denys/airflow_venv/lib/python3.12/site-packages/airflow/example_dags/plugins/event_listener.py for tasks to queue
[2024-05-08T13:13:33.649+0000] {logging_mixin.py:188} INFO - [2024-05-08T13:13:33.649+0000] {dagbag.py:545} INFO - Filling up the DagBag from /home/denys/airflow_venv/lib/python3.12/site-packages/airflow/example_dags/plugins/event_listener.py
[2024-05-08T13:13:33.650+0000] {processor.py:842} WARNING - No viable dags retrieved from /home/denys/airflow_venv/lib/python3.12/site-packages/airflow/example_dags/plugins/event_listener.py
[2024-05-08T13:13:33.657+0000] {processor.py:183} INFO - Processing /home/denys/airflow_venv/lib/python3.12/site-packages/airflow/example_dags/plugins/event_listener.py took 0.016 seconds
[2024-05-08T13:14:38.174+0000] {processor.py:161} INFO - Started process (PID=2040) to work on /home/denys/airflow_venv/lib/python3.12/site-packages/airflow/example_dags/plugins/event_listener.py
[2024-05-08T13:14:38.175+0000] {processor.py:830} INFO - Processing file /home/denys/airflow_venv/lib/python3.12/site-packages/airflow/example_dags/plugins/event_listener.py for tasks to queue
[2024-05-08T13:14:38.176+0000] {logging_mixin.py:188} INFO - [2024-05-08T13:14:38.176+0000] {dagbag.py:545} INFO - Filling up the DagBag from /home/denys/airflow_venv/lib/python3.12/site-packages/airflow/example_dags/plugins/event_listener.py
[2024-05-08T13:14:38.178+0000] {processor.py:842} WARNING - No viable dags retrieved from /home/denys/airflow_venv/lib/python3.12/site-packages/airflow/example_dags/plugins/event_listener.py
[2024-05-08T13:14:38.185+0000] {processor.py:183} INFO - Processing /home/denys/airflow_venv/lib/python3.12/site-packages/airflow/example_dags/plugins/event_listener.py took 0.013 seconds
[2024-05-08T13:15:41.376+0000] {processor.py:161} INFO - Started process (PID=2108) to work on /home/denys/airflow_venv/lib/python3.12/site-packages/airflow/example_dags/plugins/event_listener.py
[2024-05-08T13:15:41.378+0000] {processor.py:830} INFO - Processing file /home/denys/airflow_venv/lib/python3.12/site-packages/airflow/example_dags/plugins/event_listener.py for tasks to queue
[2024-05-08T13:15:41.379+0000] {logging_mixin.py:188} INFO - [2024-05-08T13:15:41.378+0000] {dagbag.py:545} INFO - Filling up the DagBag from /home/denys/airflow_venv/lib/python3.12/site-packages/airflow/example_dags/plugins/event_listener.py
[2024-05-08T13:15:41.380+0000] {processor.py:842} WARNING - No viable dags retrieved from /home/denys/airflow_venv/lib/python3.12/site-packages/airflow/example_dags/plugins/event_listener.py
[2024-05-08T13:15:41.386+0000] {processor.py:183} INFO - Processing /home/denys/airflow_venv/lib/python3.12/site-packages/airflow/example_dags/plugins/event_listener.py took 0.013 seconds
[2024-05-08T13:16:43.613+0000] {processor.py:161} INFO - Started process (PID=2172) to work on /home/denys/airflow_venv/lib/python3.12/site-packages/airflow/example_dags/plugins/event_listener.py
[2024-05-08T13:16:43.614+0000] {processor.py:830} INFO - Processing file /home/denys/airflow_venv/lib/python3.12/site-packages/airflow/example_dags/plugins/event_listener.py for tasks to queue
[2024-05-08T13:16:43.615+0000] {logging_mixin.py:188} INFO - [2024-05-08T13:16:43.615+0000] {dagbag.py:545} INFO - Filling up the DagBag from /home/denys/airflow_venv/lib/python3.12/site-packages/airflow/example_dags/plugins/event_listener.py
[2024-05-08T13:16:43.616+0000] {processor.py:842} WARNING - No viable dags retrieved from /home/denys/airflow_venv/lib/python3.12/site-packages/airflow/example_dags/plugins/event_listener.py
[2024-05-08T13:16:43.623+0000] {processor.py:183} INFO - Processing /home/denys/airflow_venv/lib/python3.12/site-packages/airflow/example_dags/plugins/event_listener.py took 0.014 seconds
[2024-05-08T13:17:48.466+0000] {processor.py:161} INFO - Started process (PID=2243) to work on /home/denys/airflow_venv/lib/python3.12/site-packages/airflow/example_dags/plugins/event_listener.py
[2024-05-08T13:17:48.467+0000] {processor.py:830} INFO - Processing file /home/denys/airflow_venv/lib/python3.12/site-packages/airflow/example_dags/plugins/event_listener.py for tasks to queue
[2024-05-08T13:17:48.468+0000] {logging_mixin.py:188} INFO - [2024-05-08T13:17:48.468+0000] {dagbag.py:545} INFO - Filling up the DagBag from /home/denys/airflow_venv/lib/python3.12/site-packages/airflow/example_dags/plugins/event_listener.py
[2024-05-08T13:17:48.469+0000] {processor.py:842} WARNING - No viable dags retrieved from /home/denys/airflow_venv/lib/python3.12/site-packages/airflow/example_dags/plugins/event_listener.py
[2024-05-08T13:17:48.475+0000] {processor.py:183} INFO - Processing /home/denys/airflow_venv/lib/python3.12/site-packages/airflow/example_dags/plugins/event_listener.py took 0.013 seconds
[2024-05-08T13:19:55.888+0000] {processor.py:161} INFO - Started process (PID=2359) to work on /home/denys/airflow_venv/lib/python3.12/site-packages/airflow/example_dags/plugins/event_listener.py
[2024-05-08T13:19:55.891+0000] {processor.py:830} INFO - Processing file /home/denys/airflow_venv/lib/python3.12/site-packages/airflow/example_dags/plugins/event_listener.py for tasks to queue
[2024-05-08T13:19:55.892+0000] {logging_mixin.py:188} INFO - [2024-05-08T13:19:55.892+0000] {dagbag.py:545} INFO - Filling up the DagBag from /home/denys/airflow_venv/lib/python3.12/site-packages/airflow/example_dags/plugins/event_listener.py
[2024-05-08T13:19:55.893+0000] {processor.py:842} WARNING - No viable dags retrieved from /home/denys/airflow_venv/lib/python3.12/site-packages/airflow/example_dags/plugins/event_listener.py
[2024-05-08T13:19:55.900+0000] {processor.py:183} INFO - Processing /home/denys/airflow_venv/lib/python3.12/site-packages/airflow/example_dags/plugins/event_listener.py took 0.014 seconds
[2024-05-08T13:20:57.071+0000] {processor.py:161} INFO - Started process (PID=2427) to work on /home/denys/airflow_venv/lib/python3.12/site-packages/airflow/example_dags/plugins/event_listener.py
[2024-05-08T13:20:57.073+0000] {processor.py:830} INFO - Processing file /home/denys/airflow_venv/lib/python3.12/site-packages/airflow/example_dags/plugins/event_listener.py for tasks to queue
[2024-05-08T13:20:57.074+0000] {logging_mixin.py:188} INFO - [2024-05-08T13:20:57.073+0000] {dagbag.py:545} INFO - Filling up the DagBag from /home/denys/airflow_venv/lib/python3.12/site-packages/airflow/example_dags/plugins/event_listener.py
[2024-05-08T13:20:57.075+0000] {processor.py:842} WARNING - No viable dags retrieved from /home/denys/airflow_venv/lib/python3.12/site-packages/airflow/example_dags/plugins/event_listener.py
[2024-05-08T13:20:57.081+0000] {processor.py:183} INFO - Processing /home/denys/airflow_venv/lib/python3.12/site-packages/airflow/example_dags/plugins/event_listener.py took 0.013 seconds
[2024-05-08T13:22:02.821+0000] {processor.py:161} INFO - Started process (PID=2493) to work on /home/denys/airflow_venv/lib/python3.12/site-packages/airflow/example_dags/plugins/event_listener.py
[2024-05-08T13:22:02.823+0000] {processor.py:830} INFO - Processing file /home/denys/airflow_venv/lib/python3.12/site-packages/airflow/example_dags/plugins/event_listener.py for tasks to queue
[2024-05-08T13:22:02.824+0000] {logging_mixin.py:188} INFO - [2024-05-08T13:22:02.823+0000] {dagbag.py:545} INFO - Filling up the DagBag from /home/denys/airflow_venv/lib/python3.12/site-packages/airflow/example_dags/plugins/event_listener.py
[2024-05-08T13:22:02.825+0000] {processor.py:842} WARNING - No viable dags retrieved from /home/denys/airflow_venv/lib/python3.12/site-packages/airflow/example_dags/plugins/event_listener.py
[2024-05-08T13:22:02.832+0000] {processor.py:183} INFO - Processing /home/denys/airflow_venv/lib/python3.12/site-packages/airflow/example_dags/plugins/event_listener.py took 0.014 seconds
[2024-05-08T13:23:06.366+0000] {processor.py:161} INFO - Started process (PID=2560) to work on /home/denys/airflow_venv/lib/python3.12/site-packages/airflow/example_dags/plugins/event_listener.py
[2024-05-08T13:23:06.368+0000] {processor.py:830} INFO - Processing file /home/denys/airflow_venv/lib/python3.12/site-packages/airflow/example_dags/plugins/event_listener.py for tasks to queue
[2024-05-08T13:23:06.369+0000] {logging_mixin.py:188} INFO - [2024-05-08T13:23:06.368+0000] {dagbag.py:545} INFO - Filling up the DagBag from /home/denys/airflow_venv/lib/python3.12/site-packages/airflow/example_dags/plugins/event_listener.py
[2024-05-08T13:23:06.370+0000] {processor.py:842} WARNING - No viable dags retrieved from /home/denys/airflow_venv/lib/python3.12/site-packages/airflow/example_dags/plugins/event_listener.py
[2024-05-08T13:23:06.377+0000] {processor.py:183} INFO - Processing /home/denys/airflow_venv/lib/python3.12/site-packages/airflow/example_dags/plugins/event_listener.py took 0.014 seconds
[2024-05-08T13:24:06.508+0000] {processor.py:161} INFO - Started process (PID=2694) to work on /home/denys/airflow_venv/lib/python3.12/site-packages/airflow/example_dags/plugins/event_listener.py
[2024-05-08T13:24:06.509+0000] {processor.py:830} INFO - Processing file /home/denys/airflow_venv/lib/python3.12/site-packages/airflow/example_dags/plugins/event_listener.py for tasks to queue
[2024-05-08T13:24:06.511+0000] {logging_mixin.py:188} INFO - [2024-05-08T13:24:06.510+0000] {dagbag.py:545} INFO - Filling up the DagBag from /home/denys/airflow_venv/lib/python3.12/site-packages/airflow/example_dags/plugins/event_listener.py
[2024-05-08T13:24:06.512+0000] {processor.py:842} WARNING - No viable dags retrieved from /home/denys/airflow_venv/lib/python3.12/site-packages/airflow/example_dags/plugins/event_listener.py
[2024-05-08T13:24:06.518+0000] {processor.py:183} INFO - Processing /home/denys/airflow_venv/lib/python3.12/site-packages/airflow/example_dags/plugins/event_listener.py took 0.013 seconds
[2024-05-08T13:25:06.117+0000] {processor.py:161} INFO - Started process (PID=2761) to work on /home/denys/airflow_venv/lib/python3.12/site-packages/airflow/example_dags/plugins/event_listener.py
[2024-05-08T13:25:06.119+0000] {processor.py:830} INFO - Processing file /home/denys/airflow_venv/lib/python3.12/site-packages/airflow/example_dags/plugins/event_listener.py for tasks to queue
[2024-05-08T13:25:06.120+0000] {logging_mixin.py:188} INFO - [2024-05-08T13:25:06.119+0000] {dagbag.py:545} INFO - Filling up the DagBag from /home/denys/airflow_venv/lib/python3.12/site-packages/airflow/example_dags/plugins/event_listener.py
[2024-05-08T13:25:06.121+0000] {processor.py:842} WARNING - No viable dags retrieved from /home/denys/airflow_venv/lib/python3.12/site-packages/airflow/example_dags/plugins/event_listener.py
[2024-05-08T13:25:06.128+0000] {processor.py:183} INFO - Processing /home/denys/airflow_venv/lib/python3.12/site-packages/airflow/example_dags/plugins/event_listener.py took 0.014 seconds
[2024-05-08T13:26:05.980+0000] {processor.py:161} INFO - Started process (PID=2826) to work on /home/denys/airflow_venv/lib/python3.12/site-packages/airflow/example_dags/plugins/event_listener.py
[2024-05-08T13:26:05.981+0000] {processor.py:830} INFO - Processing file /home/denys/airflow_venv/lib/python3.12/site-packages/airflow/example_dags/plugins/event_listener.py for tasks to queue
[2024-05-08T13:26:05.982+0000] {logging_mixin.py:188} INFO - [2024-05-08T13:26:05.982+0000] {dagbag.py:545} INFO - Filling up the DagBag from /home/denys/airflow_venv/lib/python3.12/site-packages/airflow/example_dags/plugins/event_listener.py
[2024-05-08T13:26:05.984+0000] {processor.py:842} WARNING - No viable dags retrieved from /home/denys/airflow_venv/lib/python3.12/site-packages/airflow/example_dags/plugins/event_listener.py
[2024-05-08T13:26:05.991+0000] {processor.py:183} INFO - Processing /home/denys/airflow_venv/lib/python3.12/site-packages/airflow/example_dags/plugins/event_listener.py took 0.015 seconds
[2024-05-08T13:27:10.782+0000] {processor.py:161} INFO - Started process (PID=2892) to work on /home/denys/airflow_venv/lib/python3.12/site-packages/airflow/example_dags/plugins/event_listener.py
[2024-05-08T13:27:10.785+0000] {processor.py:830} INFO - Processing file /home/denys/airflow_venv/lib/python3.12/site-packages/airflow/example_dags/plugins/event_listener.py for tasks to queue
[2024-05-08T13:27:10.785+0000] {logging_mixin.py:188} INFO - [2024-05-08T13:27:10.785+0000] {dagbag.py:545} INFO - Filling up the DagBag from /home/denys/airflow_venv/lib/python3.12/site-packages/airflow/example_dags/plugins/event_listener.py
[2024-05-08T13:27:10.787+0000] {processor.py:842} WARNING - No viable dags retrieved from /home/denys/airflow_venv/lib/python3.12/site-packages/airflow/example_dags/plugins/event_listener.py
[2024-05-08T13:27:10.793+0000] {processor.py:183} INFO - Processing /home/denys/airflow_venv/lib/python3.12/site-packages/airflow/example_dags/plugins/event_listener.py took 0.014 seconds
[2024-05-08T13:28:16.908+0000] {processor.py:161} INFO - Started process (PID=2960) to work on /home/denys/airflow_venv/lib/python3.12/site-packages/airflow/example_dags/plugins/event_listener.py
[2024-05-08T13:28:16.910+0000] {processor.py:830} INFO - Processing file /home/denys/airflow_venv/lib/python3.12/site-packages/airflow/example_dags/plugins/event_listener.py for tasks to queue
[2024-05-08T13:28:16.911+0000] {logging_mixin.py:188} INFO - [2024-05-08T13:28:16.911+0000] {dagbag.py:545} INFO - Filling up the DagBag from /home/denys/airflow_venv/lib/python3.12/site-packages/airflow/example_dags/plugins/event_listener.py
[2024-05-08T13:28:16.913+0000] {processor.py:842} WARNING - No viable dags retrieved from /home/denys/airflow_venv/lib/python3.12/site-packages/airflow/example_dags/plugins/event_listener.py
[2024-05-08T13:28:16.921+0000] {processor.py:183} INFO - Processing /home/denys/airflow_venv/lib/python3.12/site-packages/airflow/example_dags/plugins/event_listener.py took 0.016 seconds
[2024-05-08T13:29:17.540+0000] {processor.py:161} INFO - Started process (PID=3079) to work on /home/denys/airflow_venv/lib/python3.12/site-packages/airflow/example_dags/plugins/event_listener.py
[2024-05-08T13:29:17.542+0000] {processor.py:830} INFO - Processing file /home/denys/airflow_venv/lib/python3.12/site-packages/airflow/example_dags/plugins/event_listener.py for tasks to queue
[2024-05-08T13:29:17.543+0000] {logging_mixin.py:188} INFO - [2024-05-08T13:29:17.543+0000] {dagbag.py:545} INFO - Filling up the DagBag from /home/denys/airflow_venv/lib/python3.12/site-packages/airflow/example_dags/plugins/event_listener.py
[2024-05-08T13:29:17.545+0000] {processor.py:842} WARNING - No viable dags retrieved from /home/denys/airflow_venv/lib/python3.12/site-packages/airflow/example_dags/plugins/event_listener.py
[2024-05-08T13:29:17.552+0000] {processor.py:183} INFO - Processing /home/denys/airflow_venv/lib/python3.12/site-packages/airflow/example_dags/plugins/event_listener.py took 0.015 seconds
[2024-05-08T13:30:15.928+0000] {processor.py:161} INFO - Started process (PID=3145) to work on /home/denys/airflow_venv/lib/python3.12/site-packages/airflow/example_dags/plugins/event_listener.py
[2024-05-08T13:30:15.930+0000] {processor.py:830} INFO - Processing file /home/denys/airflow_venv/lib/python3.12/site-packages/airflow/example_dags/plugins/event_listener.py for tasks to queue
[2024-05-08T13:30:15.931+0000] {logging_mixin.py:188} INFO - [2024-05-08T13:30:15.931+0000] {dagbag.py:545} INFO - Filling up the DagBag from /home/denys/airflow_venv/lib/python3.12/site-packages/airflow/example_dags/plugins/event_listener.py
[2024-05-08T13:30:15.933+0000] {processor.py:842} WARNING - No viable dags retrieved from /home/denys/airflow_venv/lib/python3.12/site-packages/airflow/example_dags/plugins/event_listener.py
[2024-05-08T13:30:15.940+0000] {processor.py:183} INFO - Processing /home/denys/airflow_venv/lib/python3.12/site-packages/airflow/example_dags/plugins/event_listener.py took 0.015 seconds
[2024-05-08T13:31:18.107+0000] {processor.py:161} INFO - Started process (PID=3209) to work on /home/denys/airflow_venv/lib/python3.12/site-packages/airflow/example_dags/plugins/event_listener.py
[2024-05-08T13:31:18.108+0000] {processor.py:830} INFO - Processing file /home/denys/airflow_venv/lib/python3.12/site-packages/airflow/example_dags/plugins/event_listener.py for tasks to queue
[2024-05-08T13:31:18.110+0000] {logging_mixin.py:188} INFO - [2024-05-08T13:31:18.109+0000] {dagbag.py:545} INFO - Filling up the DagBag from /home/denys/airflow_venv/lib/python3.12/site-packages/airflow/example_dags/plugins/event_listener.py
[2024-05-08T13:31:18.111+0000] {processor.py:842} WARNING - No viable dags retrieved from /home/denys/airflow_venv/lib/python3.12/site-packages/airflow/example_dags/plugins/event_listener.py
[2024-05-08T13:31:18.118+0000] {processor.py:183} INFO - Processing /home/denys/airflow_venv/lib/python3.12/site-packages/airflow/example_dags/plugins/event_listener.py took 0.015 seconds
[2024-05-08T13:32:21.574+0000] {processor.py:161} INFO - Started process (PID=3273) to work on /home/denys/airflow_venv/lib/python3.12/site-packages/airflow/example_dags/plugins/event_listener.py
[2024-05-08T13:32:21.576+0000] {processor.py:830} INFO - Processing file /home/denys/airflow_venv/lib/python3.12/site-packages/airflow/example_dags/plugins/event_listener.py for tasks to queue
[2024-05-08T13:32:21.577+0000] {logging_mixin.py:188} INFO - [2024-05-08T13:32:21.577+0000] {dagbag.py:545} INFO - Filling up the DagBag from /home/denys/airflow_venv/lib/python3.12/site-packages/airflow/example_dags/plugins/event_listener.py
[2024-05-08T13:32:21.579+0000] {processor.py:842} WARNING - No viable dags retrieved from /home/denys/airflow_venv/lib/python3.12/site-packages/airflow/example_dags/plugins/event_listener.py
[2024-05-08T13:32:21.586+0000] {processor.py:183} INFO - Processing /home/denys/airflow_venv/lib/python3.12/site-packages/airflow/example_dags/plugins/event_listener.py took 0.026 seconds
[2024-05-08T13:33:27.028+0000] {processor.py:161} INFO - Started process (PID=3340) to work on /home/denys/airflow_venv/lib/python3.12/site-packages/airflow/example_dags/plugins/event_listener.py
[2024-05-08T13:33:27.030+0000] {processor.py:830} INFO - Processing file /home/denys/airflow_venv/lib/python3.12/site-packages/airflow/example_dags/plugins/event_listener.py for tasks to queue
[2024-05-08T13:33:27.031+0000] {logging_mixin.py:188} INFO - [2024-05-08T13:33:27.030+0000] {dagbag.py:545} INFO - Filling up the DagBag from /home/denys/airflow_venv/lib/python3.12/site-packages/airflow/example_dags/plugins/event_listener.py
[2024-05-08T13:33:27.032+0000] {processor.py:842} WARNING - No viable dags retrieved from /home/denys/airflow_venv/lib/python3.12/site-packages/airflow/example_dags/plugins/event_listener.py
[2024-05-08T13:33:27.038+0000] {processor.py:183} INFO - Processing /home/denys/airflow_venv/lib/python3.12/site-packages/airflow/example_dags/plugins/event_listener.py took 0.014 seconds
[2024-05-08T13:34:30.203+0000] {processor.py:161} INFO - Started process (PID=3408) to work on /home/denys/airflow_venv/lib/python3.12/site-packages/airflow/example_dags/plugins/event_listener.py
[2024-05-08T13:34:30.204+0000] {processor.py:830} INFO - Processing file /home/denys/airflow_venv/lib/python3.12/site-packages/airflow/example_dags/plugins/event_listener.py for tasks to queue
[2024-05-08T13:34:30.205+0000] {logging_mixin.py:188} INFO - [2024-05-08T13:34:30.205+0000] {dagbag.py:545} INFO - Filling up the DagBag from /home/denys/airflow_venv/lib/python3.12/site-packages/airflow/example_dags/plugins/event_listener.py
[2024-05-08T13:34:30.207+0000] {processor.py:842} WARNING - No viable dags retrieved from /home/denys/airflow_venv/lib/python3.12/site-packages/airflow/example_dags/plugins/event_listener.py
[2024-05-08T13:34:30.213+0000] {processor.py:183} INFO - Processing /home/denys/airflow_venv/lib/python3.12/site-packages/airflow/example_dags/plugins/event_listener.py took 0.013 seconds
[2024-05-08T13:35:30.085+0000] {processor.py:161} INFO - Started process (PID=3474) to work on /home/denys/airflow_venv/lib/python3.12/site-packages/airflow/example_dags/plugins/event_listener.py
[2024-05-08T13:35:30.087+0000] {processor.py:830} INFO - Processing file /home/denys/airflow_venv/lib/python3.12/site-packages/airflow/example_dags/plugins/event_listener.py for tasks to queue
[2024-05-08T13:35:30.088+0000] {logging_mixin.py:188} INFO - [2024-05-08T13:35:30.088+0000] {dagbag.py:545} INFO - Filling up the DagBag from /home/denys/airflow_venv/lib/python3.12/site-packages/airflow/example_dags/plugins/event_listener.py
[2024-05-08T13:35:30.089+0000] {processor.py:842} WARNING - No viable dags retrieved from /home/denys/airflow_venv/lib/python3.12/site-packages/airflow/example_dags/plugins/event_listener.py
[2024-05-08T13:35:30.096+0000] {processor.py:183} INFO - Processing /home/denys/airflow_venv/lib/python3.12/site-packages/airflow/example_dags/plugins/event_listener.py took 0.014 seconds
[2024-05-08T13:36:30.981+0000] {processor.py:161} INFO - Started process (PID=3537) to work on /home/denys/airflow_venv/lib/python3.12/site-packages/airflow/example_dags/plugins/event_listener.py
[2024-05-08T13:36:30.983+0000] {processor.py:830} INFO - Processing file /home/denys/airflow_venv/lib/python3.12/site-packages/airflow/example_dags/plugins/event_listener.py for tasks to queue
[2024-05-08T13:36:30.984+0000] {logging_mixin.py:188} INFO - [2024-05-08T13:36:30.984+0000] {dagbag.py:545} INFO - Filling up the DagBag from /home/denys/airflow_venv/lib/python3.12/site-packages/airflow/example_dags/plugins/event_listener.py
[2024-05-08T13:36:30.986+0000] {processor.py:842} WARNING - No viable dags retrieved from /home/denys/airflow_venv/lib/python3.12/site-packages/airflow/example_dags/plugins/event_listener.py
[2024-05-08T13:36:30.992+0000] {processor.py:183} INFO - Processing /home/denys/airflow_venv/lib/python3.12/site-packages/airflow/example_dags/plugins/event_listener.py took 0.014 seconds
[2024-05-08T13:37:36.346+0000] {processor.py:161} INFO - Started process (PID=3604) to work on /home/denys/airflow_venv/lib/python3.12/site-packages/airflow/example_dags/plugins/event_listener.py
[2024-05-08T13:37:36.347+0000] {processor.py:830} INFO - Processing file /home/denys/airflow_venv/lib/python3.12/site-packages/airflow/example_dags/plugins/event_listener.py for tasks to queue
[2024-05-08T13:37:36.348+0000] {logging_mixin.py:188} INFO - [2024-05-08T13:37:36.347+0000] {dagbag.py:545} INFO - Filling up the DagBag from /home/denys/airflow_venv/lib/python3.12/site-packages/airflow/example_dags/plugins/event_listener.py
[2024-05-08T13:37:36.349+0000] {processor.py:842} WARNING - No viable dags retrieved from /home/denys/airflow_venv/lib/python3.12/site-packages/airflow/example_dags/plugins/event_listener.py
[2024-05-08T13:37:36.356+0000] {processor.py:183} INFO - Processing /home/denys/airflow_venv/lib/python3.12/site-packages/airflow/example_dags/plugins/event_listener.py took 0.014 seconds
[2024-05-08T13:38:45.963+0000] {processor.py:161} INFO - Started process (PID=3675) to work on /home/denys/airflow_venv/lib/python3.12/site-packages/airflow/example_dags/plugins/event_listener.py
[2024-05-08T13:38:45.965+0000] {processor.py:830} INFO - Processing file /home/denys/airflow_venv/lib/python3.12/site-packages/airflow/example_dags/plugins/event_listener.py for tasks to queue
[2024-05-08T13:38:45.966+0000] {logging_mixin.py:188} INFO - [2024-05-08T13:38:45.966+0000] {dagbag.py:545} INFO - Filling up the DagBag from /home/denys/airflow_venv/lib/python3.12/site-packages/airflow/example_dags/plugins/event_listener.py
[2024-05-08T13:38:45.967+0000] {processor.py:842} WARNING - No viable dags retrieved from /home/denys/airflow_venv/lib/python3.12/site-packages/airflow/example_dags/plugins/event_listener.py
[2024-05-08T13:38:45.975+0000] {processor.py:183} INFO - Processing /home/denys/airflow_venv/lib/python3.12/site-packages/airflow/example_dags/plugins/event_listener.py took 0.015 seconds
[2024-05-08T13:39:50.073+0000] {processor.py:161} INFO - Started process (PID=3740) to work on /home/denys/airflow_venv/lib/python3.12/site-packages/airflow/example_dags/plugins/event_listener.py
[2024-05-08T13:39:50.075+0000] {processor.py:830} INFO - Processing file /home/denys/airflow_venv/lib/python3.12/site-packages/airflow/example_dags/plugins/event_listener.py for tasks to queue
[2024-05-08T13:39:50.077+0000] {logging_mixin.py:188} INFO - [2024-05-08T13:39:50.076+0000] {dagbag.py:545} INFO - Filling up the DagBag from /home/denys/airflow_venv/lib/python3.12/site-packages/airflow/example_dags/plugins/event_listener.py
[2024-05-08T13:39:50.078+0000] {processor.py:842} WARNING - No viable dags retrieved from /home/denys/airflow_venv/lib/python3.12/site-packages/airflow/example_dags/plugins/event_listener.py
[2024-05-08T13:39:50.086+0000] {processor.py:183} INFO - Processing /home/denys/airflow_venv/lib/python3.12/site-packages/airflow/example_dags/plugins/event_listener.py took 0.016 seconds
[2024-05-08T13:41:04.871+0000] {processor.py:161} INFO - Started process (PID=3813) to work on /home/denys/airflow_venv/lib/python3.12/site-packages/airflow/example_dags/plugins/event_listener.py
[2024-05-08T13:41:04.873+0000] {processor.py:830} INFO - Processing file /home/denys/airflow_venv/lib/python3.12/site-packages/airflow/example_dags/plugins/event_listener.py for tasks to queue
[2024-05-08T13:41:04.874+0000] {logging_mixin.py:188} INFO - [2024-05-08T13:41:04.874+0000] {dagbag.py:545} INFO - Filling up the DagBag from /home/denys/airflow_venv/lib/python3.12/site-packages/airflow/example_dags/plugins/event_listener.py
[2024-05-08T13:41:04.875+0000] {processor.py:842} WARNING - No viable dags retrieved from /home/denys/airflow_venv/lib/python3.12/site-packages/airflow/example_dags/plugins/event_listener.py
[2024-05-08T13:41:04.881+0000] {processor.py:183} INFO - Processing /home/denys/airflow_venv/lib/python3.12/site-packages/airflow/example_dags/plugins/event_listener.py took 0.014 seconds
[2024-05-08T13:42:10.982+0000] {processor.py:161} INFO - Started process (PID=3880) to work on /home/denys/airflow_venv/lib/python3.12/site-packages/airflow/example_dags/plugins/event_listener.py
[2024-05-08T13:42:10.983+0000] {processor.py:830} INFO - Processing file /home/denys/airflow_venv/lib/python3.12/site-packages/airflow/example_dags/plugins/event_listener.py for tasks to queue
[2024-05-08T13:42:10.985+0000] {logging_mixin.py:188} INFO - [2024-05-08T13:42:10.985+0000] {dagbag.py:545} INFO - Filling up the DagBag from /home/denys/airflow_venv/lib/python3.12/site-packages/airflow/example_dags/plugins/event_listener.py
[2024-05-08T13:42:10.986+0000] {processor.py:842} WARNING - No viable dags retrieved from /home/denys/airflow_venv/lib/python3.12/site-packages/airflow/example_dags/plugins/event_listener.py
[2024-05-08T13:42:10.997+0000] {processor.py:183} INFO - Processing /home/denys/airflow_venv/lib/python3.12/site-packages/airflow/example_dags/plugins/event_listener.py took 0.019 seconds
[2024-05-08T13:43:19.001+0000] {processor.py:161} INFO - Started process (PID=3951) to work on /home/denys/airflow_venv/lib/python3.12/site-packages/airflow/example_dags/plugins/event_listener.py
[2024-05-08T13:43:19.002+0000] {processor.py:830} INFO - Processing file /home/denys/airflow_venv/lib/python3.12/site-packages/airflow/example_dags/plugins/event_listener.py for tasks to queue
[2024-05-08T13:43:19.004+0000] {logging_mixin.py:188} INFO - [2024-05-08T13:43:19.003+0000] {dagbag.py:545} INFO - Filling up the DagBag from /home/denys/airflow_venv/lib/python3.12/site-packages/airflow/example_dags/plugins/event_listener.py
[2024-05-08T13:43:19.005+0000] {processor.py:842} WARNING - No viable dags retrieved from /home/denys/airflow_venv/lib/python3.12/site-packages/airflow/example_dags/plugins/event_listener.py
[2024-05-08T13:43:19.011+0000] {processor.py:183} INFO - Processing /home/denys/airflow_venv/lib/python3.12/site-packages/airflow/example_dags/plugins/event_listener.py took 0.014 seconds
