[2024-05-08T13:12:26.120+0000] {processor.py:161} INFO - Started process (PID=1899) to work on /home/denys/airflow_venv/lib/python3.12/site-packages/airflow/example_dags/plugins/listener_plugin.py
[2024-05-08T13:12:26.121+0000] {processor.py:830} INFO - Processing file /home/denys/airflow_venv/lib/python3.12/site-packages/airflow/example_dags/plugins/listener_plugin.py for tasks to queue
[2024-05-08T13:12:26.122+0000] {logging_mixin.py:188} INFO - [2024-05-08T13:12:26.122+0000] {dagbag.py:545} INFO - Filling up the DagBag from /home/denys/airflow_venv/lib/python3.12/site-packages/airflow/example_dags/plugins/listener_plugin.py
[2024-05-08T13:12:26.124+0000] {processor.py:842} WARNING - No viable dags retrieved from /home/denys/airflow_venv/lib/python3.12/site-packages/airflow/example_dags/plugins/listener_plugin.py
[2024-05-08T13:12:26.130+0000] {processor.py:183} INFO - Processing /home/denys/airflow_venv/lib/python3.12/site-packages/airflow/example_dags/plugins/listener_plugin.py took 0.013 seconds
[2024-05-08T13:13:31.337+0000] {processor.py:161} INFO - Started process (PID=1970) to work on /home/denys/airflow_venv/lib/python3.12/site-packages/airflow/example_dags/plugins/listener_plugin.py
[2024-05-08T13:13:31.338+0000] {processor.py:830} INFO - Processing file /home/denys/airflow_venv/lib/python3.12/site-packages/airflow/example_dags/plugins/listener_plugin.py for tasks to queue
[2024-05-08T13:13:31.339+0000] {logging_mixin.py:188} INFO - [2024-05-08T13:13:31.339+0000] {dagbag.py:545} INFO - Filling up the DagBag from /home/denys/airflow_venv/lib/python3.12/site-packages/airflow/example_dags/plugins/listener_plugin.py
[2024-05-08T13:13:31.341+0000] {processor.py:842} WARNING - No viable dags retrieved from /home/denys/airflow_venv/lib/python3.12/site-packages/airflow/example_dags/plugins/listener_plugin.py
[2024-05-08T13:13:31.348+0000] {processor.py:183} INFO - Processing /home/denys/airflow_venv/lib/python3.12/site-packages/airflow/example_dags/plugins/listener_plugin.py took 0.014 seconds
[2024-05-08T13:14:34.397+0000] {processor.py:161} INFO - Started process (PID=2036) to work on /home/denys/airflow_venv/lib/python3.12/site-packages/airflow/example_dags/plugins/listener_plugin.py
[2024-05-08T13:14:34.399+0000] {processor.py:830} INFO - Processing file /home/denys/airflow_venv/lib/python3.12/site-packages/airflow/example_dags/plugins/listener_plugin.py for tasks to queue
[2024-05-08T13:14:34.400+0000] {logging_mixin.py:188} INFO - [2024-05-08T13:14:34.399+0000] {dagbag.py:545} INFO - Filling up the DagBag from /home/denys/airflow_venv/lib/python3.12/site-packages/airflow/example_dags/plugins/listener_plugin.py
[2024-05-08T13:14:34.401+0000] {processor.py:842} WARNING - No viable dags retrieved from /home/denys/airflow_venv/lib/python3.12/site-packages/airflow/example_dags/plugins/listener_plugin.py
[2024-05-08T13:14:34.407+0000] {processor.py:183} INFO - Processing /home/denys/airflow_venv/lib/python3.12/site-packages/airflow/example_dags/plugins/listener_plugin.py took 0.013 seconds
[2024-05-08T13:15:37.830+0000] {processor.py:161} INFO - Started process (PID=2104) to work on /home/denys/airflow_venv/lib/python3.12/site-packages/airflow/example_dags/plugins/listener_plugin.py
[2024-05-08T13:15:37.832+0000] {processor.py:830} INFO - Processing file /home/denys/airflow_venv/lib/python3.12/site-packages/airflow/example_dags/plugins/listener_plugin.py for tasks to queue
[2024-05-08T13:15:37.833+0000] {logging_mixin.py:188} INFO - [2024-05-08T13:15:37.833+0000] {dagbag.py:545} INFO - Filling up the DagBag from /home/denys/airflow_venv/lib/python3.12/site-packages/airflow/example_dags/plugins/listener_plugin.py
[2024-05-08T13:15:37.835+0000] {processor.py:842} WARNING - No viable dags retrieved from /home/denys/airflow_venv/lib/python3.12/site-packages/airflow/example_dags/plugins/listener_plugin.py
[2024-05-08T13:15:37.844+0000] {processor.py:183} INFO - Processing /home/denys/airflow_venv/lib/python3.12/site-packages/airflow/example_dags/plugins/listener_plugin.py took 0.019 seconds
[2024-05-08T13:16:40.747+0000] {processor.py:161} INFO - Started process (PID=2168) to work on /home/denys/airflow_venv/lib/python3.12/site-packages/airflow/example_dags/plugins/listener_plugin.py
[2024-05-08T13:16:40.749+0000] {processor.py:830} INFO - Processing file /home/denys/airflow_venv/lib/python3.12/site-packages/airflow/example_dags/plugins/listener_plugin.py for tasks to queue
[2024-05-08T13:16:40.750+0000] {logging_mixin.py:188} INFO - [2024-05-08T13:16:40.750+0000] {dagbag.py:545} INFO - Filling up the DagBag from /home/denys/airflow_venv/lib/python3.12/site-packages/airflow/example_dags/plugins/listener_plugin.py
[2024-05-08T13:16:40.751+0000] {processor.py:842} WARNING - No viable dags retrieved from /home/denys/airflow_venv/lib/python3.12/site-packages/airflow/example_dags/plugins/listener_plugin.py
[2024-05-08T13:16:40.759+0000] {processor.py:183} INFO - Processing /home/denys/airflow_venv/lib/python3.12/site-packages/airflow/example_dags/plugins/listener_plugin.py took 0.015 seconds
[2024-05-08T13:17:45.413+0000] {processor.py:161} INFO - Started process (PID=2239) to work on /home/denys/airflow_venv/lib/python3.12/site-packages/airflow/example_dags/plugins/listener_plugin.py
[2024-05-08T13:17:45.414+0000] {processor.py:830} INFO - Processing file /home/denys/airflow_venv/lib/python3.12/site-packages/airflow/example_dags/plugins/listener_plugin.py for tasks to queue
[2024-05-08T13:17:45.415+0000] {logging_mixin.py:188} INFO - [2024-05-08T13:17:45.414+0000] {dagbag.py:545} INFO - Filling up the DagBag from /home/denys/airflow_venv/lib/python3.12/site-packages/airflow/example_dags/plugins/listener_plugin.py
[2024-05-08T13:17:45.416+0000] {processor.py:842} WARNING - No viable dags retrieved from /home/denys/airflow_venv/lib/python3.12/site-packages/airflow/example_dags/plugins/listener_plugin.py
[2024-05-08T13:17:45.422+0000] {processor.py:183} INFO - Processing /home/denys/airflow_venv/lib/python3.12/site-packages/airflow/example_dags/plugins/listener_plugin.py took 0.013 seconds
[2024-05-08T13:19:52.087+0000] {processor.py:161} INFO - Started process (PID=2355) to work on /home/denys/airflow_venv/lib/python3.12/site-packages/airflow/example_dags/plugins/listener_plugin.py
[2024-05-08T13:19:52.089+0000] {processor.py:830} INFO - Processing file /home/denys/airflow_venv/lib/python3.12/site-packages/airflow/example_dags/plugins/listener_plugin.py for tasks to queue
[2024-05-08T13:19:52.091+0000] {logging_mixin.py:188} INFO - [2024-05-08T13:19:52.090+0000] {dagbag.py:545} INFO - Filling up the DagBag from /home/denys/airflow_venv/lib/python3.12/site-packages/airflow/example_dags/plugins/listener_plugin.py
[2024-05-08T13:19:52.092+0000] {processor.py:842} WARNING - No viable dags retrieved from /home/denys/airflow_venv/lib/python3.12/site-packages/airflow/example_dags/plugins/listener_plugin.py
[2024-05-08T13:19:52.099+0000] {processor.py:183} INFO - Processing /home/denys/airflow_venv/lib/python3.12/site-packages/airflow/example_dags/plugins/listener_plugin.py took 0.015 seconds
[2024-05-08T13:20:54.369+0000] {processor.py:161} INFO - Started process (PID=2423) to work on /home/denys/airflow_venv/lib/python3.12/site-packages/airflow/example_dags/plugins/listener_plugin.py
[2024-05-08T13:20:54.370+0000] {processor.py:830} INFO - Processing file /home/denys/airflow_venv/lib/python3.12/site-packages/airflow/example_dags/plugins/listener_plugin.py for tasks to queue
[2024-05-08T13:20:54.371+0000] {logging_mixin.py:188} INFO - [2024-05-08T13:20:54.370+0000] {dagbag.py:545} INFO - Filling up the DagBag from /home/denys/airflow_venv/lib/python3.12/site-packages/airflow/example_dags/plugins/listener_plugin.py
[2024-05-08T13:20:54.372+0000] {processor.py:842} WARNING - No viable dags retrieved from /home/denys/airflow_venv/lib/python3.12/site-packages/airflow/example_dags/plugins/listener_plugin.py
[2024-05-08T13:20:54.379+0000] {processor.py:183} INFO - Processing /home/denys/airflow_venv/lib/python3.12/site-packages/airflow/example_dags/plugins/listener_plugin.py took 0.013 seconds
[2024-05-08T13:21:59.930+0000] {processor.py:161} INFO - Started process (PID=2489) to work on /home/denys/airflow_venv/lib/python3.12/site-packages/airflow/example_dags/plugins/listener_plugin.py
[2024-05-08T13:21:59.931+0000] {processor.py:830} INFO - Processing file /home/denys/airflow_venv/lib/python3.12/site-packages/airflow/example_dags/plugins/listener_plugin.py for tasks to queue
[2024-05-08T13:21:59.932+0000] {logging_mixin.py:188} INFO - [2024-05-08T13:21:59.932+0000] {dagbag.py:545} INFO - Filling up the DagBag from /home/denys/airflow_venv/lib/python3.12/site-packages/airflow/example_dags/plugins/listener_plugin.py
[2024-05-08T13:21:59.934+0000] {processor.py:842} WARNING - No viable dags retrieved from /home/denys/airflow_venv/lib/python3.12/site-packages/airflow/example_dags/plugins/listener_plugin.py
[2024-05-08T13:21:59.940+0000] {processor.py:183} INFO - Processing /home/denys/airflow_venv/lib/python3.12/site-packages/airflow/example_dags/plugins/listener_plugin.py took 0.014 seconds
[2024-05-08T13:23:03.624+0000] {processor.py:161} INFO - Started process (PID=2556) to work on /home/denys/airflow_venv/lib/python3.12/site-packages/airflow/example_dags/plugins/listener_plugin.py
[2024-05-08T13:23:03.625+0000] {processor.py:830} INFO - Processing file /home/denys/airflow_venv/lib/python3.12/site-packages/airflow/example_dags/plugins/listener_plugin.py for tasks to queue
[2024-05-08T13:23:03.626+0000] {logging_mixin.py:188} INFO - [2024-05-08T13:23:03.626+0000] {dagbag.py:545} INFO - Filling up the DagBag from /home/denys/airflow_venv/lib/python3.12/site-packages/airflow/example_dags/plugins/listener_plugin.py
[2024-05-08T13:23:03.628+0000] {processor.py:842} WARNING - No viable dags retrieved from /home/denys/airflow_venv/lib/python3.12/site-packages/airflow/example_dags/plugins/listener_plugin.py
[2024-05-08T13:23:03.634+0000] {processor.py:183} INFO - Processing /home/denys/airflow_venv/lib/python3.12/site-packages/airflow/example_dags/plugins/listener_plugin.py took 0.014 seconds
[2024-05-08T13:24:05.097+0000] {processor.py:161} INFO - Started process (PID=2690) to work on /home/denys/airflow_venv/lib/python3.12/site-packages/airflow/example_dags/plugins/listener_plugin.py
[2024-05-08T13:24:05.098+0000] {processor.py:830} INFO - Processing file /home/denys/airflow_venv/lib/python3.12/site-packages/airflow/example_dags/plugins/listener_plugin.py for tasks to queue
[2024-05-08T13:24:05.099+0000] {logging_mixin.py:188} INFO - [2024-05-08T13:24:05.099+0000] {dagbag.py:545} INFO - Filling up the DagBag from /home/denys/airflow_venv/lib/python3.12/site-packages/airflow/example_dags/plugins/listener_plugin.py
[2024-05-08T13:24:05.101+0000] {processor.py:842} WARNING - No viable dags retrieved from /home/denys/airflow_venv/lib/python3.12/site-packages/airflow/example_dags/plugins/listener_plugin.py
[2024-05-08T13:24:05.107+0000] {processor.py:183} INFO - Processing /home/denys/airflow_venv/lib/python3.12/site-packages/airflow/example_dags/plugins/listener_plugin.py took 0.014 seconds
[2024-05-08T13:25:02.210+0000] {processor.py:161} INFO - Started process (PID=2757) to work on /home/denys/airflow_venv/lib/python3.12/site-packages/airflow/example_dags/plugins/listener_plugin.py
[2024-05-08T13:25:02.212+0000] {processor.py:830} INFO - Processing file /home/denys/airflow_venv/lib/python3.12/site-packages/airflow/example_dags/plugins/listener_plugin.py for tasks to queue
[2024-05-08T13:25:02.213+0000] {logging_mixin.py:188} INFO - [2024-05-08T13:25:02.212+0000] {dagbag.py:545} INFO - Filling up the DagBag from /home/denys/airflow_venv/lib/python3.12/site-packages/airflow/example_dags/plugins/listener_plugin.py
[2024-05-08T13:25:02.214+0000] {processor.py:842} WARNING - No viable dags retrieved from /home/denys/airflow_venv/lib/python3.12/site-packages/airflow/example_dags/plugins/listener_plugin.py
[2024-05-08T13:25:02.221+0000] {processor.py:183} INFO - Processing /home/denys/airflow_venv/lib/python3.12/site-packages/airflow/example_dags/plugins/listener_plugin.py took 0.014 seconds
[2024-05-08T13:26:02.275+0000] {processor.py:161} INFO - Started process (PID=2822) to work on /home/denys/airflow_venv/lib/python3.12/site-packages/airflow/example_dags/plugins/listener_plugin.py
[2024-05-08T13:26:02.276+0000] {processor.py:830} INFO - Processing file /home/denys/airflow_venv/lib/python3.12/site-packages/airflow/example_dags/plugins/listener_plugin.py for tasks to queue
[2024-05-08T13:26:02.277+0000] {logging_mixin.py:188} INFO - [2024-05-08T13:26:02.277+0000] {dagbag.py:545} INFO - Filling up the DagBag from /home/denys/airflow_venv/lib/python3.12/site-packages/airflow/example_dags/plugins/listener_plugin.py
[2024-05-08T13:26:02.278+0000] {processor.py:842} WARNING - No viable dags retrieved from /home/denys/airflow_venv/lib/python3.12/site-packages/airflow/example_dags/plugins/listener_plugin.py
[2024-05-08T13:26:02.285+0000] {processor.py:183} INFO - Processing /home/denys/airflow_venv/lib/python3.12/site-packages/airflow/example_dags/plugins/listener_plugin.py took 0.013 seconds
[2024-05-08T13:27:06.910+0000] {processor.py:161} INFO - Started process (PID=2888) to work on /home/denys/airflow_venv/lib/python3.12/site-packages/airflow/example_dags/plugins/listener_plugin.py
[2024-05-08T13:27:06.912+0000] {processor.py:830} INFO - Processing file /home/denys/airflow_venv/lib/python3.12/site-packages/airflow/example_dags/plugins/listener_plugin.py for tasks to queue
[2024-05-08T13:27:06.913+0000] {logging_mixin.py:188} INFO - [2024-05-08T13:27:06.913+0000] {dagbag.py:545} INFO - Filling up the DagBag from /home/denys/airflow_venv/lib/python3.12/site-packages/airflow/example_dags/plugins/listener_plugin.py
[2024-05-08T13:27:06.914+0000] {processor.py:842} WARNING - No viable dags retrieved from /home/denys/airflow_venv/lib/python3.12/site-packages/airflow/example_dags/plugins/listener_plugin.py
[2024-05-08T13:27:06.920+0000] {processor.py:183} INFO - Processing /home/denys/airflow_venv/lib/python3.12/site-packages/airflow/example_dags/plugins/listener_plugin.py took 0.013 seconds
[2024-05-08T13:28:13.537+0000] {processor.py:161} INFO - Started process (PID=2956) to work on /home/denys/airflow_venv/lib/python3.12/site-packages/airflow/example_dags/plugins/listener_plugin.py
[2024-05-08T13:28:13.539+0000] {processor.py:830} INFO - Processing file /home/denys/airflow_venv/lib/python3.12/site-packages/airflow/example_dags/plugins/listener_plugin.py for tasks to queue
[2024-05-08T13:28:13.540+0000] {logging_mixin.py:188} INFO - [2024-05-08T13:28:13.539+0000] {dagbag.py:545} INFO - Filling up the DagBag from /home/denys/airflow_venv/lib/python3.12/site-packages/airflow/example_dags/plugins/listener_plugin.py
[2024-05-08T13:28:13.541+0000] {processor.py:842} WARNING - No viable dags retrieved from /home/denys/airflow_venv/lib/python3.12/site-packages/airflow/example_dags/plugins/listener_plugin.py
[2024-05-08T13:28:13.549+0000] {processor.py:183} INFO - Processing /home/denys/airflow_venv/lib/python3.12/site-packages/airflow/example_dags/plugins/listener_plugin.py took 0.015 seconds
[2024-05-08T13:29:14.297+0000] {processor.py:161} INFO - Started process (PID=3075) to work on /home/denys/airflow_venv/lib/python3.12/site-packages/airflow/example_dags/plugins/listener_plugin.py
[2024-05-08T13:29:14.300+0000] {processor.py:830} INFO - Processing file /home/denys/airflow_venv/lib/python3.12/site-packages/airflow/example_dags/plugins/listener_plugin.py for tasks to queue
[2024-05-08T13:29:14.301+0000] {logging_mixin.py:188} INFO - [2024-05-08T13:29:14.301+0000] {dagbag.py:545} INFO - Filling up the DagBag from /home/denys/airflow_venv/lib/python3.12/site-packages/airflow/example_dags/plugins/listener_plugin.py
[2024-05-08T13:29:14.303+0000] {processor.py:842} WARNING - No viable dags retrieved from /home/denys/airflow_venv/lib/python3.12/site-packages/airflow/example_dags/plugins/listener_plugin.py
[2024-05-08T13:29:14.311+0000] {processor.py:183} INFO - Processing /home/denys/airflow_venv/lib/python3.12/site-packages/airflow/example_dags/plugins/listener_plugin.py took 0.017 seconds
[2024-05-08T13:30:13.214+0000] {processor.py:161} INFO - Started process (PID=3141) to work on /home/denys/airflow_venv/lib/python3.12/site-packages/airflow/example_dags/plugins/listener_plugin.py
[2024-05-08T13:30:13.216+0000] {processor.py:830} INFO - Processing file /home/denys/airflow_venv/lib/python3.12/site-packages/airflow/example_dags/plugins/listener_plugin.py for tasks to queue
[2024-05-08T13:30:13.217+0000] {logging_mixin.py:188} INFO - [2024-05-08T13:30:13.217+0000] {dagbag.py:545} INFO - Filling up the DagBag from /home/denys/airflow_venv/lib/python3.12/site-packages/airflow/example_dags/plugins/listener_plugin.py
[2024-05-08T13:30:13.219+0000] {processor.py:842} WARNING - No viable dags retrieved from /home/denys/airflow_venv/lib/python3.12/site-packages/airflow/example_dags/plugins/listener_plugin.py
[2024-05-08T13:30:13.226+0000] {processor.py:183} INFO - Processing /home/denys/airflow_venv/lib/python3.12/site-packages/airflow/example_dags/plugins/listener_plugin.py took 0.015 seconds
[2024-05-08T13:31:15.373+0000] {processor.py:161} INFO - Started process (PID=3205) to work on /home/denys/airflow_venv/lib/python3.12/site-packages/airflow/example_dags/plugins/listener_plugin.py
[2024-05-08T13:31:15.374+0000] {processor.py:830} INFO - Processing file /home/denys/airflow_venv/lib/python3.12/site-packages/airflow/example_dags/plugins/listener_plugin.py for tasks to queue
[2024-05-08T13:31:15.375+0000] {logging_mixin.py:188} INFO - [2024-05-08T13:31:15.375+0000] {dagbag.py:545} INFO - Filling up the DagBag from /home/denys/airflow_venv/lib/python3.12/site-packages/airflow/example_dags/plugins/listener_plugin.py
[2024-05-08T13:31:15.377+0000] {processor.py:842} WARNING - No viable dags retrieved from /home/denys/airflow_venv/lib/python3.12/site-packages/airflow/example_dags/plugins/listener_plugin.py
[2024-05-08T13:31:15.384+0000] {processor.py:183} INFO - Processing /home/denys/airflow_venv/lib/python3.12/site-packages/airflow/example_dags/plugins/listener_plugin.py took 0.014 seconds
[2024-05-08T13:32:17.883+0000] {processor.py:161} INFO - Started process (PID=3269) to work on /home/denys/airflow_venv/lib/python3.12/site-packages/airflow/example_dags/plugins/listener_plugin.py
[2024-05-08T13:32:17.885+0000] {processor.py:830} INFO - Processing file /home/denys/airflow_venv/lib/python3.12/site-packages/airflow/example_dags/plugins/listener_plugin.py for tasks to queue
[2024-05-08T13:32:17.886+0000] {logging_mixin.py:188} INFO - [2024-05-08T13:32:17.886+0000] {dagbag.py:545} INFO - Filling up the DagBag from /home/denys/airflow_venv/lib/python3.12/site-packages/airflow/example_dags/plugins/listener_plugin.py
[2024-05-08T13:32:17.888+0000] {processor.py:842} WARNING - No viable dags retrieved from /home/denys/airflow_venv/lib/python3.12/site-packages/airflow/example_dags/plugins/listener_plugin.py
[2024-05-08T13:32:17.896+0000] {processor.py:183} INFO - Processing /home/denys/airflow_venv/lib/python3.12/site-packages/airflow/example_dags/plugins/listener_plugin.py took 0.017 seconds
[2024-05-08T13:33:23.972+0000] {processor.py:161} INFO - Started process (PID=3336) to work on /home/denys/airflow_venv/lib/python3.12/site-packages/airflow/example_dags/plugins/listener_plugin.py
[2024-05-08T13:33:23.974+0000] {processor.py:830} INFO - Processing file /home/denys/airflow_venv/lib/python3.12/site-packages/airflow/example_dags/plugins/listener_plugin.py for tasks to queue
[2024-05-08T13:33:23.975+0000] {logging_mixin.py:188} INFO - [2024-05-08T13:33:23.974+0000] {dagbag.py:545} INFO - Filling up the DagBag from /home/denys/airflow_venv/lib/python3.12/site-packages/airflow/example_dags/plugins/listener_plugin.py
[2024-05-08T13:33:23.976+0000] {processor.py:842} WARNING - No viable dags retrieved from /home/denys/airflow_venv/lib/python3.12/site-packages/airflow/example_dags/plugins/listener_plugin.py
[2024-05-08T13:33:23.984+0000] {processor.py:183} INFO - Processing /home/denys/airflow_venv/lib/python3.12/site-packages/airflow/example_dags/plugins/listener_plugin.py took 0.016 seconds
[2024-05-08T13:34:27.513+0000] {processor.py:161} INFO - Started process (PID=3404) to work on /home/denys/airflow_venv/lib/python3.12/site-packages/airflow/example_dags/plugins/listener_plugin.py
[2024-05-08T13:34:27.514+0000] {processor.py:830} INFO - Processing file /home/denys/airflow_venv/lib/python3.12/site-packages/airflow/example_dags/plugins/listener_plugin.py for tasks to queue
[2024-05-08T13:34:27.515+0000] {logging_mixin.py:188} INFO - [2024-05-08T13:34:27.515+0000] {dagbag.py:545} INFO - Filling up the DagBag from /home/denys/airflow_venv/lib/python3.12/site-packages/airflow/example_dags/plugins/listener_plugin.py
[2024-05-08T13:34:27.518+0000] {processor.py:842} WARNING - No viable dags retrieved from /home/denys/airflow_venv/lib/python3.12/site-packages/airflow/example_dags/plugins/listener_plugin.py
[2024-05-08T13:34:27.526+0000] {processor.py:183} INFO - Processing /home/denys/airflow_venv/lib/python3.12/site-packages/airflow/example_dags/plugins/listener_plugin.py took 0.018 seconds
[2024-05-08T13:35:26.768+0000] {processor.py:161} INFO - Started process (PID=3470) to work on /home/denys/airflow_venv/lib/python3.12/site-packages/airflow/example_dags/plugins/listener_plugin.py
[2024-05-08T13:35:26.769+0000] {processor.py:830} INFO - Processing file /home/denys/airflow_venv/lib/python3.12/site-packages/airflow/example_dags/plugins/listener_plugin.py for tasks to queue
[2024-05-08T13:35:26.770+0000] {logging_mixin.py:188} INFO - [2024-05-08T13:35:26.770+0000] {dagbag.py:545} INFO - Filling up the DagBag from /home/denys/airflow_venv/lib/python3.12/site-packages/airflow/example_dags/plugins/listener_plugin.py
[2024-05-08T13:35:26.772+0000] {processor.py:842} WARNING - No viable dags retrieved from /home/denys/airflow_venv/lib/python3.12/site-packages/airflow/example_dags/plugins/listener_plugin.py
[2024-05-08T13:35:26.780+0000] {processor.py:183} INFO - Processing /home/denys/airflow_venv/lib/python3.12/site-packages/airflow/example_dags/plugins/listener_plugin.py took 0.016 seconds
[2024-05-08T13:36:28.213+0000] {processor.py:161} INFO - Started process (PID=3533) to work on /home/denys/airflow_venv/lib/python3.12/site-packages/airflow/example_dags/plugins/listener_plugin.py
[2024-05-08T13:36:28.215+0000] {processor.py:830} INFO - Processing file /home/denys/airflow_venv/lib/python3.12/site-packages/airflow/example_dags/plugins/listener_plugin.py for tasks to queue
[2024-05-08T13:36:28.216+0000] {logging_mixin.py:188} INFO - [2024-05-08T13:36:28.216+0000] {dagbag.py:545} INFO - Filling up the DagBag from /home/denys/airflow_venv/lib/python3.12/site-packages/airflow/example_dags/plugins/listener_plugin.py
[2024-05-08T13:36:28.219+0000] {processor.py:842} WARNING - No viable dags retrieved from /home/denys/airflow_venv/lib/python3.12/site-packages/airflow/example_dags/plugins/listener_plugin.py
[2024-05-08T13:36:28.226+0000] {processor.py:183} INFO - Processing /home/denys/airflow_venv/lib/python3.12/site-packages/airflow/example_dags/plugins/listener_plugin.py took 0.016 seconds
[2024-05-08T13:37:33.407+0000] {processor.py:161} INFO - Started process (PID=3600) to work on /home/denys/airflow_venv/lib/python3.12/site-packages/airflow/example_dags/plugins/listener_plugin.py
[2024-05-08T13:37:33.410+0000] {processor.py:830} INFO - Processing file /home/denys/airflow_venv/lib/python3.12/site-packages/airflow/example_dags/plugins/listener_plugin.py for tasks to queue
[2024-05-08T13:37:33.412+0000] {logging_mixin.py:188} INFO - [2024-05-08T13:37:33.412+0000] {dagbag.py:545} INFO - Filling up the DagBag from /home/denys/airflow_venv/lib/python3.12/site-packages/airflow/example_dags/plugins/listener_plugin.py
[2024-05-08T13:37:33.415+0000] {processor.py:842} WARNING - No viable dags retrieved from /home/denys/airflow_venv/lib/python3.12/site-packages/airflow/example_dags/plugins/listener_plugin.py
[2024-05-08T13:37:33.425+0000] {processor.py:183} INFO - Processing /home/denys/airflow_venv/lib/python3.12/site-packages/airflow/example_dags/plugins/listener_plugin.py took 0.023 seconds
[2024-05-08T13:38:26.583+0000] {processor.py:161} INFO - Started process (PID=3654) to work on /home/denys/airflow_venv/lib/python3.12/site-packages/airflow/example_dags/plugins/listener_plugin.py
[2024-05-08T13:38:26.585+0000] {processor.py:830} INFO - Processing file /home/denys/airflow_venv/lib/python3.12/site-packages/airflow/example_dags/plugins/listener_plugin.py for tasks to queue
[2024-05-08T13:38:26.586+0000] {logging_mixin.py:188} INFO - [2024-05-08T13:38:26.585+0000] {dagbag.py:545} INFO - Filling up the DagBag from /home/denys/airflow_venv/lib/python3.12/site-packages/airflow/example_dags/plugins/listener_plugin.py
[2024-05-08T13:38:26.587+0000] {processor.py:842} WARNING - No viable dags retrieved from /home/denys/airflow_venv/lib/python3.12/site-packages/airflow/example_dags/plugins/listener_plugin.py
[2024-05-08T13:38:26.593+0000] {processor.py:183} INFO - Processing /home/denys/airflow_venv/lib/python3.12/site-packages/airflow/example_dags/plugins/listener_plugin.py took 0.014 seconds
[2024-05-08T13:39:28.909+0000] {processor.py:161} INFO - Started process (PID=3719) to work on /home/denys/airflow_venv/lib/python3.12/site-packages/airflow/example_dags/plugins/listener_plugin.py
[2024-05-08T13:39:28.910+0000] {processor.py:830} INFO - Processing file /home/denys/airflow_venv/lib/python3.12/site-packages/airflow/example_dags/plugins/listener_plugin.py for tasks to queue
[2024-05-08T13:39:28.911+0000] {logging_mixin.py:188} INFO - [2024-05-08T13:39:28.911+0000] {dagbag.py:545} INFO - Filling up the DagBag from /home/denys/airflow_venv/lib/python3.12/site-packages/airflow/example_dags/plugins/listener_plugin.py
[2024-05-08T13:39:28.913+0000] {processor.py:842} WARNING - No viable dags retrieved from /home/denys/airflow_venv/lib/python3.12/site-packages/airflow/example_dags/plugins/listener_plugin.py
[2024-05-08T13:39:28.920+0000] {processor.py:183} INFO - Processing /home/denys/airflow_venv/lib/python3.12/site-packages/airflow/example_dags/plugins/listener_plugin.py took 0.014 seconds
[2024-05-08T13:40:40.772+0000] {processor.py:161} INFO - Started process (PID=3790) to work on /home/denys/airflow_venv/lib/python3.12/site-packages/airflow/example_dags/plugins/listener_plugin.py
[2024-05-08T13:40:40.773+0000] {processor.py:830} INFO - Processing file /home/denys/airflow_venv/lib/python3.12/site-packages/airflow/example_dags/plugins/listener_plugin.py for tasks to queue
[2024-05-08T13:40:40.774+0000] {logging_mixin.py:188} INFO - [2024-05-08T13:40:40.774+0000] {dagbag.py:545} INFO - Filling up the DagBag from /home/denys/airflow_venv/lib/python3.12/site-packages/airflow/example_dags/plugins/listener_plugin.py
[2024-05-08T13:40:40.776+0000] {processor.py:842} WARNING - No viable dags retrieved from /home/denys/airflow_venv/lib/python3.12/site-packages/airflow/example_dags/plugins/listener_plugin.py
[2024-05-08T13:40:40.783+0000] {processor.py:183} INFO - Processing /home/denys/airflow_venv/lib/python3.12/site-packages/airflow/example_dags/plugins/listener_plugin.py took 0.017 seconds
[2024-05-08T13:41:50.137+0000] {processor.py:161} INFO - Started process (PID=3859) to work on /home/denys/airflow_venv/lib/python3.12/site-packages/airflow/example_dags/plugins/listener_plugin.py
[2024-05-08T13:41:50.139+0000] {processor.py:830} INFO - Processing file /home/denys/airflow_venv/lib/python3.12/site-packages/airflow/example_dags/plugins/listener_plugin.py for tasks to queue
[2024-05-08T13:41:50.141+0000] {logging_mixin.py:188} INFO - [2024-05-08T13:41:50.140+0000] {dagbag.py:545} INFO - Filling up the DagBag from /home/denys/airflow_venv/lib/python3.12/site-packages/airflow/example_dags/plugins/listener_plugin.py
[2024-05-08T13:41:50.142+0000] {processor.py:842} WARNING - No viable dags retrieved from /home/denys/airflow_venv/lib/python3.12/site-packages/airflow/example_dags/plugins/listener_plugin.py
[2024-05-08T13:41:50.149+0000] {processor.py:183} INFO - Processing /home/denys/airflow_venv/lib/python3.12/site-packages/airflow/example_dags/plugins/listener_plugin.py took 0.015 seconds
[2024-05-08T13:42:58.331+0000] {processor.py:161} INFO - Started process (PID=3927) to work on /home/denys/airflow_venv/lib/python3.12/site-packages/airflow/example_dags/plugins/listener_plugin.py
[2024-05-08T13:42:58.332+0000] {processor.py:830} INFO - Processing file /home/denys/airflow_venv/lib/python3.12/site-packages/airflow/example_dags/plugins/listener_plugin.py for tasks to queue
[2024-05-08T13:42:58.333+0000] {logging_mixin.py:188} INFO - [2024-05-08T13:42:58.333+0000] {dagbag.py:545} INFO - Filling up the DagBag from /home/denys/airflow_venv/lib/python3.12/site-packages/airflow/example_dags/plugins/listener_plugin.py
[2024-05-08T13:42:58.335+0000] {processor.py:842} WARNING - No viable dags retrieved from /home/denys/airflow_venv/lib/python3.12/site-packages/airflow/example_dags/plugins/listener_plugin.py
[2024-05-08T13:42:58.343+0000] {processor.py:183} INFO - Processing /home/denys/airflow_venv/lib/python3.12/site-packages/airflow/example_dags/plugins/listener_plugin.py took 0.016 seconds
