[2024-05-08T13:12:28.380+0000] {processor.py:161} INFO - Started process (PID=1901) to work on /home/denys/airflow_venv/lib/python3.12/site-packages/airflow/example_dags/plugins/workday.py
[2024-05-08T13:12:28.381+0000] {processor.py:830} INFO - Processing file /home/denys/airflow_venv/lib/python3.12/site-packages/airflow/example_dags/plugins/workday.py for tasks to queue
[2024-05-08T13:12:28.382+0000] {logging_mixin.py:188} INFO - [2024-05-08T13:12:28.381+0000] {dagbag.py:545} INFO - Filling up the DagBag from /home/denys/airflow_venv/lib/python3.12/site-packages/airflow/example_dags/plugins/workday.py
[2024-05-08T13:12:28.736+0000] {processor.py:842} WARNING - No viable dags retrieved from /home/denys/airflow_venv/lib/python3.12/site-packages/airflow/example_dags/plugins/workday.py
[2024-05-08T13:12:28.740+0000] {processor.py:183} INFO - Processing /home/denys/airflow_venv/lib/python3.12/site-packages/airflow/example_dags/plugins/workday.py took 0.363 seconds
[2024-05-08T13:13:32.604+0000] {processor.py:161} INFO - Started process (PID=1972) to work on /home/denys/airflow_venv/lib/python3.12/site-packages/airflow/example_dags/plugins/workday.py
[2024-05-08T13:13:32.605+0000] {processor.py:830} INFO - Processing file /home/denys/airflow_venv/lib/python3.12/site-packages/airflow/example_dags/plugins/workday.py for tasks to queue
[2024-05-08T13:13:32.606+0000] {logging_mixin.py:188} INFO - [2024-05-08T13:13:32.605+0000] {dagbag.py:545} INFO - Filling up the DagBag from /home/denys/airflow_venv/lib/python3.12/site-packages/airflow/example_dags/plugins/workday.py
[2024-05-08T13:13:32.891+0000] {processor.py:842} WARNING - No viable dags retrieved from /home/denys/airflow_venv/lib/python3.12/site-packages/airflow/example_dags/plugins/workday.py
[2024-05-08T13:13:32.894+0000] {processor.py:183} INFO - Processing /home/denys/airflow_venv/lib/python3.12/site-packages/airflow/example_dags/plugins/workday.py took 0.294 seconds
[2024-05-08T13:14:36.783+0000] {processor.py:161} INFO - Started process (PID=2038) to work on /home/denys/airflow_venv/lib/python3.12/site-packages/airflow/example_dags/plugins/workday.py
[2024-05-08T13:14:36.784+0000] {processor.py:830} INFO - Processing file /home/denys/airflow_venv/lib/python3.12/site-packages/airflow/example_dags/plugins/workday.py for tasks to queue
[2024-05-08T13:14:36.785+0000] {logging_mixin.py:188} INFO - [2024-05-08T13:14:36.785+0000] {dagbag.py:545} INFO - Filling up the DagBag from /home/denys/airflow_venv/lib/python3.12/site-packages/airflow/example_dags/plugins/workday.py
[2024-05-08T13:14:37.062+0000] {processor.py:842} WARNING - No viable dags retrieved from /home/denys/airflow_venv/lib/python3.12/site-packages/airflow/example_dags/plugins/workday.py
[2024-05-08T13:14:37.065+0000] {processor.py:183} INFO - Processing /home/denys/airflow_venv/lib/python3.12/site-packages/airflow/example_dags/plugins/workday.py took 0.286 seconds
[2024-05-08T13:15:40.110+0000] {processor.py:161} INFO - Started process (PID=2106) to work on /home/denys/airflow_venv/lib/python3.12/site-packages/airflow/example_dags/plugins/workday.py
[2024-05-08T13:15:40.111+0000] {processor.py:830} INFO - Processing file /home/denys/airflow_venv/lib/python3.12/site-packages/airflow/example_dags/plugins/workday.py for tasks to queue
[2024-05-08T13:15:40.112+0000] {logging_mixin.py:188} INFO - [2024-05-08T13:15:40.112+0000] {dagbag.py:545} INFO - Filling up the DagBag from /home/denys/airflow_venv/lib/python3.12/site-packages/airflow/example_dags/plugins/workday.py
[2024-05-08T13:15:40.386+0000] {processor.py:842} WARNING - No viable dags retrieved from /home/denys/airflow_venv/lib/python3.12/site-packages/airflow/example_dags/plugins/workday.py
[2024-05-08T13:15:40.390+0000] {processor.py:183} INFO - Processing /home/denys/airflow_venv/lib/python3.12/site-packages/airflow/example_dags/plugins/workday.py took 0.284 seconds
[2024-05-08T13:16:43.031+0000] {processor.py:161} INFO - Started process (PID=2170) to work on /home/denys/airflow_venv/lib/python3.12/site-packages/airflow/example_dags/plugins/workday.py
[2024-05-08T13:16:43.032+0000] {processor.py:830} INFO - Processing file /home/denys/airflow_venv/lib/python3.12/site-packages/airflow/example_dags/plugins/workday.py for tasks to queue
[2024-05-08T13:16:43.033+0000] {logging_mixin.py:188} INFO - [2024-05-08T13:16:43.033+0000] {dagbag.py:545} INFO - Filling up the DagBag from /home/denys/airflow_venv/lib/python3.12/site-packages/airflow/example_dags/plugins/workday.py
[2024-05-08T13:16:43.325+0000] {processor.py:842} WARNING - No viable dags retrieved from /home/denys/airflow_venv/lib/python3.12/site-packages/airflow/example_dags/plugins/workday.py
[2024-05-08T13:16:43.329+0000] {processor.py:183} INFO - Processing /home/denys/airflow_venv/lib/python3.12/site-packages/airflow/example_dags/plugins/workday.py took 0.302 seconds
[2024-05-08T13:17:47.756+0000] {processor.py:161} INFO - Started process (PID=2241) to work on /home/denys/airflow_venv/lib/python3.12/site-packages/airflow/example_dags/plugins/workday.py
[2024-05-08T13:17:47.758+0000] {processor.py:830} INFO - Processing file /home/denys/airflow_venv/lib/python3.12/site-packages/airflow/example_dags/plugins/workday.py for tasks to queue
[2024-05-08T13:17:47.759+0000] {logging_mixin.py:188} INFO - [2024-05-08T13:17:47.758+0000] {dagbag.py:545} INFO - Filling up the DagBag from /home/denys/airflow_venv/lib/python3.12/site-packages/airflow/example_dags/plugins/workday.py
[2024-05-08T13:17:48.026+0000] {processor.py:842} WARNING - No viable dags retrieved from /home/denys/airflow_venv/lib/python3.12/site-packages/airflow/example_dags/plugins/workday.py
[2024-05-08T13:17:48.029+0000] {processor.py:183} INFO - Processing /home/denys/airflow_venv/lib/python3.12/site-packages/airflow/example_dags/plugins/workday.py took 0.277 seconds
[2024-05-08T13:19:54.529+0000] {processor.py:161} INFO - Started process (PID=2357) to work on /home/denys/airflow_venv/lib/python3.12/site-packages/airflow/example_dags/plugins/workday.py
[2024-05-08T13:19:54.531+0000] {processor.py:830} INFO - Processing file /home/denys/airflow_venv/lib/python3.12/site-packages/airflow/example_dags/plugins/workday.py for tasks to queue
[2024-05-08T13:19:54.532+0000] {logging_mixin.py:188} INFO - [2024-05-08T13:19:54.531+0000] {dagbag.py:545} INFO - Filling up the DagBag from /home/denys/airflow_venv/lib/python3.12/site-packages/airflow/example_dags/plugins/workday.py
[2024-05-08T13:19:54.812+0000] {processor.py:842} WARNING - No viable dags retrieved from /home/denys/airflow_venv/lib/python3.12/site-packages/airflow/example_dags/plugins/workday.py
[2024-05-08T13:19:54.815+0000] {processor.py:183} INFO - Processing /home/denys/airflow_venv/lib/python3.12/site-packages/airflow/example_dags/plugins/workday.py took 0.289 seconds
[2024-05-08T13:20:55.727+0000] {processor.py:161} INFO - Started process (PID=2425) to work on /home/denys/airflow_venv/lib/python3.12/site-packages/airflow/example_dags/plugins/workday.py
[2024-05-08T13:20:55.728+0000] {processor.py:830} INFO - Processing file /home/denys/airflow_venv/lib/python3.12/site-packages/airflow/example_dags/plugins/workday.py for tasks to queue
[2024-05-08T13:20:55.729+0000] {logging_mixin.py:188} INFO - [2024-05-08T13:20:55.729+0000] {dagbag.py:545} INFO - Filling up the DagBag from /home/denys/airflow_venv/lib/python3.12/site-packages/airflow/example_dags/plugins/workday.py
[2024-05-08T13:20:56.024+0000] {processor.py:842} WARNING - No viable dags retrieved from /home/denys/airflow_venv/lib/python3.12/site-packages/airflow/example_dags/plugins/workday.py
[2024-05-08T13:20:56.028+0000] {processor.py:183} INFO - Processing /home/denys/airflow_venv/lib/python3.12/site-packages/airflow/example_dags/plugins/workday.py took 0.304 seconds
[2024-05-08T13:22:01.453+0000] {processor.py:161} INFO - Started process (PID=2491) to work on /home/denys/airflow_venv/lib/python3.12/site-packages/airflow/example_dags/plugins/workday.py
[2024-05-08T13:22:01.455+0000] {processor.py:830} INFO - Processing file /home/denys/airflow_venv/lib/python3.12/site-packages/airflow/example_dags/plugins/workday.py for tasks to queue
[2024-05-08T13:22:01.456+0000] {logging_mixin.py:188} INFO - [2024-05-08T13:22:01.456+0000] {dagbag.py:545} INFO - Filling up the DagBag from /home/denys/airflow_venv/lib/python3.12/site-packages/airflow/example_dags/plugins/workday.py
[2024-05-08T13:22:01.746+0000] {processor.py:842} WARNING - No viable dags retrieved from /home/denys/airflow_venv/lib/python3.12/site-packages/airflow/example_dags/plugins/workday.py
[2024-05-08T13:22:01.750+0000] {processor.py:183} INFO - Processing /home/denys/airflow_venv/lib/python3.12/site-packages/airflow/example_dags/plugins/workday.py took 0.300 seconds
[2024-05-08T13:23:05.995+0000] {processor.py:161} INFO - Started process (PID=2558) to work on /home/denys/airflow_venv/lib/python3.12/site-packages/airflow/example_dags/plugins/workday.py
[2024-05-08T13:23:05.997+0000] {processor.py:830} INFO - Processing file /home/denys/airflow_venv/lib/python3.12/site-packages/airflow/example_dags/plugins/workday.py for tasks to queue
[2024-05-08T13:23:05.998+0000] {logging_mixin.py:188} INFO - [2024-05-08T13:23:05.997+0000] {dagbag.py:545} INFO - Filling up the DagBag from /home/denys/airflow_venv/lib/python3.12/site-packages/airflow/example_dags/plugins/workday.py
[2024-05-08T13:23:06.301+0000] {processor.py:842} WARNING - No viable dags retrieved from /home/denys/airflow_venv/lib/python3.12/site-packages/airflow/example_dags/plugins/workday.py
[2024-05-08T13:23:06.305+0000] {processor.py:183} INFO - Processing /home/denys/airflow_venv/lib/python3.12/site-packages/airflow/example_dags/plugins/workday.py took 0.313 seconds
[2024-05-08T13:24:06.051+0000] {processor.py:161} INFO - Started process (PID=2692) to work on /home/denys/airflow_venv/lib/python3.12/site-packages/airflow/example_dags/plugins/workday.py
[2024-05-08T13:24:06.052+0000] {processor.py:830} INFO - Processing file /home/denys/airflow_venv/lib/python3.12/site-packages/airflow/example_dags/plugins/workday.py for tasks to queue
[2024-05-08T13:24:06.053+0000] {logging_mixin.py:188} INFO - [2024-05-08T13:24:06.053+0000] {dagbag.py:545} INFO - Filling up the DagBag from /home/denys/airflow_venv/lib/python3.12/site-packages/airflow/example_dags/plugins/workday.py
[2024-05-08T13:24:06.333+0000] {processor.py:842} WARNING - No viable dags retrieved from /home/denys/airflow_venv/lib/python3.12/site-packages/airflow/example_dags/plugins/workday.py
[2024-05-08T13:24:06.336+0000] {processor.py:183} INFO - Processing /home/denys/airflow_venv/lib/python3.12/site-packages/airflow/example_dags/plugins/workday.py took 0.289 seconds
[2024-05-08T13:25:04.526+0000] {processor.py:161} INFO - Started process (PID=2759) to work on /home/denys/airflow_venv/lib/python3.12/site-packages/airflow/example_dags/plugins/workday.py
[2024-05-08T13:25:04.527+0000] {processor.py:830} INFO - Processing file /home/denys/airflow_venv/lib/python3.12/site-packages/airflow/example_dags/plugins/workday.py for tasks to queue
[2024-05-08T13:25:04.528+0000] {logging_mixin.py:188} INFO - [2024-05-08T13:25:04.528+0000] {dagbag.py:545} INFO - Filling up the DagBag from /home/denys/airflow_venv/lib/python3.12/site-packages/airflow/example_dags/plugins/workday.py
[2024-05-08T13:25:04.829+0000] {processor.py:842} WARNING - No viable dags retrieved from /home/denys/airflow_venv/lib/python3.12/site-packages/airflow/example_dags/plugins/workday.py
[2024-05-08T13:25:04.833+0000] {processor.py:183} INFO - Processing /home/denys/airflow_venv/lib/python3.12/site-packages/airflow/example_dags/plugins/workday.py took 0.310 seconds
[2024-05-08T13:26:04.539+0000] {processor.py:161} INFO - Started process (PID=2824) to work on /home/denys/airflow_venv/lib/python3.12/site-packages/airflow/example_dags/plugins/workday.py
[2024-05-08T13:26:04.541+0000] {processor.py:830} INFO - Processing file /home/denys/airflow_venv/lib/python3.12/site-packages/airflow/example_dags/plugins/workday.py for tasks to queue
[2024-05-08T13:26:04.542+0000] {logging_mixin.py:188} INFO - [2024-05-08T13:26:04.542+0000] {dagbag.py:545} INFO - Filling up the DagBag from /home/denys/airflow_venv/lib/python3.12/site-packages/airflow/example_dags/plugins/workday.py
[2024-05-08T13:26:04.869+0000] {processor.py:842} WARNING - No viable dags retrieved from /home/denys/airflow_venv/lib/python3.12/site-packages/airflow/example_dags/plugins/workday.py
[2024-05-08T13:26:04.874+0000] {processor.py:183} INFO - Processing /home/denys/airflow_venv/lib/python3.12/site-packages/airflow/example_dags/plugins/workday.py took 0.338 seconds
[2024-05-08T13:27:09.392+0000] {processor.py:161} INFO - Started process (PID=2890) to work on /home/denys/airflow_venv/lib/python3.12/site-packages/airflow/example_dags/plugins/workday.py
[2024-05-08T13:27:09.394+0000] {processor.py:830} INFO - Processing file /home/denys/airflow_venv/lib/python3.12/site-packages/airflow/example_dags/plugins/workday.py for tasks to queue
[2024-05-08T13:27:09.395+0000] {logging_mixin.py:188} INFO - [2024-05-08T13:27:09.395+0000] {dagbag.py:545} INFO - Filling up the DagBag from /home/denys/airflow_venv/lib/python3.12/site-packages/airflow/example_dags/plugins/workday.py
[2024-05-08T13:27:09.724+0000] {processor.py:842} WARNING - No viable dags retrieved from /home/denys/airflow_venv/lib/python3.12/site-packages/airflow/example_dags/plugins/workday.py
[2024-05-08T13:27:09.730+0000] {processor.py:183} INFO - Processing /home/denys/airflow_venv/lib/python3.12/site-packages/airflow/example_dags/plugins/workday.py took 0.341 seconds
[2024-05-08T13:28:15.312+0000] {processor.py:161} INFO - Started process (PID=2958) to work on /home/denys/airflow_venv/lib/python3.12/site-packages/airflow/example_dags/plugins/workday.py
[2024-05-08T13:28:15.313+0000] {processor.py:830} INFO - Processing file /home/denys/airflow_venv/lib/python3.12/site-packages/airflow/example_dags/plugins/workday.py for tasks to queue
[2024-05-08T13:28:15.315+0000] {logging_mixin.py:188} INFO - [2024-05-08T13:28:15.314+0000] {dagbag.py:545} INFO - Filling up the DagBag from /home/denys/airflow_venv/lib/python3.12/site-packages/airflow/example_dags/plugins/workday.py
[2024-05-08T13:28:15.587+0000] {processor.py:842} WARNING - No viable dags retrieved from /home/denys/airflow_venv/lib/python3.12/site-packages/airflow/example_dags/plugins/workday.py
[2024-05-08T13:28:15.591+0000] {processor.py:183} INFO - Processing /home/denys/airflow_venv/lib/python3.12/site-packages/airflow/example_dags/plugins/workday.py took 0.282 seconds
[2024-05-08T13:29:16.128+0000] {processor.py:161} INFO - Started process (PID=3077) to work on /home/denys/airflow_venv/lib/python3.12/site-packages/airflow/example_dags/plugins/workday.py
[2024-05-08T13:29:16.135+0000] {processor.py:830} INFO - Processing file /home/denys/airflow_venv/lib/python3.12/site-packages/airflow/example_dags/plugins/workday.py for tasks to queue
[2024-05-08T13:29:16.136+0000] {logging_mixin.py:188} INFO - [2024-05-08T13:29:16.136+0000] {dagbag.py:545} INFO - Filling up the DagBag from /home/denys/airflow_venv/lib/python3.12/site-packages/airflow/example_dags/plugins/workday.py
[2024-05-08T13:29:16.439+0000] {processor.py:842} WARNING - No viable dags retrieved from /home/denys/airflow_venv/lib/python3.12/site-packages/airflow/example_dags/plugins/workday.py
[2024-05-08T13:29:16.443+0000] {processor.py:183} INFO - Processing /home/denys/airflow_venv/lib/python3.12/site-packages/airflow/example_dags/plugins/workday.py took 0.318 seconds
[2024-05-08T13:30:15.579+0000] {processor.py:161} INFO - Started process (PID=3143) to work on /home/denys/airflow_venv/lib/python3.12/site-packages/airflow/example_dags/plugins/workday.py
[2024-05-08T13:30:15.580+0000] {processor.py:830} INFO - Processing file /home/denys/airflow_venv/lib/python3.12/site-packages/airflow/example_dags/plugins/workday.py for tasks to queue
[2024-05-08T13:30:15.582+0000] {logging_mixin.py:188} INFO - [2024-05-08T13:30:15.581+0000] {dagbag.py:545} INFO - Filling up the DagBag from /home/denys/airflow_venv/lib/python3.12/site-packages/airflow/example_dags/plugins/workday.py
[2024-05-08T13:30:15.864+0000] {processor.py:842} WARNING - No viable dags retrieved from /home/denys/airflow_venv/lib/python3.12/site-packages/airflow/example_dags/plugins/workday.py
[2024-05-08T13:30:15.869+0000] {processor.py:183} INFO - Processing /home/denys/airflow_venv/lib/python3.12/site-packages/airflow/example_dags/plugins/workday.py took 0.293 seconds
[2024-05-08T13:31:16.769+0000] {processor.py:161} INFO - Started process (PID=3207) to work on /home/denys/airflow_venv/lib/python3.12/site-packages/airflow/example_dags/plugins/workday.py
[2024-05-08T13:31:16.770+0000] {processor.py:830} INFO - Processing file /home/denys/airflow_venv/lib/python3.12/site-packages/airflow/example_dags/plugins/workday.py for tasks to queue
[2024-05-08T13:31:16.771+0000] {logging_mixin.py:188} INFO - [2024-05-08T13:31:16.771+0000] {dagbag.py:545} INFO - Filling up the DagBag from /home/denys/airflow_venv/lib/python3.12/site-packages/airflow/example_dags/plugins/workday.py
[2024-05-08T13:31:17.062+0000] {processor.py:842} WARNING - No viable dags retrieved from /home/denys/airflow_venv/lib/python3.12/site-packages/airflow/example_dags/plugins/workday.py
[2024-05-08T13:31:17.067+0000] {processor.py:183} INFO - Processing /home/denys/airflow_venv/lib/python3.12/site-packages/airflow/example_dags/plugins/workday.py took 0.301 seconds
[2024-05-08T13:32:20.197+0000] {processor.py:161} INFO - Started process (PID=3271) to work on /home/denys/airflow_venv/lib/python3.12/site-packages/airflow/example_dags/plugins/workday.py
[2024-05-08T13:32:20.199+0000] {processor.py:830} INFO - Processing file /home/denys/airflow_venv/lib/python3.12/site-packages/airflow/example_dags/plugins/workday.py for tasks to queue
[2024-05-08T13:32:20.200+0000] {logging_mixin.py:188} INFO - [2024-05-08T13:32:20.199+0000] {dagbag.py:545} INFO - Filling up the DagBag from /home/denys/airflow_venv/lib/python3.12/site-packages/airflow/example_dags/plugins/workday.py
[2024-05-08T13:32:20.513+0000] {processor.py:842} WARNING - No viable dags retrieved from /home/denys/airflow_venv/lib/python3.12/site-packages/airflow/example_dags/plugins/workday.py
[2024-05-08T13:32:20.517+0000] {processor.py:183} INFO - Processing /home/denys/airflow_venv/lib/python3.12/site-packages/airflow/example_dags/plugins/workday.py took 0.324 seconds
[2024-05-08T13:33:25.681+0000] {processor.py:161} INFO - Started process (PID=3338) to work on /home/denys/airflow_venv/lib/python3.12/site-packages/airflow/example_dags/plugins/workday.py
[2024-05-08T13:33:25.683+0000] {processor.py:830} INFO - Processing file /home/denys/airflow_venv/lib/python3.12/site-packages/airflow/example_dags/plugins/workday.py for tasks to queue
[2024-05-08T13:33:25.684+0000] {logging_mixin.py:188} INFO - [2024-05-08T13:33:25.683+0000] {dagbag.py:545} INFO - Filling up the DagBag from /home/denys/airflow_venv/lib/python3.12/site-packages/airflow/example_dags/plugins/workday.py
[2024-05-08T13:33:25.956+0000] {processor.py:842} WARNING - No viable dags retrieved from /home/denys/airflow_venv/lib/python3.12/site-packages/airflow/example_dags/plugins/workday.py
[2024-05-08T13:33:25.960+0000] {processor.py:183} INFO - Processing /home/denys/airflow_venv/lib/python3.12/site-packages/airflow/example_dags/plugins/workday.py took 0.282 seconds
[2024-05-08T13:34:29.833+0000] {processor.py:161} INFO - Started process (PID=3406) to work on /home/denys/airflow_venv/lib/python3.12/site-packages/airflow/example_dags/plugins/workday.py
[2024-05-08T13:34:29.835+0000] {processor.py:830} INFO - Processing file /home/denys/airflow_venv/lib/python3.12/site-packages/airflow/example_dags/plugins/workday.py for tasks to queue
[2024-05-08T13:34:29.836+0000] {logging_mixin.py:188} INFO - [2024-05-08T13:34:29.835+0000] {dagbag.py:545} INFO - Filling up the DagBag from /home/denys/airflow_venv/lib/python3.12/site-packages/airflow/example_dags/plugins/workday.py
[2024-05-08T13:34:30.109+0000] {processor.py:842} WARNING - No viable dags retrieved from /home/denys/airflow_venv/lib/python3.12/site-packages/airflow/example_dags/plugins/workday.py
[2024-05-08T13:34:30.113+0000] {processor.py:183} INFO - Processing /home/denys/airflow_venv/lib/python3.12/site-packages/airflow/example_dags/plugins/workday.py took 0.284 seconds
[2024-05-08T13:35:28.485+0000] {processor.py:161} INFO - Started process (PID=3472) to work on /home/denys/airflow_venv/lib/python3.12/site-packages/airflow/example_dags/plugins/workday.py
[2024-05-08T13:35:28.486+0000] {processor.py:830} INFO - Processing file /home/denys/airflow_venv/lib/python3.12/site-packages/airflow/example_dags/plugins/workday.py for tasks to queue
[2024-05-08T13:35:28.487+0000] {logging_mixin.py:188} INFO - [2024-05-08T13:35:28.487+0000] {dagbag.py:545} INFO - Filling up the DagBag from /home/denys/airflow_venv/lib/python3.12/site-packages/airflow/example_dags/plugins/workday.py
[2024-05-08T13:35:28.770+0000] {processor.py:842} WARNING - No viable dags retrieved from /home/denys/airflow_venv/lib/python3.12/site-packages/airflow/example_dags/plugins/workday.py
[2024-05-08T13:35:28.773+0000] {processor.py:183} INFO - Processing /home/denys/airflow_venv/lib/python3.12/site-packages/airflow/example_dags/plugins/workday.py took 0.292 seconds
[2024-05-08T13:36:30.520+0000] {processor.py:161} INFO - Started process (PID=3535) to work on /home/denys/airflow_venv/lib/python3.12/site-packages/airflow/example_dags/plugins/workday.py
[2024-05-08T13:36:30.522+0000] {processor.py:830} INFO - Processing file /home/denys/airflow_venv/lib/python3.12/site-packages/airflow/example_dags/plugins/workday.py for tasks to queue
[2024-05-08T13:36:30.523+0000] {logging_mixin.py:188} INFO - [2024-05-08T13:36:30.523+0000] {dagbag.py:545} INFO - Filling up the DagBag from /home/denys/airflow_venv/lib/python3.12/site-packages/airflow/example_dags/plugins/workday.py
[2024-05-08T13:36:30.818+0000] {processor.py:842} WARNING - No viable dags retrieved from /home/denys/airflow_venv/lib/python3.12/site-packages/airflow/example_dags/plugins/workday.py
[2024-05-08T13:36:30.822+0000] {processor.py:183} INFO - Processing /home/denys/airflow_venv/lib/python3.12/site-packages/airflow/example_dags/plugins/workday.py took 0.306 seconds
[2024-05-08T13:37:34.766+0000] {processor.py:161} INFO - Started process (PID=3602) to work on /home/denys/airflow_venv/lib/python3.12/site-packages/airflow/example_dags/plugins/workday.py
[2024-05-08T13:37:34.767+0000] {processor.py:830} INFO - Processing file /home/denys/airflow_venv/lib/python3.12/site-packages/airflow/example_dags/plugins/workday.py for tasks to queue
[2024-05-08T13:37:34.768+0000] {logging_mixin.py:188} INFO - [2024-05-08T13:37:34.768+0000] {dagbag.py:545} INFO - Filling up the DagBag from /home/denys/airflow_venv/lib/python3.12/site-packages/airflow/example_dags/plugins/workday.py
[2024-05-08T13:37:35.056+0000] {processor.py:842} WARNING - No viable dags retrieved from /home/denys/airflow_venv/lib/python3.12/site-packages/airflow/example_dags/plugins/workday.py
[2024-05-08T13:37:35.060+0000] {processor.py:183} INFO - Processing /home/denys/airflow_venv/lib/python3.12/site-packages/airflow/example_dags/plugins/workday.py took 0.297 seconds
[2024-05-08T13:38:44.632+0000] {processor.py:161} INFO - Started process (PID=3673) to work on /home/denys/airflow_venv/lib/python3.12/site-packages/airflow/example_dags/plugins/workday.py
[2024-05-08T13:38:44.634+0000] {processor.py:830} INFO - Processing file /home/denys/airflow_venv/lib/python3.12/site-packages/airflow/example_dags/plugins/workday.py for tasks to queue
[2024-05-08T13:38:44.635+0000] {logging_mixin.py:188} INFO - [2024-05-08T13:38:44.635+0000] {dagbag.py:545} INFO - Filling up the DagBag from /home/denys/airflow_venv/lib/python3.12/site-packages/airflow/example_dags/plugins/workday.py
[2024-05-08T13:38:44.917+0000] {processor.py:842} WARNING - No viable dags retrieved from /home/denys/airflow_venv/lib/python3.12/site-packages/airflow/example_dags/plugins/workday.py
[2024-05-08T13:38:44.920+0000] {processor.py:183} INFO - Processing /home/denys/airflow_venv/lib/python3.12/site-packages/airflow/example_dags/plugins/workday.py took 0.291 seconds
[2024-05-08T13:39:49.213+0000] {processor.py:161} INFO - Started process (PID=3738) to work on /home/denys/airflow_venv/lib/python3.12/site-packages/airflow/example_dags/plugins/workday.py
[2024-05-08T13:39:49.214+0000] {processor.py:830} INFO - Processing file /home/denys/airflow_venv/lib/python3.12/site-packages/airflow/example_dags/plugins/workday.py for tasks to queue
[2024-05-08T13:39:49.215+0000] {logging_mixin.py:188} INFO - [2024-05-08T13:39:49.215+0000] {dagbag.py:545} INFO - Filling up the DagBag from /home/denys/airflow_venv/lib/python3.12/site-packages/airflow/example_dags/plugins/workday.py
[2024-05-08T13:39:49.526+0000] {processor.py:842} WARNING - No viable dags retrieved from /home/denys/airflow_venv/lib/python3.12/site-packages/airflow/example_dags/plugins/workday.py
[2024-05-08T13:39:49.532+0000] {processor.py:183} INFO - Processing /home/denys/airflow_venv/lib/python3.12/site-packages/airflow/example_dags/plugins/workday.py took 0.322 seconds
[2024-05-08T13:41:03.424+0000] {processor.py:161} INFO - Started process (PID=3811) to work on /home/denys/airflow_venv/lib/python3.12/site-packages/airflow/example_dags/plugins/workday.py
[2024-05-08T13:41:03.425+0000] {processor.py:830} INFO - Processing file /home/denys/airflow_venv/lib/python3.12/site-packages/airflow/example_dags/plugins/workday.py for tasks to queue
[2024-05-08T13:41:03.426+0000] {logging_mixin.py:188} INFO - [2024-05-08T13:41:03.426+0000] {dagbag.py:545} INFO - Filling up the DagBag from /home/denys/airflow_venv/lib/python3.12/site-packages/airflow/example_dags/plugins/workday.py
[2024-05-08T13:41:03.727+0000] {processor.py:842} WARNING - No viable dags retrieved from /home/denys/airflow_venv/lib/python3.12/site-packages/airflow/example_dags/plugins/workday.py
[2024-05-08T13:41:03.731+0000] {processor.py:183} INFO - Processing /home/denys/airflow_venv/lib/python3.12/site-packages/airflow/example_dags/plugins/workday.py took 0.311 seconds
[2024-05-08T13:42:09.486+0000] {processor.py:161} INFO - Started process (PID=3878) to work on /home/denys/airflow_venv/lib/python3.12/site-packages/airflow/example_dags/plugins/workday.py
[2024-05-08T13:42:09.487+0000] {processor.py:830} INFO - Processing file /home/denys/airflow_venv/lib/python3.12/site-packages/airflow/example_dags/plugins/workday.py for tasks to queue
[2024-05-08T13:42:09.488+0000] {logging_mixin.py:188} INFO - [2024-05-08T13:42:09.488+0000] {dagbag.py:545} INFO - Filling up the DagBag from /home/denys/airflow_venv/lib/python3.12/site-packages/airflow/example_dags/plugins/workday.py
[2024-05-08T13:42:09.785+0000] {processor.py:842} WARNING - No viable dags retrieved from /home/denys/airflow_venv/lib/python3.12/site-packages/airflow/example_dags/plugins/workday.py
[2024-05-08T13:42:09.789+0000] {processor.py:183} INFO - Processing /home/denys/airflow_venv/lib/python3.12/site-packages/airflow/example_dags/plugins/workday.py took 0.307 seconds
[2024-05-08T13:43:18.394+0000] {processor.py:161} INFO - Started process (PID=3948) to work on /home/denys/airflow_venv/lib/python3.12/site-packages/airflow/example_dags/plugins/workday.py
[2024-05-08T13:43:18.395+0000] {processor.py:830} INFO - Processing file /home/denys/airflow_venv/lib/python3.12/site-packages/airflow/example_dags/plugins/workday.py for tasks to queue
[2024-05-08T13:43:18.396+0000] {logging_mixin.py:188} INFO - [2024-05-08T13:43:18.396+0000] {dagbag.py:545} INFO - Filling up the DagBag from /home/denys/airflow_venv/lib/python3.12/site-packages/airflow/example_dags/plugins/workday.py
[2024-05-08T13:43:18.620+0000] {processor.py:842} WARNING - No viable dags retrieved from /home/denys/airflow_venv/lib/python3.12/site-packages/airflow/example_dags/plugins/workday.py
[2024-05-08T13:43:18.625+0000] {processor.py:183} INFO - Processing /home/denys/airflow_venv/lib/python3.12/site-packages/airflow/example_dags/plugins/workday.py took 0.235 seconds
