[2024-05-22T12:21:04.648+0000] {processor.py:161} INFO - Started process (PID=6599) to work on /home/denys/airflow_venv/lib/python3.12/site-packages/airflow/example_dags/example_datasets.py
[2024-05-22T12:21:04.655+0000] {processor.py:830} INFO - Processing file /home/denys/airflow_venv/lib/python3.12/site-packages/airflow/example_dags/example_datasets.py for tasks to queue
[2024-05-22T12:21:04.659+0000] {logging_mixin.py:188} INFO - [2024-05-22T12:21:04.658+0000] {dagbag.py:545} INFO - Filling up the DagBag from /home/denys/airflow_venv/lib/python3.12/site-packages/airflow/example_dags/example_datasets.py
[2024-05-22T12:21:04.724+0000] {processor.py:840} INFO - DAG(s) 'consume_1_or_both_2_and_3_with_dataset_expressions', 'dataset_consumes_1', 'dataset_consumes_1_never_scheduled', 'conditional_dataset_and_time_based_timetable', 'consume_1_or_2_with_dataset_expressions', 'dataset_produces_1', 'consume_1_and_2_with_dataset_expressions', 'dataset_produces_2', 'dataset_consumes_unknown_never_scheduled', 'dataset_consumes_1_and_2' retrieved from /home/denys/airflow_venv/lib/python3.12/site-packages/airflow/example_dags/example_datasets.py
[2024-05-22T12:21:05.948+0000] {logging_mixin.py:188} INFO - [2024-05-22T12:21:05.947+0000] {dag.py:3096} INFO - Sync 10 DAGs
[2024-05-22T12:21:06.094+0000] {logging_mixin.py:188} INFO - [2024-05-22T12:21:06.093+0000] {dag.py:3954} INFO - Setting next_dagrun for conditional_dataset_and_time_based_timetable to 2024-05-22 01:00:00+00:00, run_after=2024-05-22 01:00:00+00:00
[2024-05-22T12:21:06.115+0000] {logging_mixin.py:188} INFO - [2024-05-22T12:21:06.114+0000] {dag.py:3954} INFO - Setting next_dagrun for consume_1_and_2_with_dataset_expressions to None, run_after=None
[2024-05-22T12:21:06.117+0000] {logging_mixin.py:188} INFO - [2024-05-22T12:21:06.117+0000] {dag.py:3954} INFO - Setting next_dagrun for consume_1_or_2_with_dataset_expressions to None, run_after=None
[2024-05-22T12:21:06.122+0000] {logging_mixin.py:188} INFO - [2024-05-22T12:21:06.122+0000] {dag.py:3954} INFO - Setting next_dagrun for consume_1_or_both_2_and_3_with_dataset_expressions to None, run_after=None
[2024-05-22T12:21:06.125+0000] {logging_mixin.py:188} INFO - [2024-05-22T12:21:06.124+0000] {dag.py:3954} INFO - Setting next_dagrun for dataset_consumes_1 to None, run_after=None
[2024-05-22T12:21:06.127+0000] {logging_mixin.py:188} INFO - [2024-05-22T12:21:06.126+0000] {dag.py:3954} INFO - Setting next_dagrun for dataset_consumes_1_and_2 to None, run_after=None
[2024-05-22T12:21:06.129+0000] {logging_mixin.py:188} INFO - [2024-05-22T12:21:06.128+0000] {dag.py:3954} INFO - Setting next_dagrun for dataset_consumes_1_never_scheduled to None, run_after=None
[2024-05-22T12:21:06.131+0000] {logging_mixin.py:188} INFO - [2024-05-22T12:21:06.131+0000] {dag.py:3954} INFO - Setting next_dagrun for dataset_consumes_unknown_never_scheduled to None, run_after=None
[2024-05-22T12:21:06.136+0000] {logging_mixin.py:188} INFO - [2024-05-22T12:21:06.136+0000] {dag.py:3954} INFO - Setting next_dagrun for dataset_produces_1 to 2024-05-21 00:00:00+00:00, run_after=2024-05-22 00:00:00+00:00
[2024-05-22T12:21:06.139+0000] {logging_mixin.py:188} INFO - [2024-05-22T12:21:06.138+0000] {dag.py:3954} INFO - Setting next_dagrun for dataset_produces_2 to None, run_after=None
[2024-05-22T12:21:06.292+0000] {processor.py:183} INFO - Processing /home/denys/airflow_venv/lib/python3.12/site-packages/airflow/example_dags/example_datasets.py took 1.654 seconds
[2024-05-22T12:22:24.552+0000] {processor.py:161} INFO - Started process (PID=7300) to work on /home/denys/airflow_venv/lib/python3.12/site-packages/airflow/example_dags/example_datasets.py
[2024-05-22T12:22:24.561+0000] {processor.py:830} INFO - Processing file /home/denys/airflow_venv/lib/python3.12/site-packages/airflow/example_dags/example_datasets.py for tasks to queue
[2024-05-22T12:22:24.563+0000] {logging_mixin.py:188} INFO - [2024-05-22T12:22:24.563+0000] {dagbag.py:545} INFO - Filling up the DagBag from /home/denys/airflow_venv/lib/python3.12/site-packages/airflow/example_dags/example_datasets.py
[2024-05-22T12:22:24.582+0000] {processor.py:840} INFO - DAG(s) 'dataset_consumes_1', 'dataset_produces_1', 'dataset_produces_2', 'consume_1_or_2_with_dataset_expressions', 'dataset_consumes_unknown_never_scheduled', 'consume_1_and_2_with_dataset_expressions', 'dataset_consumes_1_and_2', 'consume_1_or_both_2_and_3_with_dataset_expressions', 'conditional_dataset_and_time_based_timetable', 'dataset_consumes_1_never_scheduled' retrieved from /home/denys/airflow_venv/lib/python3.12/site-packages/airflow/example_dags/example_datasets.py
[2024-05-22T12:22:24.653+0000] {logging_mixin.py:188} INFO - [2024-05-22T12:22:24.653+0000] {dag.py:3096} INFO - Sync 10 DAGs
[2024-05-22T12:22:24.683+0000] {logging_mixin.py:188} INFO - [2024-05-22T12:22:24.683+0000] {dag.py:3954} INFO - Setting next_dagrun for conditional_dataset_and_time_based_timetable to 2024-05-22 01:00:00+00:00, run_after=2024-05-22 01:00:00+00:00
[2024-05-22T12:22:24.688+0000] {logging_mixin.py:188} INFO - [2024-05-22T12:22:24.687+0000] {dag.py:3954} INFO - Setting next_dagrun for consume_1_and_2_with_dataset_expressions to None, run_after=None
[2024-05-22T12:22:24.689+0000] {logging_mixin.py:188} INFO - [2024-05-22T12:22:24.689+0000] {dag.py:3954} INFO - Setting next_dagrun for consume_1_or_2_with_dataset_expressions to None, run_after=None
[2024-05-22T12:22:24.690+0000] {logging_mixin.py:188} INFO - [2024-05-22T12:22:24.690+0000] {dag.py:3954} INFO - Setting next_dagrun for consume_1_or_both_2_and_3_with_dataset_expressions to None, run_after=None
[2024-05-22T12:22:24.691+0000] {logging_mixin.py:188} INFO - [2024-05-22T12:22:24.691+0000] {dag.py:3954} INFO - Setting next_dagrun for dataset_consumes_1 to None, run_after=None
[2024-05-22T12:22:24.692+0000] {logging_mixin.py:188} INFO - [2024-05-22T12:22:24.692+0000] {dag.py:3954} INFO - Setting next_dagrun for dataset_consumes_1_and_2 to None, run_after=None
[2024-05-22T12:22:24.693+0000] {logging_mixin.py:188} INFO - [2024-05-22T12:22:24.693+0000] {dag.py:3954} INFO - Setting next_dagrun for dataset_consumes_1_never_scheduled to None, run_after=None
[2024-05-22T12:22:24.694+0000] {logging_mixin.py:188} INFO - [2024-05-22T12:22:24.694+0000] {dag.py:3954} INFO - Setting next_dagrun for dataset_consumes_unknown_never_scheduled to None, run_after=None
[2024-05-22T12:22:24.696+0000] {logging_mixin.py:188} INFO - [2024-05-22T12:22:24.696+0000] {dag.py:3954} INFO - Setting next_dagrun for dataset_produces_1 to 2024-05-21 00:00:00+00:00, run_after=2024-05-22 00:00:00+00:00
[2024-05-22T12:22:24.697+0000] {logging_mixin.py:188} INFO - [2024-05-22T12:22:24.697+0000] {dag.py:3954} INFO - Setting next_dagrun for dataset_produces_2 to None, run_after=None
[2024-05-22T12:22:24.768+0000] {processor.py:183} INFO - Processing /home/denys/airflow_venv/lib/python3.12/site-packages/airflow/example_dags/example_datasets.py took 0.226 seconds
