[2024-05-22T12:20:15.511+0000] {processor.py:161} INFO - Started process (PID=5997) to work on /home/denys/airflow_venv/lib/python3.12/site-packages/airflow/example_dags/example_subdag_operator.py
[2024-05-22T12:20:15.525+0000] {processor.py:830} INFO - Processing file /home/denys/airflow_venv/lib/python3.12/site-packages/airflow/example_dags/example_subdag_operator.py for tasks to queue
[2024-05-22T12:20:15.529+0000] {logging_mixin.py:188} INFO - [2024-05-22T12:20:15.528+0000] {dagbag.py:545} INFO - Filling up the DagBag from /home/denys/airflow_venv/lib/python3.12/site-packages/airflow/example_dags/example_subdag_operator.py
[2024-05-22T12:20:15.603+0000] {processor.py:840} INFO - DAG(s) 'example_subdag_operator.section-1', 'example_subdag_operator.section-2', 'example_subdag_operator' retrieved from /home/denys/airflow_venv/lib/python3.12/site-packages/airflow/example_dags/example_subdag_operator.py
[2024-05-22T12:20:16.031+0000] {logging_mixin.py:188} INFO - [2024-05-22T12:20:16.031+0000] {dag.py:3096} INFO - Sync 3 DAGs
[2024-05-22T12:20:16.088+0000] {logging_mixin.py:188} INFO - [2024-05-22T12:20:16.087+0000] {dag.py:3954} INFO - Setting next_dagrun for example_subdag_operator to 2022-01-01 00:00:00+00:00, run_after=2022-01-01 00:00:00+00:00
[2024-05-22T12:20:16.094+0000] {logging_mixin.py:188} INFO - [2024-05-22T12:20:16.093+0000] {dag.py:3954} INFO - Setting next_dagrun for example_subdag_operator.section-1 to None, run_after=None
[2024-05-22T12:20:16.096+0000] {logging_mixin.py:188} INFO - [2024-05-22T12:20:16.095+0000] {dag.py:3954} INFO - Setting next_dagrun for example_subdag_operator.section-2 to None, run_after=None
[2024-05-22T12:20:16.127+0000] {logging_mixin.py:188} INFO - [2024-05-22T12:20:16.126+0000] {dag.py:3096} INFO - Sync 2 DAGs
[2024-05-22T12:20:16.143+0000] {logging_mixin.py:188} INFO - [2024-05-22T12:20:16.143+0000] {dag.py:3954} INFO - Setting next_dagrun for example_subdag_operator.section-1 to None, run_after=None
[2024-05-22T12:20:16.144+0000] {logging_mixin.py:188} INFO - [2024-05-22T12:20:16.144+0000] {dag.py:3954} INFO - Setting next_dagrun for example_subdag_operator.section-2 to None, run_after=None
[2024-05-22T12:20:16.184+0000] {processor.py:183} INFO - Processing /home/denys/airflow_venv/lib/python3.12/site-packages/airflow/example_dags/example_subdag_operator.py took 0.695 seconds
[2024-05-22T12:21:52.707+0000] {processor.py:161} INFO - Started process (PID=7153) to work on /home/denys/airflow_venv/lib/python3.12/site-packages/airflow/example_dags/example_subdag_operator.py
[2024-05-22T12:21:52.719+0000] {processor.py:830} INFO - Processing file /home/denys/airflow_venv/lib/python3.12/site-packages/airflow/example_dags/example_subdag_operator.py for tasks to queue
[2024-05-22T12:21:52.729+0000] {logging_mixin.py:188} INFO - [2024-05-22T12:21:52.728+0000] {dagbag.py:545} INFO - Filling up the DagBag from /home/denys/airflow_venv/lib/python3.12/site-packages/airflow/example_dags/example_subdag_operator.py
[2024-05-22T12:21:52.786+0000] {processor.py:840} INFO - DAG(s) 'example_subdag_operator.section-1', 'example_subdag_operator.section-2', 'example_subdag_operator' retrieved from /home/denys/airflow_venv/lib/python3.12/site-packages/airflow/example_dags/example_subdag_operator.py
[2024-05-22T12:21:52.853+0000] {logging_mixin.py:188} INFO - [2024-05-22T12:21:52.853+0000] {dag.py:3096} INFO - Sync 3 DAGs
[2024-05-22T12:21:52.909+0000] {logging_mixin.py:188} INFO - [2024-05-22T12:21:52.908+0000] {dag.py:3954} INFO - Setting next_dagrun for example_subdag_operator to 2022-01-01 00:00:00+00:00, run_after=2022-01-01 00:00:00+00:00
[2024-05-22T12:21:52.918+0000] {logging_mixin.py:188} INFO - [2024-05-22T12:21:52.917+0000] {dag.py:3954} INFO - Setting next_dagrun for example_subdag_operator.section-1 to None, run_after=None
[2024-05-22T12:21:52.920+0000] {logging_mixin.py:188} INFO - [2024-05-22T12:21:52.920+0000] {dag.py:3954} INFO - Setting next_dagrun for example_subdag_operator.section-2 to None, run_after=None
[2024-05-22T12:21:52.942+0000] {logging_mixin.py:188} INFO - [2024-05-22T12:21:52.942+0000] {dag.py:3096} INFO - Sync 2 DAGs
[2024-05-22T12:21:52.947+0000] {logging_mixin.py:188} INFO - [2024-05-22T12:21:52.947+0000] {dag.py:3954} INFO - Setting next_dagrun for example_subdag_operator.section-1 to None, run_after=None
[2024-05-22T12:21:52.948+0000] {logging_mixin.py:188} INFO - [2024-05-22T12:21:52.948+0000] {dag.py:3954} INFO - Setting next_dagrun for example_subdag_operator.section-2 to None, run_after=None
[2024-05-22T12:21:53.045+0000] {processor.py:183} INFO - Processing /home/denys/airflow_venv/lib/python3.12/site-packages/airflow/example_dags/example_subdag_operator.py took 0.352 seconds
