[2024-05-09T08:13:33.786+0000] {local_task_job_runner.py:120} INFO - ::group::Pre task execution logs
[2024-05-09T08:13:33.827+0000] {taskinstance.py:2076} INFO - Dependencies all met for dep_context=non-requeueable deps ti=<TaskInstance: weather_dag.is_weater_api_ready manual__2024-05-09T08:13:17.673871+00:00 [queued]>
[2024-05-09T08:13:33.851+0000] {taskinstance.py:2076} INFO - Dependencies all met for dep_context=requeueable deps ti=<TaskInstance: weather_dag.is_weater_api_ready manual__2024-05-09T08:13:17.673871+00:00 [queued]>
[2024-05-09T08:13:33.859+0000] {taskinstance.py:2306} INFO - Starting attempt 1 of 3
[2024-05-09T08:13:33.935+0000] {taskinstance.py:2330} INFO - Executing <Task(HttpSensor): is_weater_api_ready> on 2024-05-09 08:13:17.673871+00:00
[2024-05-09T08:13:33.947+0000] {standard_task_runner.py:63} INFO - Started process 20054 to run task
[2024-05-09T08:13:33.955+0000] {standard_task_runner.py:90} INFO - Running: ['airflow', 'tasks', 'run', 'weather_dag', 'is_weater_api_ready', 'manual__2024-05-09T08:13:17.673871+00:00', '--job-id', '10', '--raw', '--subdir', 'DAGS_FOLDER/weather_dag.py', '--cfg-path', '/tmp/tmpfbugav5m']
[2024-05-09T08:13:33.958+0000] {standard_task_runner.py:91} INFO - Job 10: Subtask is_weater_api_ready
[2024-05-09T08:13:34.057+0000] {task_command.py:426} INFO - Running <TaskInstance: weather_dag.is_weater_api_ready manual__2024-05-09T08:13:17.673871+00:00 [running]> on host ubuntu2204
[2024-05-09T08:13:34.514+0000] {taskinstance.py:2648} INFO - Exporting env vars: AIRFLOW_CTX_DAG_EMAIL='test@gmail.com' AIRFLOW_CTX_DAG_OWNER='airflow' AIRFLOW_CTX_DAG_ID='weather_dag' AIRFLOW_CTX_TASK_ID='is_weater_api_ready' AIRFLOW_CTX_EXECUTION_DATE='2024-05-09T08:13:17.673871+00:00' AIRFLOW_CTX_TRY_NUMBER='1' AIRFLOW_CTX_DAG_RUN_ID='manual__2024-05-09T08:13:17.673871+00:00'
[2024-05-09T08:13:34.522+0000] {taskinstance.py:430} INFO - ::endgroup::
[2024-05-09T08:13:34.522+0000] {baseoperator.py:399} WARNING - HttpSensor.execute cannot be called outside TaskInstance!
[2024-05-09T08:13:34.523+0000] {http.py:137} INFO - Poking: /data/2.5/weather?q=Kyiv&APPID=a2fc2ab52b832be75e0040a88f3e406a
[2024-05-09T08:13:34.532+0000] {base.py:84} INFO - Using connection ID 'weathermap_api' for task execution.
[2024-05-09T08:13:34.750+0000] {http.py:200} ERROR - HTTP error: Unauthorized
[2024-05-09T08:13:34.756+0000] {http.py:201} ERROR - {"cod":401, "message": "Invalid API key. Please see https://openweathermap.org/faq#error401 for more info."}
[2024-05-09T08:13:34.760+0000] {taskinstance.py:441} INFO - ::group::Post task execution logs
[2024-05-09T08:13:34.773+0000] {taskinstance.py:2905} ERROR - Task failed with exception
Traceback (most recent call last):
  File "/home/denys/airflow_venv/lib/python3.12/site-packages/airflow/providers/http/hooks/http.py", line 198, in check_response
    response.raise_for_status()
  File "/home/denys/airflow_venv/lib/python3.12/site-packages/requests/models.py", line 1021, in raise_for_status
    raise HTTPError(http_error_msg, response=self)
requests.exceptions.HTTPError: 401 Client Error: Unauthorized for url: http://api.openweathermap.org/data/2.5/weather?q=Kyiv&APPID=a2fc2ab52b832be75e0040a88f3e406a

During handling of the above exception, another exception occurred:

Traceback (most recent call last):
  File "/home/denys/airflow_venv/lib/python3.12/site-packages/airflow/models/taskinstance.py", line 465, in _execute_task
    result = _execute_callable(context=context, **execute_callable_kwargs)
             ^^^^^^^^^^^^^^^^^^^^^^^^^^^^^^^^^^^^^^^^^^^^^^^^^^^^^^^^^^^^^
  File "/home/denys/airflow_venv/lib/python3.12/site-packages/airflow/models/taskinstance.py", line 432, in _execute_callable
    return execute_callable(context=context, **execute_callable_kwargs)
           ^^^^^^^^^^^^^^^^^^^^^^^^^^^^^^^^^^^^^^^^^^^^^^^^^^^^^^^^^^^^
  File "/home/denys/airflow_venv/lib/python3.12/site-packages/airflow/models/baseoperator.py", line 400, in wrapper
    return func(self, *args, **kwargs)
           ^^^^^^^^^^^^^^^^^^^^^^^^^^^
  File "/home/denys/airflow_venv/lib/python3.12/site-packages/airflow/providers/http/sensors/http.py", line 164, in execute
    super().execute(context=context)
  File "/home/denys/airflow_venv/lib/python3.12/site-packages/airflow/models/baseoperator.py", line 400, in wrapper
    return func(self, *args, **kwargs)
           ^^^^^^^^^^^^^^^^^^^^^^^^^^^
  File "/home/denys/airflow_venv/lib/python3.12/site-packages/airflow/sensors/base.py", line 264, in execute
    raise e
  File "/home/denys/airflow_venv/lib/python3.12/site-packages/airflow/sensors/base.py", line 246, in execute
    poke_return = self.poke(context)
                  ^^^^^^^^^^^^^^^^^^
  File "/home/denys/airflow_venv/lib/python3.12/site-packages/airflow/providers/http/sensors/http.py", line 158, in poke
    raise exc
  File "/home/denys/airflow_venv/lib/python3.12/site-packages/airflow/providers/http/sensors/http.py", line 139, in poke
    response = hook.run(
               ^^^^^^^^^
  File "/home/denys/airflow_venv/lib/python3.12/site-packages/airflow/providers/http/hooks/http.py", line 188, in run
    return self.run_and_check(session, prepped_request, extra_options)
           ^^^^^^^^^^^^^^^^^^^^^^^^^^^^^^^^^^^^^^^^^^^^^^^^^^^^^^^^^^^
  File "/home/denys/airflow_venv/lib/python3.12/site-packages/airflow/providers/http/hooks/http.py", line 239, in run_and_check
    self.check_response(response)
  File "/home/denys/airflow_venv/lib/python3.12/site-packages/airflow/providers/http/hooks/http.py", line 202, in check_response
    raise AirflowException(str(response.status_code) + ":" + response.reason)
airflow.exceptions.AirflowException: 401:Unauthorized
[2024-05-09T08:13:34.820+0000] {taskinstance.py:1206} INFO - Marking task as UP_FOR_RETRY. dag_id=weather_dag, task_id=is_weater_api_ready, run_id=manual__2024-05-09T08:13:17.673871+00:00, execution_date=20240509T081317, start_date=20240509T081333, end_date=20240509T081334
[2024-05-09T08:13:34.938+0000] {standard_task_runner.py:110} ERROR - Failed to execute job 10 for task is_weater_api_ready (401:Unauthorized; 20054)
[2024-05-09T08:13:34.985+0000] {local_task_job_runner.py:240} INFO - Task exited with return code 1
[2024-05-09T08:13:35.070+0000] {taskinstance.py:3498} INFO - 0 downstream tasks scheduled from follow-on schedule check
[2024-05-09T08:13:35.074+0000] {local_task_job_runner.py:222} INFO - ::endgroup::
