[2024-05-23T10:50:46.201+0000] {local_task_job_runner.py:120} INFO - ::group::Pre task execution logs
[2024-05-23T10:50:46.223+0000] {taskinstance.py:2076} INFO - Dependencies all met for dep_context=non-requeueable deps ti=<TaskInstance: weather_dag_parallel.group_a.task_create_table_1 manual__2024-05-23T10:50:09.679421+00:00 [queued]>
[2024-05-23T10:50:46.233+0000] {taskinstance.py:2076} INFO - Dependencies all met for dep_context=requeueable deps ti=<TaskInstance: weather_dag_parallel.group_a.task_create_table_1 manual__2024-05-23T10:50:09.679421+00:00 [queued]>
[2024-05-23T10:50:46.234+0000] {taskinstance.py:2306} INFO - Starting attempt 1 of 3
[2024-05-23T10:50:46.277+0000] {taskinstance.py:2330} INFO - Executing <Task(PostgresOperator): group_a.task_create_table_1> on 2024-05-23 10:50:09.679421+00:00
[2024-05-23T10:50:46.283+0000] {standard_task_runner.py:63} INFO - Started process 79627 to run task
[2024-05-23T10:50:46.292+0000] {standard_task_runner.py:90} INFO - Running: ['airflow', 'tasks', 'run', 'weather_dag_parallel', 'group_a.task_create_table_1', 'manual__2024-05-23T10:50:09.679421+00:00', '--job-id', '178', '--raw', '--subdir', 'DAGS_FOLDER/weatherapi_dag.py', '--cfg-path', '/tmp/tmp0gyuwm1f']
[2024-05-23T10:50:46.296+0000] {standard_task_runner.py:91} INFO - Job 178: Subtask group_a.task_create_table_1
[2024-05-23T10:50:46.375+0000] {task_command.py:426} INFO - Running <TaskInstance: weather_dag_parallel.group_a.task_create_table_1 manual__2024-05-23T10:50:09.679421+00:00 [running]> on host ubuntu2204
[2024-05-23T10:50:46.536+0000] {taskinstance.py:2648} INFO - Exporting env vars: AIRFLOW_CTX_DAG_EMAIL='test@gmail.com' AIRFLOW_CTX_DAG_OWNER='airflow' AIRFLOW_CTX_DAG_ID='weather_dag_parallel' AIRFLOW_CTX_TASK_ID='group_a.task_create_table_1' AIRFLOW_CTX_EXECUTION_DATE='2024-05-23T10:50:09.679421+00:00' AIRFLOW_CTX_TRY_NUMBER='1' AIRFLOW_CTX_DAG_RUN_ID='manual__2024-05-23T10:50:09.679421+00:00'
[2024-05-23T10:50:46.549+0000] {taskinstance.py:430} INFO - ::endgroup::
[2024-05-23T10:50:46.604+0000] {sql.py:276} INFO - Executing: 
                CREATE TABLE IF NOT EXISTS city_look_up (
                    city text NOT NULL,
                    state text NOT NULL,
                    census_2020 numeric NOT NULL,
                    land_Area_sq_mile_2020 numeric NOT NULL
                );
            
[2024-05-23T10:50:46.628+0000] {base.py:84} INFO - Using connection ID '***_conn' for task execution.
[2024-05-23T10:50:46.711+0000] {base.py:84} INFO - Using connection ID '***_conn' for task execution.
[2024-05-23T10:50:47.220+0000] {sql.py:486} INFO - Running statement: 
                CREATE TABLE IF NOT EXISTS city_look_up (
                    city text NOT NULL,
                    state text NOT NULL,
                    census_2020 numeric NOT NULL,
                    land_Area_sq_mile_2020 numeric NOT NULL
                );
            , parameters: None
[2024-05-23T10:50:47.377+0000] {taskinstance.py:441} INFO - ::group::Post task execution logs
[2024-05-23T10:50:47.450+0000] {taskinstance.py:1206} INFO - Marking task as SUCCESS. dag_id=weather_dag_parallel, task_id=group_a.task_create_table_1, run_id=manual__2024-05-23T10:50:09.679421+00:00, execution_date=20240523T105009, start_date=20240523T105046, end_date=20240523T105047
[2024-05-23T10:50:47.679+0000] {local_task_job_runner.py:240} INFO - Task exited with return code 0
[2024-05-23T10:50:47.740+0000] {logging_mixin.py:188} WARNING - /home/denys/airflow_venv/lib/python3.12/site-packages/airflow/models/baseoperator.py:1296 AirflowProviderDeprecationWarning: Call to deprecated class PostgresOperator. (Please use `airflow.providers.common.sql.operators.sql.SQLExecuteQueryOperator`.Also, you can provide `hook_params={'schema': <database>}`.)
[2024-05-23T10:50:47.816+0000] {taskinstance.py:3498} INFO - 1 downstream tasks scheduled from follow-on schedule check
[2024-05-23T10:50:47.896+0000] {local_task_job_runner.py:222} INFO - ::endgroup::
