[2024-05-22T13:50:42.500+0000] {local_task_job_runner.py:120} INFO - ::group::Pre task execution logs
[2024-05-22T13:50:42.530+0000] {taskinstance.py:2076} INFO - Dependencies all met for dep_context=non-requeueable deps ti=<TaskInstance: weather_dag_parallel.group_a.task_create_table_1 manual__2024-05-22T13:50:32.868472+00:00 [queued]>
[2024-05-22T13:50:42.547+0000] {taskinstance.py:2076} INFO - Dependencies all met for dep_context=requeueable deps ti=<TaskInstance: weather_dag_parallel.group_a.task_create_table_1 manual__2024-05-22T13:50:32.868472+00:00 [queued]>
[2024-05-22T13:50:42.548+0000] {taskinstance.py:2306} INFO - Starting attempt 1 of 3
[2024-05-22T13:50:42.643+0000] {taskinstance.py:2330} INFO - Executing <Task(PostgresOperator): group_a.task_create_table_1> on 2024-05-22 13:50:32.868472+00:00
[2024-05-22T13:50:42.648+0000] {standard_task_runner.py:63} INFO - Started process 44378 to run task
[2024-05-22T13:50:42.659+0000] {standard_task_runner.py:90} INFO - Running: ['airflow', 'tasks', 'run', 'weather_dag_parallel', 'group_a.task_create_table_1', 'manual__2024-05-22T13:50:32.868472+00:00', '--job-id', '61', '--raw', '--subdir', 'DAGS_FOLDER/weatherapi_dag.py', '--cfg-path', '/tmp/tmpw4lfd45t']
[2024-05-22T13:50:42.663+0000] {standard_task_runner.py:91} INFO - Job 61: Subtask group_a.task_create_table_1
[2024-05-22T13:50:42.832+0000] {task_command.py:426} INFO - Running <TaskInstance: weather_dag_parallel.group_a.task_create_table_1 manual__2024-05-22T13:50:32.868472+00:00 [running]> on host ubuntu2204
[2024-05-22T13:50:43.307+0000] {taskinstance.py:2648} INFO - Exporting env vars: AIRFLOW_CTX_DAG_EMAIL='test@gmail.com' AIRFLOW_CTX_DAG_OWNER='airflow' AIRFLOW_CTX_DAG_ID='weather_dag_parallel' AIRFLOW_CTX_TASK_ID='group_a.task_create_table_1' AIRFLOW_CTX_EXECUTION_DATE='2024-05-22T13:50:32.868472+00:00' AIRFLOW_CTX_TRY_NUMBER='1' AIRFLOW_CTX_DAG_RUN_ID='manual__2024-05-22T13:50:32.868472+00:00'
[2024-05-22T13:50:43.308+0000] {taskinstance.py:430} INFO - ::endgroup::
[2024-05-22T13:50:43.330+0000] {sql.py:276} INFO - Executing: 
                CREATE TABLE IF NOT EXISTS city_look_up (
                    city text NOT NULL,
                    state text NOT NULL,
                    census_2020 numeric NOT NULL,
                    land_Area_sq_mile_2020 numeric NOT NULL
                );
            
[2024-05-22T13:50:43.335+0000] {base.py:84} INFO - Using connection ID '***_conn' for task execution.
[2024-05-22T13:50:43.357+0000] {base.py:84} INFO - Using connection ID '***_conn' for task execution.
[2024-05-22T13:50:43.910+0000] {sql.py:486} INFO - Running statement: 
                CREATE TABLE IF NOT EXISTS city_look_up (
                    city text NOT NULL,
                    state text NOT NULL,
                    census_2020 numeric NOT NULL,
                    land_Area_sq_mile_2020 numeric NOT NULL
                );
            , parameters: None
[2024-05-22T13:50:44.059+0000] {taskinstance.py:441} INFO - ::group::Post task execution logs
[2024-05-22T13:50:44.072+0000] {taskinstance.py:1206} INFO - Marking task as SUCCESS. dag_id=weather_dag_parallel, task_id=group_a.task_create_table_1, run_id=manual__2024-05-22T13:50:32.868472+00:00, execution_date=20240522T135032, start_date=20240522T135042, end_date=20240522T135044
[2024-05-22T13:50:44.218+0000] {local_task_job_runner.py:240} INFO - Task exited with return code 0
[2024-05-22T13:50:44.262+0000] {logging_mixin.py:188} WARNING - /home/denys/airflow_venv/lib/python3.12/site-packages/airflow/models/baseoperator.py:1296 AirflowProviderDeprecationWarning: Call to deprecated class PostgresOperator. (Please use `airflow.providers.common.sql.operators.sql.SQLExecuteQueryOperator`.Also, you can provide `hook_params={'schema': <database>}`.)
[2024-05-22T13:50:44.304+0000] {taskinstance.py:3498} INFO - 1 downstream tasks scheduled from follow-on schedule check
[2024-05-22T13:50:44.376+0000] {local_task_job_runner.py:222} INFO - ::endgroup::
