[2024-05-22T12:19:28.838+0000] {local_task_job_runner.py:120} INFO - ::group::Pre task execution logs
[2024-05-22T12:19:29.148+0000] {taskinstance.py:2076} INFO - Dependencies all met for dep_context=non-requeueable deps ti=<TaskInstance: weather_dag.extract_weather_data scheduled__2024-05-21T00:00:00+00:00 [queued]>
[2024-05-22T12:19:29.447+0000] {taskinstance.py:2076} INFO - Dependencies all met for dep_context=requeueable deps ti=<TaskInstance: weather_dag.extract_weather_data scheduled__2024-05-21T00:00:00+00:00 [queued]>
[2024-05-22T12:19:29.536+0000] {taskinstance.py:2306} INFO - Starting attempt 1 of 3
[2024-05-22T12:19:30.194+0000] {taskinstance.py:2330} INFO - Executing <Task(SimpleHttpOperator): extract_weather_data> on 2024-05-21 00:00:00+00:00
[2024-05-22T12:19:30.298+0000] {standard_task_runner.py:90} INFO - Running: ['airflow', 'tasks', 'run', 'weather_dag', 'extract_weather_data', 'scheduled__2024-05-21T00:00:00+00:00', '--job-id', '52', '--raw', '--subdir', 'DAGS_FOLDER/weather_dag.py', '--cfg-path', '/tmp/tmpxcjrtmo9']
[2024-05-22T12:19:30.339+0000] {standard_task_runner.py:91} INFO - Job 52: Subtask extract_weather_data
[2024-05-22T12:19:30.331+0000] {standard_task_runner.py:63} INFO - Started process 5376 to run task
[2024-05-22T12:19:31.714+0000] {task_command.py:426} INFO - Running <TaskInstance: weather_dag.extract_weather_data scheduled__2024-05-21T00:00:00+00:00 [running]> on host ubuntu2204
[2024-05-22T12:19:33.131+0000] {taskinstance.py:2648} INFO - Exporting env vars: AIRFLOW_CTX_DAG_EMAIL='test@gmail.com' AIRFLOW_CTX_DAG_OWNER='airflow' AIRFLOW_CTX_DAG_ID='weather_dag' AIRFLOW_CTX_TASK_ID='extract_weather_data' AIRFLOW_CTX_EXECUTION_DATE='2024-05-21T00:00:00+00:00' AIRFLOW_CTX_TRY_NUMBER='1' AIRFLOW_CTX_DAG_RUN_ID='scheduled__2024-05-21T00:00:00+00:00'
[2024-05-22T12:19:33.159+0000] {taskinstance.py:430} INFO - ::endgroup::
[2024-05-22T12:19:33.159+0000] {http.py:169} INFO - Calling HTTP method
[2024-05-22T12:19:33.204+0000] {base.py:84} INFO - Using connection ID 'weathermap_api' for task execution.
[2024-05-22T12:19:33.244+0000] {base.py:84} INFO - Using connection ID 'weathermap_api' for task execution.
[2024-05-22T12:19:34.250+0000] {http.py:208} INFO - {"coord":{"lon":30.5167,"lat":50.4333},"weather":[{"id":804,"main":"Clouds","description":"overcast clouds","icon":"04d"}],"base":"stations","main":{"temp":295.09,"feels_like":294.7,"temp_min":295.09,"temp_max":295.09,"pressure":1018,"humidity":52,"sea_level":1018,"grnd_level":1002},"visibility":10000,"wind":{"speed":3.56,"deg":138,"gust":5.12},"clouds":{"all":99},"dt":1716380194,"sys":{"country":"UA","sunrise":1716343270,"sunset":1716400103},"timezone":10800,"id":703448,"name":"Kyiv","cod":200}
[2024-05-22T12:19:34.274+0000] {taskinstance.py:441} INFO - ::group::Post task execution logs
[2024-05-22T12:19:36.476+0000] {taskinstance.py:1206} INFO - Marking task as SUCCESS. dag_id=weather_dag, task_id=extract_weather_data, run_id=scheduled__2024-05-21T00:00:00+00:00, execution_date=20240521T000000, start_date=20240522T121929, end_date=20240522T121936
[2024-05-22T12:19:37.059+0000] {local_task_job_runner.py:240} INFO - Task exited with return code 0
[2024-05-22T12:19:37.158+0000] {logging_mixin.py:188} WARNING - /home/denys/airflow_venv/lib/python3.12/site-packages/airflow/models/baseoperator.py:1296 AirflowProviderDeprecationWarning: Call to deprecated class SimpleHttpOperator. (Class `SimpleHttpOperator` is deprecated and will be removed in a future release. Please use `HttpOperator` instead.)
[2024-05-22T12:19:37.259+0000] {taskinstance.py:3498} INFO - 1 downstream tasks scheduled from follow-on schedule check
[2024-05-22T12:19:37.318+0000] {local_task_job_runner.py:222} INFO - ::endgroup::
