[2024-05-23T08:39:24.629+0000] {local_task_job_runner.py:120} INFO - ::group::Pre task execution logs
[2024-05-23T08:39:24.643+0000] {taskinstance.py:2076} INFO - Dependencies all met for dep_context=non-requeueable deps ti=<TaskInstance: weather_dag_parallel.group_a.truncate_table_city_look_up manual__2024-05-23T08:38:52.818620+00:00 [queued]>
[2024-05-23T08:39:24.657+0000] {taskinstance.py:2076} INFO - Dependencies all met for dep_context=requeueable deps ti=<TaskInstance: weather_dag_parallel.group_a.truncate_table_city_look_up manual__2024-05-23T08:38:52.818620+00:00 [queued]>
[2024-05-23T08:39:24.659+0000] {taskinstance.py:2306} INFO - Starting attempt 1 of 3
[2024-05-23T08:39:24.703+0000] {taskinstance.py:2330} INFO - Executing <Task(PostgresOperator): group_a.truncate_table_city_look_up> on 2024-05-23 08:38:52.818620+00:00
[2024-05-23T08:39:24.711+0000] {standard_task_runner.py:63} INFO - Started process 21646 to run task
[2024-05-23T08:39:24.726+0000] {standard_task_runner.py:90} INFO - Running: ['airflow', 'tasks', 'run', 'weather_dag_parallel', 'group_a.truncate_table_city_look_up', 'manual__2024-05-23T08:38:52.818620+00:00', '--job-id', '107', '--raw', '--subdir', 'DAGS_FOLDER/weatherapi_dag.py', '--cfg-path', '/tmp/tmpe1n9dlqt']
[2024-05-23T08:39:24.731+0000] {standard_task_runner.py:91} INFO - Job 107: Subtask group_a.truncate_table_city_look_up
[2024-05-23T08:39:24.860+0000] {task_command.py:426} INFO - Running <TaskInstance: weather_dag_parallel.group_a.truncate_table_city_look_up manual__2024-05-23T08:38:52.818620+00:00 [running]> on host ubuntu2204
[2024-05-23T08:39:25.161+0000] {taskinstance.py:2648} INFO - Exporting env vars: AIRFLOW_CTX_DAG_EMAIL='test@gmail.com' AIRFLOW_CTX_DAG_OWNER='airflow' AIRFLOW_CTX_DAG_ID='weather_dag_parallel' AIRFLOW_CTX_TASK_ID='group_a.truncate_table_city_look_up' AIRFLOW_CTX_EXECUTION_DATE='2024-05-23T08:38:52.818620+00:00' AIRFLOW_CTX_TRY_NUMBER='1' AIRFLOW_CTX_DAG_RUN_ID='manual__2024-05-23T08:38:52.818620+00:00'
[2024-05-23T08:39:25.164+0000] {taskinstance.py:430} INFO - ::endgroup::
[2024-05-23T08:39:25.204+0000] {sql.py:276} INFO - Executing: TRUNCATE TABLE city_look_up;
            
[2024-05-23T08:39:25.220+0000] {base.py:84} INFO - Using connection ID '***_conn' for task execution.
[2024-05-23T08:39:25.299+0000] {base.py:84} INFO - Using connection ID '***_conn' for task execution.
[2024-05-23T08:39:25.796+0000] {sql.py:486} INFO - Running statement: TRUNCATE TABLE city_look_up;
            , parameters: None
[2024-05-23T08:39:25.931+0000] {taskinstance.py:441} INFO - ::group::Post task execution logs
[2024-05-23T08:39:25.946+0000] {taskinstance.py:1206} INFO - Marking task as SUCCESS. dag_id=weather_dag_parallel, task_id=group_a.truncate_table_city_look_up, run_id=manual__2024-05-23T08:38:52.818620+00:00, execution_date=20240523T083852, start_date=20240523T083924, end_date=20240523T083925
[2024-05-23T08:39:26.079+0000] {local_task_job_runner.py:240} INFO - Task exited with return code 0
[2024-05-23T08:39:26.186+0000] {logging_mixin.py:188} WARNING - /home/denys/airflow_venv/lib/python3.12/site-packages/airflow/models/baseoperator.py:1296 AirflowProviderDeprecationWarning: Call to deprecated class PostgresOperator. (Please use `airflow.providers.common.sql.operators.sql.SQLExecuteQueryOperator`.Also, you can provide `hook_params={'schema': <database>}`.)
[2024-05-23T08:39:26.254+0000] {taskinstance.py:3498} INFO - 1 downstream tasks scheduled from follow-on schedule check
[2024-05-23T08:39:26.297+0000] {local_task_job_runner.py:222} INFO - ::endgroup::
