[2024-06-06T14:22:35.347+0000] {manager.py:470} INFO - Processing files using up to 1 processes at a time 
[2024-06-06T14:22:35.349+0000] {manager.py:471} INFO - Process each file at most once every 30 seconds
[2024-06-06T14:22:35.356+0000] {manager.py:472} INFO - Checking for new files in /home/denys/workspace/de-projects/customer_churn/airflow/dags every 300 seconds
[2024-06-06T14:22:35.357+0000] {manager.py:737} INFO - Searching for files in /home/denys/workspace/de-projects/customer_churn/airflow/dags
[2024-06-06T14:22:36.632+0000] {manager.py:740} INFO - There are 51 files in /home/denys/workspace/de-projects/customer_churn/airflow/dags
[2024-06-06T14:22:37.901+0000] {manager.py:878} INFO - 
================================================================================
DAG File Processing Stats

File Path                                                                                                                                                           PID    Runtime      # DAGs    # Errors  Last Runtime    Last Run
------------------------------------------------------------------------------------------------------------------------------------------------------------------  -----  ---------  --------  ----------  --------------  -------------------
/home/denys/workspace/de-projects/customer_churn/venv/lib/python3.12/site-packages/airflow/example_dags/subdags/subdag.py                                                                    0           0  0.82s           2024-06-06T14:22:37
/home/denys/workspace/de-projects/customer_churn/venv/lib/python3.12/site-packages/airflow/example_dags/example_passing_params_via_test_command.py                                           0           0
/home/denys/workspace/de-projects/customer_churn/venv/lib/python3.12/site-packages/airflow/example_dags/example_params_ui_tutorial.py                                                        0           0
/home/denys/workspace/de-projects/customer_churn/venv/lib/python3.12/site-packages/airflow/example_dags/example_display_name.py                                                              0           0
/home/denys/workspace/de-projects/customer_churn/venv/lib/python3.12/site-packages/airflow/example_dags/tutorial_dag.py                                                                      0           0
/home/denys/workspace/de-projects/customer_churn/venv/lib/python3.12/site-packages/airflow/example_dags/example_short_circuit_decorator.py                                                   0           0
/home/denys/workspace/de-projects/customer_churn/venv/lib/python3.12/site-packages/airflow/example_dags/example_dynamic_task_mapping_with_no_taskflow_operators.py                           0           0
/home/denys/workspace/de-projects/customer_churn/venv/lib/python3.12/site-packages/airflow/example_dags/example_short_circuit_operator.py                                                    0           0
/home/denys/workspace/de-projects/customer_churn/venv/lib/python3.12/site-packages/airflow/example_dags/example_kubernetes_executor.py                                                       0           0
/home/denys/workspace/de-projects/customer_churn/venv/lib/python3.12/site-packages/airflow/example_dags/example_branch_day_of_week_operator.py                                               0           0
/home/denys/workspace/de-projects/customer_churn/venv/lib/python3.12/site-packages/airflow/example_dags/example_xcomargs.py                                                                  0           0
/home/denys/workspace/de-projects/customer_churn/venv/lib/python3.12/site-packages/airflow/example_dags/example_subdag_operator.py                                                           0           0
/home/denys/workspace/de-projects/customer_churn/venv/lib/python3.12/site-packages/airflow/example_dags/example_xcom.py                                                                      0           0
/home/denys/workspace/de-projects/customer_churn/venv/lib/python3.12/site-packages/airflow/example_dags/tutorial_taskflow_api_virtualenv.py                                                  0           0
/home/denys/workspace/de-projects/customer_churn/venv/lib/python3.12/site-packages/airflow/example_dags/example_latest_only.py                                                               0           0
/home/denys/workspace/de-projects/customer_churn/venv/lib/python3.12/site-packages/airflow/example_dags/example_bash_operator.py                                                             0           0
/home/denys/workspace/de-projects/customer_churn/venv/lib/python3.12/site-packages/airflow/example_dags/example_trigger_controller_dag.py                                                    0           0
/home/denys/workspace/de-projects/customer_churn/venv/lib/python3.12/site-packages/airflow/example_dags/example_sla_dag.py                                                                   0           0
/home/denys/workspace/de-projects/customer_churn/venv/lib/python3.12/site-packages/airflow/example_dags/example_setup_teardown.py                                                            0           0
/home/denys/workspace/de-projects/customer_churn/venv/lib/python3.12/site-packages/airflow/example_dags/example_python_operator.py                                                           0           0
/home/denys/workspace/de-projects/customer_churn/venv/lib/python3.12/site-packages/airflow/example_dags/example_nested_branch_dag.py                                                         0           0
/home/denys/workspace/de-projects/customer_churn/venv/lib/python3.12/site-packages/airflow/example_dags/example_task_group_decorator.py                                                      0           0
/home/denys/workspace/de-projects/customer_churn/venv/lib/python3.12/site-packages/airflow/example_dags/example_local_kubernetes_executor.py                                                 0           0
/home/denys/workspace/de-projects/customer_churn/venv/lib/python3.12/site-packages/airflow/example_dags/example_branch_operator_decorator.py                                                 0           0
/home/denys/workspace/de-projects/customer_churn/venv/lib/python3.12/site-packages/airflow/example_dags/tutorial_taskflow_api.py                                                             0           0
/home/denys/workspace/de-projects/customer_churn/venv/lib/python3.12/site-packages/airflow/example_dags/example_python_decorator.py                                                          0           0
/home/denys/workspace/de-projects/customer_churn/venv/lib/python3.12/site-packages/airflow/example_dags/example_dynamic_task_mapping.py                                                      0           0
/home/denys/workspace/de-projects/customer_churn/venv/lib/python3.12/site-packages/airflow/example_dags/example_sensors.py                                                                   0           0
/home/denys/workspace/de-projects/customer_churn/venv/lib/python3.12/site-packages/airflow/example_dags/example_bash_decorator.py                                                            0           0
/home/denys/workspace/de-projects/customer_churn/venv/lib/python3.12/site-packages/airflow/example_dags/example_skip_dag.py                                                                  0           0
/home/denys/workspace/de-projects/customer_churn/venv/lib/python3.12/site-packages/airflow/example_dags/example_setup_teardown_taskflow.py                                                   0           0
/home/denys/workspace/de-projects/customer_churn/venv/lib/python3.12/site-packages/airflow/example_dags/example_dag_decorator.py                                                             0           0
/home/denys/workspace/de-projects/customer_churn/venv/lib/python3.12/site-packages/airflow/example_dags/example_trigger_target_dag.py                                                        0           0
/home/denys/workspace/de-projects/customer_churn/venv/lib/python3.12/site-packages/airflow/example_dags/example_branch_python_dop_operator_3.py                                              0           0
/home/denys/workspace/de-projects/customer_churn/venv/lib/python3.12/site-packages/airflow/example_dags/example_latest_only_with_trigger.py                                                  0           0
/home/denys/workspace/de-projects/customer_churn/venv/lib/python3.12/site-packages/airflow/example_dags/example_datasets.py                                                                  0           0
/home/denys/workspace/de-projects/customer_churn/venv/lib/python3.12/site-packages/airflow/example_dags/example_task_group.py                                                                0           0
/home/denys/workspace/de-projects/customer_churn/venv/lib/python3.12/site-packages/airflow/example_dags/example_sensor_decorator.py                                                          0           0
/home/denys/workspace/de-projects/customer_churn/venv/lib/python3.12/site-packages/airflow/example_dags/example_complex.py                                                                   0           0
/home/denys/workspace/de-projects/customer_churn/venv/lib/python3.12/site-packages/airflow/example_dags/example_branch_datetime_operator.py                                                  0           0
/home/denys/workspace/de-projects/customer_churn/venv/lib/python3.12/site-packages/airflow/example_dags/example_branch_labels.py                                                             0           0
/home/denys/workspace/de-projects/customer_churn/venv/lib/python3.12/site-packages/airflow/example_dags/example_branch_operator.py                                                           0           0
/home/denys/workspace/de-projects/customer_churn/venv/lib/python3.12/site-packages/airflow/example_dags/example_external_task_marker_dag.py                                                  0           0
/home/denys/workspace/de-projects/customer_churn/venv/lib/python3.12/site-packages/airflow/example_dags/tutorial.py                                                                          0           0
/home/denys/workspace/de-projects/customer_churn/venv/lib/python3.12/site-packages/airflow/example_dags/example_params_trigger_ui.py                                                         0           0
/home/denys/workspace/de-projects/customer_churn/venv/lib/python3.12/site-packages/airflow/example_dags/tutorial_objectstorage.py                                                            0           0
/home/denys/workspace/de-projects/customer_churn/venv/lib/python3.12/site-packages/airflow/example_dags/example_time_delta_sensor_async.py                                                   0           0
/home/denys/workspace/de-projects/customer_churn/venv/lib/python3.12/site-packages/airflow/example_dags/plugins/listener_plugin.py                                                           0           0
/home/denys/workspace/de-projects/customer_churn/venv/lib/python3.12/site-packages/airflow/example_dags/plugins/decreasing_priority_weight_strategy.py                                       0           0
/home/denys/workspace/de-projects/customer_churn/venv/lib/python3.12/site-packages/airflow/example_dags/plugins/workday.py                                                                   0           0
/home/denys/workspace/de-projects/customer_churn/venv/lib/python3.12/site-packages/airflow/example_dags/plugins/event_listener.py                                                            0           0
================================================================================
[2024-06-06T14:23:09.460+0000] {manager.py:878} INFO - 
================================================================================
DAG File Processing Stats

File Path                                                                                                                                                           PID    Runtime      # DAGs    # Errors  Last Runtime    Last Run
------------------------------------------------------------------------------------------------------------------------------------------------------------------  -----  ---------  --------  ----------  --------------  -------------------
/home/denys/workspace/de-projects/customer_churn/venv/lib/python3.12/site-packages/airflow/example_dags/example_subdag_operator.py                                                           3           0  3.36s           2024-06-06T14:22:55
/home/denys/workspace/de-projects/customer_churn/venv/lib/python3.12/site-packages/airflow/example_dags/example_xcomargs.py                                                                  2           0  3.32s           2024-06-06T14:22:51
/home/denys/workspace/de-projects/customer_churn/venv/lib/python3.12/site-packages/airflow/example_dags/example_short_circuit_operator.py                                                    1           0  1.69s           2024-06-06T14:22:46
/home/denys/workspace/de-projects/customer_churn/venv/lib/python3.12/site-packages/airflow/example_dags/example_xcom.py                                                                      1           0  1.54s           2024-06-06T14:22:58
/home/denys/workspace/de-projects/customer_churn/venv/lib/python3.12/site-packages/airflow/example_dags/example_short_circuit_decorator.py                                                   1           0  1.52s           2024-06-06T14:22:43
/home/denys/workspace/de-projects/customer_churn/venv/lib/python3.12/site-packages/airflow/example_dags/tutorial_dag.py                                                                      1           0  0.85s           2024-06-06T14:22:40
/home/denys/workspace/de-projects/customer_churn/venv/lib/python3.12/site-packages/airflow/example_dags/example_trigger_controller_dag.py                                                    1           0  0.85s           2024-06-06T14:23:02
/home/denys/workspace/de-projects/customer_churn/venv/lib/python3.12/site-packages/airflow/example_dags/subdags/subdag.py                                                                    0           0  0.82s           2024-06-06T14:22:37
/home/denys/workspace/de-projects/customer_churn/venv/lib/python3.12/site-packages/airflow/example_dags/example_task_group_decorator.py                                                      1           0  0.77s           2024-06-06T14:23:07
/home/denys/workspace/de-projects/customer_churn/venv/lib/python3.12/site-packages/airflow/example_dags/tutorial_taskflow_api.py                                                             1           0  0.74s           2024-06-06T14:23:09
/home/denys/workspace/de-projects/customer_churn/venv/lib/python3.12/site-packages/airflow/example_dags/example_setup_teardown.py                                                            1           0  0.70s           2024-06-06T14:23:05
/home/denys/workspace/de-projects/customer_churn/venv/lib/python3.12/site-packages/airflow/example_dags/example_sla_dag.py                                                                   1           0  0.62s           2024-06-06T14:23:04
/home/denys/workspace/de-projects/customer_churn/venv/lib/python3.12/site-packages/airflow/example_dags/tutorial_taskflow_api_virtualenv.py                                                  0           0  0.33s           2024-06-06T14:23:00
/home/denys/workspace/de-projects/customer_churn/venv/lib/python3.12/site-packages/airflow/example_dags/example_passing_params_via_test_command.py                                           0           0
/home/denys/workspace/de-projects/customer_churn/venv/lib/python3.12/site-packages/airflow/example_dags/example_params_ui_tutorial.py                                                        0           0
/home/denys/workspace/de-projects/customer_churn/venv/lib/python3.12/site-packages/airflow/example_dags/example_display_name.py                                                              0           0
/home/denys/workspace/de-projects/customer_churn/venv/lib/python3.12/site-packages/airflow/example_dags/example_dynamic_task_mapping_with_no_taskflow_operators.py                           0           0
/home/denys/workspace/de-projects/customer_churn/venv/lib/python3.12/site-packages/airflow/example_dags/example_kubernetes_executor.py                                                       0           0
/home/denys/workspace/de-projects/customer_churn/venv/lib/python3.12/site-packages/airflow/example_dags/example_branch_day_of_week_operator.py                                               0           0
/home/denys/workspace/de-projects/customer_churn/venv/lib/python3.12/site-packages/airflow/example_dags/example_latest_only.py                                                               0           0
/home/denys/workspace/de-projects/customer_churn/venv/lib/python3.12/site-packages/airflow/example_dags/example_bash_operator.py                                                             0           0
/home/denys/workspace/de-projects/customer_churn/venv/lib/python3.12/site-packages/airflow/example_dags/example_python_operator.py                                                           0           0
/home/denys/workspace/de-projects/customer_churn/venv/lib/python3.12/site-packages/airflow/example_dags/example_nested_branch_dag.py                                                         0           0
/home/denys/workspace/de-projects/customer_churn/venv/lib/python3.12/site-packages/airflow/example_dags/example_local_kubernetes_executor.py                                                 0           0
/home/denys/workspace/de-projects/customer_churn/venv/lib/python3.12/site-packages/airflow/example_dags/example_branch_operator_decorator.py                                                 0           0
/home/denys/workspace/de-projects/customer_churn/venv/lib/python3.12/site-packages/airflow/example_dags/example_python_decorator.py                                                          0           0
/home/denys/workspace/de-projects/customer_churn/venv/lib/python3.12/site-packages/airflow/example_dags/example_dynamic_task_mapping.py                                                      0           0
/home/denys/workspace/de-projects/customer_churn/venv/lib/python3.12/site-packages/airflow/example_dags/example_sensors.py                                                                   0           0
/home/denys/workspace/de-projects/customer_churn/venv/lib/python3.12/site-packages/airflow/example_dags/example_bash_decorator.py                                                            0           0
/home/denys/workspace/de-projects/customer_churn/venv/lib/python3.12/site-packages/airflow/example_dags/example_skip_dag.py                                                                  0           0
/home/denys/workspace/de-projects/customer_churn/venv/lib/python3.12/site-packages/airflow/example_dags/example_setup_teardown_taskflow.py                                                   0           0
/home/denys/workspace/de-projects/customer_churn/venv/lib/python3.12/site-packages/airflow/example_dags/example_dag_decorator.py                                                             0           0
/home/denys/workspace/de-projects/customer_churn/venv/lib/python3.12/site-packages/airflow/example_dags/example_trigger_target_dag.py                                                        0           0
/home/denys/workspace/de-projects/customer_churn/venv/lib/python3.12/site-packages/airflow/example_dags/example_branch_python_dop_operator_3.py                                              0           0
/home/denys/workspace/de-projects/customer_churn/venv/lib/python3.12/site-packages/airflow/example_dags/example_latest_only_with_trigger.py                                                  0           0
/home/denys/workspace/de-projects/customer_churn/venv/lib/python3.12/site-packages/airflow/example_dags/example_datasets.py                                                                  0           0
/home/denys/workspace/de-projects/customer_churn/venv/lib/python3.12/site-packages/airflow/example_dags/example_task_group.py                                                                0           0
/home/denys/workspace/de-projects/customer_churn/venv/lib/python3.12/site-packages/airflow/example_dags/example_sensor_decorator.py                                                          0           0
/home/denys/workspace/de-projects/customer_churn/venv/lib/python3.12/site-packages/airflow/example_dags/example_complex.py                                                                   0           0
/home/denys/workspace/de-projects/customer_churn/venv/lib/python3.12/site-packages/airflow/example_dags/example_branch_datetime_operator.py                                                  0           0
/home/denys/workspace/de-projects/customer_churn/venv/lib/python3.12/site-packages/airflow/example_dags/example_branch_labels.py                                                             0           0
/home/denys/workspace/de-projects/customer_churn/venv/lib/python3.12/site-packages/airflow/example_dags/example_branch_operator.py                                                           0           0
/home/denys/workspace/de-projects/customer_churn/venv/lib/python3.12/site-packages/airflow/example_dags/example_external_task_marker_dag.py                                                  0           0
/home/denys/workspace/de-projects/customer_churn/venv/lib/python3.12/site-packages/airflow/example_dags/tutorial.py                                                                          0           0
/home/denys/workspace/de-projects/customer_churn/venv/lib/python3.12/site-packages/airflow/example_dags/example_params_trigger_ui.py                                                         0           0
/home/denys/workspace/de-projects/customer_churn/venv/lib/python3.12/site-packages/airflow/example_dags/tutorial_objectstorage.py                                                            0           0
/home/denys/workspace/de-projects/customer_churn/venv/lib/python3.12/site-packages/airflow/example_dags/example_time_delta_sensor_async.py                                                   0           0
/home/denys/workspace/de-projects/customer_churn/venv/lib/python3.12/site-packages/airflow/example_dags/plugins/listener_plugin.py                                                           0           0
/home/denys/workspace/de-projects/customer_churn/venv/lib/python3.12/site-packages/airflow/example_dags/plugins/decreasing_priority_weight_strategy.py                                       0           0
/home/denys/workspace/de-projects/customer_churn/venv/lib/python3.12/site-packages/airflow/example_dags/plugins/workday.py                                                                   0           0
/home/denys/workspace/de-projects/customer_churn/venv/lib/python3.12/site-packages/airflow/example_dags/plugins/event_listener.py                                                            0           0
================================================================================
[2024-06-06T14:23:41.189+0000] {manager.py:878} INFO - 
================================================================================
DAG File Processing Stats

File Path                                                                                                                                                           PID    Runtime      # DAGs    # Errors  Last Runtime    Last Run
------------------------------------------------------------------------------------------------------------------------------------------------------------------  -----  ---------  --------  ----------  --------------  -------------------
/home/denys/workspace/de-projects/customer_churn/venv/lib/python3.12/site-packages/airflow/example_dags/example_subdag_operator.py                                                           3           0  3.36s           2024-06-06T14:22:55
/home/denys/workspace/de-projects/customer_churn/venv/lib/python3.12/site-packages/airflow/example_dags/example_xcomargs.py                                                                  2           0  3.32s           2024-06-06T14:22:51
/home/denys/workspace/de-projects/customer_churn/venv/lib/python3.12/site-packages/airflow/example_dags/example_sensor_decorator.py                                                          1           0  2.09s           2024-06-06T14:23:20
/home/denys/workspace/de-projects/customer_churn/venv/lib/python3.12/site-packages/airflow/example_dags/example_short_circuit_operator.py                                                    1           0  1.69s           2024-06-06T14:22:46
/home/denys/workspace/de-projects/customer_churn/venv/lib/python3.12/site-packages/airflow/example_dags/example_xcom.py                                                                      1           0  1.54s           2024-06-06T14:22:58
/home/denys/workspace/de-projects/customer_churn/venv/lib/python3.12/site-packages/airflow/example_dags/example_short_circuit_decorator.py                                                   1           0  1.52s           2024-06-06T14:22:43
/home/denys/workspace/de-projects/customer_churn/venv/lib/python3.12/site-packages/airflow/example_dags/example_skip_dag.py                                                                  1           0  0.86s           2024-06-06T14:23:13
/home/denys/workspace/de-projects/customer_churn/venv/lib/python3.12/site-packages/airflow/example_dags/tutorial_dag.py                                                                      1           0  0.85s           2024-06-06T14:22:40
/home/denys/workspace/de-projects/customer_churn/venv/lib/python3.12/site-packages/airflow/example_dags/example_trigger_controller_dag.py                                                    1           0  0.85s           2024-06-06T14:23:02
/home/denys/workspace/de-projects/customer_churn/venv/lib/python3.12/site-packages/airflow/example_dags/example_task_group.py                                                                1           0  0.83s           2024-06-06T14:23:18
/home/denys/workspace/de-projects/customer_churn/venv/lib/python3.12/site-packages/airflow/example_dags/example_sensors.py                                                                   1           0  0.82s           2024-06-06T14:23:11
/home/denys/workspace/de-projects/customer_churn/venv/lib/python3.12/site-packages/airflow/example_dags/subdags/subdag.py                                                                    0           0  0.82s           2024-06-06T14:22:37
/home/denys/workspace/de-projects/customer_churn/venv/lib/python3.12/site-packages/airflow/example_dags/example_task_group_decorator.py                                                      1           0  0.77s           2024-06-06T14:23:07
/home/denys/workspace/de-projects/customer_churn/venv/lib/python3.12/site-packages/airflow/example_dags/tutorial_objectstorage.py                                                            1           0  0.74s           2024-06-06T14:23:23
/home/denys/workspace/de-projects/customer_churn/venv/lib/python3.12/site-packages/airflow/example_dags/example_latest_only.py                                                               1           0  0.74s           2024-06-06T14:23:38
/home/denys/workspace/de-projects/customer_churn/venv/lib/python3.12/site-packages/airflow/example_dags/tutorial_taskflow_api.py                                                             1           0  0.74s           2024-06-06T14:23:09
/home/denys/workspace/de-projects/customer_churn/venv/lib/python3.12/site-packages/airflow/example_dags/example_setup_teardown.py                                                            1           0  0.70s           2024-06-06T14:23:05
/home/denys/workspace/de-projects/customer_churn/venv/lib/python3.12/site-packages/airflow/example_dags/example_nested_branch_dag.py                                                         1           0  0.68s           2024-06-06T14:23:41
/home/denys/workspace/de-projects/customer_churn/venv/lib/python3.12/site-packages/airflow/example_dags/example_passing_params_via_test_command.py                                           1           0  0.66s           2024-06-06T14:23:31
/home/denys/workspace/de-projects/customer_churn/venv/lib/python3.12/site-packages/airflow/example_dags/example_dynamic_task_mapping_with_no_taskflow_operators.py                           1           0  0.66s           2024-06-06T14:23:36
/home/denys/workspace/de-projects/customer_churn/venv/lib/python3.12/site-packages/airflow/example_dags/example_time_delta_sensor_async.py                                                   1           0  0.65s           2024-06-06T14:23:25
/home/denys/workspace/de-projects/customer_churn/venv/lib/python3.12/site-packages/airflow/example_dags/example_python_operator.py                                                           1           0  0.63s           2024-06-06T14:23:39
/home/denys/workspace/de-projects/customer_churn/venv/lib/python3.12/site-packages/airflow/example_dags/example_sla_dag.py                                                                   1           0  0.62s           2024-06-06T14:23:04
/home/denys/workspace/de-projects/customer_churn/venv/lib/python3.12/site-packages/airflow/example_dags/example_params_ui_tutorial.py                                                        1           0  0.59s           2024-06-06T14:23:33
/home/denys/workspace/de-projects/customer_churn/venv/lib/python3.12/site-packages/airflow/example_dags/example_setup_teardown_taskflow.py                                                   1           0  0.53s           2024-06-06T14:23:15
/home/denys/workspace/de-projects/customer_churn/venv/lib/python3.12/site-packages/airflow/example_dags/example_display_name.py                                                              1           0  0.41s           2024-06-06T14:23:34
/home/denys/workspace/de-projects/customer_churn/venv/lib/python3.12/site-packages/airflow/example_dags/tutorial_taskflow_api_virtualenv.py                                                  0           0  0.33s           2024-06-06T14:23:00
/home/denys/workspace/de-projects/customer_churn/venv/lib/python3.12/site-packages/airflow/example_dags/tutorial.py                                                                          1           0  0.31s           2024-06-06T14:23:22
/home/denys/workspace/de-projects/customer_churn/venv/lib/python3.12/site-packages/airflow/example_dags/example_trigger_target_dag.py                                                        1           0  0.21s           2024-06-06T14:23:16
/home/denys/workspace/de-projects/customer_churn/venv/lib/python3.12/site-packages/airflow/example_dags/plugins/workday.py                                                                   0           0  0.12s           2024-06-06T14:23:28
/home/denys/workspace/de-projects/customer_churn/venv/lib/python3.12/site-packages/airflow/example_dags/plugins/listener_plugin.py                                                           0           0  0.11s           2024-06-06T14:23:26
/home/denys/workspace/de-projects/customer_churn/venv/lib/python3.12/site-packages/airflow/example_dags/plugins/event_listener.py                                                            0           0  0.11s           2024-06-06T14:23:29
/home/denys/workspace/de-projects/customer_churn/venv/lib/python3.12/site-packages/airflow/example_dags/example_kubernetes_executor.py                                                       0           0  0.11s           2024-06-06T14:23:36
/home/denys/workspace/de-projects/customer_churn/venv/lib/python3.12/site-packages/airflow/example_dags/plugins/decreasing_priority_weight_strategy.py                                       0           0  0.11s           2024-06-06T14:23:27
/home/denys/workspace/de-projects/customer_churn/venv/lib/python3.12/site-packages/airflow/example_dags/example_branch_day_of_week_operator.py                                               0           0
/home/denys/workspace/de-projects/customer_churn/venv/lib/python3.12/site-packages/airflow/example_dags/example_bash_operator.py                                                             0           0
/home/denys/workspace/de-projects/customer_churn/venv/lib/python3.12/site-packages/airflow/example_dags/example_local_kubernetes_executor.py                                                 0           0
/home/denys/workspace/de-projects/customer_churn/venv/lib/python3.12/site-packages/airflow/example_dags/example_branch_operator_decorator.py                                                 0           0
/home/denys/workspace/de-projects/customer_churn/venv/lib/python3.12/site-packages/airflow/example_dags/example_python_decorator.py                                                          0           0
/home/denys/workspace/de-projects/customer_churn/venv/lib/python3.12/site-packages/airflow/example_dags/example_dynamic_task_mapping.py                                                      0           0
/home/denys/workspace/de-projects/customer_churn/venv/lib/python3.12/site-packages/airflow/example_dags/example_bash_decorator.py                                                            0           0
/home/denys/workspace/de-projects/customer_churn/venv/lib/python3.12/site-packages/airflow/example_dags/example_dag_decorator.py                                                             0           0
/home/denys/workspace/de-projects/customer_churn/venv/lib/python3.12/site-packages/airflow/example_dags/example_branch_python_dop_operator_3.py                                              0           0
/home/denys/workspace/de-projects/customer_churn/venv/lib/python3.12/site-packages/airflow/example_dags/example_latest_only_with_trigger.py                                                  0           0
/home/denys/workspace/de-projects/customer_churn/venv/lib/python3.12/site-packages/airflow/example_dags/example_datasets.py                                                                  0           0
/home/denys/workspace/de-projects/customer_churn/venv/lib/python3.12/site-packages/airflow/example_dags/example_complex.py                                                                   0           0
/home/denys/workspace/de-projects/customer_churn/venv/lib/python3.12/site-packages/airflow/example_dags/example_branch_datetime_operator.py                                                  0           0
/home/denys/workspace/de-projects/customer_churn/venv/lib/python3.12/site-packages/airflow/example_dags/example_branch_labels.py                                                             0           0
/home/denys/workspace/de-projects/customer_churn/venv/lib/python3.12/site-packages/airflow/example_dags/example_branch_operator.py                                                           0           0
/home/denys/workspace/de-projects/customer_churn/venv/lib/python3.12/site-packages/airflow/example_dags/example_external_task_marker_dag.py                                                  0           0
/home/denys/workspace/de-projects/customer_churn/venv/lib/python3.12/site-packages/airflow/example_dags/example_params_trigger_ui.py                                                         0           0
================================================================================
[2024-06-06T14:24:11.972+0000] {manager.py:878} INFO - 
================================================================================
DAG File Processing Stats

File Path                                                                                                                                                           PID    Runtime      # DAGs    # Errors  Last Runtime    Last Run
------------------------------------------------------------------------------------------------------------------------------------------------------------------  -----  ---------  --------  ----------  --------------  -------------------
/home/denys/workspace/de-projects/customer_churn/venv/lib/python3.12/site-packages/airflow/example_dags/example_subdag_operator.py                                                           3           0  3.36s           2024-06-06T14:22:55
/home/denys/workspace/de-projects/customer_churn/venv/lib/python3.12/site-packages/airflow/example_dags/example_xcomargs.py                                                                  2           0  3.32s           2024-06-06T14:22:51
/home/denys/workspace/de-projects/customer_churn/venv/lib/python3.12/site-packages/airflow/example_dags/example_datasets.py                                                                 10           0  3.02s           2024-06-06T14:23:54
/home/denys/workspace/de-projects/customer_churn/venv/lib/python3.12/site-packages/airflow/example_dags/example_sensor_decorator.py                                                          1           0  2.09s           2024-06-06T14:23:20
/home/denys/workspace/de-projects/customer_churn/venv/lib/python3.12/site-packages/airflow/example_dags/example_branch_labels.py                                                             1           0  2.05s           2024-06-06T14:24:09
/home/denys/workspace/de-projects/customer_churn/venv/lib/python3.12/site-packages/airflow/example_dags/example_short_circuit_operator.py                                                    1           0  1.69s           2024-06-06T14:22:46
/home/denys/workspace/de-projects/customer_churn/venv/lib/python3.12/site-packages/airflow/example_dags/example_xcom.py                                                                      1           0  1.54s           2024-06-06T14:22:58
/home/denys/workspace/de-projects/customer_churn/venv/lib/python3.12/site-packages/airflow/example_dags/example_short_circuit_decorator.py                                                   1           0  1.52s           2024-06-06T14:22:43
/home/denys/workspace/de-projects/customer_churn/venv/lib/python3.12/site-packages/airflow/example_dags/example_dag_decorator.py                                                             1           0  1.22s           2024-06-06T14:23:47
/home/denys/workspace/de-projects/customer_churn/venv/lib/python3.12/site-packages/airflow/example_dags/example_branch_datetime_operator.py                                                  3           0  1.09s           2024-06-06T14:24:05
/home/denys/workspace/de-projects/customer_churn/venv/lib/python3.12/site-packages/airflow/example_dags/example_external_task_marker_dag.py                                                  2           0  1.08s           2024-06-06T14:23:59
/home/denys/workspace/de-projects/customer_churn/venv/lib/python3.12/site-packages/airflow/example_dags/example_skip_dag.py                                                                  1           0  0.86s           2024-06-06T14:23:13
/home/denys/workspace/de-projects/customer_churn/venv/lib/python3.12/site-packages/airflow/example_dags/tutorial_dag.py                                                                      1           0  0.85s           2024-06-06T14:22:40
/home/denys/workspace/de-projects/customer_churn/venv/lib/python3.12/site-packages/airflow/example_dags/example_trigger_controller_dag.py                                                    1           0  0.85s           2024-06-06T14:23:02
/home/denys/workspace/de-projects/customer_churn/venv/lib/python3.12/site-packages/airflow/example_dags/example_task_group.py                                                                1           0  0.83s           2024-06-06T14:23:18
/home/denys/workspace/de-projects/customer_churn/venv/lib/python3.12/site-packages/airflow/example_dags/example_sensors.py                                                                   1           0  0.82s           2024-06-06T14:23:11
/home/denys/workspace/de-projects/customer_churn/venv/lib/python3.12/site-packages/airflow/example_dags/subdags/subdag.py                                                                    0           0  0.82s           2024-06-06T14:22:37
/home/denys/workspace/de-projects/customer_churn/venv/lib/python3.12/site-packages/airflow/example_dags/example_task_group_decorator.py                                                      1           0  0.77s           2024-06-06T14:23:07
/home/denys/workspace/de-projects/customer_churn/venv/lib/python3.12/site-packages/airflow/example_dags/example_complex.py                                                                   1           0  0.77s           2024-06-06T14:23:56
/home/denys/workspace/de-projects/customer_churn/venv/lib/python3.12/site-packages/airflow/example_dags/tutorial_objectstorage.py                                                            1           0  0.74s           2024-06-06T14:23:23
/home/denys/workspace/de-projects/customer_churn/venv/lib/python3.12/site-packages/airflow/example_dags/example_latest_only.py                                                               1           0  0.74s           2024-06-06T14:23:38
/home/denys/workspace/de-projects/customer_churn/venv/lib/python3.12/site-packages/airflow/example_dags/tutorial_taskflow_api.py                                                             1           0  0.74s           2024-06-06T14:23:09
/home/denys/workspace/de-projects/customer_churn/venv/lib/python3.12/site-packages/airflow/example_dags/example_bash_operator.py                                                             1           0  0.73s           2024-06-06T14:24:10
/home/denys/workspace/de-projects/customer_churn/venv/lib/python3.12/site-packages/airflow/example_dags/example_params_trigger_ui.py                                                         1           0  0.71s           2024-06-06T14:24:01
/home/denys/workspace/de-projects/customer_churn/venv/lib/python3.12/site-packages/airflow/example_dags/example_branch_python_dop_operator_3.py                                              1           0  0.70s           2024-06-06T14:23:49
/home/denys/workspace/de-projects/customer_churn/venv/lib/python3.12/site-packages/airflow/example_dags/example_setup_teardown.py                                                            1           0  0.70s           2024-06-06T14:23:05
/home/denys/workspace/de-projects/customer_churn/venv/lib/python3.12/site-packages/airflow/example_dags/example_branch_day_of_week_operator.py                                               1           0  0.68s           2024-06-06T14:24:03
/home/denys/workspace/de-projects/customer_churn/venv/lib/python3.12/site-packages/airflow/example_dags/example_nested_branch_dag.py                                                         1           0  0.68s           2024-06-06T14:23:41
/home/denys/workspace/de-projects/customer_churn/venv/lib/python3.12/site-packages/airflow/example_dags/example_passing_params_via_test_command.py                                           1           0  0.66s           2024-06-06T14:23:31
/home/denys/workspace/de-projects/customer_churn/venv/lib/python3.12/site-packages/airflow/example_dags/example_dynamic_task_mapping_with_no_taskflow_operators.py                           1           0  0.66s           2024-06-06T14:23:36
/home/denys/workspace/de-projects/customer_churn/venv/lib/python3.12/site-packages/airflow/example_dags/example_time_delta_sensor_async.py                                                   1           0  0.65s           2024-06-06T14:23:25
/home/denys/workspace/de-projects/customer_churn/venv/lib/python3.12/site-packages/airflow/example_dags/example_python_operator.py                                                           1           0  0.63s           2024-06-06T14:23:39
/home/denys/workspace/de-projects/customer_churn/venv/lib/python3.12/site-packages/airflow/example_dags/example_bash_decorator.py                                                            1           0  0.62s           2024-06-06T14:24:11
/home/denys/workspace/de-projects/customer_churn/venv/lib/python3.12/site-packages/airflow/example_dags/example_sla_dag.py                                                                   1           0  0.62s           2024-06-06T14:23:04
/home/denys/workspace/de-projects/customer_churn/venv/lib/python3.12/site-packages/airflow/example_dags/example_latest_only_with_trigger.py                                                  1           0  0.59s           2024-06-06T14:23:50
/home/denys/workspace/de-projects/customer_churn/venv/lib/python3.12/site-packages/airflow/example_dags/example_params_ui_tutorial.py                                                        1           0  0.59s           2024-06-06T14:23:33
/home/denys/workspace/de-projects/customer_churn/venv/lib/python3.12/site-packages/airflow/example_dags/example_setup_teardown_taskflow.py                                                   1           0  0.53s           2024-06-06T14:23:15
/home/denys/workspace/de-projects/customer_churn/venv/lib/python3.12/site-packages/airflow/example_dags/example_python_decorator.py                                                          1           0  0.52s           2024-06-06T14:23:43
/home/denys/workspace/de-projects/customer_churn/venv/lib/python3.12/site-packages/airflow/example_dags/example_dynamic_task_mapping.py                                                      1           0  0.46s           2024-06-06T14:23:45
/home/denys/workspace/de-projects/customer_churn/venv/lib/python3.12/site-packages/airflow/example_dags/example_display_name.py                                                              1           0  0.41s           2024-06-06T14:23:34
/home/denys/workspace/de-projects/customer_churn/venv/lib/python3.12/site-packages/airflow/example_dags/tutorial_taskflow_api_virtualenv.py                                                  0           0  0.33s           2024-06-06T14:23:00
/home/denys/workspace/de-projects/customer_churn/venv/lib/python3.12/site-packages/airflow/example_dags/tutorial.py                                                                          1           0  0.31s           2024-06-06T14:23:22
/home/denys/workspace/de-projects/customer_churn/venv/lib/python3.12/site-packages/airflow/example_dags/example_trigger_target_dag.py                                                        1           0  0.21s           2024-06-06T14:23:16
/home/denys/workspace/de-projects/customer_churn/venv/lib/python3.12/site-packages/airflow/example_dags/plugins/workday.py                                                                   0           0  0.12s           2024-06-06T14:23:28
/home/denys/workspace/de-projects/customer_churn/venv/lib/python3.12/site-packages/airflow/example_dags/example_local_kubernetes_executor.py                                                 0           0  0.12s           2024-06-06T14:23:41
/home/denys/workspace/de-projects/customer_churn/venv/lib/python3.12/site-packages/airflow/example_dags/plugins/listener_plugin.py                                                           0           0  0.11s           2024-06-06T14:23:26
/home/denys/workspace/de-projects/customer_churn/venv/lib/python3.12/site-packages/airflow/example_dags/example_branch_operator_decorator.py                                                 0           0  0.11s           2024-06-06T14:23:41
/home/denys/workspace/de-projects/customer_churn/venv/lib/python3.12/site-packages/airflow/example_dags/plugins/event_listener.py                                                            0           0  0.11s           2024-06-06T14:23:29
/home/denys/workspace/de-projects/customer_churn/venv/lib/python3.12/site-packages/airflow/example_dags/example_kubernetes_executor.py                                                       0           0  0.11s           2024-06-06T14:23:36
/home/denys/workspace/de-projects/customer_churn/venv/lib/python3.12/site-packages/airflow/example_dags/example_branch_operator.py                                                           0           0  0.11s           2024-06-06T14:23:57
/home/denys/workspace/de-projects/customer_churn/venv/lib/python3.12/site-packages/airflow/example_dags/plugins/decreasing_priority_weight_strategy.py                                       0           0  0.11s           2024-06-06T14:23:27
================================================================================
[2024-06-06T14:24:42.387+0000] {manager.py:878} INFO - 
================================================================================
DAG File Processing Stats

File Path                                                                                                                                                           PID    Runtime      # DAGs    # Errors  Last Runtime    Last Run
------------------------------------------------------------------------------------------------------------------------------------------------------------------  -----  ---------  --------  ----------  --------------  -------------------
/home/denys/workspace/de-projects/customer_churn/venv/lib/python3.12/site-packages/airflow/example_dags/example_datasets.py                                                                 10           0  3.02s           2024-06-06T14:23:54
/home/denys/workspace/de-projects/customer_churn/venv/lib/python3.12/site-packages/airflow/example_dags/example_branch_labels.py                                                             1           0  2.05s           2024-06-06T14:24:09
/home/denys/workspace/de-projects/customer_churn/venv/lib/python3.12/site-packages/airflow/example_dags/example_dag_decorator.py                                                             1           0  1.22s           2024-06-06T14:23:47
/home/denys/workspace/de-projects/customer_churn/venv/lib/python3.12/site-packages/airflow/example_dags/example_branch_datetime_operator.py                                                  3           0  1.09s           2024-06-06T14:24:05
/home/denys/workspace/de-projects/customer_churn/venv/lib/python3.12/site-packages/airflow/example_dags/example_external_task_marker_dag.py                                                  2           0  1.08s           2024-06-06T14:23:59
/home/denys/workspace/de-projects/customer_churn/venv/lib/python3.12/site-packages/airflow/example_dags/example_complex.py                                                                   1           0  0.77s           2024-06-06T14:23:56
/home/denys/workspace/de-projects/customer_churn/venv/lib/python3.12/site-packages/airflow/example_dags/example_latest_only.py                                                               1           0  0.74s           2024-06-06T14:23:38
/home/denys/workspace/de-projects/customer_churn/venv/lib/python3.12/site-packages/airflow/example_dags/example_bash_operator.py                                                             1           0  0.73s           2024-06-06T14:24:10
/home/denys/workspace/de-projects/customer_churn/venv/lib/python3.12/site-packages/airflow/example_dags/example_params_trigger_ui.py                                                         1           0  0.71s           2024-06-06T14:24:01
/home/denys/workspace/de-projects/customer_churn/venv/lib/python3.12/site-packages/airflow/example_dags/example_branch_python_dop_operator_3.py                                              1           0  0.70s           2024-06-06T14:23:49
/home/denys/workspace/de-projects/customer_churn/venv/lib/python3.12/site-packages/airflow/example_dags/example_branch_day_of_week_operator.py                                               1           0  0.68s           2024-06-06T14:24:03
/home/denys/workspace/de-projects/customer_churn/venv/lib/python3.12/site-packages/airflow/example_dags/example_nested_branch_dag.py                                                         1           0  0.68s           2024-06-06T14:23:41
/home/denys/workspace/de-projects/customer_churn/venv/lib/python3.12/site-packages/airflow/example_dags/example_subdag_operator.py                                                           3           0  0.66s           2024-06-06T14:24:19
/home/denys/workspace/de-projects/customer_churn/venv/lib/python3.12/site-packages/airflow/example_dags/example_passing_params_via_test_command.py                                           1           0  0.66s           2024-06-06T14:23:31
/home/denys/workspace/de-projects/customer_churn/venv/lib/python3.12/site-packages/airflow/example_dags/example_dynamic_task_mapping_with_no_taskflow_operators.py                           1           0  0.66s           2024-06-06T14:23:36
/home/denys/workspace/de-projects/customer_churn/venv/lib/python3.12/site-packages/airflow/example_dags/example_python_operator.py                                                           1           0  0.63s           2024-06-06T14:23:39
/home/denys/workspace/de-projects/customer_churn/venv/lib/python3.12/site-packages/airflow/example_dags/example_bash_decorator.py                                                            1           0  0.62s           2024-06-06T14:24:11
/home/denys/workspace/de-projects/customer_churn/venv/lib/python3.12/site-packages/airflow/example_dags/example_latest_only_with_trigger.py                                                  1           0  0.59s           2024-06-06T14:23:50
/home/denys/workspace/de-projects/customer_churn/venv/lib/python3.12/site-packages/airflow/example_dags/example_params_ui_tutorial.py                                                        1           0  0.59s           2024-06-06T14:23:33
/home/denys/workspace/de-projects/customer_churn/venv/lib/python3.12/site-packages/airflow/example_dags/example_python_decorator.py                                                          1           0  0.52s           2024-06-06T14:23:43
/home/denys/workspace/de-projects/customer_churn/venv/lib/python3.12/site-packages/airflow/example_dags/example_sla_dag.py                                                                   1           0  0.48s           2024-06-06T14:24:24
/home/denys/workspace/de-projects/customer_churn/venv/lib/python3.12/site-packages/airflow/example_dags/example_dynamic_task_mapping.py                                                      1           0  0.46s           2024-06-06T14:23:45
/home/denys/workspace/de-projects/customer_churn/venv/lib/python3.12/site-packages/airflow/example_dags/example_time_delta_sensor_async.py                                                   1           0  0.42s           2024-06-06T14:24:39
/home/denys/workspace/de-projects/customer_churn/venv/lib/python3.12/site-packages/airflow/example_dags/example_xcomargs.py                                                                  2           0  0.42s           2024-06-06T14:24:17
/home/denys/workspace/de-projects/customer_churn/venv/lib/python3.12/site-packages/airflow/example_dags/example_task_group_decorator.py                                                      1           0  0.42s           2024-06-06T14:24:27
/home/denys/workspace/de-projects/customer_churn/venv/lib/python3.12/site-packages/airflow/example_dags/example_display_name.py                                                              1           0  0.41s           2024-06-06T14:23:34
/home/denys/workspace/de-projects/customer_churn/venv/lib/python3.12/site-packages/airflow/example_dags/example_skip_dag.py                                                                  1           0  0.35s           2024-06-06T14:24:31
/home/denys/workspace/de-projects/customer_churn/venv/lib/python3.12/site-packages/airflow/example_dags/tutorial_taskflow_api.py                                                             1           0  0.34s           2024-06-06T14:24:28
/home/denys/workspace/de-projects/customer_churn/venv/lib/python3.12/site-packages/airflow/example_dags/tutorial_objectstorage.py                                                            1           0  0.34s           2024-06-06T14:24:37
/home/denys/workspace/de-projects/customer_churn/venv/lib/python3.12/site-packages/airflow/example_dags/example_sensors.py                                                                   1           0  0.33s           2024-06-06T14:24:29
/home/denys/workspace/de-projects/customer_churn/venv/lib/python3.12/site-packages/airflow/example_dags/example_setup_teardown.py                                                            1           0  0.32s           2024-06-06T14:24:25
/home/denys/workspace/de-projects/customer_churn/venv/lib/python3.12/site-packages/airflow/example_dags/example_task_group.py                                                                1           0  0.32s           2024-06-06T14:24:35
/home/denys/workspace/de-projects/customer_churn/venv/lib/python3.12/site-packages/airflow/example_dags/example_setup_teardown_taskflow.py                                                   1           0  0.31s           2024-06-06T14:24:32
/home/denys/workspace/de-projects/customer_churn/venv/lib/python3.12/site-packages/airflow/example_dags/example_short_circuit_operator.py                                                    1           0  0.31s           2024-06-06T14:24:16
/home/denys/workspace/de-projects/customer_churn/venv/lib/python3.12/site-packages/airflow/example_dags/example_trigger_controller_dag.py                                                    1           0  0.30s           2024-06-06T14:24:22
/home/denys/workspace/de-projects/customer_churn/venv/lib/python3.12/site-packages/airflow/example_dags/tutorial.py                                                                          1           0  0.30s           2024-06-06T14:24:36
/home/denys/workspace/de-projects/customer_churn/venv/lib/python3.12/site-packages/airflow/example_dags/example_sensor_decorator.py                                                          1           0  0.29s           2024-06-06T14:24:35
/home/denys/workspace/de-projects/customer_churn/venv/lib/python3.12/site-packages/airflow/example_dags/example_trigger_target_dag.py                                                        1           0  0.28s           2024-06-06T14:24:33
/home/denys/workspace/de-projects/customer_churn/venv/lib/python3.12/site-packages/airflow/example_dags/tutorial_dag.py                                                                      1           0  0.27s           2024-06-06T14:24:14
/home/denys/workspace/de-projects/customer_churn/venv/lib/python3.12/site-packages/airflow/example_dags/example_xcom.py                                                                      1           0  0.25s           2024-06-06T14:24:20
/home/denys/workspace/de-projects/customer_churn/venv/lib/python3.12/site-packages/airflow/example_dags/example_short_circuit_decorator.py                                                   1           0  0.24s           2024-06-06T14:24:15
/home/denys/workspace/de-projects/customer_churn/venv/lib/python3.12/site-packages/airflow/example_dags/tutorial_taskflow_api_virtualenv.py                                                  0           0  0.17s           2024-06-06T14:24:22
/home/denys/workspace/de-projects/customer_churn/venv/lib/python3.12/site-packages/airflow/example_dags/plugins/decreasing_priority_weight_strategy.py                                       0           0  0.15s           2024-06-06T14:24:41
/home/denys/workspace/de-projects/customer_churn/venv/lib/python3.12/site-packages/airflow/example_dags/example_local_kubernetes_executor.py                                                 0           0  0.12s           2024-06-06T14:23:41
/home/denys/workspace/de-projects/customer_churn/venv/lib/python3.12/site-packages/airflow/example_dags/example_branch_operator_decorator.py                                                 0           0  0.11s           2024-06-06T14:23:41
/home/denys/workspace/de-projects/customer_churn/venv/lib/python3.12/site-packages/airflow/example_dags/plugins/event_listener.py                                                            0           0  0.11s           2024-06-06T14:23:29
/home/denys/workspace/de-projects/customer_churn/venv/lib/python3.12/site-packages/airflow/example_dags/plugins/workday.py                                                                   0           0  0.11s           2024-06-06T14:24:42
/home/denys/workspace/de-projects/customer_churn/venv/lib/python3.12/site-packages/airflow/example_dags/example_kubernetes_executor.py                                                       0           0  0.11s           2024-06-06T14:23:36
/home/denys/workspace/de-projects/customer_churn/venv/lib/python3.12/site-packages/airflow/example_dags/example_branch_operator.py                                                           0           0  0.11s           2024-06-06T14:23:57
/home/denys/workspace/de-projects/customer_churn/venv/lib/python3.12/site-packages/airflow/example_dags/plugins/listener_plugin.py                                                           0           0  0.11s           2024-06-06T14:24:40
/home/denys/workspace/de-projects/customer_churn/venv/lib/python3.12/site-packages/airflow/example_dags/subdags/subdag.py                                                                    0           0  0.11s           2024-06-06T14:24:13
================================================================================
[2024-06-06T14:24:46.548+0000] {manager.py:452} INFO - Exiting gracefully upon receiving signal 15
[2024-06-06T14:25:28.304+0000] {manager.py:470} INFO - Processing files using up to 1 processes at a time 
[2024-06-06T14:25:28.311+0000] {manager.py:471} INFO - Process each file at most once every 30 seconds
[2024-06-06T14:25:28.312+0000] {manager.py:472} INFO - Checking for new files in /home/denys/workspace/de-projects/customer_churn/airflow/dags every 300 seconds
[2024-06-06T14:25:28.316+0000] {manager.py:737} INFO - Searching for files in /home/denys/workspace/de-projects/customer_churn/airflow/dags
[2024-06-06T14:25:28.318+0000] {manager.py:740} INFO - There are 0 files in /home/denys/workspace/de-projects/customer_churn/airflow/dags
[2024-06-06T14:25:58.202+0000] {manager.py:452} INFO - Exiting gracefully upon receiving signal 15
