[2024-05-22T13:58:55.368+0000] {local_task_job_runner.py:120} INFO - ::group::Pre task execution logs
[2024-05-22T13:58:55.437+0000] {taskinstance.py:2076} INFO - Dependencies all met for dep_context=non-requeueable deps ti=<TaskInstance: weather_dag_parallel.group_a.extract_weather_data manual__2024-05-22T13:58:11.422244+00:00 [queued]>
[2024-05-22T13:58:55.458+0000] {taskinstance.py:2076} INFO - Dependencies all met for dep_context=requeueable deps ti=<TaskInstance: weather_dag_parallel.group_a.extract_weather_data manual__2024-05-22T13:58:11.422244+00:00 [queued]>
[2024-05-22T13:58:55.460+0000] {taskinstance.py:2306} INFO - Starting attempt 1 of 3
[2024-05-22T13:58:55.567+0000] {taskinstance.py:2330} INFO - Executing <Task(SimpleHttpOperator): group_a.extract_weather_data> on 2024-05-22 13:58:11.422244+00:00
[2024-05-22T13:58:55.586+0000] {standard_task_runner.py:63} INFO - Started process 48862 to run task
[2024-05-22T13:58:55.600+0000] {standard_task_runner.py:90} INFO - Running: ['airflow', 'tasks', 'run', 'weather_dag_parallel', 'group_a.extract_weather_data', 'manual__2024-05-22T13:58:11.422244+00:00', '--job-id', '70', '--raw', '--subdir', 'DAGS_FOLDER/weatherapi_dag.py', '--cfg-path', '/tmp/tmpgv1mvwa1']
[2024-05-22T13:58:55.608+0000] {standard_task_runner.py:91} INFO - Job 70: Subtask group_a.extract_weather_data
[2024-05-22T13:58:55.737+0000] {task_command.py:426} INFO - Running <TaskInstance: weather_dag_parallel.group_a.extract_weather_data manual__2024-05-22T13:58:11.422244+00:00 [running]> on host ubuntu2204
[2024-05-22T13:58:55.926+0000] {taskinstance.py:2648} INFO - Exporting env vars: AIRFLOW_CTX_DAG_EMAIL='test@gmail.com' AIRFLOW_CTX_DAG_OWNER='airflow' AIRFLOW_CTX_DAG_ID='weather_dag_parallel' AIRFLOW_CTX_TASK_ID='group_a.extract_weather_data' AIRFLOW_CTX_EXECUTION_DATE='2024-05-22T13:58:11.422244+00:00' AIRFLOW_CTX_TRY_NUMBER='1' AIRFLOW_CTX_DAG_RUN_ID='manual__2024-05-22T13:58:11.422244+00:00'
[2024-05-22T13:58:55.927+0000] {taskinstance.py:430} INFO - ::endgroup::
[2024-05-22T13:58:55.955+0000] {http.py:169} INFO - Calling HTTP method
[2024-05-22T13:58:55.969+0000] {base.py:84} INFO - Using connection ID 'weathermap_api' for task execution.
[2024-05-22T13:58:56.053+0000] {base.py:84} INFO - Using connection ID 'weathermap_api' for task execution.
[2024-05-22T13:58:56.446+0000] {http.py:208} INFO - {"coord":{"lon":30.5167,"lat":50.4333},"weather":[{"id":804,"main":"Clouds","description":"overcast clouds","icon":"04d"}],"base":"stations","main":{"temp":297.44,"feels_like":297.26,"temp_min":297.44,"temp_max":298.52,"pressure":1014,"humidity":51},"visibility":10000,"wind":{"speed":0.45,"deg":340,"gust":1.79},"clouds":{"all":100},"dt":1716386178,"sys":{"type":2,"id":2003742,"country":"UA","sunrise":1716343270,"sunset":1716400103},"timezone":10800,"id":703448,"name":"Kyiv","cod":200}
[2024-05-22T13:58:56.454+0000] {taskinstance.py:441} INFO - ::group::Post task execution logs
[2024-05-22T13:58:56.535+0000] {taskinstance.py:1206} INFO - Marking task as SUCCESS. dag_id=weather_dag_parallel, task_id=group_a.extract_weather_data, run_id=manual__2024-05-22T13:58:11.422244+00:00, execution_date=20240522T135811, start_date=20240522T135855, end_date=20240522T135856
[2024-05-22T13:58:56.608+0000] {local_task_job_runner.py:240} INFO - Task exited with return code 0
[2024-05-22T13:58:56.624+0000] {logging_mixin.py:188} WARNING - /home/denys/airflow_venv/lib/python3.12/site-packages/airflow/models/baseoperator.py:1296 AirflowProviderDeprecationWarning: Call to deprecated class SimpleHttpOperator. (Class `SimpleHttpOperator` is deprecated and will be removed in a future release. Please use `HttpOperator` instead.)
[2024-05-22T13:58:56.637+0000] {taskinstance.py:3498} INFO - 1 downstream tasks scheduled from follow-on schedule check
[2024-05-22T13:58:56.655+0000] {local_task_job_runner.py:222} INFO - ::endgroup::
