[2024-05-23T08:21:11.267+0000] {local_task_job_runner.py:120} INFO - ::group::Pre task execution logs
[2024-05-23T08:21:11.294+0000] {taskinstance.py:2076} INFO - Dependencies all met for dep_context=non-requeueable deps ti=<TaskInstance: weather_dag_parallel.group_a.task_create_table_2 manual__2024-05-23T08:21:03.959960+00:00 [queued]>
[2024-05-23T08:21:11.317+0000] {taskinstance.py:2076} INFO - Dependencies all met for dep_context=requeueable deps ti=<TaskInstance: weather_dag_parallel.group_a.task_create_table_2 manual__2024-05-23T08:21:03.959960+00:00 [queued]>
[2024-05-23T08:21:11.318+0000] {taskinstance.py:2306} INFO - Starting attempt 1 of 3
[2024-05-23T08:21:11.395+0000] {taskinstance.py:2330} INFO - Executing <Task(PostgresOperator): group_a.task_create_table_2> on 2024-05-23 08:21:03.959960+00:00
[2024-05-23T08:21:11.403+0000] {standard_task_runner.py:63} INFO - Started process 11445 to run task
[2024-05-23T08:21:11.416+0000] {standard_task_runner.py:90} INFO - Running: ['airflow', 'tasks', 'run', 'weather_dag_parallel', 'group_a.task_create_table_2', 'manual__2024-05-23T08:21:03.959960+00:00', '--job-id', '95', '--raw', '--subdir', 'DAGS_FOLDER/weatherapi_dag.py', '--cfg-path', '/tmp/tmp3kqy7kvh']
[2024-05-23T08:21:11.420+0000] {standard_task_runner.py:91} INFO - Job 95: Subtask group_a.task_create_table_2
[2024-05-23T08:21:11.539+0000] {task_command.py:426} INFO - Running <TaskInstance: weather_dag_parallel.group_a.task_create_table_2 manual__2024-05-23T08:21:03.959960+00:00 [running]> on host ubuntu2204
[2024-05-23T08:21:11.767+0000] {taskinstance.py:2648} INFO - Exporting env vars: AIRFLOW_CTX_DAG_EMAIL='test@gmail.com' AIRFLOW_CTX_DAG_OWNER='airflow' AIRFLOW_CTX_DAG_ID='weather_dag_parallel' AIRFLOW_CTX_TASK_ID='group_a.task_create_table_2' AIRFLOW_CTX_EXECUTION_DATE='2024-05-23T08:21:03.959960+00:00' AIRFLOW_CTX_TRY_NUMBER='1' AIRFLOW_CTX_DAG_RUN_ID='manual__2024-05-23T08:21:03.959960+00:00'
[2024-05-23T08:21:11.769+0000] {taskinstance.py:430} INFO - ::endgroup::
[2024-05-23T08:21:11.800+0000] {sql.py:276} INFO - Executing: 
                CREATE TABLE IF NOT EXISTS weqther_data (
                    city text,
                    description text,
                    temperature_farenheit numeric,
                    feels_like_farenheit numeric,
                    minimum_temp_farenheit numeric,
                    maximum_temp_farenheit numeric,
                    pressure numeric,
                    humidity numeric,
                    wind_speed numeric,
                    time_of_record timestamp,
                    sunrise_local_time timestamp,
                    sunset_local_time timestamp
                );
            
[2024-05-23T08:21:11.811+0000] {base.py:84} INFO - Using connection ID '***_conn' for task execution.
[2024-05-23T08:21:11.894+0000] {base.py:84} INFO - Using connection ID '***_conn' for task execution.
[2024-05-23T08:21:12.430+0000] {sql.py:486} INFO - Running statement: 
                CREATE TABLE IF NOT EXISTS weqther_data (
                    city text,
                    description text,
                    temperature_farenheit numeric,
                    feels_like_farenheit numeric,
                    minimum_temp_farenheit numeric,
                    maximum_temp_farenheit numeric,
                    pressure numeric,
                    humidity numeric,
                    wind_speed numeric,
                    time_of_record timestamp,
                    sunrise_local_time timestamp,
                    sunset_local_time timestamp
                );
            , parameters: None
[2024-05-23T08:21:12.565+0000] {taskinstance.py:441} INFO - ::group::Post task execution logs
[2024-05-23T08:21:12.577+0000] {taskinstance.py:1206} INFO - Marking task as SUCCESS. dag_id=weather_dag_parallel, task_id=group_a.task_create_table_2, run_id=manual__2024-05-23T08:21:03.959960+00:00, execution_date=20240523T082103, start_date=20240523T082111, end_date=20240523T082112
[2024-05-23T08:21:12.672+0000] {local_task_job_runner.py:240} INFO - Task exited with return code 0
[2024-05-23T08:21:12.701+0000] {logging_mixin.py:188} WARNING - /home/denys/airflow_venv/lib/python3.12/site-packages/airflow/models/baseoperator.py:1296 AirflowProviderDeprecationWarning: Call to deprecated class SimpleHttpOperator. (Class `SimpleHttpOperator` is deprecated and will be removed in a future release. Please use `HttpOperator` instead.)
[2024-05-23T08:21:12.705+0000] {logging_mixin.py:188} WARNING - /home/denys/airflow_venv/lib/python3.12/site-packages/airflow/models/baseoperator.py:1296 AirflowProviderDeprecationWarning: Call to deprecated class PostgresOperator. (Please use `airflow.providers.common.sql.operators.sql.SQLExecuteQueryOperator`.Also, you can provide `hook_params={'schema': <database>}`.)
[2024-05-23T08:21:12.755+0000] {taskinstance.py:3498} INFO - 1 downstream tasks scheduled from follow-on schedule check
[2024-05-23T08:21:12.781+0000] {local_task_job_runner.py:222} INFO - ::endgroup::
