[2024-05-23T08:45:00.875+0000] {local_task_job_runner.py:120} INFO - ::group::Pre task execution logs
[2024-05-23T08:45:00.895+0000] {taskinstance.py:2076} INFO - Dependencies all met for dep_context=non-requeueable deps ti=<TaskInstance: weather_dag_parallel.group_a.extract_weather_data manual__2024-05-23T08:44:25.689117+00:00 [queued]>
[2024-05-23T08:45:00.968+0000] {taskinstance.py:2076} INFO - Dependencies all met for dep_context=requeueable deps ti=<TaskInstance: weather_dag_parallel.group_a.extract_weather_data manual__2024-05-23T08:44:25.689117+00:00 [queued]>
[2024-05-23T08:45:00.969+0000] {taskinstance.py:2306} INFO - Starting attempt 1 of 3
[2024-05-23T08:45:01.009+0000] {taskinstance.py:2330} INFO - Executing <Task(SimpleHttpOperator): group_a.extract_weather_data> on 2024-05-23 08:44:25.689117+00:00
[2024-05-23T08:45:01.015+0000] {standard_task_runner.py:63} INFO - Started process 24850 to run task
[2024-05-23T08:45:01.023+0000] {standard_task_runner.py:90} INFO - Running: ['airflow', 'tasks', 'run', 'weather_dag_parallel', 'group_a.extract_weather_data', 'manual__2024-05-23T08:44:25.689117+00:00', '--job-id', '115', '--raw', '--subdir', 'DAGS_FOLDER/weatherapi_dag.py', '--cfg-path', '/tmp/tmpdw1zaxzq']
[2024-05-23T08:45:01.027+0000] {standard_task_runner.py:91} INFO - Job 115: Subtask group_a.extract_weather_data
[2024-05-23T08:45:01.102+0000] {task_command.py:426} INFO - Running <TaskInstance: weather_dag_parallel.group_a.extract_weather_data manual__2024-05-23T08:44:25.689117+00:00 [running]> on host ubuntu2204
[2024-05-23T08:45:01.307+0000] {taskinstance.py:2648} INFO - Exporting env vars: AIRFLOW_CTX_DAG_EMAIL='test@gmail.com' AIRFLOW_CTX_DAG_OWNER='airflow' AIRFLOW_CTX_DAG_ID='weather_dag_parallel' AIRFLOW_CTX_TASK_ID='group_a.extract_weather_data' AIRFLOW_CTX_EXECUTION_DATE='2024-05-23T08:44:25.689117+00:00' AIRFLOW_CTX_TRY_NUMBER='1' AIRFLOW_CTX_DAG_RUN_ID='manual__2024-05-23T08:44:25.689117+00:00'
[2024-05-23T08:45:01.312+0000] {taskinstance.py:430} INFO - ::endgroup::
[2024-05-23T08:45:01.340+0000] {http.py:169} INFO - Calling HTTP method
[2024-05-23T08:45:01.355+0000] {base.py:84} INFO - Using connection ID 'weathermap_api' for task execution.
[2024-05-23T08:45:01.402+0000] {base.py:84} INFO - Using connection ID 'weathermap_api' for task execution.
[2024-05-23T08:45:01.872+0000] {http.py:208} INFO - {"coord":{"lon":30.5167,"lat":50.4333},"weather":[{"id":801,"main":"Clouds","description":"few clouds","icon":"02d"}],"base":"stations","main":{"temp":297.37,"feels_like":297.02,"temp_min":297.37,"temp_max":297.37,"pressure":1019,"humidity":45,"sea_level":1019,"grnd_level":1003},"visibility":10000,"wind":{"speed":4.46,"deg":90,"gust":5.49},"clouds":{"all":21},"dt":1716453792,"sys":{"country":"UA","sunrise":1716429602,"sunset":1716486581},"timezone":10800,"id":703448,"name":"Kyiv","cod":200}
[2024-05-23T08:45:01.876+0000] {taskinstance.py:441} INFO - ::group::Post task execution logs
[2024-05-23T08:45:01.959+0000] {taskinstance.py:1206} INFO - Marking task as SUCCESS. dag_id=weather_dag_parallel, task_id=group_a.extract_weather_data, run_id=manual__2024-05-23T08:44:25.689117+00:00, execution_date=20240523T084425, start_date=20240523T084500, end_date=20240523T084501
[2024-05-23T08:45:02.042+0000] {local_task_job_runner.py:240} INFO - Task exited with return code 0
[2024-05-23T08:45:02.061+0000] {logging_mixin.py:188} WARNING - /home/denys/airflow_venv/lib/python3.12/site-packages/airflow/models/baseoperator.py:1296 AirflowProviderDeprecationWarning: Call to deprecated class SimpleHttpOperator. (Class `SimpleHttpOperator` is deprecated and will be removed in a future release. Please use `HttpOperator` instead.)
[2024-05-23T08:45:02.078+0000] {taskinstance.py:3498} INFO - 1 downstream tasks scheduled from follow-on schedule check
[2024-05-23T08:45:02.100+0000] {local_task_job_runner.py:222} INFO - ::endgroup::
