[2024-05-09T11:31:08.676+0000] {local_task_job_runner.py:120} INFO - ::group::Pre task execution logs
[2024-05-09T11:31:08.722+0000] {taskinstance.py:2076} INFO - Dependencies all met for dep_context=non-requeueable deps ti=<TaskInstance: weather_dag.extract_weather_data manual__2024-05-09T11:30:47.429239+00:00 [queued]>
[2024-05-09T11:31:08.790+0000] {taskinstance.py:2076} INFO - Dependencies all met for dep_context=requeueable deps ti=<TaskInstance: weather_dag.extract_weather_data manual__2024-05-09T11:30:47.429239+00:00 [queued]>
[2024-05-09T11:31:08.797+0000] {taskinstance.py:2306} INFO - Starting attempt 1 of 3
[2024-05-09T11:31:08.943+0000] {taskinstance.py:2330} INFO - Executing <Task(SimpleHttpOperator): extract_weather_data> on 2024-05-09 11:30:47.429239+00:00
[2024-05-09T11:31:08.975+0000] {standard_task_runner.py:63} INFO - Started process 115271 to run task
[2024-05-09T11:31:08.992+0000] {standard_task_runner.py:90} INFO - Running: ['airflow', 'tasks', 'run', 'weather_dag', 'extract_weather_data', 'manual__2024-05-09T11:30:47.429239+00:00', '--job-id', '42', '--raw', '--subdir', 'DAGS_FOLDER/weather_dag.py', '--cfg-path', '/tmp/tmpc7f7ldmh']
[2024-05-09T11:31:08.995+0000] {standard_task_runner.py:91} INFO - Job 42: Subtask extract_weather_data
[2024-05-09T11:31:09.141+0000] {task_command.py:426} INFO - Running <TaskInstance: weather_dag.extract_weather_data manual__2024-05-09T11:30:47.429239+00:00 [running]> on host ubuntu2204
[2024-05-09T11:31:09.636+0000] {taskinstance.py:2648} INFO - Exporting env vars: AIRFLOW_CTX_DAG_EMAIL='test@gmail.com' AIRFLOW_CTX_DAG_OWNER='airflow' AIRFLOW_CTX_DAG_ID='weather_dag' AIRFLOW_CTX_TASK_ID='extract_weather_data' AIRFLOW_CTX_EXECUTION_DATE='2024-05-09T11:30:47.429239+00:00' AIRFLOW_CTX_TRY_NUMBER='1' AIRFLOW_CTX_DAG_RUN_ID='manual__2024-05-09T11:30:47.429239+00:00'
[2024-05-09T11:31:09.662+0000] {taskinstance.py:430} INFO - ::endgroup::
[2024-05-09T11:31:09.665+0000] {http.py:169} INFO - Calling HTTP method
[2024-05-09T11:31:09.720+0000] {base.py:84} INFO - Using connection ID 'weathermap_api' for task execution.
[2024-05-09T11:31:09.751+0000] {base.py:84} INFO - Using connection ID 'weathermap_api' for task execution.
[2024-05-09T11:31:10.316+0000] {http.py:208} INFO - {"coord":{"lon":30.5167,"lat":50.4333},"weather":[{"id":803,"main":"Clouds","description":"broken clouds","icon":"04d"}],"base":"stations","main":{"temp":288.48,"feels_like":287.17,"temp_min":287.4,"temp_max":288.55,"pressure":1023,"humidity":42},"visibility":10000,"wind":{"speed":1.34,"deg":337,"gust":4.02},"clouds":{"all":71},"dt":1715253685,"sys":{"type":2,"id":2003742,"country":"UA","sunrise":1715221140,"sunset":1715275786},"timezone":10800,"id":703448,"name":"Kyiv","cod":200}
[2024-05-09T11:31:10.321+0000] {taskinstance.py:441} INFO - ::group::Post task execution logs
[2024-05-09T11:31:10.378+0000] {taskinstance.py:1206} INFO - Marking task as SUCCESS. dag_id=weather_dag, task_id=extract_weather_data, run_id=manual__2024-05-09T11:30:47.429239+00:00, execution_date=20240509T113047, start_date=20240509T113108, end_date=20240509T113110
[2024-05-09T11:31:10.493+0000] {local_task_job_runner.py:240} INFO - Task exited with return code 0
[2024-05-09T11:31:10.573+0000] {logging_mixin.py:188} WARNING - /home/denys/airflow_venv/lib/python3.12/site-packages/airflow/models/baseoperator.py:1296 AirflowProviderDeprecationWarning: Call to deprecated class SimpleHttpOperator. (Class `SimpleHttpOperator` is deprecated and will be removed in a future release. Please use `HttpOperator` instead.)
[2024-05-09T11:31:10.601+0000] {taskinstance.py:3498} INFO - 1 downstream tasks scheduled from follow-on schedule check
[2024-05-09T11:31:10.629+0000] {local_task_job_runner.py:222} INFO - ::endgroup::
