[2024-05-23T08:12:19.266+0000] {local_task_job_runner.py:120} INFO - ::group::Pre task execution logs
[2024-05-23T08:12:19.347+0000] {taskinstance.py:2076} INFO - Dependencies all met for dep_context=non-requeueable deps ti=<TaskInstance: weather_dag_parallel.group_a.extract_weather_data manual__2024-05-23T08:11:34.055508+00:00 [queued]>
[2024-05-23T08:12:19.382+0000] {taskinstance.py:2076} INFO - Dependencies all met for dep_context=requeueable deps ti=<TaskInstance: weather_dag_parallel.group_a.extract_weather_data manual__2024-05-23T08:11:34.055508+00:00 [queued]>
[2024-05-23T08:12:19.389+0000] {taskinstance.py:2306} INFO - Starting attempt 1 of 3
[2024-05-23T08:12:19.441+0000] {taskinstance.py:2330} INFO - Executing <Task(SimpleHttpOperator): group_a.extract_weather_data> on 2024-05-23 08:11:34.055508+00:00
[2024-05-23T08:12:19.448+0000] {standard_task_runner.py:63} INFO - Started process 5655 to run task
[2024-05-23T08:12:19.458+0000] {standard_task_runner.py:90} INFO - Running: ['airflow', 'tasks', 'run', 'weather_dag_parallel', 'group_a.extract_weather_data', 'manual__2024-05-23T08:11:34.055508+00:00', '--job-id', '83', '--raw', '--subdir', 'DAGS_FOLDER/weatherapi_dag.py', '--cfg-path', '/tmp/tmps_qn5sxq']
[2024-05-23T08:12:19.471+0000] {standard_task_runner.py:91} INFO - Job 83: Subtask group_a.extract_weather_data
[2024-05-23T08:12:19.582+0000] {task_command.py:426} INFO - Running <TaskInstance: weather_dag_parallel.group_a.extract_weather_data manual__2024-05-23T08:11:34.055508+00:00 [running]> on host ubuntu2204
[2024-05-23T08:12:19.788+0000] {taskinstance.py:2648} INFO - Exporting env vars: AIRFLOW_CTX_DAG_EMAIL='test@gmail.com' AIRFLOW_CTX_DAG_OWNER='airflow' AIRFLOW_CTX_DAG_ID='weather_dag_parallel' AIRFLOW_CTX_TASK_ID='group_a.extract_weather_data' AIRFLOW_CTX_EXECUTION_DATE='2024-05-23T08:11:34.055508+00:00' AIRFLOW_CTX_TRY_NUMBER='1' AIRFLOW_CTX_DAG_RUN_ID='manual__2024-05-23T08:11:34.055508+00:00'
[2024-05-23T08:12:19.799+0000] {taskinstance.py:430} INFO - ::endgroup::
[2024-05-23T08:12:19.855+0000] {http.py:169} INFO - Calling HTTP method
[2024-05-23T08:12:19.868+0000] {base.py:84} INFO - Using connection ID 'weathermap_api' for task execution.
[2024-05-23T08:12:19.951+0000] {base.py:84} INFO - Using connection ID 'weathermap_api' for task execution.
[2024-05-23T08:12:20.376+0000] {http.py:208} INFO - {"coord":{"lon":30.5167,"lat":50.4333},"weather":[{"id":802,"main":"Clouds","description":"scattered clouds","icon":"03d"}],"base":"stations","main":{"temp":296.22,"feels_like":295.86,"temp_min":296.22,"temp_max":296.22,"pressure":1019,"humidity":49,"sea_level":1019,"grnd_level":1003},"visibility":10000,"wind":{"speed":4.23,"deg":94,"gust":5.53},"clouds":{"all":28},"dt":1716451866,"sys":{"country":"UA","sunrise":1716429602,"sunset":1716486581},"timezone":10800,"id":703448,"name":"Kyiv","cod":200}
[2024-05-23T08:12:20.388+0000] {taskinstance.py:441} INFO - ::group::Post task execution logs
[2024-05-23T08:12:20.470+0000] {taskinstance.py:1206} INFO - Marking task as SUCCESS. dag_id=weather_dag_parallel, task_id=group_a.extract_weather_data, run_id=manual__2024-05-23T08:11:34.055508+00:00, execution_date=20240523T081134, start_date=20240523T081219, end_date=20240523T081220
[2024-05-23T08:12:20.574+0000] {local_task_job_runner.py:240} INFO - Task exited with return code 0
[2024-05-23T08:12:20.614+0000] {logging_mixin.py:188} WARNING - /home/denys/airflow_venv/lib/python3.12/site-packages/airflow/models/baseoperator.py:1296 AirflowProviderDeprecationWarning: Call to deprecated class SimpleHttpOperator. (Class `SimpleHttpOperator` is deprecated and will be removed in a future release. Please use `HttpOperator` instead.)
[2024-05-23T08:12:20.638+0000] {taskinstance.py:3498} INFO - 1 downstream tasks scheduled from follow-on schedule check
[2024-05-23T08:12:20.704+0000] {local_task_job_runner.py:222} INFO - ::endgroup::
