[2024-05-23T10:51:26.109+0000] {local_task_job_runner.py:120} INFO - ::group::Pre task execution logs
[2024-05-23T10:51:26.180+0000] {taskinstance.py:2076} INFO - Dependencies all met for dep_context=non-requeueable deps ti=<TaskInstance: weather_dag_parallel.group_a.load_weather_data manual__2024-05-23T10:50:09.679421+00:00 [queued]>
[2024-05-23T10:51:26.207+0000] {taskinstance.py:2076} INFO - Dependencies all met for dep_context=requeueable deps ti=<TaskInstance: weather_dag_parallel.group_a.load_weather_data manual__2024-05-23T10:50:09.679421+00:00 [queued]>
[2024-05-23T10:51:26.208+0000] {taskinstance.py:2306} INFO - Starting attempt 1 of 3
[2024-05-23T10:51:26.279+0000] {taskinstance.py:2330} INFO - Executing <Task(PythonOperator): group_a.load_weather_data> on 2024-05-23 10:50:09.679421+00:00
[2024-05-23T10:51:26.296+0000] {standard_task_runner.py:63} INFO - Started process 79935 to run task
[2024-05-23T10:51:26.312+0000] {standard_task_runner.py:90} INFO - Running: ['airflow', 'tasks', 'run', 'weather_dag_parallel', 'group_a.load_weather_data', 'manual__2024-05-23T10:50:09.679421+00:00', '--job-id', '183', '--raw', '--subdir', 'DAGS_FOLDER/weatherapi_dag.py', '--cfg-path', '/tmp/tmpf6hinpip']
[2024-05-23T10:51:26.316+0000] {standard_task_runner.py:91} INFO - Job 183: Subtask group_a.load_weather_data
[2024-05-23T10:51:26.454+0000] {task_command.py:426} INFO - Running <TaskInstance: weather_dag_parallel.group_a.load_weather_data manual__2024-05-23T10:50:09.679421+00:00 [running]> on host ubuntu2204
[2024-05-23T10:51:26.764+0000] {taskinstance.py:2648} INFO - Exporting env vars: AIRFLOW_CTX_DAG_EMAIL='test@gmail.com' AIRFLOW_CTX_DAG_OWNER='airflow' AIRFLOW_CTX_DAG_ID='weather_dag_parallel' AIRFLOW_CTX_TASK_ID='group_a.load_weather_data' AIRFLOW_CTX_EXECUTION_DATE='2024-05-23T10:50:09.679421+00:00' AIRFLOW_CTX_TRY_NUMBER='1' AIRFLOW_CTX_DAG_RUN_ID='manual__2024-05-23T10:50:09.679421+00:00'
[2024-05-23T10:51:26.769+0000] {taskinstance.py:430} INFO - ::endgroup::
[2024-05-23T10:51:26.816+0000] {postgres.py:176} INFO - Running copy expert: COPY weather_data FROM stdin WITH DELIMITER AS ',', filename: current_weather_data_kyiv.csv
[2024-05-23T10:51:26.832+0000] {base.py:84} INFO - Using connection ID '***_conn' for task execution.
[2024-05-23T10:51:27.527+0000] {python.py:237} INFO - Done. Returned value was: None
[2024-05-23T10:51:27.530+0000] {taskinstance.py:441} INFO - ::group::Post task execution logs
[2024-05-23T10:51:27.559+0000] {taskinstance.py:1206} INFO - Marking task as SUCCESS. dag_id=weather_dag_parallel, task_id=group_a.load_weather_data, run_id=manual__2024-05-23T10:50:09.679421+00:00, execution_date=20240523T105009, start_date=20240523T105126, end_date=20240523T105127
[2024-05-23T10:51:27.691+0000] {local_task_job_runner.py:240} INFO - Task exited with return code 0
[2024-05-23T10:51:27.728+0000] {logging_mixin.py:188} WARNING - /home/denys/airflow_venv/lib/python3.12/site-packages/airflow/models/baseoperator.py:1296 AirflowProviderDeprecationWarning: Call to deprecated class PostgresOperator. (Please use `airflow.providers.common.sql.operators.sql.SQLExecuteQueryOperator`.Also, you can provide `hook_params={'schema': <database>}`.)
[2024-05-23T10:51:27.780+0000] {taskinstance.py:3498} INFO - 1 downstream tasks scheduled from follow-on schedule check
[2024-05-23T10:51:27.814+0000] {local_task_job_runner.py:222} INFO - ::endgroup::
