[2024-05-23T10:43:40.212+0000] {local_task_job_runner.py:120} INFO - ::group::Pre task execution logs
[2024-05-23T10:43:40.225+0000] {taskinstance.py:2076} INFO - Dependencies all met for dep_context=non-requeueable deps ti=<TaskInstance: weather_dag_parallel.join_data_in_postgres manual__2024-05-23T10:04:19.618668+00:00 [queued]>
[2024-05-23T10:43:40.236+0000] {taskinstance.py:2076} INFO - Dependencies all met for dep_context=requeueable deps ti=<TaskInstance: weather_dag_parallel.join_data_in_postgres manual__2024-05-23T10:04:19.618668+00:00 [queued]>
[2024-05-23T10:43:40.237+0000] {taskinstance.py:2306} INFO - Starting attempt 2 of 3
[2024-05-23T10:43:40.274+0000] {taskinstance.py:2330} INFO - Executing <Task(PostgresOperator): join_data_in_postgres> on 2024-05-23 10:04:19.618668+00:00
[2024-05-23T10:43:40.282+0000] {standard_task_runner.py:63} INFO - Started process 76842 to run task
[2024-05-23T10:43:40.288+0000] {standard_task_runner.py:90} INFO - Running: ['airflow', 'tasks', 'run', 'weather_dag_parallel', 'join_data_in_postgres', 'manual__2024-05-23T10:04:19.618668+00:00', '--job-id', '175', '--raw', '--subdir', 'DAGS_FOLDER/weatherapi_dag.py', '--cfg-path', '/tmp/tmp99uw7gfj']
[2024-05-23T10:43:40.290+0000] {standard_task_runner.py:91} INFO - Job 175: Subtask join_data_in_postgres
[2024-05-23T10:43:40.402+0000] {task_command.py:426} INFO - Running <TaskInstance: weather_dag_parallel.join_data_in_postgres manual__2024-05-23T10:04:19.618668+00:00 [running]> on host ubuntu2204
[2024-05-23T10:43:40.679+0000] {taskinstance.py:2648} INFO - Exporting env vars: AIRFLOW_CTX_DAG_EMAIL='test@gmail.com' AIRFLOW_CTX_DAG_OWNER='airflow' AIRFLOW_CTX_DAG_ID='weather_dag_parallel' AIRFLOW_CTX_TASK_ID='join_data_in_postgres' AIRFLOW_CTX_EXECUTION_DATE='2024-05-23T10:04:19.618668+00:00' AIRFLOW_CTX_TRY_NUMBER='2' AIRFLOW_CTX_DAG_RUN_ID='manual__2024-05-23T10:04:19.618668+00:00'
[2024-05-23T10:43:40.685+0000] {taskinstance.py:430} INFO - ::endgroup::
[2024-05-23T10:43:40.718+0000] {sql.py:276} INFO - Executing: 
                SELECT 
                    weather.city,                    
                    description,
                    temperature_farenheit,
                    feels_like_farenheit,
                    minimum_temp_farenheit,
                    maximum_temp_farenheit,
                    pressure,
                    humidity,
                    wind_speed,
                    time_of_record,
                    sunrise_local_time,
                    sunset_local_time,
                    state,
                    census_2020,
                    land_area_sq_mile_2020                    
                FROM weather_data AS weather
                INNER JOIN city_look_up AS city ON city.city = weather.city;
            
[2024-05-23T10:43:40.745+0000] {base.py:84} INFO - Using connection ID '***_conn' for task execution.
[2024-05-23T10:43:40.811+0000] {base.py:84} INFO - Using connection ID '***_conn' for task execution.
[2024-05-23T10:43:41.383+0000] {sql.py:486} INFO - Running statement: 
                SELECT 
                    weather.city,                    
                    description,
                    temperature_farenheit,
                    feels_like_farenheit,
                    minimum_temp_farenheit,
                    maximum_temp_farenheit,
                    pressure,
                    humidity,
                    wind_speed,
                    time_of_record,
                    sunrise_local_time,
                    sunset_local_time,
                    state,
                    census_2020,
                    land_area_sq_mile_2020                    
                FROM weather_data AS weather
                INNER JOIN city_look_up AS city ON city.city = weather.city;
            , parameters: None
[2024-05-23T10:43:41.479+0000] {sql.py:495} INFO - Rows affected: 0
[2024-05-23T10:43:41.529+0000] {taskinstance.py:441} INFO - ::group::Post task execution logs
[2024-05-23T10:43:41.590+0000] {taskinstance.py:1206} INFO - Marking task as SUCCESS. dag_id=weather_dag_parallel, task_id=join_data_in_***, run_id=manual__2024-05-23T10:04:19.618668+00:00, execution_date=20240523T100419, start_date=20240523T104340, end_date=20240523T104341
[2024-05-23T10:43:41.678+0000] {local_task_job_runner.py:240} INFO - Task exited with return code 0
[2024-05-23T10:43:41.713+0000] {taskinstance.py:3498} INFO - 0 downstream tasks scheduled from follow-on schedule check
[2024-05-23T10:43:41.730+0000] {local_task_job_runner.py:222} INFO - ::endgroup::
