[2024-05-23T11:03:08.757+0000] {local_task_job_runner.py:120} INFO - ::group::Pre task execution logs
[2024-05-23T11:03:08.799+0000] {local_task_job_runner.py:120} INFO - ::group::Pre task execution logs
[2024-05-23T11:03:08.867+0000] {taskinstance.py:2076} INFO - Dependencies all met for dep_context=non-requeueable deps ti=<TaskInstance: weather_dag_parallel.group_a.task_create_table_1 manual__2024-05-23T11:02:24.641410+00:00 [queued]>
[2024-05-23T11:03:08.881+0000] {taskinstance.py:2076} INFO - Dependencies all met for dep_context=non-requeueable deps ti=<TaskInstance: weather_dag_parallel.group_a.task_create_table_1 manual__2024-05-23T11:02:24.641410+00:00 [queued]>
[2024-05-23T11:03:08.907+0000] {taskinstance.py:2076} INFO - Dependencies all met for dep_context=requeueable deps ti=<TaskInstance: weather_dag_parallel.group_a.task_create_table_1 manual__2024-05-23T11:02:24.641410+00:00 [queued]>
[2024-05-23T11:03:08.925+0000] {taskinstance.py:2076} INFO - Dependencies all met for dep_context=requeueable deps ti=<TaskInstance: weather_dag_parallel.group_a.task_create_table_1 manual__2024-05-23T11:02:24.641410+00:00 [queued]>
[2024-05-23T11:03:08.931+0000] {taskinstance.py:2306} INFO - Starting attempt 1 of 3
[2024-05-23T11:03:08.955+0000] {taskinstance.py:2306} INFO - Starting attempt 1 of 3
[2024-05-23T11:03:09.040+0000] {taskinstance.py:2330} INFO - Executing <Task(PostgresOperator): group_a.task_create_table_1> on 2024-05-23 11:02:24.641410+00:00
[2024-05-23T11:03:09.112+0000] {standard_task_runner.py:63} INFO - Started process 84184 to run task
[2024-05-23T11:03:09.121+0000] {taskinstance.py:2330} INFO - Executing <Task(PostgresOperator): group_a.task_create_table_1> on 2024-05-23 11:02:24.641410+00:00
[2024-05-23T11:03:09.138+0000] {standard_task_runner.py:90} INFO - Running: ['airflow', 'tasks', 'run', 'weather_dag_parallel', 'group_a.task_create_table_1', 'manual__2024-05-23T11:02:24.641410+00:00', '--job-id', '187', '--raw', '--subdir', 'DAGS_FOLDER/weatherapi_dag.py', '--cfg-path', '/tmp/tmp3h1fm_oo']
[2024-05-23T11:03:09.142+0000] {standard_task_runner.py:91} INFO - Job 187: Subtask group_a.task_create_table_1
[2024-05-23T11:03:09.155+0000] {standard_task_runner.py:63} INFO - Started process 84186 to run task
[2024-05-23T11:03:09.166+0000] {standard_task_runner.py:90} INFO - Running: ['airflow', 'tasks', 'run', 'weather_dag_parallel', 'group_a.task_create_table_1', 'manual__2024-05-23T11:02:24.641410+00:00', '--job-id', '188', '--raw', '--subdir', 'DAGS_FOLDER/weatherapi_dag.py', '--cfg-path', '/tmp/tmp9nfzxpxu']
[2024-05-23T11:03:09.173+0000] {standard_task_runner.py:91} INFO - Job 188: Subtask group_a.task_create_table_1
[2024-05-23T11:03:09.309+0000] {task_command.py:426} INFO - Running <TaskInstance: weather_dag_parallel.group_a.task_create_table_1 manual__2024-05-23T11:02:24.641410+00:00 [running]> on host ubuntu2204
[2024-05-23T11:03:09.421+0000] {task_command.py:426} INFO - Running <TaskInstance: weather_dag_parallel.group_a.task_create_table_1 manual__2024-05-23T11:02:24.641410+00:00 [running]> on host ubuntu2204
[2024-05-23T11:03:09.751+0000] {taskinstance.py:2648} INFO - Exporting env vars: AIRFLOW_CTX_DAG_EMAIL='test@gmail.com' AIRFLOW_CTX_DAG_OWNER='airflow' AIRFLOW_CTX_DAG_ID='weather_dag_parallel' AIRFLOW_CTX_TASK_ID='group_a.task_create_table_1' AIRFLOW_CTX_EXECUTION_DATE='2024-05-23T11:02:24.641410+00:00' AIRFLOW_CTX_TRY_NUMBER='1' AIRFLOW_CTX_DAG_RUN_ID='manual__2024-05-23T11:02:24.641410+00:00'
[2024-05-23T11:03:09.754+0000] {taskinstance.py:430} INFO - ::endgroup::
[2024-05-23T11:03:09.785+0000] {sql.py:276} INFO - Executing: 
                CREATE TABLE IF NOT EXISTS city_look_up (
                    city text NOT NULL,
                    state text NOT NULL,
                    census_2020 numeric NOT NULL,
                    land_Area_sq_mile_2020 numeric NOT NULL
                );
            
[2024-05-23T11:03:09.796+0000] {taskinstance.py:2648} INFO - Exporting env vars: AIRFLOW_CTX_DAG_EMAIL='test@gmail.com' AIRFLOW_CTX_DAG_OWNER='airflow' AIRFLOW_CTX_DAG_ID='weather_dag_parallel' AIRFLOW_CTX_TASK_ID='group_a.task_create_table_1' AIRFLOW_CTX_EXECUTION_DATE='2024-05-23T11:02:24.641410+00:00' AIRFLOW_CTX_TRY_NUMBER='1' AIRFLOW_CTX_DAG_RUN_ID='manual__2024-05-23T11:02:24.641410+00:00'
[2024-05-23T11:03:09.796+0000] {base.py:84} INFO - Using connection ID '***_conn' for task execution.
[2024-05-23T11:03:09.798+0000] {taskinstance.py:430} INFO - ::endgroup::
[2024-05-23T11:03:09.828+0000] {sql.py:276} INFO - Executing: 
                CREATE TABLE IF NOT EXISTS city_look_up (
                    city text NOT NULL,
                    state text NOT NULL,
                    census_2020 numeric NOT NULL,
                    land_Area_sq_mile_2020 numeric NOT NULL
                );
            
[2024-05-23T11:03:09.840+0000] {base.py:84} INFO - Using connection ID '***_conn' for task execution.
[2024-05-23T11:03:09.848+0000] {base.py:84} INFO - Using connection ID '***_conn' for task execution.
[2024-05-23T11:03:09.911+0000] {base.py:84} INFO - Using connection ID '***_conn' for task execution.
[2024-05-23T11:03:10.369+0000] {sql.py:486} INFO - Running statement: 
                CREATE TABLE IF NOT EXISTS city_look_up (
                    city text NOT NULL,
                    state text NOT NULL,
                    census_2020 numeric NOT NULL,
                    land_Area_sq_mile_2020 numeric NOT NULL
                );
            , parameters: None
[2024-05-23T11:03:10.392+0000] {sql.py:486} INFO - Running statement: 
                CREATE TABLE IF NOT EXISTS city_look_up (
                    city text NOT NULL,
                    state text NOT NULL,
                    census_2020 numeric NOT NULL,
                    land_Area_sq_mile_2020 numeric NOT NULL
                );
            , parameters: None
[2024-05-23T11:03:10.508+0000] {taskinstance.py:441} INFO - ::group::Post task execution logs
[2024-05-23T11:03:10.527+0000] {taskinstance.py:1206} INFO - Marking task as SUCCESS. dag_id=weather_dag_parallel, task_id=group_a.task_create_table_1, run_id=manual__2024-05-23T11:02:24.641410+00:00, execution_date=20240523T110224, start_date=20240523T110308, end_date=20240523T110310
[2024-05-23T11:03:10.529+0000] {taskinstance.py:441} INFO - ::group::Post task execution logs
[2024-05-23T11:03:10.632+0000] {local_task_job_runner.py:240} INFO - Task exited with return code 0
[2024-05-23T11:03:10.633+0000] {taskinstance.py:1206} INFO - Marking task as SUCCESS. dag_id=weather_dag_parallel, task_id=group_a.task_create_table_1, run_id=manual__2024-05-23T11:02:24.641410+00:00, execution_date=20240523T110224, start_date=20240523T110308, end_date=20240523T110310
[2024-05-23T11:03:10.732+0000] {local_task_job_runner.py:240} INFO - Task exited with return code 0
[2024-05-23T11:03:10.736+0000] {logging_mixin.py:188} WARNING - /home/denys/airflow_venv/lib/python3.12/site-packages/airflow/models/baseoperator.py:1296 AirflowProviderDeprecationWarning: Call to deprecated class PostgresOperator. (Please use `airflow.providers.common.sql.operators.sql.SQLExecuteQueryOperator`.Also, you can provide `hook_params={'schema': <database>}`.)
[2024-05-23T11:03:10.761+0000] {logging_mixin.py:188} WARNING - /home/denys/airflow_venv/lib/python3.12/site-packages/airflow/models/baseoperator.py:1296 AirflowProviderDeprecationWarning: Call to deprecated class PostgresOperator. (Please use `airflow.providers.common.sql.operators.sql.SQLExecuteQueryOperator`.Also, you can provide `hook_params={'schema': <database>}`.)
[2024-05-23T11:03:10.774+0000] {taskinstance.py:3498} INFO - 1 downstream tasks scheduled from follow-on schedule check
[2024-05-23T11:03:10.830+0000] {local_task_job_runner.py:222} INFO - ::endgroup::
[2024-05-23T11:03:10.904+0000] {taskinstance.py:3498} INFO - 0 downstream tasks scheduled from follow-on schedule check
[2024-05-23T11:03:10.934+0000] {local_task_job_runner.py:222} INFO - ::endgroup::
