[2024-06-06T14:24:04.661+0000] {processor.py:161} INFO - Started process (PID=37320) to work on /home/denys/workspace/de-projects/customer_churn/venv/lib/python3.12/site-packages/airflow/example_dags/example_branch_datetime_operator.py
[2024-06-06T14:24:04.664+0000] {processor.py:830} INFO - Processing file /home/denys/workspace/de-projects/customer_churn/venv/lib/python3.12/site-packages/airflow/example_dags/example_branch_datetime_operator.py for tasks to queue
[2024-06-06T14:24:04.669+0000] {logging_mixin.py:188} INFO - [2024-06-06T14:24:04.667+0000] {dagbag.py:545} INFO - Filling up the DagBag from /home/denys/workspace/de-projects/customer_churn/venv/lib/python3.12/site-packages/airflow/example_dags/example_branch_datetime_operator.py
[2024-06-06T14:24:04.697+0000] {processor.py:840} INFO - DAG(s) 'example_branch_datetime_operator', 'example_branch_datetime_operator_2', 'example_branch_datetime_operator_3' retrieved from /home/denys/workspace/de-projects/customer_churn/venv/lib/python3.12/site-packages/airflow/example_dags/example_branch_datetime_operator.py
[2024-06-06T14:24:05.076+0000] {logging_mixin.py:188} INFO - [2024-06-06T14:24:05.074+0000] {override.py:1829} INFO - Created Permission View: can edit on DAG:example_branch_datetime_operator
[2024-06-06T14:24:05.136+0000] {logging_mixin.py:188} INFO - [2024-06-06T14:24:05.134+0000] {override.py:1829} INFO - Created Permission View: can read on DAG:example_branch_datetime_operator
[2024-06-06T14:24:05.180+0000] {logging_mixin.py:188} INFO - [2024-06-06T14:24:05.178+0000] {override.py:1829} INFO - Created Permission View: can delete on DAG:example_branch_datetime_operator
[2024-06-06T14:24:05.292+0000] {logging_mixin.py:188} INFO - [2024-06-06T14:24:05.291+0000] {override.py:1829} INFO - Created Permission View: can edit on DAG:example_branch_datetime_operator_2
[2024-06-06T14:24:05.342+0000] {logging_mixin.py:188} INFO - [2024-06-06T14:24:05.340+0000] {override.py:1829} INFO - Created Permission View: can read on DAG:example_branch_datetime_operator_2
[2024-06-06T14:24:05.386+0000] {logging_mixin.py:188} INFO - [2024-06-06T14:24:05.385+0000] {override.py:1829} INFO - Created Permission View: can delete on DAG:example_branch_datetime_operator_2
[2024-06-06T14:24:05.497+0000] {logging_mixin.py:188} INFO - [2024-06-06T14:24:05.497+0000] {override.py:1829} INFO - Created Permission View: can edit on DAG:example_branch_datetime_operator_3
[2024-06-06T14:24:05.529+0000] {logging_mixin.py:188} INFO - [2024-06-06T14:24:05.527+0000] {override.py:1829} INFO - Created Permission View: can read on DAG:example_branch_datetime_operator_3
[2024-06-06T14:24:05.552+0000] {logging_mixin.py:188} INFO - [2024-06-06T14:24:05.552+0000] {override.py:1829} INFO - Created Permission View: can delete on DAG:example_branch_datetime_operator_3
[2024-06-06T14:24:05.553+0000] {logging_mixin.py:188} INFO - [2024-06-06T14:24:05.552+0000] {dag.py:3096} INFO - Sync 3 DAGs
[2024-06-06T14:24:05.568+0000] {logging_mixin.py:188} INFO - [2024-06-06T14:24:05.567+0000] {dag.py:3118} INFO - Creating ORM DAG for example_branch_datetime_operator_2
[2024-06-06T14:24:05.569+0000] {logging_mixin.py:188} INFO - [2024-06-06T14:24:05.569+0000] {dag.py:3118} INFO - Creating ORM DAG for example_branch_datetime_operator
[2024-06-06T14:24:05.569+0000] {logging_mixin.py:188} INFO - [2024-06-06T14:24:05.569+0000] {dag.py:3118} INFO - Creating ORM DAG for example_branch_datetime_operator_3
[2024-06-06T14:24:05.580+0000] {logging_mixin.py:188} INFO - [2024-06-06T14:24:05.580+0000] {dag.py:3954} INFO - Setting next_dagrun for example_branch_datetime_operator to 2024-06-05 00:00:00+00:00, run_after=2024-06-06 00:00:00+00:00
[2024-06-06T14:24:05.582+0000] {logging_mixin.py:188} INFO - [2024-06-06T14:24:05.582+0000] {dag.py:3954} INFO - Setting next_dagrun for example_branch_datetime_operator_2 to 2024-06-05 00:00:00+00:00, run_after=2024-06-06 00:00:00+00:00
[2024-06-06T14:24:05.584+0000] {logging_mixin.py:188} INFO - [2024-06-06T14:24:05.584+0000] {dag.py:3954} INFO - Setting next_dagrun for example_branch_datetime_operator_3 to 2024-06-05 00:00:00+00:00, run_after=2024-06-06 00:00:00+00:00
[2024-06-06T14:24:05.629+0000] {processor.py:183} INFO - Processing /home/denys/workspace/de-projects/customer_churn/venv/lib/python3.12/site-packages/airflow/example_dags/example_branch_datetime_operator.py took 0.982 seconds
