[2024-06-06T14:23:51.722+0000] {processor.py:161} INFO - Started process (PID=37127) to work on /home/denys/workspace/de-projects/customer_churn/venv/lib/python3.12/site-packages/airflow/example_dags/example_datasets.py
[2024-06-06T14:23:51.724+0000] {processor.py:830} INFO - Processing file /home/denys/workspace/de-projects/customer_churn/venv/lib/python3.12/site-packages/airflow/example_dags/example_datasets.py for tasks to queue
[2024-06-06T14:23:51.726+0000] {logging_mixin.py:188} INFO - [2024-06-06T14:23:51.725+0000] {dagbag.py:545} INFO - Filling up the DagBag from /home/denys/workspace/de-projects/customer_churn/venv/lib/python3.12/site-packages/airflow/example_dags/example_datasets.py
[2024-06-06T14:23:51.758+0000] {processor.py:840} INFO - DAG(s) 'dataset_produces_1', 'consume_1_or_both_2_and_3_with_dataset_expressions', 'dataset_consumes_1', 'dataset_consumes_1_and_2', 'consume_1_or_2_with_dataset_expressions', 'dataset_consumes_unknown_never_scheduled', 'dataset_consumes_1_never_scheduled', 'conditional_dataset_and_time_based_timetable', 'consume_1_and_2_with_dataset_expressions', 'dataset_produces_2' retrieved from /home/denys/workspace/de-projects/customer_churn/venv/lib/python3.12/site-packages/airflow/example_dags/example_datasets.py
[2024-06-06T14:23:52.165+0000] {logging_mixin.py:188} INFO - [2024-06-06T14:23:52.164+0000] {override.py:1829} INFO - Created Permission View: can edit on DAG:dataset_produces_1
[2024-06-06T14:23:52.226+0000] {logging_mixin.py:188} INFO - [2024-06-06T14:23:52.225+0000] {override.py:1829} INFO - Created Permission View: can read on DAG:dataset_produces_1
[2024-06-06T14:23:52.284+0000] {logging_mixin.py:188} INFO - [2024-06-06T14:23:52.283+0000] {override.py:1829} INFO - Created Permission View: can delete on DAG:dataset_produces_1
[2024-06-06T14:23:52.488+0000] {logging_mixin.py:188} INFO - [2024-06-06T14:23:52.486+0000] {override.py:1829} INFO - Created Permission View: can edit on DAG:consume_1_or_both_2_and_3_with_dataset_expressions
[2024-06-06T14:23:52.541+0000] {logging_mixin.py:188} INFO - [2024-06-06T14:23:52.539+0000] {override.py:1829} INFO - Created Permission View: can read on DAG:consume_1_or_both_2_and_3_with_dataset_expressions
[2024-06-06T14:23:52.566+0000] {logging_mixin.py:188} INFO - [2024-06-06T14:23:52.565+0000] {override.py:1829} INFO - Created Permission View: can delete on DAG:consume_1_or_both_2_and_3_with_dataset_expressions
[2024-06-06T14:23:52.661+0000] {logging_mixin.py:188} INFO - [2024-06-06T14:23:52.660+0000] {override.py:1829} INFO - Created Permission View: can edit on DAG:dataset_consumes_1
[2024-06-06T14:23:52.752+0000] {logging_mixin.py:188} INFO - [2024-06-06T14:23:52.749+0000] {override.py:1829} INFO - Created Permission View: can read on DAG:dataset_consumes_1
[2024-06-06T14:23:52.818+0000] {logging_mixin.py:188} INFO - [2024-06-06T14:23:52.816+0000] {override.py:1829} INFO - Created Permission View: can delete on DAG:dataset_consumes_1
[2024-06-06T14:23:52.947+0000] {logging_mixin.py:188} INFO - [2024-06-06T14:23:52.945+0000] {override.py:1829} INFO - Created Permission View: can edit on DAG:dataset_consumes_1_and_2
[2024-06-06T14:23:53.000+0000] {logging_mixin.py:188} INFO - [2024-06-06T14:23:53.000+0000] {override.py:1829} INFO - Created Permission View: can read on DAG:dataset_consumes_1_and_2
[2024-06-06T14:23:53.066+0000] {logging_mixin.py:188} INFO - [2024-06-06T14:23:53.066+0000] {override.py:1829} INFO - Created Permission View: can delete on DAG:dataset_consumes_1_and_2
[2024-06-06T14:23:53.174+0000] {logging_mixin.py:188} INFO - [2024-06-06T14:23:53.174+0000] {override.py:1829} INFO - Created Permission View: can edit on DAG:consume_1_or_2_with_dataset_expressions
[2024-06-06T14:23:53.207+0000] {logging_mixin.py:188} INFO - [2024-06-06T14:23:53.207+0000] {override.py:1829} INFO - Created Permission View: can read on DAG:consume_1_or_2_with_dataset_expressions
[2024-06-06T14:23:53.246+0000] {logging_mixin.py:188} INFO - [2024-06-06T14:23:53.245+0000] {override.py:1829} INFO - Created Permission View: can delete on DAG:consume_1_or_2_with_dataset_expressions
[2024-06-06T14:23:53.393+0000] {logging_mixin.py:188} INFO - [2024-06-06T14:23:53.392+0000] {override.py:1829} INFO - Created Permission View: can edit on DAG:dataset_consumes_unknown_never_scheduled
[2024-06-06T14:23:53.445+0000] {logging_mixin.py:188} INFO - [2024-06-06T14:23:53.444+0000] {override.py:1829} INFO - Created Permission View: can read on DAG:dataset_consumes_unknown_never_scheduled
[2024-06-06T14:23:53.490+0000] {logging_mixin.py:188} INFO - [2024-06-06T14:23:53.489+0000] {override.py:1829} INFO - Created Permission View: can delete on DAG:dataset_consumes_unknown_never_scheduled
[2024-06-06T14:23:53.612+0000] {logging_mixin.py:188} INFO - [2024-06-06T14:23:53.611+0000] {override.py:1829} INFO - Created Permission View: can edit on DAG:dataset_consumes_1_never_scheduled
[2024-06-06T14:23:53.655+0000] {logging_mixin.py:188} INFO - [2024-06-06T14:23:53.655+0000] {override.py:1829} INFO - Created Permission View: can read on DAG:dataset_consumes_1_never_scheduled
[2024-06-06T14:23:53.692+0000] {logging_mixin.py:188} INFO - [2024-06-06T14:23:53.691+0000] {override.py:1829} INFO - Created Permission View: can delete on DAG:dataset_consumes_1_never_scheduled
[2024-06-06T14:23:53.790+0000] {logging_mixin.py:188} INFO - [2024-06-06T14:23:53.788+0000] {override.py:1829} INFO - Created Permission View: can edit on DAG:conditional_dataset_and_time_based_timetable
[2024-06-06T14:23:53.839+0000] {logging_mixin.py:188} INFO - [2024-06-06T14:23:53.838+0000] {override.py:1829} INFO - Created Permission View: can read on DAG:conditional_dataset_and_time_based_timetable
[2024-06-06T14:23:53.882+0000] {logging_mixin.py:188} INFO - [2024-06-06T14:23:53.879+0000] {override.py:1829} INFO - Created Permission View: can delete on DAG:conditional_dataset_and_time_based_timetable
[2024-06-06T14:23:53.983+0000] {logging_mixin.py:188} INFO - [2024-06-06T14:23:53.983+0000] {override.py:1829} INFO - Created Permission View: can edit on DAG:consume_1_and_2_with_dataset_expressions
[2024-06-06T14:23:54.045+0000] {logging_mixin.py:188} INFO - [2024-06-06T14:23:54.043+0000] {override.py:1829} INFO - Created Permission View: can read on DAG:consume_1_and_2_with_dataset_expressions
[2024-06-06T14:23:54.098+0000] {logging_mixin.py:188} INFO - [2024-06-06T14:23:54.096+0000] {override.py:1829} INFO - Created Permission View: can delete on DAG:consume_1_and_2_with_dataset_expressions
[2024-06-06T14:23:54.229+0000] {logging_mixin.py:188} INFO - [2024-06-06T14:23:54.228+0000] {override.py:1829} INFO - Created Permission View: can edit on DAG:dataset_produces_2
[2024-06-06T14:23:54.280+0000] {logging_mixin.py:188} INFO - [2024-06-06T14:23:54.276+0000] {override.py:1829} INFO - Created Permission View: can read on DAG:dataset_produces_2
[2024-06-06T14:23:54.346+0000] {logging_mixin.py:188} INFO - [2024-06-06T14:23:54.345+0000] {override.py:1829} INFO - Created Permission View: can delete on DAG:dataset_produces_2
[2024-06-06T14:23:54.357+0000] {logging_mixin.py:188} INFO - [2024-06-06T14:23:54.353+0000] {dag.py:3096} INFO - Sync 10 DAGs
[2024-06-06T14:23:54.430+0000] {logging_mixin.py:188} INFO - [2024-06-06T14:23:54.429+0000] {dag.py:3118} INFO - Creating ORM DAG for dataset_produces_2
[2024-06-06T14:23:54.434+0000] {logging_mixin.py:188} INFO - [2024-06-06T14:23:54.432+0000] {dag.py:3118} INFO - Creating ORM DAG for conditional_dataset_and_time_based_timetable
[2024-06-06T14:23:54.438+0000] {logging_mixin.py:188} INFO - [2024-06-06T14:23:54.437+0000] {dag.py:3118} INFO - Creating ORM DAG for consume_1_or_both_2_and_3_with_dataset_expressions
[2024-06-06T14:23:54.442+0000] {logging_mixin.py:188} INFO - [2024-06-06T14:23:54.440+0000] {dag.py:3118} INFO - Creating ORM DAG for dataset_consumes_1
[2024-06-06T14:23:54.446+0000] {logging_mixin.py:188} INFO - [2024-06-06T14:23:54.444+0000] {dag.py:3118} INFO - Creating ORM DAG for dataset_produces_1
[2024-06-06T14:23:54.448+0000] {logging_mixin.py:188} INFO - [2024-06-06T14:23:54.448+0000] {dag.py:3118} INFO - Creating ORM DAG for consume_1_and_2_with_dataset_expressions
[2024-06-06T14:23:54.453+0000] {logging_mixin.py:188} INFO - [2024-06-06T14:23:54.450+0000] {dag.py:3118} INFO - Creating ORM DAG for consume_1_or_2_with_dataset_expressions
[2024-06-06T14:23:54.456+0000] {logging_mixin.py:188} INFO - [2024-06-06T14:23:54.456+0000] {dag.py:3118} INFO - Creating ORM DAG for dataset_consumes_1_never_scheduled
[2024-06-06T14:23:54.459+0000] {logging_mixin.py:188} INFO - [2024-06-06T14:23:54.458+0000] {dag.py:3118} INFO - Creating ORM DAG for dataset_consumes_1_and_2
[2024-06-06T14:23:54.463+0000] {logging_mixin.py:188} INFO - [2024-06-06T14:23:54.462+0000] {dag.py:3118} INFO - Creating ORM DAG for dataset_consumes_unknown_never_scheduled
[2024-06-06T14:23:54.538+0000] {logging_mixin.py:188} INFO - [2024-06-06T14:23:54.537+0000] {dag.py:3954} INFO - Setting next_dagrun for conditional_dataset_and_time_based_timetable to 2024-06-05 01:00:00+00:00, run_after=2024-06-05 01:00:00+00:00
[2024-06-06T14:23:54.540+0000] {logging_mixin.py:188} INFO - [2024-06-06T14:23:54.539+0000] {dag.py:3954} INFO - Setting next_dagrun for consume_1_and_2_with_dataset_expressions to None, run_after=None
[2024-06-06T14:23:54.541+0000] {logging_mixin.py:188} INFO - [2024-06-06T14:23:54.540+0000] {dag.py:3954} INFO - Setting next_dagrun for consume_1_or_2_with_dataset_expressions to None, run_after=None
[2024-06-06T14:23:54.541+0000] {logging_mixin.py:188} INFO - [2024-06-06T14:23:54.541+0000] {dag.py:3954} INFO - Setting next_dagrun for consume_1_or_both_2_and_3_with_dataset_expressions to None, run_after=None
[2024-06-06T14:23:54.542+0000] {logging_mixin.py:188} INFO - [2024-06-06T14:23:54.542+0000] {dag.py:3954} INFO - Setting next_dagrun for dataset_consumes_1 to None, run_after=None
[2024-06-06T14:23:54.543+0000] {logging_mixin.py:188} INFO - [2024-06-06T14:23:54.543+0000] {dag.py:3954} INFO - Setting next_dagrun for dataset_consumes_1_and_2 to None, run_after=None
[2024-06-06T14:23:54.544+0000] {logging_mixin.py:188} INFO - [2024-06-06T14:23:54.544+0000] {dag.py:3954} INFO - Setting next_dagrun for dataset_consumes_1_never_scheduled to None, run_after=None
[2024-06-06T14:23:54.545+0000] {logging_mixin.py:188} INFO - [2024-06-06T14:23:54.545+0000] {dag.py:3954} INFO - Setting next_dagrun for dataset_consumes_unknown_never_scheduled to None, run_after=None
[2024-06-06T14:23:54.549+0000] {logging_mixin.py:188} INFO - [2024-06-06T14:23:54.548+0000] {dag.py:3954} INFO - Setting next_dagrun for dataset_produces_1 to 2024-06-05 00:00:00+00:00, run_after=2024-06-06 00:00:00+00:00
[2024-06-06T14:23:54.550+0000] {logging_mixin.py:188} INFO - [2024-06-06T14:23:54.549+0000] {dag.py:3954} INFO - Setting next_dagrun for dataset_produces_2 to None, run_after=None
[2024-06-06T14:23:54.697+0000] {processor.py:183} INFO - Processing /home/denys/workspace/de-projects/customer_churn/venv/lib/python3.12/site-packages/airflow/example_dags/example_datasets.py took 2.987 seconds
