[2024-06-06T14:22:48.448+0000] {processor.py:161} INFO - Started process (PID=36396) to work on /home/denys/workspace/de-projects/customer_churn/venv/lib/python3.12/site-packages/airflow/example_dags/example_xcomargs.py
[2024-06-06T14:22:48.457+0000] {processor.py:830} INFO - Processing file /home/denys/workspace/de-projects/customer_churn/venv/lib/python3.12/site-packages/airflow/example_dags/example_xcomargs.py for tasks to queue
[2024-06-06T14:22:48.481+0000] {logging_mixin.py:188} INFO - [2024-06-06T14:22:48.474+0000] {dagbag.py:545} INFO - Filling up the DagBag from /home/denys/workspace/de-projects/customer_churn/venv/lib/python3.12/site-packages/airflow/example_dags/example_xcomargs.py
[2024-06-06T14:22:48.546+0000] {processor.py:840} INFO - DAG(s) 'example_xcom_args', 'example_xcom_args_with_operators' retrieved from /home/denys/workspace/de-projects/customer_churn/venv/lib/python3.12/site-packages/airflow/example_dags/example_xcomargs.py
[2024-06-06T14:22:50.146+0000] {logging_mixin.py:188} INFO - [2024-06-06T14:22:50.145+0000] {override.py:1829} INFO - Created Permission View: can edit on DAG:example_xcom_args
[2024-06-06T14:22:50.205+0000] {logging_mixin.py:188} INFO - [2024-06-06T14:22:50.204+0000] {override.py:1829} INFO - Created Permission View: can read on DAG:example_xcom_args
[2024-06-06T14:22:50.999+0000] {logging_mixin.py:188} INFO - [2024-06-06T14:22:50.999+0000] {override.py:1829} INFO - Created Permission View: can delete on DAG:example_xcom_args
[2024-06-06T14:22:51.173+0000] {logging_mixin.py:188} INFO - [2024-06-06T14:22:51.172+0000] {override.py:1829} INFO - Created Permission View: can edit on DAG:example_xcom_args_with_operators
[2024-06-06T14:22:51.410+0000] {logging_mixin.py:188} INFO - [2024-06-06T14:22:51.410+0000] {override.py:1829} INFO - Created Permission View: can read on DAG:example_xcom_args_with_operators
[2024-06-06T14:22:51.462+0000] {logging_mixin.py:188} INFO - [2024-06-06T14:22:51.461+0000] {override.py:1829} INFO - Created Permission View: can delete on DAG:example_xcom_args_with_operators
[2024-06-06T14:22:51.463+0000] {logging_mixin.py:188} INFO - [2024-06-06T14:22:51.463+0000] {dag.py:3096} INFO - Sync 2 DAGs
[2024-06-06T14:22:51.492+0000] {logging_mixin.py:188} INFO - [2024-06-06T14:22:51.492+0000] {dag.py:3118} INFO - Creating ORM DAG for example_xcom_args_with_operators
[2024-06-06T14:22:51.494+0000] {logging_mixin.py:188} INFO - [2024-06-06T14:22:51.493+0000] {dag.py:3118} INFO - Creating ORM DAG for example_xcom_args
[2024-06-06T14:22:51.496+0000] {logging_mixin.py:188} INFO - [2024-06-06T14:22:51.495+0000] {dag.py:3954} INFO - Setting next_dagrun for example_xcom_args to None, run_after=None
[2024-06-06T14:22:51.497+0000] {logging_mixin.py:188} INFO - [2024-06-06T14:22:51.497+0000] {dag.py:3954} INFO - Setting next_dagrun for example_xcom_args_with_operators to None, run_after=None
[2024-06-06T14:22:51.599+0000] {processor.py:183} INFO - Processing /home/denys/workspace/de-projects/customer_churn/venv/lib/python3.12/site-packages/airflow/example_dags/example_xcomargs.py took 3.228 seconds
[2024-06-06T14:24:17.122+0000] {processor.py:161} INFO - Started process (PID=37451) to work on /home/denys/workspace/de-projects/customer_churn/venv/lib/python3.12/site-packages/airflow/example_dags/example_xcomargs.py
[2024-06-06T14:24:17.130+0000] {processor.py:830} INFO - Processing file /home/denys/workspace/de-projects/customer_churn/venv/lib/python3.12/site-packages/airflow/example_dags/example_xcomargs.py for tasks to queue
[2024-06-06T14:24:17.149+0000] {logging_mixin.py:188} INFO - [2024-06-06T14:24:17.143+0000] {dagbag.py:545} INFO - Filling up the DagBag from /home/denys/workspace/de-projects/customer_churn/venv/lib/python3.12/site-packages/airflow/example_dags/example_xcomargs.py
[2024-06-06T14:24:17.192+0000] {processor.py:840} INFO - DAG(s) 'example_xcom_args_with_operators', 'example_xcom_args' retrieved from /home/denys/workspace/de-projects/customer_churn/venv/lib/python3.12/site-packages/airflow/example_dags/example_xcomargs.py
[2024-06-06T14:24:17.261+0000] {logging_mixin.py:188} INFO - [2024-06-06T14:24:17.260+0000] {dag.py:3096} INFO - Sync 2 DAGs
[2024-06-06T14:24:17.307+0000] {logging_mixin.py:188} INFO - [2024-06-06T14:24:17.306+0000] {dag.py:3954} INFO - Setting next_dagrun for example_xcom_args to None, run_after=None
[2024-06-06T14:24:17.319+0000] {logging_mixin.py:188} INFO - [2024-06-06T14:24:17.319+0000] {dag.py:3954} INFO - Setting next_dagrun for example_xcom_args_with_operators to None, run_after=None
[2024-06-06T14:24:17.412+0000] {processor.py:183} INFO - Processing /home/denys/workspace/de-projects/customer_churn/venv/lib/python3.12/site-packages/airflow/example_dags/example_xcomargs.py took 0.309 seconds
