[2024-06-06T14:22:52.138+0000] {processor.py:161} INFO - Started process (PID=36420) to work on /home/denys/workspace/de-projects/customer_churn/venv/lib/python3.12/site-packages/airflow/example_dags/example_subdag_operator.py
[2024-06-06T14:22:52.140+0000] {processor.py:830} INFO - Processing file /home/denys/workspace/de-projects/customer_churn/venv/lib/python3.12/site-packages/airflow/example_dags/example_subdag_operator.py for tasks to queue
[2024-06-06T14:22:52.146+0000] {logging_mixin.py:188} INFO - [2024-06-06T14:22:52.145+0000] {dagbag.py:545} INFO - Filling up the DagBag from /home/denys/workspace/de-projects/customer_churn/venv/lib/python3.12/site-packages/airflow/example_dags/example_subdag_operator.py
[2024-06-06T14:22:52.177+0000] {processor.py:840} INFO - DAG(s) 'example_subdag_operator.section-1', 'example_subdag_operator.section-2', 'example_subdag_operator' retrieved from /home/denys/workspace/de-projects/customer_churn/venv/lib/python3.12/site-packages/airflow/example_dags/example_subdag_operator.py
[2024-06-06T14:22:52.641+0000] {logging_mixin.py:188} INFO - [2024-06-06T14:22:52.632+0000] {override.py:1829} INFO - Created Permission View: can edit on DAG:example_subdag_operator
[2024-06-06T14:22:53.292+0000] {logging_mixin.py:188} INFO - [2024-06-06T14:22:53.290+0000] {override.py:1829} INFO - Created Permission View: can read on DAG:example_subdag_operator
[2024-06-06T14:22:53.589+0000] {logging_mixin.py:188} INFO - [2024-06-06T14:22:53.588+0000] {override.py:1829} INFO - Created Permission View: can delete on DAG:example_subdag_operator
[2024-06-06T14:22:53.589+0000] {logging_mixin.py:188} INFO - [2024-06-06T14:22:53.589+0000] {dag.py:3096} INFO - Sync 3 DAGs
[2024-06-06T14:22:53.697+0000] {logging_mixin.py:188} INFO - [2024-06-06T14:22:53.696+0000] {dag.py:3118} INFO - Creating ORM DAG for example_subdag_operator.section-1
[2024-06-06T14:22:53.699+0000] {logging_mixin.py:188} INFO - [2024-06-06T14:22:53.698+0000] {dag.py:3118} INFO - Creating ORM DAG for example_subdag_operator
[2024-06-06T14:22:53.701+0000] {logging_mixin.py:188} INFO - [2024-06-06T14:22:53.700+0000] {dag.py:3118} INFO - Creating ORM DAG for example_subdag_operator.section-2
[2024-06-06T14:22:53.807+0000] {logging_mixin.py:188} INFO - [2024-06-06T14:22:53.807+0000] {dag.py:3954} INFO - Setting next_dagrun for example_subdag_operator to 2022-01-01 00:00:00+00:00, run_after=2022-01-01 00:00:00+00:00
[2024-06-06T14:22:53.809+0000] {logging_mixin.py:188} INFO - [2024-06-06T14:22:53.808+0000] {dag.py:3954} INFO - Setting next_dagrun for example_subdag_operator.section-1 to None, run_after=None
[2024-06-06T14:22:53.824+0000] {logging_mixin.py:188} INFO - [2024-06-06T14:22:53.813+0000] {dag.py:3954} INFO - Setting next_dagrun for example_subdag_operator.section-2 to None, run_after=None
[2024-06-06T14:22:55.243+0000] {logging_mixin.py:188} INFO - [2024-06-06T14:22:55.243+0000] {dag.py:3096} INFO - Sync 2 DAGs
[2024-06-06T14:22:55.271+0000] {logging_mixin.py:188} INFO - [2024-06-06T14:22:55.270+0000] {dag.py:3954} INFO - Setting next_dagrun for example_subdag_operator.section-1 to None, run_after=None
[2024-06-06T14:22:55.282+0000] {logging_mixin.py:188} INFO - [2024-06-06T14:22:55.281+0000] {dag.py:3954} INFO - Setting next_dagrun for example_subdag_operator.section-2 to None, run_after=None
[2024-06-06T14:22:55.390+0000] {processor.py:183} INFO - Processing /home/denys/workspace/de-projects/customer_churn/venv/lib/python3.12/site-packages/airflow/example_dags/example_subdag_operator.py took 3.266 seconds
[2024-06-06T14:24:18.742+0000] {processor.py:161} INFO - Started process (PID=37480) to work on /home/denys/workspace/de-projects/customer_churn/venv/lib/python3.12/site-packages/airflow/example_dags/example_subdag_operator.py
[2024-06-06T14:24:18.756+0000] {processor.py:830} INFO - Processing file /home/denys/workspace/de-projects/customer_churn/venv/lib/python3.12/site-packages/airflow/example_dags/example_subdag_operator.py for tasks to queue
[2024-06-06T14:24:18.776+0000] {logging_mixin.py:188} INFO - [2024-06-06T14:24:18.774+0000] {dagbag.py:545} INFO - Filling up the DagBag from /home/denys/workspace/de-projects/customer_churn/venv/lib/python3.12/site-packages/airflow/example_dags/example_subdag_operator.py
[2024-06-06T14:24:18.920+0000] {processor.py:840} INFO - DAG(s) 'example_subdag_operator.section-1', 'example_subdag_operator.section-2', 'example_subdag_operator' retrieved from /home/denys/workspace/de-projects/customer_churn/venv/lib/python3.12/site-packages/airflow/example_dags/example_subdag_operator.py
[2024-06-06T14:24:18.990+0000] {logging_mixin.py:188} INFO - [2024-06-06T14:24:18.989+0000] {dag.py:3096} INFO - Sync 3 DAGs
[2024-06-06T14:24:19.086+0000] {logging_mixin.py:188} INFO - [2024-06-06T14:24:19.059+0000] {dag.py:3954} INFO - Setting next_dagrun for example_subdag_operator to 2022-01-01 00:00:00+00:00, run_after=2022-01-01 00:00:00+00:00
[2024-06-06T14:24:19.111+0000] {logging_mixin.py:188} INFO - [2024-06-06T14:24:19.110+0000] {dag.py:3954} INFO - Setting next_dagrun for example_subdag_operator.section-1 to None, run_after=None
[2024-06-06T14:24:19.116+0000] {logging_mixin.py:188} INFO - [2024-06-06T14:24:19.113+0000] {dag.py:3954} INFO - Setting next_dagrun for example_subdag_operator.section-2 to None, run_after=None
[2024-06-06T14:24:19.155+0000] {logging_mixin.py:188} INFO - [2024-06-06T14:24:19.154+0000] {dag.py:3096} INFO - Sync 2 DAGs
[2024-06-06T14:24:19.159+0000] {logging_mixin.py:188} INFO - [2024-06-06T14:24:19.159+0000] {dag.py:3954} INFO - Setting next_dagrun for example_subdag_operator.section-1 to None, run_after=None
[2024-06-06T14:24:19.160+0000] {logging_mixin.py:188} INFO - [2024-06-06T14:24:19.159+0000] {dag.py:3954} INFO - Setting next_dagrun for example_subdag_operator.section-2 to None, run_after=None
[2024-06-06T14:24:19.234+0000] {processor.py:183} INFO - Processing /home/denys/workspace/de-projects/customer_churn/venv/lib/python3.12/site-packages/airflow/example_dags/example_subdag_operator.py took 0.539 seconds
