[2024-05-23T10:51:13.891+0000] {local_task_job_runner.py:120} INFO - ::group::Pre task execution logs
[2024-05-23T10:51:13.947+0000] {taskinstance.py:2076} INFO - Dependencies all met for dep_context=non-requeueable deps ti=<TaskInstance: weather_dag_parallel.group_a.upload_S3_to_postgres manual__2024-05-23T10:50:09.679421+00:00 [queued]>
[2024-05-23T10:51:13.968+0000] {taskinstance.py:2076} INFO - Dependencies all met for dep_context=requeueable deps ti=<TaskInstance: weather_dag_parallel.group_a.upload_S3_to_postgres manual__2024-05-23T10:50:09.679421+00:00 [queued]>
[2024-05-23T10:51:13.970+0000] {taskinstance.py:2306} INFO - Starting attempt 1 of 3
[2024-05-23T10:51:14.052+0000] {taskinstance.py:2330} INFO - Executing <Task(PostgresOperator): group_a.upload_S3_to_postgres> on 2024-05-23 10:50:09.679421+00:00
[2024-05-23T10:51:14.064+0000] {standard_task_runner.py:63} INFO - Started process 79858 to run task
[2024-05-23T10:51:14.077+0000] {standard_task_runner.py:90} INFO - Running: ['airflow', 'tasks', 'run', 'weather_dag_parallel', 'group_a.upload_S3_to_postgres', 'manual__2024-05-23T10:50:09.679421+00:00', '--job-id', '182', '--raw', '--subdir', 'DAGS_FOLDER/weatherapi_dag.py', '--cfg-path', '/tmp/tmpgzfvaxdy']
[2024-05-23T10:51:14.082+0000] {standard_task_runner.py:91} INFO - Job 182: Subtask group_a.upload_S3_to_postgres
[2024-05-23T10:51:14.163+0000] {task_command.py:426} INFO - Running <TaskInstance: weather_dag_parallel.group_a.upload_S3_to_postgres manual__2024-05-23T10:50:09.679421+00:00 [running]> on host ubuntu2204
[2024-05-23T10:51:14.442+0000] {taskinstance.py:2648} INFO - Exporting env vars: AIRFLOW_CTX_DAG_EMAIL='test@gmail.com' AIRFLOW_CTX_DAG_OWNER='airflow' AIRFLOW_CTX_DAG_ID='weather_dag_parallel' AIRFLOW_CTX_TASK_ID='group_a.upload_S3_to_postgres' AIRFLOW_CTX_EXECUTION_DATE='2024-05-23T10:50:09.679421+00:00' AIRFLOW_CTX_TRY_NUMBER='1' AIRFLOW_CTX_DAG_RUN_ID='manual__2024-05-23T10:50:09.679421+00:00'
[2024-05-23T10:51:14.452+0000] {taskinstance.py:430} INFO - ::endgroup::
[2024-05-23T10:51:14.500+0000] {sql.py:276} INFO - Executing:  SELECT aws_s3.table_import_from_s3('city_look_up', '', '(format csv, DELIMITER '','', HEADER true)', 'mybucketfordeveloping', 'us_city.csv', 'eu-north-1'); 
[2024-05-23T10:51:14.516+0000] {base.py:84} INFO - Using connection ID '***_conn' for task execution.
[2024-05-23T10:51:14.582+0000] {base.py:84} INFO - Using connection ID '***_conn' for task execution.
[2024-05-23T10:51:14.992+0000] {sql.py:486} INFO - Running statement:  SELECT aws_s3.table_import_from_s3('city_look_up', '', '(format csv, DELIMITER '','', HEADER true)', 'mybucketfordeveloping', 'us_city.csv', 'eu-north-1'); , parameters: None
[2024-05-23T10:51:21.194+0000] {sql.py:495} INFO - Rows affected: 1
[2024-05-23T10:51:21.243+0000] {taskinstance.py:441} INFO - ::group::Post task execution logs
[2024-05-23T10:51:21.307+0000] {taskinstance.py:1206} INFO - Marking task as SUCCESS. dag_id=weather_dag_parallel, task_id=group_a.upload_S3_to_***, run_id=manual__2024-05-23T10:50:09.679421+00:00, execution_date=20240523T105009, start_date=20240523T105113, end_date=20240523T105121
[2024-05-23T10:51:21.397+0000] {local_task_job_runner.py:240} INFO - Task exited with return code 0
[2024-05-23T10:51:21.414+0000] {logging_mixin.py:188} WARNING - /home/denys/airflow_venv/lib/python3.12/site-packages/airflow/models/baseoperator.py:1296 AirflowProviderDeprecationWarning: Call to deprecated class PostgresOperator. (Please use `airflow.providers.common.sql.operators.sql.SQLExecuteQueryOperator`.Also, you can provide `hook_params={'schema': <database>}`.)
[2024-05-23T10:51:21.428+0000] {taskinstance.py:3498} INFO - 0 downstream tasks scheduled from follow-on schedule check
[2024-05-23T10:51:21.430+0000] {local_task_job_runner.py:222} INFO - ::endgroup::
