[2024-05-09T10:53:00.105+0000] {local_task_job_runner.py:120} INFO - ::group::Pre task execution logs
[2024-05-09T10:53:00.123+0000] {taskinstance.py:2076} INFO - Dependencies all met for dep_context=non-requeueable deps ti=<TaskInstance: weather_dag.extract_weather_data manual__2024-05-09T10:52:41.602478+00:00 [queued]>
[2024-05-09T10:53:00.133+0000] {taskinstance.py:2076} INFO - Dependencies all met for dep_context=requeueable deps ti=<TaskInstance: weather_dag.extract_weather_data manual__2024-05-09T10:52:41.602478+00:00 [queued]>
[2024-05-09T10:53:00.134+0000] {taskinstance.py:2306} INFO - Starting attempt 1 of 3
[2024-05-09T10:53:00.188+0000] {taskinstance.py:2330} INFO - Executing <Task(SimpleHttpOperator): extract_weather_data> on 2024-05-09 10:52:41.602478+00:00
[2024-05-09T10:53:00.229+0000] {standard_task_runner.py:63} INFO - Started process 95573 to run task
[2024-05-09T10:53:00.236+0000] {standard_task_runner.py:90} INFO - Running: ['airflow', 'tasks', 'run', 'weather_dag', 'extract_weather_data', 'manual__2024-05-09T10:52:41.602478+00:00', '--job-id', '36', '--raw', '--subdir', 'DAGS_FOLDER/weather_dag.py', '--cfg-path', '/tmp/tmpyp5ukz3c']
[2024-05-09T10:53:00.237+0000] {standard_task_runner.py:91} INFO - Job 36: Subtask extract_weather_data
[2024-05-09T10:53:00.433+0000] {task_command.py:426} INFO - Running <TaskInstance: weather_dag.extract_weather_data manual__2024-05-09T10:52:41.602478+00:00 [running]> on host ubuntu2204
[2024-05-09T10:53:00.727+0000] {taskinstance.py:2648} INFO - Exporting env vars: AIRFLOW_CTX_DAG_EMAIL='test@gmail.com' AIRFLOW_CTX_DAG_OWNER='airflow' AIRFLOW_CTX_DAG_ID='weather_dag' AIRFLOW_CTX_TASK_ID='extract_weather_data' AIRFLOW_CTX_EXECUTION_DATE='2024-05-09T10:52:41.602478+00:00' AIRFLOW_CTX_TRY_NUMBER='1' AIRFLOW_CTX_DAG_RUN_ID='manual__2024-05-09T10:52:41.602478+00:00'
[2024-05-09T10:53:00.729+0000] {taskinstance.py:430} INFO - ::endgroup::
[2024-05-09T10:53:00.730+0000] {http.py:169} INFO - Calling HTTP method
[2024-05-09T10:53:00.735+0000] {base.py:84} INFO - Using connection ID 'weathermap_api' for task execution.
[2024-05-09T10:53:00.739+0000] {base.py:84} INFO - Using connection ID 'weathermap_api' for task execution.
[2024-05-09T10:53:01.075+0000] {http.py:208} INFO - {"coord":{"lon":30.5167,"lat":50.4333},"weather":[{"id":803,"main":"Clouds","description":"broken clouds","icon":"04d"}],"base":"stations","main":{"temp":288.55,"feels_like":287.24,"temp_min":287.4,"temp_max":288.55,"pressure":1024,"humidity":42},"visibility":10000,"wind":{"speed":0.89,"deg":73,"gust":1.79},"clouds":{"all":71},"dt":1715251699,"sys":{"type":2,"id":2003742,"country":"UA","sunrise":1715221140,"sunset":1715275786},"timezone":10800,"id":703448,"name":"Kyiv","cod":200}
[2024-05-09T10:53:01.078+0000] {taskinstance.py:441} INFO - ::group::Post task execution logs
[2024-05-09T10:53:01.130+0000] {taskinstance.py:1206} INFO - Marking task as SUCCESS. dag_id=weather_dag, task_id=extract_weather_data, run_id=manual__2024-05-09T10:52:41.602478+00:00, execution_date=20240509T105241, start_date=20240509T105300, end_date=20240509T105301
[2024-05-09T10:53:01.226+0000] {local_task_job_runner.py:240} INFO - Task exited with return code 0
[2024-05-09T10:53:01.262+0000] {logging_mixin.py:188} WARNING - /home/denys/airflow_venv/lib/python3.12/site-packages/airflow/models/baseoperator.py:1296 AirflowProviderDeprecationWarning: Call to deprecated class SimpleHttpOperator. (Class `SimpleHttpOperator` is deprecated and will be removed in a future release. Please use `HttpOperator` instead.)
[2024-05-09T10:53:01.291+0000] {taskinstance.py:3498} INFO - 1 downstream tasks scheduled from follow-on schedule check
[2024-05-09T10:53:01.330+0000] {local_task_job_runner.py:222} INFO - ::endgroup::
