[2024-05-23T08:08:34.059+0000] {local_task_job_runner.py:120} INFO - ::group::Pre task execution logs
[2024-05-23T08:08:34.076+0000] {taskinstance.py:2076} INFO - Dependencies all met for dep_context=non-requeueable deps ti=<TaskInstance: weather_dag_parallel.group_a.task_create_table_1 scheduled__2024-05-22T00:00:00+00:00 [queued]>
[2024-05-23T08:08:34.087+0000] {taskinstance.py:2076} INFO - Dependencies all met for dep_context=requeueable deps ti=<TaskInstance: weather_dag_parallel.group_a.task_create_table_1 scheduled__2024-05-22T00:00:00+00:00 [queued]>
[2024-05-23T08:08:34.089+0000] {taskinstance.py:2306} INFO - Starting attempt 1 of 3
[2024-05-23T08:08:34.127+0000] {taskinstance.py:2330} INFO - Executing <Task(PostgresOperator): group_a.task_create_table_1> on 2024-05-22 00:00:00+00:00
[2024-05-23T08:08:34.134+0000] {standard_task_runner.py:63} INFO - Started process 3159 to run task
[2024-05-23T08:08:34.138+0000] {standard_task_runner.py:90} INFO - Running: ['airflow', 'tasks', 'run', 'weather_dag_parallel', 'group_a.task_create_table_1', 'scheduled__2024-05-22T00:00:00+00:00', '--job-id', '78', '--raw', '--subdir', 'DAGS_FOLDER/weatherapi_dag.py', '--cfg-path', '/tmp/tmpfg1apbbr']
[2024-05-23T08:08:34.142+0000] {standard_task_runner.py:91} INFO - Job 78: Subtask group_a.task_create_table_1
[2024-05-23T08:08:34.208+0000] {task_command.py:426} INFO - Running <TaskInstance: weather_dag_parallel.group_a.task_create_table_1 scheduled__2024-05-22T00:00:00+00:00 [running]> on host ubuntu2204
[2024-05-23T08:08:34.344+0000] {taskinstance.py:2648} INFO - Exporting env vars: AIRFLOW_CTX_DAG_EMAIL='test@gmail.com' AIRFLOW_CTX_DAG_OWNER='airflow' AIRFLOW_CTX_DAG_ID='weather_dag_parallel' AIRFLOW_CTX_TASK_ID='group_a.task_create_table_1' AIRFLOW_CTX_EXECUTION_DATE='2024-05-22T00:00:00+00:00' AIRFLOW_CTX_TRY_NUMBER='1' AIRFLOW_CTX_DAG_RUN_ID='scheduled__2024-05-22T00:00:00+00:00'
[2024-05-23T08:08:34.357+0000] {taskinstance.py:430} INFO - ::endgroup::
[2024-05-23T08:08:34.392+0000] {sql.py:276} INFO - Executing: 
                CREATE TABLE IF NOT EXISTS city_look_up (
                    city text NOT NULL,
                    state text NOT NULL,
                    census_2020 numeric NOT NULL,
                    land_Area_sq_mile_2020 numeric NOT NULL
                );
            
[2024-05-23T08:08:34.418+0000] {base.py:84} INFO - Using connection ID '***_conn' for task execution.
[2024-05-23T08:08:34.510+0000] {base.py:84} INFO - Using connection ID '***_conn' for task execution.
[2024-05-23T08:08:34.912+0000] {sql.py:486} INFO - Running statement: 
                CREATE TABLE IF NOT EXISTS city_look_up (
                    city text NOT NULL,
                    state text NOT NULL,
                    census_2020 numeric NOT NULL,
                    land_Area_sq_mile_2020 numeric NOT NULL
                );
            , parameters: None
[2024-05-23T08:08:35.045+0000] {taskinstance.py:441} INFO - ::group::Post task execution logs
[2024-05-23T08:08:35.072+0000] {taskinstance.py:1206} INFO - Marking task as SUCCESS. dag_id=weather_dag_parallel, task_id=group_a.task_create_table_1, run_id=scheduled__2024-05-22T00:00:00+00:00, execution_date=20240522T000000, start_date=20240523T080834, end_date=20240523T080835
[2024-05-23T08:08:35.180+0000] {local_task_job_runner.py:240} INFO - Task exited with return code 0
[2024-05-23T08:08:35.220+0000] {logging_mixin.py:188} WARNING - /home/denys/airflow_venv/lib/python3.12/site-packages/airflow/models/baseoperator.py:1296 AirflowProviderDeprecationWarning: Call to deprecated class PostgresOperator. (Please use `airflow.providers.common.sql.operators.sql.SQLExecuteQueryOperator`.Also, you can provide `hook_params={'schema': <database>}`.)
[2024-05-23T08:08:35.275+0000] {taskinstance.py:3498} INFO - 1 downstream tasks scheduled from follow-on schedule check
[2024-05-23T08:08:35.319+0000] {local_task_job_runner.py:222} INFO - ::endgroup::
