[2024-05-23T09:39:57.109+0000] {local_task_job_runner.py:120} INFO - ::group::Pre task execution logs
[2024-05-23T09:39:57.269+0000] {taskinstance.py:2076} INFO - Dependencies all met for dep_context=non-requeueable deps ti=<TaskInstance: weather_dag_parallel.group_a.extract_weather_data manual__2024-05-23T09:02:18.822413+00:00 [queued]>
[2024-05-23T09:39:57.289+0000] {taskinstance.py:2076} INFO - Dependencies all met for dep_context=requeueable deps ti=<TaskInstance: weather_dag_parallel.group_a.extract_weather_data manual__2024-05-23T09:02:18.822413+00:00 [queued]>
[2024-05-23T09:39:57.293+0000] {taskinstance.py:2306} INFO - Starting attempt 3 of 5
[2024-05-23T09:39:57.433+0000] {taskinstance.py:2330} INFO - Executing <Task(SimpleHttpOperator): group_a.extract_weather_data> on 2024-05-23 09:02:18.822413+00:00
[2024-05-23T09:39:57.442+0000] {standard_task_runner.py:63} INFO - Started process 53931 to run task
[2024-05-23T09:39:57.447+0000] {standard_task_runner.py:90} INFO - Running: ['airflow', 'tasks', 'run', 'weather_dag_parallel', 'group_a.extract_weather_data', 'manual__2024-05-23T09:02:18.822413+00:00', '--job-id', '150', '--raw', '--subdir', 'DAGS_FOLDER/weatherapi_dag.py', '--cfg-path', '/tmp/tmp_xewqxbv']
[2024-05-23T09:39:57.456+0000] {standard_task_runner.py:91} INFO - Job 150: Subtask group_a.extract_weather_data
[2024-05-23T09:39:57.613+0000] {task_command.py:426} INFO - Running <TaskInstance: weather_dag_parallel.group_a.extract_weather_data manual__2024-05-23T09:02:18.822413+00:00 [running]> on host ubuntu2204
[2024-05-23T09:39:57.881+0000] {taskinstance.py:2648} INFO - Exporting env vars: AIRFLOW_CTX_DAG_EMAIL='test@gmail.com' AIRFLOW_CTX_DAG_OWNER='airflow' AIRFLOW_CTX_DAG_ID='weather_dag_parallel' AIRFLOW_CTX_TASK_ID='group_a.extract_weather_data' AIRFLOW_CTX_EXECUTION_DATE='2024-05-23T09:02:18.822413+00:00' AIRFLOW_CTX_TRY_NUMBER='3' AIRFLOW_CTX_DAG_RUN_ID='manual__2024-05-23T09:02:18.822413+00:00'
[2024-05-23T09:39:57.890+0000] {taskinstance.py:430} INFO - ::endgroup::
[2024-05-23T09:39:57.966+0000] {http.py:169} INFO - Calling HTTP method
[2024-05-23T09:39:57.988+0000] {base.py:84} INFO - Using connection ID 'weathermap_api' for task execution.
[2024-05-23T09:39:58.054+0000] {base.py:84} INFO - Using connection ID 'weathermap_api' for task execution.
[2024-05-23T09:39:58.426+0000] {http.py:208} INFO - {"coord":{"lon":30.5167,"lat":50.4333},"weather":[{"id":801,"main":"Clouds","description":"few clouds","icon":"02d"}],"base":"stations","main":{"temp":297.37,"feels_like":297.02,"temp_min":297.37,"temp_max":297.37,"pressure":1019,"humidity":45,"sea_level":1019,"grnd_level":1003},"visibility":10000,"wind":{"speed":4.46,"deg":90,"gust":5.49},"clouds":{"all":21},"dt":1716456532,"sys":{"country":"UA","sunrise":1716429602,"sunset":1716486581},"timezone":10800,"id":703448,"name":"Kyiv","cod":200}
[2024-05-23T09:39:58.443+0000] {taskinstance.py:441} INFO - ::group::Post task execution logs
[2024-05-23T09:39:58.545+0000] {taskinstance.py:1206} INFO - Marking task as SUCCESS. dag_id=weather_dag_parallel, task_id=group_a.extract_weather_data, run_id=manual__2024-05-23T09:02:18.822413+00:00, execution_date=20240523T090218, start_date=20240523T093957, end_date=20240523T093958
[2024-05-23T09:39:58.650+0000] {local_task_job_runner.py:240} INFO - Task exited with return code 0
[2024-05-23T09:39:58.694+0000] {logging_mixin.py:188} WARNING - /home/denys/airflow_venv/lib/python3.12/site-packages/airflow/models/baseoperator.py:1296 AirflowProviderDeprecationWarning: Call to deprecated class SimpleHttpOperator. (Class `SimpleHttpOperator` is deprecated and will be removed in a future release. Please use `HttpOperator` instead.)
[2024-05-23T09:39:58.759+0000] {taskinstance.py:3498} INFO - 1 downstream tasks scheduled from follow-on schedule check
[2024-05-23T09:39:58.797+0000] {local_task_job_runner.py:222} INFO - ::endgroup::
